[2025-10-03T08:42:19.410+0000] {local_task_job_runner.py:120} INFO - ::group::Pre task execution logs
[2025-10-03T08:42:19.448+0000] {taskinstance.py:2076} INFO - Dependencies all met for dep_context=non-requeueable deps ti=<TaskInstance: Airflow_Depi.generate_random manual__2025-10-03T08:42:00.405973+00:00 [queued]>
[2025-10-03T08:42:19.461+0000] {taskinstance.py:2076} INFO - Dependencies all met for dep_context=requeueable deps ti=<TaskInstance: Airflow_Depi.generate_random manual__2025-10-03T08:42:00.405973+00:00 [queued]>
[2025-10-03T08:42:19.469+0000] {taskinstance.py:2306} INFO - Starting attempt 1 of 1
[2025-10-03T08:42:19.501+0000] {taskinstance.py:2330} INFO - Executing <Task(PythonOperator): generate_random> on 2025-10-03 08:42:00.405973+00:00
[2025-10-03T08:42:19.520+0000] {warnings.py:112} WARNING - /home/***/.local/lib/python3.12/site-packages/***/task/task_runner/standard_task_runner.py:61: DeprecationWarning: This process (pid=171) is multi-threaded, use of fork() may lead to deadlocks in the child.
  pid = os.fork()

[2025-10-03T08:42:19.523+0000] {standard_task_runner.py:63} INFO - Started process 184 to run task
[2025-10-03T08:42:19.524+0000] {standard_task_runner.py:90} INFO - Running: ['***', 'tasks', 'run', 'Airflow_Depi', 'generate_random', 'manual__2025-10-03T08:42:00.405973+00:00', '--job-id', '72', '--raw', '--subdir', 'DAGS_FOLDER/Airflow_Depi.py', '--cfg-path', '/tmp/tmp8_v1mrn9']
[2025-10-03T08:42:19.529+0000] {standard_task_runner.py:91} INFO - Job 72: Subtask generate_random
[2025-10-03T08:42:19.562+0000] {warnings.py:112} WARNING - /home/***/.local/lib/python3.12/site-packages/***/settings.py:195: DeprecationWarning: The sql_alchemy_conn option in [core] has been moved to the sql_alchemy_conn option in [database] - the old setting has been used, but please update your config.
  SQL_ALCHEMY_CONN = conf.get("database", "SQL_ALCHEMY_CONN")

[2025-10-03T08:42:19.671+0000] {task_command.py:426} INFO - Running <TaskInstance: Airflow_Depi.generate_random manual__2025-10-03T08:42:00.405973+00:00 [running]> on host 75d72fd7eefe
[2025-10-03T08:42:19.943+0000] {taskinstance.py:2648} INFO - Exporting env vars: AIRFLOW_CTX_DAG_OWNER='***' AIRFLOW_CTX_DAG_ID='Airflow_Depi' AIRFLOW_CTX_TASK_ID='generate_random' AIRFLOW_CTX_EXECUTION_DATE='2025-10-03T08:42:00.405973+00:00' AIRFLOW_CTX_TRY_NUMBER='1' AIRFLOW_CTX_DAG_RUN_ID='manual__2025-10-03T08:42:00.405973+00:00'
[2025-10-03T08:42:19.947+0000] {taskinstance.py:430} INFO - ::endgroup::
[2025-10-03T08:42:19.949+0000] {logging_mixin.py:188} INFO - Random number 41 saved to /opt/***/random.txt
[2025-10-03T08:42:19.951+0000] {python.py:237} INFO - Done. Returned value was: None
[2025-10-03T08:42:19.952+0000] {taskinstance.py:441} INFO - ::group::Post task execution logs
[2025-10-03T08:42:19.973+0000] {taskinstance.py:1206} INFO - Marking task as SUCCESS. dag_id=Airflow_Depi, task_id=generate_random, run_id=manual__2025-10-03T08:42:00.405973+00:00, execution_date=20251003T084200, start_date=20251003T084219, end_date=20251003T084219
[2025-10-03T08:42:20.026+0000] {local_task_job_runner.py:240} INFO - Task exited with return code 0
[2025-10-03T08:42:20.064+0000] {taskinstance.py:3503} INFO - 0 downstream tasks scheduled from follow-on schedule check
[2025-10-03T08:42:20.068+0000] {local_task_job_runner.py:222} INFO - ::endgroup::
