[2025-10-02T22:55:25.950+0000] {local_task_job_runner.py:120} INFO - ::group::Pre task execution logs
[2025-10-02T22:55:25.981+0000] {taskinstance.py:2076} INFO - Dependencies all met for dep_context=non-requeueable deps ti=<TaskInstance: Airflow_Depi.print_date manual__2025-10-02T22:55:21.010940+00:00 [queued]>
[2025-10-02T22:55:25.990+0000] {taskinstance.py:2076} INFO - Dependencies all met for dep_context=requeueable deps ti=<TaskInstance: Airflow_Depi.print_date manual__2025-10-02T22:55:21.010940+00:00 [queued]>
[2025-10-02T22:55:25.991+0000] {taskinstance.py:2306} INFO - Starting attempt 1 of 1
[2025-10-02T22:55:26.014+0000] {taskinstance.py:2330} INFO - Executing <Task(BashOperator): print_date> on 2025-10-02 22:55:21.010940+00:00
[2025-10-02T22:55:26.024+0000] {warnings.py:112} WARNING - /home/***/.local/lib/python3.12/site-packages/***/task/task_runner/standard_task_runner.py:61: DeprecationWarning: This process (pid=84) is multi-threaded, use of fork() may lead to deadlocks in the child.
  pid = os.fork()

[2025-10-02T22:55:26.027+0000] {standard_task_runner.py:63} INFO - Started process 89 to run task
[2025-10-02T22:55:26.026+0000] {standard_task_runner.py:90} INFO - Running: ['***', 'tasks', 'run', 'Airflow_Depi', 'print_date', 'manual__2025-10-02T22:55:21.010940+00:00', '--job-id', '14', '--raw', '--subdir', 'DAGS_FOLDER/Airflow_Depi.py', '--cfg-path', '/tmp/tmppg7sk77u']
[2025-10-02T22:55:26.031+0000] {standard_task_runner.py:91} INFO - Job 14: Subtask print_date
[2025-10-02T22:55:26.051+0000] {warnings.py:112} WARNING - /home/***/.local/lib/python3.12/site-packages/***/settings.py:195: DeprecationWarning: The sql_alchemy_conn option in [core] has been moved to the sql_alchemy_conn option in [database] - the old setting has been used, but please update your config.
  SQL_ALCHEMY_CONN = conf.get("database", "SQL_ALCHEMY_CONN")

[2025-10-02T22:55:26.122+0000] {task_command.py:426} INFO - Running <TaskInstance: Airflow_Depi.print_date manual__2025-10-02T22:55:21.010940+00:00 [running]> on host 75d72fd7eefe
[2025-10-02T22:55:26.293+0000] {taskinstance.py:2648} INFO - Exporting env vars: AIRFLOW_CTX_DAG_OWNER='***' AIRFLOW_CTX_DAG_ID='Airflow_Depi' AIRFLOW_CTX_TASK_ID='print_date' AIRFLOW_CTX_EXECUTION_DATE='2025-10-02T22:55:21.010940+00:00' AIRFLOW_CTX_TRY_NUMBER='1' AIRFLOW_CTX_DAG_RUN_ID='manual__2025-10-02T22:55:21.010940+00:00'
[2025-10-02T22:55:26.296+0000] {taskinstance.py:430} INFO - ::endgroup::
[2025-10-02T22:55:26.297+0000] {subprocess.py:63} INFO - Tmp dir root location: /tmp
[2025-10-02T22:55:26.299+0000] {subprocess.py:75} INFO - Running command: ['/usr/bin/bash', '-c', 'date']
[2025-10-02T22:55:26.318+0000] {subprocess.py:86} INFO - Output:
[2025-10-02T22:55:26.324+0000] {subprocess.py:93} INFO - Thu Oct  2 22:55:26 UTC 2025
[2025-10-02T22:55:26.325+0000] {subprocess.py:97} INFO - Command exited with return code 0
[2025-10-02T22:55:26.327+0000] {taskinstance.py:441} INFO - ::group::Post task execution logs
[2025-10-02T22:55:26.373+0000] {taskinstance.py:1206} INFO - Marking task as SUCCESS. dag_id=Airflow_Depi, task_id=print_date, run_id=manual__2025-10-02T22:55:21.010940+00:00, execution_date=20251002T225521, start_date=20251002T225525, end_date=20251002T225526
[2025-10-02T22:55:26.448+0000] {local_task_job_runner.py:240} INFO - Task exited with return code 0
[2025-10-02T22:55:26.521+0000] {taskinstance.py:3503} INFO - 0 downstream tasks scheduled from follow-on schedule check
[2025-10-02T22:55:26.524+0000] {local_task_job_runner.py:222} INFO - ::endgroup::
