[2025-10-03T08:42:05.138+0000] {local_task_job_runner.py:120} INFO - ::group::Pre task execution logs
[2025-10-03T08:42:05.214+0000] {taskinstance.py:2076} INFO - Dependencies all met for dep_context=non-requeueable deps ti=<TaskInstance: Airflow_Depi.print_welcome manual__2025-10-03T08:41:52.774517+00:00 [queued]>
[2025-10-03T08:42:05.232+0000] {taskinstance.py:2076} INFO - Dependencies all met for dep_context=requeueable deps ti=<TaskInstance: Airflow_Depi.print_welcome manual__2025-10-03T08:41:52.774517+00:00 [queued]>
[2025-10-03T08:42:05.234+0000] {taskinstance.py:2306} INFO - Starting attempt 1 of 1
[2025-10-03T08:42:05.317+0000] {taskinstance.py:2330} INFO - Executing <Task(PythonOperator): print_welcome> on 2025-10-03 08:41:52.774517+00:00
[2025-10-03T08:42:05.349+0000] {standard_task_runner.py:90} INFO - Running: ['***', 'tasks', 'run', 'Airflow_Depi', 'print_welcome', 'manual__2025-10-03T08:41:52.774517+00:00', '--job-id', '46', '--raw', '--subdir', 'DAGS_FOLDER/Airflow_Depi.py', '--cfg-path', '/tmp/tmpimse1gwf']
[2025-10-03T08:42:05.365+0000] {standard_task_runner.py:91} INFO - Job 46: Subtask print_welcome
[2025-10-03T08:42:05.342+0000] {warnings.py:112} WARNING - /home/***/.local/lib/python3.12/site-packages/***/task/task_runner/standard_task_runner.py:61: DeprecationWarning: This process (pid=92) is multi-threaded, use of fork() may lead to deadlocks in the child.
  pid = os.fork()

[2025-10-03T08:42:05.366+0000] {standard_task_runner.py:63} INFO - Started process 114 to run task
[2025-10-03T08:42:05.411+0000] {warnings.py:112} WARNING - /home/***/.local/lib/python3.12/site-packages/***/settings.py:195: DeprecationWarning: The sql_alchemy_conn option in [core] has been moved to the sql_alchemy_conn option in [database] - the old setting has been used, but please update your config.
  SQL_ALCHEMY_CONN = conf.get("database", "SQL_ALCHEMY_CONN")

[2025-10-03T08:42:05.515+0000] {task_command.py:426} INFO - Running <TaskInstance: Airflow_Depi.print_welcome manual__2025-10-03T08:41:52.774517+00:00 [running]> on host 75d72fd7eefe
[2025-10-03T08:42:05.917+0000] {taskinstance.py:2648} INFO - Exporting env vars: AIRFLOW_CTX_DAG_OWNER='***' AIRFLOW_CTX_DAG_ID='Airflow_Depi' AIRFLOW_CTX_TASK_ID='print_welcome' AIRFLOW_CTX_EXECUTION_DATE='2025-10-03T08:41:52.774517+00:00' AIRFLOW_CTX_TRY_NUMBER='1' AIRFLOW_CTX_DAG_RUN_ID='manual__2025-10-03T08:41:52.774517+00:00'
[2025-10-03T08:42:05.926+0000] {taskinstance.py:430} INFO - ::endgroup::
[2025-10-03T08:42:05.933+0000] {logging_mixin.py:188} INFO - Welcome! My name is Rowan Hussein
[2025-10-03T08:42:05.934+0000] {python.py:237} INFO - Done. Returned value was: None
[2025-10-03T08:42:05.940+0000] {taskinstance.py:441} INFO - ::group::Post task execution logs
[2025-10-03T08:42:05.974+0000] {taskinstance.py:1206} INFO - Marking task as SUCCESS. dag_id=Airflow_Depi, task_id=print_welcome, run_id=manual__2025-10-03T08:41:52.774517+00:00, execution_date=20251003T084152, start_date=20251003T084205, end_date=20251003T084205
[2025-10-03T08:42:06.139+0000] {local_task_job_runner.py:240} INFO - Task exited with return code 0
[2025-10-03T08:42:06.242+0000] {taskinstance.py:3503} INFO - 1 downstream tasks scheduled from follow-on schedule check
[2025-10-03T08:42:06.258+0000] {local_task_job_runner.py:222} INFO - ::endgroup::
