[2025-10-03T08:41:36.828+0000] {local_task_job_runner.py:120} INFO - ::group::Pre task execution logs
[2025-10-03T08:41:36.894+0000] {taskinstance.py:2076} INFO - Dependencies all met for dep_context=non-requeueable deps ti=<TaskInstance: Airflow_Depi.generate_random manual__2025-10-03T08:41:26.679303+00:00 [queued]>
[2025-10-03T08:41:36.916+0000] {taskinstance.py:2076} INFO - Dependencies all met for dep_context=requeueable deps ti=<TaskInstance: Airflow_Depi.generate_random manual__2025-10-03T08:41:26.679303+00:00 [queued]>
[2025-10-03T08:41:36.919+0000] {taskinstance.py:2306} INFO - Starting attempt 1 of 1
[2025-10-03T08:41:36.957+0000] {taskinstance.py:2330} INFO - Executing <Task(PythonOperator): generate_random> on 2025-10-03 08:41:26.679303+00:00
[2025-10-03T08:41:36.975+0000] {warnings.py:112} WARNING - /home/***/.local/lib/python3.12/site-packages/***/task/task_runner/standard_task_runner.py:61: DeprecationWarning: This process (pid=56) is multi-threaded, use of fork() may lead to deadlocks in the child.
  pid = os.fork()

[2025-10-03T08:41:36.980+0000] {standard_task_runner.py:63} INFO - Started process 58 to run task
[2025-10-03T08:41:36.981+0000] {standard_task_runner.py:90} INFO - Running: ['***', 'tasks', 'run', 'Airflow_Depi', 'generate_random', 'manual__2025-10-03T08:41:26.679303+00:00', '--job-id', '36', '--raw', '--subdir', 'DAGS_FOLDER/Airflow_Depi.py', '--cfg-path', '/tmp/tmpgi619iw7']
[2025-10-03T08:41:36.990+0000] {standard_task_runner.py:91} INFO - Job 36: Subtask generate_random
[2025-10-03T08:41:37.072+0000] {warnings.py:112} WARNING - /home/***/.local/lib/python3.12/site-packages/***/settings.py:195: DeprecationWarning: The sql_alchemy_conn option in [core] has been moved to the sql_alchemy_conn option in [database] - the old setting has been used, but please update your config.
  SQL_ALCHEMY_CONN = conf.get("database", "SQL_ALCHEMY_CONN")

[2025-10-03T08:41:37.176+0000] {task_command.py:426} INFO - Running <TaskInstance: Airflow_Depi.generate_random manual__2025-10-03T08:41:26.679303+00:00 [running]> on host 75d72fd7eefe
[2025-10-03T08:41:37.303+0000] {taskinstance.py:2648} INFO - Exporting env vars: AIRFLOW_CTX_DAG_OWNER='***' AIRFLOW_CTX_DAG_ID='Airflow_Depi' AIRFLOW_CTX_TASK_ID='generate_random' AIRFLOW_CTX_EXECUTION_DATE='2025-10-03T08:41:26.679303+00:00' AIRFLOW_CTX_TRY_NUMBER='1' AIRFLOW_CTX_DAG_RUN_ID='manual__2025-10-03T08:41:26.679303+00:00'
[2025-10-03T08:41:37.306+0000] {taskinstance.py:430} INFO - ::endgroup::
[2025-10-03T08:41:37.308+0000] {logging_mixin.py:188} INFO - Random number 61 saved to /opt/***/random.txt
[2025-10-03T08:41:37.308+0000] {python.py:237} INFO - Done. Returned value was: None
[2025-10-03T08:41:37.309+0000] {taskinstance.py:441} INFO - ::group::Post task execution logs
[2025-10-03T08:41:37.319+0000] {taskinstance.py:1206} INFO - Marking task as SUCCESS. dag_id=Airflow_Depi, task_id=generate_random, run_id=manual__2025-10-03T08:41:26.679303+00:00, execution_date=20251003T084126, start_date=20251003T084136, end_date=20251003T084137
[2025-10-03T08:41:37.362+0000] {local_task_job_runner.py:240} INFO - Task exited with return code 0
[2025-10-03T08:41:37.389+0000] {taskinstance.py:3503} INFO - 0 downstream tasks scheduled from follow-on schedule check
[2025-10-03T08:41:37.391+0000] {local_task_job_runner.py:222} INFO - ::endgroup::
