[2025-10-03T08:41:57.608+0000] {local_task_job_runner.py:120} INFO - ::group::Pre task execution logs
[2025-10-03T08:41:57.706+0000] {taskinstance.py:2076} INFO - Dependencies all met for dep_context=non-requeueable deps ti=<TaskInstance: Airflow_Depi.print_date manual__2025-10-03T08:41:52.774517+00:00 [queued]>
[2025-10-03T08:41:57.751+0000] {taskinstance.py:2076} INFO - Dependencies all met for dep_context=requeueable deps ti=<TaskInstance: Airflow_Depi.print_date manual__2025-10-03T08:41:52.774517+00:00 [queued]>
[2025-10-03T08:41:57.773+0000] {taskinstance.py:2306} INFO - Starting attempt 1 of 1
[2025-10-03T08:41:57.860+0000] {taskinstance.py:2330} INFO - Executing <Task(BashOperator): print_date> on 2025-10-03 08:41:52.774517+00:00
[2025-10-03T08:41:57.901+0000] {warnings.py:112} WARNING - /home/***/.local/lib/python3.12/site-packages/***/task/task_runner/standard_task_runner.py:61: DeprecationWarning: This process (pid=63) is multi-threaded, use of fork() may lead to deadlocks in the child.
  pid = os.fork()

[2025-10-03T08:41:57.918+0000] {standard_task_runner.py:63} INFO - Started process 81 to run task
[2025-10-03T08:41:57.935+0000] {standard_task_runner.py:90} INFO - Running: ['***', 'tasks', 'run', 'Airflow_Depi', 'print_date', 'manual__2025-10-03T08:41:52.774517+00:00', '--job-id', '41', '--raw', '--subdir', 'DAGS_FOLDER/Airflow_Depi.py', '--cfg-path', '/tmp/tmp8rwt4hs2']
[2025-10-03T08:41:57.954+0000] {standard_task_runner.py:91} INFO - Job 41: Subtask print_date
[2025-10-03T08:41:58.066+0000] {warnings.py:112} WARNING - /home/***/.local/lib/python3.12/site-packages/***/settings.py:195: DeprecationWarning: The sql_alchemy_conn option in [core] has been moved to the sql_alchemy_conn option in [database] - the old setting has been used, but please update your config.
  SQL_ALCHEMY_CONN = conf.get("database", "SQL_ALCHEMY_CONN")

[2025-10-03T08:41:58.272+0000] {task_command.py:426} INFO - Running <TaskInstance: Airflow_Depi.print_date manual__2025-10-03T08:41:52.774517+00:00 [running]> on host 75d72fd7eefe
[2025-10-03T08:41:59.031+0000] {taskinstance.py:2648} INFO - Exporting env vars: AIRFLOW_CTX_DAG_OWNER='***' AIRFLOW_CTX_DAG_ID='Airflow_Depi' AIRFLOW_CTX_TASK_ID='print_date' AIRFLOW_CTX_EXECUTION_DATE='2025-10-03T08:41:52.774517+00:00' AIRFLOW_CTX_TRY_NUMBER='1' AIRFLOW_CTX_DAG_RUN_ID='manual__2025-10-03T08:41:52.774517+00:00'
[2025-10-03T08:41:59.041+0000] {taskinstance.py:430} INFO - ::endgroup::
[2025-10-03T08:41:59.043+0000] {subprocess.py:63} INFO - Tmp dir root location: /tmp
[2025-10-03T08:41:59.047+0000] {subprocess.py:75} INFO - Running command: ['/usr/bin/bash', '-c', 'date']
[2025-10-03T08:41:59.083+0000] {subprocess.py:86} INFO - Output:
[2025-10-03T08:41:59.101+0000] {subprocess.py:93} INFO - Fri Oct  3 08:41:59 UTC 2025
[2025-10-03T08:41:59.103+0000] {subprocess.py:97} INFO - Command exited with return code 0
[2025-10-03T08:41:59.105+0000] {taskinstance.py:441} INFO - ::group::Post task execution logs
[2025-10-03T08:41:59.212+0000] {taskinstance.py:1206} INFO - Marking task as SUCCESS. dag_id=Airflow_Depi, task_id=print_date, run_id=manual__2025-10-03T08:41:52.774517+00:00, execution_date=20251003T084152, start_date=20251003T084157, end_date=20251003T084159
[2025-10-03T08:41:59.285+0000] {local_task_job_runner.py:240} INFO - Task exited with return code 0
[2025-10-03T08:41:59.386+0000] {taskinstance.py:3503} INFO - 1 downstream tasks scheduled from follow-on schedule check
[2025-10-03T08:41:59.434+0000] {local_task_job_runner.py:222} INFO - ::endgroup::
