[2025-10-02T22:54:28.835+0000] {local_task_job_runner.py:120} INFO - ::group::Pre task execution logs
[2025-10-02T22:54:28.869+0000] {taskinstance.py:2076} INFO - Dependencies all met for dep_context=non-requeueable deps ti=<TaskInstance: Airflow_Depi.print_date manual__2025-10-02T22:54:26.325115+00:00 [queued]>
[2025-10-02T22:54:28.878+0000] {taskinstance.py:2076} INFO - Dependencies all met for dep_context=requeueable deps ti=<TaskInstance: Airflow_Depi.print_date manual__2025-10-02T22:54:26.325115+00:00 [queued]>
[2025-10-02T22:54:28.879+0000] {taskinstance.py:2306} INFO - Starting attempt 1 of 1
[2025-10-02T22:54:28.897+0000] {taskinstance.py:2330} INFO - Executing <Task(BashOperator): print_date> on 2025-10-02 22:54:26.325115+00:00
[2025-10-02T22:54:28.907+0000] {warnings.py:112} WARNING - /home/***/.local/lib/python3.12/site-packages/***/task/task_runner/standard_task_runner.py:61: DeprecationWarning: This process (pid=69) is multi-threaded, use of fork() may lead to deadlocks in the child.
  pid = os.fork()

[2025-10-02T22:54:28.911+0000] {standard_task_runner.py:63} INFO - Started process 71 to run task
[2025-10-02T22:54:28.910+0000] {standard_task_runner.py:90} INFO - Running: ['***', 'tasks', 'run', 'Airflow_Depi', 'print_date', 'manual__2025-10-02T22:54:26.325115+00:00', '--job-id', '9', '--raw', '--subdir', 'DAGS_FOLDER/Airflow_Depi.py', '--cfg-path', '/tmp/tmpa_46lx6e']
[2025-10-02T22:54:28.915+0000] {standard_task_runner.py:91} INFO - Job 9: Subtask print_date
[2025-10-02T22:54:28.939+0000] {warnings.py:112} WARNING - /home/***/.local/lib/python3.12/site-packages/***/settings.py:195: DeprecationWarning: The sql_alchemy_conn option in [core] has been moved to the sql_alchemy_conn option in [database] - the old setting has been used, but please update your config.
  SQL_ALCHEMY_CONN = conf.get("database", "SQL_ALCHEMY_CONN")

[2025-10-02T22:54:29.009+0000] {task_command.py:426} INFO - Running <TaskInstance: Airflow_Depi.print_date manual__2025-10-02T22:54:26.325115+00:00 [running]> on host 75d72fd7eefe
[2025-10-02T22:54:29.118+0000] {taskinstance.py:2648} INFO - Exporting env vars: AIRFLOW_CTX_DAG_OWNER='***' AIRFLOW_CTX_DAG_ID='Airflow_Depi' AIRFLOW_CTX_TASK_ID='print_date' AIRFLOW_CTX_EXECUTION_DATE='2025-10-02T22:54:26.325115+00:00' AIRFLOW_CTX_TRY_NUMBER='1' AIRFLOW_CTX_DAG_RUN_ID='manual__2025-10-02T22:54:26.325115+00:00'
[2025-10-02T22:54:29.120+0000] {taskinstance.py:430} INFO - ::endgroup::
[2025-10-02T22:54:29.122+0000] {subprocess.py:63} INFO - Tmp dir root location: /tmp
[2025-10-02T22:54:29.123+0000] {subprocess.py:75} INFO - Running command: ['/usr/bin/bash', '-c', 'date']
[2025-10-02T22:54:29.138+0000] {subprocess.py:86} INFO - Output:
[2025-10-02T22:54:29.143+0000] {subprocess.py:93} INFO - Thu Oct  2 22:54:29 UTC 2025
[2025-10-02T22:54:29.144+0000] {subprocess.py:97} INFO - Command exited with return code 0
[2025-10-02T22:54:29.144+0000] {taskinstance.py:441} INFO - ::group::Post task execution logs
[2025-10-02T22:54:29.184+0000] {taskinstance.py:1206} INFO - Marking task as SUCCESS. dag_id=Airflow_Depi, task_id=print_date, run_id=manual__2025-10-02T22:54:26.325115+00:00, execution_date=20251002T225426, start_date=20251002T225428, end_date=20251002T225429
[2025-10-02T22:54:29.246+0000] {local_task_job_runner.py:240} INFO - Task exited with return code 0
[2025-10-02T22:54:29.289+0000] {taskinstance.py:3503} INFO - 1 downstream tasks scheduled from follow-on schedule check
[2025-10-02T22:54:29.293+0000] {local_task_job_runner.py:222} INFO - ::endgroup::
