[2025-10-03T08:42:15.818+0000] {local_task_job_runner.py:120} INFO - ::group::Pre task execution logs
[2025-10-03T08:42:15.867+0000] {taskinstance.py:2076} INFO - Dependencies all met for dep_context=non-requeueable deps ti=<TaskInstance: Airflow_Depi.print_welcome manual__2025-10-03T08:42:00.405973+00:00 [queued]>
[2025-10-03T08:42:15.890+0000] {taskinstance.py:2076} INFO - Dependencies all met for dep_context=requeueable deps ti=<TaskInstance: Airflow_Depi.print_welcome manual__2025-10-03T08:42:00.405973+00:00 [queued]>
[2025-10-03T08:42:15.891+0000] {taskinstance.py:2306} INFO - Starting attempt 1 of 1
[2025-10-03T08:42:15.931+0000] {taskinstance.py:2330} INFO - Executing <Task(PythonOperator): print_welcome> on 2025-10-03 08:42:00.405973+00:00
[2025-10-03T08:42:15.947+0000] {warnings.py:112} WARNING - /home/***/.local/lib/python3.12/site-packages/***/task/task_runner/standard_task_runner.py:61: DeprecationWarning: This process (pid=141) is multi-threaded, use of fork() may lead to deadlocks in the child.
  pid = os.fork()

[2025-10-03T08:42:15.951+0000] {standard_task_runner.py:63} INFO - Started process 166 to run task
[2025-10-03T08:42:15.959+0000] {standard_task_runner.py:90} INFO - Running: ['***', 'tasks', 'run', 'Airflow_Depi', 'print_welcome', 'manual__2025-10-03T08:42:00.405973+00:00', '--job-id', '66', '--raw', '--subdir', 'DAGS_FOLDER/Airflow_Depi.py', '--cfg-path', '/tmp/tmpq6yw0ckd']
[2025-10-03T08:42:15.967+0000] {standard_task_runner.py:91} INFO - Job 66: Subtask print_welcome
[2025-10-03T08:42:16.029+0000] {warnings.py:112} WARNING - /home/***/.local/lib/python3.12/site-packages/***/settings.py:195: DeprecationWarning: The sql_alchemy_conn option in [core] has been moved to the sql_alchemy_conn option in [database] - the old setting has been used, but please update your config.
  SQL_ALCHEMY_CONN = conf.get("database", "SQL_ALCHEMY_CONN")

[2025-10-03T08:42:16.151+0000] {task_command.py:426} INFO - Running <TaskInstance: Airflow_Depi.print_welcome manual__2025-10-03T08:42:00.405973+00:00 [running]> on host 75d72fd7eefe
[2025-10-03T08:42:16.547+0000] {taskinstance.py:2648} INFO - Exporting env vars: AIRFLOW_CTX_DAG_OWNER='***' AIRFLOW_CTX_DAG_ID='Airflow_Depi' AIRFLOW_CTX_TASK_ID='print_welcome' AIRFLOW_CTX_EXECUTION_DATE='2025-10-03T08:42:00.405973+00:00' AIRFLOW_CTX_TRY_NUMBER='1' AIRFLOW_CTX_DAG_RUN_ID='manual__2025-10-03T08:42:00.405973+00:00'
[2025-10-03T08:42:16.556+0000] {taskinstance.py:430} INFO - ::endgroup::
[2025-10-03T08:42:16.560+0000] {logging_mixin.py:188} INFO - Welcome! My name is Rowan Hussein
[2025-10-03T08:42:16.564+0000] {python.py:237} INFO - Done. Returned value was: None
[2025-10-03T08:42:16.567+0000] {taskinstance.py:441} INFO - ::group::Post task execution logs
[2025-10-03T08:42:16.608+0000] {taskinstance.py:1206} INFO - Marking task as SUCCESS. dag_id=Airflow_Depi, task_id=print_welcome, run_id=manual__2025-10-03T08:42:00.405973+00:00, execution_date=20251003T084200, start_date=20251003T084215, end_date=20251003T084216
[2025-10-03T08:42:16.678+0000] {local_task_job_runner.py:240} INFO - Task exited with return code 0
[2025-10-03T08:42:16.748+0000] {taskinstance.py:3503} INFO - 1 downstream tasks scheduled from follow-on schedule check
[2025-10-03T08:42:16.778+0000] {local_task_job_runner.py:222} INFO - ::endgroup::
