[2025-10-02T22:50:33.042+0000] {processor.py:161} INFO - Started process (PID=32) to work on /opt/airflow/dags/Airflow_Depi.py
[2025-10-02T22:50:33.060+0000] {processor.py:830} INFO - Processing file /opt/airflow/dags/Airflow_Depi.py for tasks to queue
[2025-10-02T22:50:33.081+0000] {logging_mixin.py:188} INFO - [2025-10-02T22:50:33.081+0000] {dagbag.py:545} INFO - Filling up the DagBag from /opt/airflow/dags/Airflow_Depi.py
[2025-10-02T22:50:33.199+0000] {processor.py:840} INFO - DAG(s) 'Airflow_Depi' retrieved from /opt/airflow/dags/Airflow_Depi.py
[2025-10-02T22:50:33.761+0000] {logging_mixin.py:188} INFO - [2025-10-02T22:50:33.760+0000] {override.py:1829} INFO - Created Permission View: can delete on DAG:Airflow_Depi
[2025-10-02T22:50:33.778+0000] {logging_mixin.py:188} INFO - [2025-10-02T22:50:33.777+0000] {override.py:1829} INFO - Created Permission View: can edit on DAG:Airflow_Depi
[2025-10-02T22:50:33.790+0000] {logging_mixin.py:188} INFO - [2025-10-02T22:50:33.789+0000] {override.py:1829} INFO - Created Permission View: can read on DAG:Airflow_Depi
[2025-10-02T22:50:33.791+0000] {logging_mixin.py:188} INFO - [2025-10-02T22:50:33.790+0000] {dag.py:3096} INFO - Sync 1 DAGs
[2025-10-02T22:50:33.812+0000] {logging_mixin.py:188} INFO - [2025-10-02T22:50:33.812+0000] {dag.py:3118} INFO - Creating ORM DAG for Airflow_Depi
[2025-10-02T22:50:33.814+0000] {logging_mixin.py:188} INFO - [2025-10-02T22:50:33.813+0000] {dag.py:3954} INFO - Setting next_dagrun for Airflow_Depi to None, run_after=None
[2025-10-02T22:50:33.853+0000] {processor.py:183} INFO - Processing /opt/airflow/dags/Airflow_Depi.py took 0.886 seconds
[2025-10-02T22:51:48.248+0000] {processor.py:161} INFO - Started process (PID=32) to work on /opt/airflow/dags/Airflow_Depi.py
[2025-10-02T22:51:48.249+0000] {processor.py:830} INFO - Processing file /opt/airflow/dags/Airflow_Depi.py for tasks to queue
[2025-10-02T22:51:48.253+0000] {logging_mixin.py:188} INFO - [2025-10-02T22:51:48.253+0000] {dagbag.py:545} INFO - Filling up the DagBag from /opt/airflow/dags/Airflow_Depi.py
[2025-10-02T22:51:48.282+0000] {processor.py:840} INFO - DAG(s) 'Airflow_Depi' retrieved from /opt/airflow/dags/Airflow_Depi.py
[2025-10-02T22:51:48.331+0000] {logging_mixin.py:188} INFO - [2025-10-02T22:51:48.331+0000] {dag.py:3096} INFO - Sync 1 DAGs
[2025-10-02T22:51:48.354+0000] {logging_mixin.py:188} INFO - [2025-10-02T22:51:48.353+0000] {dag.py:3954} INFO - Setting next_dagrun for Airflow_Depi to None, run_after=None
[2025-10-02T22:51:48.386+0000] {processor.py:183} INFO - Processing /opt/airflow/dags/Airflow_Depi.py took 0.150 seconds
[2025-10-02T22:52:18.877+0000] {processor.py:161} INFO - Started process (PID=85) to work on /opt/airflow/dags/Airflow_Depi.py
[2025-10-02T22:52:18.879+0000] {processor.py:830} INFO - Processing file /opt/airflow/dags/Airflow_Depi.py for tasks to queue
[2025-10-02T22:52:18.887+0000] {logging_mixin.py:188} INFO - [2025-10-02T22:52:18.886+0000] {dagbag.py:545} INFO - Filling up the DagBag from /opt/airflow/dags/Airflow_Depi.py
[2025-10-02T22:52:18.914+0000] {processor.py:840} INFO - DAG(s) 'Airflow_Depi' retrieved from /opt/airflow/dags/Airflow_Depi.py
[2025-10-02T22:52:19.218+0000] {logging_mixin.py:188} INFO - [2025-10-02T22:52:19.218+0000] {dag.py:3096} INFO - Sync 1 DAGs
[2025-10-02T22:52:19.354+0000] {logging_mixin.py:188} INFO - [2025-10-02T22:52:19.353+0000] {dag.py:3954} INFO - Setting next_dagrun for Airflow_Depi to None, run_after=None
[2025-10-02T22:52:19.410+0000] {processor.py:183} INFO - Processing /opt/airflow/dags/Airflow_Depi.py took 0.551 seconds
[2025-10-02T22:52:49.550+0000] {processor.py:161} INFO - Started process (PID=138) to work on /opt/airflow/dags/Airflow_Depi.py
[2025-10-02T22:52:49.551+0000] {processor.py:830} INFO - Processing file /opt/airflow/dags/Airflow_Depi.py for tasks to queue
[2025-10-02T22:52:49.555+0000] {logging_mixin.py:188} INFO - [2025-10-02T22:52:49.554+0000] {dagbag.py:545} INFO - Filling up the DagBag from /opt/airflow/dags/Airflow_Depi.py
[2025-10-02T22:52:49.580+0000] {processor.py:840} INFO - DAG(s) 'Airflow_Depi' retrieved from /opt/airflow/dags/Airflow_Depi.py
[2025-10-02T22:52:49.610+0000] {logging_mixin.py:188} INFO - [2025-10-02T22:52:49.610+0000] {dag.py:3096} INFO - Sync 1 DAGs
[2025-10-02T22:52:49.628+0000] {logging_mixin.py:188} INFO - [2025-10-02T22:52:49.627+0000] {dag.py:3954} INFO - Setting next_dagrun for Airflow_Depi to None, run_after=None
[2025-10-02T22:52:49.657+0000] {processor.py:183} INFO - Processing /opt/airflow/dags/Airflow_Depi.py took 0.117 seconds
[2025-10-02T22:53:20.314+0000] {processor.py:161} INFO - Started process (PID=191) to work on /opt/airflow/dags/Airflow_Depi.py
[2025-10-02T22:53:20.316+0000] {processor.py:830} INFO - Processing file /opt/airflow/dags/Airflow_Depi.py for tasks to queue
[2025-10-02T22:53:20.320+0000] {logging_mixin.py:188} INFO - [2025-10-02T22:53:20.319+0000] {dagbag.py:545} INFO - Filling up the DagBag from /opt/airflow/dags/Airflow_Depi.py
[2025-10-02T22:53:20.348+0000] {processor.py:840} INFO - DAG(s) 'Airflow_Depi' retrieved from /opt/airflow/dags/Airflow_Depi.py
[2025-10-02T22:53:20.377+0000] {logging_mixin.py:188} INFO - [2025-10-02T22:53:20.377+0000] {dag.py:3096} INFO - Sync 1 DAGs
[2025-10-02T22:53:20.395+0000] {logging_mixin.py:188} INFO - [2025-10-02T22:53:20.394+0000] {dag.py:3954} INFO - Setting next_dagrun for Airflow_Depi to None, run_after=None
[2025-10-02T22:53:20.425+0000] {processor.py:183} INFO - Processing /opt/airflow/dags/Airflow_Depi.py took 0.118 seconds
[2025-10-02T22:53:22.204+0000] {processor.py:161} INFO - Started process (PID=204) to work on /opt/airflow/dags/Airflow_Depi.py
[2025-10-02T22:53:22.206+0000] {processor.py:830} INFO - Processing file /opt/airflow/dags/Airflow_Depi.py for tasks to queue
[2025-10-02T22:53:22.209+0000] {logging_mixin.py:188} INFO - [2025-10-02T22:53:22.208+0000] {dagbag.py:545} INFO - Filling up the DagBag from /opt/airflow/dags/Airflow_Depi.py
[2025-10-02T22:53:22.272+0000] {processor.py:840} INFO - DAG(s) 'Airflow_Depi' retrieved from /opt/airflow/dags/Airflow_Depi.py
[2025-10-02T22:53:22.310+0000] {logging_mixin.py:188} INFO - [2025-10-02T22:53:22.310+0000] {dag.py:3096} INFO - Sync 1 DAGs
[2025-10-02T22:53:22.330+0000] {logging_mixin.py:188} INFO - [2025-10-02T22:53:22.330+0000] {dag.py:3954} INFO - Setting next_dagrun for Airflow_Depi to None, run_after=None
[2025-10-02T22:53:22.367+0000] {processor.py:183} INFO - Processing /opt/airflow/dags/Airflow_Depi.py took 0.175 seconds
[2025-10-02T22:53:24.740+0000] {processor.py:161} INFO - Started process (PID=226) to work on /opt/airflow/dags/Airflow_Depi.py
[2025-10-02T22:53:24.742+0000] {processor.py:830} INFO - Processing file /opt/airflow/dags/Airflow_Depi.py for tasks to queue
[2025-10-02T22:53:24.745+0000] {logging_mixin.py:188} INFO - [2025-10-02T22:53:24.744+0000] {dagbag.py:545} INFO - Filling up the DagBag from /opt/airflow/dags/Airflow_Depi.py
[2025-10-02T22:53:24.778+0000] {processor.py:840} INFO - DAG(s) 'Airflow_Depi' retrieved from /opt/airflow/dags/Airflow_Depi.py
[2025-10-02T22:53:24.806+0000] {logging_mixin.py:188} INFO - [2025-10-02T22:53:24.806+0000] {dag.py:3096} INFO - Sync 1 DAGs
[2025-10-02T22:53:24.835+0000] {logging_mixin.py:188} INFO - [2025-10-02T22:53:24.834+0000] {dag.py:3954} INFO - Setting next_dagrun for Airflow_Depi to None, run_after=None
[2025-10-02T22:53:24.866+0000] {processor.py:183} INFO - Processing /opt/airflow/dags/Airflow_Depi.py took 0.135 seconds
[2025-10-02T22:53:55.381+0000] {processor.py:161} INFO - Started process (PID=277) to work on /opt/airflow/dags/Airflow_Depi.py
[2025-10-02T22:53:55.382+0000] {processor.py:830} INFO - Processing file /opt/airflow/dags/Airflow_Depi.py for tasks to queue
[2025-10-02T22:53:55.385+0000] {logging_mixin.py:188} INFO - [2025-10-02T22:53:55.384+0000] {dagbag.py:545} INFO - Filling up the DagBag from /opt/airflow/dags/Airflow_Depi.py
[2025-10-02T22:53:55.402+0000] {processor.py:840} INFO - DAG(s) 'Airflow_Depi' retrieved from /opt/airflow/dags/Airflow_Depi.py
[2025-10-02T22:53:55.419+0000] {logging_mixin.py:188} INFO - [2025-10-02T22:53:55.419+0000] {dag.py:3096} INFO - Sync 1 DAGs
[2025-10-02T22:53:55.438+0000] {logging_mixin.py:188} INFO - [2025-10-02T22:53:55.437+0000] {dag.py:3954} INFO - Setting next_dagrun for Airflow_Depi to None, run_after=None
[2025-10-02T22:53:55.461+0000] {processor.py:183} INFO - Processing /opt/airflow/dags/Airflow_Depi.py took 0.089 seconds
[2025-10-02T22:54:27.421+0000] {processor.py:161} INFO - Started process (PID=326) to work on /opt/airflow/dags/Airflow_Depi.py
[2025-10-02T22:54:27.422+0000] {processor.py:830} INFO - Processing file /opt/airflow/dags/Airflow_Depi.py for tasks to queue
[2025-10-02T22:54:27.425+0000] {logging_mixin.py:188} INFO - [2025-10-02T22:54:27.425+0000] {dagbag.py:545} INFO - Filling up the DagBag from /opt/airflow/dags/Airflow_Depi.py
[2025-10-02T22:54:27.445+0000] {processor.py:840} INFO - DAG(s) 'Airflow_Depi' retrieved from /opt/airflow/dags/Airflow_Depi.py
[2025-10-02T22:54:27.595+0000] {logging_mixin.py:188} INFO - [2025-10-02T22:54:27.595+0000] {dag.py:3096} INFO - Sync 1 DAGs
[2025-10-02T22:54:27.616+0000] {logging_mixin.py:188} INFO - [2025-10-02T22:54:27.615+0000] {dag.py:3954} INFO - Setting next_dagrun for Airflow_Depi to None, run_after=None
[2025-10-02T22:54:27.651+0000] {processor.py:183} INFO - Processing /opt/airflow/dags/Airflow_Depi.py took 0.241 seconds
[2025-10-02T22:54:58.263+0000] {processor.py:161} INFO - Started process (PID=376) to work on /opt/airflow/dags/Airflow_Depi.py
[2025-10-02T22:54:58.264+0000] {processor.py:830} INFO - Processing file /opt/airflow/dags/Airflow_Depi.py for tasks to queue
[2025-10-02T22:54:58.267+0000] {logging_mixin.py:188} INFO - [2025-10-02T22:54:58.266+0000] {dagbag.py:545} INFO - Filling up the DagBag from /opt/airflow/dags/Airflow_Depi.py
[2025-10-02T22:54:58.292+0000] {processor.py:840} INFO - DAG(s) 'Airflow_Depi' retrieved from /opt/airflow/dags/Airflow_Depi.py
[2025-10-02T22:54:58.320+0000] {logging_mixin.py:188} INFO - [2025-10-02T22:54:58.320+0000] {dag.py:3096} INFO - Sync 1 DAGs
[2025-10-02T22:54:58.341+0000] {logging_mixin.py:188} INFO - [2025-10-02T22:54:58.341+0000] {dag.py:3954} INFO - Setting next_dagrun for Airflow_Depi to None, run_after=None
[2025-10-02T22:54:58.367+0000] {processor.py:183} INFO - Processing /opt/airflow/dags/Airflow_Depi.py took 0.112 seconds
[2025-10-02T22:55:29.401+0000] {processor.py:161} INFO - Started process (PID=433) to work on /opt/airflow/dags/Airflow_Depi.py
[2025-10-02T22:55:29.404+0000] {processor.py:830} INFO - Processing file /opt/airflow/dags/Airflow_Depi.py for tasks to queue
[2025-10-02T22:55:29.410+0000] {logging_mixin.py:188} INFO - [2025-10-02T22:55:29.409+0000] {dagbag.py:545} INFO - Filling up the DagBag from /opt/airflow/dags/Airflow_Depi.py
[2025-10-02T22:55:29.445+0000] {processor.py:840} INFO - DAG(s) 'Airflow_Depi' retrieved from /opt/airflow/dags/Airflow_Depi.py
[2025-10-02T22:55:29.501+0000] {logging_mixin.py:188} INFO - [2025-10-02T22:55:29.500+0000] {dag.py:3096} INFO - Sync 1 DAGs
[2025-10-02T22:55:29.532+0000] {logging_mixin.py:188} INFO - [2025-10-02T22:55:29.532+0000] {dag.py:3954} INFO - Setting next_dagrun for Airflow_Depi to None, run_after=None
[2025-10-02T22:55:29.586+0000] {processor.py:183} INFO - Processing /opt/airflow/dags/Airflow_Depi.py took 0.202 seconds
[2025-10-02T22:55:48.349+0000] {processor.py:161} INFO - Started process (PID=462) to work on /opt/airflow/dags/Airflow_Depi.py
[2025-10-02T22:55:48.351+0000] {processor.py:830} INFO - Processing file /opt/airflow/dags/Airflow_Depi.py for tasks to queue
[2025-10-02T22:55:48.355+0000] {logging_mixin.py:188} INFO - [2025-10-02T22:55:48.355+0000] {dagbag.py:545} INFO - Filling up the DagBag from /opt/airflow/dags/Airflow_Depi.py
[2025-10-02T22:55:48.396+0000] {processor.py:840} INFO - DAG(s) 'Airflow_Depi' retrieved from /opt/airflow/dags/Airflow_Depi.py
[2025-10-02T22:55:48.425+0000] {logging_mixin.py:188} INFO - [2025-10-02T22:55:48.425+0000] {dag.py:3096} INFO - Sync 1 DAGs
[2025-10-02T22:55:48.443+0000] {logging_mixin.py:188} INFO - [2025-10-02T22:55:48.442+0000] {dag.py:3954} INFO - Setting next_dagrun for Airflow_Depi to None, run_after=None
[2025-10-02T22:55:48.476+0000] {processor.py:183} INFO - Processing /opt/airflow/dags/Airflow_Depi.py took 0.136 seconds
[2025-10-02T22:56:18.765+0000] {processor.py:161} INFO - Started process (PID=515) to work on /opt/airflow/dags/Airflow_Depi.py
[2025-10-02T22:56:18.768+0000] {processor.py:830} INFO - Processing file /opt/airflow/dags/Airflow_Depi.py for tasks to queue
[2025-10-02T22:56:18.773+0000] {logging_mixin.py:188} INFO - [2025-10-02T22:56:18.772+0000] {dagbag.py:545} INFO - Filling up the DagBag from /opt/airflow/dags/Airflow_Depi.py
[2025-10-02T22:56:18.812+0000] {processor.py:840} INFO - DAG(s) 'Airflow_Depi' retrieved from /opt/airflow/dags/Airflow_Depi.py
[2025-10-02T22:56:18.846+0000] {logging_mixin.py:188} INFO - [2025-10-02T22:56:18.845+0000] {dag.py:3096} INFO - Sync 1 DAGs
[2025-10-02T22:56:18.862+0000] {logging_mixin.py:188} INFO - [2025-10-02T22:56:18.862+0000] {dag.py:3954} INFO - Setting next_dagrun for Airflow_Depi to None, run_after=None
[2025-10-02T22:56:18.889+0000] {processor.py:183} INFO - Processing /opt/airflow/dags/Airflow_Depi.py took 0.139 seconds
[2025-10-02T22:56:48.971+0000] {processor.py:161} INFO - Started process (PID=568) to work on /opt/airflow/dags/Airflow_Depi.py
[2025-10-02T22:56:48.973+0000] {processor.py:830} INFO - Processing file /opt/airflow/dags/Airflow_Depi.py for tasks to queue
[2025-10-02T22:56:48.976+0000] {logging_mixin.py:188} INFO - [2025-10-02T22:56:48.975+0000] {dagbag.py:545} INFO - Filling up the DagBag from /opt/airflow/dags/Airflow_Depi.py
[2025-10-02T22:56:49.004+0000] {processor.py:840} INFO - DAG(s) 'Airflow_Depi' retrieved from /opt/airflow/dags/Airflow_Depi.py
[2025-10-02T22:56:49.031+0000] {logging_mixin.py:188} INFO - [2025-10-02T22:56:49.031+0000] {dag.py:3096} INFO - Sync 1 DAGs
[2025-10-02T22:56:49.047+0000] {logging_mixin.py:188} INFO - [2025-10-02T22:56:49.047+0000] {dag.py:3954} INFO - Setting next_dagrun for Airflow_Depi to None, run_after=None
[2025-10-02T22:56:49.075+0000] {processor.py:183} INFO - Processing /opt/airflow/dags/Airflow_Depi.py took 0.111 seconds
[2025-10-02T22:57:19.173+0000] {processor.py:161} INFO - Started process (PID=621) to work on /opt/airflow/dags/Airflow_Depi.py
[2025-10-02T22:57:19.175+0000] {processor.py:830} INFO - Processing file /opt/airflow/dags/Airflow_Depi.py for tasks to queue
[2025-10-02T22:57:19.179+0000] {logging_mixin.py:188} INFO - [2025-10-02T22:57:19.179+0000] {dagbag.py:545} INFO - Filling up the DagBag from /opt/airflow/dags/Airflow_Depi.py
[2025-10-02T22:57:19.210+0000] {processor.py:840} INFO - DAG(s) 'Airflow_Depi' retrieved from /opt/airflow/dags/Airflow_Depi.py
[2025-10-02T22:57:19.242+0000] {logging_mixin.py:188} INFO - [2025-10-02T22:57:19.242+0000] {dag.py:3096} INFO - Sync 1 DAGs
[2025-10-02T22:57:19.258+0000] {logging_mixin.py:188} INFO - [2025-10-02T22:57:19.257+0000] {dag.py:3954} INFO - Setting next_dagrun for Airflow_Depi to None, run_after=None
[2025-10-02T22:57:19.284+0000] {processor.py:183} INFO - Processing /opt/airflow/dags/Airflow_Depi.py took 0.126 seconds
[2025-10-02T22:57:27.972+0000] {processor.py:161} INFO - Started process (PID=635) to work on /opt/airflow/dags/Airflow_Depi.py
[2025-10-02T22:57:27.973+0000] {processor.py:830} INFO - Processing file /opt/airflow/dags/Airflow_Depi.py for tasks to queue
[2025-10-02T22:57:27.976+0000] {logging_mixin.py:188} INFO - [2025-10-02T22:57:27.976+0000] {dagbag.py:545} INFO - Filling up the DagBag from /opt/airflow/dags/Airflow_Depi.py
[2025-10-02T22:57:28.010+0000] {processor.py:840} INFO - DAG(s) 'Airflow_Depi' retrieved from /opt/airflow/dags/Airflow_Depi.py
[2025-10-02T22:57:28.044+0000] {logging_mixin.py:188} INFO - [2025-10-02T22:57:28.043+0000] {dag.py:3096} INFO - Sync 1 DAGs
[2025-10-02T22:57:28.061+0000] {logging_mixin.py:188} INFO - [2025-10-02T22:57:28.061+0000] {dag.py:3954} INFO - Setting next_dagrun for Airflow_Depi to None, run_after=None
[2025-10-02T22:57:28.093+0000] {processor.py:183} INFO - Processing /opt/airflow/dags/Airflow_Depi.py took 0.131 seconds
[2025-10-02T22:57:58.289+0000] {processor.py:161} INFO - Started process (PID=681) to work on /opt/airflow/dags/Airflow_Depi.py
[2025-10-02T22:57:58.291+0000] {processor.py:830} INFO - Processing file /opt/airflow/dags/Airflow_Depi.py for tasks to queue
[2025-10-02T22:57:58.294+0000] {logging_mixin.py:188} INFO - [2025-10-02T22:57:58.294+0000] {dagbag.py:545} INFO - Filling up the DagBag from /opt/airflow/dags/Airflow_Depi.py
[2025-10-02T22:57:58.316+0000] {processor.py:840} INFO - DAG(s) 'Airflow_Depi' retrieved from /opt/airflow/dags/Airflow_Depi.py
[2025-10-02T22:57:58.332+0000] {logging_mixin.py:188} INFO - [2025-10-02T22:57:58.332+0000] {dag.py:3096} INFO - Sync 1 DAGs
[2025-10-02T22:57:58.349+0000] {logging_mixin.py:188} INFO - [2025-10-02T22:57:58.349+0000] {dag.py:3954} INFO - Setting next_dagrun for Airflow_Depi to None, run_after=None
[2025-10-02T22:57:58.375+0000] {processor.py:183} INFO - Processing /opt/airflow/dags/Airflow_Depi.py took 0.094 seconds
[2025-10-02T22:58:28.682+0000] {processor.py:161} INFO - Started process (PID=734) to work on /opt/airflow/dags/Airflow_Depi.py
[2025-10-02T22:58:28.684+0000] {processor.py:830} INFO - Processing file /opt/airflow/dags/Airflow_Depi.py for tasks to queue
[2025-10-02T22:58:28.687+0000] {logging_mixin.py:188} INFO - [2025-10-02T22:58:28.686+0000] {dagbag.py:545} INFO - Filling up the DagBag from /opt/airflow/dags/Airflow_Depi.py
[2025-10-02T22:58:28.707+0000] {processor.py:840} INFO - DAG(s) 'Airflow_Depi' retrieved from /opt/airflow/dags/Airflow_Depi.py
[2025-10-02T22:58:28.868+0000] {logging_mixin.py:188} INFO - [2025-10-02T22:58:28.868+0000] {dag.py:3096} INFO - Sync 1 DAGs
[2025-10-02T22:58:28.881+0000] {logging_mixin.py:188} INFO - [2025-10-02T22:58:28.881+0000] {dag.py:3954} INFO - Setting next_dagrun for Airflow_Depi to None, run_after=None
[2025-10-02T22:58:28.906+0000] {processor.py:183} INFO - Processing /opt/airflow/dags/Airflow_Depi.py took 0.233 seconds
[2025-10-02T22:58:59.150+0000] {processor.py:161} INFO - Started process (PID=787) to work on /opt/airflow/dags/Airflow_Depi.py
[2025-10-02T22:58:59.154+0000] {processor.py:830} INFO - Processing file /opt/airflow/dags/Airflow_Depi.py for tasks to queue
[2025-10-02T22:58:59.157+0000] {logging_mixin.py:188} INFO - [2025-10-02T22:58:59.157+0000] {dagbag.py:545} INFO - Filling up the DagBag from /opt/airflow/dags/Airflow_Depi.py
[2025-10-02T22:58:59.180+0000] {processor.py:840} INFO - DAG(s) 'Airflow_Depi' retrieved from /opt/airflow/dags/Airflow_Depi.py
[2025-10-02T22:58:59.217+0000] {logging_mixin.py:188} INFO - [2025-10-02T22:58:59.217+0000] {dag.py:3096} INFO - Sync 1 DAGs
[2025-10-02T22:58:59.242+0000] {logging_mixin.py:188} INFO - [2025-10-02T22:58:59.242+0000] {dag.py:3954} INFO - Setting next_dagrun for Airflow_Depi to None, run_after=None
[2025-10-02T22:58:59.281+0000] {processor.py:183} INFO - Processing /opt/airflow/dags/Airflow_Depi.py took 0.142 seconds
[2025-10-02T22:59:29.363+0000] {processor.py:161} INFO - Started process (PID=840) to work on /opt/airflow/dags/Airflow_Depi.py
[2025-10-02T22:59:29.365+0000] {processor.py:830} INFO - Processing file /opt/airflow/dags/Airflow_Depi.py for tasks to queue
[2025-10-02T22:59:29.368+0000] {logging_mixin.py:188} INFO - [2025-10-02T22:59:29.367+0000] {dagbag.py:545} INFO - Filling up the DagBag from /opt/airflow/dags/Airflow_Depi.py
[2025-10-02T22:59:29.397+0000] {processor.py:840} INFO - DAG(s) 'Airflow_Depi' retrieved from /opt/airflow/dags/Airflow_Depi.py
[2025-10-02T22:59:29.423+0000] {logging_mixin.py:188} INFO - [2025-10-02T22:59:29.423+0000] {dag.py:3096} INFO - Sync 1 DAGs
[2025-10-02T22:59:29.439+0000] {logging_mixin.py:188} INFO - [2025-10-02T22:59:29.439+0000] {dag.py:3954} INFO - Setting next_dagrun for Airflow_Depi to None, run_after=None
[2025-10-02T22:59:29.464+0000] {processor.py:183} INFO - Processing /opt/airflow/dags/Airflow_Depi.py took 0.110 seconds
[2025-10-02T22:59:59.595+0000] {processor.py:161} INFO - Started process (PID=893) to work on /opt/airflow/dags/Airflow_Depi.py
[2025-10-02T22:59:59.596+0000] {processor.py:830} INFO - Processing file /opt/airflow/dags/Airflow_Depi.py for tasks to queue
[2025-10-02T22:59:59.600+0000] {logging_mixin.py:188} INFO - [2025-10-02T22:59:59.599+0000] {dagbag.py:545} INFO - Filling up the DagBag from /opt/airflow/dags/Airflow_Depi.py
[2025-10-02T22:59:59.627+0000] {processor.py:840} INFO - DAG(s) 'Airflow_Depi' retrieved from /opt/airflow/dags/Airflow_Depi.py
[2025-10-02T22:59:59.654+0000] {logging_mixin.py:188} INFO - [2025-10-02T22:59:59.653+0000] {dag.py:3096} INFO - Sync 1 DAGs
[2025-10-02T22:59:59.671+0000] {logging_mixin.py:188} INFO - [2025-10-02T22:59:59.670+0000] {dag.py:3954} INFO - Setting next_dagrun for Airflow_Depi to None, run_after=None
[2025-10-02T22:59:59.699+0000] {processor.py:183} INFO - Processing /opt/airflow/dags/Airflow_Depi.py took 0.113 seconds
[2025-10-02T23:00:29.860+0000] {processor.py:161} INFO - Started process (PID=946) to work on /opt/airflow/dags/Airflow_Depi.py
[2025-10-02T23:00:29.862+0000] {processor.py:830} INFO - Processing file /opt/airflow/dags/Airflow_Depi.py for tasks to queue
[2025-10-02T23:00:29.865+0000] {logging_mixin.py:188} INFO - [2025-10-02T23:00:29.865+0000] {dagbag.py:545} INFO - Filling up the DagBag from /opt/airflow/dags/Airflow_Depi.py
[2025-10-02T23:00:29.894+0000] {processor.py:840} INFO - DAG(s) 'Airflow_Depi' retrieved from /opt/airflow/dags/Airflow_Depi.py
[2025-10-02T23:00:29.921+0000] {logging_mixin.py:188} INFO - [2025-10-02T23:00:29.921+0000] {dag.py:3096} INFO - Sync 1 DAGs
[2025-10-02T23:00:29.937+0000] {logging_mixin.py:188} INFO - [2025-10-02T23:00:29.936+0000] {dag.py:3954} INFO - Setting next_dagrun for Airflow_Depi to None, run_after=None
[2025-10-02T23:00:29.964+0000] {processor.py:183} INFO - Processing /opt/airflow/dags/Airflow_Depi.py took 0.113 seconds
[2025-10-02T23:01:00.331+0000] {processor.py:161} INFO - Started process (PID=999) to work on /opt/airflow/dags/Airflow_Depi.py
[2025-10-02T23:01:00.332+0000] {processor.py:830} INFO - Processing file /opt/airflow/dags/Airflow_Depi.py for tasks to queue
[2025-10-02T23:01:00.336+0000] {logging_mixin.py:188} INFO - [2025-10-02T23:01:00.335+0000] {dagbag.py:545} INFO - Filling up the DagBag from /opt/airflow/dags/Airflow_Depi.py
[2025-10-02T23:01:00.369+0000] {processor.py:840} INFO - DAG(s) 'Airflow_Depi' retrieved from /opt/airflow/dags/Airflow_Depi.py
[2025-10-02T23:01:00.397+0000] {logging_mixin.py:188} INFO - [2025-10-02T23:01:00.396+0000] {dag.py:3096} INFO - Sync 1 DAGs
[2025-10-02T23:01:00.412+0000] {logging_mixin.py:188} INFO - [2025-10-02T23:01:00.412+0000] {dag.py:3954} INFO - Setting next_dagrun for Airflow_Depi to None, run_after=None
[2025-10-02T23:01:00.439+0000] {processor.py:183} INFO - Processing /opt/airflow/dags/Airflow_Depi.py took 0.118 seconds
[2025-10-02T23:01:30.919+0000] {processor.py:161} INFO - Started process (PID=1052) to work on /opt/airflow/dags/Airflow_Depi.py
[2025-10-02T23:01:30.921+0000] {processor.py:830} INFO - Processing file /opt/airflow/dags/Airflow_Depi.py for tasks to queue
[2025-10-02T23:01:30.924+0000] {logging_mixin.py:188} INFO - [2025-10-02T23:01:30.923+0000] {dagbag.py:545} INFO - Filling up the DagBag from /opt/airflow/dags/Airflow_Depi.py
[2025-10-02T23:01:30.955+0000] {processor.py:840} INFO - DAG(s) 'Airflow_Depi' retrieved from /opt/airflow/dags/Airflow_Depi.py
[2025-10-02T23:01:30.983+0000] {logging_mixin.py:188} INFO - [2025-10-02T23:01:30.983+0000] {dag.py:3096} INFO - Sync 1 DAGs
[2025-10-02T23:01:30.999+0000] {logging_mixin.py:188} INFO - [2025-10-02T23:01:30.999+0000] {dag.py:3954} INFO - Setting next_dagrun for Airflow_Depi to None, run_after=None
[2025-10-02T23:01:31.026+0000] {processor.py:183} INFO - Processing /opt/airflow/dags/Airflow_Depi.py took 0.117 seconds
[2025-10-02T23:02:01.392+0000] {processor.py:161} INFO - Started process (PID=1105) to work on /opt/airflow/dags/Airflow_Depi.py
[2025-10-02T23:02:01.394+0000] {processor.py:830} INFO - Processing file /opt/airflow/dags/Airflow_Depi.py for tasks to queue
[2025-10-02T23:02:01.397+0000] {logging_mixin.py:188} INFO - [2025-10-02T23:02:01.396+0000] {dagbag.py:545} INFO - Filling up the DagBag from /opt/airflow/dags/Airflow_Depi.py
[2025-10-02T23:02:01.427+0000] {processor.py:840} INFO - DAG(s) 'Airflow_Depi' retrieved from /opt/airflow/dags/Airflow_Depi.py
[2025-10-02T23:02:01.454+0000] {logging_mixin.py:188} INFO - [2025-10-02T23:02:01.454+0000] {dag.py:3096} INFO - Sync 1 DAGs
[2025-10-02T23:02:01.470+0000] {logging_mixin.py:188} INFO - [2025-10-02T23:02:01.470+0000] {dag.py:3954} INFO - Setting next_dagrun for Airflow_Depi to None, run_after=None
[2025-10-02T23:02:01.496+0000] {processor.py:183} INFO - Processing /opt/airflow/dags/Airflow_Depi.py took 0.111 seconds
[2025-10-02T23:02:31.887+0000] {processor.py:161} INFO - Started process (PID=1158) to work on /opt/airflow/dags/Airflow_Depi.py
[2025-10-02T23:02:31.889+0000] {processor.py:830} INFO - Processing file /opt/airflow/dags/Airflow_Depi.py for tasks to queue
[2025-10-02T23:02:31.892+0000] {logging_mixin.py:188} INFO - [2025-10-02T23:02:31.891+0000] {dagbag.py:545} INFO - Filling up the DagBag from /opt/airflow/dags/Airflow_Depi.py
[2025-10-02T23:02:31.916+0000] {processor.py:840} INFO - DAG(s) 'Airflow_Depi' retrieved from /opt/airflow/dags/Airflow_Depi.py
[2025-10-02T23:02:31.946+0000] {logging_mixin.py:188} INFO - [2025-10-02T23:02:31.945+0000] {dag.py:3096} INFO - Sync 1 DAGs
[2025-10-02T23:02:31.963+0000] {logging_mixin.py:188} INFO - [2025-10-02T23:02:31.963+0000] {dag.py:3954} INFO - Setting next_dagrun for Airflow_Depi to None, run_after=None
[2025-10-02T23:02:31.992+0000] {processor.py:183} INFO - Processing /opt/airflow/dags/Airflow_Depi.py took 0.113 seconds
[2025-10-02T23:03:02.501+0000] {processor.py:161} INFO - Started process (PID=1211) to work on /opt/airflow/dags/Airflow_Depi.py
[2025-10-02T23:03:02.503+0000] {processor.py:830} INFO - Processing file /opt/airflow/dags/Airflow_Depi.py for tasks to queue
[2025-10-02T23:03:02.506+0000] {logging_mixin.py:188} INFO - [2025-10-02T23:03:02.506+0000] {dagbag.py:545} INFO - Filling up the DagBag from /opt/airflow/dags/Airflow_Depi.py
[2025-10-02T23:03:02.534+0000] {processor.py:840} INFO - DAG(s) 'Airflow_Depi' retrieved from /opt/airflow/dags/Airflow_Depi.py
[2025-10-02T23:03:02.560+0000] {logging_mixin.py:188} INFO - [2025-10-02T23:03:02.560+0000] {dag.py:3096} INFO - Sync 1 DAGs
[2025-10-02T23:03:02.578+0000] {logging_mixin.py:188} INFO - [2025-10-02T23:03:02.578+0000] {dag.py:3954} INFO - Setting next_dagrun for Airflow_Depi to None, run_after=None
[2025-10-02T23:03:02.604+0000] {processor.py:183} INFO - Processing /opt/airflow/dags/Airflow_Depi.py took 0.112 seconds
[2025-10-02T23:03:32.901+0000] {processor.py:161} INFO - Started process (PID=1264) to work on /opt/airflow/dags/Airflow_Depi.py
[2025-10-02T23:03:32.903+0000] {processor.py:830} INFO - Processing file /opt/airflow/dags/Airflow_Depi.py for tasks to queue
[2025-10-02T23:03:32.906+0000] {logging_mixin.py:188} INFO - [2025-10-02T23:03:32.906+0000] {dagbag.py:545} INFO - Filling up the DagBag from /opt/airflow/dags/Airflow_Depi.py
[2025-10-02T23:03:32.945+0000] {processor.py:840} INFO - DAG(s) 'Airflow_Depi' retrieved from /opt/airflow/dags/Airflow_Depi.py
[2025-10-02T23:03:32.975+0000] {logging_mixin.py:188} INFO - [2025-10-02T23:03:32.975+0000] {dag.py:3096} INFO - Sync 1 DAGs
[2025-10-02T23:03:32.994+0000] {logging_mixin.py:188} INFO - [2025-10-02T23:03:32.994+0000] {dag.py:3954} INFO - Setting next_dagrun for Airflow_Depi to None, run_after=None
[2025-10-02T23:03:33.023+0000] {processor.py:183} INFO - Processing /opt/airflow/dags/Airflow_Depi.py took 0.131 seconds
[2025-10-02T23:04:03.129+0000] {processor.py:161} INFO - Started process (PID=1317) to work on /opt/airflow/dags/Airflow_Depi.py
[2025-10-02T23:04:03.131+0000] {processor.py:830} INFO - Processing file /opt/airflow/dags/Airflow_Depi.py for tasks to queue
[2025-10-02T23:04:03.134+0000] {logging_mixin.py:188} INFO - [2025-10-02T23:04:03.134+0000] {dagbag.py:545} INFO - Filling up the DagBag from /opt/airflow/dags/Airflow_Depi.py
[2025-10-02T23:04:03.168+0000] {processor.py:840} INFO - DAG(s) 'Airflow_Depi' retrieved from /opt/airflow/dags/Airflow_Depi.py
[2025-10-02T23:04:03.201+0000] {logging_mixin.py:188} INFO - [2025-10-02T23:04:03.201+0000] {dag.py:3096} INFO - Sync 1 DAGs
[2025-10-02T23:04:03.221+0000] {logging_mixin.py:188} INFO - [2025-10-02T23:04:03.220+0000] {dag.py:3954} INFO - Setting next_dagrun for Airflow_Depi to None, run_after=None
[2025-10-02T23:04:03.258+0000] {processor.py:183} INFO - Processing /opt/airflow/dags/Airflow_Depi.py took 0.138 seconds
[2025-10-02T23:04:33.410+0000] {processor.py:161} INFO - Started process (PID=1370) to work on /opt/airflow/dags/Airflow_Depi.py
[2025-10-02T23:04:33.411+0000] {processor.py:830} INFO - Processing file /opt/airflow/dags/Airflow_Depi.py for tasks to queue
[2025-10-02T23:04:33.415+0000] {logging_mixin.py:188} INFO - [2025-10-02T23:04:33.414+0000] {dagbag.py:545} INFO - Filling up the DagBag from /opt/airflow/dags/Airflow_Depi.py
[2025-10-02T23:04:33.438+0000] {processor.py:840} INFO - DAG(s) 'Airflow_Depi' retrieved from /opt/airflow/dags/Airflow_Depi.py
[2025-10-02T23:04:33.466+0000] {logging_mixin.py:188} INFO - [2025-10-02T23:04:33.466+0000] {dag.py:3096} INFO - Sync 1 DAGs
[2025-10-02T23:04:33.482+0000] {logging_mixin.py:188} INFO - [2025-10-02T23:04:33.481+0000] {dag.py:3954} INFO - Setting next_dagrun for Airflow_Depi to None, run_after=None
[2025-10-02T23:04:33.508+0000] {processor.py:183} INFO - Processing /opt/airflow/dags/Airflow_Depi.py took 0.107 seconds
[2025-10-02T23:05:04.076+0000] {processor.py:161} INFO - Started process (PID=1423) to work on /opt/airflow/dags/Airflow_Depi.py
[2025-10-02T23:05:04.079+0000] {processor.py:830} INFO - Processing file /opt/airflow/dags/Airflow_Depi.py for tasks to queue
[2025-10-02T23:05:04.082+0000] {logging_mixin.py:188} INFO - [2025-10-02T23:05:04.082+0000] {dagbag.py:545} INFO - Filling up the DagBag from /opt/airflow/dags/Airflow_Depi.py
[2025-10-02T23:05:04.124+0000] {processor.py:840} INFO - DAG(s) 'Airflow_Depi' retrieved from /opt/airflow/dags/Airflow_Depi.py
[2025-10-02T23:05:04.169+0000] {logging_mixin.py:188} INFO - [2025-10-02T23:05:04.168+0000] {dag.py:3096} INFO - Sync 1 DAGs
[2025-10-02T23:05:04.199+0000] {logging_mixin.py:188} INFO - [2025-10-02T23:05:04.198+0000] {dag.py:3954} INFO - Setting next_dagrun for Airflow_Depi to None, run_after=None
[2025-10-02T23:05:04.240+0000] {processor.py:183} INFO - Processing /opt/airflow/dags/Airflow_Depi.py took 0.182 seconds
[2025-10-02T23:05:34.464+0000] {processor.py:161} INFO - Started process (PID=1476) to work on /opt/airflow/dags/Airflow_Depi.py
[2025-10-02T23:05:34.465+0000] {processor.py:830} INFO - Processing file /opt/airflow/dags/Airflow_Depi.py for tasks to queue
[2025-10-02T23:05:34.469+0000] {logging_mixin.py:188} INFO - [2025-10-02T23:05:34.469+0000] {dagbag.py:545} INFO - Filling up the DagBag from /opt/airflow/dags/Airflow_Depi.py
[2025-10-02T23:05:34.496+0000] {processor.py:840} INFO - DAG(s) 'Airflow_Depi' retrieved from /opt/airflow/dags/Airflow_Depi.py
[2025-10-02T23:05:34.530+0000] {logging_mixin.py:188} INFO - [2025-10-02T23:05:34.530+0000] {dag.py:3096} INFO - Sync 1 DAGs
[2025-10-02T23:05:34.549+0000] {logging_mixin.py:188} INFO - [2025-10-02T23:05:34.548+0000] {dag.py:3954} INFO - Setting next_dagrun for Airflow_Depi to None, run_after=None
[2025-10-02T23:05:34.579+0000] {processor.py:183} INFO - Processing /opt/airflow/dags/Airflow_Depi.py took 0.125 seconds
[2025-10-02T23:06:05.386+0000] {processor.py:161} INFO - Started process (PID=1529) to work on /opt/airflow/dags/Airflow_Depi.py
[2025-10-02T23:06:05.388+0000] {processor.py:830} INFO - Processing file /opt/airflow/dags/Airflow_Depi.py for tasks to queue
[2025-10-02T23:06:05.391+0000] {logging_mixin.py:188} INFO - [2025-10-02T23:06:05.391+0000] {dagbag.py:545} INFO - Filling up the DagBag from /opt/airflow/dags/Airflow_Depi.py
[2025-10-02T23:06:05.422+0000] {processor.py:840} INFO - DAG(s) 'Airflow_Depi' retrieved from /opt/airflow/dags/Airflow_Depi.py
[2025-10-02T23:06:05.453+0000] {logging_mixin.py:188} INFO - [2025-10-02T23:06:05.453+0000] {dag.py:3096} INFO - Sync 1 DAGs
[2025-10-02T23:06:05.471+0000] {logging_mixin.py:188} INFO - [2025-10-02T23:06:05.470+0000] {dag.py:3954} INFO - Setting next_dagrun for Airflow_Depi to None, run_after=None
[2025-10-02T23:06:05.499+0000] {processor.py:183} INFO - Processing /opt/airflow/dags/Airflow_Depi.py took 0.122 seconds
[2025-10-02T23:06:35.600+0000] {processor.py:161} INFO - Started process (PID=1582) to work on /opt/airflow/dags/Airflow_Depi.py
[2025-10-02T23:06:35.601+0000] {processor.py:830} INFO - Processing file /opt/airflow/dags/Airflow_Depi.py for tasks to queue
[2025-10-02T23:06:35.604+0000] {logging_mixin.py:188} INFO - [2025-10-02T23:06:35.604+0000] {dagbag.py:545} INFO - Filling up the DagBag from /opt/airflow/dags/Airflow_Depi.py
[2025-10-02T23:06:35.626+0000] {processor.py:840} INFO - DAG(s) 'Airflow_Depi' retrieved from /opt/airflow/dags/Airflow_Depi.py
[2025-10-02T23:06:35.655+0000] {logging_mixin.py:188} INFO - [2025-10-02T23:06:35.655+0000] {dag.py:3096} INFO - Sync 1 DAGs
[2025-10-02T23:06:35.676+0000] {logging_mixin.py:188} INFO - [2025-10-02T23:06:35.675+0000] {dag.py:3954} INFO - Setting next_dagrun for Airflow_Depi to None, run_after=None
[2025-10-02T23:06:35.737+0000] {processor.py:183} INFO - Processing /opt/airflow/dags/Airflow_Depi.py took 0.146 seconds
[2025-10-02T23:06:47.608+0000] {processor.py:161} INFO - Started process (PID=1627) to work on /opt/airflow/dags/Airflow_Depi.py
[2025-10-02T23:06:47.609+0000] {processor.py:830} INFO - Processing file /opt/airflow/dags/Airflow_Depi.py for tasks to queue
[2025-10-02T23:06:47.612+0000] {logging_mixin.py:188} INFO - [2025-10-02T23:06:47.611+0000] {dagbag.py:545} INFO - Filling up the DagBag from /opt/airflow/dags/Airflow_Depi.py
[2025-10-02T23:06:47.651+0000] {processor.py:840} INFO - DAG(s) 'Airflow_Depi' retrieved from /opt/airflow/dags/Airflow_Depi.py
[2025-10-02T23:06:47.678+0000] {logging_mixin.py:188} INFO - [2025-10-02T23:06:47.678+0000] {dag.py:3096} INFO - Sync 1 DAGs
[2025-10-02T23:06:47.695+0000] {logging_mixin.py:188} INFO - [2025-10-02T23:06:47.694+0000] {dag.py:3954} INFO - Setting next_dagrun for Airflow_Depi to None, run_after=None
[2025-10-02T23:06:47.728+0000] {processor.py:183} INFO - Processing /opt/airflow/dags/Airflow_Depi.py took 0.129 seconds
[2025-10-02T23:07:17.843+0000] {processor.py:161} INFO - Started process (PID=1680) to work on /opt/airflow/dags/Airflow_Depi.py
[2025-10-02T23:07:17.844+0000] {processor.py:830} INFO - Processing file /opt/airflow/dags/Airflow_Depi.py for tasks to queue
[2025-10-02T23:07:17.847+0000] {logging_mixin.py:188} INFO - [2025-10-02T23:07:17.847+0000] {dagbag.py:545} INFO - Filling up the DagBag from /opt/airflow/dags/Airflow_Depi.py
[2025-10-02T23:07:17.875+0000] {processor.py:840} INFO - DAG(s) 'Airflow_Depi' retrieved from /opt/airflow/dags/Airflow_Depi.py
[2025-10-02T23:07:17.902+0000] {logging_mixin.py:188} INFO - [2025-10-02T23:07:17.902+0000] {dag.py:3096} INFO - Sync 1 DAGs
[2025-10-02T23:07:17.918+0000] {logging_mixin.py:188} INFO - [2025-10-02T23:07:17.918+0000] {dag.py:3954} INFO - Setting next_dagrun for Airflow_Depi to None, run_after=None
[2025-10-02T23:07:17.943+0000] {processor.py:183} INFO - Processing /opt/airflow/dags/Airflow_Depi.py took 0.109 seconds
[2025-10-02T23:07:48.045+0000] {processor.py:161} INFO - Started process (PID=1733) to work on /opt/airflow/dags/Airflow_Depi.py
[2025-10-02T23:07:48.047+0000] {processor.py:830} INFO - Processing file /opt/airflow/dags/Airflow_Depi.py for tasks to queue
[2025-10-02T23:07:48.050+0000] {logging_mixin.py:188} INFO - [2025-10-02T23:07:48.049+0000] {dagbag.py:545} INFO - Filling up the DagBag from /opt/airflow/dags/Airflow_Depi.py
[2025-10-02T23:07:48.068+0000] {processor.py:840} INFO - DAG(s) 'Airflow_Depi' retrieved from /opt/airflow/dags/Airflow_Depi.py
[2025-10-02T23:07:48.094+0000] {logging_mixin.py:188} INFO - [2025-10-02T23:07:48.094+0000] {dag.py:3096} INFO - Sync 1 DAGs
[2025-10-02T23:07:48.113+0000] {logging_mixin.py:188} INFO - [2025-10-02T23:07:48.112+0000] {dag.py:3954} INFO - Setting next_dagrun for Airflow_Depi to None, run_after=None
[2025-10-02T23:07:48.306+0000] {processor.py:183} INFO - Processing /opt/airflow/dags/Airflow_Depi.py took 0.271 seconds
[2025-10-02T23:08:19.274+0000] {processor.py:161} INFO - Started process (PID=1786) to work on /opt/airflow/dags/Airflow_Depi.py
[2025-10-02T23:08:19.275+0000] {processor.py:830} INFO - Processing file /opt/airflow/dags/Airflow_Depi.py for tasks to queue
[2025-10-02T23:08:19.279+0000] {logging_mixin.py:188} INFO - [2025-10-02T23:08:19.279+0000] {dagbag.py:545} INFO - Filling up the DagBag from /opt/airflow/dags/Airflow_Depi.py
[2025-10-02T23:08:19.310+0000] {processor.py:840} INFO - DAG(s) 'Airflow_Depi' retrieved from /opt/airflow/dags/Airflow_Depi.py
[2025-10-02T23:08:19.349+0000] {logging_mixin.py:188} INFO - [2025-10-02T23:08:19.349+0000] {dag.py:3096} INFO - Sync 1 DAGs
[2025-10-02T23:08:19.368+0000] {logging_mixin.py:188} INFO - [2025-10-02T23:08:19.367+0000] {dag.py:3954} INFO - Setting next_dagrun for Airflow_Depi to None, run_after=None
[2025-10-02T23:08:19.396+0000] {processor.py:183} INFO - Processing /opt/airflow/dags/Airflow_Depi.py took 0.136 seconds
[2025-10-02T23:08:50.411+0000] {processor.py:161} INFO - Started process (PID=1839) to work on /opt/airflow/dags/Airflow_Depi.py
[2025-10-02T23:08:50.413+0000] {processor.py:830} INFO - Processing file /opt/airflow/dags/Airflow_Depi.py for tasks to queue
[2025-10-02T23:08:50.416+0000] {logging_mixin.py:188} INFO - [2025-10-02T23:08:50.415+0000] {dagbag.py:545} INFO - Filling up the DagBag from /opt/airflow/dags/Airflow_Depi.py
[2025-10-02T23:08:50.446+0000] {processor.py:840} INFO - DAG(s) 'Airflow_Depi' retrieved from /opt/airflow/dags/Airflow_Depi.py
[2025-10-02T23:08:50.475+0000] {logging_mixin.py:188} INFO - [2025-10-02T23:08:50.475+0000] {dag.py:3096} INFO - Sync 1 DAGs
[2025-10-02T23:08:50.493+0000] {logging_mixin.py:188} INFO - [2025-10-02T23:08:50.493+0000] {dag.py:3954} INFO - Setting next_dagrun for Airflow_Depi to None, run_after=None
[2025-10-02T23:08:50.522+0000] {processor.py:183} INFO - Processing /opt/airflow/dags/Airflow_Depi.py took 0.121 seconds
[2025-10-02T23:09:21.253+0000] {processor.py:161} INFO - Started process (PID=1892) to work on /opt/airflow/dags/Airflow_Depi.py
[2025-10-02T23:09:21.255+0000] {processor.py:830} INFO - Processing file /opt/airflow/dags/Airflow_Depi.py for tasks to queue
[2025-10-02T23:09:21.258+0000] {logging_mixin.py:188} INFO - [2025-10-02T23:09:21.258+0000] {dagbag.py:545} INFO - Filling up the DagBag from /opt/airflow/dags/Airflow_Depi.py
[2025-10-02T23:09:21.290+0000] {processor.py:840} INFO - DAG(s) 'Airflow_Depi' retrieved from /opt/airflow/dags/Airflow_Depi.py
[2025-10-02T23:09:21.322+0000] {logging_mixin.py:188} INFO - [2025-10-02T23:09:21.322+0000] {dag.py:3096} INFO - Sync 1 DAGs
[2025-10-02T23:09:21.341+0000] {logging_mixin.py:188} INFO - [2025-10-02T23:09:21.341+0000] {dag.py:3954} INFO - Setting next_dagrun for Airflow_Depi to None, run_after=None
[2025-10-02T23:09:21.374+0000] {processor.py:183} INFO - Processing /opt/airflow/dags/Airflow_Depi.py took 0.131 seconds
[2025-10-02T23:09:51.511+0000] {processor.py:161} INFO - Started process (PID=1945) to work on /opt/airflow/dags/Airflow_Depi.py
[2025-10-02T23:09:51.513+0000] {processor.py:830} INFO - Processing file /opt/airflow/dags/Airflow_Depi.py for tasks to queue
[2025-10-02T23:09:51.516+0000] {logging_mixin.py:188} INFO - [2025-10-02T23:09:51.515+0000] {dagbag.py:545} INFO - Filling up the DagBag from /opt/airflow/dags/Airflow_Depi.py
[2025-10-02T23:09:51.545+0000] {processor.py:840} INFO - DAG(s) 'Airflow_Depi' retrieved from /opt/airflow/dags/Airflow_Depi.py
[2025-10-02T23:09:51.570+0000] {logging_mixin.py:188} INFO - [2025-10-02T23:09:51.570+0000] {dag.py:3096} INFO - Sync 1 DAGs
[2025-10-02T23:09:51.588+0000] {logging_mixin.py:188} INFO - [2025-10-02T23:09:51.587+0000] {dag.py:3954} INFO - Setting next_dagrun for Airflow_Depi to None, run_after=None
[2025-10-02T23:09:51.615+0000] {processor.py:183} INFO - Processing /opt/airflow/dags/Airflow_Depi.py took 0.113 seconds
