[2025-10-02T22:50:37.608+0000] {processor.py:161} INFO - Started process (PID=45) to work on /home/airflow/.local/lib/python3.12/site-packages/airflow/example_dags/example_python_decorator.py
[2025-10-02T22:50:37.610+0000] {processor.py:830} INFO - Processing file /home/airflow/.local/lib/python3.12/site-packages/airflow/example_dags/example_python_decorator.py for tasks to queue
[2025-10-02T22:50:37.618+0000] {logging_mixin.py:188} INFO - [2025-10-02T22:50:37.616+0000] {dagbag.py:545} INFO - Filling up the DagBag from /home/airflow/.local/lib/python3.12/site-packages/airflow/example_dags/example_python_decorator.py
[2025-10-02T22:50:37.658+0000] {processor.py:840} INFO - DAG(s) 'example_python_decorator' retrieved from /home/airflow/.local/lib/python3.12/site-packages/airflow/example_dags/example_python_decorator.py
[2025-10-02T22:50:37.974+0000] {logging_mixin.py:188} INFO - [2025-10-02T22:50:37.973+0000] {override.py:1829} INFO - Created Permission View: can delete on DAG:example_python_decorator
[2025-10-02T22:50:37.993+0000] {logging_mixin.py:188} INFO - [2025-10-02T22:50:37.992+0000] {override.py:1829} INFO - Created Permission View: can edit on DAG:example_python_decorator
[2025-10-02T22:50:38.005+0000] {logging_mixin.py:188} INFO - [2025-10-02T22:50:38.005+0000] {override.py:1829} INFO - Created Permission View: can read on DAG:example_python_decorator
[2025-10-02T22:50:38.006+0000] {logging_mixin.py:188} INFO - [2025-10-02T22:50:38.006+0000] {dag.py:3096} INFO - Sync 1 DAGs
[2025-10-02T22:50:38.036+0000] {logging_mixin.py:188} INFO - [2025-10-02T22:50:38.035+0000] {dag.py:3118} INFO - Creating ORM DAG for example_python_decorator
[2025-10-02T22:50:38.037+0000] {logging_mixin.py:188} INFO - [2025-10-02T22:50:38.037+0000] {dag.py:3954} INFO - Setting next_dagrun for example_python_decorator to None, run_after=None
[2025-10-02T22:50:38.070+0000] {processor.py:183} INFO - Processing /home/airflow/.local/lib/python3.12/site-packages/airflow/example_dags/example_python_decorator.py took 0.476 seconds
[2025-10-02T22:51:50.075+0000] {processor.py:161} INFO - Started process (PID=45) to work on /home/airflow/.local/lib/python3.12/site-packages/airflow/example_dags/example_python_decorator.py
[2025-10-02T22:51:50.078+0000] {processor.py:830} INFO - Processing file /home/airflow/.local/lib/python3.12/site-packages/airflow/example_dags/example_python_decorator.py for tasks to queue
[2025-10-02T22:51:50.082+0000] {logging_mixin.py:188} INFO - [2025-10-02T22:51:50.082+0000] {dagbag.py:545} INFO - Filling up the DagBag from /home/airflow/.local/lib/python3.12/site-packages/airflow/example_dags/example_python_decorator.py
[2025-10-02T22:51:50.118+0000] {processor.py:840} INFO - DAG(s) 'example_python_decorator' retrieved from /home/airflow/.local/lib/python3.12/site-packages/airflow/example_dags/example_python_decorator.py
[2025-10-02T22:51:50.144+0000] {logging_mixin.py:188} INFO - [2025-10-02T22:51:50.143+0000] {dag.py:3096} INFO - Sync 1 DAGs
[2025-10-02T22:51:50.180+0000] {logging_mixin.py:188} INFO - [2025-10-02T22:51:50.179+0000] {dag.py:3954} INFO - Setting next_dagrun for example_python_decorator to None, run_after=None
[2025-10-02T22:51:50.225+0000] {processor.py:183} INFO - Processing /home/airflow/.local/lib/python3.12/site-packages/airflow/example_dags/example_python_decorator.py took 0.164 seconds
[2025-10-02T22:52:20.835+0000] {processor.py:161} INFO - Started process (PID=98) to work on /home/airflow/.local/lib/python3.12/site-packages/airflow/example_dags/example_python_decorator.py
[2025-10-02T22:52:20.836+0000] {processor.py:830} INFO - Processing file /home/airflow/.local/lib/python3.12/site-packages/airflow/example_dags/example_python_decorator.py for tasks to queue
[2025-10-02T22:52:20.841+0000] {logging_mixin.py:188} INFO - [2025-10-02T22:52:20.841+0000] {dagbag.py:545} INFO - Filling up the DagBag from /home/airflow/.local/lib/python3.12/site-packages/airflow/example_dags/example_python_decorator.py
[2025-10-02T22:52:20.867+0000] {processor.py:840} INFO - DAG(s) 'example_python_decorator' retrieved from /home/airflow/.local/lib/python3.12/site-packages/airflow/example_dags/example_python_decorator.py
[2025-10-02T22:52:20.887+0000] {logging_mixin.py:188} INFO - [2025-10-02T22:52:20.887+0000] {dag.py:3096} INFO - Sync 1 DAGs
[2025-10-02T22:52:20.912+0000] {logging_mixin.py:188} INFO - [2025-10-02T22:52:20.912+0000] {dag.py:3954} INFO - Setting next_dagrun for example_python_decorator to None, run_after=None
[2025-10-02T22:52:20.940+0000] {processor.py:183} INFO - Processing /home/airflow/.local/lib/python3.12/site-packages/airflow/example_dags/example_python_decorator.py took 0.116 seconds
[2025-10-02T22:52:51.358+0000] {processor.py:161} INFO - Started process (PID=151) to work on /home/airflow/.local/lib/python3.12/site-packages/airflow/example_dags/example_python_decorator.py
[2025-10-02T22:52:51.360+0000] {processor.py:830} INFO - Processing file /home/airflow/.local/lib/python3.12/site-packages/airflow/example_dags/example_python_decorator.py for tasks to queue
[2025-10-02T22:52:51.363+0000] {logging_mixin.py:188} INFO - [2025-10-02T22:52:51.363+0000] {dagbag.py:545} INFO - Filling up the DagBag from /home/airflow/.local/lib/python3.12/site-packages/airflow/example_dags/example_python_decorator.py
[2025-10-02T22:52:51.384+0000] {processor.py:840} INFO - DAG(s) 'example_python_decorator' retrieved from /home/airflow/.local/lib/python3.12/site-packages/airflow/example_dags/example_python_decorator.py
[2025-10-02T22:52:51.568+0000] {logging_mixin.py:188} INFO - [2025-10-02T22:52:51.568+0000] {dag.py:3096} INFO - Sync 1 DAGs
[2025-10-02T22:52:51.582+0000] {logging_mixin.py:188} INFO - [2025-10-02T22:52:51.581+0000] {dag.py:3954} INFO - Setting next_dagrun for example_python_decorator to None, run_after=None
[2025-10-02T22:52:51.604+0000] {processor.py:183} INFO - Processing /home/airflow/.local/lib/python3.12/site-packages/airflow/example_dags/example_python_decorator.py took 0.255 seconds
[2025-10-02T22:53:22.321+0000] {processor.py:161} INFO - Started process (PID=205) to work on /home/airflow/.local/lib/python3.12/site-packages/airflow/example_dags/example_python_decorator.py
[2025-10-02T22:53:22.322+0000] {processor.py:830} INFO - Processing file /home/airflow/.local/lib/python3.12/site-packages/airflow/example_dags/example_python_decorator.py for tasks to queue
[2025-10-02T22:53:22.326+0000] {logging_mixin.py:188} INFO - [2025-10-02T22:53:22.325+0000] {dagbag.py:545} INFO - Filling up the DagBag from /home/airflow/.local/lib/python3.12/site-packages/airflow/example_dags/example_python_decorator.py
[2025-10-02T22:53:22.360+0000] {processor.py:840} INFO - DAG(s) 'example_python_decorator' retrieved from /home/airflow/.local/lib/python3.12/site-packages/airflow/example_dags/example_python_decorator.py
[2025-10-02T22:53:22.416+0000] {logging_mixin.py:188} INFO - [2025-10-02T22:53:22.416+0000] {dag.py:3096} INFO - Sync 1 DAGs
[2025-10-02T22:53:22.444+0000] {logging_mixin.py:188} INFO - [2025-10-02T22:53:22.443+0000] {dag.py:3954} INFO - Setting next_dagrun for example_python_decorator to None, run_after=None
[2025-10-02T22:53:22.481+0000] {processor.py:183} INFO - Processing /home/airflow/.local/lib/python3.12/site-packages/airflow/example_dags/example_python_decorator.py took 0.176 seconds
[2025-10-02T22:53:53.945+0000] {processor.py:161} INFO - Started process (PID=258) to work on /home/airflow/.local/lib/python3.12/site-packages/airflow/example_dags/example_python_decorator.py
[2025-10-02T22:53:53.946+0000] {processor.py:830} INFO - Processing file /home/airflow/.local/lib/python3.12/site-packages/airflow/example_dags/example_python_decorator.py for tasks to queue
[2025-10-02T22:53:53.949+0000] {logging_mixin.py:188} INFO - [2025-10-02T22:53:53.949+0000] {dagbag.py:545} INFO - Filling up the DagBag from /home/airflow/.local/lib/python3.12/site-packages/airflow/example_dags/example_python_decorator.py
[2025-10-02T22:53:53.973+0000] {processor.py:840} INFO - DAG(s) 'example_python_decorator' retrieved from /home/airflow/.local/lib/python3.12/site-packages/airflow/example_dags/example_python_decorator.py
[2025-10-02T22:53:53.989+0000] {logging_mixin.py:188} INFO - [2025-10-02T22:53:53.988+0000] {dag.py:3096} INFO - Sync 1 DAGs
[2025-10-02T22:53:54.009+0000] {logging_mixin.py:188} INFO - [2025-10-02T22:53:54.009+0000] {dag.py:3954} INFO - Setting next_dagrun for example_python_decorator to None, run_after=None
[2025-10-02T22:53:54.042+0000] {processor.py:183} INFO - Processing /home/airflow/.local/lib/python3.12/site-packages/airflow/example_dags/example_python_decorator.py took 0.106 seconds
[2025-10-02T22:54:24.543+0000] {processor.py:161} INFO - Started process (PID=311) to work on /home/airflow/.local/lib/python3.12/site-packages/airflow/example_dags/example_python_decorator.py
[2025-10-02T22:54:24.544+0000] {processor.py:830} INFO - Processing file /home/airflow/.local/lib/python3.12/site-packages/airflow/example_dags/example_python_decorator.py for tasks to queue
[2025-10-02T22:54:24.552+0000] {logging_mixin.py:188} INFO - [2025-10-02T22:54:24.549+0000] {dagbag.py:545} INFO - Filling up the DagBag from /home/airflow/.local/lib/python3.12/site-packages/airflow/example_dags/example_python_decorator.py
[2025-10-02T22:54:24.579+0000] {processor.py:840} INFO - DAG(s) 'example_python_decorator' retrieved from /home/airflow/.local/lib/python3.12/site-packages/airflow/example_dags/example_python_decorator.py
[2025-10-02T22:54:24.770+0000] {logging_mixin.py:188} INFO - [2025-10-02T22:54:24.770+0000] {dag.py:3096} INFO - Sync 1 DAGs
[2025-10-02T22:54:24.786+0000] {logging_mixin.py:188} INFO - [2025-10-02T22:54:24.786+0000] {dag.py:3954} INFO - Setting next_dagrun for example_python_decorator to None, run_after=None
[2025-10-02T22:54:24.815+0000] {processor.py:183} INFO - Processing /home/airflow/.local/lib/python3.12/site-packages/airflow/example_dags/example_python_decorator.py took 0.282 seconds
[2025-10-02T22:54:55.002+0000] {processor.py:161} INFO - Started process (PID=364) to work on /home/airflow/.local/lib/python3.12/site-packages/airflow/example_dags/example_python_decorator.py
[2025-10-02T22:54:55.004+0000] {processor.py:830} INFO - Processing file /home/airflow/.local/lib/python3.12/site-packages/airflow/example_dags/example_python_decorator.py for tasks to queue
[2025-10-02T22:54:55.008+0000] {logging_mixin.py:188} INFO - [2025-10-02T22:54:55.007+0000] {dagbag.py:545} INFO - Filling up the DagBag from /home/airflow/.local/lib/python3.12/site-packages/airflow/example_dags/example_python_decorator.py
[2025-10-02T22:54:55.030+0000] {processor.py:840} INFO - DAG(s) 'example_python_decorator' retrieved from /home/airflow/.local/lib/python3.12/site-packages/airflow/example_dags/example_python_decorator.py
[2025-10-02T22:54:55.058+0000] {logging_mixin.py:188} INFO - [2025-10-02T22:54:55.058+0000] {dag.py:3096} INFO - Sync 1 DAGs
[2025-10-02T22:54:55.074+0000] {logging_mixin.py:188} INFO - [2025-10-02T22:54:55.073+0000] {dag.py:3954} INFO - Setting next_dagrun for example_python_decorator to None, run_after=None
[2025-10-02T22:54:55.097+0000] {processor.py:183} INFO - Processing /home/airflow/.local/lib/python3.12/site-packages/airflow/example_dags/example_python_decorator.py took 0.103 seconds
[2025-10-02T22:55:25.906+0000] {processor.py:161} INFO - Started process (PID=417) to work on /home/airflow/.local/lib/python3.12/site-packages/airflow/example_dags/example_python_decorator.py
[2025-10-02T22:55:25.908+0000] {processor.py:830} INFO - Processing file /home/airflow/.local/lib/python3.12/site-packages/airflow/example_dags/example_python_decorator.py for tasks to queue
[2025-10-02T22:55:25.914+0000] {logging_mixin.py:188} INFO - [2025-10-02T22:55:25.913+0000] {dagbag.py:545} INFO - Filling up the DagBag from /home/airflow/.local/lib/python3.12/site-packages/airflow/example_dags/example_python_decorator.py
[2025-10-02T22:55:25.944+0000] {processor.py:840} INFO - DAG(s) 'example_python_decorator' retrieved from /home/airflow/.local/lib/python3.12/site-packages/airflow/example_dags/example_python_decorator.py
[2025-10-02T22:55:25.985+0000] {logging_mixin.py:188} INFO - [2025-10-02T22:55:25.985+0000] {dag.py:3096} INFO - Sync 1 DAGs
[2025-10-02T22:55:26.007+0000] {logging_mixin.py:188} INFO - [2025-10-02T22:55:26.007+0000] {dag.py:3954} INFO - Setting next_dagrun for example_python_decorator to None, run_after=None
[2025-10-02T22:55:26.035+0000] {processor.py:183} INFO - Processing /home/airflow/.local/lib/python3.12/site-packages/airflow/example_dags/example_python_decorator.py took 0.142 seconds
[2025-10-02T22:55:56.764+0000] {processor.py:161} INFO - Started process (PID=475) to work on /home/airflow/.local/lib/python3.12/site-packages/airflow/example_dags/example_python_decorator.py
[2025-10-02T22:55:56.766+0000] {processor.py:830} INFO - Processing file /home/airflow/.local/lib/python3.12/site-packages/airflow/example_dags/example_python_decorator.py for tasks to queue
[2025-10-02T22:55:56.768+0000] {logging_mixin.py:188} INFO - [2025-10-02T22:55:56.768+0000] {dagbag.py:545} INFO - Filling up the DagBag from /home/airflow/.local/lib/python3.12/site-packages/airflow/example_dags/example_python_decorator.py
[2025-10-02T22:55:56.786+0000] {processor.py:840} INFO - DAG(s) 'example_python_decorator' retrieved from /home/airflow/.local/lib/python3.12/site-packages/airflow/example_dags/example_python_decorator.py
[2025-10-02T22:55:56.818+0000] {logging_mixin.py:188} INFO - [2025-10-02T22:55:56.817+0000] {dag.py:3096} INFO - Sync 1 DAGs
[2025-10-02T22:55:56.841+0000] {logging_mixin.py:188} INFO - [2025-10-02T22:55:56.840+0000] {dag.py:3954} INFO - Setting next_dagrun for example_python_decorator to None, run_after=None
[2025-10-02T22:55:56.867+0000] {processor.py:183} INFO - Processing /home/airflow/.local/lib/python3.12/site-packages/airflow/example_dags/example_python_decorator.py took 0.115 seconds
[2025-10-02T22:56:27.170+0000] {processor.py:161} INFO - Started process (PID=528) to work on /home/airflow/.local/lib/python3.12/site-packages/airflow/example_dags/example_python_decorator.py
[2025-10-02T22:56:27.172+0000] {processor.py:830} INFO - Processing file /home/airflow/.local/lib/python3.12/site-packages/airflow/example_dags/example_python_decorator.py for tasks to queue
[2025-10-02T22:56:27.175+0000] {logging_mixin.py:188} INFO - [2025-10-02T22:56:27.175+0000] {dagbag.py:545} INFO - Filling up the DagBag from /home/airflow/.local/lib/python3.12/site-packages/airflow/example_dags/example_python_decorator.py
[2025-10-02T22:56:27.193+0000] {processor.py:840} INFO - DAG(s) 'example_python_decorator' retrieved from /home/airflow/.local/lib/python3.12/site-packages/airflow/example_dags/example_python_decorator.py
[2025-10-02T22:56:27.221+0000] {logging_mixin.py:188} INFO - [2025-10-02T22:56:27.221+0000] {dag.py:3096} INFO - Sync 1 DAGs
[2025-10-02T22:56:27.236+0000] {logging_mixin.py:188} INFO - [2025-10-02T22:56:27.235+0000] {dag.py:3954} INFO - Setting next_dagrun for example_python_decorator to None, run_after=None
[2025-10-02T22:56:27.258+0000] {processor.py:183} INFO - Processing /home/airflow/.local/lib/python3.12/site-packages/airflow/example_dags/example_python_decorator.py took 0.100 seconds
[2025-10-02T22:56:57.340+0000] {processor.py:161} INFO - Started process (PID=581) to work on /home/airflow/.local/lib/python3.12/site-packages/airflow/example_dags/example_python_decorator.py
[2025-10-02T22:56:57.341+0000] {processor.py:830} INFO - Processing file /home/airflow/.local/lib/python3.12/site-packages/airflow/example_dags/example_python_decorator.py for tasks to queue
[2025-10-02T22:56:57.346+0000] {logging_mixin.py:188} INFO - [2025-10-02T22:56:57.345+0000] {dagbag.py:545} INFO - Filling up the DagBag from /home/airflow/.local/lib/python3.12/site-packages/airflow/example_dags/example_python_decorator.py
[2025-10-02T22:56:57.367+0000] {processor.py:840} INFO - DAG(s) 'example_python_decorator' retrieved from /home/airflow/.local/lib/python3.12/site-packages/airflow/example_dags/example_python_decorator.py
[2025-10-02T22:56:57.403+0000] {logging_mixin.py:188} INFO - [2025-10-02T22:56:57.403+0000] {dag.py:3096} INFO - Sync 1 DAGs
[2025-10-02T22:56:57.428+0000] {logging_mixin.py:188} INFO - [2025-10-02T22:56:57.428+0000] {dag.py:3954} INFO - Setting next_dagrun for example_python_decorator to None, run_after=None
[2025-10-02T22:56:57.457+0000] {processor.py:183} INFO - Processing /home/airflow/.local/lib/python3.12/site-packages/airflow/example_dags/example_python_decorator.py took 0.135 seconds
[2025-10-02T22:57:27.841+0000] {processor.py:161} INFO - Started process (PID=634) to work on /home/airflow/.local/lib/python3.12/site-packages/airflow/example_dags/example_python_decorator.py
[2025-10-02T22:57:27.842+0000] {processor.py:830} INFO - Processing file /home/airflow/.local/lib/python3.12/site-packages/airflow/example_dags/example_python_decorator.py for tasks to queue
[2025-10-02T22:57:27.845+0000] {logging_mixin.py:188} INFO - [2025-10-02T22:57:27.845+0000] {dagbag.py:545} INFO - Filling up the DagBag from /home/airflow/.local/lib/python3.12/site-packages/airflow/example_dags/example_python_decorator.py
[2025-10-02T22:57:27.863+0000] {processor.py:840} INFO - DAG(s) 'example_python_decorator' retrieved from /home/airflow/.local/lib/python3.12/site-packages/airflow/example_dags/example_python_decorator.py
[2025-10-02T22:57:27.891+0000] {logging_mixin.py:188} INFO - [2025-10-02T22:57:27.891+0000] {dag.py:3096} INFO - Sync 1 DAGs
[2025-10-02T22:57:27.907+0000] {logging_mixin.py:188} INFO - [2025-10-02T22:57:27.907+0000] {dag.py:3954} INFO - Setting next_dagrun for example_python_decorator to None, run_after=None
[2025-10-02T22:57:27.928+0000] {processor.py:183} INFO - Processing /home/airflow/.local/lib/python3.12/site-packages/airflow/example_dags/example_python_decorator.py took 0.095 seconds
[2025-10-02T22:57:58.866+0000] {processor.py:161} INFO - Started process (PID=688) to work on /home/airflow/.local/lib/python3.12/site-packages/airflow/example_dags/example_python_decorator.py
[2025-10-02T22:57:58.868+0000] {processor.py:830} INFO - Processing file /home/airflow/.local/lib/python3.12/site-packages/airflow/example_dags/example_python_decorator.py for tasks to queue
[2025-10-02T22:57:58.872+0000] {logging_mixin.py:188} INFO - [2025-10-02T22:57:58.872+0000] {dagbag.py:545} INFO - Filling up the DagBag from /home/airflow/.local/lib/python3.12/site-packages/airflow/example_dags/example_python_decorator.py
[2025-10-02T22:57:58.893+0000] {processor.py:840} INFO - DAG(s) 'example_python_decorator' retrieved from /home/airflow/.local/lib/python3.12/site-packages/airflow/example_dags/example_python_decorator.py
[2025-10-02T22:57:58.916+0000] {logging_mixin.py:188} INFO - [2025-10-02T22:57:58.915+0000] {dag.py:3096} INFO - Sync 1 DAGs
[2025-10-02T22:57:58.938+0000] {logging_mixin.py:188} INFO - [2025-10-02T22:57:58.938+0000] {dag.py:3954} INFO - Setting next_dagrun for example_python_decorator to None, run_after=None
[2025-10-02T22:57:58.964+0000] {processor.py:183} INFO - Processing /home/airflow/.local/lib/python3.12/site-packages/airflow/example_dags/example_python_decorator.py took 0.107 seconds
[2025-10-02T22:58:29.778+0000] {processor.py:161} INFO - Started process (PID=741) to work on /home/airflow/.local/lib/python3.12/site-packages/airflow/example_dags/example_python_decorator.py
[2025-10-02T22:58:29.779+0000] {processor.py:830} INFO - Processing file /home/airflow/.local/lib/python3.12/site-packages/airflow/example_dags/example_python_decorator.py for tasks to queue
[2025-10-02T22:58:29.783+0000] {logging_mixin.py:188} INFO - [2025-10-02T22:58:29.782+0000] {dagbag.py:545} INFO - Filling up the DagBag from /home/airflow/.local/lib/python3.12/site-packages/airflow/example_dags/example_python_decorator.py
[2025-10-02T22:58:29.806+0000] {processor.py:840} INFO - DAG(s) 'example_python_decorator' retrieved from /home/airflow/.local/lib/python3.12/site-packages/airflow/example_dags/example_python_decorator.py
[2025-10-02T22:58:29.960+0000] {logging_mixin.py:188} INFO - [2025-10-02T22:58:29.960+0000] {dag.py:3096} INFO - Sync 1 DAGs
[2025-10-02T22:58:29.975+0000] {logging_mixin.py:188} INFO - [2025-10-02T22:58:29.975+0000] {dag.py:3954} INFO - Setting next_dagrun for example_python_decorator to None, run_after=None
[2025-10-02T22:58:29.998+0000] {processor.py:183} INFO - Processing /home/airflow/.local/lib/python3.12/site-packages/airflow/example_dags/example_python_decorator.py took 0.228 seconds
[2025-10-02T22:59:00.184+0000] {processor.py:161} INFO - Started process (PID=794) to work on /home/airflow/.local/lib/python3.12/site-packages/airflow/example_dags/example_python_decorator.py
[2025-10-02T22:59:00.186+0000] {processor.py:830} INFO - Processing file /home/airflow/.local/lib/python3.12/site-packages/airflow/example_dags/example_python_decorator.py for tasks to queue
[2025-10-02T22:59:00.189+0000] {logging_mixin.py:188} INFO - [2025-10-02T22:59:00.188+0000] {dagbag.py:545} INFO - Filling up the DagBag from /home/airflow/.local/lib/python3.12/site-packages/airflow/example_dags/example_python_decorator.py
[2025-10-02T22:59:00.215+0000] {processor.py:840} INFO - DAG(s) 'example_python_decorator' retrieved from /home/airflow/.local/lib/python3.12/site-packages/airflow/example_dags/example_python_decorator.py
[2025-10-02T22:59:00.257+0000] {logging_mixin.py:188} INFO - [2025-10-02T22:59:00.256+0000] {dag.py:3096} INFO - Sync 1 DAGs
[2025-10-02T22:59:00.278+0000] {logging_mixin.py:188} INFO - [2025-10-02T22:59:00.277+0000] {dag.py:3954} INFO - Setting next_dagrun for example_python_decorator to None, run_after=None
[2025-10-02T22:59:00.301+0000] {processor.py:183} INFO - Processing /home/airflow/.local/lib/python3.12/site-packages/airflow/example_dags/example_python_decorator.py took 0.126 seconds
[2025-10-02T22:59:31.045+0000] {processor.py:161} INFO - Started process (PID=847) to work on /home/airflow/.local/lib/python3.12/site-packages/airflow/example_dags/example_python_decorator.py
[2025-10-02T22:59:31.046+0000] {processor.py:830} INFO - Processing file /home/airflow/.local/lib/python3.12/site-packages/airflow/example_dags/example_python_decorator.py for tasks to queue
[2025-10-02T22:59:31.049+0000] {logging_mixin.py:188} INFO - [2025-10-02T22:59:31.048+0000] {dagbag.py:545} INFO - Filling up the DagBag from /home/airflow/.local/lib/python3.12/site-packages/airflow/example_dags/example_python_decorator.py
[2025-10-02T22:59:31.066+0000] {processor.py:840} INFO - DAG(s) 'example_python_decorator' retrieved from /home/airflow/.local/lib/python3.12/site-packages/airflow/example_dags/example_python_decorator.py
[2025-10-02T22:59:31.097+0000] {logging_mixin.py:188} INFO - [2025-10-02T22:59:31.097+0000] {dag.py:3096} INFO - Sync 1 DAGs
[2025-10-02T22:59:31.112+0000] {logging_mixin.py:188} INFO - [2025-10-02T22:59:31.112+0000] {dag.py:3954} INFO - Setting next_dagrun for example_python_decorator to None, run_after=None
[2025-10-02T22:59:31.135+0000] {processor.py:183} INFO - Processing /home/airflow/.local/lib/python3.12/site-packages/airflow/example_dags/example_python_decorator.py took 0.099 seconds
[2025-10-02T23:00:01.432+0000] {processor.py:161} INFO - Started process (PID=900) to work on /home/airflow/.local/lib/python3.12/site-packages/airflow/example_dags/example_python_decorator.py
[2025-10-02T23:00:01.434+0000] {processor.py:830} INFO - Processing file /home/airflow/.local/lib/python3.12/site-packages/airflow/example_dags/example_python_decorator.py for tasks to queue
[2025-10-02T23:00:01.437+0000] {logging_mixin.py:188} INFO - [2025-10-02T23:00:01.437+0000] {dagbag.py:545} INFO - Filling up the DagBag from /home/airflow/.local/lib/python3.12/site-packages/airflow/example_dags/example_python_decorator.py
[2025-10-02T23:00:01.455+0000] {processor.py:840} INFO - DAG(s) 'example_python_decorator' retrieved from /home/airflow/.local/lib/python3.12/site-packages/airflow/example_dags/example_python_decorator.py
[2025-10-02T23:00:01.486+0000] {logging_mixin.py:188} INFO - [2025-10-02T23:00:01.486+0000] {dag.py:3096} INFO - Sync 1 DAGs
[2025-10-02T23:00:01.505+0000] {logging_mixin.py:188} INFO - [2025-10-02T23:00:01.505+0000] {dag.py:3954} INFO - Setting next_dagrun for example_python_decorator to None, run_after=None
[2025-10-02T23:00:01.533+0000] {processor.py:183} INFO - Processing /home/airflow/.local/lib/python3.12/site-packages/airflow/example_dags/example_python_decorator.py took 0.109 seconds
[2025-10-02T23:00:31.711+0000] {processor.py:161} INFO - Started process (PID=953) to work on /home/airflow/.local/lib/python3.12/site-packages/airflow/example_dags/example_python_decorator.py
[2025-10-02T23:00:31.712+0000] {processor.py:830} INFO - Processing file /home/airflow/.local/lib/python3.12/site-packages/airflow/example_dags/example_python_decorator.py for tasks to queue
[2025-10-02T23:00:31.715+0000] {logging_mixin.py:188} INFO - [2025-10-02T23:00:31.714+0000] {dagbag.py:545} INFO - Filling up the DagBag from /home/airflow/.local/lib/python3.12/site-packages/airflow/example_dags/example_python_decorator.py
[2025-10-02T23:00:31.733+0000] {processor.py:840} INFO - DAG(s) 'example_python_decorator' retrieved from /home/airflow/.local/lib/python3.12/site-packages/airflow/example_dags/example_python_decorator.py
[2025-10-02T23:00:31.765+0000] {logging_mixin.py:188} INFO - [2025-10-02T23:00:31.764+0000] {dag.py:3096} INFO - Sync 1 DAGs
[2025-10-02T23:00:31.781+0000] {logging_mixin.py:188} INFO - [2025-10-02T23:00:31.780+0000] {dag.py:3954} INFO - Setting next_dagrun for example_python_decorator to None, run_after=None
[2025-10-02T23:00:31.805+0000] {processor.py:183} INFO - Processing /home/airflow/.local/lib/python3.12/site-packages/airflow/example_dags/example_python_decorator.py took 0.102 seconds
[2025-10-02T23:01:01.966+0000] {processor.py:161} INFO - Started process (PID=1005) to work on /home/airflow/.local/lib/python3.12/site-packages/airflow/example_dags/example_python_decorator.py
[2025-10-02T23:01:01.968+0000] {processor.py:830} INFO - Processing file /home/airflow/.local/lib/python3.12/site-packages/airflow/example_dags/example_python_decorator.py for tasks to queue
[2025-10-02T23:01:01.971+0000] {logging_mixin.py:188} INFO - [2025-10-02T23:01:01.971+0000] {dagbag.py:545} INFO - Filling up the DagBag from /home/airflow/.local/lib/python3.12/site-packages/airflow/example_dags/example_python_decorator.py
[2025-10-02T23:01:01.998+0000] {processor.py:840} INFO - DAG(s) 'example_python_decorator' retrieved from /home/airflow/.local/lib/python3.12/site-packages/airflow/example_dags/example_python_decorator.py
[2025-10-02T23:01:02.035+0000] {logging_mixin.py:188} INFO - [2025-10-02T23:01:02.035+0000] {dag.py:3096} INFO - Sync 1 DAGs
[2025-10-02T23:01:02.053+0000] {logging_mixin.py:188} INFO - [2025-10-02T23:01:02.053+0000] {dag.py:3954} INFO - Setting next_dagrun for example_python_decorator to None, run_after=None
[2025-10-02T23:01:02.078+0000] {processor.py:183} INFO - Processing /home/airflow/.local/lib/python3.12/site-packages/airflow/example_dags/example_python_decorator.py took 0.122 seconds
[2025-10-02T23:01:32.423+0000] {processor.py:161} INFO - Started process (PID=1058) to work on /home/airflow/.local/lib/python3.12/site-packages/airflow/example_dags/example_python_decorator.py
[2025-10-02T23:01:32.424+0000] {processor.py:830} INFO - Processing file /home/airflow/.local/lib/python3.12/site-packages/airflow/example_dags/example_python_decorator.py for tasks to queue
[2025-10-02T23:01:32.428+0000] {logging_mixin.py:188} INFO - [2025-10-02T23:01:32.427+0000] {dagbag.py:545} INFO - Filling up the DagBag from /home/airflow/.local/lib/python3.12/site-packages/airflow/example_dags/example_python_decorator.py
[2025-10-02T23:01:32.452+0000] {processor.py:840} INFO - DAG(s) 'example_python_decorator' retrieved from /home/airflow/.local/lib/python3.12/site-packages/airflow/example_dags/example_python_decorator.py
[2025-10-02T23:01:32.483+0000] {logging_mixin.py:188} INFO - [2025-10-02T23:01:32.483+0000] {dag.py:3096} INFO - Sync 1 DAGs
[2025-10-02T23:01:32.502+0000] {logging_mixin.py:188} INFO - [2025-10-02T23:01:32.501+0000] {dag.py:3954} INFO - Setting next_dagrun for example_python_decorator to None, run_after=None
[2025-10-02T23:01:32.525+0000] {processor.py:183} INFO - Processing /home/airflow/.local/lib/python3.12/site-packages/airflow/example_dags/example_python_decorator.py took 0.110 seconds
[2025-10-02T23:02:02.978+0000] {processor.py:161} INFO - Started process (PID=1111) to work on /home/airflow/.local/lib/python3.12/site-packages/airflow/example_dags/example_python_decorator.py
[2025-10-02T23:02:02.980+0000] {processor.py:830} INFO - Processing file /home/airflow/.local/lib/python3.12/site-packages/airflow/example_dags/example_python_decorator.py for tasks to queue
[2025-10-02T23:02:02.983+0000] {logging_mixin.py:188} INFO - [2025-10-02T23:02:02.982+0000] {dagbag.py:545} INFO - Filling up the DagBag from /home/airflow/.local/lib/python3.12/site-packages/airflow/example_dags/example_python_decorator.py
[2025-10-02T23:02:03.002+0000] {processor.py:840} INFO - DAG(s) 'example_python_decorator' retrieved from /home/airflow/.local/lib/python3.12/site-packages/airflow/example_dags/example_python_decorator.py
[2025-10-02T23:02:03.032+0000] {logging_mixin.py:188} INFO - [2025-10-02T23:02:03.032+0000] {dag.py:3096} INFO - Sync 1 DAGs
[2025-10-02T23:02:03.049+0000] {logging_mixin.py:188} INFO - [2025-10-02T23:02:03.049+0000] {dag.py:3954} INFO - Setting next_dagrun for example_python_decorator to None, run_after=None
[2025-10-02T23:02:03.074+0000] {processor.py:183} INFO - Processing /home/airflow/.local/lib/python3.12/site-packages/airflow/example_dags/example_python_decorator.py took 0.105 seconds
[2025-10-02T23:02:33.518+0000] {processor.py:161} INFO - Started process (PID=1164) to work on /home/airflow/.local/lib/python3.12/site-packages/airflow/example_dags/example_python_decorator.py
[2025-10-02T23:02:33.520+0000] {processor.py:830} INFO - Processing file /home/airflow/.local/lib/python3.12/site-packages/airflow/example_dags/example_python_decorator.py for tasks to queue
[2025-10-02T23:02:33.523+0000] {logging_mixin.py:188} INFO - [2025-10-02T23:02:33.522+0000] {dagbag.py:545} INFO - Filling up the DagBag from /home/airflow/.local/lib/python3.12/site-packages/airflow/example_dags/example_python_decorator.py
[2025-10-02T23:02:33.545+0000] {processor.py:840} INFO - DAG(s) 'example_python_decorator' retrieved from /home/airflow/.local/lib/python3.12/site-packages/airflow/example_dags/example_python_decorator.py
[2025-10-02T23:02:33.583+0000] {logging_mixin.py:188} INFO - [2025-10-02T23:02:33.583+0000] {dag.py:3096} INFO - Sync 1 DAGs
[2025-10-02T23:02:33.602+0000] {logging_mixin.py:188} INFO - [2025-10-02T23:02:33.602+0000] {dag.py:3954} INFO - Setting next_dagrun for example_python_decorator to None, run_after=None
[2025-10-02T23:02:33.638+0000] {processor.py:183} INFO - Processing /home/airflow/.local/lib/python3.12/site-packages/airflow/example_dags/example_python_decorator.py took 0.128 seconds
[2025-10-02T23:03:04.129+0000] {processor.py:161} INFO - Started process (PID=1217) to work on /home/airflow/.local/lib/python3.12/site-packages/airflow/example_dags/example_python_decorator.py
[2025-10-02T23:03:04.131+0000] {processor.py:830} INFO - Processing file /home/airflow/.local/lib/python3.12/site-packages/airflow/example_dags/example_python_decorator.py for tasks to queue
[2025-10-02T23:03:04.134+0000] {logging_mixin.py:188} INFO - [2025-10-02T23:03:04.134+0000] {dagbag.py:545} INFO - Filling up the DagBag from /home/airflow/.local/lib/python3.12/site-packages/airflow/example_dags/example_python_decorator.py
[2025-10-02T23:03:04.160+0000] {processor.py:840} INFO - DAG(s) 'example_python_decorator' retrieved from /home/airflow/.local/lib/python3.12/site-packages/airflow/example_dags/example_python_decorator.py
[2025-10-02T23:03:04.193+0000] {logging_mixin.py:188} INFO - [2025-10-02T23:03:04.193+0000] {dag.py:3096} INFO - Sync 1 DAGs
[2025-10-02T23:03:04.210+0000] {logging_mixin.py:188} INFO - [2025-10-02T23:03:04.209+0000] {dag.py:3954} INFO - Setting next_dagrun for example_python_decorator to None, run_after=None
[2025-10-02T23:03:04.234+0000] {processor.py:183} INFO - Processing /home/airflow/.local/lib/python3.12/site-packages/airflow/example_dags/example_python_decorator.py took 0.117 seconds
[2025-10-02T23:03:34.704+0000] {processor.py:161} INFO - Started process (PID=1270) to work on /home/airflow/.local/lib/python3.12/site-packages/airflow/example_dags/example_python_decorator.py
[2025-10-02T23:03:34.706+0000] {processor.py:830} INFO - Processing file /home/airflow/.local/lib/python3.12/site-packages/airflow/example_dags/example_python_decorator.py for tasks to queue
[2025-10-02T23:03:34.709+0000] {logging_mixin.py:188} INFO - [2025-10-02T23:03:34.709+0000] {dagbag.py:545} INFO - Filling up the DagBag from /home/airflow/.local/lib/python3.12/site-packages/airflow/example_dags/example_python_decorator.py
[2025-10-02T23:03:34.729+0000] {processor.py:840} INFO - DAG(s) 'example_python_decorator' retrieved from /home/airflow/.local/lib/python3.12/site-packages/airflow/example_dags/example_python_decorator.py
[2025-10-02T23:03:34.760+0000] {logging_mixin.py:188} INFO - [2025-10-02T23:03:34.760+0000] {dag.py:3096} INFO - Sync 1 DAGs
[2025-10-02T23:03:34.777+0000] {logging_mixin.py:188} INFO - [2025-10-02T23:03:34.776+0000] {dag.py:3954} INFO - Setting next_dagrun for example_python_decorator to None, run_after=None
[2025-10-02T23:03:34.801+0000] {processor.py:183} INFO - Processing /home/airflow/.local/lib/python3.12/site-packages/airflow/example_dags/example_python_decorator.py took 0.107 seconds
[2025-10-02T23:04:05.863+0000] {processor.py:161} INFO - Started process (PID=1323) to work on /home/airflow/.local/lib/python3.12/site-packages/airflow/example_dags/example_python_decorator.py
[2025-10-02T23:04:05.865+0000] {processor.py:830} INFO - Processing file /home/airflow/.local/lib/python3.12/site-packages/airflow/example_dags/example_python_decorator.py for tasks to queue
[2025-10-02T23:04:05.868+0000] {logging_mixin.py:188} INFO - [2025-10-02T23:04:05.868+0000] {dagbag.py:545} INFO - Filling up the DagBag from /home/airflow/.local/lib/python3.12/site-packages/airflow/example_dags/example_python_decorator.py
[2025-10-02T23:04:05.895+0000] {processor.py:840} INFO - DAG(s) 'example_python_decorator' retrieved from /home/airflow/.local/lib/python3.12/site-packages/airflow/example_dags/example_python_decorator.py
[2025-10-02T23:04:05.935+0000] {logging_mixin.py:188} INFO - [2025-10-02T23:04:05.935+0000] {dag.py:3096} INFO - Sync 1 DAGs
[2025-10-02T23:04:05.954+0000] {logging_mixin.py:188} INFO - [2025-10-02T23:04:05.954+0000] {dag.py:3954} INFO - Setting next_dagrun for example_python_decorator to None, run_after=None
[2025-10-02T23:04:05.982+0000] {processor.py:183} INFO - Processing /home/airflow/.local/lib/python3.12/site-packages/airflow/example_dags/example_python_decorator.py took 0.130 seconds
[2025-10-02T23:04:36.104+0000] {processor.py:161} INFO - Started process (PID=1376) to work on /home/airflow/.local/lib/python3.12/site-packages/airflow/example_dags/example_python_decorator.py
[2025-10-02T23:04:36.106+0000] {processor.py:830} INFO - Processing file /home/airflow/.local/lib/python3.12/site-packages/airflow/example_dags/example_python_decorator.py for tasks to queue
[2025-10-02T23:04:36.109+0000] {logging_mixin.py:188} INFO - [2025-10-02T23:04:36.108+0000] {dagbag.py:545} INFO - Filling up the DagBag from /home/airflow/.local/lib/python3.12/site-packages/airflow/example_dags/example_python_decorator.py
[2025-10-02T23:04:36.128+0000] {processor.py:840} INFO - DAG(s) 'example_python_decorator' retrieved from /home/airflow/.local/lib/python3.12/site-packages/airflow/example_dags/example_python_decorator.py
[2025-10-02T23:04:36.181+0000] {logging_mixin.py:188} INFO - [2025-10-02T23:04:36.181+0000] {dag.py:3096} INFO - Sync 1 DAGs
[2025-10-02T23:04:36.203+0000] {logging_mixin.py:188} INFO - [2025-10-02T23:04:36.203+0000] {dag.py:3954} INFO - Setting next_dagrun for example_python_decorator to None, run_after=None
[2025-10-02T23:04:36.230+0000] {processor.py:183} INFO - Processing /home/airflow/.local/lib/python3.12/site-packages/airflow/example_dags/example_python_decorator.py took 0.134 seconds
[2025-10-02T23:05:06.673+0000] {processor.py:161} INFO - Started process (PID=1429) to work on /home/airflow/.local/lib/python3.12/site-packages/airflow/example_dags/example_python_decorator.py
[2025-10-02T23:05:06.675+0000] {processor.py:830} INFO - Processing file /home/airflow/.local/lib/python3.12/site-packages/airflow/example_dags/example_python_decorator.py for tasks to queue
[2025-10-02T23:05:06.678+0000] {logging_mixin.py:188} INFO - [2025-10-02T23:05:06.678+0000] {dagbag.py:545} INFO - Filling up the DagBag from /home/airflow/.local/lib/python3.12/site-packages/airflow/example_dags/example_python_decorator.py
[2025-10-02T23:05:06.698+0000] {processor.py:840} INFO - DAG(s) 'example_python_decorator' retrieved from /home/airflow/.local/lib/python3.12/site-packages/airflow/example_dags/example_python_decorator.py
[2025-10-02T23:05:06.728+0000] {logging_mixin.py:188} INFO - [2025-10-02T23:05:06.728+0000] {dag.py:3096} INFO - Sync 1 DAGs
[2025-10-02T23:05:06.745+0000] {logging_mixin.py:188} INFO - [2025-10-02T23:05:06.745+0000] {dag.py:3954} INFO - Setting next_dagrun for example_python_decorator to None, run_after=None
[2025-10-02T23:05:06.770+0000] {processor.py:183} INFO - Processing /home/airflow/.local/lib/python3.12/site-packages/airflow/example_dags/example_python_decorator.py took 0.106 seconds
[2025-10-02T23:05:37.178+0000] {processor.py:161} INFO - Started process (PID=1482) to work on /home/airflow/.local/lib/python3.12/site-packages/airflow/example_dags/example_python_decorator.py
[2025-10-02T23:05:37.180+0000] {processor.py:830} INFO - Processing file /home/airflow/.local/lib/python3.12/site-packages/airflow/example_dags/example_python_decorator.py for tasks to queue
[2025-10-02T23:05:37.188+0000] {logging_mixin.py:188} INFO - [2025-10-02T23:05:37.187+0000] {dagbag.py:545} INFO - Filling up the DagBag from /home/airflow/.local/lib/python3.12/site-packages/airflow/example_dags/example_python_decorator.py
[2025-10-02T23:05:37.223+0000] {processor.py:840} INFO - DAG(s) 'example_python_decorator' retrieved from /home/airflow/.local/lib/python3.12/site-packages/airflow/example_dags/example_python_decorator.py
[2025-10-02T23:05:37.315+0000] {logging_mixin.py:188} INFO - [2025-10-02T23:05:37.315+0000] {dag.py:3096} INFO - Sync 1 DAGs
[2025-10-02T23:05:37.360+0000] {logging_mixin.py:188} INFO - [2025-10-02T23:05:37.359+0000] {dag.py:3954} INFO - Setting next_dagrun for example_python_decorator to None, run_after=None
[2025-10-02T23:05:37.406+0000] {processor.py:183} INFO - Processing /home/airflow/.local/lib/python3.12/site-packages/airflow/example_dags/example_python_decorator.py took 0.254 seconds
[2025-10-02T23:06:08.071+0000] {processor.py:161} INFO - Started process (PID=1535) to work on /home/airflow/.local/lib/python3.12/site-packages/airflow/example_dags/example_python_decorator.py
[2025-10-02T23:06:08.072+0000] {processor.py:830} INFO - Processing file /home/airflow/.local/lib/python3.12/site-packages/airflow/example_dags/example_python_decorator.py for tasks to queue
[2025-10-02T23:06:08.075+0000] {logging_mixin.py:188} INFO - [2025-10-02T23:06:08.075+0000] {dagbag.py:545} INFO - Filling up the DagBag from /home/airflow/.local/lib/python3.12/site-packages/airflow/example_dags/example_python_decorator.py
[2025-10-02T23:06:08.101+0000] {processor.py:840} INFO - DAG(s) 'example_python_decorator' retrieved from /home/airflow/.local/lib/python3.12/site-packages/airflow/example_dags/example_python_decorator.py
[2025-10-02T23:06:08.148+0000] {logging_mixin.py:188} INFO - [2025-10-02T23:06:08.147+0000] {dag.py:3096} INFO - Sync 1 DAGs
[2025-10-02T23:06:08.172+0000] {logging_mixin.py:188} INFO - [2025-10-02T23:06:08.172+0000] {dag.py:3954} INFO - Setting next_dagrun for example_python_decorator to None, run_after=None
[2025-10-02T23:06:08.199+0000] {processor.py:183} INFO - Processing /home/airflow/.local/lib/python3.12/site-packages/airflow/example_dags/example_python_decorator.py took 0.138 seconds
[2025-10-02T23:06:38.577+0000] {processor.py:161} INFO - Started process (PID=1588) to work on /home/airflow/.local/lib/python3.12/site-packages/airflow/example_dags/example_python_decorator.py
[2025-10-02T23:06:38.579+0000] {processor.py:830} INFO - Processing file /home/airflow/.local/lib/python3.12/site-packages/airflow/example_dags/example_python_decorator.py for tasks to queue
[2025-10-02T23:06:38.582+0000] {logging_mixin.py:188} INFO - [2025-10-02T23:06:38.582+0000] {dagbag.py:545} INFO - Filling up the DagBag from /home/airflow/.local/lib/python3.12/site-packages/airflow/example_dags/example_python_decorator.py
[2025-10-02T23:06:38.603+0000] {processor.py:840} INFO - DAG(s) 'example_python_decorator' retrieved from /home/airflow/.local/lib/python3.12/site-packages/airflow/example_dags/example_python_decorator.py
[2025-10-02T23:06:38.643+0000] {logging_mixin.py:188} INFO - [2025-10-02T23:06:38.643+0000] {dag.py:3096} INFO - Sync 1 DAGs
[2025-10-02T23:06:38.663+0000] {logging_mixin.py:188} INFO - [2025-10-02T23:06:38.663+0000] {dag.py:3954} INFO - Setting next_dagrun for example_python_decorator to None, run_after=None
[2025-10-02T23:06:38.878+0000] {processor.py:183} INFO - Processing /home/airflow/.local/lib/python3.12/site-packages/airflow/example_dags/example_python_decorator.py took 0.310 seconds
[2025-10-02T23:07:09.464+0000] {processor.py:161} INFO - Started process (PID=1641) to work on /home/airflow/.local/lib/python3.12/site-packages/airflow/example_dags/example_python_decorator.py
[2025-10-02T23:07:09.465+0000] {processor.py:830} INFO - Processing file /home/airflow/.local/lib/python3.12/site-packages/airflow/example_dags/example_python_decorator.py for tasks to queue
[2025-10-02T23:07:09.468+0000] {logging_mixin.py:188} INFO - [2025-10-02T23:07:09.467+0000] {dagbag.py:545} INFO - Filling up the DagBag from /home/airflow/.local/lib/python3.12/site-packages/airflow/example_dags/example_python_decorator.py
[2025-10-02T23:07:09.489+0000] {processor.py:840} INFO - DAG(s) 'example_python_decorator' retrieved from /home/airflow/.local/lib/python3.12/site-packages/airflow/example_dags/example_python_decorator.py
[2025-10-02T23:07:09.526+0000] {logging_mixin.py:188} INFO - [2025-10-02T23:07:09.525+0000] {dag.py:3096} INFO - Sync 1 DAGs
[2025-10-02T23:07:09.547+0000] {logging_mixin.py:188} INFO - [2025-10-02T23:07:09.547+0000] {dag.py:3954} INFO - Setting next_dagrun for example_python_decorator to None, run_after=None
[2025-10-02T23:07:09.580+0000] {processor.py:183} INFO - Processing /home/airflow/.local/lib/python3.12/site-packages/airflow/example_dags/example_python_decorator.py took 0.125 seconds
[2025-10-02T23:07:39.824+0000] {processor.py:161} INFO - Started process (PID=1694) to work on /home/airflow/.local/lib/python3.12/site-packages/airflow/example_dags/example_python_decorator.py
[2025-10-02T23:07:39.826+0000] {processor.py:830} INFO - Processing file /home/airflow/.local/lib/python3.12/site-packages/airflow/example_dags/example_python_decorator.py for tasks to queue
[2025-10-02T23:07:39.828+0000] {logging_mixin.py:188} INFO - [2025-10-02T23:07:39.828+0000] {dagbag.py:545} INFO - Filling up the DagBag from /home/airflow/.local/lib/python3.12/site-packages/airflow/example_dags/example_python_decorator.py
[2025-10-02T23:07:39.847+0000] {processor.py:840} INFO - DAG(s) 'example_python_decorator' retrieved from /home/airflow/.local/lib/python3.12/site-packages/airflow/example_dags/example_python_decorator.py
[2025-10-02T23:07:39.878+0000] {logging_mixin.py:188} INFO - [2025-10-02T23:07:39.877+0000] {dag.py:3096} INFO - Sync 1 DAGs
[2025-10-02T23:07:39.893+0000] {logging_mixin.py:188} INFO - [2025-10-02T23:07:39.893+0000] {dag.py:3954} INFO - Setting next_dagrun for example_python_decorator to None, run_after=None
[2025-10-02T23:07:39.923+0000] {processor.py:183} INFO - Processing /home/airflow/.local/lib/python3.12/site-packages/airflow/example_dags/example_python_decorator.py took 0.107 seconds
[2025-10-02T23:08:10.592+0000] {processor.py:161} INFO - Started process (PID=1747) to work on /home/airflow/.local/lib/python3.12/site-packages/airflow/example_dags/example_python_decorator.py
[2025-10-02T23:08:10.594+0000] {processor.py:830} INFO - Processing file /home/airflow/.local/lib/python3.12/site-packages/airflow/example_dags/example_python_decorator.py for tasks to queue
[2025-10-02T23:08:10.597+0000] {logging_mixin.py:188} INFO - [2025-10-02T23:08:10.597+0000] {dagbag.py:545} INFO - Filling up the DagBag from /home/airflow/.local/lib/python3.12/site-packages/airflow/example_dags/example_python_decorator.py
[2025-10-02T23:08:10.616+0000] {processor.py:840} INFO - DAG(s) 'example_python_decorator' retrieved from /home/airflow/.local/lib/python3.12/site-packages/airflow/example_dags/example_python_decorator.py
[2025-10-02T23:08:10.648+0000] {logging_mixin.py:188} INFO - [2025-10-02T23:08:10.648+0000] {dag.py:3096} INFO - Sync 1 DAGs
[2025-10-02T23:08:10.667+0000] {logging_mixin.py:188} INFO - [2025-10-02T23:08:10.666+0000] {dag.py:3954} INFO - Setting next_dagrun for example_python_decorator to None, run_after=None
[2025-10-02T23:08:10.692+0000] {processor.py:183} INFO - Processing /home/airflow/.local/lib/python3.12/site-packages/airflow/example_dags/example_python_decorator.py took 0.109 seconds
[2025-10-02T23:08:40.853+0000] {processor.py:161} INFO - Started process (PID=1800) to work on /home/airflow/.local/lib/python3.12/site-packages/airflow/example_dags/example_python_decorator.py
[2025-10-02T23:08:40.854+0000] {processor.py:830} INFO - Processing file /home/airflow/.local/lib/python3.12/site-packages/airflow/example_dags/example_python_decorator.py for tasks to queue
[2025-10-02T23:08:40.857+0000] {logging_mixin.py:188} INFO - [2025-10-02T23:08:40.857+0000] {dagbag.py:545} INFO - Filling up the DagBag from /home/airflow/.local/lib/python3.12/site-packages/airflow/example_dags/example_python_decorator.py
[2025-10-02T23:08:40.875+0000] {processor.py:840} INFO - DAG(s) 'example_python_decorator' retrieved from /home/airflow/.local/lib/python3.12/site-packages/airflow/example_dags/example_python_decorator.py
[2025-10-02T23:08:40.905+0000] {logging_mixin.py:188} INFO - [2025-10-02T23:08:40.904+0000] {dag.py:3096} INFO - Sync 1 DAGs
[2025-10-02T23:08:40.923+0000] {logging_mixin.py:188} INFO - [2025-10-02T23:08:40.923+0000] {dag.py:3954} INFO - Setting next_dagrun for example_python_decorator to None, run_after=None
[2025-10-02T23:08:40.949+0000] {processor.py:183} INFO - Processing /home/airflow/.local/lib/python3.12/site-packages/airflow/example_dags/example_python_decorator.py took 0.105 seconds
[2025-10-02T23:09:11.542+0000] {processor.py:161} INFO - Started process (PID=1853) to work on /home/airflow/.local/lib/python3.12/site-packages/airflow/example_dags/example_python_decorator.py
[2025-10-02T23:09:11.544+0000] {processor.py:830} INFO - Processing file /home/airflow/.local/lib/python3.12/site-packages/airflow/example_dags/example_python_decorator.py for tasks to queue
[2025-10-02T23:09:11.549+0000] {logging_mixin.py:188} INFO - [2025-10-02T23:09:11.548+0000] {dagbag.py:545} INFO - Filling up the DagBag from /home/airflow/.local/lib/python3.12/site-packages/airflow/example_dags/example_python_decorator.py
[2025-10-02T23:09:11.569+0000] {processor.py:840} INFO - DAG(s) 'example_python_decorator' retrieved from /home/airflow/.local/lib/python3.12/site-packages/airflow/example_dags/example_python_decorator.py
[2025-10-02T23:09:11.602+0000] {logging_mixin.py:188} INFO - [2025-10-02T23:09:11.602+0000] {dag.py:3096} INFO - Sync 1 DAGs
[2025-10-02T23:09:11.623+0000] {logging_mixin.py:188} INFO - [2025-10-02T23:09:11.622+0000] {dag.py:3954} INFO - Setting next_dagrun for example_python_decorator to None, run_after=None
[2025-10-02T23:09:11.649+0000] {processor.py:183} INFO - Processing /home/airflow/.local/lib/python3.12/site-packages/airflow/example_dags/example_python_decorator.py took 0.119 seconds
[2025-10-02T23:09:42.469+0000] {processor.py:161} INFO - Started process (PID=1906) to work on /home/airflow/.local/lib/python3.12/site-packages/airflow/example_dags/example_python_decorator.py
[2025-10-02T23:09:42.471+0000] {processor.py:830} INFO - Processing file /home/airflow/.local/lib/python3.12/site-packages/airflow/example_dags/example_python_decorator.py for tasks to queue
[2025-10-02T23:09:42.474+0000] {logging_mixin.py:188} INFO - [2025-10-02T23:09:42.473+0000] {dagbag.py:545} INFO - Filling up the DagBag from /home/airflow/.local/lib/python3.12/site-packages/airflow/example_dags/example_python_decorator.py
[2025-10-02T23:09:42.496+0000] {processor.py:840} INFO - DAG(s) 'example_python_decorator' retrieved from /home/airflow/.local/lib/python3.12/site-packages/airflow/example_dags/example_python_decorator.py
[2025-10-02T23:09:42.528+0000] {logging_mixin.py:188} INFO - [2025-10-02T23:09:42.528+0000] {dag.py:3096} INFO - Sync 1 DAGs
[2025-10-02T23:09:42.546+0000] {logging_mixin.py:188} INFO - [2025-10-02T23:09:42.546+0000] {dag.py:3954} INFO - Setting next_dagrun for example_python_decorator to None, run_after=None
[2025-10-02T23:09:42.570+0000] {processor.py:183} INFO - Processing /home/airflow/.local/lib/python3.12/site-packages/airflow/example_dags/example_python_decorator.py took 0.110 seconds
[2025-10-02T23:10:12.898+0000] {processor.py:161} INFO - Started process (PID=1959) to work on /home/airflow/.local/lib/python3.12/site-packages/airflow/example_dags/example_python_decorator.py
[2025-10-02T23:10:12.899+0000] {processor.py:830} INFO - Processing file /home/airflow/.local/lib/python3.12/site-packages/airflow/example_dags/example_python_decorator.py for tasks to queue
[2025-10-02T23:10:12.903+0000] {logging_mixin.py:188} INFO - [2025-10-02T23:10:12.902+0000] {dagbag.py:545} INFO - Filling up the DagBag from /home/airflow/.local/lib/python3.12/site-packages/airflow/example_dags/example_python_decorator.py
[2025-10-02T23:10:12.923+0000] {processor.py:840} INFO - DAG(s) 'example_python_decorator' retrieved from /home/airflow/.local/lib/python3.12/site-packages/airflow/example_dags/example_python_decorator.py
[2025-10-02T23:10:12.960+0000] {logging_mixin.py:188} INFO - [2025-10-02T23:10:12.960+0000] {dag.py:3096} INFO - Sync 1 DAGs
[2025-10-02T23:10:12.978+0000] {logging_mixin.py:188} INFO - [2025-10-02T23:10:12.978+0000] {dag.py:3954} INFO - Setting next_dagrun for example_python_decorator to None, run_after=None
[2025-10-02T23:10:13.006+0000] {processor.py:183} INFO - Processing /home/airflow/.local/lib/python3.12/site-packages/airflow/example_dags/example_python_decorator.py took 0.118 seconds
