[2025-10-02T22:50:36.510+0000] {processor.py:161} INFO - Started process (PID=42) to work on /home/airflow/.local/lib/python3.12/site-packages/airflow/example_dags/example_xcomargs.py
[2025-10-02T22:50:36.515+0000] {processor.py:830} INFO - Processing file /home/airflow/.local/lib/python3.12/site-packages/airflow/example_dags/example_xcomargs.py for tasks to queue
[2025-10-02T22:50:36.523+0000] {logging_mixin.py:188} INFO - [2025-10-02T22:50:36.522+0000] {dagbag.py:545} INFO - Filling up the DagBag from /home/airflow/.local/lib/python3.12/site-packages/airflow/example_dags/example_xcomargs.py
[2025-10-02T22:50:36.557+0000] {processor.py:840} INFO - DAG(s) 'example_xcom_args_with_operators', 'example_xcom_args' retrieved from /home/airflow/.local/lib/python3.12/site-packages/airflow/example_dags/example_xcomargs.py
[2025-10-02T22:50:36.975+0000] {logging_mixin.py:188} INFO - [2025-10-02T22:50:36.966+0000] {override.py:1829} INFO - Created Permission View: can delete on DAG:example_xcom_args_with_operators
[2025-10-02T22:50:37.018+0000] {logging_mixin.py:188} INFO - [2025-10-02T22:50:37.018+0000] {override.py:1829} INFO - Created Permission View: can edit on DAG:example_xcom_args_with_operators
[2025-10-02T22:50:37.034+0000] {logging_mixin.py:188} INFO - [2025-10-02T22:50:37.033+0000] {override.py:1829} INFO - Created Permission View: can read on DAG:example_xcom_args_with_operators
[2025-10-02T22:50:37.058+0000] {logging_mixin.py:188} INFO - [2025-10-02T22:50:37.058+0000] {override.py:1829} INFO - Created Permission View: can delete on DAG:example_xcom_args
[2025-10-02T22:50:37.071+0000] {logging_mixin.py:188} INFO - [2025-10-02T22:50:37.070+0000] {override.py:1829} INFO - Created Permission View: can edit on DAG:example_xcom_args
[2025-10-02T22:50:37.094+0000] {logging_mixin.py:188} INFO - [2025-10-02T22:50:37.094+0000] {override.py:1829} INFO - Created Permission View: can read on DAG:example_xcom_args
[2025-10-02T22:50:37.095+0000] {logging_mixin.py:188} INFO - [2025-10-02T22:50:37.095+0000] {dag.py:3096} INFO - Sync 2 DAGs
[2025-10-02T22:50:37.147+0000] {logging_mixin.py:188} INFO - [2025-10-02T22:50:37.146+0000] {dag.py:3118} INFO - Creating ORM DAG for example_xcom_args
[2025-10-02T22:50:37.150+0000] {logging_mixin.py:188} INFO - [2025-10-02T22:50:37.149+0000] {dag.py:3118} INFO - Creating ORM DAG for example_xcom_args_with_operators
[2025-10-02T22:50:37.152+0000] {logging_mixin.py:188} INFO - [2025-10-02T22:50:37.152+0000] {dag.py:3954} INFO - Setting next_dagrun for example_xcom_args to None, run_after=None
[2025-10-02T22:50:37.153+0000] {logging_mixin.py:188} INFO - [2025-10-02T22:50:37.153+0000] {dag.py:3954} INFO - Setting next_dagrun for example_xcom_args_with_operators to None, run_after=None
[2025-10-02T22:50:37.193+0000] {processor.py:183} INFO - Processing /home/airflow/.local/lib/python3.12/site-packages/airflow/example_dags/example_xcomargs.py took 0.701 seconds
[2025-10-02T22:51:49.622+0000] {processor.py:161} INFO - Started process (PID=42) to work on /home/airflow/.local/lib/python3.12/site-packages/airflow/example_dags/example_xcomargs.py
[2025-10-02T22:51:49.624+0000] {processor.py:830} INFO - Processing file /home/airflow/.local/lib/python3.12/site-packages/airflow/example_dags/example_xcomargs.py for tasks to queue
[2025-10-02T22:51:49.628+0000] {logging_mixin.py:188} INFO - [2025-10-02T22:51:49.627+0000] {dagbag.py:545} INFO - Filling up the DagBag from /home/airflow/.local/lib/python3.12/site-packages/airflow/example_dags/example_xcomargs.py
[2025-10-02T22:51:49.649+0000] {processor.py:840} INFO - DAG(s) 'example_xcom_args', 'example_xcom_args_with_operators' retrieved from /home/airflow/.local/lib/python3.12/site-packages/airflow/example_dags/example_xcomargs.py
[2025-10-02T22:51:49.681+0000] {logging_mixin.py:188} INFO - [2025-10-02T22:51:49.681+0000] {dag.py:3096} INFO - Sync 2 DAGs
[2025-10-02T22:51:49.706+0000] {logging_mixin.py:188} INFO - [2025-10-02T22:51:49.706+0000] {dag.py:3954} INFO - Setting next_dagrun for example_xcom_args to None, run_after=None
[2025-10-02T22:51:49.711+0000] {logging_mixin.py:188} INFO - [2025-10-02T22:51:49.710+0000] {dag.py:3954} INFO - Setting next_dagrun for example_xcom_args_with_operators to None, run_after=None
[2025-10-02T22:51:49.736+0000] {processor.py:183} INFO - Processing /home/airflow/.local/lib/python3.12/site-packages/airflow/example_dags/example_xcomargs.py took 0.126 seconds
[2025-10-02T22:52:20.516+0000] {processor.py:161} INFO - Started process (PID=95) to work on /home/airflow/.local/lib/python3.12/site-packages/airflow/example_dags/example_xcomargs.py
[2025-10-02T22:52:20.525+0000] {processor.py:830} INFO - Processing file /home/airflow/.local/lib/python3.12/site-packages/airflow/example_dags/example_xcomargs.py for tasks to queue
[2025-10-02T22:52:20.533+0000] {logging_mixin.py:188} INFO - [2025-10-02T22:52:20.531+0000] {dagbag.py:545} INFO - Filling up the DagBag from /home/airflow/.local/lib/python3.12/site-packages/airflow/example_dags/example_xcomargs.py
[2025-10-02T22:52:20.575+0000] {processor.py:840} INFO - DAG(s) 'example_xcom_args_with_operators', 'example_xcom_args' retrieved from /home/airflow/.local/lib/python3.12/site-packages/airflow/example_dags/example_xcomargs.py
[2025-10-02T22:52:20.618+0000] {logging_mixin.py:188} INFO - [2025-10-02T22:52:20.618+0000] {dag.py:3096} INFO - Sync 2 DAGs
[2025-10-02T22:52:20.654+0000] {logging_mixin.py:188} INFO - [2025-10-02T22:52:20.653+0000] {dag.py:3954} INFO - Setting next_dagrun for example_xcom_args to None, run_after=None
[2025-10-02T22:52:20.664+0000] {logging_mixin.py:188} INFO - [2025-10-02T22:52:20.664+0000] {dag.py:3954} INFO - Setting next_dagrun for example_xcom_args_with_operators to None, run_after=None
[2025-10-02T22:52:20.697+0000] {processor.py:183} INFO - Processing /home/airflow/.local/lib/python3.12/site-packages/airflow/example_dags/example_xcomargs.py took 0.202 seconds
[2025-10-02T22:52:50.982+0000] {processor.py:161} INFO - Started process (PID=148) to work on /home/airflow/.local/lib/python3.12/site-packages/airflow/example_dags/example_xcomargs.py
[2025-10-02T22:52:50.984+0000] {processor.py:830} INFO - Processing file /home/airflow/.local/lib/python3.12/site-packages/airflow/example_dags/example_xcomargs.py for tasks to queue
[2025-10-02T22:52:50.986+0000] {logging_mixin.py:188} INFO - [2025-10-02T22:52:50.986+0000] {dagbag.py:545} INFO - Filling up the DagBag from /home/airflow/.local/lib/python3.12/site-packages/airflow/example_dags/example_xcomargs.py
[2025-10-02T22:52:50.997+0000] {processor.py:840} INFO - DAG(s) 'example_xcom_args_with_operators', 'example_xcom_args' retrieved from /home/airflow/.local/lib/python3.12/site-packages/airflow/example_dags/example_xcomargs.py
[2025-10-02T22:52:51.142+0000] {logging_mixin.py:188} INFO - [2025-10-02T22:52:51.142+0000] {dag.py:3096} INFO - Sync 2 DAGs
[2025-10-02T22:52:51.157+0000] {logging_mixin.py:188} INFO - [2025-10-02T22:52:51.157+0000] {dag.py:3954} INFO - Setting next_dagrun for example_xcom_args to None, run_after=None
[2025-10-02T22:52:51.161+0000] {logging_mixin.py:188} INFO - [2025-10-02T22:52:51.161+0000] {dag.py:3954} INFO - Setting next_dagrun for example_xcom_args_with_operators to None, run_after=None
[2025-10-02T22:52:51.182+0000] {processor.py:183} INFO - Processing /home/airflow/.local/lib/python3.12/site-packages/airflow/example_dags/example_xcomargs.py took 0.208 seconds
[2025-10-02T22:53:21.756+0000] {processor.py:161} INFO - Started process (PID=201) to work on /home/airflow/.local/lib/python3.12/site-packages/airflow/example_dags/example_xcomargs.py
[2025-10-02T22:53:21.757+0000] {processor.py:830} INFO - Processing file /home/airflow/.local/lib/python3.12/site-packages/airflow/example_dags/example_xcomargs.py for tasks to queue
[2025-10-02T22:53:21.760+0000] {logging_mixin.py:188} INFO - [2025-10-02T22:53:21.760+0000] {dagbag.py:545} INFO - Filling up the DagBag from /home/airflow/.local/lib/python3.12/site-packages/airflow/example_dags/example_xcomargs.py
[2025-10-02T22:53:21.772+0000] {processor.py:840} INFO - DAG(s) 'example_xcom_args_with_operators', 'example_xcom_args' retrieved from /home/airflow/.local/lib/python3.12/site-packages/airflow/example_dags/example_xcomargs.py
[2025-10-02T22:53:21.820+0000] {logging_mixin.py:188} INFO - [2025-10-02T22:53:21.820+0000] {dag.py:3096} INFO - Sync 2 DAGs
[2025-10-02T22:53:21.876+0000] {logging_mixin.py:188} INFO - [2025-10-02T22:53:21.876+0000] {dag.py:3954} INFO - Setting next_dagrun for example_xcom_args to None, run_after=None
[2025-10-02T22:53:21.885+0000] {logging_mixin.py:188} INFO - [2025-10-02T22:53:21.884+0000] {dag.py:3954} INFO - Setting next_dagrun for example_xcom_args_with_operators to None, run_after=None
[2025-10-02T22:53:21.915+0000] {processor.py:183} INFO - Processing /home/airflow/.local/lib/python3.12/site-packages/airflow/example_dags/example_xcomargs.py took 0.169 seconds
[2025-10-02T22:53:53.397+0000] {processor.py:161} INFO - Started process (PID=255) to work on /home/airflow/.local/lib/python3.12/site-packages/airflow/example_dags/example_xcomargs.py
[2025-10-02T22:53:53.402+0000] {processor.py:830} INFO - Processing file /home/airflow/.local/lib/python3.12/site-packages/airflow/example_dags/example_xcomargs.py for tasks to queue
[2025-10-02T22:53:53.414+0000] {logging_mixin.py:188} INFO - [2025-10-02T22:53:53.413+0000] {dagbag.py:545} INFO - Filling up the DagBag from /home/airflow/.local/lib/python3.12/site-packages/airflow/example_dags/example_xcomargs.py
[2025-10-02T22:53:53.457+0000] {processor.py:840} INFO - DAG(s) 'example_xcom_args', 'example_xcom_args_with_operators' retrieved from /home/airflow/.local/lib/python3.12/site-packages/airflow/example_dags/example_xcomargs.py
[2025-10-02T22:53:53.554+0000] {logging_mixin.py:188} INFO - [2025-10-02T22:53:53.552+0000] {dag.py:3096} INFO - Sync 2 DAGs
[2025-10-02T22:53:53.667+0000] {logging_mixin.py:188} INFO - [2025-10-02T22:53:53.667+0000] {dag.py:3954} INFO - Setting next_dagrun for example_xcom_args to None, run_after=None
[2025-10-02T22:53:53.688+0000] {logging_mixin.py:188} INFO - [2025-10-02T22:53:53.688+0000] {dag.py:3954} INFO - Setting next_dagrun for example_xcom_args_with_operators to None, run_after=None
[2025-10-02T22:53:53.737+0000] {processor.py:183} INFO - Processing /home/airflow/.local/lib/python3.12/site-packages/airflow/example_dags/example_xcomargs.py took 0.359 seconds
[2025-10-02T22:54:24.021+0000] {processor.py:161} INFO - Started process (PID=308) to work on /home/airflow/.local/lib/python3.12/site-packages/airflow/example_dags/example_xcomargs.py
[2025-10-02T22:54:24.023+0000] {processor.py:830} INFO - Processing file /home/airflow/.local/lib/python3.12/site-packages/airflow/example_dags/example_xcomargs.py for tasks to queue
[2025-10-02T22:54:24.026+0000] {logging_mixin.py:188} INFO - [2025-10-02T22:54:24.025+0000] {dagbag.py:545} INFO - Filling up the DagBag from /home/airflow/.local/lib/python3.12/site-packages/airflow/example_dags/example_xcomargs.py
[2025-10-02T22:54:24.037+0000] {processor.py:840} INFO - DAG(s) 'example_xcom_args', 'example_xcom_args_with_operators' retrieved from /home/airflow/.local/lib/python3.12/site-packages/airflow/example_dags/example_xcomargs.py
[2025-10-02T22:54:24.225+0000] {logging_mixin.py:188} INFO - [2025-10-02T22:54:24.225+0000] {dag.py:3096} INFO - Sync 2 DAGs
[2025-10-02T22:54:24.241+0000] {logging_mixin.py:188} INFO - [2025-10-02T22:54:24.241+0000] {dag.py:3954} INFO - Setting next_dagrun for example_xcom_args to None, run_after=None
[2025-10-02T22:54:24.245+0000] {logging_mixin.py:188} INFO - [2025-10-02T22:54:24.245+0000] {dag.py:3954} INFO - Setting next_dagrun for example_xcom_args_with_operators to None, run_after=None
[2025-10-02T22:54:24.268+0000] {processor.py:183} INFO - Processing /home/airflow/.local/lib/python3.12/site-packages/airflow/example_dags/example_xcomargs.py took 0.255 seconds
[2025-10-02T22:54:54.779+0000] {processor.py:161} INFO - Started process (PID=361) to work on /home/airflow/.local/lib/python3.12/site-packages/airflow/example_dags/example_xcomargs.py
[2025-10-02T22:54:54.780+0000] {processor.py:830} INFO - Processing file /home/airflow/.local/lib/python3.12/site-packages/airflow/example_dags/example_xcomargs.py for tasks to queue
[2025-10-02T22:54:54.783+0000] {logging_mixin.py:188} INFO - [2025-10-02T22:54:54.783+0000] {dagbag.py:545} INFO - Filling up the DagBag from /home/airflow/.local/lib/python3.12/site-packages/airflow/example_dags/example_xcomargs.py
[2025-10-02T22:54:54.795+0000] {processor.py:840} INFO - DAG(s) 'example_xcom_args_with_operators', 'example_xcom_args' retrieved from /home/airflow/.local/lib/python3.12/site-packages/airflow/example_dags/example_xcomargs.py
[2025-10-02T22:54:54.834+0000] {logging_mixin.py:188} INFO - [2025-10-02T22:54:54.833+0000] {dag.py:3096} INFO - Sync 2 DAGs
[2025-10-02T22:54:54.852+0000] {logging_mixin.py:188} INFO - [2025-10-02T22:54:54.851+0000] {dag.py:3954} INFO - Setting next_dagrun for example_xcom_args to None, run_after=None
[2025-10-02T22:54:54.856+0000] {logging_mixin.py:188} INFO - [2025-10-02T22:54:54.856+0000] {dag.py:3954} INFO - Setting next_dagrun for example_xcom_args_with_operators to None, run_after=None
[2025-10-02T22:54:54.879+0000] {processor.py:183} INFO - Processing /home/airflow/.local/lib/python3.12/site-packages/airflow/example_dags/example_xcomargs.py took 0.109 seconds
[2025-10-02T22:55:25.535+0000] {processor.py:161} INFO - Started process (PID=414) to work on /home/airflow/.local/lib/python3.12/site-packages/airflow/example_dags/example_xcomargs.py
[2025-10-02T22:55:25.537+0000] {processor.py:830} INFO - Processing file /home/airflow/.local/lib/python3.12/site-packages/airflow/example_dags/example_xcomargs.py for tasks to queue
[2025-10-02T22:55:25.541+0000] {logging_mixin.py:188} INFO - [2025-10-02T22:55:25.540+0000] {dagbag.py:545} INFO - Filling up the DagBag from /home/airflow/.local/lib/python3.12/site-packages/airflow/example_dags/example_xcomargs.py
[2025-10-02T22:55:25.564+0000] {processor.py:840} INFO - DAG(s) 'example_xcom_args', 'example_xcom_args_with_operators' retrieved from /home/airflow/.local/lib/python3.12/site-packages/airflow/example_dags/example_xcomargs.py
[2025-10-02T22:55:25.614+0000] {logging_mixin.py:188} INFO - [2025-10-02T22:55:25.614+0000] {dag.py:3096} INFO - Sync 2 DAGs
[2025-10-02T22:55:25.638+0000] {logging_mixin.py:188} INFO - [2025-10-02T22:55:25.638+0000] {dag.py:3954} INFO - Setting next_dagrun for example_xcom_args to None, run_after=None
[2025-10-02T22:55:25.646+0000] {logging_mixin.py:188} INFO - [2025-10-02T22:55:25.646+0000] {dag.py:3954} INFO - Setting next_dagrun for example_xcom_args_with_operators to None, run_after=None
[2025-10-02T22:55:25.672+0000] {processor.py:183} INFO - Processing /home/airflow/.local/lib/python3.12/site-packages/airflow/example_dags/example_xcomargs.py took 0.152 seconds
[2025-10-02T22:55:56.218+0000] {processor.py:161} INFO - Started process (PID=471) to work on /home/airflow/.local/lib/python3.12/site-packages/airflow/example_dags/example_xcomargs.py
[2025-10-02T22:55:56.220+0000] {processor.py:830} INFO - Processing file /home/airflow/.local/lib/python3.12/site-packages/airflow/example_dags/example_xcomargs.py for tasks to queue
[2025-10-02T22:55:56.223+0000] {logging_mixin.py:188} INFO - [2025-10-02T22:55:56.223+0000] {dagbag.py:545} INFO - Filling up the DagBag from /home/airflow/.local/lib/python3.12/site-packages/airflow/example_dags/example_xcomargs.py
[2025-10-02T22:55:56.236+0000] {processor.py:840} INFO - DAG(s) 'example_xcom_args', 'example_xcom_args_with_operators' retrieved from /home/airflow/.local/lib/python3.12/site-packages/airflow/example_dags/example_xcomargs.py
[2025-10-02T22:55:56.282+0000] {logging_mixin.py:188} INFO - [2025-10-02T22:55:56.282+0000] {dag.py:3096} INFO - Sync 2 DAGs
[2025-10-02T22:55:56.311+0000] {logging_mixin.py:188} INFO - [2025-10-02T22:55:56.311+0000] {dag.py:3954} INFO - Setting next_dagrun for example_xcom_args to None, run_after=None
[2025-10-02T22:55:56.318+0000] {logging_mixin.py:188} INFO - [2025-10-02T22:55:56.317+0000] {dag.py:3954} INFO - Setting next_dagrun for example_xcom_args_with_operators to None, run_after=None
[2025-10-02T22:55:56.349+0000] {processor.py:183} INFO - Processing /home/airflow/.local/lib/python3.12/site-packages/airflow/example_dags/example_xcomargs.py took 0.141 seconds
[2025-10-02T22:56:26.687+0000] {processor.py:161} INFO - Started process (PID=524) to work on /home/airflow/.local/lib/python3.12/site-packages/airflow/example_dags/example_xcomargs.py
[2025-10-02T22:56:26.688+0000] {processor.py:830} INFO - Processing file /home/airflow/.local/lib/python3.12/site-packages/airflow/example_dags/example_xcomargs.py for tasks to queue
[2025-10-02T22:56:26.691+0000] {logging_mixin.py:188} INFO - [2025-10-02T22:56:26.691+0000] {dagbag.py:545} INFO - Filling up the DagBag from /home/airflow/.local/lib/python3.12/site-packages/airflow/example_dags/example_xcomargs.py
[2025-10-02T22:56:26.704+0000] {processor.py:840} INFO - DAG(s) 'example_xcom_args_with_operators', 'example_xcom_args' retrieved from /home/airflow/.local/lib/python3.12/site-packages/airflow/example_dags/example_xcomargs.py
[2025-10-02T22:56:26.740+0000] {logging_mixin.py:188} INFO - [2025-10-02T22:56:26.740+0000] {dag.py:3096} INFO - Sync 2 DAGs
[2025-10-02T22:56:26.758+0000] {logging_mixin.py:188} INFO - [2025-10-02T22:56:26.758+0000] {dag.py:3954} INFO - Setting next_dagrun for example_xcom_args to None, run_after=None
[2025-10-02T22:56:26.763+0000] {logging_mixin.py:188} INFO - [2025-10-02T22:56:26.763+0000] {dag.py:3954} INFO - Setting next_dagrun for example_xcom_args_with_operators to None, run_after=None
[2025-10-02T22:56:26.787+0000] {processor.py:183} INFO - Processing /home/airflow/.local/lib/python3.12/site-packages/airflow/example_dags/example_xcomargs.py took 0.109 seconds
[2025-10-02T22:56:57.042+0000] {processor.py:161} INFO - Started process (PID=577) to work on /home/airflow/.local/lib/python3.12/site-packages/airflow/example_dags/example_xcomargs.py
[2025-10-02T22:56:57.043+0000] {processor.py:830} INFO - Processing file /home/airflow/.local/lib/python3.12/site-packages/airflow/example_dags/example_xcomargs.py for tasks to queue
[2025-10-02T22:56:57.047+0000] {logging_mixin.py:188} INFO - [2025-10-02T22:56:57.046+0000] {dagbag.py:545} INFO - Filling up the DagBag from /home/airflow/.local/lib/python3.12/site-packages/airflow/example_dags/example_xcomargs.py
[2025-10-02T22:56:57.059+0000] {processor.py:840} INFO - DAG(s) 'example_xcom_args', 'example_xcom_args_with_operators' retrieved from /home/airflow/.local/lib/python3.12/site-packages/airflow/example_dags/example_xcomargs.py
[2025-10-02T22:56:57.090+0000] {logging_mixin.py:188} INFO - [2025-10-02T22:56:57.090+0000] {dag.py:3096} INFO - Sync 2 DAGs
[2025-10-02T22:56:57.108+0000] {logging_mixin.py:188} INFO - [2025-10-02T22:56:57.108+0000] {dag.py:3954} INFO - Setting next_dagrun for example_xcom_args to None, run_after=None
[2025-10-02T22:56:57.113+0000] {logging_mixin.py:188} INFO - [2025-10-02T22:56:57.113+0000] {dag.py:3954} INFO - Setting next_dagrun for example_xcom_args_with_operators to None, run_after=None
[2025-10-02T22:56:57.136+0000] {processor.py:183} INFO - Processing /home/airflow/.local/lib/python3.12/site-packages/airflow/example_dags/example_xcomargs.py took 0.103 seconds
[2025-10-02T22:57:27.433+0000] {processor.py:161} INFO - Started process (PID=630) to work on /home/airflow/.local/lib/python3.12/site-packages/airflow/example_dags/example_xcomargs.py
[2025-10-02T22:57:27.435+0000] {processor.py:830} INFO - Processing file /home/airflow/.local/lib/python3.12/site-packages/airflow/example_dags/example_xcomargs.py for tasks to queue
[2025-10-02T22:57:27.439+0000] {logging_mixin.py:188} INFO - [2025-10-02T22:57:27.438+0000] {dagbag.py:545} INFO - Filling up the DagBag from /home/airflow/.local/lib/python3.12/site-packages/airflow/example_dags/example_xcomargs.py
[2025-10-02T22:57:27.455+0000] {processor.py:840} INFO - DAG(s) 'example_xcom_args', 'example_xcom_args_with_operators' retrieved from /home/airflow/.local/lib/python3.12/site-packages/airflow/example_dags/example_xcomargs.py
[2025-10-02T22:57:27.495+0000] {logging_mixin.py:188} INFO - [2025-10-02T22:57:27.495+0000] {dag.py:3096} INFO - Sync 2 DAGs
[2025-10-02T22:57:27.515+0000] {logging_mixin.py:188} INFO - [2025-10-02T22:57:27.515+0000] {dag.py:3954} INFO - Setting next_dagrun for example_xcom_args to None, run_after=None
[2025-10-02T22:57:27.519+0000] {logging_mixin.py:188} INFO - [2025-10-02T22:57:27.519+0000] {dag.py:3954} INFO - Setting next_dagrun for example_xcom_args_with_operators to None, run_after=None
[2025-10-02T22:57:27.543+0000] {processor.py:183} INFO - Processing /home/airflow/.local/lib/python3.12/site-packages/airflow/example_dags/example_xcomargs.py took 0.122 seconds
[2025-10-02T22:57:58.570+0000] {processor.py:161} INFO - Started process (PID=685) to work on /home/airflow/.local/lib/python3.12/site-packages/airflow/example_dags/example_xcomargs.py
[2025-10-02T22:57:58.571+0000] {processor.py:830} INFO - Processing file /home/airflow/.local/lib/python3.12/site-packages/airflow/example_dags/example_xcomargs.py for tasks to queue
[2025-10-02T22:57:58.574+0000] {logging_mixin.py:188} INFO - [2025-10-02T22:57:58.574+0000] {dagbag.py:545} INFO - Filling up the DagBag from /home/airflow/.local/lib/python3.12/site-packages/airflow/example_dags/example_xcomargs.py
[2025-10-02T22:57:58.586+0000] {processor.py:840} INFO - DAG(s) 'example_xcom_args', 'example_xcom_args_with_operators' retrieved from /home/airflow/.local/lib/python3.12/site-packages/airflow/example_dags/example_xcomargs.py
[2025-10-02T22:57:58.606+0000] {logging_mixin.py:188} INFO - [2025-10-02T22:57:58.605+0000] {dag.py:3096} INFO - Sync 2 DAGs
[2025-10-02T22:57:58.629+0000] {logging_mixin.py:188} INFO - [2025-10-02T22:57:58.628+0000] {dag.py:3954} INFO - Setting next_dagrun for example_xcom_args to None, run_after=None
[2025-10-02T22:57:58.634+0000] {logging_mixin.py:188} INFO - [2025-10-02T22:57:58.633+0000] {dag.py:3954} INFO - Setting next_dagrun for example_xcom_args_with_operators to None, run_after=None
[2025-10-02T22:57:58.659+0000] {processor.py:183} INFO - Processing /home/airflow/.local/lib/python3.12/site-packages/airflow/example_dags/example_xcomargs.py took 0.099 seconds
[2025-10-02T22:58:29.265+0000] {processor.py:161} INFO - Started process (PID=738) to work on /home/airflow/.local/lib/python3.12/site-packages/airflow/example_dags/example_xcomargs.py
[2025-10-02T22:58:29.267+0000] {processor.py:830} INFO - Processing file /home/airflow/.local/lib/python3.12/site-packages/airflow/example_dags/example_xcomargs.py for tasks to queue
[2025-10-02T22:58:29.270+0000] {logging_mixin.py:188} INFO - [2025-10-02T22:58:29.270+0000] {dagbag.py:545} INFO - Filling up the DagBag from /home/airflow/.local/lib/python3.12/site-packages/airflow/example_dags/example_xcomargs.py
[2025-10-02T22:58:29.283+0000] {processor.py:840} INFO - DAG(s) 'example_xcom_args', 'example_xcom_args_with_operators' retrieved from /home/airflow/.local/lib/python3.12/site-packages/airflow/example_dags/example_xcomargs.py
[2025-10-02T22:58:29.445+0000] {logging_mixin.py:188} INFO - [2025-10-02T22:58:29.445+0000] {dag.py:3096} INFO - Sync 2 DAGs
[2025-10-02T22:58:29.459+0000] {logging_mixin.py:188} INFO - [2025-10-02T22:58:29.458+0000] {dag.py:3954} INFO - Setting next_dagrun for example_xcom_args to None, run_after=None
[2025-10-02T22:58:29.463+0000] {logging_mixin.py:188} INFO - [2025-10-02T22:58:29.463+0000] {dag.py:3954} INFO - Setting next_dagrun for example_xcom_args_with_operators to None, run_after=None
[2025-10-02T22:58:29.488+0000] {processor.py:183} INFO - Processing /home/airflow/.local/lib/python3.12/site-packages/airflow/example_dags/example_xcomargs.py took 0.232 seconds
[2025-10-02T22:58:59.869+0000] {processor.py:161} INFO - Started process (PID=791) to work on /home/airflow/.local/lib/python3.12/site-packages/airflow/example_dags/example_xcomargs.py
[2025-10-02T22:58:59.872+0000] {processor.py:830} INFO - Processing file /home/airflow/.local/lib/python3.12/site-packages/airflow/example_dags/example_xcomargs.py for tasks to queue
[2025-10-02T22:58:59.878+0000] {logging_mixin.py:188} INFO - [2025-10-02T22:58:59.877+0000] {dagbag.py:545} INFO - Filling up the DagBag from /home/airflow/.local/lib/python3.12/site-packages/airflow/example_dags/example_xcomargs.py
[2025-10-02T22:58:59.909+0000] {processor.py:840} INFO - DAG(s) 'example_xcom_args_with_operators', 'example_xcom_args' retrieved from /home/airflow/.local/lib/python3.12/site-packages/airflow/example_dags/example_xcomargs.py
[2025-10-02T22:58:59.983+0000] {logging_mixin.py:188} INFO - [2025-10-02T22:58:59.982+0000] {dag.py:3096} INFO - Sync 2 DAGs
[2025-10-02T22:59:00.022+0000] {logging_mixin.py:188} INFO - [2025-10-02T22:59:00.021+0000] {dag.py:3954} INFO - Setting next_dagrun for example_xcom_args to None, run_after=None
[2025-10-02T22:59:00.033+0000] {logging_mixin.py:188} INFO - [2025-10-02T22:59:00.032+0000] {dag.py:3954} INFO - Setting next_dagrun for example_xcom_args_with_operators to None, run_after=None
[2025-10-02T22:59:00.068+0000] {processor.py:183} INFO - Processing /home/airflow/.local/lib/python3.12/site-packages/airflow/example_dags/example_xcomargs.py took 0.217 seconds
[2025-10-02T22:59:30.737+0000] {processor.py:161} INFO - Started process (PID=844) to work on /home/airflow/.local/lib/python3.12/site-packages/airflow/example_dags/example_xcomargs.py
[2025-10-02T22:59:30.739+0000] {processor.py:830} INFO - Processing file /home/airflow/.local/lib/python3.12/site-packages/airflow/example_dags/example_xcomargs.py for tasks to queue
[2025-10-02T22:59:30.742+0000] {logging_mixin.py:188} INFO - [2025-10-02T22:59:30.741+0000] {dagbag.py:545} INFO - Filling up the DagBag from /home/airflow/.local/lib/python3.12/site-packages/airflow/example_dags/example_xcomargs.py
[2025-10-02T22:59:30.758+0000] {processor.py:840} INFO - DAG(s) 'example_xcom_args', 'example_xcom_args_with_operators' retrieved from /home/airflow/.local/lib/python3.12/site-packages/airflow/example_dags/example_xcomargs.py
[2025-10-02T22:59:30.795+0000] {logging_mixin.py:188} INFO - [2025-10-02T22:59:30.795+0000] {dag.py:3096} INFO - Sync 2 DAGs
[2025-10-02T22:59:30.814+0000] {logging_mixin.py:188} INFO - [2025-10-02T22:59:30.814+0000] {dag.py:3954} INFO - Setting next_dagrun for example_xcom_args to None, run_after=None
[2025-10-02T22:59:30.819+0000] {logging_mixin.py:188} INFO - [2025-10-02T22:59:30.819+0000] {dag.py:3954} INFO - Setting next_dagrun for example_xcom_args_with_operators to None, run_after=None
[2025-10-02T22:59:30.845+0000] {processor.py:183} INFO - Processing /home/airflow/.local/lib/python3.12/site-packages/airflow/example_dags/example_xcomargs.py took 0.116 seconds
[2025-10-02T23:00:00.949+0000] {processor.py:161} INFO - Started process (PID=896) to work on /home/airflow/.local/lib/python3.12/site-packages/airflow/example_dags/example_xcomargs.py
[2025-10-02T23:00:00.950+0000] {processor.py:830} INFO - Processing file /home/airflow/.local/lib/python3.12/site-packages/airflow/example_dags/example_xcomargs.py for tasks to queue
[2025-10-02T23:00:00.954+0000] {logging_mixin.py:188} INFO - [2025-10-02T23:00:00.953+0000] {dagbag.py:545} INFO - Filling up the DagBag from /home/airflow/.local/lib/python3.12/site-packages/airflow/example_dags/example_xcomargs.py
[2025-10-02T23:00:00.967+0000] {processor.py:840} INFO - DAG(s) 'example_xcom_args_with_operators', 'example_xcom_args' retrieved from /home/airflow/.local/lib/python3.12/site-packages/airflow/example_dags/example_xcomargs.py
[2025-10-02T23:00:01.002+0000] {logging_mixin.py:188} INFO - [2025-10-02T23:00:01.001+0000] {dag.py:3096} INFO - Sync 2 DAGs
[2025-10-02T23:00:01.029+0000] {logging_mixin.py:188} INFO - [2025-10-02T23:00:01.029+0000] {dag.py:3954} INFO - Setting next_dagrun for example_xcom_args to None, run_after=None
[2025-10-02T23:00:01.035+0000] {logging_mixin.py:188} INFO - [2025-10-02T23:00:01.035+0000] {dag.py:3954} INFO - Setting next_dagrun for example_xcom_args_with_operators to None, run_after=None
[2025-10-02T23:00:01.063+0000] {processor.py:183} INFO - Processing /home/airflow/.local/lib/python3.12/site-packages/airflow/example_dags/example_xcomargs.py took 0.124 seconds
[2025-10-02T23:00:31.229+0000] {processor.py:161} INFO - Started process (PID=949) to work on /home/airflow/.local/lib/python3.12/site-packages/airflow/example_dags/example_xcomargs.py
[2025-10-02T23:00:31.231+0000] {processor.py:830} INFO - Processing file /home/airflow/.local/lib/python3.12/site-packages/airflow/example_dags/example_xcomargs.py for tasks to queue
[2025-10-02T23:00:31.235+0000] {logging_mixin.py:188} INFO - [2025-10-02T23:00:31.234+0000] {dagbag.py:545} INFO - Filling up the DagBag from /home/airflow/.local/lib/python3.12/site-packages/airflow/example_dags/example_xcomargs.py
[2025-10-02T23:00:31.249+0000] {processor.py:840} INFO - DAG(s) 'example_xcom_args_with_operators', 'example_xcom_args' retrieved from /home/airflow/.local/lib/python3.12/site-packages/airflow/example_dags/example_xcomargs.py
[2025-10-02T23:00:31.285+0000] {logging_mixin.py:188} INFO - [2025-10-02T23:00:31.285+0000] {dag.py:3096} INFO - Sync 2 DAGs
[2025-10-02T23:00:31.303+0000] {logging_mixin.py:188} INFO - [2025-10-02T23:00:31.302+0000] {dag.py:3954} INFO - Setting next_dagrun for example_xcom_args to None, run_after=None
[2025-10-02T23:00:31.308+0000] {logging_mixin.py:188} INFO - [2025-10-02T23:00:31.308+0000] {dag.py:3954} INFO - Setting next_dagrun for example_xcom_args_with_operators to None, run_after=None
[2025-10-02T23:00:31.331+0000] {processor.py:183} INFO - Processing /home/airflow/.local/lib/python3.12/site-packages/airflow/example_dags/example_xcomargs.py took 0.115 seconds
[2025-10-02T23:01:01.671+0000] {processor.py:161} INFO - Started process (PID=1002) to work on /home/airflow/.local/lib/python3.12/site-packages/airflow/example_dags/example_xcomargs.py
[2025-10-02T23:01:01.673+0000] {processor.py:830} INFO - Processing file /home/airflow/.local/lib/python3.12/site-packages/airflow/example_dags/example_xcomargs.py for tasks to queue
[2025-10-02T23:01:01.676+0000] {logging_mixin.py:188} INFO - [2025-10-02T23:01:01.675+0000] {dagbag.py:545} INFO - Filling up the DagBag from /home/airflow/.local/lib/python3.12/site-packages/airflow/example_dags/example_xcomargs.py
[2025-10-02T23:01:01.687+0000] {processor.py:840} INFO - DAG(s) 'example_xcom_args_with_operators', 'example_xcom_args' retrieved from /home/airflow/.local/lib/python3.12/site-packages/airflow/example_dags/example_xcomargs.py
[2025-10-02T23:01:01.722+0000] {logging_mixin.py:188} INFO - [2025-10-02T23:01:01.722+0000] {dag.py:3096} INFO - Sync 2 DAGs
[2025-10-02T23:01:01.740+0000] {logging_mixin.py:188} INFO - [2025-10-02T23:01:01.739+0000] {dag.py:3954} INFO - Setting next_dagrun for example_xcom_args to None, run_after=None
[2025-10-02T23:01:01.745+0000] {logging_mixin.py:188} INFO - [2025-10-02T23:01:01.745+0000] {dag.py:3954} INFO - Setting next_dagrun for example_xcom_args_with_operators to None, run_after=None
[2025-10-02T23:01:01.768+0000] {processor.py:183} INFO - Processing /home/airflow/.local/lib/python3.12/site-packages/airflow/example_dags/example_xcomargs.py took 0.105 seconds
[2025-10-02T23:01:32.125+0000] {processor.py:161} INFO - Started process (PID=1055) to work on /home/airflow/.local/lib/python3.12/site-packages/airflow/example_dags/example_xcomargs.py
[2025-10-02T23:01:32.126+0000] {processor.py:830} INFO - Processing file /home/airflow/.local/lib/python3.12/site-packages/airflow/example_dags/example_xcomargs.py for tasks to queue
[2025-10-02T23:01:32.130+0000] {logging_mixin.py:188} INFO - [2025-10-02T23:01:32.129+0000] {dagbag.py:545} INFO - Filling up the DagBag from /home/airflow/.local/lib/python3.12/site-packages/airflow/example_dags/example_xcomargs.py
[2025-10-02T23:01:32.142+0000] {processor.py:840} INFO - DAG(s) 'example_xcom_args', 'example_xcom_args_with_operators' retrieved from /home/airflow/.local/lib/python3.12/site-packages/airflow/example_dags/example_xcomargs.py
[2025-10-02T23:01:32.177+0000] {logging_mixin.py:188} INFO - [2025-10-02T23:01:32.176+0000] {dag.py:3096} INFO - Sync 2 DAGs
[2025-10-02T23:01:32.195+0000] {logging_mixin.py:188} INFO - [2025-10-02T23:01:32.194+0000] {dag.py:3954} INFO - Setting next_dagrun for example_xcom_args to None, run_after=None
[2025-10-02T23:01:32.199+0000] {logging_mixin.py:188} INFO - [2025-10-02T23:01:32.199+0000] {dag.py:3954} INFO - Setting next_dagrun for example_xcom_args_with_operators to None, run_after=None
[2025-10-02T23:01:32.220+0000] {processor.py:183} INFO - Processing /home/airflow/.local/lib/python3.12/site-packages/airflow/example_dags/example_xcomargs.py took 0.105 seconds
[2025-10-02T23:02:02.665+0000] {processor.py:161} INFO - Started process (PID=1108) to work on /home/airflow/.local/lib/python3.12/site-packages/airflow/example_dags/example_xcomargs.py
[2025-10-02T23:02:02.667+0000] {processor.py:830} INFO - Processing file /home/airflow/.local/lib/python3.12/site-packages/airflow/example_dags/example_xcomargs.py for tasks to queue
[2025-10-02T23:02:02.670+0000] {logging_mixin.py:188} INFO - [2025-10-02T23:02:02.669+0000] {dagbag.py:545} INFO - Filling up the DagBag from /home/airflow/.local/lib/python3.12/site-packages/airflow/example_dags/example_xcomargs.py
[2025-10-02T23:02:02.682+0000] {processor.py:840} INFO - DAG(s) 'example_xcom_args', 'example_xcom_args_with_operators' retrieved from /home/airflow/.local/lib/python3.12/site-packages/airflow/example_dags/example_xcomargs.py
[2025-10-02T23:02:02.719+0000] {logging_mixin.py:188} INFO - [2025-10-02T23:02:02.719+0000] {dag.py:3096} INFO - Sync 2 DAGs
[2025-10-02T23:02:02.738+0000] {logging_mixin.py:188} INFO - [2025-10-02T23:02:02.738+0000] {dag.py:3954} INFO - Setting next_dagrun for example_xcom_args to None, run_after=None
[2025-10-02T23:02:02.744+0000] {logging_mixin.py:188} INFO - [2025-10-02T23:02:02.744+0000] {dag.py:3954} INFO - Setting next_dagrun for example_xcom_args_with_operators to None, run_after=None
[2025-10-02T23:02:02.769+0000] {processor.py:183} INFO - Processing /home/airflow/.local/lib/python3.12/site-packages/airflow/example_dags/example_xcomargs.py took 0.113 seconds
[2025-10-02T23:02:33.138+0000] {processor.py:161} INFO - Started process (PID=1161) to work on /home/airflow/.local/lib/python3.12/site-packages/airflow/example_dags/example_xcomargs.py
[2025-10-02T23:02:33.140+0000] {processor.py:830} INFO - Processing file /home/airflow/.local/lib/python3.12/site-packages/airflow/example_dags/example_xcomargs.py for tasks to queue
[2025-10-02T23:02:33.143+0000] {logging_mixin.py:188} INFO - [2025-10-02T23:02:33.142+0000] {dagbag.py:545} INFO - Filling up the DagBag from /home/airflow/.local/lib/python3.12/site-packages/airflow/example_dags/example_xcomargs.py
[2025-10-02T23:02:33.154+0000] {processor.py:840} INFO - DAG(s) 'example_xcom_args', 'example_xcom_args_with_operators' retrieved from /home/airflow/.local/lib/python3.12/site-packages/airflow/example_dags/example_xcomargs.py
[2025-10-02T23:02:33.195+0000] {logging_mixin.py:188} INFO - [2025-10-02T23:02:33.195+0000] {dag.py:3096} INFO - Sync 2 DAGs
[2025-10-02T23:02:33.212+0000] {logging_mixin.py:188} INFO - [2025-10-02T23:02:33.212+0000] {dag.py:3954} INFO - Setting next_dagrun for example_xcom_args to None, run_after=None
[2025-10-02T23:02:33.218+0000] {logging_mixin.py:188} INFO - [2025-10-02T23:02:33.218+0000] {dag.py:3954} INFO - Setting next_dagrun for example_xcom_args_with_operators to None, run_after=None
[2025-10-02T23:02:33.246+0000] {processor.py:183} INFO - Processing /home/airflow/.local/lib/python3.12/site-packages/airflow/example_dags/example_xcomargs.py took 0.116 seconds
[2025-10-02T23:03:03.703+0000] {processor.py:161} INFO - Started process (PID=1214) to work on /home/airflow/.local/lib/python3.12/site-packages/airflow/example_dags/example_xcomargs.py
[2025-10-02T23:03:03.705+0000] {processor.py:830} INFO - Processing file /home/airflow/.local/lib/python3.12/site-packages/airflow/example_dags/example_xcomargs.py for tasks to queue
[2025-10-02T23:03:03.708+0000] {logging_mixin.py:188} INFO - [2025-10-02T23:03:03.707+0000] {dagbag.py:545} INFO - Filling up the DagBag from /home/airflow/.local/lib/python3.12/site-packages/airflow/example_dags/example_xcomargs.py
[2025-10-02T23:03:03.719+0000] {processor.py:840} INFO - DAG(s) 'example_xcom_args_with_operators', 'example_xcom_args' retrieved from /home/airflow/.local/lib/python3.12/site-packages/airflow/example_dags/example_xcomargs.py
[2025-10-02T23:03:03.757+0000] {logging_mixin.py:188} INFO - [2025-10-02T23:03:03.757+0000] {dag.py:3096} INFO - Sync 2 DAGs
[2025-10-02T23:03:03.777+0000] {logging_mixin.py:188} INFO - [2025-10-02T23:03:03.777+0000] {dag.py:3954} INFO - Setting next_dagrun for example_xcom_args to None, run_after=None
[2025-10-02T23:03:03.782+0000] {logging_mixin.py:188} INFO - [2025-10-02T23:03:03.782+0000] {dag.py:3954} INFO - Setting next_dagrun for example_xcom_args_with_operators to None, run_after=None
[2025-10-02T23:03:03.808+0000] {processor.py:183} INFO - Processing /home/airflow/.local/lib/python3.12/site-packages/airflow/example_dags/example_xcomargs.py took 0.114 seconds
[2025-10-02T23:03:34.421+0000] {processor.py:161} INFO - Started process (PID=1267) to work on /home/airflow/.local/lib/python3.12/site-packages/airflow/example_dags/example_xcomargs.py
[2025-10-02T23:03:34.423+0000] {processor.py:830} INFO - Processing file /home/airflow/.local/lib/python3.12/site-packages/airflow/example_dags/example_xcomargs.py for tasks to queue
[2025-10-02T23:03:34.426+0000] {logging_mixin.py:188} INFO - [2025-10-02T23:03:34.425+0000] {dagbag.py:545} INFO - Filling up the DagBag from /home/airflow/.local/lib/python3.12/site-packages/airflow/example_dags/example_xcomargs.py
[2025-10-02T23:03:34.437+0000] {processor.py:840} INFO - DAG(s) 'example_xcom_args_with_operators', 'example_xcom_args' retrieved from /home/airflow/.local/lib/python3.12/site-packages/airflow/example_dags/example_xcomargs.py
[2025-10-02T23:03:34.473+0000] {logging_mixin.py:188} INFO - [2025-10-02T23:03:34.472+0000] {dag.py:3096} INFO - Sync 2 DAGs
[2025-10-02T23:03:34.492+0000] {logging_mixin.py:188} INFO - [2025-10-02T23:03:34.492+0000] {dag.py:3954} INFO - Setting next_dagrun for example_xcom_args to None, run_after=None
[2025-10-02T23:03:34.497+0000] {logging_mixin.py:188} INFO - [2025-10-02T23:03:34.497+0000] {dag.py:3954} INFO - Setting next_dagrun for example_xcom_args_with_operators to None, run_after=None
[2025-10-02T23:03:34.519+0000] {processor.py:183} INFO - Processing /home/airflow/.local/lib/python3.12/site-packages/airflow/example_dags/example_xcomargs.py took 0.107 seconds
[2025-10-02T23:04:05.532+0000] {processor.py:161} INFO - Started process (PID=1320) to work on /home/airflow/.local/lib/python3.12/site-packages/airflow/example_dags/example_xcomargs.py
[2025-10-02T23:04:05.533+0000] {processor.py:830} INFO - Processing file /home/airflow/.local/lib/python3.12/site-packages/airflow/example_dags/example_xcomargs.py for tasks to queue
[2025-10-02T23:04:05.537+0000] {logging_mixin.py:188} INFO - [2025-10-02T23:04:05.536+0000] {dagbag.py:545} INFO - Filling up the DagBag from /home/airflow/.local/lib/python3.12/site-packages/airflow/example_dags/example_xcomargs.py
[2025-10-02T23:04:05.549+0000] {processor.py:840} INFO - DAG(s) 'example_xcom_args', 'example_xcom_args_with_operators' retrieved from /home/airflow/.local/lib/python3.12/site-packages/airflow/example_dags/example_xcomargs.py
[2025-10-02T23:04:05.583+0000] {logging_mixin.py:188} INFO - [2025-10-02T23:04:05.583+0000] {dag.py:3096} INFO - Sync 2 DAGs
[2025-10-02T23:04:05.602+0000] {logging_mixin.py:188} INFO - [2025-10-02T23:04:05.601+0000] {dag.py:3954} INFO - Setting next_dagrun for example_xcom_args to None, run_after=None
[2025-10-02T23:04:05.607+0000] {logging_mixin.py:188} INFO - [2025-10-02T23:04:05.607+0000] {dag.py:3954} INFO - Setting next_dagrun for example_xcom_args_with_operators to None, run_after=None
[2025-10-02T23:04:05.631+0000] {processor.py:183} INFO - Processing /home/airflow/.local/lib/python3.12/site-packages/airflow/example_dags/example_xcomargs.py took 0.108 seconds
[2025-10-02T23:04:35.799+0000] {processor.py:161} INFO - Started process (PID=1373) to work on /home/airflow/.local/lib/python3.12/site-packages/airflow/example_dags/example_xcomargs.py
[2025-10-02T23:04:35.801+0000] {processor.py:830} INFO - Processing file /home/airflow/.local/lib/python3.12/site-packages/airflow/example_dags/example_xcomargs.py for tasks to queue
[2025-10-02T23:04:35.805+0000] {logging_mixin.py:188} INFO - [2025-10-02T23:04:35.805+0000] {dagbag.py:545} INFO - Filling up the DagBag from /home/airflow/.local/lib/python3.12/site-packages/airflow/example_dags/example_xcomargs.py
[2025-10-02T23:04:35.823+0000] {processor.py:840} INFO - DAG(s) 'example_xcom_args_with_operators', 'example_xcom_args' retrieved from /home/airflow/.local/lib/python3.12/site-packages/airflow/example_dags/example_xcomargs.py
[2025-10-02T23:04:35.860+0000] {logging_mixin.py:188} INFO - [2025-10-02T23:04:35.860+0000] {dag.py:3096} INFO - Sync 2 DAGs
[2025-10-02T23:04:35.879+0000] {logging_mixin.py:188} INFO - [2025-10-02T23:04:35.878+0000] {dag.py:3954} INFO - Setting next_dagrun for example_xcom_args to None, run_after=None
[2025-10-02T23:04:35.883+0000] {logging_mixin.py:188} INFO - [2025-10-02T23:04:35.883+0000] {dag.py:3954} INFO - Setting next_dagrun for example_xcom_args_with_operators to None, run_after=None
[2025-10-02T23:04:35.907+0000] {processor.py:183} INFO - Processing /home/airflow/.local/lib/python3.12/site-packages/airflow/example_dags/example_xcomargs.py took 0.121 seconds
[2025-10-02T23:05:06.396+0000] {processor.py:161} INFO - Started process (PID=1426) to work on /home/airflow/.local/lib/python3.12/site-packages/airflow/example_dags/example_xcomargs.py
[2025-10-02T23:05:06.397+0000] {processor.py:830} INFO - Processing file /home/airflow/.local/lib/python3.12/site-packages/airflow/example_dags/example_xcomargs.py for tasks to queue
[2025-10-02T23:05:06.400+0000] {logging_mixin.py:188} INFO - [2025-10-02T23:05:06.399+0000] {dagbag.py:545} INFO - Filling up the DagBag from /home/airflow/.local/lib/python3.12/site-packages/airflow/example_dags/example_xcomargs.py
[2025-10-02T23:05:06.411+0000] {processor.py:840} INFO - DAG(s) 'example_xcom_args', 'example_xcom_args_with_operators' retrieved from /home/airflow/.local/lib/python3.12/site-packages/airflow/example_dags/example_xcomargs.py
[2025-10-02T23:05:06.442+0000] {logging_mixin.py:188} INFO - [2025-10-02T23:05:06.441+0000] {dag.py:3096} INFO - Sync 2 DAGs
[2025-10-02T23:05:06.458+0000] {logging_mixin.py:188} INFO - [2025-10-02T23:05:06.458+0000] {dag.py:3954} INFO - Setting next_dagrun for example_xcom_args to None, run_after=None
[2025-10-02T23:05:06.463+0000] {logging_mixin.py:188} INFO - [2025-10-02T23:05:06.462+0000] {dag.py:3954} INFO - Setting next_dagrun for example_xcom_args_with_operators to None, run_after=None
[2025-10-02T23:05:06.483+0000] {processor.py:183} INFO - Processing /home/airflow/.local/lib/python3.12/site-packages/airflow/example_dags/example_xcomargs.py took 0.096 seconds
[2025-10-02T23:05:36.687+0000] {processor.py:161} INFO - Started process (PID=1479) to work on /home/airflow/.local/lib/python3.12/site-packages/airflow/example_dags/example_xcomargs.py
[2025-10-02T23:05:36.689+0000] {processor.py:830} INFO - Processing file /home/airflow/.local/lib/python3.12/site-packages/airflow/example_dags/example_xcomargs.py for tasks to queue
[2025-10-02T23:05:36.692+0000] {logging_mixin.py:188} INFO - [2025-10-02T23:05:36.691+0000] {dagbag.py:545} INFO - Filling up the DagBag from /home/airflow/.local/lib/python3.12/site-packages/airflow/example_dags/example_xcomargs.py
[2025-10-02T23:05:36.708+0000] {processor.py:840} INFO - DAG(s) 'example_xcom_args_with_operators', 'example_xcom_args' retrieved from /home/airflow/.local/lib/python3.12/site-packages/airflow/example_dags/example_xcomargs.py
[2025-10-02T23:05:36.747+0000] {logging_mixin.py:188} INFO - [2025-10-02T23:05:36.746+0000] {dag.py:3096} INFO - Sync 2 DAGs
[2025-10-02T23:05:36.772+0000] {logging_mixin.py:188} INFO - [2025-10-02T23:05:36.771+0000] {dag.py:3954} INFO - Setting next_dagrun for example_xcom_args to None, run_after=None
[2025-10-02T23:05:36.777+0000] {logging_mixin.py:188} INFO - [2025-10-02T23:05:36.777+0000] {dag.py:3954} INFO - Setting next_dagrun for example_xcom_args_with_operators to None, run_after=None
[2025-10-02T23:05:36.810+0000] {processor.py:183} INFO - Processing /home/airflow/.local/lib/python3.12/site-packages/airflow/example_dags/example_xcomargs.py took 0.134 seconds
[2025-10-02T23:06:07.772+0000] {processor.py:161} INFO - Started process (PID=1532) to work on /home/airflow/.local/lib/python3.12/site-packages/airflow/example_dags/example_xcomargs.py
[2025-10-02T23:06:07.774+0000] {processor.py:830} INFO - Processing file /home/airflow/.local/lib/python3.12/site-packages/airflow/example_dags/example_xcomargs.py for tasks to queue
[2025-10-02T23:06:07.777+0000] {logging_mixin.py:188} INFO - [2025-10-02T23:06:07.777+0000] {dagbag.py:545} INFO - Filling up the DagBag from /home/airflow/.local/lib/python3.12/site-packages/airflow/example_dags/example_xcomargs.py
[2025-10-02T23:06:07.788+0000] {processor.py:840} INFO - DAG(s) 'example_xcom_args_with_operators', 'example_xcom_args' retrieved from /home/airflow/.local/lib/python3.12/site-packages/airflow/example_dags/example_xcomargs.py
[2025-10-02T23:06:07.821+0000] {logging_mixin.py:188} INFO - [2025-10-02T23:06:07.821+0000] {dag.py:3096} INFO - Sync 2 DAGs
[2025-10-02T23:06:07.838+0000] {logging_mixin.py:188} INFO - [2025-10-02T23:06:07.838+0000] {dag.py:3954} INFO - Setting next_dagrun for example_xcom_args to None, run_after=None
[2025-10-02T23:06:07.843+0000] {logging_mixin.py:188} INFO - [2025-10-02T23:06:07.843+0000] {dag.py:3954} INFO - Setting next_dagrun for example_xcom_args_with_operators to None, run_after=None
[2025-10-02T23:06:07.864+0000] {processor.py:183} INFO - Processing /home/airflow/.local/lib/python3.12/site-packages/airflow/example_dags/example_xcomargs.py took 0.102 seconds
[2025-10-02T23:06:38.230+0000] {processor.py:161} INFO - Started process (PID=1585) to work on /home/airflow/.local/lib/python3.12/site-packages/airflow/example_dags/example_xcomargs.py
[2025-10-02T23:06:38.231+0000] {processor.py:830} INFO - Processing file /home/airflow/.local/lib/python3.12/site-packages/airflow/example_dags/example_xcomargs.py for tasks to queue
[2025-10-02T23:06:38.234+0000] {logging_mixin.py:188} INFO - [2025-10-02T23:06:38.233+0000] {dagbag.py:545} INFO - Filling up the DagBag from /home/airflow/.local/lib/python3.12/site-packages/airflow/example_dags/example_xcomargs.py
[2025-10-02T23:06:38.246+0000] {processor.py:840} INFO - DAG(s) 'example_xcom_args_with_operators', 'example_xcom_args' retrieved from /home/airflow/.local/lib/python3.12/site-packages/airflow/example_dags/example_xcomargs.py
[2025-10-02T23:06:38.281+0000] {logging_mixin.py:188} INFO - [2025-10-02T23:06:38.280+0000] {dag.py:3096} INFO - Sync 2 DAGs
[2025-10-02T23:06:38.300+0000] {logging_mixin.py:188} INFO - [2025-10-02T23:06:38.300+0000] {dag.py:3954} INFO - Setting next_dagrun for example_xcom_args to None, run_after=None
[2025-10-02T23:06:38.305+0000] {logging_mixin.py:188} INFO - [2025-10-02T23:06:38.304+0000] {dag.py:3954} INFO - Setting next_dagrun for example_xcom_args_with_operators to None, run_after=None
[2025-10-02T23:06:38.330+0000] {processor.py:183} INFO - Processing /home/airflow/.local/lib/python3.12/site-packages/airflow/example_dags/example_xcomargs.py took 0.111 seconds
[2025-10-02T23:07:09.146+0000] {processor.py:161} INFO - Started process (PID=1638) to work on /home/airflow/.local/lib/python3.12/site-packages/airflow/example_dags/example_xcomargs.py
[2025-10-02T23:07:09.148+0000] {processor.py:830} INFO - Processing file /home/airflow/.local/lib/python3.12/site-packages/airflow/example_dags/example_xcomargs.py for tasks to queue
[2025-10-02T23:07:09.151+0000] {logging_mixin.py:188} INFO - [2025-10-02T23:07:09.150+0000] {dagbag.py:545} INFO - Filling up the DagBag from /home/airflow/.local/lib/python3.12/site-packages/airflow/example_dags/example_xcomargs.py
[2025-10-02T23:07:09.168+0000] {processor.py:840} INFO - DAG(s) 'example_xcom_args', 'example_xcom_args_with_operators' retrieved from /home/airflow/.local/lib/python3.12/site-packages/airflow/example_dags/example_xcomargs.py
[2025-10-02T23:07:09.202+0000] {logging_mixin.py:188} INFO - [2025-10-02T23:07:09.202+0000] {dag.py:3096} INFO - Sync 2 DAGs
[2025-10-02T23:07:09.225+0000] {logging_mixin.py:188} INFO - [2025-10-02T23:07:09.225+0000] {dag.py:3954} INFO - Setting next_dagrun for example_xcom_args to None, run_after=None
[2025-10-02T23:07:09.238+0000] {logging_mixin.py:188} INFO - [2025-10-02T23:07:09.238+0000] {dag.py:3954} INFO - Setting next_dagrun for example_xcom_args_with_operators to None, run_after=None
[2025-10-02T23:07:09.268+0000] {processor.py:183} INFO - Processing /home/airflow/.local/lib/python3.12/site-packages/airflow/example_dags/example_xcomargs.py took 0.131 seconds
[2025-10-02T23:07:39.486+0000] {processor.py:161} INFO - Started process (PID=1691) to work on /home/airflow/.local/lib/python3.12/site-packages/airflow/example_dags/example_xcomargs.py
[2025-10-02T23:07:39.488+0000] {processor.py:830} INFO - Processing file /home/airflow/.local/lib/python3.12/site-packages/airflow/example_dags/example_xcomargs.py for tasks to queue
[2025-10-02T23:07:39.491+0000] {logging_mixin.py:188} INFO - [2025-10-02T23:07:39.491+0000] {dagbag.py:545} INFO - Filling up the DagBag from /home/airflow/.local/lib/python3.12/site-packages/airflow/example_dags/example_xcomargs.py
[2025-10-02T23:07:39.508+0000] {processor.py:840} INFO - DAG(s) 'example_xcom_args_with_operators', 'example_xcom_args' retrieved from /home/airflow/.local/lib/python3.12/site-packages/airflow/example_dags/example_xcomargs.py
[2025-10-02T23:07:39.559+0000] {logging_mixin.py:188} INFO - [2025-10-02T23:07:39.559+0000] {dag.py:3096} INFO - Sync 2 DAGs
[2025-10-02T23:07:39.582+0000] {logging_mixin.py:188} INFO - [2025-10-02T23:07:39.581+0000] {dag.py:3954} INFO - Setting next_dagrun for example_xcom_args to None, run_after=None
[2025-10-02T23:07:39.587+0000] {logging_mixin.py:188} INFO - [2025-10-02T23:07:39.587+0000] {dag.py:3954} INFO - Setting next_dagrun for example_xcom_args_with_operators to None, run_after=None
[2025-10-02T23:07:39.611+0000] {processor.py:183} INFO - Processing /home/airflow/.local/lib/python3.12/site-packages/airflow/example_dags/example_xcomargs.py took 0.140 seconds
[2025-10-02T23:08:10.052+0000] {processor.py:161} INFO - Started process (PID=1744) to work on /home/airflow/.local/lib/python3.12/site-packages/airflow/example_dags/example_xcomargs.py
[2025-10-02T23:08:10.053+0000] {processor.py:830} INFO - Processing file /home/airflow/.local/lib/python3.12/site-packages/airflow/example_dags/example_xcomargs.py for tasks to queue
[2025-10-02T23:08:10.057+0000] {logging_mixin.py:188} INFO - [2025-10-02T23:08:10.056+0000] {dagbag.py:545} INFO - Filling up the DagBag from /home/airflow/.local/lib/python3.12/site-packages/airflow/example_dags/example_xcomargs.py
[2025-10-02T23:08:10.069+0000] {processor.py:840} INFO - DAG(s) 'example_xcom_args', 'example_xcom_args_with_operators' retrieved from /home/airflow/.local/lib/python3.12/site-packages/airflow/example_dags/example_xcomargs.py
[2025-10-02T23:08:10.301+0000] {logging_mixin.py:188} INFO - [2025-10-02T23:08:10.301+0000] {dag.py:3096} INFO - Sync 2 DAGs
[2025-10-02T23:08:10.318+0000] {logging_mixin.py:188} INFO - [2025-10-02T23:08:10.317+0000] {dag.py:3954} INFO - Setting next_dagrun for example_xcom_args to None, run_after=None
[2025-10-02T23:08:10.323+0000] {logging_mixin.py:188} INFO - [2025-10-02T23:08:10.323+0000] {dag.py:3954} INFO - Setting next_dagrun for example_xcom_args_with_operators to None, run_after=None
[2025-10-02T23:08:10.346+0000] {processor.py:183} INFO - Processing /home/airflow/.local/lib/python3.12/site-packages/airflow/example_dags/example_xcomargs.py took 0.304 seconds
[2025-10-02T23:08:40.544+0000] {processor.py:161} INFO - Started process (PID=1797) to work on /home/airflow/.local/lib/python3.12/site-packages/airflow/example_dags/example_xcomargs.py
[2025-10-02T23:08:40.546+0000] {processor.py:830} INFO - Processing file /home/airflow/.local/lib/python3.12/site-packages/airflow/example_dags/example_xcomargs.py for tasks to queue
[2025-10-02T23:08:40.548+0000] {logging_mixin.py:188} INFO - [2025-10-02T23:08:40.548+0000] {dagbag.py:545} INFO - Filling up the DagBag from /home/airflow/.local/lib/python3.12/site-packages/airflow/example_dags/example_xcomargs.py
[2025-10-02T23:08:40.559+0000] {processor.py:840} INFO - DAG(s) 'example_xcom_args_with_operators', 'example_xcom_args' retrieved from /home/airflow/.local/lib/python3.12/site-packages/airflow/example_dags/example_xcomargs.py
[2025-10-02T23:08:40.589+0000] {logging_mixin.py:188} INFO - [2025-10-02T23:08:40.589+0000] {dag.py:3096} INFO - Sync 2 DAGs
[2025-10-02T23:08:40.607+0000] {logging_mixin.py:188} INFO - [2025-10-02T23:08:40.606+0000] {dag.py:3954} INFO - Setting next_dagrun for example_xcom_args to None, run_after=None
[2025-10-02T23:08:40.611+0000] {logging_mixin.py:188} INFO - [2025-10-02T23:08:40.611+0000] {dag.py:3954} INFO - Setting next_dagrun for example_xcom_args_with_operators to None, run_after=None
[2025-10-02T23:08:40.635+0000] {processor.py:183} INFO - Processing /home/airflow/.local/lib/python3.12/site-packages/airflow/example_dags/example_xcomargs.py took 0.101 seconds
[2025-10-02T23:09:11.359+0000] {processor.py:161} INFO - Started process (PID=1850) to work on /home/airflow/.local/lib/python3.12/site-packages/airflow/example_dags/example_xcomargs.py
[2025-10-02T23:09:11.361+0000] {processor.py:830} INFO - Processing file /home/airflow/.local/lib/python3.12/site-packages/airflow/example_dags/example_xcomargs.py for tasks to queue
[2025-10-02T23:09:11.364+0000] {logging_mixin.py:188} INFO - [2025-10-02T23:09:11.364+0000] {dagbag.py:545} INFO - Filling up the DagBag from /home/airflow/.local/lib/python3.12/site-packages/airflow/example_dags/example_xcomargs.py
[2025-10-02T23:09:11.381+0000] {processor.py:840} INFO - DAG(s) 'example_xcom_args_with_operators', 'example_xcom_args' retrieved from /home/airflow/.local/lib/python3.12/site-packages/airflow/example_dags/example_xcomargs.py
[2025-10-02T23:09:11.412+0000] {logging_mixin.py:188} INFO - [2025-10-02T23:09:11.412+0000] {dag.py:3096} INFO - Sync 2 DAGs
[2025-10-02T23:09:11.433+0000] {logging_mixin.py:188} INFO - [2025-10-02T23:09:11.433+0000] {dag.py:3954} INFO - Setting next_dagrun for example_xcom_args to None, run_after=None
[2025-10-02T23:09:11.438+0000] {logging_mixin.py:188} INFO - [2025-10-02T23:09:11.438+0000] {dag.py:3954} INFO - Setting next_dagrun for example_xcom_args_with_operators to None, run_after=None
[2025-10-02T23:09:11.461+0000] {processor.py:183} INFO - Processing /home/airflow/.local/lib/python3.12/site-packages/airflow/example_dags/example_xcomargs.py took 0.111 seconds
[2025-10-02T23:09:42.184+0000] {processor.py:161} INFO - Started process (PID=1903) to work on /home/airflow/.local/lib/python3.12/site-packages/airflow/example_dags/example_xcomargs.py
[2025-10-02T23:09:42.186+0000] {processor.py:830} INFO - Processing file /home/airflow/.local/lib/python3.12/site-packages/airflow/example_dags/example_xcomargs.py for tasks to queue
[2025-10-02T23:09:42.189+0000] {logging_mixin.py:188} INFO - [2025-10-02T23:09:42.189+0000] {dagbag.py:545} INFO - Filling up the DagBag from /home/airflow/.local/lib/python3.12/site-packages/airflow/example_dags/example_xcomargs.py
[2025-10-02T23:09:42.201+0000] {processor.py:840} INFO - DAG(s) 'example_xcom_args_with_operators', 'example_xcom_args' retrieved from /home/airflow/.local/lib/python3.12/site-packages/airflow/example_dags/example_xcomargs.py
[2025-10-02T23:09:42.235+0000] {logging_mixin.py:188} INFO - [2025-10-02T23:09:42.235+0000] {dag.py:3096} INFO - Sync 2 DAGs
[2025-10-02T23:09:42.253+0000] {logging_mixin.py:188} INFO - [2025-10-02T23:09:42.253+0000] {dag.py:3954} INFO - Setting next_dagrun for example_xcom_args to None, run_after=None
[2025-10-02T23:09:42.259+0000] {logging_mixin.py:188} INFO - [2025-10-02T23:09:42.259+0000] {dag.py:3954} INFO - Setting next_dagrun for example_xcom_args_with_operators to None, run_after=None
[2025-10-02T23:09:42.284+0000] {processor.py:183} INFO - Processing /home/airflow/.local/lib/python3.12/site-packages/airflow/example_dags/example_xcomargs.py took 0.110 seconds
[2025-10-02T23:10:12.578+0000] {processor.py:161} INFO - Started process (PID=1956) to work on /home/airflow/.local/lib/python3.12/site-packages/airflow/example_dags/example_xcomargs.py
[2025-10-02T23:10:12.580+0000] {processor.py:830} INFO - Processing file /home/airflow/.local/lib/python3.12/site-packages/airflow/example_dags/example_xcomargs.py for tasks to queue
[2025-10-02T23:10:12.583+0000] {logging_mixin.py:188} INFO - [2025-10-02T23:10:12.583+0000] {dagbag.py:545} INFO - Filling up the DagBag from /home/airflow/.local/lib/python3.12/site-packages/airflow/example_dags/example_xcomargs.py
[2025-10-02T23:10:12.596+0000] {processor.py:840} INFO - DAG(s) 'example_xcom_args_with_operators', 'example_xcom_args' retrieved from /home/airflow/.local/lib/python3.12/site-packages/airflow/example_dags/example_xcomargs.py
[2025-10-02T23:10:12.631+0000] {logging_mixin.py:188} INFO - [2025-10-02T23:10:12.631+0000] {dag.py:3096} INFO - Sync 2 DAGs
[2025-10-02T23:10:12.652+0000] {logging_mixin.py:188} INFO - [2025-10-02T23:10:12.652+0000] {dag.py:3954} INFO - Setting next_dagrun for example_xcom_args to None, run_after=None
[2025-10-02T23:10:12.658+0000] {logging_mixin.py:188} INFO - [2025-10-02T23:10:12.657+0000] {dag.py:3954} INFO - Setting next_dagrun for example_xcom_args_with_operators to None, run_after=None
[2025-10-02T23:10:12.682+0000] {processor.py:183} INFO - Processing /home/airflow/.local/lib/python3.12/site-packages/airflow/example_dags/example_xcomargs.py took 0.114 seconds
