[2025-10-02T22:50:34.848+0000] {processor.py:161} INFO - Started process (PID=37) to work on /home/airflow/.local/lib/python3.12/site-packages/airflow/example_dags/example_dag_decorator.py
[2025-10-02T22:50:34.851+0000] {processor.py:830} INFO - Processing file /home/airflow/.local/lib/python3.12/site-packages/airflow/example_dags/example_dag_decorator.py for tasks to queue
[2025-10-02T22:50:34.856+0000] {logging_mixin.py:188} INFO - [2025-10-02T22:50:34.855+0000] {dagbag.py:545} INFO - Filling up the DagBag from /home/airflow/.local/lib/python3.12/site-packages/airflow/example_dags/example_dag_decorator.py
[2025-10-02T22:50:35.611+0000] {processor.py:840} INFO - DAG(s) 'example_dag_decorator' retrieved from /home/airflow/.local/lib/python3.12/site-packages/airflow/example_dags/example_dag_decorator.py
[2025-10-02T22:50:35.822+0000] {logging_mixin.py:188} INFO - [2025-10-02T22:50:35.822+0000] {override.py:1829} INFO - Created Permission View: can delete on DAG:example_dag_decorator
[2025-10-02T22:50:35.837+0000] {logging_mixin.py:188} INFO - [2025-10-02T22:50:35.836+0000] {override.py:1829} INFO - Created Permission View: can edit on DAG:example_dag_decorator
[2025-10-02T22:50:35.847+0000] {logging_mixin.py:188} INFO - [2025-10-02T22:50:35.847+0000] {override.py:1829} INFO - Created Permission View: can read on DAG:example_dag_decorator
[2025-10-02T22:50:35.848+0000] {logging_mixin.py:188} INFO - [2025-10-02T22:50:35.848+0000] {dag.py:3096} INFO - Sync 1 DAGs
[2025-10-02T22:50:35.865+0000] {logging_mixin.py:188} INFO - [2025-10-02T22:50:35.865+0000] {dag.py:3118} INFO - Creating ORM DAG for example_dag_decorator
[2025-10-02T22:50:35.867+0000] {logging_mixin.py:188} INFO - [2025-10-02T22:50:35.866+0000] {dag.py:3954} INFO - Setting next_dagrun for example_dag_decorator to None, run_after=None
[2025-10-02T22:50:35.890+0000] {processor.py:183} INFO - Processing /home/airflow/.local/lib/python3.12/site-packages/airflow/example_dags/example_dag_decorator.py took 1.064 seconds
[2025-10-02T22:51:48.873+0000] {processor.py:161} INFO - Started process (PID=37) to work on /home/airflow/.local/lib/python3.12/site-packages/airflow/example_dags/example_dag_decorator.py
[2025-10-02T22:51:48.875+0000] {processor.py:830} INFO - Processing file /home/airflow/.local/lib/python3.12/site-packages/airflow/example_dags/example_dag_decorator.py for tasks to queue
[2025-10-02T22:51:48.880+0000] {logging_mixin.py:188} INFO - [2025-10-02T22:51:48.879+0000] {dagbag.py:545} INFO - Filling up the DagBag from /home/airflow/.local/lib/python3.12/site-packages/airflow/example_dags/example_dag_decorator.py
[2025-10-02T22:51:49.256+0000] {processor.py:840} INFO - DAG(s) 'example_dag_decorator' retrieved from /home/airflow/.local/lib/python3.12/site-packages/airflow/example_dags/example_dag_decorator.py
[2025-10-02T22:51:49.288+0000] {logging_mixin.py:188} INFO - [2025-10-02T22:51:49.288+0000] {dag.py:3096} INFO - Sync 1 DAGs
[2025-10-02T22:51:49.323+0000] {logging_mixin.py:188} INFO - [2025-10-02T22:51:49.323+0000] {dag.py:3954} INFO - Setting next_dagrun for example_dag_decorator to None, run_after=None
[2025-10-02T22:51:49.356+0000] {processor.py:183} INFO - Processing /home/airflow/.local/lib/python3.12/site-packages/airflow/example_dags/example_dag_decorator.py took 0.495 seconds
[2025-10-02T22:52:19.903+0000] {processor.py:161} INFO - Started process (PID=90) to work on /home/airflow/.local/lib/python3.12/site-packages/airflow/example_dags/example_dag_decorator.py
[2025-10-02T22:52:19.909+0000] {processor.py:830} INFO - Processing file /home/airflow/.local/lib/python3.12/site-packages/airflow/example_dags/example_dag_decorator.py for tasks to queue
[2025-10-02T22:52:19.913+0000] {logging_mixin.py:188} INFO - [2025-10-02T22:52:19.912+0000] {dagbag.py:545} INFO - Filling up the DagBag from /home/airflow/.local/lib/python3.12/site-packages/airflow/example_dags/example_dag_decorator.py
[2025-10-02T22:52:20.152+0000] {processor.py:840} INFO - DAG(s) 'example_dag_decorator' retrieved from /home/airflow/.local/lib/python3.12/site-packages/airflow/example_dags/example_dag_decorator.py
[2025-10-02T22:52:20.175+0000] {logging_mixin.py:188} INFO - [2025-10-02T22:52:20.175+0000] {dag.py:3096} INFO - Sync 1 DAGs
[2025-10-02T22:52:20.204+0000] {logging_mixin.py:188} INFO - [2025-10-02T22:52:20.204+0000] {dag.py:3954} INFO - Setting next_dagrun for example_dag_decorator to None, run_after=None
[2025-10-02T22:52:20.236+0000] {processor.py:183} INFO - Processing /home/airflow/.local/lib/python3.12/site-packages/airflow/example_dags/example_dag_decorator.py took 0.353 seconds
[2025-10-02T22:52:50.289+0000] {processor.py:161} INFO - Started process (PID=144) to work on /home/airflow/.local/lib/python3.12/site-packages/airflow/example_dags/example_dag_decorator.py
[2025-10-02T22:52:50.291+0000] {processor.py:830} INFO - Processing file /home/airflow/.local/lib/python3.12/site-packages/airflow/example_dags/example_dag_decorator.py for tasks to queue
[2025-10-02T22:52:50.294+0000] {logging_mixin.py:188} INFO - [2025-10-02T22:52:50.293+0000] {dagbag.py:545} INFO - Filling up the DagBag from /home/airflow/.local/lib/python3.12/site-packages/airflow/example_dags/example_dag_decorator.py
[2025-10-02T22:52:50.430+0000] {processor.py:840} INFO - DAG(s) 'example_dag_decorator' retrieved from /home/airflow/.local/lib/python3.12/site-packages/airflow/example_dags/example_dag_decorator.py
[2025-10-02T22:52:50.568+0000] {logging_mixin.py:188} INFO - [2025-10-02T22:52:50.568+0000] {dag.py:3096} INFO - Sync 1 DAGs
[2025-10-02T22:52:50.585+0000] {logging_mixin.py:188} INFO - [2025-10-02T22:52:50.585+0000] {dag.py:3954} INFO - Setting next_dagrun for example_dag_decorator to None, run_after=None
[2025-10-02T22:52:50.610+0000] {processor.py:183} INFO - Processing /home/airflow/.local/lib/python3.12/site-packages/airflow/example_dags/example_dag_decorator.py took 0.329 seconds
[2025-10-02T22:53:20.811+0000] {processor.py:161} INFO - Started process (PID=196) to work on /home/airflow/.local/lib/python3.12/site-packages/airflow/example_dags/example_dag_decorator.py
[2025-10-02T22:53:20.813+0000] {processor.py:830} INFO - Processing file /home/airflow/.local/lib/python3.12/site-packages/airflow/example_dags/example_dag_decorator.py for tasks to queue
[2025-10-02T22:53:20.816+0000] {logging_mixin.py:188} INFO - [2025-10-02T22:53:20.816+0000] {dagbag.py:545} INFO - Filling up the DagBag from /home/airflow/.local/lib/python3.12/site-packages/airflow/example_dags/example_dag_decorator.py
[2025-10-02T22:53:20.957+0000] {processor.py:840} INFO - DAG(s) 'example_dag_decorator' retrieved from /home/airflow/.local/lib/python3.12/site-packages/airflow/example_dags/example_dag_decorator.py
[2025-10-02T22:53:21.156+0000] {logging_mixin.py:188} INFO - [2025-10-02T22:53:21.156+0000] {dag.py:3096} INFO - Sync 1 DAGs
[2025-10-02T22:53:21.188+0000] {logging_mixin.py:188} INFO - [2025-10-02T22:53:21.187+0000] {dag.py:3954} INFO - Setting next_dagrun for example_dag_decorator to None, run_after=None
[2025-10-02T22:53:21.243+0000] {processor.py:183} INFO - Processing /home/airflow/.local/lib/python3.12/site-packages/airflow/example_dags/example_dag_decorator.py took 0.443 seconds
[2025-10-02T22:53:51.338+0000] {processor.py:161} INFO - Started process (PID=250) to work on /home/airflow/.local/lib/python3.12/site-packages/airflow/example_dags/example_dag_decorator.py
[2025-10-02T22:53:51.340+0000] {processor.py:830} INFO - Processing file /home/airflow/.local/lib/python3.12/site-packages/airflow/example_dags/example_dag_decorator.py for tasks to queue
[2025-10-02T22:53:51.343+0000] {logging_mixin.py:188} INFO - [2025-10-02T22:53:51.343+0000] {dagbag.py:545} INFO - Filling up the DagBag from /home/airflow/.local/lib/python3.12/site-packages/airflow/example_dags/example_dag_decorator.py
[2025-10-02T22:53:51.497+0000] {processor.py:840} INFO - DAG(s) 'example_dag_decorator' retrieved from /home/airflow/.local/lib/python3.12/site-packages/airflow/example_dags/example_dag_decorator.py
[2025-10-02T22:53:51.706+0000] {logging_mixin.py:188} INFO - [2025-10-02T22:53:51.706+0000] {dag.py:3096} INFO - Sync 1 DAGs
[2025-10-02T22:53:51.721+0000] {logging_mixin.py:188} INFO - [2025-10-02T22:53:51.721+0000] {dag.py:3954} INFO - Setting next_dagrun for example_dag_decorator to None, run_after=None
[2025-10-02T22:53:53.021+0000] {logging_mixin.py:188} INFO - [2025-10-02T22:53:53.021+0000] {dag.py:3096} INFO - Sync 1 DAGs
[2025-10-02T22:53:53.025+0000] {logging_mixin.py:188} INFO - [2025-10-02T22:53:53.024+0000] {dag.py:3954} INFO - Setting next_dagrun for example_dag_decorator to None, run_after=None
[2025-10-02T22:53:53.099+0000] {processor.py:183} INFO - Processing /home/airflow/.local/lib/python3.12/site-packages/airflow/example_dags/example_dag_decorator.py took 1.774 seconds
[2025-10-02T22:54:23.184+0000] {processor.py:161} INFO - Started process (PID=304) to work on /home/airflow/.local/lib/python3.12/site-packages/airflow/example_dags/example_dag_decorator.py
[2025-10-02T22:54:23.185+0000] {processor.py:830} INFO - Processing file /home/airflow/.local/lib/python3.12/site-packages/airflow/example_dags/example_dag_decorator.py for tasks to queue
[2025-10-02T22:54:23.189+0000] {logging_mixin.py:188} INFO - [2025-10-02T22:54:23.188+0000] {dagbag.py:545} INFO - Filling up the DagBag from /home/airflow/.local/lib/python3.12/site-packages/airflow/example_dags/example_dag_decorator.py
[2025-10-02T22:54:23.328+0000] {processor.py:840} INFO - DAG(s) 'example_dag_decorator' retrieved from /home/airflow/.local/lib/python3.12/site-packages/airflow/example_dags/example_dag_decorator.py
[2025-10-02T22:54:23.536+0000] {logging_mixin.py:188} INFO - [2025-10-02T22:54:23.536+0000] {dag.py:3096} INFO - Sync 1 DAGs
[2025-10-02T22:54:23.555+0000] {logging_mixin.py:188} INFO - [2025-10-02T22:54:23.555+0000] {dag.py:3954} INFO - Setting next_dagrun for example_dag_decorator to None, run_after=None
[2025-10-02T22:54:23.598+0000] {processor.py:183} INFO - Processing /home/airflow/.local/lib/python3.12/site-packages/airflow/example_dags/example_dag_decorator.py took 0.423 seconds
[2025-10-02T22:54:54.301+0000] {processor.py:161} INFO - Started process (PID=356) to work on /home/airflow/.local/lib/python3.12/site-packages/airflow/example_dags/example_dag_decorator.py
[2025-10-02T22:54:54.303+0000] {processor.py:830} INFO - Processing file /home/airflow/.local/lib/python3.12/site-packages/airflow/example_dags/example_dag_decorator.py for tasks to queue
[2025-10-02T22:54:54.306+0000] {logging_mixin.py:188} INFO - [2025-10-02T22:54:54.305+0000] {dagbag.py:545} INFO - Filling up the DagBag from /home/airflow/.local/lib/python3.12/site-packages/airflow/example_dags/example_dag_decorator.py
[2025-10-02T22:54:54.454+0000] {processor.py:840} INFO - DAG(s) 'example_dag_decorator' retrieved from /home/airflow/.local/lib/python3.12/site-packages/airflow/example_dags/example_dag_decorator.py
[2025-10-02T22:54:54.597+0000] {logging_mixin.py:188} INFO - [2025-10-02T22:54:54.597+0000] {dag.py:3096} INFO - Sync 1 DAGs
[2025-10-02T22:54:54.610+0000] {logging_mixin.py:188} INFO - [2025-10-02T22:54:54.609+0000] {dag.py:3954} INFO - Setting next_dagrun for example_dag_decorator to None, run_after=None
[2025-10-02T22:54:54.636+0000] {processor.py:183} INFO - Processing /home/airflow/.local/lib/python3.12/site-packages/airflow/example_dags/example_dag_decorator.py took 0.345 seconds
[2025-10-02T22:55:24.832+0000] {processor.py:161} INFO - Started process (PID=410) to work on /home/airflow/.local/lib/python3.12/site-packages/airflow/example_dags/example_dag_decorator.py
[2025-10-02T22:55:24.834+0000] {processor.py:830} INFO - Processing file /home/airflow/.local/lib/python3.12/site-packages/airflow/example_dags/example_dag_decorator.py for tasks to queue
[2025-10-02T22:55:24.841+0000] {logging_mixin.py:188} INFO - [2025-10-02T22:55:24.839+0000] {dagbag.py:545} INFO - Filling up the DagBag from /home/airflow/.local/lib/python3.12/site-packages/airflow/example_dags/example_dag_decorator.py
[2025-10-02T22:55:25.152+0000] {processor.py:840} INFO - DAG(s) 'example_dag_decorator' retrieved from /home/airflow/.local/lib/python3.12/site-packages/airflow/example_dags/example_dag_decorator.py
[2025-10-02T22:55:25.404+0000] {logging_mixin.py:188} INFO - [2025-10-02T22:55:25.403+0000] {dag.py:3096} INFO - Sync 1 DAGs
[2025-10-02T22:55:25.437+0000] {logging_mixin.py:188} INFO - [2025-10-02T22:55:25.436+0000] {dag.py:3954} INFO - Setting next_dagrun for example_dag_decorator to None, run_after=None
[2025-10-02T22:55:25.474+0000] {processor.py:183} INFO - Processing /home/airflow/.local/lib/python3.12/site-packages/airflow/example_dags/example_dag_decorator.py took 0.658 seconds
[2025-10-02T22:55:55.758+0000] {processor.py:161} INFO - Started process (PID=467) to work on /home/airflow/.local/lib/python3.12/site-packages/airflow/example_dags/example_dag_decorator.py
[2025-10-02T22:55:55.760+0000] {processor.py:830} INFO - Processing file /home/airflow/.local/lib/python3.12/site-packages/airflow/example_dags/example_dag_decorator.py for tasks to queue
[2025-10-02T22:55:55.762+0000] {logging_mixin.py:188} INFO - [2025-10-02T22:55:55.762+0000] {dagbag.py:545} INFO - Filling up the DagBag from /home/airflow/.local/lib/python3.12/site-packages/airflow/example_dags/example_dag_decorator.py
[2025-10-02T22:55:55.900+0000] {processor.py:840} INFO - DAG(s) 'example_dag_decorator' retrieved from /home/airflow/.local/lib/python3.12/site-packages/airflow/example_dags/example_dag_decorator.py
[2025-10-02T22:55:56.038+0000] {logging_mixin.py:188} INFO - [2025-10-02T22:55:56.038+0000] {dag.py:3096} INFO - Sync 1 DAGs
[2025-10-02T22:55:56.051+0000] {logging_mixin.py:188} INFO - [2025-10-02T22:55:56.051+0000] {dag.py:3954} INFO - Setting next_dagrun for example_dag_decorator to None, run_after=None
[2025-10-02T22:55:56.077+0000] {processor.py:183} INFO - Processing /home/airflow/.local/lib/python3.12/site-packages/airflow/example_dags/example_dag_decorator.py took 0.330 seconds
[2025-10-02T22:56:26.148+0000] {processor.py:161} INFO - Started process (PID=520) to work on /home/airflow/.local/lib/python3.12/site-packages/airflow/example_dags/example_dag_decorator.py
[2025-10-02T22:56:26.150+0000] {processor.py:830} INFO - Processing file /home/airflow/.local/lib/python3.12/site-packages/airflow/example_dags/example_dag_decorator.py for tasks to queue
[2025-10-02T22:56:26.154+0000] {logging_mixin.py:188} INFO - [2025-10-02T22:56:26.153+0000] {dagbag.py:545} INFO - Filling up the DagBag from /home/airflow/.local/lib/python3.12/site-packages/airflow/example_dags/example_dag_decorator.py
[2025-10-02T22:56:26.298+0000] {processor.py:840} INFO - DAG(s) 'example_dag_decorator' retrieved from /home/airflow/.local/lib/python3.12/site-packages/airflow/example_dags/example_dag_decorator.py
[2025-10-02T22:56:26.509+0000] {logging_mixin.py:188} INFO - [2025-10-02T22:56:26.508+0000] {dag.py:3096} INFO - Sync 1 DAGs
[2025-10-02T22:56:26.527+0000] {logging_mixin.py:188} INFO - [2025-10-02T22:56:26.527+0000] {dag.py:3954} INFO - Setting next_dagrun for example_dag_decorator to None, run_after=None
[2025-10-02T22:56:26.563+0000] {processor.py:183} INFO - Processing /home/airflow/.local/lib/python3.12/site-packages/airflow/example_dags/example_dag_decorator.py took 0.424 seconds
[2025-10-02T22:56:56.691+0000] {processor.py:161} INFO - Started process (PID=574) to work on /home/airflow/.local/lib/python3.12/site-packages/airflow/example_dags/example_dag_decorator.py
[2025-10-02T22:56:56.693+0000] {processor.py:830} INFO - Processing file /home/airflow/.local/lib/python3.12/site-packages/airflow/example_dags/example_dag_decorator.py for tasks to queue
[2025-10-02T22:56:56.696+0000] {logging_mixin.py:188} INFO - [2025-10-02T22:56:56.695+0000] {dagbag.py:545} INFO - Filling up the DagBag from /home/airflow/.local/lib/python3.12/site-packages/airflow/example_dags/example_dag_decorator.py
[2025-10-02T22:56:56.838+0000] {processor.py:840} INFO - DAG(s) 'example_dag_decorator' retrieved from /home/airflow/.local/lib/python3.12/site-packages/airflow/example_dags/example_dag_decorator.py
[2025-10-02T22:56:56.988+0000] {logging_mixin.py:188} INFO - [2025-10-02T22:56:56.988+0000] {dag.py:3096} INFO - Sync 1 DAGs
[2025-10-02T22:56:57.001+0000] {logging_mixin.py:188} INFO - [2025-10-02T22:56:57.000+0000] {dag.py:3954} INFO - Setting next_dagrun for example_dag_decorator to None, run_after=None
[2025-10-02T22:56:57.027+0000] {processor.py:183} INFO - Processing /home/airflow/.local/lib/python3.12/site-packages/airflow/example_dags/example_dag_decorator.py took 0.343 seconds
[2025-10-02T22:57:27.228+0000] {processor.py:161} INFO - Started process (PID=628) to work on /home/airflow/.local/lib/python3.12/site-packages/airflow/example_dags/example_dag_decorator.py
[2025-10-02T22:57:27.244+0000] {processor.py:830} INFO - Processing file /home/airflow/.local/lib/python3.12/site-packages/airflow/example_dags/example_dag_decorator.py for tasks to queue
[2025-10-02T22:57:27.247+0000] {logging_mixin.py:188} INFO - [2025-10-02T22:57:27.246+0000] {dagbag.py:545} INFO - Filling up the DagBag from /home/airflow/.local/lib/python3.12/site-packages/airflow/example_dags/example_dag_decorator.py
[2025-10-02T22:57:27.417+0000] {processor.py:840} INFO - DAG(s) 'example_dag_decorator' retrieved from /home/airflow/.local/lib/python3.12/site-packages/airflow/example_dags/example_dag_decorator.py
[2025-10-02T22:57:27.579+0000] {logging_mixin.py:188} INFO - [2025-10-02T22:57:27.579+0000] {dag.py:3096} INFO - Sync 1 DAGs
[2025-10-02T22:57:27.593+0000] {logging_mixin.py:188} INFO - [2025-10-02T22:57:27.593+0000] {dag.py:3954} INFO - Setting next_dagrun for example_dag_decorator to None, run_after=None
[2025-10-02T22:57:27.617+0000] {processor.py:183} INFO - Processing /home/airflow/.local/lib/python3.12/site-packages/airflow/example_dags/example_dag_decorator.py took 0.400 seconds
[2025-10-02T22:57:58.296+0000] {processor.py:161} INFO - Started process (PID=682) to work on /home/airflow/.local/lib/python3.12/site-packages/airflow/example_dags/example_dag_decorator.py
[2025-10-02T22:57:58.297+0000] {processor.py:830} INFO - Processing file /home/airflow/.local/lib/python3.12/site-packages/airflow/example_dags/example_dag_decorator.py for tasks to queue
[2025-10-02T22:57:58.300+0000] {logging_mixin.py:188} INFO - [2025-10-02T22:57:58.300+0000] {dagbag.py:545} INFO - Filling up the DagBag from /home/airflow/.local/lib/python3.12/site-packages/airflow/example_dags/example_dag_decorator.py
[2025-10-02T22:57:58.437+0000] {processor.py:840} INFO - DAG(s) 'example_dag_decorator' retrieved from /home/airflow/.local/lib/python3.12/site-packages/airflow/example_dags/example_dag_decorator.py
[2025-10-02T22:57:58.454+0000] {logging_mixin.py:188} INFO - [2025-10-02T22:57:58.454+0000] {dag.py:3096} INFO - Sync 1 DAGs
[2025-10-02T22:57:58.473+0000] {logging_mixin.py:188} INFO - [2025-10-02T22:57:58.472+0000] {dag.py:3954} INFO - Setting next_dagrun for example_dag_decorator to None, run_after=None
[2025-10-02T22:57:58.500+0000] {processor.py:183} INFO - Processing /home/airflow/.local/lib/python3.12/site-packages/airflow/example_dags/example_dag_decorator.py took 0.213 seconds
[2025-10-02T22:58:28.693+0000] {processor.py:161} INFO - Started process (PID=735) to work on /home/airflow/.local/lib/python3.12/site-packages/airflow/example_dags/example_dag_decorator.py
[2025-10-02T22:58:28.694+0000] {processor.py:830} INFO - Processing file /home/airflow/.local/lib/python3.12/site-packages/airflow/example_dags/example_dag_decorator.py for tasks to queue
[2025-10-02T22:58:28.697+0000] {logging_mixin.py:188} INFO - [2025-10-02T22:58:28.697+0000] {dagbag.py:545} INFO - Filling up the DagBag from /home/airflow/.local/lib/python3.12/site-packages/airflow/example_dags/example_dag_decorator.py
[2025-10-02T22:58:28.864+0000] {processor.py:840} INFO - DAG(s) 'example_dag_decorator' retrieved from /home/airflow/.local/lib/python3.12/site-packages/airflow/example_dags/example_dag_decorator.py
[2025-10-02T22:58:28.996+0000] {logging_mixin.py:188} INFO - [2025-10-02T22:58:28.996+0000] {dag.py:3096} INFO - Sync 1 DAGs
[2025-10-02T22:58:29.016+0000] {logging_mixin.py:188} INFO - [2025-10-02T22:58:29.016+0000] {dag.py:3954} INFO - Setting next_dagrun for example_dag_decorator to None, run_after=None
[2025-10-02T22:58:29.204+0000] {processor.py:183} INFO - Processing /home/airflow/.local/lib/python3.12/site-packages/airflow/example_dags/example_dag_decorator.py took 0.520 seconds
[2025-10-02T22:58:59.350+0000] {processor.py:161} INFO - Started process (PID=788) to work on /home/airflow/.local/lib/python3.12/site-packages/airflow/example_dags/example_dag_decorator.py
[2025-10-02T22:58:59.352+0000] {processor.py:830} INFO - Processing file /home/airflow/.local/lib/python3.12/site-packages/airflow/example_dags/example_dag_decorator.py for tasks to queue
[2025-10-02T22:58:59.358+0000] {logging_mixin.py:188} INFO - [2025-10-02T22:58:59.357+0000] {dagbag.py:545} INFO - Filling up the DagBag from /home/airflow/.local/lib/python3.12/site-packages/airflow/example_dags/example_dag_decorator.py
[2025-10-02T22:58:59.558+0000] {processor.py:840} INFO - DAG(s) 'example_dag_decorator' retrieved from /home/airflow/.local/lib/python3.12/site-packages/airflow/example_dags/example_dag_decorator.py
[2025-10-02T22:58:59.797+0000] {logging_mixin.py:188} INFO - [2025-10-02T22:58:59.796+0000] {dag.py:3096} INFO - Sync 1 DAGs
[2025-10-02T22:58:59.831+0000] {logging_mixin.py:188} INFO - [2025-10-02T22:58:59.831+0000] {dag.py:3954} INFO - Setting next_dagrun for example_dag_decorator to None, run_after=None
[2025-10-02T22:58:59.879+0000] {processor.py:183} INFO - Processing /home/airflow/.local/lib/python3.12/site-packages/airflow/example_dags/example_dag_decorator.py took 0.543 seconds
[2025-10-02T22:59:30.419+0000] {processor.py:161} INFO - Started process (PID=841) to work on /home/airflow/.local/lib/python3.12/site-packages/airflow/example_dags/example_dag_decorator.py
[2025-10-02T22:59:30.420+0000] {processor.py:830} INFO - Processing file /home/airflow/.local/lib/python3.12/site-packages/airflow/example_dags/example_dag_decorator.py for tasks to queue
[2025-10-02T22:59:30.424+0000] {logging_mixin.py:188} INFO - [2025-10-02T22:59:30.423+0000] {dagbag.py:545} INFO - Filling up the DagBag from /home/airflow/.local/lib/python3.12/site-packages/airflow/example_dags/example_dag_decorator.py
[2025-10-02T22:59:30.568+0000] {processor.py:840} INFO - DAG(s) 'example_dag_decorator' retrieved from /home/airflow/.local/lib/python3.12/site-packages/airflow/example_dags/example_dag_decorator.py
[2025-10-02T22:59:30.871+0000] {logging_mixin.py:188} INFO - [2025-10-02T22:59:30.871+0000] {dag.py:3096} INFO - Sync 1 DAGs
[2025-10-02T22:59:30.887+0000] {logging_mixin.py:188} INFO - [2025-10-02T22:59:30.886+0000] {dag.py:3954} INFO - Setting next_dagrun for example_dag_decorator to None, run_after=None
[2025-10-02T22:59:30.913+0000] {processor.py:183} INFO - Processing /home/airflow/.local/lib/python3.12/site-packages/airflow/example_dags/example_dag_decorator.py took 0.504 seconds
[2025-10-02T23:00:01.122+0000] {processor.py:161} INFO - Started process (PID=897) to work on /home/airflow/.local/lib/python3.12/site-packages/airflow/example_dags/example_dag_decorator.py
[2025-10-02T23:00:01.125+0000] {processor.py:830} INFO - Processing file /home/airflow/.local/lib/python3.12/site-packages/airflow/example_dags/example_dag_decorator.py for tasks to queue
[2025-10-02T23:00:01.129+0000] {logging_mixin.py:188} INFO - [2025-10-02T23:00:01.128+0000] {dagbag.py:545} INFO - Filling up the DagBag from /home/airflow/.local/lib/python3.12/site-packages/airflow/example_dags/example_dag_decorator.py
[2025-10-02T23:00:01.289+0000] {processor.py:840} INFO - DAG(s) 'example_dag_decorator' retrieved from /home/airflow/.local/lib/python3.12/site-packages/airflow/example_dags/example_dag_decorator.py
[2025-10-02T23:00:01.601+0000] {logging_mixin.py:188} INFO - [2025-10-02T23:00:01.600+0000] {dag.py:3096} INFO - Sync 1 DAGs
[2025-10-02T23:00:01.614+0000] {logging_mixin.py:188} INFO - [2025-10-02T23:00:01.614+0000] {dag.py:3954} INFO - Setting next_dagrun for example_dag_decorator to None, run_after=None
[2025-10-02T23:00:01.639+0000] {processor.py:183} INFO - Processing /home/airflow/.local/lib/python3.12/site-packages/airflow/example_dags/example_dag_decorator.py took 0.530 seconds
[2025-10-02T23:00:31.709+0000] {processor.py:161} INFO - Started process (PID=952) to work on /home/airflow/.local/lib/python3.12/site-packages/airflow/example_dags/example_dag_decorator.py
[2025-10-02T23:00:31.711+0000] {processor.py:830} INFO - Processing file /home/airflow/.local/lib/python3.12/site-packages/airflow/example_dags/example_dag_decorator.py for tasks to queue
[2025-10-02T23:00:31.714+0000] {logging_mixin.py:188} INFO - [2025-10-02T23:00:31.713+0000] {dagbag.py:545} INFO - Filling up the DagBag from /home/airflow/.local/lib/python3.12/site-packages/airflow/example_dags/example_dag_decorator.py
[2025-10-02T23:00:31.854+0000] {processor.py:840} INFO - DAG(s) 'example_dag_decorator' retrieved from /home/airflow/.local/lib/python3.12/site-packages/airflow/example_dags/example_dag_decorator.py
[2025-10-02T23:00:32.179+0000] {logging_mixin.py:188} INFO - [2025-10-02T23:00:32.179+0000] {dag.py:3096} INFO - Sync 1 DAGs
[2025-10-02T23:00:32.192+0000] {logging_mixin.py:188} INFO - [2025-10-02T23:00:32.192+0000] {dag.py:3954} INFO - Setting next_dagrun for example_dag_decorator to None, run_after=None
[2025-10-02T23:00:32.218+0000] {processor.py:183} INFO - Processing /home/airflow/.local/lib/python3.12/site-packages/airflow/example_dags/example_dag_decorator.py took 0.517 seconds
[2025-10-02T23:01:02.343+0000] {processor.py:161} INFO - Started process (PID=1008) to work on /home/airflow/.local/lib/python3.12/site-packages/airflow/example_dags/example_dag_decorator.py
[2025-10-02T23:01:02.345+0000] {processor.py:830} INFO - Processing file /home/airflow/.local/lib/python3.12/site-packages/airflow/example_dags/example_dag_decorator.py for tasks to queue
[2025-10-02T23:01:02.348+0000] {logging_mixin.py:188} INFO - [2025-10-02T23:01:02.347+0000] {dagbag.py:545} INFO - Filling up the DagBag from /home/airflow/.local/lib/python3.12/site-packages/airflow/example_dags/example_dag_decorator.py
[2025-10-02T23:01:02.505+0000] {processor.py:840} INFO - DAG(s) 'example_dag_decorator' retrieved from /home/airflow/.local/lib/python3.12/site-packages/airflow/example_dags/example_dag_decorator.py
[2025-10-02T23:01:02.845+0000] {logging_mixin.py:188} INFO - [2025-10-02T23:01:02.845+0000] {dag.py:3096} INFO - Sync 1 DAGs
[2025-10-02T23:01:02.858+0000] {logging_mixin.py:188} INFO - [2025-10-02T23:01:02.858+0000] {dag.py:3954} INFO - Setting next_dagrun for example_dag_decorator to None, run_after=None
[2025-10-02T23:01:02.881+0000] {processor.py:183} INFO - Processing /home/airflow/.local/lib/python3.12/site-packages/airflow/example_dags/example_dag_decorator.py took 0.546 seconds
[2025-10-02T23:01:33.062+0000] {processor.py:161} INFO - Started process (PID=1064) to work on /home/airflow/.local/lib/python3.12/site-packages/airflow/example_dags/example_dag_decorator.py
[2025-10-02T23:01:33.064+0000] {processor.py:830} INFO - Processing file /home/airflow/.local/lib/python3.12/site-packages/airflow/example_dags/example_dag_decorator.py for tasks to queue
[2025-10-02T23:01:33.067+0000] {logging_mixin.py:188} INFO - [2025-10-02T23:01:33.066+0000] {dagbag.py:545} INFO - Filling up the DagBag from /home/airflow/.local/lib/python3.12/site-packages/airflow/example_dags/example_dag_decorator.py
[2025-10-02T23:01:33.236+0000] {processor.py:840} INFO - DAG(s) 'example_dag_decorator' retrieved from /home/airflow/.local/lib/python3.12/site-packages/airflow/example_dags/example_dag_decorator.py
[2025-10-02T23:01:33.581+0000] {logging_mixin.py:188} INFO - [2025-10-02T23:01:33.580+0000] {dag.py:3096} INFO - Sync 1 DAGs
[2025-10-02T23:01:33.599+0000] {logging_mixin.py:188} INFO - [2025-10-02T23:01:33.598+0000] {dag.py:3954} INFO - Setting next_dagrun for example_dag_decorator to None, run_after=None
[2025-10-02T23:01:33.626+0000] {processor.py:183} INFO - Processing /home/airflow/.local/lib/python3.12/site-packages/airflow/example_dags/example_dag_decorator.py took 0.572 seconds
[2025-10-02T23:02:03.682+0000] {processor.py:161} INFO - Started process (PID=1119) to work on /home/airflow/.local/lib/python3.12/site-packages/airflow/example_dags/example_dag_decorator.py
[2025-10-02T23:02:03.684+0000] {processor.py:830} INFO - Processing file /home/airflow/.local/lib/python3.12/site-packages/airflow/example_dags/example_dag_decorator.py for tasks to queue
[2025-10-02T23:02:03.687+0000] {logging_mixin.py:188} INFO - [2025-10-02T23:02:03.686+0000] {dagbag.py:545} INFO - Filling up the DagBag from /home/airflow/.local/lib/python3.12/site-packages/airflow/example_dags/example_dag_decorator.py
[2025-10-02T23:02:03.870+0000] {processor.py:840} INFO - DAG(s) 'example_dag_decorator' retrieved from /home/airflow/.local/lib/python3.12/site-packages/airflow/example_dags/example_dag_decorator.py
[2025-10-02T23:02:04.424+0000] {logging_mixin.py:188} INFO - [2025-10-02T23:02:04.424+0000] {dag.py:3096} INFO - Sync 1 DAGs
[2025-10-02T23:02:04.440+0000] {logging_mixin.py:188} INFO - [2025-10-02T23:02:04.440+0000] {dag.py:3954} INFO - Setting next_dagrun for example_dag_decorator to None, run_after=None
[2025-10-02T23:02:04.464+0000] {processor.py:183} INFO - Processing /home/airflow/.local/lib/python3.12/site-packages/airflow/example_dags/example_dag_decorator.py took 0.791 seconds
[2025-10-02T23:02:34.562+0000] {processor.py:161} INFO - Started process (PID=1175) to work on /home/airflow/.local/lib/python3.12/site-packages/airflow/example_dags/example_dag_decorator.py
[2025-10-02T23:02:34.563+0000] {processor.py:830} INFO - Processing file /home/airflow/.local/lib/python3.12/site-packages/airflow/example_dags/example_dag_decorator.py for tasks to queue
[2025-10-02T23:02:34.566+0000] {logging_mixin.py:188} INFO - [2025-10-02T23:02:34.566+0000] {dagbag.py:545} INFO - Filling up the DagBag from /home/airflow/.local/lib/python3.12/site-packages/airflow/example_dags/example_dag_decorator.py
[2025-10-02T23:02:34.719+0000] {processor.py:840} INFO - DAG(s) 'example_dag_decorator' retrieved from /home/airflow/.local/lib/python3.12/site-packages/airflow/example_dags/example_dag_decorator.py
[2025-10-02T23:02:35.014+0000] {logging_mixin.py:188} INFO - [2025-10-02T23:02:35.013+0000] {dag.py:3096} INFO - Sync 1 DAGs
[2025-10-02T23:02:35.028+0000] {logging_mixin.py:188} INFO - [2025-10-02T23:02:35.027+0000] {dag.py:3954} INFO - Setting next_dagrun for example_dag_decorator to None, run_after=None
[2025-10-02T23:02:35.052+0000] {processor.py:183} INFO - Processing /home/airflow/.local/lib/python3.12/site-packages/airflow/example_dags/example_dag_decorator.py took 0.500 seconds
[2025-10-02T23:03:06.083+0000] {processor.py:161} INFO - Started process (PID=1229) to work on /home/airflow/.local/lib/python3.12/site-packages/airflow/example_dags/example_dag_decorator.py
[2025-10-02T23:03:06.085+0000] {processor.py:830} INFO - Processing file /home/airflow/.local/lib/python3.12/site-packages/airflow/example_dags/example_dag_decorator.py for tasks to queue
[2025-10-02T23:03:06.089+0000] {logging_mixin.py:188} INFO - [2025-10-02T23:03:06.089+0000] {dagbag.py:545} INFO - Filling up the DagBag from /home/airflow/.local/lib/python3.12/site-packages/airflow/example_dags/example_dag_decorator.py
[2025-10-02T23:03:06.219+0000] {processor.py:840} INFO - DAG(s) 'example_dag_decorator' retrieved from /home/airflow/.local/lib/python3.12/site-packages/airflow/example_dags/example_dag_decorator.py
[2025-10-02T23:03:06.503+0000] {logging_mixin.py:188} INFO - [2025-10-02T23:03:06.503+0000] {dag.py:3096} INFO - Sync 1 DAGs
[2025-10-02T23:03:06.515+0000] {logging_mixin.py:188} INFO - [2025-10-02T23:03:06.515+0000] {dag.py:3954} INFO - Setting next_dagrun for example_dag_decorator to None, run_after=None
[2025-10-02T23:03:06.538+0000] {processor.py:183} INFO - Processing /home/airflow/.local/lib/python3.12/site-packages/airflow/example_dags/example_dag_decorator.py took 0.479 seconds
[2025-10-02T23:03:36.664+0000] {processor.py:161} INFO - Started process (PID=1282) to work on /home/airflow/.local/lib/python3.12/site-packages/airflow/example_dags/example_dag_decorator.py
[2025-10-02T23:03:36.666+0000] {processor.py:830} INFO - Processing file /home/airflow/.local/lib/python3.12/site-packages/airflow/example_dags/example_dag_decorator.py for tasks to queue
[2025-10-02T23:03:36.669+0000] {logging_mixin.py:188} INFO - [2025-10-02T23:03:36.669+0000] {dagbag.py:545} INFO - Filling up the DagBag from /home/airflow/.local/lib/python3.12/site-packages/airflow/example_dags/example_dag_decorator.py
[2025-10-02T23:03:36.828+0000] {processor.py:840} INFO - DAG(s) 'example_dag_decorator' retrieved from /home/airflow/.local/lib/python3.12/site-packages/airflow/example_dags/example_dag_decorator.py
[2025-10-02T23:03:37.281+0000] {logging_mixin.py:188} INFO - [2025-10-02T23:03:37.281+0000] {dag.py:3096} INFO - Sync 1 DAGs
[2025-10-02T23:03:37.295+0000] {logging_mixin.py:188} INFO - [2025-10-02T23:03:37.295+0000] {dag.py:3954} INFO - Setting next_dagrun for example_dag_decorator to None, run_after=None
[2025-10-02T23:03:37.319+0000] {processor.py:183} INFO - Processing /home/airflow/.local/lib/python3.12/site-packages/airflow/example_dags/example_dag_decorator.py took 0.663 seconds
[2025-10-02T23:04:08.139+0000] {processor.py:161} INFO - Started process (PID=1335) to work on /home/airflow/.local/lib/python3.12/site-packages/airflow/example_dags/example_dag_decorator.py
[2025-10-02T23:04:08.141+0000] {processor.py:830} INFO - Processing file /home/airflow/.local/lib/python3.12/site-packages/airflow/example_dags/example_dag_decorator.py for tasks to queue
[2025-10-02T23:04:08.144+0000] {logging_mixin.py:188} INFO - [2025-10-02T23:04:08.144+0000] {dagbag.py:545} INFO - Filling up the DagBag from /home/airflow/.local/lib/python3.12/site-packages/airflow/example_dags/example_dag_decorator.py
[2025-10-02T23:04:08.504+0000] {processor.py:840} INFO - DAG(s) 'example_dag_decorator' retrieved from /home/airflow/.local/lib/python3.12/site-packages/airflow/example_dags/example_dag_decorator.py
[2025-10-02T23:04:08.630+0000] {logging_mixin.py:188} INFO - [2025-10-02T23:04:08.630+0000] {dag.py:3096} INFO - Sync 1 DAGs
[2025-10-02T23:04:08.642+0000] {logging_mixin.py:188} INFO - [2025-10-02T23:04:08.642+0000] {dag.py:3954} INFO - Setting next_dagrun for example_dag_decorator to None, run_after=None
[2025-10-02T23:04:08.667+0000] {processor.py:183} INFO - Processing /home/airflow/.local/lib/python3.12/site-packages/airflow/example_dags/example_dag_decorator.py took 0.536 seconds
[2025-10-02T23:04:38.828+0000] {processor.py:161} INFO - Started process (PID=1390) to work on /home/airflow/.local/lib/python3.12/site-packages/airflow/example_dags/example_dag_decorator.py
[2025-10-02T23:04:38.830+0000] {processor.py:830} INFO - Processing file /home/airflow/.local/lib/python3.12/site-packages/airflow/example_dags/example_dag_decorator.py for tasks to queue
[2025-10-02T23:04:38.833+0000] {logging_mixin.py:188} INFO - [2025-10-02T23:04:38.833+0000] {dagbag.py:545} INFO - Filling up the DagBag from /home/airflow/.local/lib/python3.12/site-packages/airflow/example_dags/example_dag_decorator.py
[2025-10-02T23:04:39.129+0000] {processor.py:840} INFO - DAG(s) 'example_dag_decorator' retrieved from /home/airflow/.local/lib/python3.12/site-packages/airflow/example_dags/example_dag_decorator.py
[2025-10-02T23:04:39.166+0000] {logging_mixin.py:188} INFO - [2025-10-02T23:04:39.165+0000] {dag.py:3096} INFO - Sync 1 DAGs
[2025-10-02T23:04:39.182+0000] {logging_mixin.py:188} INFO - [2025-10-02T23:04:39.182+0000] {dag.py:3954} INFO - Setting next_dagrun for example_dag_decorator to None, run_after=None
[2025-10-02T23:04:39.204+0000] {processor.py:183} INFO - Processing /home/airflow/.local/lib/python3.12/site-packages/airflow/example_dags/example_dag_decorator.py took 0.386 seconds
[2025-10-02T23:05:09.604+0000] {processor.py:161} INFO - Started process (PID=1441) to work on /home/airflow/.local/lib/python3.12/site-packages/airflow/example_dags/example_dag_decorator.py
[2025-10-02T23:05:09.606+0000] {processor.py:830} INFO - Processing file /home/airflow/.local/lib/python3.12/site-packages/airflow/example_dags/example_dag_decorator.py for tasks to queue
[2025-10-02T23:05:09.610+0000] {logging_mixin.py:188} INFO - [2025-10-02T23:05:09.609+0000] {dagbag.py:545} INFO - Filling up the DagBag from /home/airflow/.local/lib/python3.12/site-packages/airflow/example_dags/example_dag_decorator.py
[2025-10-02T23:05:09.828+0000] {processor.py:840} INFO - DAG(s) 'example_dag_decorator' retrieved from /home/airflow/.local/lib/python3.12/site-packages/airflow/example_dags/example_dag_decorator.py
[2025-10-02T23:05:10.227+0000] {logging_mixin.py:188} INFO - [2025-10-02T23:05:10.226+0000] {dag.py:3096} INFO - Sync 1 DAGs
[2025-10-02T23:05:10.243+0000] {logging_mixin.py:188} INFO - [2025-10-02T23:05:10.243+0000] {dag.py:3954} INFO - Setting next_dagrun for example_dag_decorator to None, run_after=None
[2025-10-02T23:05:10.270+0000] {processor.py:183} INFO - Processing /home/airflow/.local/lib/python3.12/site-packages/airflow/example_dags/example_dag_decorator.py took 0.675 seconds
[2025-10-02T23:05:40.732+0000] {processor.py:161} INFO - Started process (PID=1497) to work on /home/airflow/.local/lib/python3.12/site-packages/airflow/example_dags/example_dag_decorator.py
[2025-10-02T23:05:40.734+0000] {processor.py:830} INFO - Processing file /home/airflow/.local/lib/python3.12/site-packages/airflow/example_dags/example_dag_decorator.py for tasks to queue
[2025-10-02T23:05:40.741+0000] {logging_mixin.py:188} INFO - [2025-10-02T23:05:40.740+0000] {dagbag.py:545} INFO - Filling up the DagBag from /home/airflow/.local/lib/python3.12/site-packages/airflow/example_dags/example_dag_decorator.py
[2025-10-02T23:05:41.149+0000] {processor.py:840} INFO - DAG(s) 'example_dag_decorator' retrieved from /home/airflow/.local/lib/python3.12/site-packages/airflow/example_dags/example_dag_decorator.py
[2025-10-02T23:05:41.285+0000] {logging_mixin.py:188} INFO - [2025-10-02T23:05:41.284+0000] {dag.py:3096} INFO - Sync 1 DAGs
[2025-10-02T23:05:41.297+0000] {logging_mixin.py:188} INFO - [2025-10-02T23:05:41.296+0000] {dag.py:3954} INFO - Setting next_dagrun for example_dag_decorator to None, run_after=None
[2025-10-02T23:05:41.318+0000] {processor.py:183} INFO - Processing /home/airflow/.local/lib/python3.12/site-packages/airflow/example_dags/example_dag_decorator.py took 0.597 seconds
[2025-10-02T23:06:11.618+0000] {processor.py:161} INFO - Started process (PID=1551) to work on /home/airflow/.local/lib/python3.12/site-packages/airflow/example_dags/example_dag_decorator.py
[2025-10-02T23:06:11.620+0000] {processor.py:830} INFO - Processing file /home/airflow/.local/lib/python3.12/site-packages/airflow/example_dags/example_dag_decorator.py for tasks to queue
[2025-10-02T23:06:11.623+0000] {logging_mixin.py:188} INFO - [2025-10-02T23:06:11.623+0000] {dagbag.py:545} INFO - Filling up the DagBag from /home/airflow/.local/lib/python3.12/site-packages/airflow/example_dags/example_dag_decorator.py
[2025-10-02T23:06:11.934+0000] {processor.py:840} INFO - DAG(s) 'example_dag_decorator' retrieved from /home/airflow/.local/lib/python3.12/site-packages/airflow/example_dags/example_dag_decorator.py
[2025-10-02T23:06:12.058+0000] {logging_mixin.py:188} INFO - [2025-10-02T23:06:12.058+0000] {dag.py:3096} INFO - Sync 1 DAGs
[2025-10-02T23:06:12.069+0000] {logging_mixin.py:188} INFO - [2025-10-02T23:06:12.068+0000] {dag.py:3954} INFO - Setting next_dagrun for example_dag_decorator to None, run_after=None
[2025-10-02T23:06:12.101+0000] {processor.py:183} INFO - Processing /home/airflow/.local/lib/python3.12/site-packages/airflow/example_dags/example_dag_decorator.py took 0.492 seconds
[2025-10-02T23:06:42.345+0000] {processor.py:161} INFO - Started process (PID=1604) to work on /home/airflow/.local/lib/python3.12/site-packages/airflow/example_dags/example_dag_decorator.py
[2025-10-02T23:06:42.347+0000] {processor.py:830} INFO - Processing file /home/airflow/.local/lib/python3.12/site-packages/airflow/example_dags/example_dag_decorator.py for tasks to queue
[2025-10-02T23:06:42.351+0000] {logging_mixin.py:188} INFO - [2025-10-02T23:06:42.350+0000] {dagbag.py:545} INFO - Filling up the DagBag from /home/airflow/.local/lib/python3.12/site-packages/airflow/example_dags/example_dag_decorator.py
[2025-10-02T23:06:42.779+0000] {processor.py:840} INFO - DAG(s) 'example_dag_decorator' retrieved from /home/airflow/.local/lib/python3.12/site-packages/airflow/example_dags/example_dag_decorator.py
[2025-10-02T23:06:42.946+0000] {logging_mixin.py:188} INFO - [2025-10-02T23:06:42.946+0000] {dag.py:3096} INFO - Sync 1 DAGs
[2025-10-02T23:06:42.960+0000] {logging_mixin.py:188} INFO - [2025-10-02T23:06:42.960+0000] {dag.py:3954} INFO - Setting next_dagrun for example_dag_decorator to None, run_after=None
[2025-10-02T23:06:42.981+0000] {processor.py:183} INFO - Processing /home/airflow/.local/lib/python3.12/site-packages/airflow/example_dags/example_dag_decorator.py took 0.648 seconds
[2025-10-02T23:07:13.997+0000] {processor.py:161} INFO - Started process (PID=1659) to work on /home/airflow/.local/lib/python3.12/site-packages/airflow/example_dags/example_dag_decorator.py
[2025-10-02T23:07:13.999+0000] {processor.py:830} INFO - Processing file /home/airflow/.local/lib/python3.12/site-packages/airflow/example_dags/example_dag_decorator.py for tasks to queue
[2025-10-02T23:07:14.004+0000] {logging_mixin.py:188} INFO - [2025-10-02T23:07:14.003+0000] {dagbag.py:545} INFO - Filling up the DagBag from /home/airflow/.local/lib/python3.12/site-packages/airflow/example_dags/example_dag_decorator.py
[2025-10-02T23:07:14.489+0000] {processor.py:840} INFO - DAG(s) 'example_dag_decorator' retrieved from /home/airflow/.local/lib/python3.12/site-packages/airflow/example_dags/example_dag_decorator.py
[2025-10-02T23:07:14.653+0000] {logging_mixin.py:188} INFO - [2025-10-02T23:07:14.652+0000] {dag.py:3096} INFO - Sync 1 DAGs
[2025-10-02T23:07:14.672+0000] {logging_mixin.py:188} INFO - [2025-10-02T23:07:14.672+0000] {dag.py:3954} INFO - Setting next_dagrun for example_dag_decorator to None, run_after=None
[2025-10-02T23:07:14.698+0000] {processor.py:183} INFO - Processing /home/airflow/.local/lib/python3.12/site-packages/airflow/example_dags/example_dag_decorator.py took 0.714 seconds
[2025-10-02T23:07:44.834+0000] {processor.py:161} INFO - Started process (PID=1712) to work on /home/airflow/.local/lib/python3.12/site-packages/airflow/example_dags/example_dag_decorator.py
[2025-10-02T23:07:44.836+0000] {processor.py:830} INFO - Processing file /home/airflow/.local/lib/python3.12/site-packages/airflow/example_dags/example_dag_decorator.py for tasks to queue
[2025-10-02T23:07:44.838+0000] {logging_mixin.py:188} INFO - [2025-10-02T23:07:44.838+0000] {dagbag.py:545} INFO - Filling up the DagBag from /home/airflow/.local/lib/python3.12/site-packages/airflow/example_dags/example_dag_decorator.py
[2025-10-02T23:07:45.134+0000] {processor.py:840} INFO - DAG(s) 'example_dag_decorator' retrieved from /home/airflow/.local/lib/python3.12/site-packages/airflow/example_dags/example_dag_decorator.py
[2025-10-02T23:07:45.263+0000] {logging_mixin.py:188} INFO - [2025-10-02T23:07:45.262+0000] {dag.py:3096} INFO - Sync 1 DAGs
[2025-10-02T23:07:45.278+0000] {logging_mixin.py:188} INFO - [2025-10-02T23:07:45.277+0000] {dag.py:3954} INFO - Setting next_dagrun for example_dag_decorator to None, run_after=None
[2025-10-02T23:07:45.304+0000] {processor.py:183} INFO - Processing /home/airflow/.local/lib/python3.12/site-packages/airflow/example_dags/example_dag_decorator.py took 0.478 seconds
[2025-10-02T23:08:15.506+0000] {processor.py:161} INFO - Started process (PID=1765) to work on /home/airflow/.local/lib/python3.12/site-packages/airflow/example_dags/example_dag_decorator.py
[2025-10-02T23:08:15.507+0000] {processor.py:830} INFO - Processing file /home/airflow/.local/lib/python3.12/site-packages/airflow/example_dags/example_dag_decorator.py for tasks to queue
[2025-10-02T23:08:15.511+0000] {logging_mixin.py:188} INFO - [2025-10-02T23:08:15.510+0000] {dagbag.py:545} INFO - Filling up the DagBag from /home/airflow/.local/lib/python3.12/site-packages/airflow/example_dags/example_dag_decorator.py
[2025-10-02T23:08:15.639+0000] {processor.py:840} INFO - DAG(s) 'example_dag_decorator' retrieved from /home/airflow/.local/lib/python3.12/site-packages/airflow/example_dags/example_dag_decorator.py
[2025-10-02T23:08:15.809+0000] {logging_mixin.py:188} INFO - [2025-10-02T23:08:15.809+0000] {dag.py:3096} INFO - Sync 1 DAGs
[2025-10-02T23:08:15.822+0000] {logging_mixin.py:188} INFO - [2025-10-02T23:08:15.822+0000] {dag.py:3954} INFO - Setting next_dagrun for example_dag_decorator to None, run_after=None
[2025-10-02T23:08:15.846+0000] {processor.py:183} INFO - Processing /home/airflow/.local/lib/python3.12/site-packages/airflow/example_dags/example_dag_decorator.py took 0.348 seconds
[2025-10-02T23:08:46.805+0000] {processor.py:161} INFO - Started process (PID=1818) to work on /home/airflow/.local/lib/python3.12/site-packages/airflow/example_dags/example_dag_decorator.py
[2025-10-02T23:08:46.806+0000] {processor.py:830} INFO - Processing file /home/airflow/.local/lib/python3.12/site-packages/airflow/example_dags/example_dag_decorator.py for tasks to queue
[2025-10-02T23:08:46.811+0000] {logging_mixin.py:188} INFO - [2025-10-02T23:08:46.810+0000] {dagbag.py:545} INFO - Filling up the DagBag from /home/airflow/.local/lib/python3.12/site-packages/airflow/example_dags/example_dag_decorator.py
[2025-10-02T23:08:46.950+0000] {processor.py:840} INFO - DAG(s) 'example_dag_decorator' retrieved from /home/airflow/.local/lib/python3.12/site-packages/airflow/example_dags/example_dag_decorator.py
[2025-10-02T23:08:47.088+0000] {logging_mixin.py:188} INFO - [2025-10-02T23:08:47.088+0000] {dag.py:3096} INFO - Sync 1 DAGs
[2025-10-02T23:08:47.101+0000] {logging_mixin.py:188} INFO - [2025-10-02T23:08:47.100+0000] {dag.py:3954} INFO - Setting next_dagrun for example_dag_decorator to None, run_after=None
[2025-10-02T23:08:47.125+0000] {processor.py:183} INFO - Processing /home/airflow/.local/lib/python3.12/site-packages/airflow/example_dags/example_dag_decorator.py took 0.329 seconds
[2025-10-02T23:09:17.276+0000] {processor.py:161} INFO - Started process (PID=1871) to work on /home/airflow/.local/lib/python3.12/site-packages/airflow/example_dags/example_dag_decorator.py
[2025-10-02T23:09:17.278+0000] {processor.py:830} INFO - Processing file /home/airflow/.local/lib/python3.12/site-packages/airflow/example_dags/example_dag_decorator.py for tasks to queue
[2025-10-02T23:09:17.281+0000] {logging_mixin.py:188} INFO - [2025-10-02T23:09:17.280+0000] {dagbag.py:545} INFO - Filling up the DagBag from /home/airflow/.local/lib/python3.12/site-packages/airflow/example_dags/example_dag_decorator.py
[2025-10-02T23:09:17.419+0000] {processor.py:840} INFO - DAG(s) 'example_dag_decorator' retrieved from /home/airflow/.local/lib/python3.12/site-packages/airflow/example_dags/example_dag_decorator.py
[2025-10-02T23:09:17.620+0000] {logging_mixin.py:188} INFO - [2025-10-02T23:09:17.620+0000] {dag.py:3096} INFO - Sync 1 DAGs
[2025-10-02T23:09:17.634+0000] {logging_mixin.py:188} INFO - [2025-10-02T23:09:17.634+0000] {dag.py:3954} INFO - Setting next_dagrun for example_dag_decorator to None, run_after=None
[2025-10-02T23:09:17.655+0000] {processor.py:183} INFO - Processing /home/airflow/.local/lib/python3.12/site-packages/airflow/example_dags/example_dag_decorator.py took 0.389 seconds
[2025-10-02T23:09:47.854+0000] {processor.py:161} INFO - Started process (PID=1924) to work on /home/airflow/.local/lib/python3.12/site-packages/airflow/example_dags/example_dag_decorator.py
[2025-10-02T23:09:47.856+0000] {processor.py:830} INFO - Processing file /home/airflow/.local/lib/python3.12/site-packages/airflow/example_dags/example_dag_decorator.py for tasks to queue
[2025-10-02T23:09:47.859+0000] {logging_mixin.py:188} INFO - [2025-10-02T23:09:47.859+0000] {dagbag.py:545} INFO - Filling up the DagBag from /home/airflow/.local/lib/python3.12/site-packages/airflow/example_dags/example_dag_decorator.py
[2025-10-02T23:09:48.050+0000] {processor.py:840} INFO - DAG(s) 'example_dag_decorator' retrieved from /home/airflow/.local/lib/python3.12/site-packages/airflow/example_dags/example_dag_decorator.py
[2025-10-02T23:09:48.229+0000] {logging_mixin.py:188} INFO - [2025-10-02T23:09:48.228+0000] {dag.py:3096} INFO - Sync 1 DAGs
[2025-10-02T23:09:48.244+0000] {logging_mixin.py:188} INFO - [2025-10-02T23:09:48.243+0000] {dag.py:3954} INFO - Setting next_dagrun for example_dag_decorator to None, run_after=None
[2025-10-02T23:09:48.270+0000] {processor.py:183} INFO - Processing /home/airflow/.local/lib/python3.12/site-packages/airflow/example_dags/example_dag_decorator.py took 0.425 seconds
