[2025-10-02T22:50:39.636+0000] {processor.py:161} INFO - Started process (PID=55) to work on /home/airflow/.local/lib/python3.12/site-packages/airflow/example_dags/example_latest_only.py
[2025-10-02T22:50:39.637+0000] {processor.py:830} INFO - Processing file /home/airflow/.local/lib/python3.12/site-packages/airflow/example_dags/example_latest_only.py for tasks to queue
[2025-10-02T22:50:39.640+0000] {logging_mixin.py:188} INFO - [2025-10-02T22:50:39.639+0000] {dagbag.py:545} INFO - Filling up the DagBag from /home/airflow/.local/lib/python3.12/site-packages/airflow/example_dags/example_latest_only.py
[2025-10-02T22:50:39.652+0000] {processor.py:840} INFO - DAG(s) 'latest_only' retrieved from /home/airflow/.local/lib/python3.12/site-packages/airflow/example_dags/example_latest_only.py
[2025-10-02T22:50:39.856+0000] {logging_mixin.py:188} INFO - [2025-10-02T22:50:39.855+0000] {override.py:1829} INFO - Created Permission View: can delete on DAG:latest_only
[2025-10-02T22:50:39.875+0000] {logging_mixin.py:188} INFO - [2025-10-02T22:50:39.875+0000] {override.py:1829} INFO - Created Permission View: can edit on DAG:latest_only
[2025-10-02T22:50:39.893+0000] {logging_mixin.py:188} INFO - [2025-10-02T22:50:39.892+0000] {override.py:1829} INFO - Created Permission View: can read on DAG:latest_only
[2025-10-02T22:50:39.893+0000] {logging_mixin.py:188} INFO - [2025-10-02T22:50:39.893+0000] {dag.py:3096} INFO - Sync 1 DAGs
[2025-10-02T22:50:39.911+0000] {logging_mixin.py:188} INFO - [2025-10-02T22:50:39.911+0000] {dag.py:3118} INFO - Creating ORM DAG for latest_only
[2025-10-02T22:50:39.922+0000] {logging_mixin.py:188} INFO - [2025-10-02T22:50:39.922+0000] {dag.py:3954} INFO - Setting next_dagrun for latest_only to 2025-10-02 16:00:00+00:00, run_after=2025-10-02 20:00:00+00:00
[2025-10-02T22:50:39.961+0000] {processor.py:183} INFO - Processing /home/airflow/.local/lib/python3.12/site-packages/airflow/example_dags/example_latest_only.py took 0.334 seconds
[2025-10-02T22:51:51.061+0000] {processor.py:161} INFO - Started process (PID=55) to work on /home/airflow/.local/lib/python3.12/site-packages/airflow/example_dags/example_latest_only.py
[2025-10-02T22:51:51.063+0000] {processor.py:830} INFO - Processing file /home/airflow/.local/lib/python3.12/site-packages/airflow/example_dags/example_latest_only.py for tasks to queue
[2025-10-02T22:51:51.066+0000] {logging_mixin.py:188} INFO - [2025-10-02T22:51:51.066+0000] {dagbag.py:545} INFO - Filling up the DagBag from /home/airflow/.local/lib/python3.12/site-packages/airflow/example_dags/example_latest_only.py
[2025-10-02T22:51:51.082+0000] {processor.py:840} INFO - DAG(s) 'latest_only' retrieved from /home/airflow/.local/lib/python3.12/site-packages/airflow/example_dags/example_latest_only.py
[2025-10-02T22:51:51.102+0000] {logging_mixin.py:188} INFO - [2025-10-02T22:51:51.102+0000] {dag.py:3096} INFO - Sync 1 DAGs
[2025-10-02T22:51:51.143+0000] {logging_mixin.py:188} INFO - [2025-10-02T22:51:51.142+0000] {dag.py:3954} INFO - Setting next_dagrun for latest_only to 2025-10-02 16:00:00+00:00, run_after=2025-10-02 20:00:00+00:00
[2025-10-02T22:51:51.170+0000] {processor.py:183} INFO - Processing /home/airflow/.local/lib/python3.12/site-packages/airflow/example_dags/example_latest_only.py took 0.121 seconds
[2025-10-02T22:52:21.810+0000] {processor.py:161} INFO - Started process (PID=108) to work on /home/airflow/.local/lib/python3.12/site-packages/airflow/example_dags/example_latest_only.py
[2025-10-02T22:52:21.813+0000] {processor.py:830} INFO - Processing file /home/airflow/.local/lib/python3.12/site-packages/airflow/example_dags/example_latest_only.py for tasks to queue
[2025-10-02T22:52:21.816+0000] {logging_mixin.py:188} INFO - [2025-10-02T22:52:21.815+0000] {dagbag.py:545} INFO - Filling up the DagBag from /home/airflow/.local/lib/python3.12/site-packages/airflow/example_dags/example_latest_only.py
[2025-10-02T22:52:21.822+0000] {processor.py:840} INFO - DAG(s) 'latest_only' retrieved from /home/airflow/.local/lib/python3.12/site-packages/airflow/example_dags/example_latest_only.py
[2025-10-02T22:52:21.844+0000] {logging_mixin.py:188} INFO - [2025-10-02T22:52:21.844+0000] {dag.py:3096} INFO - Sync 1 DAGs
[2025-10-02T22:52:21.879+0000] {logging_mixin.py:188} INFO - [2025-10-02T22:52:21.879+0000] {dag.py:3954} INFO - Setting next_dagrun for latest_only to 2025-10-02 16:00:00+00:00, run_after=2025-10-02 20:00:00+00:00
[2025-10-02T22:52:21.903+0000] {processor.py:183} INFO - Processing /home/airflow/.local/lib/python3.12/site-packages/airflow/example_dags/example_latest_only.py took 0.101 seconds
[2025-10-02T22:52:52.665+0000] {processor.py:161} INFO - Started process (PID=161) to work on /home/airflow/.local/lib/python3.12/site-packages/airflow/example_dags/example_latest_only.py
[2025-10-02T22:52:52.666+0000] {processor.py:830} INFO - Processing file /home/airflow/.local/lib/python3.12/site-packages/airflow/example_dags/example_latest_only.py for tasks to queue
[2025-10-02T22:52:52.669+0000] {logging_mixin.py:188} INFO - [2025-10-02T22:52:52.669+0000] {dagbag.py:545} INFO - Filling up the DagBag from /home/airflow/.local/lib/python3.12/site-packages/airflow/example_dags/example_latest_only.py
[2025-10-02T22:52:52.676+0000] {processor.py:840} INFO - DAG(s) 'latest_only' retrieved from /home/airflow/.local/lib/python3.12/site-packages/airflow/example_dags/example_latest_only.py
[2025-10-02T22:52:52.811+0000] {logging_mixin.py:188} INFO - [2025-10-02T22:52:52.811+0000] {dag.py:3096} INFO - Sync 1 DAGs
[2025-10-02T22:52:52.834+0000] {logging_mixin.py:188} INFO - [2025-10-02T22:52:52.834+0000] {dag.py:3954} INFO - Setting next_dagrun for latest_only to 2025-10-02 16:00:00+00:00, run_after=2025-10-02 20:00:00+00:00
[2025-10-02T22:52:52.859+0000] {processor.py:183} INFO - Processing /home/airflow/.local/lib/python3.12/site-packages/airflow/example_dags/example_latest_only.py took 0.202 seconds
[2025-10-02T22:53:23.416+0000] {processor.py:161} INFO - Started process (PID=215) to work on /home/airflow/.local/lib/python3.12/site-packages/airflow/example_dags/example_latest_only.py
[2025-10-02T22:53:23.424+0000] {processor.py:830} INFO - Processing file /home/airflow/.local/lib/python3.12/site-packages/airflow/example_dags/example_latest_only.py for tasks to queue
[2025-10-02T22:53:23.431+0000] {logging_mixin.py:188} INFO - [2025-10-02T22:53:23.430+0000] {dagbag.py:545} INFO - Filling up the DagBag from /home/airflow/.local/lib/python3.12/site-packages/airflow/example_dags/example_latest_only.py
[2025-10-02T22:53:23.452+0000] {processor.py:840} INFO - DAG(s) 'latest_only' retrieved from /home/airflow/.local/lib/python3.12/site-packages/airflow/example_dags/example_latest_only.py
[2025-10-02T22:53:23.558+0000] {logging_mixin.py:188} INFO - [2025-10-02T22:53:23.558+0000] {dag.py:3096} INFO - Sync 1 DAGs
[2025-10-02T22:53:23.658+0000] {logging_mixin.py:188} INFO - [2025-10-02T22:53:23.657+0000] {dag.py:3954} INFO - Setting next_dagrun for latest_only to 2025-10-02 16:00:00+00:00, run_after=2025-10-02 20:00:00+00:00
[2025-10-02T22:53:23.726+0000] {processor.py:183} INFO - Processing /home/airflow/.local/lib/python3.12/site-packages/airflow/example_dags/example_latest_only.py took 0.336 seconds
[2025-10-02T22:53:54.627+0000] {processor.py:161} INFO - Started process (PID=268) to work on /home/airflow/.local/lib/python3.12/site-packages/airflow/example_dags/example_latest_only.py
[2025-10-02T22:53:54.628+0000] {processor.py:830} INFO - Processing file /home/airflow/.local/lib/python3.12/site-packages/airflow/example_dags/example_latest_only.py for tasks to queue
[2025-10-02T22:53:54.632+0000] {logging_mixin.py:188} INFO - [2025-10-02T22:53:54.632+0000] {dagbag.py:545} INFO - Filling up the DagBag from /home/airflow/.local/lib/python3.12/site-packages/airflow/example_dags/example_latest_only.py
[2025-10-02T22:53:54.639+0000] {processor.py:840} INFO - DAG(s) 'latest_only' retrieved from /home/airflow/.local/lib/python3.12/site-packages/airflow/example_dags/example_latest_only.py
[2025-10-02T22:53:54.656+0000] {logging_mixin.py:188} INFO - [2025-10-02T22:53:54.656+0000] {dag.py:3096} INFO - Sync 1 DAGs
[2025-10-02T22:53:54.692+0000] {logging_mixin.py:188} INFO - [2025-10-02T22:53:54.691+0000] {dag.py:3954} INFO - Setting next_dagrun for latest_only to 2025-10-02 16:00:00+00:00, run_after=2025-10-02 20:00:00+00:00
[2025-10-02T22:53:54.719+0000] {processor.py:183} INFO - Processing /home/airflow/.local/lib/python3.12/site-packages/airflow/example_dags/example_latest_only.py took 0.102 seconds
[2025-10-02T22:54:26.256+0000] {processor.py:161} INFO - Started process (PID=321) to work on /home/airflow/.local/lib/python3.12/site-packages/airflow/example_dags/example_latest_only.py
[2025-10-02T22:54:26.258+0000] {processor.py:830} INFO - Processing file /home/airflow/.local/lib/python3.12/site-packages/airflow/example_dags/example_latest_only.py for tasks to queue
[2025-10-02T22:54:26.267+0000] {logging_mixin.py:188} INFO - [2025-10-02T22:54:26.266+0000] {dagbag.py:545} INFO - Filling up the DagBag from /home/airflow/.local/lib/python3.12/site-packages/airflow/example_dags/example_latest_only.py
[2025-10-02T22:54:26.286+0000] {processor.py:840} INFO - DAG(s) 'latest_only' retrieved from /home/airflow/.local/lib/python3.12/site-packages/airflow/example_dags/example_latest_only.py
[2025-10-02T22:54:26.597+0000] {logging_mixin.py:188} INFO - [2025-10-02T22:54:26.596+0000] {dag.py:3096} INFO - Sync 1 DAGs
[2025-10-02T22:54:26.651+0000] {logging_mixin.py:188} INFO - [2025-10-02T22:54:26.650+0000] {dag.py:3954} INFO - Setting next_dagrun for latest_only to 2025-10-02 16:00:00+00:00, run_after=2025-10-02 20:00:00+00:00
[2025-10-02T22:54:26.701+0000] {processor.py:183} INFO - Processing /home/airflow/.local/lib/python3.12/site-packages/airflow/example_dags/example_latest_only.py took 0.458 seconds
[2025-10-02T22:54:57.078+0000] {processor.py:161} INFO - Started process (PID=374) to work on /home/airflow/.local/lib/python3.12/site-packages/airflow/example_dags/example_latest_only.py
[2025-10-02T22:54:57.080+0000] {processor.py:830} INFO - Processing file /home/airflow/.local/lib/python3.12/site-packages/airflow/example_dags/example_latest_only.py for tasks to queue
[2025-10-02T22:54:57.085+0000] {logging_mixin.py:188} INFO - [2025-10-02T22:54:57.085+0000] {dagbag.py:545} INFO - Filling up the DagBag from /home/airflow/.local/lib/python3.12/site-packages/airflow/example_dags/example_latest_only.py
[2025-10-02T22:54:57.095+0000] {processor.py:840} INFO - DAG(s) 'latest_only' retrieved from /home/airflow/.local/lib/python3.12/site-packages/airflow/example_dags/example_latest_only.py
[2025-10-02T22:54:57.131+0000] {logging_mixin.py:188} INFO - [2025-10-02T22:54:57.130+0000] {dag.py:3096} INFO - Sync 1 DAGs
[2025-10-02T22:54:57.165+0000] {logging_mixin.py:188} INFO - [2025-10-02T22:54:57.165+0000] {dag.py:3954} INFO - Setting next_dagrun for latest_only to 2025-10-02 16:00:00+00:00, run_after=2025-10-02 20:00:00+00:00
[2025-10-02T22:54:57.191+0000] {processor.py:183} INFO - Processing /home/airflow/.local/lib/python3.12/site-packages/airflow/example_dags/example_latest_only.py took 0.126 seconds
[2025-10-02T22:55:28.144+0000] {processor.py:161} INFO - Started process (PID=431) to work on /home/airflow/.local/lib/python3.12/site-packages/airflow/example_dags/example_latest_only.py
[2025-10-02T22:55:28.147+0000] {processor.py:830} INFO - Processing file /home/airflow/.local/lib/python3.12/site-packages/airflow/example_dags/example_latest_only.py for tasks to queue
[2025-10-02T22:55:28.152+0000] {logging_mixin.py:188} INFO - [2025-10-02T22:55:28.151+0000] {dagbag.py:545} INFO - Filling up the DagBag from /home/airflow/.local/lib/python3.12/site-packages/airflow/example_dags/example_latest_only.py
[2025-10-02T22:55:28.166+0000] {processor.py:840} INFO - DAG(s) 'latest_only' retrieved from /home/airflow/.local/lib/python3.12/site-packages/airflow/example_dags/example_latest_only.py
[2025-10-02T22:55:28.212+0000] {logging_mixin.py:188} INFO - [2025-10-02T22:55:28.211+0000] {dag.py:3096} INFO - Sync 1 DAGs
[2025-10-02T22:55:28.260+0000] {logging_mixin.py:188} INFO - [2025-10-02T22:55:28.259+0000] {dag.py:3954} INFO - Setting next_dagrun for latest_only to 2025-10-02 16:00:00+00:00, run_after=2025-10-02 20:00:00+00:00
[2025-10-02T22:55:28.298+0000] {processor.py:183} INFO - Processing /home/airflow/.local/lib/python3.12/site-packages/airflow/example_dags/example_latest_only.py took 0.169 seconds
[2025-10-02T22:55:58.769+0000] {processor.py:161} INFO - Started process (PID=485) to work on /home/airflow/.local/lib/python3.12/site-packages/airflow/example_dags/example_latest_only.py
[2025-10-02T22:55:58.771+0000] {processor.py:830} INFO - Processing file /home/airflow/.local/lib/python3.12/site-packages/airflow/example_dags/example_latest_only.py for tasks to queue
[2025-10-02T22:55:58.774+0000] {logging_mixin.py:188} INFO - [2025-10-02T22:55:58.773+0000] {dagbag.py:545} INFO - Filling up the DagBag from /home/airflow/.local/lib/python3.12/site-packages/airflow/example_dags/example_latest_only.py
[2025-10-02T22:55:58.780+0000] {processor.py:840} INFO - DAG(s) 'latest_only' retrieved from /home/airflow/.local/lib/python3.12/site-packages/airflow/example_dags/example_latest_only.py
[2025-10-02T22:55:58.812+0000] {logging_mixin.py:188} INFO - [2025-10-02T22:55:58.812+0000] {dag.py:3096} INFO - Sync 1 DAGs
[2025-10-02T22:55:58.842+0000] {logging_mixin.py:188} INFO - [2025-10-02T22:55:58.842+0000] {dag.py:3954} INFO - Setting next_dagrun for latest_only to 2025-10-02 16:00:00+00:00, run_after=2025-10-02 20:00:00+00:00
[2025-10-02T22:55:58.866+0000] {processor.py:183} INFO - Processing /home/airflow/.local/lib/python3.12/site-packages/airflow/example_dags/example_latest_only.py took 0.105 seconds
[2025-10-02T22:56:28.966+0000] {processor.py:161} INFO - Started process (PID=538) to work on /home/airflow/.local/lib/python3.12/site-packages/airflow/example_dags/example_latest_only.py
[2025-10-02T22:56:28.967+0000] {processor.py:830} INFO - Processing file /home/airflow/.local/lib/python3.12/site-packages/airflow/example_dags/example_latest_only.py for tasks to queue
[2025-10-02T22:56:28.970+0000] {logging_mixin.py:188} INFO - [2025-10-02T22:56:28.969+0000] {dagbag.py:545} INFO - Filling up the DagBag from /home/airflow/.local/lib/python3.12/site-packages/airflow/example_dags/example_latest_only.py
[2025-10-02T22:56:28.976+0000] {processor.py:840} INFO - DAG(s) 'latest_only' retrieved from /home/airflow/.local/lib/python3.12/site-packages/airflow/example_dags/example_latest_only.py
[2025-10-02T22:56:29.001+0000] {logging_mixin.py:188} INFO - [2025-10-02T22:56:29.000+0000] {dag.py:3096} INFO - Sync 1 DAGs
[2025-10-02T22:56:29.028+0000] {logging_mixin.py:188} INFO - [2025-10-02T22:56:29.028+0000] {dag.py:3954} INFO - Setting next_dagrun for latest_only to 2025-10-02 16:00:00+00:00, run_after=2025-10-02 20:00:00+00:00
[2025-10-02T22:56:29.050+0000] {processor.py:183} INFO - Processing /home/airflow/.local/lib/python3.12/site-packages/airflow/example_dags/example_latest_only.py took 0.095 seconds
[2025-10-02T22:56:59.158+0000] {processor.py:161} INFO - Started process (PID=591) to work on /home/airflow/.local/lib/python3.12/site-packages/airflow/example_dags/example_latest_only.py
[2025-10-02T22:56:59.159+0000] {processor.py:830} INFO - Processing file /home/airflow/.local/lib/python3.12/site-packages/airflow/example_dags/example_latest_only.py for tasks to queue
[2025-10-02T22:56:59.162+0000] {logging_mixin.py:188} INFO - [2025-10-02T22:56:59.161+0000] {dagbag.py:545} INFO - Filling up the DagBag from /home/airflow/.local/lib/python3.12/site-packages/airflow/example_dags/example_latest_only.py
[2025-10-02T22:56:59.169+0000] {processor.py:840} INFO - DAG(s) 'latest_only' retrieved from /home/airflow/.local/lib/python3.12/site-packages/airflow/example_dags/example_latest_only.py
[2025-10-02T22:56:59.194+0000] {logging_mixin.py:188} INFO - [2025-10-02T22:56:59.194+0000] {dag.py:3096} INFO - Sync 1 DAGs
[2025-10-02T22:56:59.219+0000] {logging_mixin.py:188} INFO - [2025-10-02T22:56:59.219+0000] {dag.py:3954} INFO - Setting next_dagrun for latest_only to 2025-10-02 16:00:00+00:00, run_after=2025-10-02 20:00:00+00:00
[2025-10-02T22:56:59.241+0000] {processor.py:183} INFO - Processing /home/airflow/.local/lib/python3.12/site-packages/airflow/example_dags/example_latest_only.py took 0.091 seconds
[2025-10-02T22:57:29.836+0000] {processor.py:161} INFO - Started process (PID=645) to work on /home/airflow/.local/lib/python3.12/site-packages/airflow/example_dags/example_latest_only.py
[2025-10-02T22:57:29.837+0000] {processor.py:830} INFO - Processing file /home/airflow/.local/lib/python3.12/site-packages/airflow/example_dags/example_latest_only.py for tasks to queue
[2025-10-02T22:57:29.840+0000] {logging_mixin.py:188} INFO - [2025-10-02T22:57:29.840+0000] {dagbag.py:545} INFO - Filling up the DagBag from /home/airflow/.local/lib/python3.12/site-packages/airflow/example_dags/example_latest_only.py
[2025-10-02T22:57:29.847+0000] {processor.py:840} INFO - DAG(s) 'latest_only' retrieved from /home/airflow/.local/lib/python3.12/site-packages/airflow/example_dags/example_latest_only.py
[2025-10-02T22:57:29.876+0000] {logging_mixin.py:188} INFO - [2025-10-02T22:57:29.876+0000] {dag.py:3096} INFO - Sync 1 DAGs
[2025-10-02T22:57:29.908+0000] {logging_mixin.py:188} INFO - [2025-10-02T22:57:29.908+0000] {dag.py:3954} INFO - Setting next_dagrun for latest_only to 2025-10-02 16:00:00+00:00, run_after=2025-10-02 20:00:00+00:00
[2025-10-02T22:57:29.933+0000] {processor.py:183} INFO - Processing /home/airflow/.local/lib/python3.12/site-packages/airflow/example_dags/example_latest_only.py took 0.106 seconds
[2025-10-02T22:58:00.729+0000] {processor.py:161} INFO - Started process (PID=698) to work on /home/airflow/.local/lib/python3.12/site-packages/airflow/example_dags/example_latest_only.py
[2025-10-02T22:58:00.730+0000] {processor.py:830} INFO - Processing file /home/airflow/.local/lib/python3.12/site-packages/airflow/example_dags/example_latest_only.py for tasks to queue
[2025-10-02T22:58:00.733+0000] {logging_mixin.py:188} INFO - [2025-10-02T22:58:00.732+0000] {dagbag.py:545} INFO - Filling up the DagBag from /home/airflow/.local/lib/python3.12/site-packages/airflow/example_dags/example_latest_only.py
[2025-10-02T22:58:00.740+0000] {processor.py:840} INFO - DAG(s) 'latest_only' retrieved from /home/airflow/.local/lib/python3.12/site-packages/airflow/example_dags/example_latest_only.py
[2025-10-02T22:58:00.760+0000] {logging_mixin.py:188} INFO - [2025-10-02T22:58:00.760+0000] {dag.py:3096} INFO - Sync 1 DAGs
[2025-10-02T22:58:00.799+0000] {logging_mixin.py:188} INFO - [2025-10-02T22:58:00.799+0000] {dag.py:3954} INFO - Setting next_dagrun for latest_only to 2025-10-02 16:00:00+00:00, run_after=2025-10-02 20:00:00+00:00
[2025-10-02T22:58:00.831+0000] {processor.py:183} INFO - Processing /home/airflow/.local/lib/python3.12/site-packages/airflow/example_dags/example_latest_only.py took 0.111 seconds
[2025-10-02T22:58:31.160+0000] {processor.py:161} INFO - Started process (PID=751) to work on /home/airflow/.local/lib/python3.12/site-packages/airflow/example_dags/example_latest_only.py
[2025-10-02T22:58:31.162+0000] {processor.py:830} INFO - Processing file /home/airflow/.local/lib/python3.12/site-packages/airflow/example_dags/example_latest_only.py for tasks to queue
[2025-10-02T22:58:31.165+0000] {logging_mixin.py:188} INFO - [2025-10-02T22:58:31.165+0000] {dagbag.py:545} INFO - Filling up the DagBag from /home/airflow/.local/lib/python3.12/site-packages/airflow/example_dags/example_latest_only.py
[2025-10-02T22:58:31.172+0000] {processor.py:840} INFO - DAG(s) 'latest_only' retrieved from /home/airflow/.local/lib/python3.12/site-packages/airflow/example_dags/example_latest_only.py
[2025-10-02T22:58:31.314+0000] {logging_mixin.py:188} INFO - [2025-10-02T22:58:31.313+0000] {dag.py:3096} INFO - Sync 1 DAGs
[2025-10-02T22:58:31.340+0000] {logging_mixin.py:188} INFO - [2025-10-02T22:58:31.339+0000] {dag.py:3954} INFO - Setting next_dagrun for latest_only to 2025-10-02 16:00:00+00:00, run_after=2025-10-02 20:00:00+00:00
[2025-10-02T22:58:31.364+0000] {processor.py:183} INFO - Processing /home/airflow/.local/lib/python3.12/site-packages/airflow/example_dags/example_latest_only.py took 0.217 seconds
[2025-10-02T22:59:01.479+0000] {processor.py:161} INFO - Started process (PID=804) to work on /home/airflow/.local/lib/python3.12/site-packages/airflow/example_dags/example_latest_only.py
[2025-10-02T22:59:01.481+0000] {processor.py:830} INFO - Processing file /home/airflow/.local/lib/python3.12/site-packages/airflow/example_dags/example_latest_only.py for tasks to queue
[2025-10-02T22:59:01.484+0000] {logging_mixin.py:188} INFO - [2025-10-02T22:59:01.483+0000] {dagbag.py:545} INFO - Filling up the DagBag from /home/airflow/.local/lib/python3.12/site-packages/airflow/example_dags/example_latest_only.py
[2025-10-02T22:59:01.490+0000] {processor.py:840} INFO - DAG(s) 'latest_only' retrieved from /home/airflow/.local/lib/python3.12/site-packages/airflow/example_dags/example_latest_only.py
[2025-10-02T22:59:01.520+0000] {logging_mixin.py:188} INFO - [2025-10-02T22:59:01.520+0000] {dag.py:3096} INFO - Sync 1 DAGs
[2025-10-02T22:59:01.552+0000] {logging_mixin.py:188} INFO - [2025-10-02T22:59:01.552+0000] {dag.py:3954} INFO - Setting next_dagrun for latest_only to 2025-10-02 16:00:00+00:00, run_after=2025-10-02 20:00:00+00:00
[2025-10-02T22:59:01.577+0000] {processor.py:183} INFO - Processing /home/airflow/.local/lib/python3.12/site-packages/airflow/example_dags/example_latest_only.py took 0.106 seconds
[2025-10-02T22:59:31.763+0000] {processor.py:161} INFO - Started process (PID=857) to work on /home/airflow/.local/lib/python3.12/site-packages/airflow/example_dags/example_latest_only.py
[2025-10-02T22:59:31.764+0000] {processor.py:830} INFO - Processing file /home/airflow/.local/lib/python3.12/site-packages/airflow/example_dags/example_latest_only.py for tasks to queue
[2025-10-02T22:59:31.767+0000] {logging_mixin.py:188} INFO - [2025-10-02T22:59:31.766+0000] {dagbag.py:545} INFO - Filling up the DagBag from /home/airflow/.local/lib/python3.12/site-packages/airflow/example_dags/example_latest_only.py
[2025-10-02T22:59:31.773+0000] {processor.py:840} INFO - DAG(s) 'latest_only' retrieved from /home/airflow/.local/lib/python3.12/site-packages/airflow/example_dags/example_latest_only.py
[2025-10-02T22:59:31.799+0000] {logging_mixin.py:188} INFO - [2025-10-02T22:59:31.799+0000] {dag.py:3096} INFO - Sync 1 DAGs
[2025-10-02T22:59:31.834+0000] {logging_mixin.py:188} INFO - [2025-10-02T22:59:31.833+0000] {dag.py:3954} INFO - Setting next_dagrun for latest_only to 2025-10-02 16:00:00+00:00, run_after=2025-10-02 20:00:00+00:00
[2025-10-02T22:59:31.860+0000] {processor.py:183} INFO - Processing /home/airflow/.local/lib/python3.12/site-packages/airflow/example_dags/example_latest_only.py took 0.106 seconds
[2025-10-02T23:00:02.478+0000] {processor.py:161} INFO - Started process (PID=910) to work on /home/airflow/.local/lib/python3.12/site-packages/airflow/example_dags/example_latest_only.py
[2025-10-02T23:00:02.479+0000] {processor.py:830} INFO - Processing file /home/airflow/.local/lib/python3.12/site-packages/airflow/example_dags/example_latest_only.py for tasks to queue
[2025-10-02T23:00:02.482+0000] {logging_mixin.py:188} INFO - [2025-10-02T23:00:02.482+0000] {dagbag.py:545} INFO - Filling up the DagBag from /home/airflow/.local/lib/python3.12/site-packages/airflow/example_dags/example_latest_only.py
[2025-10-02T23:00:02.491+0000] {processor.py:840} INFO - DAG(s) 'latest_only' retrieved from /home/airflow/.local/lib/python3.12/site-packages/airflow/example_dags/example_latest_only.py
[2025-10-02T23:00:02.517+0000] {logging_mixin.py:188} INFO - [2025-10-02T23:00:02.517+0000] {dag.py:3096} INFO - Sync 1 DAGs
[2025-10-02T23:00:02.544+0000] {logging_mixin.py:188} INFO - [2025-10-02T23:00:02.544+0000] {dag.py:3954} INFO - Setting next_dagrun for latest_only to 2025-10-02 16:00:00+00:00, run_after=2025-10-02 20:00:00+00:00
[2025-10-02T23:00:02.571+0000] {processor.py:183} INFO - Processing /home/airflow/.local/lib/python3.12/site-packages/airflow/example_dags/example_latest_only.py took 0.102 seconds
[2025-10-02T23:00:32.718+0000] {processor.py:161} INFO - Started process (PID=963) to work on /home/airflow/.local/lib/python3.12/site-packages/airflow/example_dags/example_latest_only.py
[2025-10-02T23:00:32.719+0000] {processor.py:830} INFO - Processing file /home/airflow/.local/lib/python3.12/site-packages/airflow/example_dags/example_latest_only.py for tasks to queue
[2025-10-02T23:00:32.722+0000] {logging_mixin.py:188} INFO - [2025-10-02T23:00:32.722+0000] {dagbag.py:545} INFO - Filling up the DagBag from /home/airflow/.local/lib/python3.12/site-packages/airflow/example_dags/example_latest_only.py
[2025-10-02T23:00:32.729+0000] {processor.py:840} INFO - DAG(s) 'latest_only' retrieved from /home/airflow/.local/lib/python3.12/site-packages/airflow/example_dags/example_latest_only.py
[2025-10-02T23:00:32.761+0000] {logging_mixin.py:188} INFO - [2025-10-02T23:00:32.760+0000] {dag.py:3096} INFO - Sync 1 DAGs
[2025-10-02T23:00:32.789+0000] {logging_mixin.py:188} INFO - [2025-10-02T23:00:32.789+0000] {dag.py:3954} INFO - Setting next_dagrun for latest_only to 2025-10-02 16:00:00+00:00, run_after=2025-10-02 20:00:00+00:00
[2025-10-02T23:00:32.812+0000] {processor.py:183} INFO - Processing /home/airflow/.local/lib/python3.12/site-packages/airflow/example_dags/example_latest_only.py took 0.103 seconds
[2025-10-02T23:01:03.111+0000] {processor.py:161} INFO - Started process (PID=1016) to work on /home/airflow/.local/lib/python3.12/site-packages/airflow/example_dags/example_latest_only.py
[2025-10-02T23:01:03.113+0000] {processor.py:830} INFO - Processing file /home/airflow/.local/lib/python3.12/site-packages/airflow/example_dags/example_latest_only.py for tasks to queue
[2025-10-02T23:01:03.116+0000] {logging_mixin.py:188} INFO - [2025-10-02T23:01:03.115+0000] {dagbag.py:545} INFO - Filling up the DagBag from /home/airflow/.local/lib/python3.12/site-packages/airflow/example_dags/example_latest_only.py
[2025-10-02T23:01:03.126+0000] {processor.py:840} INFO - DAG(s) 'latest_only' retrieved from /home/airflow/.local/lib/python3.12/site-packages/airflow/example_dags/example_latest_only.py
[2025-10-02T23:01:03.158+0000] {logging_mixin.py:188} INFO - [2025-10-02T23:01:03.158+0000] {dag.py:3096} INFO - Sync 1 DAGs
[2025-10-02T23:01:03.189+0000] {logging_mixin.py:188} INFO - [2025-10-02T23:01:03.189+0000] {dag.py:3954} INFO - Setting next_dagrun for latest_only to 2025-10-02 16:00:00+00:00, run_after=2025-10-02 20:00:00+00:00
[2025-10-02T23:01:03.215+0000] {processor.py:183} INFO - Processing /home/airflow/.local/lib/python3.12/site-packages/airflow/example_dags/example_latest_only.py took 0.113 seconds
[2025-10-02T23:01:33.676+0000] {processor.py:161} INFO - Started process (PID=1069) to work on /home/airflow/.local/lib/python3.12/site-packages/airflow/example_dags/example_latest_only.py
[2025-10-02T23:01:33.682+0000] {processor.py:830} INFO - Processing file /home/airflow/.local/lib/python3.12/site-packages/airflow/example_dags/example_latest_only.py for tasks to queue
[2025-10-02T23:01:33.684+0000] {logging_mixin.py:188} INFO - [2025-10-02T23:01:33.684+0000] {dagbag.py:545} INFO - Filling up the DagBag from /home/airflow/.local/lib/python3.12/site-packages/airflow/example_dags/example_latest_only.py
[2025-10-02T23:01:33.691+0000] {processor.py:840} INFO - DAG(s) 'latest_only' retrieved from /home/airflow/.local/lib/python3.12/site-packages/airflow/example_dags/example_latest_only.py
[2025-10-02T23:01:33.717+0000] {logging_mixin.py:188} INFO - [2025-10-02T23:01:33.717+0000] {dag.py:3096} INFO - Sync 1 DAGs
[2025-10-02T23:01:33.749+0000] {logging_mixin.py:188} INFO - [2025-10-02T23:01:33.748+0000] {dag.py:3954} INFO - Setting next_dagrun for latest_only to 2025-10-02 16:00:00+00:00, run_after=2025-10-02 20:00:00+00:00
[2025-10-02T23:01:33.776+0000] {processor.py:183} INFO - Processing /home/airflow/.local/lib/python3.12/site-packages/airflow/example_dags/example_latest_only.py took 0.110 seconds
[2025-10-02T23:02:04.300+0000] {processor.py:161} INFO - Started process (PID=1122) to work on /home/airflow/.local/lib/python3.12/site-packages/airflow/example_dags/example_latest_only.py
[2025-10-02T23:02:04.304+0000] {processor.py:830} INFO - Processing file /home/airflow/.local/lib/python3.12/site-packages/airflow/example_dags/example_latest_only.py for tasks to queue
[2025-10-02T23:02:04.308+0000] {logging_mixin.py:188} INFO - [2025-10-02T23:02:04.307+0000] {dagbag.py:545} INFO - Filling up the DagBag from /home/airflow/.local/lib/python3.12/site-packages/airflow/example_dags/example_latest_only.py
[2025-10-02T23:02:04.317+0000] {processor.py:840} INFO - DAG(s) 'latest_only' retrieved from /home/airflow/.local/lib/python3.12/site-packages/airflow/example_dags/example_latest_only.py
[2025-10-02T23:02:04.350+0000] {logging_mixin.py:188} INFO - [2025-10-02T23:02:04.350+0000] {dag.py:3096} INFO - Sync 1 DAGs
[2025-10-02T23:02:04.387+0000] {logging_mixin.py:188} INFO - [2025-10-02T23:02:04.387+0000] {dag.py:3954} INFO - Setting next_dagrun for latest_only to 2025-10-02 16:00:00+00:00, run_after=2025-10-02 20:00:00+00:00
[2025-10-02T23:02:04.410+0000] {processor.py:183} INFO - Processing /home/airflow/.local/lib/python3.12/site-packages/airflow/example_dags/example_latest_only.py took 0.122 seconds
[2025-10-02T23:02:34.506+0000] {processor.py:161} INFO - Started process (PID=1174) to work on /home/airflow/.local/lib/python3.12/site-packages/airflow/example_dags/example_latest_only.py
[2025-10-02T23:02:34.508+0000] {processor.py:830} INFO - Processing file /home/airflow/.local/lib/python3.12/site-packages/airflow/example_dags/example_latest_only.py for tasks to queue
[2025-10-02T23:02:34.511+0000] {logging_mixin.py:188} INFO - [2025-10-02T23:02:34.510+0000] {dagbag.py:545} INFO - Filling up the DagBag from /home/airflow/.local/lib/python3.12/site-packages/airflow/example_dags/example_latest_only.py
[2025-10-02T23:02:34.519+0000] {processor.py:840} INFO - DAG(s) 'latest_only' retrieved from /home/airflow/.local/lib/python3.12/site-packages/airflow/example_dags/example_latest_only.py
[2025-10-02T23:02:34.551+0000] {logging_mixin.py:188} INFO - [2025-10-02T23:02:34.551+0000] {dag.py:3096} INFO - Sync 1 DAGs
[2025-10-02T23:02:34.581+0000] {logging_mixin.py:188} INFO - [2025-10-02T23:02:34.581+0000] {dag.py:3954} INFO - Setting next_dagrun for latest_only to 2025-10-02 16:00:00+00:00, run_after=2025-10-02 20:00:00+00:00
[2025-10-02T23:02:34.607+0000] {processor.py:183} INFO - Processing /home/airflow/.local/lib/python3.12/site-packages/airflow/example_dags/example_latest_only.py took 0.111 seconds
[2025-10-02T23:03:04.889+0000] {processor.py:161} INFO - Started process (PID=1227) to work on /home/airflow/.local/lib/python3.12/site-packages/airflow/example_dags/example_latest_only.py
[2025-10-02T23:03:04.890+0000] {processor.py:830} INFO - Processing file /home/airflow/.local/lib/python3.12/site-packages/airflow/example_dags/example_latest_only.py for tasks to queue
[2025-10-02T23:03:04.893+0000] {logging_mixin.py:188} INFO - [2025-10-02T23:03:04.893+0000] {dagbag.py:545} INFO - Filling up the DagBag from /home/airflow/.local/lib/python3.12/site-packages/airflow/example_dags/example_latest_only.py
[2025-10-02T23:03:04.899+0000] {processor.py:840} INFO - DAG(s) 'latest_only' retrieved from /home/airflow/.local/lib/python3.12/site-packages/airflow/example_dags/example_latest_only.py
[2025-10-02T23:03:04.930+0000] {logging_mixin.py:188} INFO - [2025-10-02T23:03:04.930+0000] {dag.py:3096} INFO - Sync 1 DAGs
[2025-10-02T23:03:04.958+0000] {logging_mixin.py:188} INFO - [2025-10-02T23:03:04.958+0000] {dag.py:3954} INFO - Setting next_dagrun for latest_only to 2025-10-02 16:00:00+00:00, run_after=2025-10-02 20:00:00+00:00
[2025-10-02T23:03:04.984+0000] {processor.py:183} INFO - Processing /home/airflow/.local/lib/python3.12/site-packages/airflow/example_dags/example_latest_only.py took 0.105 seconds
[2025-10-02T23:03:35.485+0000] {processor.py:161} INFO - Started process (PID=1280) to work on /home/airflow/.local/lib/python3.12/site-packages/airflow/example_dags/example_latest_only.py
[2025-10-02T23:03:35.487+0000] {processor.py:830} INFO - Processing file /home/airflow/.local/lib/python3.12/site-packages/airflow/example_dags/example_latest_only.py for tasks to queue
[2025-10-02T23:03:35.492+0000] {logging_mixin.py:188} INFO - [2025-10-02T23:03:35.492+0000] {dagbag.py:545} INFO - Filling up the DagBag from /home/airflow/.local/lib/python3.12/site-packages/airflow/example_dags/example_latest_only.py
[2025-10-02T23:03:35.502+0000] {processor.py:840} INFO - DAG(s) 'latest_only' retrieved from /home/airflow/.local/lib/python3.12/site-packages/airflow/example_dags/example_latest_only.py
[2025-10-02T23:03:35.549+0000] {logging_mixin.py:188} INFO - [2025-10-02T23:03:35.549+0000] {dag.py:3096} INFO - Sync 1 DAGs
[2025-10-02T23:03:35.585+0000] {logging_mixin.py:188} INFO - [2025-10-02T23:03:35.584+0000] {dag.py:3954} INFO - Setting next_dagrun for latest_only to 2025-10-02 16:00:00+00:00, run_after=2025-10-02 20:00:00+00:00
[2025-10-02T23:03:35.609+0000] {processor.py:183} INFO - Processing /home/airflow/.local/lib/python3.12/site-packages/airflow/example_dags/example_latest_only.py took 0.136 seconds
[2025-10-02T23:04:06.954+0000] {processor.py:161} INFO - Started process (PID=1333) to work on /home/airflow/.local/lib/python3.12/site-packages/airflow/example_dags/example_latest_only.py
[2025-10-02T23:04:06.956+0000] {processor.py:830} INFO - Processing file /home/airflow/.local/lib/python3.12/site-packages/airflow/example_dags/example_latest_only.py for tasks to queue
[2025-10-02T23:04:06.961+0000] {logging_mixin.py:188} INFO - [2025-10-02T23:04:06.960+0000] {dagbag.py:545} INFO - Filling up the DagBag from /home/airflow/.local/lib/python3.12/site-packages/airflow/example_dags/example_latest_only.py
[2025-10-02T23:04:06.970+0000] {processor.py:840} INFO - DAG(s) 'latest_only' retrieved from /home/airflow/.local/lib/python3.12/site-packages/airflow/example_dags/example_latest_only.py
[2025-10-02T23:04:07.004+0000] {logging_mixin.py:188} INFO - [2025-10-02T23:04:07.004+0000] {dag.py:3096} INFO - Sync 1 DAGs
[2025-10-02T23:04:07.040+0000] {logging_mixin.py:188} INFO - [2025-10-02T23:04:07.040+0000] {dag.py:3954} INFO - Setting next_dagrun for latest_only to 2025-10-02 16:00:00+00:00, run_after=2025-10-02 20:00:00+00:00
[2025-10-02T23:04:07.066+0000] {processor.py:183} INFO - Processing /home/airflow/.local/lib/python3.12/site-packages/airflow/example_dags/example_latest_only.py took 0.133 seconds
[2025-10-02T23:04:37.453+0000] {processor.py:161} INFO - Started process (PID=1386) to work on /home/airflow/.local/lib/python3.12/site-packages/airflow/example_dags/example_latest_only.py
[2025-10-02T23:04:37.455+0000] {processor.py:830} INFO - Processing file /home/airflow/.local/lib/python3.12/site-packages/airflow/example_dags/example_latest_only.py for tasks to queue
[2025-10-02T23:04:37.458+0000] {logging_mixin.py:188} INFO - [2025-10-02T23:04:37.458+0000] {dagbag.py:545} INFO - Filling up the DagBag from /home/airflow/.local/lib/python3.12/site-packages/airflow/example_dags/example_latest_only.py
[2025-10-02T23:04:37.469+0000] {processor.py:840} INFO - DAG(s) 'latest_only' retrieved from /home/airflow/.local/lib/python3.12/site-packages/airflow/example_dags/example_latest_only.py
[2025-10-02T23:04:37.500+0000] {logging_mixin.py:188} INFO - [2025-10-02T23:04:37.499+0000] {dag.py:3096} INFO - Sync 1 DAGs
[2025-10-02T23:04:37.528+0000] {logging_mixin.py:188} INFO - [2025-10-02T23:04:37.527+0000] {dag.py:3954} INFO - Setting next_dagrun for latest_only to 2025-10-02 16:00:00+00:00, run_after=2025-10-02 20:00:00+00:00
[2025-10-02T23:04:37.552+0000] {processor.py:183} INFO - Processing /home/airflow/.local/lib/python3.12/site-packages/airflow/example_dags/example_latest_only.py took 0.109 seconds
[2025-10-02T23:05:08.572+0000] {processor.py:161} INFO - Started process (PID=1439) to work on /home/airflow/.local/lib/python3.12/site-packages/airflow/example_dags/example_latest_only.py
[2025-10-02T23:05:08.574+0000] {processor.py:830} INFO - Processing file /home/airflow/.local/lib/python3.12/site-packages/airflow/example_dags/example_latest_only.py for tasks to queue
[2025-10-02T23:05:08.577+0000] {logging_mixin.py:188} INFO - [2025-10-02T23:05:08.576+0000] {dagbag.py:545} INFO - Filling up the DagBag from /home/airflow/.local/lib/python3.12/site-packages/airflow/example_dags/example_latest_only.py
[2025-10-02T23:05:08.585+0000] {processor.py:840} INFO - DAG(s) 'latest_only' retrieved from /home/airflow/.local/lib/python3.12/site-packages/airflow/example_dags/example_latest_only.py
[2025-10-02T23:05:08.611+0000] {logging_mixin.py:188} INFO - [2025-10-02T23:05:08.611+0000] {dag.py:3096} INFO - Sync 1 DAGs
[2025-10-02T23:05:08.637+0000] {logging_mixin.py:188} INFO - [2025-10-02T23:05:08.637+0000] {dag.py:3954} INFO - Setting next_dagrun for latest_only to 2025-10-02 16:00:00+00:00, run_after=2025-10-02 20:00:00+00:00
[2025-10-02T23:05:08.659+0000] {processor.py:183} INFO - Processing /home/airflow/.local/lib/python3.12/site-packages/airflow/example_dags/example_latest_only.py took 0.098 seconds
[2025-10-02T23:05:39.149+0000] {processor.py:161} INFO - Started process (PID=1492) to work on /home/airflow/.local/lib/python3.12/site-packages/airflow/example_dags/example_latest_only.py
[2025-10-02T23:05:39.150+0000] {processor.py:830} INFO - Processing file /home/airflow/.local/lib/python3.12/site-packages/airflow/example_dags/example_latest_only.py for tasks to queue
[2025-10-02T23:05:39.153+0000] {logging_mixin.py:188} INFO - [2025-10-02T23:05:39.153+0000] {dagbag.py:545} INFO - Filling up the DagBag from /home/airflow/.local/lib/python3.12/site-packages/airflow/example_dags/example_latest_only.py
[2025-10-02T23:05:39.162+0000] {processor.py:840} INFO - DAG(s) 'latest_only' retrieved from /home/airflow/.local/lib/python3.12/site-packages/airflow/example_dags/example_latest_only.py
[2025-10-02T23:05:39.190+0000] {logging_mixin.py:188} INFO - [2025-10-02T23:05:39.190+0000] {dag.py:3096} INFO - Sync 1 DAGs
[2025-10-02T23:05:39.223+0000] {logging_mixin.py:188} INFO - [2025-10-02T23:05:39.222+0000] {dag.py:3954} INFO - Setting next_dagrun for latest_only to 2025-10-02 16:00:00+00:00, run_after=2025-10-02 20:00:00+00:00
[2025-10-02T23:05:39.248+0000] {processor.py:183} INFO - Processing /home/airflow/.local/lib/python3.12/site-packages/airflow/example_dags/example_latest_only.py took 0.108 seconds
[2025-10-02T23:06:09.930+0000] {processor.py:161} INFO - Started process (PID=1545) to work on /home/airflow/.local/lib/python3.12/site-packages/airflow/example_dags/example_latest_only.py
[2025-10-02T23:06:09.931+0000] {processor.py:830} INFO - Processing file /home/airflow/.local/lib/python3.12/site-packages/airflow/example_dags/example_latest_only.py for tasks to queue
[2025-10-02T23:06:09.934+0000] {logging_mixin.py:188} INFO - [2025-10-02T23:06:09.934+0000] {dagbag.py:545} INFO - Filling up the DagBag from /home/airflow/.local/lib/python3.12/site-packages/airflow/example_dags/example_latest_only.py
[2025-10-02T23:06:09.942+0000] {processor.py:840} INFO - DAG(s) 'latest_only' retrieved from /home/airflow/.local/lib/python3.12/site-packages/airflow/example_dags/example_latest_only.py
[2025-10-02T23:06:09.971+0000] {logging_mixin.py:188} INFO - [2025-10-02T23:06:09.971+0000] {dag.py:3096} INFO - Sync 1 DAGs
[2025-10-02T23:06:09.997+0000] {logging_mixin.py:188} INFO - [2025-10-02T23:06:09.997+0000] {dag.py:3954} INFO - Setting next_dagrun for latest_only to 2025-10-02 16:00:00+00:00, run_after=2025-10-02 20:00:00+00:00
[2025-10-02T23:06:10.024+0000] {processor.py:183} INFO - Processing /home/airflow/.local/lib/python3.12/site-packages/airflow/example_dags/example_latest_only.py took 0.103 seconds
[2025-10-02T23:06:40.600+0000] {processor.py:161} INFO - Started process (PID=1598) to work on /home/airflow/.local/lib/python3.12/site-packages/airflow/example_dags/example_latest_only.py
[2025-10-02T23:06:40.601+0000] {processor.py:830} INFO - Processing file /home/airflow/.local/lib/python3.12/site-packages/airflow/example_dags/example_latest_only.py for tasks to queue
[2025-10-02T23:06:40.604+0000] {logging_mixin.py:188} INFO - [2025-10-02T23:06:40.604+0000] {dagbag.py:545} INFO - Filling up the DagBag from /home/airflow/.local/lib/python3.12/site-packages/airflow/example_dags/example_latest_only.py
[2025-10-02T23:06:40.611+0000] {processor.py:840} INFO - DAG(s) 'latest_only' retrieved from /home/airflow/.local/lib/python3.12/site-packages/airflow/example_dags/example_latest_only.py
[2025-10-02T23:06:40.642+0000] {logging_mixin.py:188} INFO - [2025-10-02T23:06:40.642+0000] {dag.py:3096} INFO - Sync 1 DAGs
[2025-10-02T23:06:40.873+0000] {logging_mixin.py:188} INFO - [2025-10-02T23:06:40.872+0000] {dag.py:3954} INFO - Setting next_dagrun for latest_only to 2025-10-02 16:00:00+00:00, run_after=2025-10-02 20:00:00+00:00
[2025-10-02T23:06:40.901+0000] {processor.py:183} INFO - Processing /home/airflow/.local/lib/python3.12/site-packages/airflow/example_dags/example_latest_only.py took 0.312 seconds
[2025-10-02T23:07:11.432+0000] {processor.py:161} INFO - Started process (PID=1651) to work on /home/airflow/.local/lib/python3.12/site-packages/airflow/example_dags/example_latest_only.py
[2025-10-02T23:07:11.438+0000] {processor.py:830} INFO - Processing file /home/airflow/.local/lib/python3.12/site-packages/airflow/example_dags/example_latest_only.py for tasks to queue
[2025-10-02T23:07:11.443+0000] {logging_mixin.py:188} INFO - [2025-10-02T23:07:11.442+0000] {dagbag.py:545} INFO - Filling up the DagBag from /home/airflow/.local/lib/python3.12/site-packages/airflow/example_dags/example_latest_only.py
[2025-10-02T23:07:11.455+0000] {processor.py:840} INFO - DAG(s) 'latest_only' retrieved from /home/airflow/.local/lib/python3.12/site-packages/airflow/example_dags/example_latest_only.py
[2025-10-02T23:07:11.498+0000] {logging_mixin.py:188} INFO - [2025-10-02T23:07:11.498+0000] {dag.py:3096} INFO - Sync 1 DAGs
[2025-10-02T23:07:11.540+0000] {logging_mixin.py:188} INFO - [2025-10-02T23:07:11.539+0000] {dag.py:3954} INFO - Setting next_dagrun for latest_only to 2025-10-02 16:00:00+00:00, run_after=2025-10-02 20:00:00+00:00
[2025-10-02T23:07:11.850+0000] {processor.py:183} INFO - Processing /home/airflow/.local/lib/python3.12/site-packages/airflow/example_dags/example_latest_only.py took 0.429 seconds
[2025-10-02T23:07:41.930+0000] {processor.py:161} INFO - Started process (PID=1704) to work on /home/airflow/.local/lib/python3.12/site-packages/airflow/example_dags/example_latest_only.py
[2025-10-02T23:07:41.931+0000] {processor.py:830} INFO - Processing file /home/airflow/.local/lib/python3.12/site-packages/airflow/example_dags/example_latest_only.py for tasks to queue
[2025-10-02T23:07:41.936+0000] {logging_mixin.py:188} INFO - [2025-10-02T23:07:41.936+0000] {dagbag.py:545} INFO - Filling up the DagBag from /home/airflow/.local/lib/python3.12/site-packages/airflow/example_dags/example_latest_only.py
[2025-10-02T23:07:41.944+0000] {processor.py:840} INFO - DAG(s) 'latest_only' retrieved from /home/airflow/.local/lib/python3.12/site-packages/airflow/example_dags/example_latest_only.py
[2025-10-02T23:07:41.977+0000] {logging_mixin.py:188} INFO - [2025-10-02T23:07:41.977+0000] {dag.py:3096} INFO - Sync 1 DAGs
[2025-10-02T23:07:42.007+0000] {logging_mixin.py:188} INFO - [2025-10-02T23:07:42.007+0000] {dag.py:3954} INFO - Setting next_dagrun for latest_only to 2025-10-02 16:00:00+00:00, run_after=2025-10-02 20:00:00+00:00
[2025-10-02T23:07:42.032+0000] {processor.py:183} INFO - Processing /home/airflow/.local/lib/python3.12/site-packages/airflow/example_dags/example_latest_only.py took 0.111 seconds
[2025-10-02T23:08:13.032+0000] {processor.py:161} INFO - Started process (PID=1757) to work on /home/airflow/.local/lib/python3.12/site-packages/airflow/example_dags/example_latest_only.py
[2025-10-02T23:08:13.033+0000] {processor.py:830} INFO - Processing file /home/airflow/.local/lib/python3.12/site-packages/airflow/example_dags/example_latest_only.py for tasks to queue
[2025-10-02T23:08:13.036+0000] {logging_mixin.py:188} INFO - [2025-10-02T23:08:13.036+0000] {dagbag.py:545} INFO - Filling up the DagBag from /home/airflow/.local/lib/python3.12/site-packages/airflow/example_dags/example_latest_only.py
[2025-10-02T23:08:13.043+0000] {processor.py:840} INFO - DAG(s) 'latest_only' retrieved from /home/airflow/.local/lib/python3.12/site-packages/airflow/example_dags/example_latest_only.py
[2025-10-02T23:08:13.239+0000] {logging_mixin.py:188} INFO - [2025-10-02T23:08:13.239+0000] {dag.py:3096} INFO - Sync 1 DAGs
[2025-10-02T23:08:13.263+0000] {logging_mixin.py:188} INFO - [2025-10-02T23:08:13.263+0000] {dag.py:3954} INFO - Setting next_dagrun for latest_only to 2025-10-02 16:00:00+00:00, run_after=2025-10-02 20:00:00+00:00
[2025-10-02T23:08:13.286+0000] {processor.py:183} INFO - Processing /home/airflow/.local/lib/python3.12/site-packages/airflow/example_dags/example_latest_only.py took 0.263 seconds
[2025-10-02T23:08:43.775+0000] {processor.py:161} INFO - Started process (PID=1810) to work on /home/airflow/.local/lib/python3.12/site-packages/airflow/example_dags/example_latest_only.py
[2025-10-02T23:08:43.777+0000] {processor.py:830} INFO - Processing file /home/airflow/.local/lib/python3.12/site-packages/airflow/example_dags/example_latest_only.py for tasks to queue
[2025-10-02T23:08:43.780+0000] {logging_mixin.py:188} INFO - [2025-10-02T23:08:43.779+0000] {dagbag.py:545} INFO - Filling up the DagBag from /home/airflow/.local/lib/python3.12/site-packages/airflow/example_dags/example_latest_only.py
[2025-10-02T23:08:43.787+0000] {processor.py:840} INFO - DAG(s) 'latest_only' retrieved from /home/airflow/.local/lib/python3.12/site-packages/airflow/example_dags/example_latest_only.py
[2025-10-02T23:08:43.814+0000] {logging_mixin.py:188} INFO - [2025-10-02T23:08:43.814+0000] {dag.py:3096} INFO - Sync 1 DAGs
[2025-10-02T23:08:43.842+0000] {logging_mixin.py:188} INFO - [2025-10-02T23:08:43.842+0000] {dag.py:3954} INFO - Setting next_dagrun for latest_only to 2025-10-02 16:00:00+00:00, run_after=2025-10-02 20:00:00+00:00
[2025-10-02T23:08:43.867+0000] {processor.py:183} INFO - Processing /home/airflow/.local/lib/python3.12/site-packages/airflow/example_dags/example_latest_only.py took 0.100 seconds
[2025-10-02T23:09:14.444+0000] {processor.py:161} INFO - Started process (PID=1863) to work on /home/airflow/.local/lib/python3.12/site-packages/airflow/example_dags/example_latest_only.py
[2025-10-02T23:09:14.446+0000] {processor.py:830} INFO - Processing file /home/airflow/.local/lib/python3.12/site-packages/airflow/example_dags/example_latest_only.py for tasks to queue
[2025-10-02T23:09:14.449+0000] {logging_mixin.py:188} INFO - [2025-10-02T23:09:14.448+0000] {dagbag.py:545} INFO - Filling up the DagBag from /home/airflow/.local/lib/python3.12/site-packages/airflow/example_dags/example_latest_only.py
[2025-10-02T23:09:14.458+0000] {processor.py:840} INFO - DAG(s) 'latest_only' retrieved from /home/airflow/.local/lib/python3.12/site-packages/airflow/example_dags/example_latest_only.py
[2025-10-02T23:09:14.491+0000] {logging_mixin.py:188} INFO - [2025-10-02T23:09:14.490+0000] {dag.py:3096} INFO - Sync 1 DAGs
[2025-10-02T23:09:14.524+0000] {logging_mixin.py:188} INFO - [2025-10-02T23:09:14.523+0000] {dag.py:3954} INFO - Setting next_dagrun for latest_only to 2025-10-02 16:00:00+00:00, run_after=2025-10-02 20:00:00+00:00
[2025-10-02T23:09:14.554+0000] {processor.py:183} INFO - Processing /home/airflow/.local/lib/python3.12/site-packages/airflow/example_dags/example_latest_only.py took 0.120 seconds
[2025-10-02T23:09:45.254+0000] {processor.py:161} INFO - Started process (PID=1916) to work on /home/airflow/.local/lib/python3.12/site-packages/airflow/example_dags/example_latest_only.py
[2025-10-02T23:09:45.255+0000] {processor.py:830} INFO - Processing file /home/airflow/.local/lib/python3.12/site-packages/airflow/example_dags/example_latest_only.py for tasks to queue
[2025-10-02T23:09:45.258+0000] {logging_mixin.py:188} INFO - [2025-10-02T23:09:45.258+0000] {dagbag.py:545} INFO - Filling up the DagBag from /home/airflow/.local/lib/python3.12/site-packages/airflow/example_dags/example_latest_only.py
[2025-10-02T23:09:45.265+0000] {processor.py:840} INFO - DAG(s) 'latest_only' retrieved from /home/airflow/.local/lib/python3.12/site-packages/airflow/example_dags/example_latest_only.py
[2025-10-02T23:09:45.291+0000] {logging_mixin.py:188} INFO - [2025-10-02T23:09:45.291+0000] {dag.py:3096} INFO - Sync 1 DAGs
[2025-10-02T23:09:45.317+0000] {logging_mixin.py:188} INFO - [2025-10-02T23:09:45.317+0000] {dag.py:3954} INFO - Setting next_dagrun for latest_only to 2025-10-02 16:00:00+00:00, run_after=2025-10-02 20:00:00+00:00
[2025-10-02T23:09:45.344+0000] {processor.py:183} INFO - Processing /home/airflow/.local/lib/python3.12/site-packages/airflow/example_dags/example_latest_only.py took 0.098 seconds
[2025-10-02T23:10:16.029+0000] {processor.py:161} INFO - Started process (PID=1969) to work on /home/airflow/.local/lib/python3.12/site-packages/airflow/example_dags/example_latest_only.py
[2025-10-02T23:10:16.031+0000] {processor.py:830} INFO - Processing file /home/airflow/.local/lib/python3.12/site-packages/airflow/example_dags/example_latest_only.py for tasks to queue
[2025-10-02T23:10:16.036+0000] {logging_mixin.py:188} INFO - [2025-10-02T23:10:16.036+0000] {dagbag.py:545} INFO - Filling up the DagBag from /home/airflow/.local/lib/python3.12/site-packages/airflow/example_dags/example_latest_only.py
[2025-10-02T23:10:16.059+0000] {processor.py:840} INFO - DAG(s) 'latest_only' retrieved from /home/airflow/.local/lib/python3.12/site-packages/airflow/example_dags/example_latest_only.py
[2025-10-02T23:10:16.108+0000] {logging_mixin.py:188} INFO - [2025-10-02T23:10:16.108+0000] {dag.py:3096} INFO - Sync 1 DAGs
[2025-10-02T23:10:16.188+0000] {logging_mixin.py:188} INFO - [2025-10-02T23:10:16.188+0000] {dag.py:3954} INFO - Setting next_dagrun for latest_only to 2025-10-02 16:00:00+00:00, run_after=2025-10-02 20:00:00+00:00
[2025-10-02T23:10:16.222+0000] {processor.py:183} INFO - Processing /home/airflow/.local/lib/python3.12/site-packages/airflow/example_dags/example_latest_only.py took 0.210 seconds
