[2025-10-02T22:50:43.914+0000] {processor.py:161} INFO - Started process (PID=74) to work on /home/airflow/.local/lib/python3.12/site-packages/airflow/example_dags/example_branch_day_of_week_operator.py
[2025-10-02T22:50:43.916+0000] {processor.py:830} INFO - Processing file /home/airflow/.local/lib/python3.12/site-packages/airflow/example_dags/example_branch_day_of_week_operator.py for tasks to queue
[2025-10-02T22:50:43.920+0000] {logging_mixin.py:188} INFO - [2025-10-02T22:50:43.919+0000] {dagbag.py:545} INFO - Filling up the DagBag from /home/airflow/.local/lib/python3.12/site-packages/airflow/example_dags/example_branch_day_of_week_operator.py
[2025-10-02T22:50:43.936+0000] {processor.py:840} INFO - DAG(s) 'example_weekday_branch_operator' retrieved from /home/airflow/.local/lib/python3.12/site-packages/airflow/example_dags/example_branch_day_of_week_operator.py
[2025-10-02T22:50:44.417+0000] {logging_mixin.py:188} INFO - [2025-10-02T22:50:44.415+0000] {override.py:1829} INFO - Created Permission View: can delete on DAG:example_weekday_branch_operator
[2025-10-02T22:50:44.441+0000] {logging_mixin.py:188} INFO - [2025-10-02T22:50:44.441+0000] {override.py:1829} INFO - Created Permission View: can edit on DAG:example_weekday_branch_operator
[2025-10-02T22:50:44.461+0000] {logging_mixin.py:188} INFO - [2025-10-02T22:50:44.461+0000] {override.py:1829} INFO - Created Permission View: can read on DAG:example_weekday_branch_operator
[2025-10-02T22:50:44.463+0000] {logging_mixin.py:188} INFO - [2025-10-02T22:50:44.462+0000] {dag.py:3096} INFO - Sync 1 DAGs
[2025-10-02T22:50:44.492+0000] {logging_mixin.py:188} INFO - [2025-10-02T22:50:44.492+0000] {dag.py:3118} INFO - Creating ORM DAG for example_weekday_branch_operator
[2025-10-02T22:50:44.517+0000] {logging_mixin.py:188} INFO - [2025-10-02T22:50:44.517+0000] {dag.py:3954} INFO - Setting next_dagrun for example_weekday_branch_operator to 2025-10-01 00:00:00+00:00, run_after=2025-10-02 00:00:00+00:00
[2025-10-02T22:50:44.550+0000] {processor.py:183} INFO - Processing /home/airflow/.local/lib/python3.12/site-packages/airflow/example_dags/example_branch_day_of_week_operator.py took 0.647 seconds
[2025-10-02T22:51:53.000+0000] {processor.py:161} INFO - Started process (PID=74) to work on /home/airflow/.local/lib/python3.12/site-packages/airflow/example_dags/example_branch_day_of_week_operator.py
[2025-10-02T22:51:53.001+0000] {processor.py:830} INFO - Processing file /home/airflow/.local/lib/python3.12/site-packages/airflow/example_dags/example_branch_day_of_week_operator.py for tasks to queue
[2025-10-02T22:51:53.005+0000] {logging_mixin.py:188} INFO - [2025-10-02T22:51:53.004+0000] {dagbag.py:545} INFO - Filling up the DagBag from /home/airflow/.local/lib/python3.12/site-packages/airflow/example_dags/example_branch_day_of_week_operator.py
[2025-10-02T22:51:53.016+0000] {processor.py:840} INFO - DAG(s) 'example_weekday_branch_operator' retrieved from /home/airflow/.local/lib/python3.12/site-packages/airflow/example_dags/example_branch_day_of_week_operator.py
[2025-10-02T22:51:53.038+0000] {logging_mixin.py:188} INFO - [2025-10-02T22:51:53.038+0000] {dag.py:3096} INFO - Sync 1 DAGs
[2025-10-02T22:51:53.083+0000] {logging_mixin.py:188} INFO - [2025-10-02T22:51:53.083+0000] {dag.py:3954} INFO - Setting next_dagrun for example_weekday_branch_operator to 2025-10-01 00:00:00+00:00, run_after=2025-10-02 00:00:00+00:00
[2025-10-02T22:51:53.115+0000] {processor.py:183} INFO - Processing /home/airflow/.local/lib/python3.12/site-packages/airflow/example_dags/example_branch_day_of_week_operator.py took 0.125 seconds
[2025-10-02T22:52:23.300+0000] {processor.py:161} INFO - Started process (PID=127) to work on /home/airflow/.local/lib/python3.12/site-packages/airflow/example_dags/example_branch_day_of_week_operator.py
[2025-10-02T22:52:23.301+0000] {processor.py:830} INFO - Processing file /home/airflow/.local/lib/python3.12/site-packages/airflow/example_dags/example_branch_day_of_week_operator.py for tasks to queue
[2025-10-02T22:52:23.305+0000] {logging_mixin.py:188} INFO - [2025-10-02T22:52:23.305+0000] {dagbag.py:545} INFO - Filling up the DagBag from /home/airflow/.local/lib/python3.12/site-packages/airflow/example_dags/example_branch_day_of_week_operator.py
[2025-10-02T22:52:23.332+0000] {processor.py:840} INFO - DAG(s) 'example_weekday_branch_operator' retrieved from /home/airflow/.local/lib/python3.12/site-packages/airflow/example_dags/example_branch_day_of_week_operator.py
[2025-10-02T22:52:23.364+0000] {logging_mixin.py:188} INFO - [2025-10-02T22:52:23.364+0000] {dag.py:3096} INFO - Sync 1 DAGs
[2025-10-02T22:52:23.453+0000] {logging_mixin.py:188} INFO - [2025-10-02T22:52:23.453+0000] {dag.py:3954} INFO - Setting next_dagrun for example_weekday_branch_operator to 2025-10-01 00:00:00+00:00, run_after=2025-10-02 00:00:00+00:00
[2025-10-02T22:52:23.506+0000] {processor.py:183} INFO - Processing /home/airflow/.local/lib/python3.12/site-packages/airflow/example_dags/example_branch_day_of_week_operator.py took 0.215 seconds
[2025-10-02T22:52:55.270+0000] {processor.py:161} INFO - Started process (PID=180) to work on /home/airflow/.local/lib/python3.12/site-packages/airflow/example_dags/example_branch_day_of_week_operator.py
[2025-10-02T22:52:55.272+0000] {processor.py:830} INFO - Processing file /home/airflow/.local/lib/python3.12/site-packages/airflow/example_dags/example_branch_day_of_week_operator.py for tasks to queue
[2025-10-02T22:52:55.274+0000] {logging_mixin.py:188} INFO - [2025-10-02T22:52:55.274+0000] {dagbag.py:545} INFO - Filling up the DagBag from /home/airflow/.local/lib/python3.12/site-packages/airflow/example_dags/example_branch_day_of_week_operator.py
[2025-10-02T22:52:55.287+0000] {processor.py:840} INFO - DAG(s) 'example_weekday_branch_operator' retrieved from /home/airflow/.local/lib/python3.12/site-packages/airflow/example_dags/example_branch_day_of_week_operator.py
[2025-10-02T22:52:55.431+0000] {logging_mixin.py:188} INFO - [2025-10-02T22:52:55.430+0000] {dag.py:3096} INFO - Sync 1 DAGs
[2025-10-02T22:52:55.455+0000] {logging_mixin.py:188} INFO - [2025-10-02T22:52:55.455+0000] {dag.py:3954} INFO - Setting next_dagrun for example_weekday_branch_operator to 2025-10-01 00:00:00+00:00, run_after=2025-10-02 00:00:00+00:00
[2025-10-02T22:52:55.482+0000] {processor.py:183} INFO - Processing /home/airflow/.local/lib/python3.12/site-packages/airflow/example_dags/example_branch_day_of_week_operator.py took 0.220 seconds
[2025-10-02T22:53:25.554+0000] {processor.py:161} INFO - Started process (PID=235) to work on /home/airflow/.local/lib/python3.12/site-packages/airflow/example_dags/example_branch_day_of_week_operator.py
[2025-10-02T22:53:25.556+0000] {processor.py:830} INFO - Processing file /home/airflow/.local/lib/python3.12/site-packages/airflow/example_dags/example_branch_day_of_week_operator.py for tasks to queue
[2025-10-02T22:53:25.559+0000] {logging_mixin.py:188} INFO - [2025-10-02T22:53:25.558+0000] {dagbag.py:545} INFO - Filling up the DagBag from /home/airflow/.local/lib/python3.12/site-packages/airflow/example_dags/example_branch_day_of_week_operator.py
[2025-10-02T22:53:25.572+0000] {processor.py:840} INFO - DAG(s) 'example_weekday_branch_operator' retrieved from /home/airflow/.local/lib/python3.12/site-packages/airflow/example_dags/example_branch_day_of_week_operator.py
[2025-10-02T22:53:25.602+0000] {logging_mixin.py:188} INFO - [2025-10-02T22:53:25.601+0000] {dag.py:3096} INFO - Sync 1 DAGs
[2025-10-02T22:53:25.633+0000] {logging_mixin.py:188} INFO - [2025-10-02T22:53:25.633+0000] {dag.py:3954} INFO - Setting next_dagrun for example_weekday_branch_operator to 2025-10-01 00:00:00+00:00, run_after=2025-10-02 00:00:00+00:00
[2025-10-02T22:53:25.659+0000] {processor.py:183} INFO - Processing /home/airflow/.local/lib/python3.12/site-packages/airflow/example_dags/example_branch_day_of_week_operator.py took 0.117 seconds
[2025-10-02T22:53:56.144+0000] {processor.py:161} INFO - Started process (PID=288) to work on /home/airflow/.local/lib/python3.12/site-packages/airflow/example_dags/example_branch_day_of_week_operator.py
[2025-10-02T22:53:56.146+0000] {processor.py:830} INFO - Processing file /home/airflow/.local/lib/python3.12/site-packages/airflow/example_dags/example_branch_day_of_week_operator.py for tasks to queue
[2025-10-02T22:53:56.149+0000] {logging_mixin.py:188} INFO - [2025-10-02T22:53:56.148+0000] {dagbag.py:545} INFO - Filling up the DagBag from /home/airflow/.local/lib/python3.12/site-packages/airflow/example_dags/example_branch_day_of_week_operator.py
[2025-10-02T22:53:56.163+0000] {processor.py:840} INFO - DAG(s) 'example_weekday_branch_operator' retrieved from /home/airflow/.local/lib/python3.12/site-packages/airflow/example_dags/example_branch_day_of_week_operator.py
[2025-10-02T22:53:56.180+0000] {logging_mixin.py:188} INFO - [2025-10-02T22:53:56.180+0000] {dag.py:3096} INFO - Sync 1 DAGs
[2025-10-02T22:53:56.214+0000] {logging_mixin.py:188} INFO - [2025-10-02T22:53:56.214+0000] {dag.py:3954} INFO - Setting next_dagrun for example_weekday_branch_operator to 2025-10-01 00:00:00+00:00, run_after=2025-10-02 00:00:00+00:00
[2025-10-02T22:53:56.237+0000] {processor.py:183} INFO - Processing /home/airflow/.local/lib/python3.12/site-packages/airflow/example_dags/example_branch_day_of_week_operator.py took 0.103 seconds
[2025-10-02T22:54:29.739+0000] {processor.py:161} INFO - Started process (PID=341) to work on /home/airflow/.local/lib/python3.12/site-packages/airflow/example_dags/example_branch_day_of_week_operator.py
[2025-10-02T22:54:29.741+0000] {processor.py:830} INFO - Processing file /home/airflow/.local/lib/python3.12/site-packages/airflow/example_dags/example_branch_day_of_week_operator.py for tasks to queue
[2025-10-02T22:54:29.746+0000] {logging_mixin.py:188} INFO - [2025-10-02T22:54:29.745+0000] {dagbag.py:545} INFO - Filling up the DagBag from /home/airflow/.local/lib/python3.12/site-packages/airflow/example_dags/example_branch_day_of_week_operator.py
[2025-10-02T22:54:29.767+0000] {processor.py:840} INFO - DAG(s) 'example_weekday_branch_operator' retrieved from /home/airflow/.local/lib/python3.12/site-packages/airflow/example_dags/example_branch_day_of_week_operator.py
[2025-10-02T22:54:29.964+0000] {logging_mixin.py:188} INFO - [2025-10-02T22:54:29.963+0000] {dag.py:3096} INFO - Sync 1 DAGs
[2025-10-02T22:54:29.992+0000] {logging_mixin.py:188} INFO - [2025-10-02T22:54:29.992+0000] {dag.py:3954} INFO - Setting next_dagrun for example_weekday_branch_operator to 2025-10-01 00:00:00+00:00, run_after=2025-10-02 00:00:00+00:00
[2025-10-02T22:54:30.019+0000] {processor.py:183} INFO - Processing /home/airflow/.local/lib/python3.12/site-packages/airflow/example_dags/example_branch_day_of_week_operator.py took 0.293 seconds
[2025-10-02T22:55:00.187+0000] {processor.py:161} INFO - Started process (PID=394) to work on /home/airflow/.local/lib/python3.12/site-packages/airflow/example_dags/example_branch_day_of_week_operator.py
[2025-10-02T22:55:00.189+0000] {processor.py:830} INFO - Processing file /home/airflow/.local/lib/python3.12/site-packages/airflow/example_dags/example_branch_day_of_week_operator.py for tasks to queue
[2025-10-02T22:55:00.193+0000] {logging_mixin.py:188} INFO - [2025-10-02T22:55:00.192+0000] {dagbag.py:545} INFO - Filling up the DagBag from /home/airflow/.local/lib/python3.12/site-packages/airflow/example_dags/example_branch_day_of_week_operator.py
[2025-10-02T22:55:00.206+0000] {processor.py:840} INFO - DAG(s) 'example_weekday_branch_operator' retrieved from /home/airflow/.local/lib/python3.12/site-packages/airflow/example_dags/example_branch_day_of_week_operator.py
[2025-10-02T22:55:00.239+0000] {logging_mixin.py:188} INFO - [2025-10-02T22:55:00.238+0000] {dag.py:3096} INFO - Sync 1 DAGs
[2025-10-02T22:55:00.268+0000] {logging_mixin.py:188} INFO - [2025-10-02T22:55:00.268+0000] {dag.py:3954} INFO - Setting next_dagrun for example_weekday_branch_operator to 2025-10-01 00:00:00+00:00, run_after=2025-10-02 00:00:00+00:00
[2025-10-02T22:55:00.293+0000] {processor.py:183} INFO - Processing /home/airflow/.local/lib/python3.12/site-packages/airflow/example_dags/example_branch_day_of_week_operator.py took 0.115 seconds
[2025-10-02T22:55:31.506+0000] {processor.py:161} INFO - Started process (PID=451) to work on /home/airflow/.local/lib/python3.12/site-packages/airflow/example_dags/example_branch_day_of_week_operator.py
[2025-10-02T22:55:31.508+0000] {processor.py:830} INFO - Processing file /home/airflow/.local/lib/python3.12/site-packages/airflow/example_dags/example_branch_day_of_week_operator.py for tasks to queue
[2025-10-02T22:55:31.512+0000] {logging_mixin.py:188} INFO - [2025-10-02T22:55:31.511+0000] {dagbag.py:545} INFO - Filling up the DagBag from /home/airflow/.local/lib/python3.12/site-packages/airflow/example_dags/example_branch_day_of_week_operator.py
[2025-10-02T22:55:31.527+0000] {processor.py:840} INFO - DAG(s) 'example_weekday_branch_operator' retrieved from /home/airflow/.local/lib/python3.12/site-packages/airflow/example_dags/example_branch_day_of_week_operator.py
[2025-10-02T22:55:31.558+0000] {logging_mixin.py:188} INFO - [2025-10-02T22:55:31.557+0000] {dag.py:3096} INFO - Sync 1 DAGs
[2025-10-02T22:55:31.587+0000] {logging_mixin.py:188} INFO - [2025-10-02T22:55:31.587+0000] {dag.py:3954} INFO - Setting next_dagrun for example_weekday_branch_operator to 2025-10-01 00:00:00+00:00, run_after=2025-10-02 00:00:00+00:00
[2025-10-02T22:55:31.618+0000] {processor.py:183} INFO - Processing /home/airflow/.local/lib/python3.12/site-packages/airflow/example_dags/example_branch_day_of_week_operator.py took 0.120 seconds
[2025-10-02T22:56:02.405+0000] {processor.py:161} INFO - Started process (PID=504) to work on /home/airflow/.local/lib/python3.12/site-packages/airflow/example_dags/example_branch_day_of_week_operator.py
[2025-10-02T22:56:02.406+0000] {processor.py:830} INFO - Processing file /home/airflow/.local/lib/python3.12/site-packages/airflow/example_dags/example_branch_day_of_week_operator.py for tasks to queue
[2025-10-02T22:56:02.409+0000] {logging_mixin.py:188} INFO - [2025-10-02T22:56:02.409+0000] {dagbag.py:545} INFO - Filling up the DagBag from /home/airflow/.local/lib/python3.12/site-packages/airflow/example_dags/example_branch_day_of_week_operator.py
[2025-10-02T22:56:02.420+0000] {processor.py:840} INFO - DAG(s) 'example_weekday_branch_operator' retrieved from /home/airflow/.local/lib/python3.12/site-packages/airflow/example_dags/example_branch_day_of_week_operator.py
[2025-10-02T22:56:02.450+0000] {logging_mixin.py:188} INFO - [2025-10-02T22:56:02.450+0000] {dag.py:3096} INFO - Sync 1 DAGs
[2025-10-02T22:56:02.479+0000] {logging_mixin.py:188} INFO - [2025-10-02T22:56:02.478+0000] {dag.py:3954} INFO - Setting next_dagrun for example_weekday_branch_operator to 2025-10-01 00:00:00+00:00, run_after=2025-10-02 00:00:00+00:00
[2025-10-02T22:56:02.505+0000] {processor.py:183} INFO - Processing /home/airflow/.local/lib/python3.12/site-packages/airflow/example_dags/example_branch_day_of_week_operator.py took 0.109 seconds
[2025-10-02T22:56:33.000+0000] {processor.py:161} INFO - Started process (PID=557) to work on /home/airflow/.local/lib/python3.12/site-packages/airflow/example_dags/example_branch_day_of_week_operator.py
[2025-10-02T22:56:33.002+0000] {processor.py:830} INFO - Processing file /home/airflow/.local/lib/python3.12/site-packages/airflow/example_dags/example_branch_day_of_week_operator.py for tasks to queue
[2025-10-02T22:56:33.006+0000] {logging_mixin.py:188} INFO - [2025-10-02T22:56:33.005+0000] {dagbag.py:545} INFO - Filling up the DagBag from /home/airflow/.local/lib/python3.12/site-packages/airflow/example_dags/example_branch_day_of_week_operator.py
[2025-10-02T22:56:33.021+0000] {processor.py:840} INFO - DAG(s) 'example_weekday_branch_operator' retrieved from /home/airflow/.local/lib/python3.12/site-packages/airflow/example_dags/example_branch_day_of_week_operator.py
[2025-10-02T22:56:33.060+0000] {logging_mixin.py:188} INFO - [2025-10-02T22:56:33.059+0000] {dag.py:3096} INFO - Sync 1 DAGs
[2025-10-02T22:56:33.144+0000] {logging_mixin.py:188} INFO - [2025-10-02T22:56:33.144+0000] {dag.py:3954} INFO - Setting next_dagrun for example_weekday_branch_operator to 2025-10-01 00:00:00+00:00, run_after=2025-10-02 00:00:00+00:00
[2025-10-02T22:56:33.204+0000] {processor.py:183} INFO - Processing /home/airflow/.local/lib/python3.12/site-packages/airflow/example_dags/example_branch_day_of_week_operator.py took 0.216 seconds
[2025-10-02T22:57:03.336+0000] {processor.py:161} INFO - Started process (PID=610) to work on /home/airflow/.local/lib/python3.12/site-packages/airflow/example_dags/example_branch_day_of_week_operator.py
[2025-10-02T22:57:03.338+0000] {processor.py:830} INFO - Processing file /home/airflow/.local/lib/python3.12/site-packages/airflow/example_dags/example_branch_day_of_week_operator.py for tasks to queue
[2025-10-02T22:57:03.341+0000] {logging_mixin.py:188} INFO - [2025-10-02T22:57:03.341+0000] {dagbag.py:545} INFO - Filling up the DagBag from /home/airflow/.local/lib/python3.12/site-packages/airflow/example_dags/example_branch_day_of_week_operator.py
[2025-10-02T22:57:03.353+0000] {processor.py:840} INFO - DAG(s) 'example_weekday_branch_operator' retrieved from /home/airflow/.local/lib/python3.12/site-packages/airflow/example_dags/example_branch_day_of_week_operator.py
[2025-10-02T22:57:03.384+0000] {logging_mixin.py:188} INFO - [2025-10-02T22:57:03.383+0000] {dag.py:3096} INFO - Sync 1 DAGs
[2025-10-02T22:57:03.412+0000] {logging_mixin.py:188} INFO - [2025-10-02T22:57:03.411+0000] {dag.py:3954} INFO - Setting next_dagrun for example_weekday_branch_operator to 2025-10-01 00:00:00+00:00, run_after=2025-10-02 00:00:00+00:00
[2025-10-02T22:57:03.436+0000] {processor.py:183} INFO - Processing /home/airflow/.local/lib/python3.12/site-packages/airflow/example_dags/example_branch_day_of_week_operator.py took 0.110 seconds
[2025-10-02T22:57:33.947+0000] {processor.py:161} INFO - Started process (PID=664) to work on /home/airflow/.local/lib/python3.12/site-packages/airflow/example_dags/example_branch_day_of_week_operator.py
[2025-10-02T22:57:33.948+0000] {processor.py:830} INFO - Processing file /home/airflow/.local/lib/python3.12/site-packages/airflow/example_dags/example_branch_day_of_week_operator.py for tasks to queue
[2025-10-02T22:57:33.952+0000] {logging_mixin.py:188} INFO - [2025-10-02T22:57:33.951+0000] {dagbag.py:545} INFO - Filling up the DagBag from /home/airflow/.local/lib/python3.12/site-packages/airflow/example_dags/example_branch_day_of_week_operator.py
[2025-10-02T22:57:33.967+0000] {processor.py:840} INFO - DAG(s) 'example_weekday_branch_operator' retrieved from /home/airflow/.local/lib/python3.12/site-packages/airflow/example_dags/example_branch_day_of_week_operator.py
[2025-10-02T22:57:34.002+0000] {logging_mixin.py:188} INFO - [2025-10-02T22:57:34.001+0000] {dag.py:3096} INFO - Sync 1 DAGs
[2025-10-02T22:57:34.042+0000] {logging_mixin.py:188} INFO - [2025-10-02T22:57:34.041+0000] {dag.py:3954} INFO - Setting next_dagrun for example_weekday_branch_operator to 2025-10-01 00:00:00+00:00, run_after=2025-10-02 00:00:00+00:00
[2025-10-02T22:57:34.067+0000] {processor.py:183} INFO - Processing /home/airflow/.local/lib/python3.12/site-packages/airflow/example_dags/example_branch_day_of_week_operator.py took 0.130 seconds
[2025-10-02T22:58:04.297+0000] {processor.py:161} INFO - Started process (PID=717) to work on /home/airflow/.local/lib/python3.12/site-packages/airflow/example_dags/example_branch_day_of_week_operator.py
[2025-10-02T22:58:04.298+0000] {processor.py:830} INFO - Processing file /home/airflow/.local/lib/python3.12/site-packages/airflow/example_dags/example_branch_day_of_week_operator.py for tasks to queue
[2025-10-02T22:58:04.301+0000] {logging_mixin.py:188} INFO - [2025-10-02T22:58:04.301+0000] {dagbag.py:545} INFO - Filling up the DagBag from /home/airflow/.local/lib/python3.12/site-packages/airflow/example_dags/example_branch_day_of_week_operator.py
[2025-10-02T22:58:04.316+0000] {processor.py:840} INFO - DAG(s) 'example_weekday_branch_operator' retrieved from /home/airflow/.local/lib/python3.12/site-packages/airflow/example_dags/example_branch_day_of_week_operator.py
[2025-10-02T22:58:04.336+0000] {logging_mixin.py:188} INFO - [2025-10-02T22:58:04.336+0000] {dag.py:3096} INFO - Sync 1 DAGs
[2025-10-02T22:58:04.383+0000] {logging_mixin.py:188} INFO - [2025-10-02T22:58:04.383+0000] {dag.py:3954} INFO - Setting next_dagrun for example_weekday_branch_operator to 2025-10-01 00:00:00+00:00, run_after=2025-10-02 00:00:00+00:00
[2025-10-02T22:58:04.412+0000] {processor.py:183} INFO - Processing /home/airflow/.local/lib/python3.12/site-packages/airflow/example_dags/example_branch_day_of_week_operator.py took 0.130 seconds
[2025-10-02T22:58:36.082+0000] {processor.py:161} INFO - Started process (PID=770) to work on /home/airflow/.local/lib/python3.12/site-packages/airflow/example_dags/example_branch_day_of_week_operator.py
[2025-10-02T22:58:36.083+0000] {processor.py:830} INFO - Processing file /home/airflow/.local/lib/python3.12/site-packages/airflow/example_dags/example_branch_day_of_week_operator.py for tasks to queue
[2025-10-02T22:58:36.086+0000] {logging_mixin.py:188} INFO - [2025-10-02T22:58:36.086+0000] {dagbag.py:545} INFO - Filling up the DagBag from /home/airflow/.local/lib/python3.12/site-packages/airflow/example_dags/example_branch_day_of_week_operator.py
[2025-10-02T22:58:36.106+0000] {processor.py:840} INFO - DAG(s) 'example_weekday_branch_operator' retrieved from /home/airflow/.local/lib/python3.12/site-packages/airflow/example_dags/example_branch_day_of_week_operator.py
[2025-10-02T22:58:36.295+0000] {logging_mixin.py:188} INFO - [2025-10-02T22:58:36.294+0000] {dag.py:3096} INFO - Sync 1 DAGs
[2025-10-02T22:58:36.324+0000] {logging_mixin.py:188} INFO - [2025-10-02T22:58:36.323+0000] {dag.py:3954} INFO - Setting next_dagrun for example_weekday_branch_operator to 2025-10-01 00:00:00+00:00, run_after=2025-10-02 00:00:00+00:00
[2025-10-02T22:58:36.352+0000] {processor.py:183} INFO - Processing /home/airflow/.local/lib/python3.12/site-packages/airflow/example_dags/example_branch_day_of_week_operator.py took 0.281 seconds
[2025-10-02T22:59:06.478+0000] {processor.py:161} INFO - Started process (PID=823) to work on /home/airflow/.local/lib/python3.12/site-packages/airflow/example_dags/example_branch_day_of_week_operator.py
[2025-10-02T22:59:06.480+0000] {processor.py:830} INFO - Processing file /home/airflow/.local/lib/python3.12/site-packages/airflow/example_dags/example_branch_day_of_week_operator.py for tasks to queue
[2025-10-02T22:59:06.484+0000] {logging_mixin.py:188} INFO - [2025-10-02T22:59:06.483+0000] {dagbag.py:545} INFO - Filling up the DagBag from /home/airflow/.local/lib/python3.12/site-packages/airflow/example_dags/example_branch_day_of_week_operator.py
[2025-10-02T22:59:06.499+0000] {processor.py:840} INFO - DAG(s) 'example_weekday_branch_operator' retrieved from /home/airflow/.local/lib/python3.12/site-packages/airflow/example_dags/example_branch_day_of_week_operator.py
[2025-10-02T22:59:06.530+0000] {logging_mixin.py:188} INFO - [2025-10-02T22:59:06.530+0000] {dag.py:3096} INFO - Sync 1 DAGs
[2025-10-02T22:59:06.567+0000] {logging_mixin.py:188} INFO - [2025-10-02T22:59:06.567+0000] {dag.py:3954} INFO - Setting next_dagrun for example_weekday_branch_operator to 2025-10-01 00:00:00+00:00, run_after=2025-10-02 00:00:00+00:00
[2025-10-02T22:59:06.592+0000] {processor.py:183} INFO - Processing /home/airflow/.local/lib/python3.12/site-packages/airflow/example_dags/example_branch_day_of_week_operator.py took 0.124 seconds
[2025-10-02T22:59:37.334+0000] {processor.py:161} INFO - Started process (PID=876) to work on /home/airflow/.local/lib/python3.12/site-packages/airflow/example_dags/example_branch_day_of_week_operator.py
[2025-10-02T22:59:37.335+0000] {processor.py:830} INFO - Processing file /home/airflow/.local/lib/python3.12/site-packages/airflow/example_dags/example_branch_day_of_week_operator.py for tasks to queue
[2025-10-02T22:59:37.338+0000] {logging_mixin.py:188} INFO - [2025-10-02T22:59:37.338+0000] {dagbag.py:545} INFO - Filling up the DagBag from /home/airflow/.local/lib/python3.12/site-packages/airflow/example_dags/example_branch_day_of_week_operator.py
[2025-10-02T22:59:37.350+0000] {processor.py:840} INFO - DAG(s) 'example_weekday_branch_operator' retrieved from /home/airflow/.local/lib/python3.12/site-packages/airflow/example_dags/example_branch_day_of_week_operator.py
[2025-10-02T22:59:37.381+0000] {logging_mixin.py:188} INFO - [2025-10-02T22:59:37.381+0000] {dag.py:3096} INFO - Sync 1 DAGs
[2025-10-02T22:59:37.414+0000] {logging_mixin.py:188} INFO - [2025-10-02T22:59:37.413+0000] {dag.py:3954} INFO - Setting next_dagrun for example_weekday_branch_operator to 2025-10-01 00:00:00+00:00, run_after=2025-10-02 00:00:00+00:00
[2025-10-02T22:59:37.442+0000] {processor.py:183} INFO - Processing /home/airflow/.local/lib/python3.12/site-packages/airflow/example_dags/example_branch_day_of_week_operator.py took 0.117 seconds
[2025-10-02T23:00:07.938+0000] {processor.py:161} INFO - Started process (PID=929) to work on /home/airflow/.local/lib/python3.12/site-packages/airflow/example_dags/example_branch_day_of_week_operator.py
[2025-10-02T23:00:07.940+0000] {processor.py:830} INFO - Processing file /home/airflow/.local/lib/python3.12/site-packages/airflow/example_dags/example_branch_day_of_week_operator.py for tasks to queue
[2025-10-02T23:00:07.943+0000] {logging_mixin.py:188} INFO - [2025-10-02T23:00:07.943+0000] {dagbag.py:545} INFO - Filling up the DagBag from /home/airflow/.local/lib/python3.12/site-packages/airflow/example_dags/example_branch_day_of_week_operator.py
[2025-10-02T23:00:07.955+0000] {processor.py:840} INFO - DAG(s) 'example_weekday_branch_operator' retrieved from /home/airflow/.local/lib/python3.12/site-packages/airflow/example_dags/example_branch_day_of_week_operator.py
[2025-10-02T23:00:07.989+0000] {logging_mixin.py:188} INFO - [2025-10-02T23:00:07.989+0000] {dag.py:3096} INFO - Sync 1 DAGs
[2025-10-02T23:00:08.019+0000] {logging_mixin.py:188} INFO - [2025-10-02T23:00:08.018+0000] {dag.py:3954} INFO - Setting next_dagrun for example_weekday_branch_operator to 2025-10-01 00:00:00+00:00, run_after=2025-10-02 00:00:00+00:00
[2025-10-02T23:00:08.042+0000] {processor.py:183} INFO - Processing /home/airflow/.local/lib/python3.12/site-packages/airflow/example_dags/example_branch_day_of_week_operator.py took 0.117 seconds
[2025-10-02T23:00:38.397+0000] {processor.py:161} INFO - Started process (PID=982) to work on /home/airflow/.local/lib/python3.12/site-packages/airflow/example_dags/example_branch_day_of_week_operator.py
[2025-10-02T23:00:38.398+0000] {processor.py:830} INFO - Processing file /home/airflow/.local/lib/python3.12/site-packages/airflow/example_dags/example_branch_day_of_week_operator.py for tasks to queue
[2025-10-02T23:00:38.402+0000] {logging_mixin.py:188} INFO - [2025-10-02T23:00:38.401+0000] {dagbag.py:545} INFO - Filling up the DagBag from /home/airflow/.local/lib/python3.12/site-packages/airflow/example_dags/example_branch_day_of_week_operator.py
[2025-10-02T23:00:38.416+0000] {processor.py:840} INFO - DAG(s) 'example_weekday_branch_operator' retrieved from /home/airflow/.local/lib/python3.12/site-packages/airflow/example_dags/example_branch_day_of_week_operator.py
[2025-10-02T23:00:38.449+0000] {logging_mixin.py:188} INFO - [2025-10-02T23:00:38.449+0000] {dag.py:3096} INFO - Sync 1 DAGs
[2025-10-02T23:00:38.480+0000] {logging_mixin.py:188} INFO - [2025-10-02T23:00:38.479+0000] {dag.py:3954} INFO - Setting next_dagrun for example_weekday_branch_operator to 2025-10-01 00:00:00+00:00, run_after=2025-10-02 00:00:00+00:00
[2025-10-02T23:00:38.504+0000] {processor.py:183} INFO - Processing /home/airflow/.local/lib/python3.12/site-packages/airflow/example_dags/example_branch_day_of_week_operator.py took 0.116 seconds
[2025-10-02T23:01:08.591+0000] {processor.py:161} INFO - Started process (PID=1035) to work on /home/airflow/.local/lib/python3.12/site-packages/airflow/example_dags/example_branch_day_of_week_operator.py
[2025-10-02T23:01:08.592+0000] {processor.py:830} INFO - Processing file /home/airflow/.local/lib/python3.12/site-packages/airflow/example_dags/example_branch_day_of_week_operator.py for tasks to queue
[2025-10-02T23:01:08.596+0000] {logging_mixin.py:188} INFO - [2025-10-02T23:01:08.595+0000] {dagbag.py:545} INFO - Filling up the DagBag from /home/airflow/.local/lib/python3.12/site-packages/airflow/example_dags/example_branch_day_of_week_operator.py
[2025-10-02T23:01:08.608+0000] {processor.py:840} INFO - DAG(s) 'example_weekday_branch_operator' retrieved from /home/airflow/.local/lib/python3.12/site-packages/airflow/example_dags/example_branch_day_of_week_operator.py
[2025-10-02T23:01:08.635+0000] {logging_mixin.py:188} INFO - [2025-10-02T23:01:08.635+0000] {dag.py:3096} INFO - Sync 1 DAGs
[2025-10-02T23:01:08.664+0000] {logging_mixin.py:188} INFO - [2025-10-02T23:01:08.664+0000] {dag.py:3954} INFO - Setting next_dagrun for example_weekday_branch_operator to 2025-10-01 00:00:00+00:00, run_after=2025-10-02 00:00:00+00:00
[2025-10-02T23:01:08.689+0000] {processor.py:183} INFO - Processing /home/airflow/.local/lib/python3.12/site-packages/airflow/example_dags/example_branch_day_of_week_operator.py took 0.108 seconds
[2025-10-02T23:01:39.263+0000] {processor.py:161} INFO - Started process (PID=1088) to work on /home/airflow/.local/lib/python3.12/site-packages/airflow/example_dags/example_branch_day_of_week_operator.py
[2025-10-02T23:01:39.265+0000] {processor.py:830} INFO - Processing file /home/airflow/.local/lib/python3.12/site-packages/airflow/example_dags/example_branch_day_of_week_operator.py for tasks to queue
[2025-10-02T23:01:39.268+0000] {logging_mixin.py:188} INFO - [2025-10-02T23:01:39.268+0000] {dagbag.py:545} INFO - Filling up the DagBag from /home/airflow/.local/lib/python3.12/site-packages/airflow/example_dags/example_branch_day_of_week_operator.py
[2025-10-02T23:01:39.280+0000] {processor.py:840} INFO - DAG(s) 'example_weekday_branch_operator' retrieved from /home/airflow/.local/lib/python3.12/site-packages/airflow/example_dags/example_branch_day_of_week_operator.py
[2025-10-02T23:01:39.312+0000] {logging_mixin.py:188} INFO - [2025-10-02T23:01:39.311+0000] {dag.py:3096} INFO - Sync 1 DAGs
[2025-10-02T23:01:39.340+0000] {logging_mixin.py:188} INFO - [2025-10-02T23:01:39.339+0000] {dag.py:3954} INFO - Setting next_dagrun for example_weekday_branch_operator to 2025-10-01 00:00:00+00:00, run_after=2025-10-02 00:00:00+00:00
[2025-10-02T23:01:39.366+0000] {processor.py:183} INFO - Processing /home/airflow/.local/lib/python3.12/site-packages/airflow/example_dags/example_branch_day_of_week_operator.py took 0.112 seconds
[2025-10-02T23:02:09.927+0000] {processor.py:161} INFO - Started process (PID=1141) to work on /home/airflow/.local/lib/python3.12/site-packages/airflow/example_dags/example_branch_day_of_week_operator.py
[2025-10-02T23:02:09.929+0000] {processor.py:830} INFO - Processing file /home/airflow/.local/lib/python3.12/site-packages/airflow/example_dags/example_branch_day_of_week_operator.py for tasks to queue
[2025-10-02T23:02:09.932+0000] {logging_mixin.py:188} INFO - [2025-10-02T23:02:09.931+0000] {dagbag.py:545} INFO - Filling up the DagBag from /home/airflow/.local/lib/python3.12/site-packages/airflow/example_dags/example_branch_day_of_week_operator.py
[2025-10-02T23:02:09.943+0000] {processor.py:840} INFO - DAG(s) 'example_weekday_branch_operator' retrieved from /home/airflow/.local/lib/python3.12/site-packages/airflow/example_dags/example_branch_day_of_week_operator.py
[2025-10-02T23:02:09.972+0000] {logging_mixin.py:188} INFO - [2025-10-02T23:02:09.972+0000] {dag.py:3096} INFO - Sync 1 DAGs
[2025-10-02T23:02:10.003+0000] {logging_mixin.py:188} INFO - [2025-10-02T23:02:10.003+0000] {dag.py:3954} INFO - Setting next_dagrun for example_weekday_branch_operator to 2025-10-01 00:00:00+00:00, run_after=2025-10-02 00:00:00+00:00
[2025-10-02T23:02:10.031+0000] {processor.py:183} INFO - Processing /home/airflow/.local/lib/python3.12/site-packages/airflow/example_dags/example_branch_day_of_week_operator.py took 0.116 seconds
[2025-10-02T23:02:40.483+0000] {processor.py:161} INFO - Started process (PID=1194) to work on /home/airflow/.local/lib/python3.12/site-packages/airflow/example_dags/example_branch_day_of_week_operator.py
[2025-10-02T23:02:40.484+0000] {processor.py:830} INFO - Processing file /home/airflow/.local/lib/python3.12/site-packages/airflow/example_dags/example_branch_day_of_week_operator.py for tasks to queue
[2025-10-02T23:02:40.488+0000] {logging_mixin.py:188} INFO - [2025-10-02T23:02:40.487+0000] {dagbag.py:545} INFO - Filling up the DagBag from /home/airflow/.local/lib/python3.12/site-packages/airflow/example_dags/example_branch_day_of_week_operator.py
[2025-10-02T23:02:40.499+0000] {processor.py:840} INFO - DAG(s) 'example_weekday_branch_operator' retrieved from /home/airflow/.local/lib/python3.12/site-packages/airflow/example_dags/example_branch_day_of_week_operator.py
[2025-10-02T23:02:40.530+0000] {logging_mixin.py:188} INFO - [2025-10-02T23:02:40.529+0000] {dag.py:3096} INFO - Sync 1 DAGs
[2025-10-02T23:02:40.586+0000] {logging_mixin.py:188} INFO - [2025-10-02T23:02:40.585+0000] {dag.py:3954} INFO - Setting next_dagrun for example_weekday_branch_operator to 2025-10-01 00:00:00+00:00, run_after=2025-10-02 00:00:00+00:00
[2025-10-02T23:02:40.615+0000] {processor.py:183} INFO - Processing /home/airflow/.local/lib/python3.12/site-packages/airflow/example_dags/example_branch_day_of_week_operator.py took 0.142 seconds
[2025-10-02T23:03:11.493+0000] {processor.py:161} INFO - Started process (PID=1247) to work on /home/airflow/.local/lib/python3.12/site-packages/airflow/example_dags/example_branch_day_of_week_operator.py
[2025-10-02T23:03:11.494+0000] {processor.py:830} INFO - Processing file /home/airflow/.local/lib/python3.12/site-packages/airflow/example_dags/example_branch_day_of_week_operator.py for tasks to queue
[2025-10-02T23:03:11.497+0000] {logging_mixin.py:188} INFO - [2025-10-02T23:03:11.496+0000] {dagbag.py:545} INFO - Filling up the DagBag from /home/airflow/.local/lib/python3.12/site-packages/airflow/example_dags/example_branch_day_of_week_operator.py
[2025-10-02T23:03:11.507+0000] {processor.py:840} INFO - DAG(s) 'example_weekday_branch_operator' retrieved from /home/airflow/.local/lib/python3.12/site-packages/airflow/example_dags/example_branch_day_of_week_operator.py
[2025-10-02T23:03:11.541+0000] {logging_mixin.py:188} INFO - [2025-10-02T23:03:11.541+0000] {dag.py:3096} INFO - Sync 1 DAGs
[2025-10-02T23:03:11.573+0000] {logging_mixin.py:188} INFO - [2025-10-02T23:03:11.573+0000] {dag.py:3954} INFO - Setting next_dagrun for example_weekday_branch_operator to 2025-10-01 00:00:00+00:00, run_after=2025-10-02 00:00:00+00:00
[2025-10-02T23:03:11.600+0000] {processor.py:183} INFO - Processing /home/airflow/.local/lib/python3.12/site-packages/airflow/example_dags/example_branch_day_of_week_operator.py took 0.115 seconds
[2025-10-02T23:03:41.706+0000] {processor.py:161} INFO - Started process (PID=1300) to work on /home/airflow/.local/lib/python3.12/site-packages/airflow/example_dags/example_branch_day_of_week_operator.py
[2025-10-02T23:03:41.708+0000] {processor.py:830} INFO - Processing file /home/airflow/.local/lib/python3.12/site-packages/airflow/example_dags/example_branch_day_of_week_operator.py for tasks to queue
[2025-10-02T23:03:41.711+0000] {logging_mixin.py:188} INFO - [2025-10-02T23:03:41.710+0000] {dagbag.py:545} INFO - Filling up the DagBag from /home/airflow/.local/lib/python3.12/site-packages/airflow/example_dags/example_branch_day_of_week_operator.py
[2025-10-02T23:03:41.722+0000] {processor.py:840} INFO - DAG(s) 'example_weekday_branch_operator' retrieved from /home/airflow/.local/lib/python3.12/site-packages/airflow/example_dags/example_branch_day_of_week_operator.py
[2025-10-02T23:03:41.752+0000] {logging_mixin.py:188} INFO - [2025-10-02T23:03:41.752+0000] {dag.py:3096} INFO - Sync 1 DAGs
[2025-10-02T23:03:41.780+0000] {logging_mixin.py:188} INFO - [2025-10-02T23:03:41.780+0000] {dag.py:3954} INFO - Setting next_dagrun for example_weekday_branch_operator to 2025-10-01 00:00:00+00:00, run_after=2025-10-02 00:00:00+00:00
[2025-10-02T23:03:41.809+0000] {processor.py:183} INFO - Processing /home/airflow/.local/lib/python3.12/site-packages/airflow/example_dags/example_branch_day_of_week_operator.py took 0.112 seconds
[2025-10-02T23:04:12.623+0000] {processor.py:161} INFO - Started process (PID=1353) to work on /home/airflow/.local/lib/python3.12/site-packages/airflow/example_dags/example_branch_day_of_week_operator.py
[2025-10-02T23:04:12.624+0000] {processor.py:830} INFO - Processing file /home/airflow/.local/lib/python3.12/site-packages/airflow/example_dags/example_branch_day_of_week_operator.py for tasks to queue
[2025-10-02T23:04:12.627+0000] {logging_mixin.py:188} INFO - [2025-10-02T23:04:12.626+0000] {dagbag.py:545} INFO - Filling up the DagBag from /home/airflow/.local/lib/python3.12/site-packages/airflow/example_dags/example_branch_day_of_week_operator.py
[2025-10-02T23:04:12.638+0000] {processor.py:840} INFO - DAG(s) 'example_weekday_branch_operator' retrieved from /home/airflow/.local/lib/python3.12/site-packages/airflow/example_dags/example_branch_day_of_week_operator.py
[2025-10-02T23:04:12.667+0000] {logging_mixin.py:188} INFO - [2025-10-02T23:04:12.666+0000] {dag.py:3096} INFO - Sync 1 DAGs
[2025-10-02T23:04:12.695+0000] {logging_mixin.py:188} INFO - [2025-10-02T23:04:12.695+0000] {dag.py:3954} INFO - Setting next_dagrun for example_weekday_branch_operator to 2025-10-01 00:00:00+00:00, run_after=2025-10-02 00:00:00+00:00
[2025-10-02T23:04:12.720+0000] {processor.py:183} INFO - Processing /home/airflow/.local/lib/python3.12/site-packages/airflow/example_dags/example_branch_day_of_week_operator.py took 0.105 seconds
[2025-10-02T23:04:43.048+0000] {processor.py:161} INFO - Started process (PID=1406) to work on /home/airflow/.local/lib/python3.12/site-packages/airflow/example_dags/example_branch_day_of_week_operator.py
[2025-10-02T23:04:43.050+0000] {processor.py:830} INFO - Processing file /home/airflow/.local/lib/python3.12/site-packages/airflow/example_dags/example_branch_day_of_week_operator.py for tasks to queue
[2025-10-02T23:04:43.053+0000] {logging_mixin.py:188} INFO - [2025-10-02T23:04:43.052+0000] {dagbag.py:545} INFO - Filling up the DagBag from /home/airflow/.local/lib/python3.12/site-packages/airflow/example_dags/example_branch_day_of_week_operator.py
[2025-10-02T23:04:43.070+0000] {processor.py:840} INFO - DAG(s) 'example_weekday_branch_operator' retrieved from /home/airflow/.local/lib/python3.12/site-packages/airflow/example_dags/example_branch_day_of_week_operator.py
[2025-10-02T23:04:43.103+0000] {logging_mixin.py:188} INFO - [2025-10-02T23:04:43.102+0000] {dag.py:3096} INFO - Sync 1 DAGs
[2025-10-02T23:04:43.134+0000] {logging_mixin.py:188} INFO - [2025-10-02T23:04:43.133+0000] {dag.py:3954} INFO - Setting next_dagrun for example_weekday_branch_operator to 2025-10-01 00:00:00+00:00, run_after=2025-10-02 00:00:00+00:00
[2025-10-02T23:04:43.160+0000] {processor.py:183} INFO - Processing /home/airflow/.local/lib/python3.12/site-packages/airflow/example_dags/example_branch_day_of_week_operator.py took 0.120 seconds
[2025-10-02T23:05:13.307+0000] {processor.py:161} INFO - Started process (PID=1459) to work on /home/airflow/.local/lib/python3.12/site-packages/airflow/example_dags/example_branch_day_of_week_operator.py
[2025-10-02T23:05:13.308+0000] {processor.py:830} INFO - Processing file /home/airflow/.local/lib/python3.12/site-packages/airflow/example_dags/example_branch_day_of_week_operator.py for tasks to queue
[2025-10-02T23:05:13.311+0000] {logging_mixin.py:188} INFO - [2025-10-02T23:05:13.310+0000] {dagbag.py:545} INFO - Filling up the DagBag from /home/airflow/.local/lib/python3.12/site-packages/airflow/example_dags/example_branch_day_of_week_operator.py
[2025-10-02T23:05:13.322+0000] {processor.py:840} INFO - DAG(s) 'example_weekday_branch_operator' retrieved from /home/airflow/.local/lib/python3.12/site-packages/airflow/example_dags/example_branch_day_of_week_operator.py
[2025-10-02T23:05:13.357+0000] {logging_mixin.py:188} INFO - [2025-10-02T23:05:13.357+0000] {dag.py:3096} INFO - Sync 1 DAGs
[2025-10-02T23:05:13.387+0000] {logging_mixin.py:188} INFO - [2025-10-02T23:05:13.387+0000] {dag.py:3954} INFO - Setting next_dagrun for example_weekday_branch_operator to 2025-10-01 00:00:00+00:00, run_after=2025-10-02 00:00:00+00:00
[2025-10-02T23:05:13.412+0000] {processor.py:183} INFO - Processing /home/airflow/.local/lib/python3.12/site-packages/airflow/example_dags/example_branch_day_of_week_operator.py took 0.116 seconds
[2025-10-02T23:05:44.231+0000] {processor.py:161} INFO - Started process (PID=1512) to work on /home/airflow/.local/lib/python3.12/site-packages/airflow/example_dags/example_branch_day_of_week_operator.py
[2025-10-02T23:05:44.235+0000] {processor.py:830} INFO - Processing file /home/airflow/.local/lib/python3.12/site-packages/airflow/example_dags/example_branch_day_of_week_operator.py for tasks to queue
[2025-10-02T23:05:44.241+0000] {logging_mixin.py:188} INFO - [2025-10-02T23:05:44.240+0000] {dagbag.py:545} INFO - Filling up the DagBag from /home/airflow/.local/lib/python3.12/site-packages/airflow/example_dags/example_branch_day_of_week_operator.py
[2025-10-02T23:05:44.261+0000] {processor.py:840} INFO - DAG(s) 'example_weekday_branch_operator' retrieved from /home/airflow/.local/lib/python3.12/site-packages/airflow/example_dags/example_branch_day_of_week_operator.py
[2025-10-02T23:05:44.301+0000] {logging_mixin.py:188} INFO - [2025-10-02T23:05:44.301+0000] {dag.py:3096} INFO - Sync 1 DAGs
[2025-10-02T23:05:44.331+0000] {logging_mixin.py:188} INFO - [2025-10-02T23:05:44.330+0000] {dag.py:3954} INFO - Setting next_dagrun for example_weekday_branch_operator to 2025-10-01 00:00:00+00:00, run_after=2025-10-02 00:00:00+00:00
[2025-10-02T23:05:44.354+0000] {processor.py:183} INFO - Processing /home/airflow/.local/lib/python3.12/site-packages/airflow/example_dags/example_branch_day_of_week_operator.py took 0.138 seconds
[2025-10-02T23:06:14.591+0000] {processor.py:161} INFO - Started process (PID=1565) to work on /home/airflow/.local/lib/python3.12/site-packages/airflow/example_dags/example_branch_day_of_week_operator.py
[2025-10-02T23:06:14.594+0000] {processor.py:830} INFO - Processing file /home/airflow/.local/lib/python3.12/site-packages/airflow/example_dags/example_branch_day_of_week_operator.py for tasks to queue
[2025-10-02T23:06:14.597+0000] {logging_mixin.py:188} INFO - [2025-10-02T23:06:14.597+0000] {dagbag.py:545} INFO - Filling up the DagBag from /home/airflow/.local/lib/python3.12/site-packages/airflow/example_dags/example_branch_day_of_week_operator.py
[2025-10-02T23:06:14.616+0000] {processor.py:840} INFO - DAG(s) 'example_weekday_branch_operator' retrieved from /home/airflow/.local/lib/python3.12/site-packages/airflow/example_dags/example_branch_day_of_week_operator.py
[2025-10-02T23:06:14.646+0000] {logging_mixin.py:188} INFO - [2025-10-02T23:06:14.645+0000] {dag.py:3096} INFO - Sync 1 DAGs
[2025-10-02T23:06:14.672+0000] {logging_mixin.py:188} INFO - [2025-10-02T23:06:14.672+0000] {dag.py:3954} INFO - Setting next_dagrun for example_weekday_branch_operator to 2025-10-01 00:00:00+00:00, run_after=2025-10-02 00:00:00+00:00
[2025-10-02T23:06:14.694+0000] {processor.py:183} INFO - Processing /home/airflow/.local/lib/python3.12/site-packages/airflow/example_dags/example_branch_day_of_week_operator.py took 0.116 seconds
[2025-10-02T23:06:44.881+0000] {processor.py:161} INFO - Started process (PID=1618) to work on /home/airflow/.local/lib/python3.12/site-packages/airflow/example_dags/example_branch_day_of_week_operator.py
[2025-10-02T23:06:44.883+0000] {processor.py:830} INFO - Processing file /home/airflow/.local/lib/python3.12/site-packages/airflow/example_dags/example_branch_day_of_week_operator.py for tasks to queue
[2025-10-02T23:06:44.886+0000] {logging_mixin.py:188} INFO - [2025-10-02T23:06:44.885+0000] {dagbag.py:545} INFO - Filling up the DagBag from /home/airflow/.local/lib/python3.12/site-packages/airflow/example_dags/example_branch_day_of_week_operator.py
[2025-10-02T23:06:44.898+0000] {processor.py:840} INFO - DAG(s) 'example_weekday_branch_operator' retrieved from /home/airflow/.local/lib/python3.12/site-packages/airflow/example_dags/example_branch_day_of_week_operator.py
[2025-10-02T23:06:44.936+0000] {logging_mixin.py:188} INFO - [2025-10-02T23:06:44.935+0000] {dag.py:3096} INFO - Sync 1 DAGs
[2025-10-02T23:06:44.972+0000] {logging_mixin.py:188} INFO - [2025-10-02T23:06:44.972+0000] {dag.py:3954} INFO - Setting next_dagrun for example_weekday_branch_operator to 2025-10-01 00:00:00+00:00, run_after=2025-10-02 00:00:00+00:00
[2025-10-02T23:06:44.999+0000] {processor.py:183} INFO - Processing /home/airflow/.local/lib/python3.12/site-packages/airflow/example_dags/example_branch_day_of_week_operator.py took 0.128 seconds
[2025-10-02T23:07:16.559+0000] {processor.py:161} INFO - Started process (PID=1671) to work on /home/airflow/.local/lib/python3.12/site-packages/airflow/example_dags/example_branch_day_of_week_operator.py
[2025-10-02T23:07:16.560+0000] {processor.py:830} INFO - Processing file /home/airflow/.local/lib/python3.12/site-packages/airflow/example_dags/example_branch_day_of_week_operator.py for tasks to queue
[2025-10-02T23:07:16.564+0000] {logging_mixin.py:188} INFO - [2025-10-02T23:07:16.563+0000] {dagbag.py:545} INFO - Filling up the DagBag from /home/airflow/.local/lib/python3.12/site-packages/airflow/example_dags/example_branch_day_of_week_operator.py
[2025-10-02T23:07:16.577+0000] {processor.py:840} INFO - DAG(s) 'example_weekday_branch_operator' retrieved from /home/airflow/.local/lib/python3.12/site-packages/airflow/example_dags/example_branch_day_of_week_operator.py
[2025-10-02T23:07:16.612+0000] {logging_mixin.py:188} INFO - [2025-10-02T23:07:16.612+0000] {dag.py:3096} INFO - Sync 1 DAGs
[2025-10-02T23:07:16.899+0000] {logging_mixin.py:188} INFO - [2025-10-02T23:07:16.899+0000] {dag.py:3954} INFO - Setting next_dagrun for example_weekday_branch_operator to 2025-10-01 00:00:00+00:00, run_after=2025-10-02 00:00:00+00:00
[2025-10-02T23:07:16.929+0000] {processor.py:183} INFO - Processing /home/airflow/.local/lib/python3.12/site-packages/airflow/example_dags/example_branch_day_of_week_operator.py took 0.382 seconds
[2025-10-02T23:07:47.437+0000] {processor.py:161} INFO - Started process (PID=1724) to work on /home/airflow/.local/lib/python3.12/site-packages/airflow/example_dags/example_branch_day_of_week_operator.py
[2025-10-02T23:07:47.439+0000] {processor.py:830} INFO - Processing file /home/airflow/.local/lib/python3.12/site-packages/airflow/example_dags/example_branch_day_of_week_operator.py for tasks to queue
[2025-10-02T23:07:47.442+0000] {logging_mixin.py:188} INFO - [2025-10-02T23:07:47.441+0000] {dagbag.py:545} INFO - Filling up the DagBag from /home/airflow/.local/lib/python3.12/site-packages/airflow/example_dags/example_branch_day_of_week_operator.py
[2025-10-02T23:07:47.454+0000] {processor.py:840} INFO - DAG(s) 'example_weekday_branch_operator' retrieved from /home/airflow/.local/lib/python3.12/site-packages/airflow/example_dags/example_branch_day_of_week_operator.py
[2025-10-02T23:07:47.487+0000] {logging_mixin.py:188} INFO - [2025-10-02T23:07:47.487+0000] {dag.py:3096} INFO - Sync 1 DAGs
[2025-10-02T23:07:47.516+0000] {logging_mixin.py:188} INFO - [2025-10-02T23:07:47.515+0000] {dag.py:3954} INFO - Setting next_dagrun for example_weekday_branch_operator to 2025-10-01 00:00:00+00:00, run_after=2025-10-02 00:00:00+00:00
[2025-10-02T23:07:47.544+0000] {processor.py:183} INFO - Processing /home/airflow/.local/lib/python3.12/site-packages/airflow/example_dags/example_branch_day_of_week_operator.py took 0.116 seconds
[2025-10-02T23:08:17.671+0000] {processor.py:161} INFO - Started process (PID=1777) to work on /home/airflow/.local/lib/python3.12/site-packages/airflow/example_dags/example_branch_day_of_week_operator.py
[2025-10-02T23:08:17.673+0000] {processor.py:830} INFO - Processing file /home/airflow/.local/lib/python3.12/site-packages/airflow/example_dags/example_branch_day_of_week_operator.py for tasks to queue
[2025-10-02T23:08:17.677+0000] {logging_mixin.py:188} INFO - [2025-10-02T23:08:17.676+0000] {dagbag.py:545} INFO - Filling up the DagBag from /home/airflow/.local/lib/python3.12/site-packages/airflow/example_dags/example_branch_day_of_week_operator.py
[2025-10-02T23:08:17.688+0000] {processor.py:840} INFO - DAG(s) 'example_weekday_branch_operator' retrieved from /home/airflow/.local/lib/python3.12/site-packages/airflow/example_dags/example_branch_day_of_week_operator.py
[2025-10-02T23:08:17.717+0000] {logging_mixin.py:188} INFO - [2025-10-02T23:08:17.717+0000] {dag.py:3096} INFO - Sync 1 DAGs
[2025-10-02T23:08:17.748+0000] {logging_mixin.py:188} INFO - [2025-10-02T23:08:17.748+0000] {dag.py:3954} INFO - Setting next_dagrun for example_weekday_branch_operator to 2025-10-01 00:00:00+00:00, run_after=2025-10-02 00:00:00+00:00
[2025-10-02T23:08:17.774+0000] {processor.py:183} INFO - Processing /home/airflow/.local/lib/python3.12/site-packages/airflow/example_dags/example_branch_day_of_week_operator.py took 0.111 seconds
[2025-10-02T23:08:48.800+0000] {processor.py:161} INFO - Started process (PID=1830) to work on /home/airflow/.local/lib/python3.12/site-packages/airflow/example_dags/example_branch_day_of_week_operator.py
[2025-10-02T23:08:48.801+0000] {processor.py:830} INFO - Processing file /home/airflow/.local/lib/python3.12/site-packages/airflow/example_dags/example_branch_day_of_week_operator.py for tasks to queue
[2025-10-02T23:08:48.806+0000] {logging_mixin.py:188} INFO - [2025-10-02T23:08:48.805+0000] {dagbag.py:545} INFO - Filling up the DagBag from /home/airflow/.local/lib/python3.12/site-packages/airflow/example_dags/example_branch_day_of_week_operator.py
[2025-10-02T23:08:48.819+0000] {processor.py:840} INFO - DAG(s) 'example_weekday_branch_operator' retrieved from /home/airflow/.local/lib/python3.12/site-packages/airflow/example_dags/example_branch_day_of_week_operator.py
[2025-10-02T23:08:48.849+0000] {logging_mixin.py:188} INFO - [2025-10-02T23:08:48.849+0000] {dag.py:3096} INFO - Sync 1 DAGs
[2025-10-02T23:08:48.882+0000] {logging_mixin.py:188} INFO - [2025-10-02T23:08:48.882+0000] {dag.py:3954} INFO - Setting next_dagrun for example_weekday_branch_operator to 2025-10-01 00:00:00+00:00, run_after=2025-10-02 00:00:00+00:00
[2025-10-02T23:08:48.907+0000] {processor.py:183} INFO - Processing /home/airflow/.local/lib/python3.12/site-packages/airflow/example_dags/example_branch_day_of_week_operator.py took 0.119 seconds
[2025-10-02T23:09:19.474+0000] {processor.py:161} INFO - Started process (PID=1883) to work on /home/airflow/.local/lib/python3.12/site-packages/airflow/example_dags/example_branch_day_of_week_operator.py
[2025-10-02T23:09:19.476+0000] {processor.py:830} INFO - Processing file /home/airflow/.local/lib/python3.12/site-packages/airflow/example_dags/example_branch_day_of_week_operator.py for tasks to queue
[2025-10-02T23:09:19.479+0000] {logging_mixin.py:188} INFO - [2025-10-02T23:09:19.479+0000] {dagbag.py:545} INFO - Filling up the DagBag from /home/airflow/.local/lib/python3.12/site-packages/airflow/example_dags/example_branch_day_of_week_operator.py
[2025-10-02T23:09:19.491+0000] {processor.py:840} INFO - DAG(s) 'example_weekday_branch_operator' retrieved from /home/airflow/.local/lib/python3.12/site-packages/airflow/example_dags/example_branch_day_of_week_operator.py
[2025-10-02T23:09:19.520+0000] {logging_mixin.py:188} INFO - [2025-10-02T23:09:19.520+0000] {dag.py:3096} INFO - Sync 1 DAGs
[2025-10-02T23:09:19.551+0000] {logging_mixin.py:188} INFO - [2025-10-02T23:09:19.551+0000] {dag.py:3954} INFO - Setting next_dagrun for example_weekday_branch_operator to 2025-10-01 00:00:00+00:00, run_after=2025-10-02 00:00:00+00:00
[2025-10-02T23:09:19.575+0000] {processor.py:183} INFO - Processing /home/airflow/.local/lib/python3.12/site-packages/airflow/example_dags/example_branch_day_of_week_operator.py took 0.112 seconds
[2025-10-02T23:09:49.912+0000] {processor.py:161} INFO - Started process (PID=1936) to work on /home/airflow/.local/lib/python3.12/site-packages/airflow/example_dags/example_branch_day_of_week_operator.py
[2025-10-02T23:09:49.914+0000] {processor.py:830} INFO - Processing file /home/airflow/.local/lib/python3.12/site-packages/airflow/example_dags/example_branch_day_of_week_operator.py for tasks to queue
[2025-10-02T23:09:49.917+0000] {logging_mixin.py:188} INFO - [2025-10-02T23:09:49.917+0000] {dagbag.py:545} INFO - Filling up the DagBag from /home/airflow/.local/lib/python3.12/site-packages/airflow/example_dags/example_branch_day_of_week_operator.py
[2025-10-02T23:09:49.929+0000] {processor.py:840} INFO - DAG(s) 'example_weekday_branch_operator' retrieved from /home/airflow/.local/lib/python3.12/site-packages/airflow/example_dags/example_branch_day_of_week_operator.py
[2025-10-02T23:09:49.960+0000] {logging_mixin.py:188} INFO - [2025-10-02T23:09:49.960+0000] {dag.py:3096} INFO - Sync 1 DAGs
[2025-10-02T23:09:49.996+0000] {logging_mixin.py:188} INFO - [2025-10-02T23:09:49.996+0000] {dag.py:3954} INFO - Setting next_dagrun for example_weekday_branch_operator to 2025-10-01 00:00:00+00:00, run_after=2025-10-02 00:00:00+00:00
[2025-10-02T23:09:50.026+0000] {processor.py:183} INFO - Processing /home/airflow/.local/lib/python3.12/site-packages/airflow/example_dags/example_branch_day_of_week_operator.py took 0.122 seconds
