[2025-10-02T22:50:40.052+0000] {processor.py:161} INFO - Started process (PID=57) to work on /home/airflow/.local/lib/python3.12/site-packages/airflow/example_dags/example_subdag_operator.py
[2025-10-02T22:50:40.053+0000] {processor.py:830} INFO - Processing file /home/airflow/.local/lib/python3.12/site-packages/airflow/example_dags/example_subdag_operator.py for tasks to queue
[2025-10-02T22:50:40.057+0000] {logging_mixin.py:188} INFO - [2025-10-02T22:50:40.056+0000] {dagbag.py:545} INFO - Filling up the DagBag from /home/airflow/.local/lib/python3.12/site-packages/airflow/example_dags/example_subdag_operator.py
[2025-10-02T22:50:40.092+0000] {processor.py:840} INFO - DAG(s) 'example_subdag_operator.section-1', 'example_subdag_operator.section-2', 'example_subdag_operator' retrieved from /home/airflow/.local/lib/python3.12/site-packages/airflow/example_dags/example_subdag_operator.py
[2025-10-02T22:50:40.281+0000] {logging_mixin.py:188} INFO - [2025-10-02T22:50:40.280+0000] {override.py:1829} INFO - Created Permission View: can delete on DAG:example_subdag_operator
[2025-10-02T22:50:40.316+0000] {logging_mixin.py:188} INFO - [2025-10-02T22:50:40.316+0000] {override.py:1829} INFO - Created Permission View: can edit on DAG:example_subdag_operator
[2025-10-02T22:50:40.336+0000] {logging_mixin.py:188} INFO - [2025-10-02T22:50:40.336+0000] {override.py:1829} INFO - Created Permission View: can read on DAG:example_subdag_operator
[2025-10-02T22:50:40.337+0000] {logging_mixin.py:188} INFO - [2025-10-02T22:50:40.337+0000] {dag.py:3096} INFO - Sync 3 DAGs
[2025-10-02T22:50:40.354+0000] {logging_mixin.py:188} INFO - [2025-10-02T22:50:40.354+0000] {dag.py:3118} INFO - Creating ORM DAG for example_subdag_operator.section-2
[2025-10-02T22:50:40.355+0000] {logging_mixin.py:188} INFO - [2025-10-02T22:50:40.355+0000] {dag.py:3118} INFO - Creating ORM DAG for example_subdag_operator
[2025-10-02T22:50:40.357+0000] {logging_mixin.py:188} INFO - [2025-10-02T22:50:40.356+0000] {dag.py:3118} INFO - Creating ORM DAG for example_subdag_operator.section-1
[2025-10-02T22:50:40.369+0000] {logging_mixin.py:188} INFO - [2025-10-02T22:50:40.369+0000] {dag.py:3954} INFO - Setting next_dagrun for example_subdag_operator to 2022-01-01 00:00:00+00:00, run_after=2022-01-01 00:00:00+00:00
[2025-10-02T22:50:40.370+0000] {logging_mixin.py:188} INFO - [2025-10-02T22:50:40.370+0000] {dag.py:3954} INFO - Setting next_dagrun for example_subdag_operator.section-1 to None, run_after=None
[2025-10-02T22:50:40.371+0000] {logging_mixin.py:188} INFO - [2025-10-02T22:50:40.371+0000] {dag.py:3954} INFO - Setting next_dagrun for example_subdag_operator.section-2 to None, run_after=None
[2025-10-02T22:50:40.383+0000] {logging_mixin.py:188} INFO - [2025-10-02T22:50:40.383+0000] {dag.py:3096} INFO - Sync 2 DAGs
[2025-10-02T22:50:40.391+0000] {logging_mixin.py:188} INFO - [2025-10-02T22:50:40.391+0000] {dag.py:3954} INFO - Setting next_dagrun for example_subdag_operator.section-1 to None, run_after=None
[2025-10-02T22:50:40.396+0000] {logging_mixin.py:188} INFO - [2025-10-02T22:50:40.396+0000] {dag.py:3954} INFO - Setting next_dagrun for example_subdag_operator.section-2 to None, run_after=None
[2025-10-02T22:50:40.411+0000] {processor.py:183} INFO - Processing /home/airflow/.local/lib/python3.12/site-packages/airflow/example_dags/example_subdag_operator.py took 0.368 seconds
[2025-10-02T22:51:51.249+0000] {processor.py:161} INFO - Started process (PID=57) to work on /home/airflow/.local/lib/python3.12/site-packages/airflow/example_dags/example_subdag_operator.py
[2025-10-02T22:51:51.251+0000] {processor.py:830} INFO - Processing file /home/airflow/.local/lib/python3.12/site-packages/airflow/example_dags/example_subdag_operator.py for tasks to queue
[2025-10-02T22:51:51.255+0000] {logging_mixin.py:188} INFO - [2025-10-02T22:51:51.255+0000] {dagbag.py:545} INFO - Filling up the DagBag from /home/airflow/.local/lib/python3.12/site-packages/airflow/example_dags/example_subdag_operator.py
[2025-10-02T22:51:51.309+0000] {processor.py:840} INFO - DAG(s) 'example_subdag_operator.section-1', 'example_subdag_operator.section-2', 'example_subdag_operator' retrieved from /home/airflow/.local/lib/python3.12/site-packages/airflow/example_dags/example_subdag_operator.py
[2025-10-02T22:51:51.316+0000] {logging_mixin.py:188} INFO - [2025-10-02T22:51:51.316+0000] {dag.py:3096} INFO - Sync 3 DAGs
[2025-10-02T22:51:51.361+0000] {logging_mixin.py:188} INFO - [2025-10-02T22:51:51.360+0000] {dag.py:3954} INFO - Setting next_dagrun for example_subdag_operator to 2022-01-01 00:00:00+00:00, run_after=2022-01-01 00:00:00+00:00
[2025-10-02T22:51:51.368+0000] {logging_mixin.py:188} INFO - [2025-10-02T22:51:51.368+0000] {dag.py:3954} INFO - Setting next_dagrun for example_subdag_operator.section-1 to None, run_after=None
[2025-10-02T22:51:51.370+0000] {logging_mixin.py:188} INFO - [2025-10-02T22:51:51.370+0000] {dag.py:3954} INFO - Setting next_dagrun for example_subdag_operator.section-2 to None, run_after=None
[2025-10-02T22:51:51.386+0000] {logging_mixin.py:188} INFO - [2025-10-02T22:51:51.386+0000] {dag.py:3096} INFO - Sync 2 DAGs
[2025-10-02T22:51:51.398+0000] {logging_mixin.py:188} INFO - [2025-10-02T22:51:51.397+0000] {dag.py:3954} INFO - Setting next_dagrun for example_subdag_operator.section-1 to None, run_after=None
[2025-10-02T22:51:51.399+0000] {logging_mixin.py:188} INFO - [2025-10-02T22:51:51.398+0000] {dag.py:3954} INFO - Setting next_dagrun for example_subdag_operator.section-2 to None, run_after=None
[2025-10-02T22:51:51.421+0000] {processor.py:183} INFO - Processing /home/airflow/.local/lib/python3.12/site-packages/airflow/example_dags/example_subdag_operator.py took 0.184 seconds
[2025-10-02T22:52:21.946+0000] {processor.py:161} INFO - Started process (PID=110) to work on /home/airflow/.local/lib/python3.12/site-packages/airflow/example_dags/example_subdag_operator.py
[2025-10-02T22:52:21.949+0000] {processor.py:830} INFO - Processing file /home/airflow/.local/lib/python3.12/site-packages/airflow/example_dags/example_subdag_operator.py for tasks to queue
[2025-10-02T22:52:21.952+0000] {logging_mixin.py:188} INFO - [2025-10-02T22:52:21.952+0000] {dagbag.py:545} INFO - Filling up the DagBag from /home/airflow/.local/lib/python3.12/site-packages/airflow/example_dags/example_subdag_operator.py
[2025-10-02T22:52:21.989+0000] {processor.py:840} INFO - DAG(s) 'example_subdag_operator.section-1', 'example_subdag_operator.section-2', 'example_subdag_operator' retrieved from /home/airflow/.local/lib/python3.12/site-packages/airflow/example_dags/example_subdag_operator.py
[2025-10-02T22:52:21.994+0000] {logging_mixin.py:188} INFO - [2025-10-02T22:52:21.994+0000] {dag.py:3096} INFO - Sync 3 DAGs
[2025-10-02T22:52:22.023+0000] {logging_mixin.py:188} INFO - [2025-10-02T22:52:22.023+0000] {dag.py:3954} INFO - Setting next_dagrun for example_subdag_operator to 2022-01-01 00:00:00+00:00, run_after=2022-01-01 00:00:00+00:00
[2025-10-02T22:52:22.028+0000] {logging_mixin.py:188} INFO - [2025-10-02T22:52:22.028+0000] {dag.py:3954} INFO - Setting next_dagrun for example_subdag_operator.section-1 to None, run_after=None
[2025-10-02T22:52:22.029+0000] {logging_mixin.py:188} INFO - [2025-10-02T22:52:22.029+0000] {dag.py:3954} INFO - Setting next_dagrun for example_subdag_operator.section-2 to None, run_after=None
[2025-10-02T22:52:22.038+0000] {logging_mixin.py:188} INFO - [2025-10-02T22:52:22.038+0000] {dag.py:3096} INFO - Sync 2 DAGs
[2025-10-02T22:52:22.046+0000] {logging_mixin.py:188} INFO - [2025-10-02T22:52:22.046+0000] {dag.py:3954} INFO - Setting next_dagrun for example_subdag_operator.section-1 to None, run_after=None
[2025-10-02T22:52:22.047+0000] {logging_mixin.py:188} INFO - [2025-10-02T22:52:22.046+0000] {dag.py:3954} INFO - Setting next_dagrun for example_subdag_operator.section-2 to None, run_after=None
[2025-10-02T22:52:22.060+0000] {processor.py:183} INFO - Processing /home/airflow/.local/lib/python3.12/site-packages/airflow/example_dags/example_subdag_operator.py took 0.123 seconds
[2025-10-02T22:52:52.898+0000] {processor.py:161} INFO - Started process (PID=163) to work on /home/airflow/.local/lib/python3.12/site-packages/airflow/example_dags/example_subdag_operator.py
[2025-10-02T22:52:52.900+0000] {processor.py:830} INFO - Processing file /home/airflow/.local/lib/python3.12/site-packages/airflow/example_dags/example_subdag_operator.py for tasks to queue
[2025-10-02T22:52:52.903+0000] {logging_mixin.py:188} INFO - [2025-10-02T22:52:52.902+0000] {dagbag.py:545} INFO - Filling up the DagBag from /home/airflow/.local/lib/python3.12/site-packages/airflow/example_dags/example_subdag_operator.py
[2025-10-02T22:52:52.933+0000] {processor.py:840} INFO - DAG(s) 'example_subdag_operator.section-1', 'example_subdag_operator.section-2', 'example_subdag_operator' retrieved from /home/airflow/.local/lib/python3.12/site-packages/airflow/example_dags/example_subdag_operator.py
[2025-10-02T22:52:53.078+0000] {logging_mixin.py:188} INFO - [2025-10-02T22:52:53.078+0000] {dag.py:3096} INFO - Sync 3 DAGs
[2025-10-02T22:52:53.101+0000] {logging_mixin.py:188} INFO - [2025-10-02T22:52:53.101+0000] {dag.py:3954} INFO - Setting next_dagrun for example_subdag_operator to 2022-01-01 00:00:00+00:00, run_after=2022-01-01 00:00:00+00:00
[2025-10-02T22:52:53.105+0000] {logging_mixin.py:188} INFO - [2025-10-02T22:52:53.105+0000] {dag.py:3954} INFO - Setting next_dagrun for example_subdag_operator.section-1 to None, run_after=None
[2025-10-02T22:52:53.107+0000] {logging_mixin.py:188} INFO - [2025-10-02T22:52:53.107+0000] {dag.py:3954} INFO - Setting next_dagrun for example_subdag_operator.section-2 to None, run_after=None
[2025-10-02T22:52:53.117+0000] {logging_mixin.py:188} INFO - [2025-10-02T22:52:53.117+0000] {dag.py:3096} INFO - Sync 2 DAGs
[2025-10-02T22:52:53.123+0000] {logging_mixin.py:188} INFO - [2025-10-02T22:52:53.123+0000] {dag.py:3954} INFO - Setting next_dagrun for example_subdag_operator.section-1 to None, run_after=None
[2025-10-02T22:52:53.124+0000] {logging_mixin.py:188} INFO - [2025-10-02T22:52:53.123+0000] {dag.py:3954} INFO - Setting next_dagrun for example_subdag_operator.section-2 to None, run_after=None
[2025-10-02T22:52:53.138+0000] {processor.py:183} INFO - Processing /home/airflow/.local/lib/python3.12/site-packages/airflow/example_dags/example_subdag_operator.py took 0.247 seconds
[2025-10-02T22:53:23.833+0000] {processor.py:161} INFO - Started process (PID=217) to work on /home/airflow/.local/lib/python3.12/site-packages/airflow/example_dags/example_subdag_operator.py
[2025-10-02T22:53:23.836+0000] {processor.py:830} INFO - Processing file /home/airflow/.local/lib/python3.12/site-packages/airflow/example_dags/example_subdag_operator.py for tasks to queue
[2025-10-02T22:53:23.843+0000] {logging_mixin.py:188} INFO - [2025-10-02T22:53:23.842+0000] {dagbag.py:545} INFO - Filling up the DagBag from /home/airflow/.local/lib/python3.12/site-packages/airflow/example_dags/example_subdag_operator.py
[2025-10-02T22:53:23.919+0000] {processor.py:840} INFO - DAG(s) 'example_subdag_operator.section-1', 'example_subdag_operator.section-2', 'example_subdag_operator' retrieved from /home/airflow/.local/lib/python3.12/site-packages/airflow/example_dags/example_subdag_operator.py
[2025-10-02T22:53:23.947+0000] {logging_mixin.py:188} INFO - [2025-10-02T22:53:23.947+0000] {dag.py:3096} INFO - Sync 3 DAGs
[2025-10-02T22:53:23.989+0000] {logging_mixin.py:188} INFO - [2025-10-02T22:53:23.989+0000] {dag.py:3954} INFO - Setting next_dagrun for example_subdag_operator to 2022-01-01 00:00:00+00:00, run_after=2022-01-01 00:00:00+00:00
[2025-10-02T22:53:23.996+0000] {logging_mixin.py:188} INFO - [2025-10-02T22:53:23.996+0000] {dag.py:3954} INFO - Setting next_dagrun for example_subdag_operator.section-1 to None, run_after=None
[2025-10-02T22:53:23.998+0000] {logging_mixin.py:188} INFO - [2025-10-02T22:53:23.998+0000] {dag.py:3954} INFO - Setting next_dagrun for example_subdag_operator.section-2 to None, run_after=None
[2025-10-02T22:53:24.012+0000] {logging_mixin.py:188} INFO - [2025-10-02T22:53:24.011+0000] {dag.py:3096} INFO - Sync 2 DAGs
[2025-10-02T22:53:24.021+0000] {logging_mixin.py:188} INFO - [2025-10-02T22:53:24.020+0000] {dag.py:3954} INFO - Setting next_dagrun for example_subdag_operator.section-1 to None, run_after=None
[2025-10-02T22:53:24.022+0000] {logging_mixin.py:188} INFO - [2025-10-02T22:53:24.022+0000] {dag.py:3954} INFO - Setting next_dagrun for example_subdag_operator.section-2 to None, run_after=None
[2025-10-02T22:53:24.044+0000] {processor.py:183} INFO - Processing /home/airflow/.local/lib/python3.12/site-packages/airflow/example_dags/example_subdag_operator.py took 0.229 seconds
[2025-10-02T22:53:54.770+0000] {processor.py:161} INFO - Started process (PID=270) to work on /home/airflow/.local/lib/python3.12/site-packages/airflow/example_dags/example_subdag_operator.py
[2025-10-02T22:53:54.771+0000] {processor.py:830} INFO - Processing file /home/airflow/.local/lib/python3.12/site-packages/airflow/example_dags/example_subdag_operator.py for tasks to queue
[2025-10-02T22:53:54.775+0000] {logging_mixin.py:188} INFO - [2025-10-02T22:53:54.774+0000] {dagbag.py:545} INFO - Filling up the DagBag from /home/airflow/.local/lib/python3.12/site-packages/airflow/example_dags/example_subdag_operator.py
[2025-10-02T22:53:54.821+0000] {processor.py:840} INFO - DAG(s) 'example_subdag_operator.section-1', 'example_subdag_operator.section-2', 'example_subdag_operator' retrieved from /home/airflow/.local/lib/python3.12/site-packages/airflow/example_dags/example_subdag_operator.py
[2025-10-02T22:53:54.826+0000] {logging_mixin.py:188} INFO - [2025-10-02T22:53:54.826+0000] {dag.py:3096} INFO - Sync 3 DAGs
[2025-10-02T22:53:54.874+0000] {logging_mixin.py:188} INFO - [2025-10-02T22:53:54.874+0000] {dag.py:3954} INFO - Setting next_dagrun for example_subdag_operator to 2022-01-01 00:00:00+00:00, run_after=2022-01-01 00:00:00+00:00
[2025-10-02T22:53:54.880+0000] {logging_mixin.py:188} INFO - [2025-10-02T22:53:54.880+0000] {dag.py:3954} INFO - Setting next_dagrun for example_subdag_operator.section-1 to None, run_after=None
[2025-10-02T22:53:54.882+0000] {logging_mixin.py:188} INFO - [2025-10-02T22:53:54.882+0000] {dag.py:3954} INFO - Setting next_dagrun for example_subdag_operator.section-2 to None, run_after=None
[2025-10-02T22:53:54.894+0000] {logging_mixin.py:188} INFO - [2025-10-02T22:53:54.893+0000] {dag.py:3096} INFO - Sync 2 DAGs
[2025-10-02T22:53:54.899+0000] {logging_mixin.py:188} INFO - [2025-10-02T22:53:54.899+0000] {dag.py:3954} INFO - Setting next_dagrun for example_subdag_operator.section-1 to None, run_after=None
[2025-10-02T22:53:54.900+0000] {logging_mixin.py:188} INFO - [2025-10-02T22:53:54.900+0000] {dag.py:3954} INFO - Setting next_dagrun for example_subdag_operator.section-2 to None, run_after=None
[2025-10-02T22:53:54.913+0000] {processor.py:183} INFO - Processing /home/airflow/.local/lib/python3.12/site-packages/airflow/example_dags/example_subdag_operator.py took 0.154 seconds
[2025-10-02T22:54:26.795+0000] {processor.py:161} INFO - Started process (PID=323) to work on /home/airflow/.local/lib/python3.12/site-packages/airflow/example_dags/example_subdag_operator.py
[2025-10-02T22:54:26.799+0000] {processor.py:830} INFO - Processing file /home/airflow/.local/lib/python3.12/site-packages/airflow/example_dags/example_subdag_operator.py for tasks to queue
[2025-10-02T22:54:26.804+0000] {logging_mixin.py:188} INFO - [2025-10-02T22:54:26.803+0000] {dagbag.py:545} INFO - Filling up the DagBag from /home/airflow/.local/lib/python3.12/site-packages/airflow/example_dags/example_subdag_operator.py
[2025-10-02T22:54:26.887+0000] {processor.py:840} INFO - DAG(s) 'example_subdag_operator.section-1', 'example_subdag_operator.section-2', 'example_subdag_operator' retrieved from /home/airflow/.local/lib/python3.12/site-packages/airflow/example_dags/example_subdag_operator.py
[2025-10-02T22:54:27.142+0000] {logging_mixin.py:188} INFO - [2025-10-02T22:54:27.142+0000] {dag.py:3096} INFO - Sync 3 DAGs
[2025-10-02T22:54:27.177+0000] {logging_mixin.py:188} INFO - [2025-10-02T22:54:27.177+0000] {dag.py:3954} INFO - Setting next_dagrun for example_subdag_operator to 2022-01-01 00:00:00+00:00, run_after=2022-01-01 00:00:00+00:00
[2025-10-02T22:54:27.182+0000] {logging_mixin.py:188} INFO - [2025-10-02T22:54:27.182+0000] {dag.py:3954} INFO - Setting next_dagrun for example_subdag_operator.section-1 to None, run_after=None
[2025-10-02T22:54:27.184+0000] {logging_mixin.py:188} INFO - [2025-10-02T22:54:27.184+0000] {dag.py:3954} INFO - Setting next_dagrun for example_subdag_operator.section-2 to None, run_after=None
[2025-10-02T22:54:27.203+0000] {logging_mixin.py:188} INFO - [2025-10-02T22:54:27.203+0000] {dag.py:3096} INFO - Sync 2 DAGs
[2025-10-02T22:54:27.213+0000] {logging_mixin.py:188} INFO - [2025-10-02T22:54:27.213+0000] {dag.py:3954} INFO - Setting next_dagrun for example_subdag_operator.section-1 to None, run_after=None
[2025-10-02T22:54:27.214+0000] {logging_mixin.py:188} INFO - [2025-10-02T22:54:27.214+0000] {dag.py:3954} INFO - Setting next_dagrun for example_subdag_operator.section-2 to None, run_after=None
[2025-10-02T22:54:27.228+0000] {processor.py:183} INFO - Processing /home/airflow/.local/lib/python3.12/site-packages/airflow/example_dags/example_subdag_operator.py took 0.455 seconds
[2025-10-02T22:54:58.269+0000] {processor.py:161} INFO - Started process (PID=377) to work on /home/airflow/.local/lib/python3.12/site-packages/airflow/example_dags/example_subdag_operator.py
[2025-10-02T22:54:58.271+0000] {processor.py:830} INFO - Processing file /home/airflow/.local/lib/python3.12/site-packages/airflow/example_dags/example_subdag_operator.py for tasks to queue
[2025-10-02T22:54:58.274+0000] {logging_mixin.py:188} INFO - [2025-10-02T22:54:58.273+0000] {dagbag.py:545} INFO - Filling up the DagBag from /home/airflow/.local/lib/python3.12/site-packages/airflow/example_dags/example_subdag_operator.py
[2025-10-02T22:54:58.311+0000] {processor.py:840} INFO - DAG(s) 'example_subdag_operator.section-1', 'example_subdag_operator.section-2', 'example_subdag_operator' retrieved from /home/airflow/.local/lib/python3.12/site-packages/airflow/example_dags/example_subdag_operator.py
[2025-10-02T22:54:58.342+0000] {logging_mixin.py:188} INFO - [2025-10-02T22:54:58.341+0000] {dag.py:3096} INFO - Sync 3 DAGs
[2025-10-02T22:54:58.369+0000] {logging_mixin.py:188} INFO - [2025-10-02T22:54:58.369+0000] {dag.py:3954} INFO - Setting next_dagrun for example_subdag_operator to 2022-01-01 00:00:00+00:00, run_after=2022-01-01 00:00:00+00:00
[2025-10-02T22:54:58.374+0000] {logging_mixin.py:188} INFO - [2025-10-02T22:54:58.374+0000] {dag.py:3954} INFO - Setting next_dagrun for example_subdag_operator.section-1 to None, run_after=None
[2025-10-02T22:54:58.376+0000] {logging_mixin.py:188} INFO - [2025-10-02T22:54:58.376+0000] {dag.py:3954} INFO - Setting next_dagrun for example_subdag_operator.section-2 to None, run_after=None
[2025-10-02T22:54:58.385+0000] {logging_mixin.py:188} INFO - [2025-10-02T22:54:58.385+0000] {dag.py:3096} INFO - Sync 2 DAGs
[2025-10-02T22:54:58.393+0000] {logging_mixin.py:188} INFO - [2025-10-02T22:54:58.393+0000] {dag.py:3954} INFO - Setting next_dagrun for example_subdag_operator.section-1 to None, run_after=None
[2025-10-02T22:54:58.394+0000] {logging_mixin.py:188} INFO - [2025-10-02T22:54:58.394+0000] {dag.py:3954} INFO - Setting next_dagrun for example_subdag_operator.section-2 to None, run_after=None
[2025-10-02T22:54:58.409+0000] {processor.py:183} INFO - Processing /home/airflow/.local/lib/python3.12/site-packages/airflow/example_dags/example_subdag_operator.py took 0.147 seconds
[2025-10-02T22:55:29.410+0000] {processor.py:161} INFO - Started process (PID=434) to work on /home/airflow/.local/lib/python3.12/site-packages/airflow/example_dags/example_subdag_operator.py
[2025-10-02T22:55:29.412+0000] {processor.py:830} INFO - Processing file /home/airflow/.local/lib/python3.12/site-packages/airflow/example_dags/example_subdag_operator.py for tasks to queue
[2025-10-02T22:55:29.419+0000] {logging_mixin.py:188} INFO - [2025-10-02T22:55:29.418+0000] {dagbag.py:545} INFO - Filling up the DagBag from /home/airflow/.local/lib/python3.12/site-packages/airflow/example_dags/example_subdag_operator.py
[2025-10-02T22:55:29.492+0000] {processor.py:840} INFO - DAG(s) 'example_subdag_operator.section-1', 'example_subdag_operator.section-2', 'example_subdag_operator' retrieved from /home/airflow/.local/lib/python3.12/site-packages/airflow/example_dags/example_subdag_operator.py
[2025-10-02T22:55:29.538+0000] {logging_mixin.py:188} INFO - [2025-10-02T22:55:29.537+0000] {dag.py:3096} INFO - Sync 3 DAGs
[2025-10-02T22:55:29.595+0000] {logging_mixin.py:188} INFO - [2025-10-02T22:55:29.595+0000] {dag.py:3954} INFO - Setting next_dagrun for example_subdag_operator to 2022-01-01 00:00:00+00:00, run_after=2022-01-01 00:00:00+00:00
[2025-10-02T22:55:29.603+0000] {logging_mixin.py:188} INFO - [2025-10-02T22:55:29.603+0000] {dag.py:3954} INFO - Setting next_dagrun for example_subdag_operator.section-1 to None, run_after=None
[2025-10-02T22:55:29.611+0000] {logging_mixin.py:188} INFO - [2025-10-02T22:55:29.607+0000] {dag.py:3954} INFO - Setting next_dagrun for example_subdag_operator.section-2 to None, run_after=None
[2025-10-02T22:55:29.630+0000] {logging_mixin.py:188} INFO - [2025-10-02T22:55:29.630+0000] {dag.py:3096} INFO - Sync 2 DAGs
[2025-10-02T22:55:29.642+0000] {logging_mixin.py:188} INFO - [2025-10-02T22:55:29.641+0000] {dag.py:3954} INFO - Setting next_dagrun for example_subdag_operator.section-1 to None, run_after=None
[2025-10-02T22:55:29.643+0000] {logging_mixin.py:188} INFO - [2025-10-02T22:55:29.643+0000] {dag.py:3954} INFO - Setting next_dagrun for example_subdag_operator.section-2 to None, run_after=None
[2025-10-02T22:55:29.677+0000] {processor.py:183} INFO - Processing /home/airflow/.local/lib/python3.12/site-packages/airflow/example_dags/example_subdag_operator.py took 0.283 seconds
[2025-10-02T22:55:59.798+0000] {processor.py:161} INFO - Started process (PID=487) to work on /home/airflow/.local/lib/python3.12/site-packages/airflow/example_dags/example_subdag_operator.py
[2025-10-02T22:55:59.800+0000] {processor.py:830} INFO - Processing file /home/airflow/.local/lib/python3.12/site-packages/airflow/example_dags/example_subdag_operator.py for tasks to queue
[2025-10-02T22:55:59.804+0000] {logging_mixin.py:188} INFO - [2025-10-02T22:55:59.803+0000] {dagbag.py:545} INFO - Filling up the DagBag from /home/airflow/.local/lib/python3.12/site-packages/airflow/example_dags/example_subdag_operator.py
[2025-10-02T22:55:59.848+0000] {processor.py:840} INFO - DAG(s) 'example_subdag_operator.section-1', 'example_subdag_operator.section-2', 'example_subdag_operator' retrieved from /home/airflow/.local/lib/python3.12/site-packages/airflow/example_dags/example_subdag_operator.py
[2025-10-02T22:55:59.878+0000] {logging_mixin.py:188} INFO - [2025-10-02T22:55:59.878+0000] {dag.py:3096} INFO - Sync 3 DAGs
[2025-10-02T22:55:59.928+0000] {logging_mixin.py:188} INFO - [2025-10-02T22:55:59.927+0000] {dag.py:3954} INFO - Setting next_dagrun for example_subdag_operator to 2022-01-01 00:00:00+00:00, run_after=2022-01-01 00:00:00+00:00
[2025-10-02T22:55:59.937+0000] {logging_mixin.py:188} INFO - [2025-10-02T22:55:59.936+0000] {dag.py:3954} INFO - Setting next_dagrun for example_subdag_operator.section-1 to None, run_after=None
[2025-10-02T22:55:59.939+0000] {logging_mixin.py:188} INFO - [2025-10-02T22:55:59.938+0000] {dag.py:3954} INFO - Setting next_dagrun for example_subdag_operator.section-2 to None, run_after=None
[2025-10-02T22:55:59.951+0000] {logging_mixin.py:188} INFO - [2025-10-02T22:55:59.951+0000] {dag.py:3096} INFO - Sync 2 DAGs
[2025-10-02T22:55:59.966+0000] {logging_mixin.py:188} INFO - [2025-10-02T22:55:59.965+0000] {dag.py:3954} INFO - Setting next_dagrun for example_subdag_operator.section-1 to None, run_after=None
[2025-10-02T22:55:59.968+0000] {logging_mixin.py:188} INFO - [2025-10-02T22:55:59.967+0000] {dag.py:3954} INFO - Setting next_dagrun for example_subdag_operator.section-2 to None, run_after=None
[2025-10-02T22:55:59.985+0000] {processor.py:183} INFO - Processing /home/airflow/.local/lib/python3.12/site-packages/airflow/example_dags/example_subdag_operator.py took 0.198 seconds
[2025-10-02T22:56:30.133+0000] {processor.py:161} INFO - Started process (PID=540) to work on /home/airflow/.local/lib/python3.12/site-packages/airflow/example_dags/example_subdag_operator.py
[2025-10-02T22:56:30.135+0000] {processor.py:830} INFO - Processing file /home/airflow/.local/lib/python3.12/site-packages/airflow/example_dags/example_subdag_operator.py for tasks to queue
[2025-10-02T22:56:30.138+0000] {logging_mixin.py:188} INFO - [2025-10-02T22:56:30.137+0000] {dagbag.py:545} INFO - Filling up the DagBag from /home/airflow/.local/lib/python3.12/site-packages/airflow/example_dags/example_subdag_operator.py
[2025-10-02T22:56:30.171+0000] {processor.py:840} INFO - DAG(s) 'example_subdag_operator.section-1', 'example_subdag_operator.section-2', 'example_subdag_operator' retrieved from /home/airflow/.local/lib/python3.12/site-packages/airflow/example_dags/example_subdag_operator.py
[2025-10-02T22:56:30.190+0000] {logging_mixin.py:188} INFO - [2025-10-02T22:56:30.190+0000] {dag.py:3096} INFO - Sync 3 DAGs
[2025-10-02T22:56:30.216+0000] {logging_mixin.py:188} INFO - [2025-10-02T22:56:30.216+0000] {dag.py:3954} INFO - Setting next_dagrun for example_subdag_operator to 2022-01-01 00:00:00+00:00, run_after=2022-01-01 00:00:00+00:00
[2025-10-02T22:56:30.221+0000] {logging_mixin.py:188} INFO - [2025-10-02T22:56:30.221+0000] {dag.py:3954} INFO - Setting next_dagrun for example_subdag_operator.section-1 to None, run_after=None
[2025-10-02T22:56:30.222+0000] {logging_mixin.py:188} INFO - [2025-10-02T22:56:30.222+0000] {dag.py:3954} INFO - Setting next_dagrun for example_subdag_operator.section-2 to None, run_after=None
[2025-10-02T22:56:30.230+0000] {logging_mixin.py:188} INFO - [2025-10-02T22:56:30.230+0000] {dag.py:3096} INFO - Sync 2 DAGs
[2025-10-02T22:56:30.236+0000] {logging_mixin.py:188} INFO - [2025-10-02T22:56:30.236+0000] {dag.py:3954} INFO - Setting next_dagrun for example_subdag_operator.section-1 to None, run_after=None
[2025-10-02T22:56:30.237+0000] {logging_mixin.py:188} INFO - [2025-10-02T22:56:30.237+0000] {dag.py:3954} INFO - Setting next_dagrun for example_subdag_operator.section-2 to None, run_after=None
[2025-10-02T22:56:30.251+0000] {processor.py:183} INFO - Processing /home/airflow/.local/lib/python3.12/site-packages/airflow/example_dags/example_subdag_operator.py took 0.126 seconds
[2025-10-02T22:57:00.354+0000] {processor.py:161} INFO - Started process (PID=593) to work on /home/airflow/.local/lib/python3.12/site-packages/airflow/example_dags/example_subdag_operator.py
[2025-10-02T22:57:00.356+0000] {processor.py:830} INFO - Processing file /home/airflow/.local/lib/python3.12/site-packages/airflow/example_dags/example_subdag_operator.py for tasks to queue
[2025-10-02T22:57:00.361+0000] {logging_mixin.py:188} INFO - [2025-10-02T22:57:00.360+0000] {dagbag.py:545} INFO - Filling up the DagBag from /home/airflow/.local/lib/python3.12/site-packages/airflow/example_dags/example_subdag_operator.py
[2025-10-02T22:57:00.404+0000] {processor.py:840} INFO - DAG(s) 'example_subdag_operator.section-1', 'example_subdag_operator.section-2', 'example_subdag_operator' retrieved from /home/airflow/.local/lib/python3.12/site-packages/airflow/example_dags/example_subdag_operator.py
[2025-10-02T22:57:00.425+0000] {logging_mixin.py:188} INFO - [2025-10-02T22:57:00.425+0000] {dag.py:3096} INFO - Sync 3 DAGs
[2025-10-02T22:57:00.453+0000] {logging_mixin.py:188} INFO - [2025-10-02T22:57:00.453+0000] {dag.py:3954} INFO - Setting next_dagrun for example_subdag_operator to 2022-01-01 00:00:00+00:00, run_after=2022-01-01 00:00:00+00:00
[2025-10-02T22:57:00.458+0000] {logging_mixin.py:188} INFO - [2025-10-02T22:57:00.458+0000] {dag.py:3954} INFO - Setting next_dagrun for example_subdag_operator.section-1 to None, run_after=None
[2025-10-02T22:57:00.460+0000] {logging_mixin.py:188} INFO - [2025-10-02T22:57:00.460+0000] {dag.py:3954} INFO - Setting next_dagrun for example_subdag_operator.section-2 to None, run_after=None
[2025-10-02T22:57:00.468+0000] {logging_mixin.py:188} INFO - [2025-10-02T22:57:00.468+0000] {dag.py:3096} INFO - Sync 2 DAGs
[2025-10-02T22:57:00.474+0000] {logging_mixin.py:188} INFO - [2025-10-02T22:57:00.474+0000] {dag.py:3954} INFO - Setting next_dagrun for example_subdag_operator.section-1 to None, run_after=None
[2025-10-02T22:57:00.475+0000] {logging_mixin.py:188} INFO - [2025-10-02T22:57:00.475+0000] {dag.py:3954} INFO - Setting next_dagrun for example_subdag_operator.section-2 to None, run_after=None
[2025-10-02T22:57:00.490+0000] {processor.py:183} INFO - Processing /home/airflow/.local/lib/python3.12/site-packages/airflow/example_dags/example_subdag_operator.py took 0.150 seconds
[2025-10-02T22:57:31.013+0000] {processor.py:161} INFO - Started process (PID=647) to work on /home/airflow/.local/lib/python3.12/site-packages/airflow/example_dags/example_subdag_operator.py
[2025-10-02T22:57:31.015+0000] {processor.py:830} INFO - Processing file /home/airflow/.local/lib/python3.12/site-packages/airflow/example_dags/example_subdag_operator.py for tasks to queue
[2025-10-02T22:57:31.018+0000] {logging_mixin.py:188} INFO - [2025-10-02T22:57:31.018+0000] {dagbag.py:545} INFO - Filling up the DagBag from /home/airflow/.local/lib/python3.12/site-packages/airflow/example_dags/example_subdag_operator.py
[2025-10-02T22:57:31.060+0000] {processor.py:840} INFO - DAG(s) 'example_subdag_operator.section-1', 'example_subdag_operator.section-2', 'example_subdag_operator' retrieved from /home/airflow/.local/lib/python3.12/site-packages/airflow/example_dags/example_subdag_operator.py
[2025-10-02T22:57:31.087+0000] {logging_mixin.py:188} INFO - [2025-10-02T22:57:31.086+0000] {dag.py:3096} INFO - Sync 3 DAGs
[2025-10-02T22:57:31.114+0000] {logging_mixin.py:188} INFO - [2025-10-02T22:57:31.114+0000] {dag.py:3954} INFO - Setting next_dagrun for example_subdag_operator to 2022-01-01 00:00:00+00:00, run_after=2022-01-01 00:00:00+00:00
[2025-10-02T22:57:31.119+0000] {logging_mixin.py:188} INFO - [2025-10-02T22:57:31.119+0000] {dag.py:3954} INFO - Setting next_dagrun for example_subdag_operator.section-1 to None, run_after=None
[2025-10-02T22:57:31.121+0000] {logging_mixin.py:188} INFO - [2025-10-02T22:57:31.121+0000] {dag.py:3954} INFO - Setting next_dagrun for example_subdag_operator.section-2 to None, run_after=None
[2025-10-02T22:57:31.131+0000] {logging_mixin.py:188} INFO - [2025-10-02T22:57:31.131+0000] {dag.py:3096} INFO - Sync 2 DAGs
[2025-10-02T22:57:31.137+0000] {logging_mixin.py:188} INFO - [2025-10-02T22:57:31.137+0000] {dag.py:3954} INFO - Setting next_dagrun for example_subdag_operator.section-1 to None, run_after=None
[2025-10-02T22:57:31.138+0000] {logging_mixin.py:188} INFO - [2025-10-02T22:57:31.138+0000] {dag.py:3954} INFO - Setting next_dagrun for example_subdag_operator.section-2 to None, run_after=None
[2025-10-02T22:57:31.152+0000] {processor.py:183} INFO - Processing /home/airflow/.local/lib/python3.12/site-packages/airflow/example_dags/example_subdag_operator.py took 0.149 seconds
[2025-10-02T22:58:01.918+0000] {processor.py:161} INFO - Started process (PID=700) to work on /home/airflow/.local/lib/python3.12/site-packages/airflow/example_dags/example_subdag_operator.py
[2025-10-02T22:58:01.919+0000] {processor.py:830} INFO - Processing file /home/airflow/.local/lib/python3.12/site-packages/airflow/example_dags/example_subdag_operator.py for tasks to queue
[2025-10-02T22:58:01.923+0000] {logging_mixin.py:188} INFO - [2025-10-02T22:58:01.922+0000] {dagbag.py:545} INFO - Filling up the DagBag from /home/airflow/.local/lib/python3.12/site-packages/airflow/example_dags/example_subdag_operator.py
[2025-10-02T22:58:01.958+0000] {processor.py:840} INFO - DAG(s) 'example_subdag_operator.section-1', 'example_subdag_operator.section-2', 'example_subdag_operator' retrieved from /home/airflow/.local/lib/python3.12/site-packages/airflow/example_dags/example_subdag_operator.py
[2025-10-02T22:58:01.964+0000] {logging_mixin.py:188} INFO - [2025-10-02T22:58:01.964+0000] {dag.py:3096} INFO - Sync 3 DAGs
[2025-10-02T22:58:01.996+0000] {logging_mixin.py:188} INFO - [2025-10-02T22:58:01.996+0000] {dag.py:3954} INFO - Setting next_dagrun for example_subdag_operator to 2022-01-01 00:00:00+00:00, run_after=2022-01-01 00:00:00+00:00
[2025-10-02T22:58:02.003+0000] {logging_mixin.py:188} INFO - [2025-10-02T22:58:02.002+0000] {dag.py:3954} INFO - Setting next_dagrun for example_subdag_operator.section-1 to None, run_after=None
[2025-10-02T22:58:02.007+0000] {logging_mixin.py:188} INFO - [2025-10-02T22:58:02.006+0000] {dag.py:3954} INFO - Setting next_dagrun for example_subdag_operator.section-2 to None, run_after=None
[2025-10-02T22:58:02.017+0000] {logging_mixin.py:188} INFO - [2025-10-02T22:58:02.017+0000] {dag.py:3096} INFO - Sync 2 DAGs
[2025-10-02T22:58:02.025+0000] {logging_mixin.py:188} INFO - [2025-10-02T22:58:02.024+0000] {dag.py:3954} INFO - Setting next_dagrun for example_subdag_operator.section-1 to None, run_after=None
[2025-10-02T22:58:02.026+0000] {logging_mixin.py:188} INFO - [2025-10-02T22:58:02.025+0000] {dag.py:3954} INFO - Setting next_dagrun for example_subdag_operator.section-2 to None, run_after=None
[2025-10-02T22:58:02.042+0000] {processor.py:183} INFO - Processing /home/airflow/.local/lib/python3.12/site-packages/airflow/example_dags/example_subdag_operator.py took 0.133 seconds
[2025-10-02T22:58:32.428+0000] {processor.py:161} INFO - Started process (PID=753) to work on /home/airflow/.local/lib/python3.12/site-packages/airflow/example_dags/example_subdag_operator.py
[2025-10-02T22:58:32.429+0000] {processor.py:830} INFO - Processing file /home/airflow/.local/lib/python3.12/site-packages/airflow/example_dags/example_subdag_operator.py for tasks to queue
[2025-10-02T22:58:32.432+0000] {logging_mixin.py:188} INFO - [2025-10-02T22:58:32.432+0000] {dagbag.py:545} INFO - Filling up the DagBag from /home/airflow/.local/lib/python3.12/site-packages/airflow/example_dags/example_subdag_operator.py
[2025-10-02T22:58:32.468+0000] {processor.py:840} INFO - DAG(s) 'example_subdag_operator.section-1', 'example_subdag_operator.section-2', 'example_subdag_operator' retrieved from /home/airflow/.local/lib/python3.12/site-packages/airflow/example_dags/example_subdag_operator.py
[2025-10-02T22:58:32.590+0000] {logging_mixin.py:188} INFO - [2025-10-02T22:58:32.589+0000] {dag.py:3096} INFO - Sync 3 DAGs
[2025-10-02T22:58:32.613+0000] {logging_mixin.py:188} INFO - [2025-10-02T22:58:32.613+0000] {dag.py:3954} INFO - Setting next_dagrun for example_subdag_operator to 2022-01-01 00:00:00+00:00, run_after=2022-01-01 00:00:00+00:00
[2025-10-02T22:58:32.617+0000] {logging_mixin.py:188} INFO - [2025-10-02T22:58:32.616+0000] {dag.py:3954} INFO - Setting next_dagrun for example_subdag_operator.section-1 to None, run_after=None
[2025-10-02T22:58:32.620+0000] {logging_mixin.py:188} INFO - [2025-10-02T22:58:32.620+0000] {dag.py:3954} INFO - Setting next_dagrun for example_subdag_operator.section-2 to None, run_after=None
[2025-10-02T22:58:32.630+0000] {logging_mixin.py:188} INFO - [2025-10-02T22:58:32.630+0000] {dag.py:3096} INFO - Sync 2 DAGs
[2025-10-02T22:58:32.635+0000] {logging_mixin.py:188} INFO - [2025-10-02T22:58:32.635+0000] {dag.py:3954} INFO - Setting next_dagrun for example_subdag_operator.section-1 to None, run_after=None
[2025-10-02T22:58:32.636+0000] {logging_mixin.py:188} INFO - [2025-10-02T22:58:32.636+0000] {dag.py:3954} INFO - Setting next_dagrun for example_subdag_operator.section-2 to None, run_after=None
[2025-10-02T22:58:32.649+0000] {processor.py:183} INFO - Processing /home/airflow/.local/lib/python3.12/site-packages/airflow/example_dags/example_subdag_operator.py took 0.229 seconds
[2025-10-02T22:59:02.795+0000] {processor.py:161} INFO - Started process (PID=806) to work on /home/airflow/.local/lib/python3.12/site-packages/airflow/example_dags/example_subdag_operator.py
[2025-10-02T22:59:02.797+0000] {processor.py:830} INFO - Processing file /home/airflow/.local/lib/python3.12/site-packages/airflow/example_dags/example_subdag_operator.py for tasks to queue
[2025-10-02T22:59:02.800+0000] {logging_mixin.py:188} INFO - [2025-10-02T22:59:02.799+0000] {dagbag.py:545} INFO - Filling up the DagBag from /home/airflow/.local/lib/python3.12/site-packages/airflow/example_dags/example_subdag_operator.py
[2025-10-02T22:59:02.841+0000] {processor.py:840} INFO - DAG(s) 'example_subdag_operator.section-1', 'example_subdag_operator.section-2', 'example_subdag_operator' retrieved from /home/airflow/.local/lib/python3.12/site-packages/airflow/example_dags/example_subdag_operator.py
[2025-10-02T22:59:02.868+0000] {logging_mixin.py:188} INFO - [2025-10-02T22:59:02.868+0000] {dag.py:3096} INFO - Sync 3 DAGs
[2025-10-02T22:59:02.915+0000] {logging_mixin.py:188} INFO - [2025-10-02T22:59:02.914+0000] {dag.py:3954} INFO - Setting next_dagrun for example_subdag_operator to 2022-01-01 00:00:00+00:00, run_after=2022-01-01 00:00:00+00:00
[2025-10-02T22:59:02.923+0000] {logging_mixin.py:188} INFO - [2025-10-02T22:59:02.923+0000] {dag.py:3954} INFO - Setting next_dagrun for example_subdag_operator.section-1 to None, run_after=None
[2025-10-02T22:59:02.927+0000] {logging_mixin.py:188} INFO - [2025-10-02T22:59:02.927+0000] {dag.py:3954} INFO - Setting next_dagrun for example_subdag_operator.section-2 to None, run_after=None
[2025-10-02T22:59:02.941+0000] {logging_mixin.py:188} INFO - [2025-10-02T22:59:02.941+0000] {dag.py:3096} INFO - Sync 2 DAGs
[2025-10-02T22:59:02.956+0000] {logging_mixin.py:188} INFO - [2025-10-02T22:59:02.956+0000] {dag.py:3954} INFO - Setting next_dagrun for example_subdag_operator.section-1 to None, run_after=None
[2025-10-02T22:59:02.959+0000] {logging_mixin.py:188} INFO - [2025-10-02T22:59:02.958+0000] {dag.py:3954} INFO - Setting next_dagrun for example_subdag_operator.section-2 to None, run_after=None
[2025-10-02T22:59:02.981+0000] {processor.py:183} INFO - Processing /home/airflow/.local/lib/python3.12/site-packages/airflow/example_dags/example_subdag_operator.py took 0.196 seconds
[2025-10-02T22:59:33.939+0000] {processor.py:161} INFO - Started process (PID=859) to work on /home/airflow/.local/lib/python3.12/site-packages/airflow/example_dags/example_subdag_operator.py
[2025-10-02T22:59:33.940+0000] {processor.py:830} INFO - Processing file /home/airflow/.local/lib/python3.12/site-packages/airflow/example_dags/example_subdag_operator.py for tasks to queue
[2025-10-02T22:59:33.943+0000] {logging_mixin.py:188} INFO - [2025-10-02T22:59:33.943+0000] {dagbag.py:545} INFO - Filling up the DagBag from /home/airflow/.local/lib/python3.12/site-packages/airflow/example_dags/example_subdag_operator.py
[2025-10-02T22:59:33.988+0000] {processor.py:840} INFO - DAG(s) 'example_subdag_operator.section-1', 'example_subdag_operator.section-2', 'example_subdag_operator' retrieved from /home/airflow/.local/lib/python3.12/site-packages/airflow/example_dags/example_subdag_operator.py
[2025-10-02T22:59:34.006+0000] {logging_mixin.py:188} INFO - [2025-10-02T22:59:34.006+0000] {dag.py:3096} INFO - Sync 3 DAGs
[2025-10-02T22:59:34.031+0000] {logging_mixin.py:188} INFO - [2025-10-02T22:59:34.031+0000] {dag.py:3954} INFO - Setting next_dagrun for example_subdag_operator to 2022-01-01 00:00:00+00:00, run_after=2022-01-01 00:00:00+00:00
[2025-10-02T22:59:34.035+0000] {logging_mixin.py:188} INFO - [2025-10-02T22:59:34.035+0000] {dag.py:3954} INFO - Setting next_dagrun for example_subdag_operator.section-1 to None, run_after=None
[2025-10-02T22:59:34.036+0000] {logging_mixin.py:188} INFO - [2025-10-02T22:59:34.036+0000] {dag.py:3954} INFO - Setting next_dagrun for example_subdag_operator.section-2 to None, run_after=None
[2025-10-02T22:59:34.045+0000] {logging_mixin.py:188} INFO - [2025-10-02T22:59:34.044+0000] {dag.py:3096} INFO - Sync 2 DAGs
[2025-10-02T22:59:34.050+0000] {logging_mixin.py:188} INFO - [2025-10-02T22:59:34.050+0000] {dag.py:3954} INFO - Setting next_dagrun for example_subdag_operator.section-1 to None, run_after=None
[2025-10-02T22:59:34.051+0000] {logging_mixin.py:188} INFO - [2025-10-02T22:59:34.050+0000] {dag.py:3954} INFO - Setting next_dagrun for example_subdag_operator.section-2 to None, run_after=None
[2025-10-02T22:59:34.063+0000] {processor.py:183} INFO - Processing /home/airflow/.local/lib/python3.12/site-packages/airflow/example_dags/example_subdag_operator.py took 0.137 seconds
[2025-10-02T23:00:04.638+0000] {processor.py:161} INFO - Started process (PID=912) to work on /home/airflow/.local/lib/python3.12/site-packages/airflow/example_dags/example_subdag_operator.py
[2025-10-02T23:00:04.640+0000] {processor.py:830} INFO - Processing file /home/airflow/.local/lib/python3.12/site-packages/airflow/example_dags/example_subdag_operator.py for tasks to queue
[2025-10-02T23:00:04.643+0000] {logging_mixin.py:188} INFO - [2025-10-02T23:00:04.642+0000] {dagbag.py:545} INFO - Filling up the DagBag from /home/airflow/.local/lib/python3.12/site-packages/airflow/example_dags/example_subdag_operator.py
[2025-10-02T23:00:04.677+0000] {processor.py:840} INFO - DAG(s) 'example_subdag_operator.section-1', 'example_subdag_operator.section-2', 'example_subdag_operator' retrieved from /home/airflow/.local/lib/python3.12/site-packages/airflow/example_dags/example_subdag_operator.py
[2025-10-02T23:00:04.696+0000] {logging_mixin.py:188} INFO - [2025-10-02T23:00:04.696+0000] {dag.py:3096} INFO - Sync 3 DAGs
[2025-10-02T23:00:04.722+0000] {logging_mixin.py:188} INFO - [2025-10-02T23:00:04.721+0000] {dag.py:3954} INFO - Setting next_dagrun for example_subdag_operator to 2022-01-01 00:00:00+00:00, run_after=2022-01-01 00:00:00+00:00
[2025-10-02T23:00:04.726+0000] {logging_mixin.py:188} INFO - [2025-10-02T23:00:04.726+0000] {dag.py:3954} INFO - Setting next_dagrun for example_subdag_operator.section-1 to None, run_after=None
[2025-10-02T23:00:04.728+0000] {logging_mixin.py:188} INFO - [2025-10-02T23:00:04.728+0000] {dag.py:3954} INFO - Setting next_dagrun for example_subdag_operator.section-2 to None, run_after=None
[2025-10-02T23:00:04.737+0000] {logging_mixin.py:188} INFO - [2025-10-02T23:00:04.737+0000] {dag.py:3096} INFO - Sync 2 DAGs
[2025-10-02T23:00:04.743+0000] {logging_mixin.py:188} INFO - [2025-10-02T23:00:04.742+0000] {dag.py:3954} INFO - Setting next_dagrun for example_subdag_operator.section-1 to None, run_after=None
[2025-10-02T23:00:04.744+0000] {logging_mixin.py:188} INFO - [2025-10-02T23:00:04.743+0000] {dag.py:3954} INFO - Setting next_dagrun for example_subdag_operator.section-2 to None, run_after=None
[2025-10-02T23:00:04.757+0000] {processor.py:183} INFO - Processing /home/airflow/.local/lib/python3.12/site-packages/airflow/example_dags/example_subdag_operator.py took 0.131 seconds
[2025-10-02T23:00:34.886+0000] {processor.py:161} INFO - Started process (PID=965) to work on /home/airflow/.local/lib/python3.12/site-packages/airflow/example_dags/example_subdag_operator.py
[2025-10-02T23:00:34.888+0000] {processor.py:830} INFO - Processing file /home/airflow/.local/lib/python3.12/site-packages/airflow/example_dags/example_subdag_operator.py for tasks to queue
[2025-10-02T23:00:34.891+0000] {logging_mixin.py:188} INFO - [2025-10-02T23:00:34.891+0000] {dagbag.py:545} INFO - Filling up the DagBag from /home/airflow/.local/lib/python3.12/site-packages/airflow/example_dags/example_subdag_operator.py
[2025-10-02T23:00:34.934+0000] {processor.py:840} INFO - DAG(s) 'example_subdag_operator.section-1', 'example_subdag_operator.section-2', 'example_subdag_operator' retrieved from /home/airflow/.local/lib/python3.12/site-packages/airflow/example_dags/example_subdag_operator.py
[2025-10-02T23:00:34.953+0000] {logging_mixin.py:188} INFO - [2025-10-02T23:00:34.953+0000] {dag.py:3096} INFO - Sync 3 DAGs
[2025-10-02T23:00:34.980+0000] {logging_mixin.py:188} INFO - [2025-10-02T23:00:34.980+0000] {dag.py:3954} INFO - Setting next_dagrun for example_subdag_operator to 2022-01-01 00:00:00+00:00, run_after=2022-01-01 00:00:00+00:00
[2025-10-02T23:00:34.987+0000] {logging_mixin.py:188} INFO - [2025-10-02T23:00:34.986+0000] {dag.py:3954} INFO - Setting next_dagrun for example_subdag_operator.section-1 to None, run_after=None
[2025-10-02T23:00:34.989+0000] {logging_mixin.py:188} INFO - [2025-10-02T23:00:34.989+0000] {dag.py:3954} INFO - Setting next_dagrun for example_subdag_operator.section-2 to None, run_after=None
[2025-10-02T23:00:34.999+0000] {logging_mixin.py:188} INFO - [2025-10-02T23:00:34.998+0000] {dag.py:3096} INFO - Sync 2 DAGs
[2025-10-02T23:00:35.008+0000] {logging_mixin.py:188} INFO - [2025-10-02T23:00:35.008+0000] {dag.py:3954} INFO - Setting next_dagrun for example_subdag_operator.section-1 to None, run_after=None
[2025-10-02T23:00:35.010+0000] {logging_mixin.py:188} INFO - [2025-10-02T23:00:35.010+0000] {dag.py:3954} INFO - Setting next_dagrun for example_subdag_operator.section-2 to None, run_after=None
[2025-10-02T23:00:35.025+0000] {processor.py:183} INFO - Processing /home/airflow/.local/lib/python3.12/site-packages/airflow/example_dags/example_subdag_operator.py took 0.147 seconds
[2025-10-02T23:01:05.291+0000] {processor.py:161} INFO - Started process (PID=1018) to work on /home/airflow/.local/lib/python3.12/site-packages/airflow/example_dags/example_subdag_operator.py
[2025-10-02T23:01:05.292+0000] {processor.py:830} INFO - Processing file /home/airflow/.local/lib/python3.12/site-packages/airflow/example_dags/example_subdag_operator.py for tasks to queue
[2025-10-02T23:01:05.295+0000] {logging_mixin.py:188} INFO - [2025-10-02T23:01:05.295+0000] {dagbag.py:545} INFO - Filling up the DagBag from /home/airflow/.local/lib/python3.12/site-packages/airflow/example_dags/example_subdag_operator.py
[2025-10-02T23:01:05.334+0000] {processor.py:840} INFO - DAG(s) 'example_subdag_operator.section-1', 'example_subdag_operator.section-2', 'example_subdag_operator' retrieved from /home/airflow/.local/lib/python3.12/site-packages/airflow/example_dags/example_subdag_operator.py
[2025-10-02T23:01:05.356+0000] {logging_mixin.py:188} INFO - [2025-10-02T23:01:05.355+0000] {dag.py:3096} INFO - Sync 3 DAGs
[2025-10-02T23:01:05.388+0000] {logging_mixin.py:188} INFO - [2025-10-02T23:01:05.387+0000] {dag.py:3954} INFO - Setting next_dagrun for example_subdag_operator to 2022-01-01 00:00:00+00:00, run_after=2022-01-01 00:00:00+00:00
[2025-10-02T23:01:05.392+0000] {logging_mixin.py:188} INFO - [2025-10-02T23:01:05.392+0000] {dag.py:3954} INFO - Setting next_dagrun for example_subdag_operator.section-1 to None, run_after=None
[2025-10-02T23:01:05.394+0000] {logging_mixin.py:188} INFO - [2025-10-02T23:01:05.394+0000] {dag.py:3954} INFO - Setting next_dagrun for example_subdag_operator.section-2 to None, run_after=None
[2025-10-02T23:01:05.403+0000] {logging_mixin.py:188} INFO - [2025-10-02T23:01:05.403+0000] {dag.py:3096} INFO - Sync 2 DAGs
[2025-10-02T23:01:05.409+0000] {logging_mixin.py:188} INFO - [2025-10-02T23:01:05.409+0000] {dag.py:3954} INFO - Setting next_dagrun for example_subdag_operator.section-1 to None, run_after=None
[2025-10-02T23:01:05.410+0000] {logging_mixin.py:188} INFO - [2025-10-02T23:01:05.410+0000] {dag.py:3954} INFO - Setting next_dagrun for example_subdag_operator.section-2 to None, run_after=None
[2025-10-02T23:01:05.424+0000] {processor.py:183} INFO - Processing /home/airflow/.local/lib/python3.12/site-packages/airflow/example_dags/example_subdag_operator.py took 0.143 seconds
[2025-10-02T23:01:35.853+0000] {processor.py:161} INFO - Started process (PID=1071) to work on /home/airflow/.local/lib/python3.12/site-packages/airflow/example_dags/example_subdag_operator.py
[2025-10-02T23:01:35.854+0000] {processor.py:830} INFO - Processing file /home/airflow/.local/lib/python3.12/site-packages/airflow/example_dags/example_subdag_operator.py for tasks to queue
[2025-10-02T23:01:35.858+0000] {logging_mixin.py:188} INFO - [2025-10-02T23:01:35.857+0000] {dagbag.py:545} INFO - Filling up the DagBag from /home/airflow/.local/lib/python3.12/site-packages/airflow/example_dags/example_subdag_operator.py
[2025-10-02T23:01:35.899+0000] {processor.py:840} INFO - DAG(s) 'example_subdag_operator.section-1', 'example_subdag_operator.section-2', 'example_subdag_operator' retrieved from /home/airflow/.local/lib/python3.12/site-packages/airflow/example_dags/example_subdag_operator.py
[2025-10-02T23:01:35.926+0000] {logging_mixin.py:188} INFO - [2025-10-02T23:01:35.925+0000] {dag.py:3096} INFO - Sync 3 DAGs
[2025-10-02T23:01:35.962+0000] {logging_mixin.py:188} INFO - [2025-10-02T23:01:35.962+0000] {dag.py:3954} INFO - Setting next_dagrun for example_subdag_operator to 2022-01-01 00:00:00+00:00, run_after=2022-01-01 00:00:00+00:00
[2025-10-02T23:01:35.979+0000] {logging_mixin.py:188} INFO - [2025-10-02T23:01:35.978+0000] {dag.py:3954} INFO - Setting next_dagrun for example_subdag_operator.section-1 to None, run_after=None
[2025-10-02T23:01:35.983+0000] {logging_mixin.py:188} INFO - [2025-10-02T23:01:35.982+0000] {dag.py:3954} INFO - Setting next_dagrun for example_subdag_operator.section-2 to None, run_after=None
[2025-10-02T23:01:35.995+0000] {logging_mixin.py:188} INFO - [2025-10-02T23:01:35.995+0000] {dag.py:3096} INFO - Sync 2 DAGs
[2025-10-02T23:01:36.002+0000] {logging_mixin.py:188} INFO - [2025-10-02T23:01:36.001+0000] {dag.py:3954} INFO - Setting next_dagrun for example_subdag_operator.section-1 to None, run_after=None
[2025-10-02T23:01:36.002+0000] {logging_mixin.py:188} INFO - [2025-10-02T23:01:36.002+0000] {dag.py:3954} INFO - Setting next_dagrun for example_subdag_operator.section-2 to None, run_after=None
[2025-10-02T23:01:36.023+0000] {processor.py:183} INFO - Processing /home/airflow/.local/lib/python3.12/site-packages/airflow/example_dags/example_subdag_operator.py took 0.180 seconds
[2025-10-02T23:02:06.578+0000] {processor.py:161} INFO - Started process (PID=1124) to work on /home/airflow/.local/lib/python3.12/site-packages/airflow/example_dags/example_subdag_operator.py
[2025-10-02T23:02:06.580+0000] {processor.py:830} INFO - Processing file /home/airflow/.local/lib/python3.12/site-packages/airflow/example_dags/example_subdag_operator.py for tasks to queue
[2025-10-02T23:02:06.584+0000] {logging_mixin.py:188} INFO - [2025-10-02T23:02:06.583+0000] {dagbag.py:545} INFO - Filling up the DagBag from /home/airflow/.local/lib/python3.12/site-packages/airflow/example_dags/example_subdag_operator.py
[2025-10-02T23:02:06.622+0000] {processor.py:840} INFO - DAG(s) 'example_subdag_operator.section-1', 'example_subdag_operator.section-2', 'example_subdag_operator' retrieved from /home/airflow/.local/lib/python3.12/site-packages/airflow/example_dags/example_subdag_operator.py
[2025-10-02T23:02:06.644+0000] {logging_mixin.py:188} INFO - [2025-10-02T23:02:06.643+0000] {dag.py:3096} INFO - Sync 3 DAGs
[2025-10-02T23:02:06.692+0000] {logging_mixin.py:188} INFO - [2025-10-02T23:02:06.691+0000] {dag.py:3954} INFO - Setting next_dagrun for example_subdag_operator to 2022-01-01 00:00:00+00:00, run_after=2022-01-01 00:00:00+00:00
[2025-10-02T23:02:06.698+0000] {logging_mixin.py:188} INFO - [2025-10-02T23:02:06.697+0000] {dag.py:3954} INFO - Setting next_dagrun for example_subdag_operator.section-1 to None, run_after=None
[2025-10-02T23:02:06.700+0000] {logging_mixin.py:188} INFO - [2025-10-02T23:02:06.700+0000] {dag.py:3954} INFO - Setting next_dagrun for example_subdag_operator.section-2 to None, run_after=None
[2025-10-02T23:02:06.711+0000] {logging_mixin.py:188} INFO - [2025-10-02T23:02:06.711+0000] {dag.py:3096} INFO - Sync 2 DAGs
[2025-10-02T23:02:06.718+0000] {logging_mixin.py:188} INFO - [2025-10-02T23:02:06.718+0000] {dag.py:3954} INFO - Setting next_dagrun for example_subdag_operator.section-1 to None, run_after=None
[2025-10-02T23:02:06.719+0000] {logging_mixin.py:188} INFO - [2025-10-02T23:02:06.719+0000] {dag.py:3954} INFO - Setting next_dagrun for example_subdag_operator.section-2 to None, run_after=None
[2025-10-02T23:02:06.738+0000] {processor.py:183} INFO - Processing /home/airflow/.local/lib/python3.12/site-packages/airflow/example_dags/example_subdag_operator.py took 0.171 seconds
[2025-10-02T23:02:36.827+0000] {processor.py:161} INFO - Started process (PID=1177) to work on /home/airflow/.local/lib/python3.12/site-packages/airflow/example_dags/example_subdag_operator.py
[2025-10-02T23:02:36.829+0000] {processor.py:830} INFO - Processing file /home/airflow/.local/lib/python3.12/site-packages/airflow/example_dags/example_subdag_operator.py for tasks to queue
[2025-10-02T23:02:36.832+0000] {logging_mixin.py:188} INFO - [2025-10-02T23:02:36.831+0000] {dagbag.py:545} INFO - Filling up the DagBag from /home/airflow/.local/lib/python3.12/site-packages/airflow/example_dags/example_subdag_operator.py
[2025-10-02T23:02:36.871+0000] {processor.py:840} INFO - DAG(s) 'example_subdag_operator.section-1', 'example_subdag_operator.section-2', 'example_subdag_operator' retrieved from /home/airflow/.local/lib/python3.12/site-packages/airflow/example_dags/example_subdag_operator.py
[2025-10-02T23:02:36.900+0000] {logging_mixin.py:188} INFO - [2025-10-02T23:02:36.900+0000] {dag.py:3096} INFO - Sync 3 DAGs
[2025-10-02T23:02:36.962+0000] {logging_mixin.py:188} INFO - [2025-10-02T23:02:36.961+0000] {dag.py:3954} INFO - Setting next_dagrun for example_subdag_operator to 2022-01-01 00:00:00+00:00, run_after=2022-01-01 00:00:00+00:00
[2025-10-02T23:02:36.970+0000] {logging_mixin.py:188} INFO - [2025-10-02T23:02:36.970+0000] {dag.py:3954} INFO - Setting next_dagrun for example_subdag_operator.section-1 to None, run_after=None
[2025-10-02T23:02:36.973+0000] {logging_mixin.py:188} INFO - [2025-10-02T23:02:36.973+0000] {dag.py:3954} INFO - Setting next_dagrun for example_subdag_operator.section-2 to None, run_after=None
[2025-10-02T23:02:36.988+0000] {logging_mixin.py:188} INFO - [2025-10-02T23:02:36.987+0000] {dag.py:3096} INFO - Sync 2 DAGs
[2025-10-02T23:02:37.002+0000] {logging_mixin.py:188} INFO - [2025-10-02T23:02:37.000+0000] {dag.py:3954} INFO - Setting next_dagrun for example_subdag_operator.section-1 to None, run_after=None
[2025-10-02T23:02:37.003+0000] {logging_mixin.py:188} INFO - [2025-10-02T23:02:37.003+0000] {dag.py:3954} INFO - Setting next_dagrun for example_subdag_operator.section-2 to None, run_after=None
[2025-10-02T23:02:37.034+0000] {processor.py:183} INFO - Processing /home/airflow/.local/lib/python3.12/site-packages/airflow/example_dags/example_subdag_operator.py took 0.215 seconds
[2025-10-02T23:03:07.153+0000] {processor.py:161} INFO - Started process (PID=1230) to work on /home/airflow/.local/lib/python3.12/site-packages/airflow/example_dags/example_subdag_operator.py
[2025-10-02T23:03:07.155+0000] {processor.py:830} INFO - Processing file /home/airflow/.local/lib/python3.12/site-packages/airflow/example_dags/example_subdag_operator.py for tasks to queue
[2025-10-02T23:03:07.158+0000] {logging_mixin.py:188} INFO - [2025-10-02T23:03:07.158+0000] {dagbag.py:545} INFO - Filling up the DagBag from /home/airflow/.local/lib/python3.12/site-packages/airflow/example_dags/example_subdag_operator.py
[2025-10-02T23:03:07.191+0000] {processor.py:840} INFO - DAG(s) 'example_subdag_operator.section-1', 'example_subdag_operator.section-2', 'example_subdag_operator' retrieved from /home/airflow/.local/lib/python3.12/site-packages/airflow/example_dags/example_subdag_operator.py
[2025-10-02T23:03:07.210+0000] {logging_mixin.py:188} INFO - [2025-10-02T23:03:07.210+0000] {dag.py:3096} INFO - Sync 3 DAGs
[2025-10-02T23:03:07.237+0000] {logging_mixin.py:188} INFO - [2025-10-02T23:03:07.237+0000] {dag.py:3954} INFO - Setting next_dagrun for example_subdag_operator to 2022-01-01 00:00:00+00:00, run_after=2022-01-01 00:00:00+00:00
[2025-10-02T23:03:07.242+0000] {logging_mixin.py:188} INFO - [2025-10-02T23:03:07.241+0000] {dag.py:3954} INFO - Setting next_dagrun for example_subdag_operator.section-1 to None, run_after=None
[2025-10-02T23:03:07.243+0000] {logging_mixin.py:188} INFO - [2025-10-02T23:03:07.243+0000] {dag.py:3954} INFO - Setting next_dagrun for example_subdag_operator.section-2 to None, run_after=None
[2025-10-02T23:03:07.253+0000] {logging_mixin.py:188} INFO - [2025-10-02T23:03:07.253+0000] {dag.py:3096} INFO - Sync 2 DAGs
[2025-10-02T23:03:07.260+0000] {logging_mixin.py:188} INFO - [2025-10-02T23:03:07.259+0000] {dag.py:3954} INFO - Setting next_dagrun for example_subdag_operator.section-1 to None, run_after=None
[2025-10-02T23:03:07.260+0000] {logging_mixin.py:188} INFO - [2025-10-02T23:03:07.260+0000] {dag.py:3954} INFO - Setting next_dagrun for example_subdag_operator.section-2 to None, run_after=None
[2025-10-02T23:03:07.275+0000] {processor.py:183} INFO - Processing /home/airflow/.local/lib/python3.12/site-packages/airflow/example_dags/example_subdag_operator.py took 0.131 seconds
[2025-10-02T23:03:37.375+0000] {processor.py:161} INFO - Started process (PID=1283) to work on /home/airflow/.local/lib/python3.12/site-packages/airflow/example_dags/example_subdag_operator.py
[2025-10-02T23:03:37.377+0000] {processor.py:830} INFO - Processing file /home/airflow/.local/lib/python3.12/site-packages/airflow/example_dags/example_subdag_operator.py for tasks to queue
[2025-10-02T23:03:37.380+0000] {logging_mixin.py:188} INFO - [2025-10-02T23:03:37.380+0000] {dagbag.py:545} INFO - Filling up the DagBag from /home/airflow/.local/lib/python3.12/site-packages/airflow/example_dags/example_subdag_operator.py
[2025-10-02T23:03:37.416+0000] {processor.py:840} INFO - DAG(s) 'example_subdag_operator.section-1', 'example_subdag_operator.section-2', 'example_subdag_operator' retrieved from /home/airflow/.local/lib/python3.12/site-packages/airflow/example_dags/example_subdag_operator.py
[2025-10-02T23:03:37.438+0000] {logging_mixin.py:188} INFO - [2025-10-02T23:03:37.437+0000] {dag.py:3096} INFO - Sync 3 DAGs
[2025-10-02T23:03:37.466+0000] {logging_mixin.py:188} INFO - [2025-10-02T23:03:37.466+0000] {dag.py:3954} INFO - Setting next_dagrun for example_subdag_operator to 2022-01-01 00:00:00+00:00, run_after=2022-01-01 00:00:00+00:00
[2025-10-02T23:03:37.471+0000] {logging_mixin.py:188} INFO - [2025-10-02T23:03:37.471+0000] {dag.py:3954} INFO - Setting next_dagrun for example_subdag_operator.section-1 to None, run_after=None
[2025-10-02T23:03:37.473+0000] {logging_mixin.py:188} INFO - [2025-10-02T23:03:37.473+0000] {dag.py:3954} INFO - Setting next_dagrun for example_subdag_operator.section-2 to None, run_after=None
[2025-10-02T23:03:37.482+0000] {logging_mixin.py:188} INFO - [2025-10-02T23:03:37.482+0000] {dag.py:3096} INFO - Sync 2 DAGs
[2025-10-02T23:03:37.489+0000] {logging_mixin.py:188} INFO - [2025-10-02T23:03:37.489+0000] {dag.py:3954} INFO - Setting next_dagrun for example_subdag_operator.section-1 to None, run_after=None
[2025-10-02T23:03:37.490+0000] {logging_mixin.py:188} INFO - [2025-10-02T23:03:37.490+0000] {dag.py:3954} INFO - Setting next_dagrun for example_subdag_operator.section-2 to None, run_after=None
[2025-10-02T23:03:37.506+0000] {processor.py:183} INFO - Processing /home/airflow/.local/lib/python3.12/site-packages/airflow/example_dags/example_subdag_operator.py took 0.142 seconds
[2025-10-02T23:04:08.142+0000] {processor.py:161} INFO - Started process (PID=1336) to work on /home/airflow/.local/lib/python3.12/site-packages/airflow/example_dags/example_subdag_operator.py
[2025-10-02T23:04:08.143+0000] {processor.py:830} INFO - Processing file /home/airflow/.local/lib/python3.12/site-packages/airflow/example_dags/example_subdag_operator.py for tasks to queue
[2025-10-02T23:04:08.147+0000] {logging_mixin.py:188} INFO - [2025-10-02T23:04:08.146+0000] {dagbag.py:545} INFO - Filling up the DagBag from /home/airflow/.local/lib/python3.12/site-packages/airflow/example_dags/example_subdag_operator.py
[2025-10-02T23:04:08.188+0000] {processor.py:840} INFO - DAG(s) 'example_subdag_operator.section-1', 'example_subdag_operator.section-2', 'example_subdag_operator' retrieved from /home/airflow/.local/lib/python3.12/site-packages/airflow/example_dags/example_subdag_operator.py
[2025-10-02T23:04:08.215+0000] {logging_mixin.py:188} INFO - [2025-10-02T23:04:08.214+0000] {dag.py:3096} INFO - Sync 3 DAGs
[2025-10-02T23:04:08.246+0000] {logging_mixin.py:188} INFO - [2025-10-02T23:04:08.245+0000] {dag.py:3954} INFO - Setting next_dagrun for example_subdag_operator to 2022-01-01 00:00:00+00:00, run_after=2022-01-01 00:00:00+00:00
[2025-10-02T23:04:08.251+0000] {logging_mixin.py:188} INFO - [2025-10-02T23:04:08.250+0000] {dag.py:3954} INFO - Setting next_dagrun for example_subdag_operator.section-1 to None, run_after=None
[2025-10-02T23:04:08.252+0000] {logging_mixin.py:188} INFO - [2025-10-02T23:04:08.252+0000] {dag.py:3954} INFO - Setting next_dagrun for example_subdag_operator.section-2 to None, run_after=None
[2025-10-02T23:04:08.262+0000] {logging_mixin.py:188} INFO - [2025-10-02T23:04:08.262+0000] {dag.py:3096} INFO - Sync 2 DAGs
[2025-10-02T23:04:08.267+0000] {logging_mixin.py:188} INFO - [2025-10-02T23:04:08.267+0000] {dag.py:3954} INFO - Setting next_dagrun for example_subdag_operator.section-1 to None, run_after=None
[2025-10-02T23:04:08.268+0000] {logging_mixin.py:188} INFO - [2025-10-02T23:04:08.268+0000] {dag.py:3954} INFO - Setting next_dagrun for example_subdag_operator.section-2 to None, run_after=None
[2025-10-02T23:04:08.283+0000] {processor.py:183} INFO - Processing /home/airflow/.local/lib/python3.12/site-packages/airflow/example_dags/example_subdag_operator.py took 0.150 seconds
[2025-10-02T23:04:38.669+0000] {processor.py:161} INFO - Started process (PID=1388) to work on /home/airflow/.local/lib/python3.12/site-packages/airflow/example_dags/example_subdag_operator.py
[2025-10-02T23:04:38.671+0000] {processor.py:830} INFO - Processing file /home/airflow/.local/lib/python3.12/site-packages/airflow/example_dags/example_subdag_operator.py for tasks to queue
[2025-10-02T23:04:38.675+0000] {logging_mixin.py:188} INFO - [2025-10-02T23:04:38.674+0000] {dagbag.py:545} INFO - Filling up the DagBag from /home/airflow/.local/lib/python3.12/site-packages/airflow/example_dags/example_subdag_operator.py
[2025-10-02T23:04:38.707+0000] {processor.py:840} INFO - DAG(s) 'example_subdag_operator.section-1', 'example_subdag_operator.section-2', 'example_subdag_operator' retrieved from /home/airflow/.local/lib/python3.12/site-packages/airflow/example_dags/example_subdag_operator.py
[2025-10-02T23:04:38.726+0000] {logging_mixin.py:188} INFO - [2025-10-02T23:04:38.726+0000] {dag.py:3096} INFO - Sync 3 DAGs
[2025-10-02T23:04:38.753+0000] {logging_mixin.py:188} INFO - [2025-10-02T23:04:38.752+0000] {dag.py:3954} INFO - Setting next_dagrun for example_subdag_operator to 2022-01-01 00:00:00+00:00, run_after=2022-01-01 00:00:00+00:00
[2025-10-02T23:04:38.758+0000] {logging_mixin.py:188} INFO - [2025-10-02T23:04:38.757+0000] {dag.py:3954} INFO - Setting next_dagrun for example_subdag_operator.section-1 to None, run_after=None
[2025-10-02T23:04:38.759+0000] {logging_mixin.py:188} INFO - [2025-10-02T23:04:38.759+0000] {dag.py:3954} INFO - Setting next_dagrun for example_subdag_operator.section-2 to None, run_after=None
[2025-10-02T23:04:38.769+0000] {logging_mixin.py:188} INFO - [2025-10-02T23:04:38.769+0000] {dag.py:3096} INFO - Sync 2 DAGs
[2025-10-02T23:04:38.775+0000] {logging_mixin.py:188} INFO - [2025-10-02T23:04:38.775+0000] {dag.py:3954} INFO - Setting next_dagrun for example_subdag_operator.section-1 to None, run_after=None
[2025-10-02T23:04:38.776+0000] {logging_mixin.py:188} INFO - [2025-10-02T23:04:38.776+0000] {dag.py:3954} INFO - Setting next_dagrun for example_subdag_operator.section-2 to None, run_after=None
[2025-10-02T23:04:38.793+0000] {processor.py:183} INFO - Processing /home/airflow/.local/lib/python3.12/site-packages/airflow/example_dags/example_subdag_operator.py took 0.135 seconds
[2025-10-02T23:05:09.604+0000] {processor.py:161} INFO - Started process (PID=1442) to work on /home/airflow/.local/lib/python3.12/site-packages/airflow/example_dags/example_subdag_operator.py
[2025-10-02T23:05:09.606+0000] {processor.py:830} INFO - Processing file /home/airflow/.local/lib/python3.12/site-packages/airflow/example_dags/example_subdag_operator.py for tasks to queue
[2025-10-02T23:05:09.609+0000] {logging_mixin.py:188} INFO - [2025-10-02T23:05:09.609+0000] {dagbag.py:545} INFO - Filling up the DagBag from /home/airflow/.local/lib/python3.12/site-packages/airflow/example_dags/example_subdag_operator.py
[2025-10-02T23:05:09.654+0000] {processor.py:840} INFO - DAG(s) 'example_subdag_operator.section-1', 'example_subdag_operator.section-2', 'example_subdag_operator' retrieved from /home/airflow/.local/lib/python3.12/site-packages/airflow/example_dags/example_subdag_operator.py
[2025-10-02T23:05:09.691+0000] {logging_mixin.py:188} INFO - [2025-10-02T23:05:09.691+0000] {dag.py:3096} INFO - Sync 3 DAGs
[2025-10-02T23:05:09.736+0000] {logging_mixin.py:188} INFO - [2025-10-02T23:05:09.735+0000] {dag.py:3954} INFO - Setting next_dagrun for example_subdag_operator to 2022-01-01 00:00:00+00:00, run_after=2022-01-01 00:00:00+00:00
[2025-10-02T23:05:09.741+0000] {logging_mixin.py:188} INFO - [2025-10-02T23:05:09.741+0000] {dag.py:3954} INFO - Setting next_dagrun for example_subdag_operator.section-1 to None, run_after=None
[2025-10-02T23:05:09.744+0000] {logging_mixin.py:188} INFO - [2025-10-02T23:05:09.744+0000] {dag.py:3954} INFO - Setting next_dagrun for example_subdag_operator.section-2 to None, run_after=None
[2025-10-02T23:05:09.761+0000] {logging_mixin.py:188} INFO - [2025-10-02T23:05:09.761+0000] {dag.py:3096} INFO - Sync 2 DAGs
[2025-10-02T23:05:09.771+0000] {logging_mixin.py:188} INFO - [2025-10-02T23:05:09.771+0000] {dag.py:3954} INFO - Setting next_dagrun for example_subdag_operator.section-1 to None, run_after=None
[2025-10-02T23:05:09.772+0000] {logging_mixin.py:188} INFO - [2025-10-02T23:05:09.771+0000] {dag.py:3954} INFO - Setting next_dagrun for example_subdag_operator.section-2 to None, run_after=None
[2025-10-02T23:05:09.789+0000] {processor.py:183} INFO - Processing /home/airflow/.local/lib/python3.12/site-packages/airflow/example_dags/example_subdag_operator.py took 0.194 seconds
[2025-10-02T23:05:40.328+0000] {processor.py:161} INFO - Started process (PID=1494) to work on /home/airflow/.local/lib/python3.12/site-packages/airflow/example_dags/example_subdag_operator.py
[2025-10-02T23:05:40.329+0000] {processor.py:830} INFO - Processing file /home/airflow/.local/lib/python3.12/site-packages/airflow/example_dags/example_subdag_operator.py for tasks to queue
[2025-10-02T23:05:40.333+0000] {logging_mixin.py:188} INFO - [2025-10-02T23:05:40.333+0000] {dagbag.py:545} INFO - Filling up the DagBag from /home/airflow/.local/lib/python3.12/site-packages/airflow/example_dags/example_subdag_operator.py
[2025-10-02T23:05:40.392+0000] {processor.py:840} INFO - DAG(s) 'example_subdag_operator.section-1', 'example_subdag_operator.section-2', 'example_subdag_operator' retrieved from /home/airflow/.local/lib/python3.12/site-packages/airflow/example_dags/example_subdag_operator.py
[2025-10-02T23:05:40.418+0000] {logging_mixin.py:188} INFO - [2025-10-02T23:05:40.418+0000] {dag.py:3096} INFO - Sync 3 DAGs
[2025-10-02T23:05:40.461+0000] {logging_mixin.py:188} INFO - [2025-10-02T23:05:40.461+0000] {dag.py:3954} INFO - Setting next_dagrun for example_subdag_operator to 2022-01-01 00:00:00+00:00, run_after=2022-01-01 00:00:00+00:00
[2025-10-02T23:05:40.466+0000] {logging_mixin.py:188} INFO - [2025-10-02T23:05:40.466+0000] {dag.py:3954} INFO - Setting next_dagrun for example_subdag_operator.section-1 to None, run_after=None
[2025-10-02T23:05:40.468+0000] {logging_mixin.py:188} INFO - [2025-10-02T23:05:40.468+0000] {dag.py:3954} INFO - Setting next_dagrun for example_subdag_operator.section-2 to None, run_after=None
[2025-10-02T23:05:40.477+0000] {logging_mixin.py:188} INFO - [2025-10-02T23:05:40.476+0000] {dag.py:3096} INFO - Sync 2 DAGs
[2025-10-02T23:05:40.483+0000] {logging_mixin.py:188} INFO - [2025-10-02T23:05:40.483+0000] {dag.py:3954} INFO - Setting next_dagrun for example_subdag_operator.section-1 to None, run_after=None
[2025-10-02T23:05:40.484+0000] {logging_mixin.py:188} INFO - [2025-10-02T23:05:40.484+0000] {dag.py:3954} INFO - Setting next_dagrun for example_subdag_operator.section-2 to None, run_after=None
[2025-10-02T23:05:40.501+0000] {processor.py:183} INFO - Processing /home/airflow/.local/lib/python3.12/site-packages/airflow/example_dags/example_subdag_operator.py took 0.187 seconds
[2025-10-02T23:06:11.126+0000] {processor.py:161} INFO - Started process (PID=1547) to work on /home/airflow/.local/lib/python3.12/site-packages/airflow/example_dags/example_subdag_operator.py
[2025-10-02T23:06:11.128+0000] {processor.py:830} INFO - Processing file /home/airflow/.local/lib/python3.12/site-packages/airflow/example_dags/example_subdag_operator.py for tasks to queue
[2025-10-02T23:06:11.131+0000] {logging_mixin.py:188} INFO - [2025-10-02T23:06:11.130+0000] {dagbag.py:545} INFO - Filling up the DagBag from /home/airflow/.local/lib/python3.12/site-packages/airflow/example_dags/example_subdag_operator.py
[2025-10-02T23:06:11.169+0000] {processor.py:840} INFO - DAG(s) 'example_subdag_operator.section-1', 'example_subdag_operator.section-2', 'example_subdag_operator' retrieved from /home/airflow/.local/lib/python3.12/site-packages/airflow/example_dags/example_subdag_operator.py
[2025-10-02T23:06:11.189+0000] {logging_mixin.py:188} INFO - [2025-10-02T23:06:11.189+0000] {dag.py:3096} INFO - Sync 3 DAGs
[2025-10-02T23:06:11.215+0000] {logging_mixin.py:188} INFO - [2025-10-02T23:06:11.215+0000] {dag.py:3954} INFO - Setting next_dagrun for example_subdag_operator to 2022-01-01 00:00:00+00:00, run_after=2022-01-01 00:00:00+00:00
[2025-10-02T23:06:11.220+0000] {logging_mixin.py:188} INFO - [2025-10-02T23:06:11.220+0000] {dag.py:3954} INFO - Setting next_dagrun for example_subdag_operator.section-1 to None, run_after=None
[2025-10-02T23:06:11.222+0000] {logging_mixin.py:188} INFO - [2025-10-02T23:06:11.222+0000] {dag.py:3954} INFO - Setting next_dagrun for example_subdag_operator.section-2 to None, run_after=None
[2025-10-02T23:06:11.230+0000] {logging_mixin.py:188} INFO - [2025-10-02T23:06:11.230+0000] {dag.py:3096} INFO - Sync 2 DAGs
[2025-10-02T23:06:11.237+0000] {logging_mixin.py:188} INFO - [2025-10-02T23:06:11.236+0000] {dag.py:3954} INFO - Setting next_dagrun for example_subdag_operator.section-1 to None, run_after=None
[2025-10-02T23:06:11.238+0000] {logging_mixin.py:188} INFO - [2025-10-02T23:06:11.237+0000] {dag.py:3954} INFO - Setting next_dagrun for example_subdag_operator.section-2 to None, run_after=None
[2025-10-02T23:06:11.253+0000] {processor.py:183} INFO - Processing /home/airflow/.local/lib/python3.12/site-packages/airflow/example_dags/example_subdag_operator.py took 0.135 seconds
[2025-10-02T23:06:41.980+0000] {processor.py:161} INFO - Started process (PID=1600) to work on /home/airflow/.local/lib/python3.12/site-packages/airflow/example_dags/example_subdag_operator.py
[2025-10-02T23:06:41.981+0000] {processor.py:830} INFO - Processing file /home/airflow/.local/lib/python3.12/site-packages/airflow/example_dags/example_subdag_operator.py for tasks to queue
[2025-10-02T23:06:41.984+0000] {logging_mixin.py:188} INFO - [2025-10-02T23:06:41.984+0000] {dagbag.py:545} INFO - Filling up the DagBag from /home/airflow/.local/lib/python3.12/site-packages/airflow/example_dags/example_subdag_operator.py
[2025-10-02T23:06:42.020+0000] {processor.py:840} INFO - DAG(s) 'example_subdag_operator.section-1', 'example_subdag_operator.section-2', 'example_subdag_operator' retrieved from /home/airflow/.local/lib/python3.12/site-packages/airflow/example_dags/example_subdag_operator.py
[2025-10-02T23:06:42.041+0000] {logging_mixin.py:188} INFO - [2025-10-02T23:06:42.040+0000] {dag.py:3096} INFO - Sync 3 DAGs
[2025-10-02T23:06:42.244+0000] {logging_mixin.py:188} INFO - [2025-10-02T23:06:42.244+0000] {dag.py:3954} INFO - Setting next_dagrun for example_subdag_operator to 2022-01-01 00:00:00+00:00, run_after=2022-01-01 00:00:00+00:00
[2025-10-02T23:06:42.249+0000] {logging_mixin.py:188} INFO - [2025-10-02T23:06:42.249+0000] {dag.py:3954} INFO - Setting next_dagrun for example_subdag_operator.section-1 to None, run_after=None
[2025-10-02T23:06:42.251+0000] {logging_mixin.py:188} INFO - [2025-10-02T23:06:42.251+0000] {dag.py:3954} INFO - Setting next_dagrun for example_subdag_operator.section-2 to None, run_after=None
[2025-10-02T23:06:42.260+0000] {logging_mixin.py:188} INFO - [2025-10-02T23:06:42.260+0000] {dag.py:3096} INFO - Sync 2 DAGs
[2025-10-02T23:06:42.267+0000] {logging_mixin.py:188} INFO - [2025-10-02T23:06:42.267+0000] {dag.py:3954} INFO - Setting next_dagrun for example_subdag_operator.section-1 to None, run_after=None
[2025-10-02T23:06:42.268+0000] {logging_mixin.py:188} INFO - [2025-10-02T23:06:42.268+0000] {dag.py:3954} INFO - Setting next_dagrun for example_subdag_operator.section-2 to None, run_after=None
[2025-10-02T23:06:42.284+0000] {processor.py:183} INFO - Processing /home/airflow/.local/lib/python3.12/site-packages/airflow/example_dags/example_subdag_operator.py took 0.314 seconds
[2025-10-02T23:07:12.896+0000] {processor.py:161} INFO - Started process (PID=1653) to work on /home/airflow/.local/lib/python3.12/site-packages/airflow/example_dags/example_subdag_operator.py
[2025-10-02T23:07:12.897+0000] {processor.py:830} INFO - Processing file /home/airflow/.local/lib/python3.12/site-packages/airflow/example_dags/example_subdag_operator.py for tasks to queue
[2025-10-02T23:07:12.900+0000] {logging_mixin.py:188} INFO - [2025-10-02T23:07:12.900+0000] {dagbag.py:545} INFO - Filling up the DagBag from /home/airflow/.local/lib/python3.12/site-packages/airflow/example_dags/example_subdag_operator.py
[2025-10-02T23:07:12.934+0000] {processor.py:840} INFO - DAG(s) 'example_subdag_operator.section-1', 'example_subdag_operator.section-2', 'example_subdag_operator' retrieved from /home/airflow/.local/lib/python3.12/site-packages/airflow/example_dags/example_subdag_operator.py
[2025-10-02T23:07:12.954+0000] {logging_mixin.py:188} INFO - [2025-10-02T23:07:12.954+0000] {dag.py:3096} INFO - Sync 3 DAGs
[2025-10-02T23:07:12.983+0000] {logging_mixin.py:188} INFO - [2025-10-02T23:07:12.982+0000] {dag.py:3954} INFO - Setting next_dagrun for example_subdag_operator to 2022-01-01 00:00:00+00:00, run_after=2022-01-01 00:00:00+00:00
[2025-10-02T23:07:12.987+0000] {logging_mixin.py:188} INFO - [2025-10-02T23:07:12.987+0000] {dag.py:3954} INFO - Setting next_dagrun for example_subdag_operator.section-1 to None, run_after=None
[2025-10-02T23:07:12.989+0000] {logging_mixin.py:188} INFO - [2025-10-02T23:07:12.989+0000] {dag.py:3954} INFO - Setting next_dagrun for example_subdag_operator.section-2 to None, run_after=None
[2025-10-02T23:07:13.185+0000] {logging_mixin.py:188} INFO - [2025-10-02T23:07:13.185+0000] {dag.py:3096} INFO - Sync 2 DAGs
[2025-10-02T23:07:13.193+0000] {logging_mixin.py:188} INFO - [2025-10-02T23:07:13.192+0000] {dag.py:3954} INFO - Setting next_dagrun for example_subdag_operator.section-1 to None, run_after=None
[2025-10-02T23:07:13.194+0000] {logging_mixin.py:188} INFO - [2025-10-02T23:07:13.193+0000] {dag.py:3954} INFO - Setting next_dagrun for example_subdag_operator.section-2 to None, run_after=None
[2025-10-02T23:07:13.209+0000] {processor.py:183} INFO - Processing /home/airflow/.local/lib/python3.12/site-packages/airflow/example_dags/example_subdag_operator.py took 0.322 seconds
[2025-10-02T23:07:44.118+0000] {processor.py:161} INFO - Started process (PID=1706) to work on /home/airflow/.local/lib/python3.12/site-packages/airflow/example_dags/example_subdag_operator.py
[2025-10-02T23:07:44.120+0000] {processor.py:830} INFO - Processing file /home/airflow/.local/lib/python3.12/site-packages/airflow/example_dags/example_subdag_operator.py for tasks to queue
[2025-10-02T23:07:44.124+0000] {logging_mixin.py:188} INFO - [2025-10-02T23:07:44.123+0000] {dagbag.py:545} INFO - Filling up the DagBag from /home/airflow/.local/lib/python3.12/site-packages/airflow/example_dags/example_subdag_operator.py
[2025-10-02T23:07:44.182+0000] {processor.py:840} INFO - DAG(s) 'example_subdag_operator.section-1', 'example_subdag_operator.section-2', 'example_subdag_operator' retrieved from /home/airflow/.local/lib/python3.12/site-packages/airflow/example_dags/example_subdag_operator.py
[2025-10-02T23:07:44.212+0000] {logging_mixin.py:188} INFO - [2025-10-02T23:07:44.212+0000] {dag.py:3096} INFO - Sync 3 DAGs
[2025-10-02T23:07:44.256+0000] {logging_mixin.py:188} INFO - [2025-10-02T23:07:44.255+0000] {dag.py:3954} INFO - Setting next_dagrun for example_subdag_operator to 2022-01-01 00:00:00+00:00, run_after=2022-01-01 00:00:00+00:00
[2025-10-02T23:07:44.265+0000] {logging_mixin.py:188} INFO - [2025-10-02T23:07:44.265+0000] {dag.py:3954} INFO - Setting next_dagrun for example_subdag_operator.section-1 to None, run_after=None
[2025-10-02T23:07:44.268+0000] {logging_mixin.py:188} INFO - [2025-10-02T23:07:44.268+0000] {dag.py:3954} INFO - Setting next_dagrun for example_subdag_operator.section-2 to None, run_after=None
[2025-10-02T23:07:44.284+0000] {logging_mixin.py:188} INFO - [2025-10-02T23:07:44.284+0000] {dag.py:3096} INFO - Sync 2 DAGs
[2025-10-02T23:07:44.295+0000] {logging_mixin.py:188} INFO - [2025-10-02T23:07:44.295+0000] {dag.py:3954} INFO - Setting next_dagrun for example_subdag_operator.section-1 to None, run_after=None
[2025-10-02T23:07:44.296+0000] {logging_mixin.py:188} INFO - [2025-10-02T23:07:44.296+0000] {dag.py:3954} INFO - Setting next_dagrun for example_subdag_operator.section-2 to None, run_after=None
[2025-10-02T23:07:44.317+0000] {processor.py:183} INFO - Processing /home/airflow/.local/lib/python3.12/site-packages/airflow/example_dags/example_subdag_operator.py took 0.211 seconds
[2025-10-02T23:08:14.702+0000] {processor.py:161} INFO - Started process (PID=1759) to work on /home/airflow/.local/lib/python3.12/site-packages/airflow/example_dags/example_subdag_operator.py
[2025-10-02T23:08:14.703+0000] {processor.py:830} INFO - Processing file /home/airflow/.local/lib/python3.12/site-packages/airflow/example_dags/example_subdag_operator.py for tasks to queue
[2025-10-02T23:08:14.706+0000] {logging_mixin.py:188} INFO - [2025-10-02T23:08:14.705+0000] {dagbag.py:545} INFO - Filling up the DagBag from /home/airflow/.local/lib/python3.12/site-packages/airflow/example_dags/example_subdag_operator.py
[2025-10-02T23:08:14.881+0000] {processor.py:840} INFO - DAG(s) 'example_subdag_operator.section-1', 'example_subdag_operator.section-2', 'example_subdag_operator' retrieved from /home/airflow/.local/lib/python3.12/site-packages/airflow/example_dags/example_subdag_operator.py
[2025-10-02T23:08:14.899+0000] {logging_mixin.py:188} INFO - [2025-10-02T23:08:14.899+0000] {dag.py:3096} INFO - Sync 3 DAGs
[2025-10-02T23:08:14.925+0000] {logging_mixin.py:188} INFO - [2025-10-02T23:08:14.925+0000] {dag.py:3954} INFO - Setting next_dagrun for example_subdag_operator to 2022-01-01 00:00:00+00:00, run_after=2022-01-01 00:00:00+00:00
[2025-10-02T23:08:14.930+0000] {logging_mixin.py:188} INFO - [2025-10-02T23:08:14.930+0000] {dag.py:3954} INFO - Setting next_dagrun for example_subdag_operator.section-1 to None, run_after=None
[2025-10-02T23:08:14.932+0000] {logging_mixin.py:188} INFO - [2025-10-02T23:08:14.932+0000] {dag.py:3954} INFO - Setting next_dagrun for example_subdag_operator.section-2 to None, run_after=None
[2025-10-02T23:08:14.945+0000] {logging_mixin.py:188} INFO - [2025-10-02T23:08:14.945+0000] {dag.py:3096} INFO - Sync 2 DAGs
[2025-10-02T23:08:14.954+0000] {logging_mixin.py:188} INFO - [2025-10-02T23:08:14.953+0000] {dag.py:3954} INFO - Setting next_dagrun for example_subdag_operator.section-1 to None, run_after=None
[2025-10-02T23:08:14.955+0000] {logging_mixin.py:188} INFO - [2025-10-02T23:08:14.954+0000] {dag.py:3954} INFO - Setting next_dagrun for example_subdag_operator.section-2 to None, run_after=None
[2025-10-02T23:08:14.972+0000] {processor.py:183} INFO - Processing /home/airflow/.local/lib/python3.12/site-packages/airflow/example_dags/example_subdag_operator.py took 0.278 seconds
[2025-10-02T23:08:45.080+0000] {processor.py:161} INFO - Started process (PID=1812) to work on /home/airflow/.local/lib/python3.12/site-packages/airflow/example_dags/example_subdag_operator.py
[2025-10-02T23:08:45.082+0000] {processor.py:830} INFO - Processing file /home/airflow/.local/lib/python3.12/site-packages/airflow/example_dags/example_subdag_operator.py for tasks to queue
[2025-10-02T23:08:45.085+0000] {logging_mixin.py:188} INFO - [2025-10-02T23:08:45.085+0000] {dagbag.py:545} INFO - Filling up the DagBag from /home/airflow/.local/lib/python3.12/site-packages/airflow/example_dags/example_subdag_operator.py
[2025-10-02T23:08:45.121+0000] {processor.py:840} INFO - DAG(s) 'example_subdag_operator.section-1', 'example_subdag_operator.section-2', 'example_subdag_operator' retrieved from /home/airflow/.local/lib/python3.12/site-packages/airflow/example_dags/example_subdag_operator.py
[2025-10-02T23:08:45.143+0000] {logging_mixin.py:188} INFO - [2025-10-02T23:08:45.142+0000] {dag.py:3096} INFO - Sync 3 DAGs
[2025-10-02T23:08:45.175+0000] {logging_mixin.py:188} INFO - [2025-10-02T23:08:45.175+0000] {dag.py:3954} INFO - Setting next_dagrun for example_subdag_operator to 2022-01-01 00:00:00+00:00, run_after=2022-01-01 00:00:00+00:00
[2025-10-02T23:08:45.180+0000] {logging_mixin.py:188} INFO - [2025-10-02T23:08:45.180+0000] {dag.py:3954} INFO - Setting next_dagrun for example_subdag_operator.section-1 to None, run_after=None
[2025-10-02T23:08:45.182+0000] {logging_mixin.py:188} INFO - [2025-10-02T23:08:45.182+0000] {dag.py:3954} INFO - Setting next_dagrun for example_subdag_operator.section-2 to None, run_after=None
[2025-10-02T23:08:45.193+0000] {logging_mixin.py:188} INFO - [2025-10-02T23:08:45.193+0000] {dag.py:3096} INFO - Sync 2 DAGs
[2025-10-02T23:08:45.202+0000] {logging_mixin.py:188} INFO - [2025-10-02T23:08:45.202+0000] {dag.py:3954} INFO - Setting next_dagrun for example_subdag_operator.section-1 to None, run_after=None
[2025-10-02T23:08:45.204+0000] {logging_mixin.py:188} INFO - [2025-10-02T23:08:45.203+0000] {dag.py:3954} INFO - Setting next_dagrun for example_subdag_operator.section-2 to None, run_after=None
[2025-10-02T23:08:45.222+0000] {processor.py:183} INFO - Processing /home/airflow/.local/lib/python3.12/site-packages/airflow/example_dags/example_subdag_operator.py took 0.152 seconds
[2025-10-02T23:09:15.623+0000] {processor.py:161} INFO - Started process (PID=1865) to work on /home/airflow/.local/lib/python3.12/site-packages/airflow/example_dags/example_subdag_operator.py
[2025-10-02T23:09:15.625+0000] {processor.py:830} INFO - Processing file /home/airflow/.local/lib/python3.12/site-packages/airflow/example_dags/example_subdag_operator.py for tasks to queue
[2025-10-02T23:09:15.628+0000] {logging_mixin.py:188} INFO - [2025-10-02T23:09:15.628+0000] {dagbag.py:545} INFO - Filling up the DagBag from /home/airflow/.local/lib/python3.12/site-packages/airflow/example_dags/example_subdag_operator.py
[2025-10-02T23:09:15.663+0000] {processor.py:840} INFO - DAG(s) 'example_subdag_operator.section-1', 'example_subdag_operator.section-2', 'example_subdag_operator' retrieved from /home/airflow/.local/lib/python3.12/site-packages/airflow/example_dags/example_subdag_operator.py
[2025-10-02T23:09:15.682+0000] {logging_mixin.py:188} INFO - [2025-10-02T23:09:15.682+0000] {dag.py:3096} INFO - Sync 3 DAGs
[2025-10-02T23:09:15.710+0000] {logging_mixin.py:188} INFO - [2025-10-02T23:09:15.710+0000] {dag.py:3954} INFO - Setting next_dagrun for example_subdag_operator to 2022-01-01 00:00:00+00:00, run_after=2022-01-01 00:00:00+00:00
[2025-10-02T23:09:15.715+0000] {logging_mixin.py:188} INFO - [2025-10-02T23:09:15.715+0000] {dag.py:3954} INFO - Setting next_dagrun for example_subdag_operator.section-1 to None, run_after=None
[2025-10-02T23:09:15.717+0000] {logging_mixin.py:188} INFO - [2025-10-02T23:09:15.717+0000] {dag.py:3954} INFO - Setting next_dagrun for example_subdag_operator.section-2 to None, run_after=None
[2025-10-02T23:09:15.725+0000] {logging_mixin.py:188} INFO - [2025-10-02T23:09:15.725+0000] {dag.py:3096} INFO - Sync 2 DAGs
[2025-10-02T23:09:15.731+0000] {logging_mixin.py:188} INFO - [2025-10-02T23:09:15.731+0000] {dag.py:3954} INFO - Setting next_dagrun for example_subdag_operator.section-1 to None, run_after=None
[2025-10-02T23:09:15.732+0000] {logging_mixin.py:188} INFO - [2025-10-02T23:09:15.732+0000] {dag.py:3954} INFO - Setting next_dagrun for example_subdag_operator.section-2 to None, run_after=None
[2025-10-02T23:09:15.748+0000] {processor.py:183} INFO - Processing /home/airflow/.local/lib/python3.12/site-packages/airflow/example_dags/example_subdag_operator.py took 0.134 seconds
[2025-10-02T23:09:46.319+0000] {processor.py:161} INFO - Started process (PID=1918) to work on /home/airflow/.local/lib/python3.12/site-packages/airflow/example_dags/example_subdag_operator.py
[2025-10-02T23:09:46.321+0000] {processor.py:830} INFO - Processing file /home/airflow/.local/lib/python3.12/site-packages/airflow/example_dags/example_subdag_operator.py for tasks to queue
[2025-10-02T23:09:46.324+0000] {logging_mixin.py:188} INFO - [2025-10-02T23:09:46.324+0000] {dagbag.py:545} INFO - Filling up the DagBag from /home/airflow/.local/lib/python3.12/site-packages/airflow/example_dags/example_subdag_operator.py
[2025-10-02T23:09:46.362+0000] {processor.py:840} INFO - DAG(s) 'example_subdag_operator.section-1', 'example_subdag_operator.section-2', 'example_subdag_operator' retrieved from /home/airflow/.local/lib/python3.12/site-packages/airflow/example_dags/example_subdag_operator.py
[2025-10-02T23:09:46.393+0000] {logging_mixin.py:188} INFO - [2025-10-02T23:09:46.393+0000] {dag.py:3096} INFO - Sync 3 DAGs
[2025-10-02T23:09:46.421+0000] {logging_mixin.py:188} INFO - [2025-10-02T23:09:46.421+0000] {dag.py:3954} INFO - Setting next_dagrun for example_subdag_operator to 2022-01-01 00:00:00+00:00, run_after=2022-01-01 00:00:00+00:00
[2025-10-02T23:09:46.427+0000] {logging_mixin.py:188} INFO - [2025-10-02T23:09:46.426+0000] {dag.py:3954} INFO - Setting next_dagrun for example_subdag_operator.section-1 to None, run_after=None
[2025-10-02T23:09:46.429+0000] {logging_mixin.py:188} INFO - [2025-10-02T23:09:46.429+0000] {dag.py:3954} INFO - Setting next_dagrun for example_subdag_operator.section-2 to None, run_after=None
[2025-10-02T23:09:46.439+0000] {logging_mixin.py:188} INFO - [2025-10-02T23:09:46.439+0000] {dag.py:3096} INFO - Sync 2 DAGs
[2025-10-02T23:09:46.445+0000] {logging_mixin.py:188} INFO - [2025-10-02T23:09:46.445+0000] {dag.py:3954} INFO - Setting next_dagrun for example_subdag_operator.section-1 to None, run_after=None
[2025-10-02T23:09:46.446+0000] {logging_mixin.py:188} INFO - [2025-10-02T23:09:46.446+0000] {dag.py:3954} INFO - Setting next_dagrun for example_subdag_operator.section-2 to None, run_after=None
[2025-10-02T23:09:46.464+0000] {processor.py:183} INFO - Processing /home/airflow/.local/lib/python3.12/site-packages/airflow/example_dags/example_subdag_operator.py took 0.154 seconds
