[2025-10-02T22:50:34.594+0000] {processor.py:161} INFO - Started process (PID=36) to work on /home/airflow/.local/lib/python3.12/site-packages/airflow/example_dags/example_branch_python_dop_operator_3.py
[2025-10-02T22:50:34.597+0000] {processor.py:830} INFO - Processing file /home/airflow/.local/lib/python3.12/site-packages/airflow/example_dags/example_branch_python_dop_operator_3.py for tasks to queue
[2025-10-02T22:50:34.602+0000] {logging_mixin.py:188} INFO - [2025-10-02T22:50:34.600+0000] {dagbag.py:545} INFO - Filling up the DagBag from /home/airflow/.local/lib/python3.12/site-packages/airflow/example_dags/example_branch_python_dop_operator_3.py
[2025-10-02T22:50:34.629+0000] {processor.py:840} INFO - DAG(s) 'example_branch_dop_operator_v3' retrieved from /home/airflow/.local/lib/python3.12/site-packages/airflow/example_dags/example_branch_python_dop_operator_3.py
[2025-10-02T22:50:35.000+0000] {logging_mixin.py:188} INFO - [2025-10-02T22:50:34.999+0000] {override.py:1829} INFO - Created Permission View: can delete on DAG:example_branch_dop_operator_v3
[2025-10-02T22:50:35.022+0000] {logging_mixin.py:188} INFO - [2025-10-02T22:50:35.021+0000] {override.py:1829} INFO - Created Permission View: can edit on DAG:example_branch_dop_operator_v3
[2025-10-02T22:50:35.034+0000] {logging_mixin.py:188} INFO - [2025-10-02T22:50:35.033+0000] {override.py:1829} INFO - Created Permission View: can read on DAG:example_branch_dop_operator_v3
[2025-10-02T22:50:35.035+0000] {logging_mixin.py:188} INFO - [2025-10-02T22:50:35.035+0000] {dag.py:3096} INFO - Sync 1 DAGs
[2025-10-02T22:50:35.061+0000] {logging_mixin.py:188} INFO - [2025-10-02T22:50:35.060+0000] {dag.py:3118} INFO - Creating ORM DAG for example_branch_dop_operator_v3
[2025-10-02T22:50:35.089+0000] {logging_mixin.py:188} INFO - [2025-10-02T22:50:35.088+0000] {dag.py:3954} INFO - Setting next_dagrun for example_branch_dop_operator_v3 to 2025-10-02 22:49:00+00:00, run_after=2025-10-02 22:50:00+00:00
[2025-10-02T22:50:35.124+0000] {processor.py:183} INFO - Processing /home/airflow/.local/lib/python3.12/site-packages/airflow/example_dags/example_branch_python_dop_operator_3.py took 0.543 seconds
[2025-10-02T22:51:48.625+0000] {processor.py:161} INFO - Started process (PID=36) to work on /home/airflow/.local/lib/python3.12/site-packages/airflow/example_dags/example_branch_python_dop_operator_3.py
[2025-10-02T22:51:48.627+0000] {processor.py:830} INFO - Processing file /home/airflow/.local/lib/python3.12/site-packages/airflow/example_dags/example_branch_python_dop_operator_3.py for tasks to queue
[2025-10-02T22:51:48.630+0000] {logging_mixin.py:188} INFO - [2025-10-02T22:51:48.630+0000] {dagbag.py:545} INFO - Filling up the DagBag from /home/airflow/.local/lib/python3.12/site-packages/airflow/example_dags/example_branch_python_dop_operator_3.py
[2025-10-02T22:51:48.651+0000] {processor.py:840} INFO - DAG(s) 'example_branch_dop_operator_v3' retrieved from /home/airflow/.local/lib/python3.12/site-packages/airflow/example_dags/example_branch_python_dop_operator_3.py
[2025-10-02T22:51:48.672+0000] {logging_mixin.py:188} INFO - [2025-10-02T22:51:48.671+0000] {dag.py:3096} INFO - Sync 1 DAGs
[2025-10-02T22:51:48.741+0000] {logging_mixin.py:188} INFO - [2025-10-02T22:51:48.741+0000] {dag.py:3954} INFO - Setting next_dagrun for example_branch_dop_operator_v3 to 2025-10-02 22:50:00+00:00, run_after=2025-10-02 22:51:00+00:00
[2025-10-02T22:51:48.787+0000] {processor.py:183} INFO - Processing /home/airflow/.local/lib/python3.12/site-packages/airflow/example_dags/example_branch_python_dop_operator_3.py took 0.173 seconds
[2025-10-02T22:52:19.675+0000] {processor.py:161} INFO - Started process (PID=89) to work on /home/airflow/.local/lib/python3.12/site-packages/airflow/example_dags/example_branch_python_dop_operator_3.py
[2025-10-02T22:52:19.677+0000] {processor.py:830} INFO - Processing file /home/airflow/.local/lib/python3.12/site-packages/airflow/example_dags/example_branch_python_dop_operator_3.py for tasks to queue
[2025-10-02T22:52:19.682+0000] {logging_mixin.py:188} INFO - [2025-10-02T22:52:19.682+0000] {dagbag.py:545} INFO - Filling up the DagBag from /home/airflow/.local/lib/python3.12/site-packages/airflow/example_dags/example_branch_python_dop_operator_3.py
[2025-10-02T22:52:19.704+0000] {processor.py:840} INFO - DAG(s) 'example_branch_dop_operator_v3' retrieved from /home/airflow/.local/lib/python3.12/site-packages/airflow/example_dags/example_branch_python_dop_operator_3.py
[2025-10-02T22:52:19.732+0000] {logging_mixin.py:188} INFO - [2025-10-02T22:52:19.731+0000] {dag.py:3096} INFO - Sync 1 DAGs
[2025-10-02T22:52:19.806+0000] {logging_mixin.py:188} INFO - [2025-10-02T22:52:19.806+0000] {dag.py:3954} INFO - Setting next_dagrun for example_branch_dop_operator_v3 to 2025-10-02 22:51:00+00:00, run_after=2025-10-02 22:52:00+00:00
[2025-10-02T22:52:19.856+0000] {processor.py:183} INFO - Processing /home/airflow/.local/lib/python3.12/site-packages/airflow/example_dags/example_branch_python_dop_operator_3.py took 0.204 seconds
[2025-10-02T22:52:50.009+0000] {processor.py:161} INFO - Started process (PID=142) to work on /home/airflow/.local/lib/python3.12/site-packages/airflow/example_dags/example_branch_python_dop_operator_3.py
[2025-10-02T22:52:50.011+0000] {processor.py:830} INFO - Processing file /home/airflow/.local/lib/python3.12/site-packages/airflow/example_dags/example_branch_python_dop_operator_3.py for tasks to queue
[2025-10-02T22:52:50.014+0000] {logging_mixin.py:188} INFO - [2025-10-02T22:52:50.013+0000] {dagbag.py:545} INFO - Filling up the DagBag from /home/airflow/.local/lib/python3.12/site-packages/airflow/example_dags/example_branch_python_dop_operator_3.py
[2025-10-02T22:52:50.025+0000] {processor.py:840} INFO - DAG(s) 'example_branch_dop_operator_v3' retrieved from /home/airflow/.local/lib/python3.12/site-packages/airflow/example_dags/example_branch_python_dop_operator_3.py
[2025-10-02T22:52:50.160+0000] {logging_mixin.py:188} INFO - [2025-10-02T22:52:50.159+0000] {dag.py:3096} INFO - Sync 1 DAGs
[2025-10-02T22:52:50.200+0000] {logging_mixin.py:188} INFO - [2025-10-02T22:52:50.199+0000] {dag.py:3954} INFO - Setting next_dagrun for example_branch_dop_operator_v3 to 2025-10-02 22:51:00+00:00, run_after=2025-10-02 22:52:00+00:00
[2025-10-02T22:52:50.234+0000] {processor.py:183} INFO - Processing /home/airflow/.local/lib/python3.12/site-packages/airflow/example_dags/example_branch_python_dop_operator_3.py took 0.233 seconds
[2025-10-02T22:53:20.650+0000] {processor.py:161} INFO - Started process (PID=195) to work on /home/airflow/.local/lib/python3.12/site-packages/airflow/example_dags/example_branch_python_dop_operator_3.py
[2025-10-02T22:53:20.652+0000] {processor.py:830} INFO - Processing file /home/airflow/.local/lib/python3.12/site-packages/airflow/example_dags/example_branch_python_dop_operator_3.py for tasks to queue
[2025-10-02T22:53:20.654+0000] {logging_mixin.py:188} INFO - [2025-10-02T22:53:20.654+0000] {dagbag.py:545} INFO - Filling up the DagBag from /home/airflow/.local/lib/python3.12/site-packages/airflow/example_dags/example_branch_python_dop_operator_3.py
[2025-10-02T22:53:20.666+0000] {processor.py:840} INFO - DAG(s) 'example_branch_dop_operator_v3' retrieved from /home/airflow/.local/lib/python3.12/site-packages/airflow/example_dags/example_branch_python_dop_operator_3.py
[2025-10-02T22:53:20.696+0000] {logging_mixin.py:188} INFO - [2025-10-02T22:53:20.695+0000] {dag.py:3096} INFO - Sync 1 DAGs
[2025-10-02T22:53:20.727+0000] {logging_mixin.py:188} INFO - [2025-10-02T22:53:20.727+0000] {dag.py:3954} INFO - Setting next_dagrun for example_branch_dop_operator_v3 to 2025-10-02 22:52:00+00:00, run_after=2025-10-02 22:53:00+00:00
[2025-10-02T22:53:20.756+0000] {processor.py:183} INFO - Processing /home/airflow/.local/lib/python3.12/site-packages/airflow/example_dags/example_branch_python_dop_operator_3.py took 0.115 seconds
[2025-10-02T22:53:51.228+0000] {processor.py:161} INFO - Started process (PID=249) to work on /home/airflow/.local/lib/python3.12/site-packages/airflow/example_dags/example_branch_python_dop_operator_3.py
[2025-10-02T22:53:51.229+0000] {processor.py:830} INFO - Processing file /home/airflow/.local/lib/python3.12/site-packages/airflow/example_dags/example_branch_python_dop_operator_3.py for tasks to queue
[2025-10-02T22:53:51.234+0000] {logging_mixin.py:188} INFO - [2025-10-02T22:53:51.233+0000] {dagbag.py:545} INFO - Filling up the DagBag from /home/airflow/.local/lib/python3.12/site-packages/airflow/example_dags/example_branch_python_dop_operator_3.py
[2025-10-02T22:53:51.247+0000] {processor.py:840} INFO - DAG(s) 'example_branch_dop_operator_v3' retrieved from /home/airflow/.local/lib/python3.12/site-packages/airflow/example_dags/example_branch_python_dop_operator_3.py
[2025-10-02T22:53:51.279+0000] {logging_mixin.py:188} INFO - [2025-10-02T22:53:51.279+0000] {dag.py:3096} INFO - Sync 1 DAGs
[2025-10-02T22:53:51.322+0000] {logging_mixin.py:188} INFO - [2025-10-02T22:53:51.322+0000] {dag.py:3954} INFO - Setting next_dagrun for example_branch_dop_operator_v3 to 2025-10-02 22:52:00+00:00, run_after=2025-10-02 22:53:00+00:00
[2025-10-02T22:53:51.346+0000] {processor.py:183} INFO - Processing /home/airflow/.local/lib/python3.12/site-packages/airflow/example_dags/example_branch_python_dop_operator_3.py took 0.128 seconds
[2025-10-02T22:54:21.878+0000] {processor.py:161} INFO - Started process (PID=302) to work on /home/airflow/.local/lib/python3.12/site-packages/airflow/example_dags/example_branch_python_dop_operator_3.py
[2025-10-02T22:54:21.879+0000] {processor.py:830} INFO - Processing file /home/airflow/.local/lib/python3.12/site-packages/airflow/example_dags/example_branch_python_dop_operator_3.py for tasks to queue
[2025-10-02T22:54:21.882+0000] {logging_mixin.py:188} INFO - [2025-10-02T22:54:21.882+0000] {dagbag.py:545} INFO - Filling up the DagBag from /home/airflow/.local/lib/python3.12/site-packages/airflow/example_dags/example_branch_python_dop_operator_3.py
[2025-10-02T22:54:21.895+0000] {processor.py:840} INFO - DAG(s) 'example_branch_dop_operator_v3' retrieved from /home/airflow/.local/lib/python3.12/site-packages/airflow/example_dags/example_branch_python_dop_operator_3.py
[2025-10-02T22:54:22.059+0000] {logging_mixin.py:188} INFO - [2025-10-02T22:54:22.059+0000] {dag.py:3096} INFO - Sync 1 DAGs
[2025-10-02T22:54:22.086+0000] {logging_mixin.py:188} INFO - [2025-10-02T22:54:22.086+0000] {dag.py:3954} INFO - Setting next_dagrun for example_branch_dop_operator_v3 to 2025-10-02 22:53:00+00:00, run_after=2025-10-02 22:54:00+00:00
[2025-10-02T22:54:22.109+0000] {processor.py:183} INFO - Processing /home/airflow/.local/lib/python3.12/site-packages/airflow/example_dags/example_branch_python_dop_operator_3.py took 0.239 seconds
[2025-10-02T22:54:52.163+0000] {processor.py:161} INFO - Started process (PID=355) to work on /home/airflow/.local/lib/python3.12/site-packages/airflow/example_dags/example_branch_python_dop_operator_3.py
[2025-10-02T22:54:52.165+0000] {processor.py:830} INFO - Processing file /home/airflow/.local/lib/python3.12/site-packages/airflow/example_dags/example_branch_python_dop_operator_3.py for tasks to queue
[2025-10-02T22:54:52.168+0000] {logging_mixin.py:188} INFO - [2025-10-02T22:54:52.168+0000] {dagbag.py:545} INFO - Filling up the DagBag from /home/airflow/.local/lib/python3.12/site-packages/airflow/example_dags/example_branch_python_dop_operator_3.py
[2025-10-02T22:54:52.181+0000] {processor.py:840} INFO - DAG(s) 'example_branch_dop_operator_v3' retrieved from /home/airflow/.local/lib/python3.12/site-packages/airflow/example_dags/example_branch_python_dop_operator_3.py
[2025-10-02T22:54:52.207+0000] {logging_mixin.py:188} INFO - [2025-10-02T22:54:52.207+0000] {dag.py:3096} INFO - Sync 1 DAGs
[2025-10-02T22:54:52.252+0000] {logging_mixin.py:188} INFO - [2025-10-02T22:54:52.252+0000] {dag.py:3954} INFO - Setting next_dagrun for example_branch_dop_operator_v3 to 2025-10-02 22:53:00+00:00, run_after=2025-10-02 22:54:00+00:00
[2025-10-02T22:54:52.286+0000] {processor.py:183} INFO - Processing /home/airflow/.local/lib/python3.12/site-packages/airflow/example_dags/example_branch_python_dop_operator_3.py took 0.132 seconds
[2025-10-02T22:55:24.516+0000] {processor.py:161} INFO - Started process (PID=408) to work on /home/airflow/.local/lib/python3.12/site-packages/airflow/example_dags/example_branch_python_dop_operator_3.py
[2025-10-02T22:55:24.521+0000] {processor.py:830} INFO - Processing file /home/airflow/.local/lib/python3.12/site-packages/airflow/example_dags/example_branch_python_dop_operator_3.py for tasks to queue
[2025-10-02T22:55:24.527+0000] {logging_mixin.py:188} INFO - [2025-10-02T22:55:24.526+0000] {dagbag.py:545} INFO - Filling up the DagBag from /home/airflow/.local/lib/python3.12/site-packages/airflow/example_dags/example_branch_python_dop_operator_3.py
[2025-10-02T22:55:24.556+0000] {processor.py:840} INFO - DAG(s) 'example_branch_dop_operator_v3' retrieved from /home/airflow/.local/lib/python3.12/site-packages/airflow/example_dags/example_branch_python_dop_operator_3.py
[2025-10-02T22:55:24.637+0000] {logging_mixin.py:188} INFO - [2025-10-02T22:55:24.636+0000] {dag.py:3096} INFO - Sync 1 DAGs
[2025-10-02T22:55:24.710+0000] {logging_mixin.py:188} INFO - [2025-10-02T22:55:24.709+0000] {dag.py:3954} INFO - Setting next_dagrun for example_branch_dop_operator_v3 to 2025-10-02 22:54:00+00:00, run_after=2025-10-02 22:55:00+00:00
[2025-10-02T22:55:24.759+0000] {processor.py:183} INFO - Processing /home/airflow/.local/lib/python3.12/site-packages/airflow/example_dags/example_branch_python_dop_operator_3.py took 0.258 seconds
[2025-10-02T22:55:55.758+0000] {processor.py:161} INFO - Started process (PID=466) to work on /home/airflow/.local/lib/python3.12/site-packages/airflow/example_dags/example_branch_python_dop_operator_3.py
[2025-10-02T22:55:55.760+0000] {processor.py:830} INFO - Processing file /home/airflow/.local/lib/python3.12/site-packages/airflow/example_dags/example_branch_python_dop_operator_3.py for tasks to queue
[2025-10-02T22:55:55.763+0000] {logging_mixin.py:188} INFO - [2025-10-02T22:55:55.762+0000] {dagbag.py:545} INFO - Filling up the DagBag from /home/airflow/.local/lib/python3.12/site-packages/airflow/example_dags/example_branch_python_dop_operator_3.py
[2025-10-02T22:55:55.774+0000] {processor.py:840} INFO - DAG(s) 'example_branch_dop_operator_v3' retrieved from /home/airflow/.local/lib/python3.12/site-packages/airflow/example_dags/example_branch_python_dop_operator_3.py
[2025-10-02T22:55:55.804+0000] {logging_mixin.py:188} INFO - [2025-10-02T22:55:55.804+0000] {dag.py:3096} INFO - Sync 1 DAGs
[2025-10-02T22:55:55.835+0000] {logging_mixin.py:188} INFO - [2025-10-02T22:55:55.834+0000] {dag.py:3954} INFO - Setting next_dagrun for example_branch_dop_operator_v3 to 2025-10-02 22:54:00+00:00, run_after=2025-10-02 22:55:00+00:00
[2025-10-02T22:55:55.859+0000] {processor.py:183} INFO - Processing /home/airflow/.local/lib/python3.12/site-packages/airflow/example_dags/example_branch_python_dop_operator_3.py took 0.112 seconds
[2025-10-02T22:56:26.148+0000] {processor.py:161} INFO - Started process (PID=519) to work on /home/airflow/.local/lib/python3.12/site-packages/airflow/example_dags/example_branch_python_dop_operator_3.py
[2025-10-02T22:56:26.150+0000] {processor.py:830} INFO - Processing file /home/airflow/.local/lib/python3.12/site-packages/airflow/example_dags/example_branch_python_dop_operator_3.py for tasks to queue
[2025-10-02T22:56:26.153+0000] {logging_mixin.py:188} INFO - [2025-10-02T22:56:26.153+0000] {dagbag.py:545} INFO - Filling up the DagBag from /home/airflow/.local/lib/python3.12/site-packages/airflow/example_dags/example_branch_python_dop_operator_3.py
[2025-10-02T22:56:26.167+0000] {processor.py:840} INFO - DAG(s) 'example_branch_dop_operator_v3' retrieved from /home/airflow/.local/lib/python3.12/site-packages/airflow/example_dags/example_branch_python_dop_operator_3.py
[2025-10-02T22:56:26.193+0000] {logging_mixin.py:188} INFO - [2025-10-02T22:56:26.193+0000] {dag.py:3096} INFO - Sync 1 DAGs
[2025-10-02T22:56:26.225+0000] {logging_mixin.py:188} INFO - [2025-10-02T22:56:26.225+0000] {dag.py:3954} INFO - Setting next_dagrun for example_branch_dop_operator_v3 to 2025-10-02 22:55:00+00:00, run_after=2025-10-02 22:56:00+00:00
[2025-10-02T22:56:26.251+0000] {processor.py:183} INFO - Processing /home/airflow/.local/lib/python3.12/site-packages/airflow/example_dags/example_branch_python_dop_operator_3.py took 0.112 seconds
[2025-10-02T22:56:56.364+0000] {processor.py:161} INFO - Started process (PID=572) to work on /home/airflow/.local/lib/python3.12/site-packages/airflow/example_dags/example_branch_python_dop_operator_3.py
[2025-10-02T22:56:56.366+0000] {processor.py:830} INFO - Processing file /home/airflow/.local/lib/python3.12/site-packages/airflow/example_dags/example_branch_python_dop_operator_3.py for tasks to queue
[2025-10-02T22:56:56.370+0000] {logging_mixin.py:188} INFO - [2025-10-02T22:56:56.369+0000] {dagbag.py:545} INFO - Filling up the DagBag from /home/airflow/.local/lib/python3.12/site-packages/airflow/example_dags/example_branch_python_dop_operator_3.py
[2025-10-02T22:56:56.384+0000] {processor.py:840} INFO - DAG(s) 'example_branch_dop_operator_v3' retrieved from /home/airflow/.local/lib/python3.12/site-packages/airflow/example_dags/example_branch_python_dop_operator_3.py
[2025-10-02T22:56:56.414+0000] {logging_mixin.py:188} INFO - [2025-10-02T22:56:56.414+0000] {dag.py:3096} INFO - Sync 1 DAGs
[2025-10-02T22:56:56.454+0000] {logging_mixin.py:188} INFO - [2025-10-02T22:56:56.454+0000] {dag.py:3954} INFO - Setting next_dagrun for example_branch_dop_operator_v3 to 2025-10-02 22:55:00+00:00, run_after=2025-10-02 22:56:00+00:00
[2025-10-02T22:56:56.481+0000] {processor.py:183} INFO - Processing /home/airflow/.local/lib/python3.12/site-packages/airflow/example_dags/example_branch_python_dop_operator_3.py took 0.134 seconds
[2025-10-02T22:57:26.587+0000] {processor.py:161} INFO - Started process (PID=625) to work on /home/airflow/.local/lib/python3.12/site-packages/airflow/example_dags/example_branch_python_dop_operator_3.py
[2025-10-02T22:57:26.589+0000] {processor.py:830} INFO - Processing file /home/airflow/.local/lib/python3.12/site-packages/airflow/example_dags/example_branch_python_dop_operator_3.py for tasks to queue
[2025-10-02T22:57:26.593+0000] {logging_mixin.py:188} INFO - [2025-10-02T22:57:26.593+0000] {dagbag.py:545} INFO - Filling up the DagBag from /home/airflow/.local/lib/python3.12/site-packages/airflow/example_dags/example_branch_python_dop_operator_3.py
[2025-10-02T22:57:26.608+0000] {processor.py:840} INFO - DAG(s) 'example_branch_dop_operator_v3' retrieved from /home/airflow/.local/lib/python3.12/site-packages/airflow/example_dags/example_branch_python_dop_operator_3.py
[2025-10-02T22:57:26.637+0000] {logging_mixin.py:188} INFO - [2025-10-02T22:57:26.637+0000] {dag.py:3096} INFO - Sync 1 DAGs
[2025-10-02T22:57:26.704+0000] {logging_mixin.py:188} INFO - [2025-10-02T22:57:26.703+0000] {dag.py:3954} INFO - Setting next_dagrun for example_branch_dop_operator_v3 to 2025-10-02 22:56:00+00:00, run_after=2025-10-02 22:57:00+00:00
[2025-10-02T22:57:26.752+0000] {processor.py:183} INFO - Processing /home/airflow/.local/lib/python3.12/site-packages/airflow/example_dags/example_branch_python_dop_operator_3.py took 0.175 seconds
[2025-10-02T22:57:56.935+0000] {processor.py:161} INFO - Started process (PID=678) to work on /home/airflow/.local/lib/python3.12/site-packages/airflow/example_dags/example_branch_python_dop_operator_3.py
[2025-10-02T22:57:56.936+0000] {processor.py:830} INFO - Processing file /home/airflow/.local/lib/python3.12/site-packages/airflow/example_dags/example_branch_python_dop_operator_3.py for tasks to queue
[2025-10-02T22:57:56.939+0000] {logging_mixin.py:188} INFO - [2025-10-02T22:57:56.939+0000] {dagbag.py:545} INFO - Filling up the DagBag from /home/airflow/.local/lib/python3.12/site-packages/airflow/example_dags/example_branch_python_dop_operator_3.py
[2025-10-02T22:57:56.954+0000] {processor.py:840} INFO - DAG(s) 'example_branch_dop_operator_v3' retrieved from /home/airflow/.local/lib/python3.12/site-packages/airflow/example_dags/example_branch_python_dop_operator_3.py
[2025-10-02T22:57:56.974+0000] {logging_mixin.py:188} INFO - [2025-10-02T22:57:56.973+0000] {dag.py:3096} INFO - Sync 1 DAGs
[2025-10-02T22:57:57.019+0000] {logging_mixin.py:188} INFO - [2025-10-02T22:57:57.019+0000] {dag.py:3954} INFO - Setting next_dagrun for example_branch_dop_operator_v3 to 2025-10-02 22:56:00+00:00, run_after=2025-10-02 22:57:00+00:00
[2025-10-02T22:57:57.052+0000] {processor.py:183} INFO - Processing /home/airflow/.local/lib/python3.12/site-packages/airflow/example_dags/example_branch_python_dop_operator_3.py took 0.126 seconds
[2025-10-02T22:58:27.364+0000] {processor.py:161} INFO - Started process (PID=731) to work on /home/airflow/.local/lib/python3.12/site-packages/airflow/example_dags/example_branch_python_dop_operator_3.py
[2025-10-02T22:58:27.368+0000] {processor.py:830} INFO - Processing file /home/airflow/.local/lib/python3.12/site-packages/airflow/example_dags/example_branch_python_dop_operator_3.py for tasks to queue
[2025-10-02T22:58:27.371+0000] {logging_mixin.py:188} INFO - [2025-10-02T22:58:27.370+0000] {dagbag.py:545} INFO - Filling up the DagBag from /home/airflow/.local/lib/python3.12/site-packages/airflow/example_dags/example_branch_python_dop_operator_3.py
[2025-10-02T22:58:27.385+0000] {processor.py:840} INFO - DAG(s) 'example_branch_dop_operator_v3' retrieved from /home/airflow/.local/lib/python3.12/site-packages/airflow/example_dags/example_branch_python_dop_operator_3.py
[2025-10-02T22:58:27.519+0000] {logging_mixin.py:188} INFO - [2025-10-02T22:58:27.519+0000] {dag.py:3096} INFO - Sync 1 DAGs
[2025-10-02T22:58:27.546+0000] {logging_mixin.py:188} INFO - [2025-10-02T22:58:27.546+0000] {dag.py:3954} INFO - Setting next_dagrun for example_branch_dop_operator_v3 to 2025-10-02 22:57:00+00:00, run_after=2025-10-02 22:58:00+00:00
[2025-10-02T22:58:27.572+0000] {processor.py:183} INFO - Processing /home/airflow/.local/lib/python3.12/site-packages/airflow/example_dags/example_branch_python_dop_operator_3.py took 0.220 seconds
[2025-10-02T22:58:57.698+0000] {processor.py:161} INFO - Started process (PID=784) to work on /home/airflow/.local/lib/python3.12/site-packages/airflow/example_dags/example_branch_python_dop_operator_3.py
[2025-10-02T22:58:57.701+0000] {processor.py:830} INFO - Processing file /home/airflow/.local/lib/python3.12/site-packages/airflow/example_dags/example_branch_python_dop_operator_3.py for tasks to queue
[2025-10-02T22:58:57.705+0000] {logging_mixin.py:188} INFO - [2025-10-02T22:58:57.704+0000] {dagbag.py:545} INFO - Filling up the DagBag from /home/airflow/.local/lib/python3.12/site-packages/airflow/example_dags/example_branch_python_dop_operator_3.py
[2025-10-02T22:58:57.731+0000] {processor.py:840} INFO - DAG(s) 'example_branch_dop_operator_v3' retrieved from /home/airflow/.local/lib/python3.12/site-packages/airflow/example_dags/example_branch_python_dop_operator_3.py
[2025-10-02T22:58:57.799+0000] {logging_mixin.py:188} INFO - [2025-10-02T22:58:57.798+0000] {dag.py:3096} INFO - Sync 1 DAGs
[2025-10-02T22:58:57.847+0000] {logging_mixin.py:188} INFO - [2025-10-02T22:58:57.846+0000] {dag.py:3954} INFO - Setting next_dagrun for example_branch_dop_operator_v3 to 2025-10-02 22:57:00+00:00, run_after=2025-10-02 22:58:00+00:00
[2025-10-02T22:58:57.876+0000] {processor.py:183} INFO - Processing /home/airflow/.local/lib/python3.12/site-packages/airflow/example_dags/example_branch_python_dop_operator_3.py took 0.191 seconds
[2025-10-02T22:59:28.012+0000] {processor.py:161} INFO - Started process (PID=837) to work on /home/airflow/.local/lib/python3.12/site-packages/airflow/example_dags/example_branch_python_dop_operator_3.py
[2025-10-02T22:59:28.014+0000] {processor.py:830} INFO - Processing file /home/airflow/.local/lib/python3.12/site-packages/airflow/example_dags/example_branch_python_dop_operator_3.py for tasks to queue
[2025-10-02T22:59:28.017+0000] {logging_mixin.py:188} INFO - [2025-10-02T22:59:28.017+0000] {dagbag.py:545} INFO - Filling up the DagBag from /home/airflow/.local/lib/python3.12/site-packages/airflow/example_dags/example_branch_python_dop_operator_3.py
[2025-10-02T22:59:28.031+0000] {processor.py:840} INFO - DAG(s) 'example_branch_dop_operator_v3' retrieved from /home/airflow/.local/lib/python3.12/site-packages/airflow/example_dags/example_branch_python_dop_operator_3.py
[2025-10-02T22:59:28.064+0000] {logging_mixin.py:188} INFO - [2025-10-02T22:59:28.064+0000] {dag.py:3096} INFO - Sync 1 DAGs
[2025-10-02T22:59:28.096+0000] {logging_mixin.py:188} INFO - [2025-10-02T22:59:28.096+0000] {dag.py:3954} INFO - Setting next_dagrun for example_branch_dop_operator_v3 to 2025-10-02 22:58:00+00:00, run_after=2025-10-02 22:59:00+00:00
[2025-10-02T22:59:28.119+0000] {processor.py:183} INFO - Processing /home/airflow/.local/lib/python3.12/site-packages/airflow/example_dags/example_branch_python_dop_operator_3.py took 0.119 seconds
[2025-10-02T22:59:58.421+0000] {processor.py:161} INFO - Started process (PID=890) to work on /home/airflow/.local/lib/python3.12/site-packages/airflow/example_dags/example_branch_python_dop_operator_3.py
[2025-10-02T22:59:58.422+0000] {processor.py:830} INFO - Processing file /home/airflow/.local/lib/python3.12/site-packages/airflow/example_dags/example_branch_python_dop_operator_3.py for tasks to queue
[2025-10-02T22:59:58.426+0000] {logging_mixin.py:188} INFO - [2025-10-02T22:59:58.425+0000] {dagbag.py:545} INFO - Filling up the DagBag from /home/airflow/.local/lib/python3.12/site-packages/airflow/example_dags/example_branch_python_dop_operator_3.py
[2025-10-02T22:59:58.438+0000] {processor.py:840} INFO - DAG(s) 'example_branch_dop_operator_v3' retrieved from /home/airflow/.local/lib/python3.12/site-packages/airflow/example_dags/example_branch_python_dop_operator_3.py
[2025-10-02T22:59:58.465+0000] {logging_mixin.py:188} INFO - [2025-10-02T22:59:58.464+0000] {dag.py:3096} INFO - Sync 1 DAGs
[2025-10-02T22:59:58.497+0000] {logging_mixin.py:188} INFO - [2025-10-02T22:59:58.496+0000] {dag.py:3954} INFO - Setting next_dagrun for example_branch_dop_operator_v3 to 2025-10-02 22:58:00+00:00, run_after=2025-10-02 22:59:00+00:00
[2025-10-02T22:59:58.522+0000] {processor.py:183} INFO - Processing /home/airflow/.local/lib/python3.12/site-packages/airflow/example_dags/example_branch_python_dop_operator_3.py took 0.111 seconds
[2025-10-02T23:00:28.667+0000] {processor.py:161} INFO - Started process (PID=943) to work on /home/airflow/.local/lib/python3.12/site-packages/airflow/example_dags/example_branch_python_dop_operator_3.py
[2025-10-02T23:00:28.668+0000] {processor.py:830} INFO - Processing file /home/airflow/.local/lib/python3.12/site-packages/airflow/example_dags/example_branch_python_dop_operator_3.py for tasks to queue
[2025-10-02T23:00:28.671+0000] {logging_mixin.py:188} INFO - [2025-10-02T23:00:28.671+0000] {dagbag.py:545} INFO - Filling up the DagBag from /home/airflow/.local/lib/python3.12/site-packages/airflow/example_dags/example_branch_python_dop_operator_3.py
[2025-10-02T23:00:28.689+0000] {processor.py:840} INFO - DAG(s) 'example_branch_dop_operator_v3' retrieved from /home/airflow/.local/lib/python3.12/site-packages/airflow/example_dags/example_branch_python_dop_operator_3.py
[2025-10-02T23:00:28.719+0000] {logging_mixin.py:188} INFO - [2025-10-02T23:00:28.719+0000] {dag.py:3096} INFO - Sync 1 DAGs
[2025-10-02T23:00:28.757+0000] {logging_mixin.py:188} INFO - [2025-10-02T23:00:28.756+0000] {dag.py:3954} INFO - Setting next_dagrun for example_branch_dop_operator_v3 to 2025-10-02 22:59:00+00:00, run_after=2025-10-02 23:00:00+00:00
[2025-10-02T23:00:28.783+0000] {processor.py:183} INFO - Processing /home/airflow/.local/lib/python3.12/site-packages/airflow/example_dags/example_branch_python_dop_operator_3.py took 0.125 seconds
[2025-10-02T23:00:59.149+0000] {processor.py:161} INFO - Started process (PID=996) to work on /home/airflow/.local/lib/python3.12/site-packages/airflow/example_dags/example_branch_python_dop_operator_3.py
[2025-10-02T23:00:59.150+0000] {processor.py:830} INFO - Processing file /home/airflow/.local/lib/python3.12/site-packages/airflow/example_dags/example_branch_python_dop_operator_3.py for tasks to queue
[2025-10-02T23:00:59.153+0000] {logging_mixin.py:188} INFO - [2025-10-02T23:00:59.153+0000] {dagbag.py:545} INFO - Filling up the DagBag from /home/airflow/.local/lib/python3.12/site-packages/airflow/example_dags/example_branch_python_dop_operator_3.py
[2025-10-02T23:00:59.167+0000] {processor.py:840} INFO - DAG(s) 'example_branch_dop_operator_v3' retrieved from /home/airflow/.local/lib/python3.12/site-packages/airflow/example_dags/example_branch_python_dop_operator_3.py
[2025-10-02T23:00:59.194+0000] {logging_mixin.py:188} INFO - [2025-10-02T23:00:59.194+0000] {dag.py:3096} INFO - Sync 1 DAGs
[2025-10-02T23:00:59.225+0000] {logging_mixin.py:188} INFO - [2025-10-02T23:00:59.225+0000] {dag.py:3954} INFO - Setting next_dagrun for example_branch_dop_operator_v3 to 2025-10-02 22:59:00+00:00, run_after=2025-10-02 23:00:00+00:00
[2025-10-02T23:00:59.249+0000] {processor.py:183} INFO - Processing /home/airflow/.local/lib/python3.12/site-packages/airflow/example_dags/example_branch_python_dop_operator_3.py took 0.108 seconds
[2025-10-02T23:01:29.731+0000] {processor.py:161} INFO - Started process (PID=1049) to work on /home/airflow/.local/lib/python3.12/site-packages/airflow/example_dags/example_branch_python_dop_operator_3.py
[2025-10-02T23:01:29.733+0000] {processor.py:830} INFO - Processing file /home/airflow/.local/lib/python3.12/site-packages/airflow/example_dags/example_branch_python_dop_operator_3.py for tasks to queue
[2025-10-02T23:01:29.737+0000] {logging_mixin.py:188} INFO - [2025-10-02T23:01:29.736+0000] {dagbag.py:545} INFO - Filling up the DagBag from /home/airflow/.local/lib/python3.12/site-packages/airflow/example_dags/example_branch_python_dop_operator_3.py
[2025-10-02T23:01:29.755+0000] {processor.py:840} INFO - DAG(s) 'example_branch_dop_operator_v3' retrieved from /home/airflow/.local/lib/python3.12/site-packages/airflow/example_dags/example_branch_python_dop_operator_3.py
[2025-10-02T23:01:29.784+0000] {logging_mixin.py:188} INFO - [2025-10-02T23:01:29.784+0000] {dag.py:3096} INFO - Sync 1 DAGs
[2025-10-02T23:01:29.814+0000] {logging_mixin.py:188} INFO - [2025-10-02T23:01:29.814+0000] {dag.py:3954} INFO - Setting next_dagrun for example_branch_dop_operator_v3 to 2025-10-02 23:00:00+00:00, run_after=2025-10-02 23:01:00+00:00
[2025-10-02T23:01:29.841+0000] {processor.py:183} INFO - Processing /home/airflow/.local/lib/python3.12/site-packages/airflow/example_dags/example_branch_python_dop_operator_3.py took 0.119 seconds
[2025-10-02T23:02:00.221+0000] {processor.py:161} INFO - Started process (PID=1102) to work on /home/airflow/.local/lib/python3.12/site-packages/airflow/example_dags/example_branch_python_dop_operator_3.py
[2025-10-02T23:02:00.223+0000] {processor.py:830} INFO - Processing file /home/airflow/.local/lib/python3.12/site-packages/airflow/example_dags/example_branch_python_dop_operator_3.py for tasks to queue
[2025-10-02T23:02:00.226+0000] {logging_mixin.py:188} INFO - [2025-10-02T23:02:00.226+0000] {dagbag.py:545} INFO - Filling up the DagBag from /home/airflow/.local/lib/python3.12/site-packages/airflow/example_dags/example_branch_python_dop_operator_3.py
[2025-10-02T23:02:00.239+0000] {processor.py:840} INFO - DAG(s) 'example_branch_dop_operator_v3' retrieved from /home/airflow/.local/lib/python3.12/site-packages/airflow/example_dags/example_branch_python_dop_operator_3.py
[2025-10-02T23:02:00.266+0000] {logging_mixin.py:188} INFO - [2025-10-02T23:02:00.266+0000] {dag.py:3096} INFO - Sync 1 DAGs
[2025-10-02T23:02:00.297+0000] {logging_mixin.py:188} INFO - [2025-10-02T23:02:00.296+0000] {dag.py:3954} INFO - Setting next_dagrun for example_branch_dop_operator_v3 to 2025-10-02 23:01:00+00:00, run_after=2025-10-02 23:02:00+00:00
[2025-10-02T23:02:00.322+0000] {processor.py:183} INFO - Processing /home/airflow/.local/lib/python3.12/site-packages/airflow/example_dags/example_branch_python_dop_operator_3.py took 0.110 seconds
[2025-10-02T23:02:30.717+0000] {processor.py:161} INFO - Started process (PID=1155) to work on /home/airflow/.local/lib/python3.12/site-packages/airflow/example_dags/example_branch_python_dop_operator_3.py
[2025-10-02T23:02:30.718+0000] {processor.py:830} INFO - Processing file /home/airflow/.local/lib/python3.12/site-packages/airflow/example_dags/example_branch_python_dop_operator_3.py for tasks to queue
[2025-10-02T23:02:30.721+0000] {logging_mixin.py:188} INFO - [2025-10-02T23:02:30.721+0000] {dagbag.py:545} INFO - Filling up the DagBag from /home/airflow/.local/lib/python3.12/site-packages/airflow/example_dags/example_branch_python_dop_operator_3.py
[2025-10-02T23:02:30.733+0000] {processor.py:840} INFO - DAG(s) 'example_branch_dop_operator_v3' retrieved from /home/airflow/.local/lib/python3.12/site-packages/airflow/example_dags/example_branch_python_dop_operator_3.py
[2025-10-02T23:02:30.759+0000] {logging_mixin.py:188} INFO - [2025-10-02T23:02:30.759+0000] {dag.py:3096} INFO - Sync 1 DAGs
[2025-10-02T23:02:30.791+0000] {logging_mixin.py:188} INFO - [2025-10-02T23:02:30.791+0000] {dag.py:3954} INFO - Setting next_dagrun for example_branch_dop_operator_v3 to 2025-10-02 23:01:00+00:00, run_after=2025-10-02 23:02:00+00:00
[2025-10-02T23:02:30.816+0000] {processor.py:183} INFO - Processing /home/airflow/.local/lib/python3.12/site-packages/airflow/example_dags/example_branch_python_dop_operator_3.py took 0.108 seconds
[2025-10-02T23:03:01.321+0000] {processor.py:161} INFO - Started process (PID=1208) to work on /home/airflow/.local/lib/python3.12/site-packages/airflow/example_dags/example_branch_python_dop_operator_3.py
[2025-10-02T23:03:01.323+0000] {processor.py:830} INFO - Processing file /home/airflow/.local/lib/python3.12/site-packages/airflow/example_dags/example_branch_python_dop_operator_3.py for tasks to queue
[2025-10-02T23:03:01.326+0000] {logging_mixin.py:188} INFO - [2025-10-02T23:03:01.326+0000] {dagbag.py:545} INFO - Filling up the DagBag from /home/airflow/.local/lib/python3.12/site-packages/airflow/example_dags/example_branch_python_dop_operator_3.py
[2025-10-02T23:03:01.338+0000] {processor.py:840} INFO - DAG(s) 'example_branch_dop_operator_v3' retrieved from /home/airflow/.local/lib/python3.12/site-packages/airflow/example_dags/example_branch_python_dop_operator_3.py
[2025-10-02T23:03:01.364+0000] {logging_mixin.py:188} INFO - [2025-10-02T23:03:01.364+0000] {dag.py:3096} INFO - Sync 1 DAGs
[2025-10-02T23:03:01.394+0000] {logging_mixin.py:188} INFO - [2025-10-02T23:03:01.394+0000] {dag.py:3954} INFO - Setting next_dagrun for example_branch_dop_operator_v3 to 2025-10-02 23:02:00+00:00, run_after=2025-10-02 23:03:00+00:00
[2025-10-02T23:03:01.420+0000] {processor.py:183} INFO - Processing /home/airflow/.local/lib/python3.12/site-packages/airflow/example_dags/example_branch_python_dop_operator_3.py took 0.111 seconds
[2025-10-02T23:03:31.716+0000] {processor.py:161} INFO - Started process (PID=1261) to work on /home/airflow/.local/lib/python3.12/site-packages/airflow/example_dags/example_branch_python_dop_operator_3.py
[2025-10-02T23:03:31.717+0000] {processor.py:830} INFO - Processing file /home/airflow/.local/lib/python3.12/site-packages/airflow/example_dags/example_branch_python_dop_operator_3.py for tasks to queue
[2025-10-02T23:03:31.720+0000] {logging_mixin.py:188} INFO - [2025-10-02T23:03:31.720+0000] {dagbag.py:545} INFO - Filling up the DagBag from /home/airflow/.local/lib/python3.12/site-packages/airflow/example_dags/example_branch_python_dop_operator_3.py
[2025-10-02T23:03:31.733+0000] {processor.py:840} INFO - DAG(s) 'example_branch_dop_operator_v3' retrieved from /home/airflow/.local/lib/python3.12/site-packages/airflow/example_dags/example_branch_python_dop_operator_3.py
[2025-10-02T23:03:31.763+0000] {logging_mixin.py:188} INFO - [2025-10-02T23:03:31.763+0000] {dag.py:3096} INFO - Sync 1 DAGs
[2025-10-02T23:03:31.796+0000] {logging_mixin.py:188} INFO - [2025-10-02T23:03:31.796+0000] {dag.py:3954} INFO - Setting next_dagrun for example_branch_dop_operator_v3 to 2025-10-02 23:02:00+00:00, run_after=2025-10-02 23:03:00+00:00
[2025-10-02T23:03:31.820+0000] {processor.py:183} INFO - Processing /home/airflow/.local/lib/python3.12/site-packages/airflow/example_dags/example_branch_python_dop_operator_3.py took 0.114 seconds
[2025-10-02T23:04:01.940+0000] {processor.py:161} INFO - Started process (PID=1314) to work on /home/airflow/.local/lib/python3.12/site-packages/airflow/example_dags/example_branch_python_dop_operator_3.py
[2025-10-02T23:04:01.942+0000] {processor.py:830} INFO - Processing file /home/airflow/.local/lib/python3.12/site-packages/airflow/example_dags/example_branch_python_dop_operator_3.py for tasks to queue
[2025-10-02T23:04:01.944+0000] {logging_mixin.py:188} INFO - [2025-10-02T23:04:01.944+0000] {dagbag.py:545} INFO - Filling up the DagBag from /home/airflow/.local/lib/python3.12/site-packages/airflow/example_dags/example_branch_python_dop_operator_3.py
[2025-10-02T23:04:01.956+0000] {processor.py:840} INFO - DAG(s) 'example_branch_dop_operator_v3' retrieved from /home/airflow/.local/lib/python3.12/site-packages/airflow/example_dags/example_branch_python_dop_operator_3.py
[2025-10-02T23:04:01.988+0000] {logging_mixin.py:188} INFO - [2025-10-02T23:04:01.987+0000] {dag.py:3096} INFO - Sync 1 DAGs
[2025-10-02T23:04:02.021+0000] {logging_mixin.py:188} INFO - [2025-10-02T23:04:02.021+0000] {dag.py:3954} INFO - Setting next_dagrun for example_branch_dop_operator_v3 to 2025-10-02 23:03:00+00:00, run_after=2025-10-02 23:04:00+00:00
[2025-10-02T23:04:02.046+0000] {processor.py:183} INFO - Processing /home/airflow/.local/lib/python3.12/site-packages/airflow/example_dags/example_branch_python_dop_operator_3.py took 0.114 seconds
[2025-10-02T23:04:32.236+0000] {processor.py:161} INFO - Started process (PID=1367) to work on /home/airflow/.local/lib/python3.12/site-packages/airflow/example_dags/example_branch_python_dop_operator_3.py
[2025-10-02T23:04:32.238+0000] {processor.py:830} INFO - Processing file /home/airflow/.local/lib/python3.12/site-packages/airflow/example_dags/example_branch_python_dop_operator_3.py for tasks to queue
[2025-10-02T23:04:32.241+0000] {logging_mixin.py:188} INFO - [2025-10-02T23:04:32.241+0000] {dagbag.py:545} INFO - Filling up the DagBag from /home/airflow/.local/lib/python3.12/site-packages/airflow/example_dags/example_branch_python_dop_operator_3.py
[2025-10-02T23:04:32.258+0000] {processor.py:840} INFO - DAG(s) 'example_branch_dop_operator_v3' retrieved from /home/airflow/.local/lib/python3.12/site-packages/airflow/example_dags/example_branch_python_dop_operator_3.py
[2025-10-02T23:04:32.289+0000] {logging_mixin.py:188} INFO - [2025-10-02T23:04:32.288+0000] {dag.py:3096} INFO - Sync 1 DAGs
[2025-10-02T23:04:32.320+0000] {logging_mixin.py:188} INFO - [2025-10-02T23:04:32.320+0000] {dag.py:3954} INFO - Setting next_dagrun for example_branch_dop_operator_v3 to 2025-10-02 23:03:00+00:00, run_after=2025-10-02 23:04:00+00:00
[2025-10-02T23:04:32.343+0000] {processor.py:183} INFO - Processing /home/airflow/.local/lib/python3.12/site-packages/airflow/example_dags/example_branch_python_dop_operator_3.py took 0.119 seconds
[2025-10-02T23:05:02.778+0000] {processor.py:161} INFO - Started process (PID=1420) to work on /home/airflow/.local/lib/python3.12/site-packages/airflow/example_dags/example_branch_python_dop_operator_3.py
[2025-10-02T23:05:02.779+0000] {processor.py:830} INFO - Processing file /home/airflow/.local/lib/python3.12/site-packages/airflow/example_dags/example_branch_python_dop_operator_3.py for tasks to queue
[2025-10-02T23:05:02.782+0000] {logging_mixin.py:188} INFO - [2025-10-02T23:05:02.782+0000] {dagbag.py:545} INFO - Filling up the DagBag from /home/airflow/.local/lib/python3.12/site-packages/airflow/example_dags/example_branch_python_dop_operator_3.py
[2025-10-02T23:05:02.797+0000] {processor.py:840} INFO - DAG(s) 'example_branch_dop_operator_v3' retrieved from /home/airflow/.local/lib/python3.12/site-packages/airflow/example_dags/example_branch_python_dop_operator_3.py
[2025-10-02T23:05:02.829+0000] {logging_mixin.py:188} INFO - [2025-10-02T23:05:02.829+0000] {dag.py:3096} INFO - Sync 1 DAGs
[2025-10-02T23:05:02.870+0000] {logging_mixin.py:188} INFO - [2025-10-02T23:05:02.870+0000] {dag.py:3954} INFO - Setting next_dagrun for example_branch_dop_operator_v3 to 2025-10-02 23:04:00+00:00, run_after=2025-10-02 23:05:00+00:00
[2025-10-02T23:05:02.899+0000] {processor.py:183} INFO - Processing /home/airflow/.local/lib/python3.12/site-packages/airflow/example_dags/example_branch_python_dop_operator_3.py took 0.134 seconds
[2025-10-02T23:05:33.267+0000] {processor.py:161} INFO - Started process (PID=1473) to work on /home/airflow/.local/lib/python3.12/site-packages/airflow/example_dags/example_branch_python_dop_operator_3.py
[2025-10-02T23:05:33.269+0000] {processor.py:830} INFO - Processing file /home/airflow/.local/lib/python3.12/site-packages/airflow/example_dags/example_branch_python_dop_operator_3.py for tasks to queue
[2025-10-02T23:05:33.272+0000] {logging_mixin.py:188} INFO - [2025-10-02T23:05:33.272+0000] {dagbag.py:545} INFO - Filling up the DagBag from /home/airflow/.local/lib/python3.12/site-packages/airflow/example_dags/example_branch_python_dop_operator_3.py
[2025-10-02T23:05:33.286+0000] {processor.py:840} INFO - DAG(s) 'example_branch_dop_operator_v3' retrieved from /home/airflow/.local/lib/python3.12/site-packages/airflow/example_dags/example_branch_python_dop_operator_3.py
[2025-10-02T23:05:33.315+0000] {logging_mixin.py:188} INFO - [2025-10-02T23:05:33.315+0000] {dag.py:3096} INFO - Sync 1 DAGs
[2025-10-02T23:05:33.352+0000] {logging_mixin.py:188} INFO - [2025-10-02T23:05:33.352+0000] {dag.py:3954} INFO - Setting next_dagrun for example_branch_dop_operator_v3 to 2025-10-02 23:04:00+00:00, run_after=2025-10-02 23:05:00+00:00
[2025-10-02T23:05:33.378+0000] {processor.py:183} INFO - Processing /home/airflow/.local/lib/python3.12/site-packages/airflow/example_dags/example_branch_python_dop_operator_3.py took 0.123 seconds
[2025-10-02T23:06:04.051+0000] {processor.py:161} INFO - Started process (PID=1526) to work on /home/airflow/.local/lib/python3.12/site-packages/airflow/example_dags/example_branch_python_dop_operator_3.py
[2025-10-02T23:06:04.053+0000] {processor.py:830} INFO - Processing file /home/airflow/.local/lib/python3.12/site-packages/airflow/example_dags/example_branch_python_dop_operator_3.py for tasks to queue
[2025-10-02T23:06:04.058+0000] {logging_mixin.py:188} INFO - [2025-10-02T23:06:04.057+0000] {dagbag.py:545} INFO - Filling up the DagBag from /home/airflow/.local/lib/python3.12/site-packages/airflow/example_dags/example_branch_python_dop_operator_3.py
[2025-10-02T23:06:04.096+0000] {processor.py:840} INFO - DAG(s) 'example_branch_dop_operator_v3' retrieved from /home/airflow/.local/lib/python3.12/site-packages/airflow/example_dags/example_branch_python_dop_operator_3.py
[2025-10-02T23:06:04.191+0000] {logging_mixin.py:188} INFO - [2025-10-02T23:06:04.190+0000] {dag.py:3096} INFO - Sync 1 DAGs
[2025-10-02T23:06:04.243+0000] {logging_mixin.py:188} INFO - [2025-10-02T23:06:04.242+0000] {dag.py:3954} INFO - Setting next_dagrun for example_branch_dop_operator_v3 to 2025-10-02 23:05:00+00:00, run_after=2025-10-02 23:06:00+00:00
[2025-10-02T23:06:04.289+0000] {processor.py:183} INFO - Processing /home/airflow/.local/lib/python3.12/site-packages/airflow/example_dags/example_branch_python_dop_operator_3.py took 0.258 seconds
[2025-10-02T23:06:35.275+0000] {processor.py:161} INFO - Started process (PID=1579) to work on /home/airflow/.local/lib/python3.12/site-packages/airflow/example_dags/example_branch_python_dop_operator_3.py
[2025-10-02T23:06:35.277+0000] {processor.py:830} INFO - Processing file /home/airflow/.local/lib/python3.12/site-packages/airflow/example_dags/example_branch_python_dop_operator_3.py for tasks to queue
[2025-10-02T23:06:35.280+0000] {logging_mixin.py:188} INFO - [2025-10-02T23:06:35.279+0000] {dagbag.py:545} INFO - Filling up the DagBag from /home/airflow/.local/lib/python3.12/site-packages/airflow/example_dags/example_branch_python_dop_operator_3.py
[2025-10-02T23:06:35.293+0000] {processor.py:840} INFO - DAG(s) 'example_branch_dop_operator_v3' retrieved from /home/airflow/.local/lib/python3.12/site-packages/airflow/example_dags/example_branch_python_dop_operator_3.py
[2025-10-02T23:06:35.318+0000] {logging_mixin.py:188} INFO - [2025-10-02T23:06:35.318+0000] {dag.py:3096} INFO - Sync 1 DAGs
[2025-10-02T23:06:35.350+0000] {logging_mixin.py:188} INFO - [2025-10-02T23:06:35.350+0000] {dag.py:3954} INFO - Setting next_dagrun for example_branch_dop_operator_v3 to 2025-10-02 23:05:00+00:00, run_after=2025-10-02 23:06:00+00:00
[2025-10-02T23:06:35.374+0000] {processor.py:183} INFO - Processing /home/airflow/.local/lib/python3.12/site-packages/airflow/example_dags/example_branch_python_dop_operator_3.py took 0.110 seconds
[2025-10-02T23:07:05.702+0000] {processor.py:161} INFO - Started process (PID=1633) to work on /home/airflow/.local/lib/python3.12/site-packages/airflow/example_dags/example_branch_python_dop_operator_3.py
[2025-10-02T23:07:05.703+0000] {processor.py:830} INFO - Processing file /home/airflow/.local/lib/python3.12/site-packages/airflow/example_dags/example_branch_python_dop_operator_3.py for tasks to queue
[2025-10-02T23:07:05.714+0000] {logging_mixin.py:188} INFO - [2025-10-02T23:07:05.713+0000] {dagbag.py:545} INFO - Filling up the DagBag from /home/airflow/.local/lib/python3.12/site-packages/airflow/example_dags/example_branch_python_dop_operator_3.py
[2025-10-02T23:07:05.734+0000] {processor.py:840} INFO - DAG(s) 'example_branch_dop_operator_v3' retrieved from /home/airflow/.local/lib/python3.12/site-packages/airflow/example_dags/example_branch_python_dop_operator_3.py
[2025-10-02T23:07:05.775+0000] {logging_mixin.py:188} INFO - [2025-10-02T23:07:05.774+0000] {dag.py:3096} INFO - Sync 1 DAGs
[2025-10-02T23:07:05.812+0000] {logging_mixin.py:188} INFO - [2025-10-02T23:07:05.812+0000] {dag.py:3954} INFO - Setting next_dagrun for example_branch_dop_operator_v3 to 2025-10-02 23:06:00+00:00, run_after=2025-10-02 23:07:00+00:00
[2025-10-02T23:07:05.840+0000] {processor.py:183} INFO - Processing /home/airflow/.local/lib/python3.12/site-packages/airflow/example_dags/example_branch_python_dop_operator_3.py took 0.149 seconds
[2025-10-02T23:07:35.934+0000] {processor.py:161} INFO - Started process (PID=1686) to work on /home/airflow/.local/lib/python3.12/site-packages/airflow/example_dags/example_branch_python_dop_operator_3.py
[2025-10-02T23:07:35.936+0000] {processor.py:830} INFO - Processing file /home/airflow/.local/lib/python3.12/site-packages/airflow/example_dags/example_branch_python_dop_operator_3.py for tasks to queue
[2025-10-02T23:07:35.940+0000] {logging_mixin.py:188} INFO - [2025-10-02T23:07:35.940+0000] {dagbag.py:545} INFO - Filling up the DagBag from /home/airflow/.local/lib/python3.12/site-packages/airflow/example_dags/example_branch_python_dop_operator_3.py
[2025-10-02T23:07:35.955+0000] {processor.py:840} INFO - DAG(s) 'example_branch_dop_operator_v3' retrieved from /home/airflow/.local/lib/python3.12/site-packages/airflow/example_dags/example_branch_python_dop_operator_3.py
[2025-10-02T23:07:35.989+0000] {logging_mixin.py:188} INFO - [2025-10-02T23:07:35.989+0000] {dag.py:3096} INFO - Sync 1 DAGs
[2025-10-02T23:07:36.022+0000] {logging_mixin.py:188} INFO - [2025-10-02T23:07:36.022+0000] {dag.py:3954} INFO - Setting next_dagrun for example_branch_dop_operator_v3 to 2025-10-02 23:06:00+00:00, run_after=2025-10-02 23:07:00+00:00
[2025-10-02T23:07:36.046+0000] {processor.py:183} INFO - Processing /home/airflow/.local/lib/python3.12/site-packages/airflow/example_dags/example_branch_python_dop_operator_3.py took 0.122 seconds
[2025-10-02T23:08:06.877+0000] {processor.py:161} INFO - Started process (PID=1739) to work on /home/airflow/.local/lib/python3.12/site-packages/airflow/example_dags/example_branch_python_dop_operator_3.py
[2025-10-02T23:08:06.879+0000] {processor.py:830} INFO - Processing file /home/airflow/.local/lib/python3.12/site-packages/airflow/example_dags/example_branch_python_dop_operator_3.py for tasks to queue
[2025-10-02T23:08:06.883+0000] {logging_mixin.py:188} INFO - [2025-10-02T23:08:06.882+0000] {dagbag.py:545} INFO - Filling up the DagBag from /home/airflow/.local/lib/python3.12/site-packages/airflow/example_dags/example_branch_python_dop_operator_3.py
[2025-10-02T23:08:06.897+0000] {processor.py:840} INFO - DAG(s) 'example_branch_dop_operator_v3' retrieved from /home/airflow/.local/lib/python3.12/site-packages/airflow/example_dags/example_branch_python_dop_operator_3.py
[2025-10-02T23:08:06.926+0000] {logging_mixin.py:188} INFO - [2025-10-02T23:08:06.926+0000] {dag.py:3096} INFO - Sync 1 DAGs
[2025-10-02T23:08:07.188+0000] {logging_mixin.py:188} INFO - [2025-10-02T23:08:07.187+0000] {dag.py:3954} INFO - Setting next_dagrun for example_branch_dop_operator_v3 to 2025-10-02 23:07:00+00:00, run_after=2025-10-02 23:08:00+00:00
[2025-10-02T23:08:07.210+0000] {processor.py:183} INFO - Processing /home/airflow/.local/lib/python3.12/site-packages/airflow/example_dags/example_branch_python_dop_operator_3.py took 0.342 seconds
[2025-10-02T23:08:38.182+0000] {processor.py:161} INFO - Started process (PID=1792) to work on /home/airflow/.local/lib/python3.12/site-packages/airflow/example_dags/example_branch_python_dop_operator_3.py
[2025-10-02T23:08:38.184+0000] {processor.py:830} INFO - Processing file /home/airflow/.local/lib/python3.12/site-packages/airflow/example_dags/example_branch_python_dop_operator_3.py for tasks to queue
[2025-10-02T23:08:38.187+0000] {logging_mixin.py:188} INFO - [2025-10-02T23:08:38.186+0000] {dagbag.py:545} INFO - Filling up the DagBag from /home/airflow/.local/lib/python3.12/site-packages/airflow/example_dags/example_branch_python_dop_operator_3.py
[2025-10-02T23:08:38.199+0000] {processor.py:840} INFO - DAG(s) 'example_branch_dop_operator_v3' retrieved from /home/airflow/.local/lib/python3.12/site-packages/airflow/example_dags/example_branch_python_dop_operator_3.py
[2025-10-02T23:08:38.227+0000] {logging_mixin.py:188} INFO - [2025-10-02T23:08:38.226+0000] {dag.py:3096} INFO - Sync 1 DAGs
[2025-10-02T23:08:38.260+0000] {logging_mixin.py:188} INFO - [2025-10-02T23:08:38.259+0000] {dag.py:3954} INFO - Setting next_dagrun for example_branch_dop_operator_v3 to 2025-10-02 23:07:00+00:00, run_after=2025-10-02 23:08:00+00:00
[2025-10-02T23:08:38.284+0000] {processor.py:183} INFO - Processing /home/airflow/.local/lib/python3.12/site-packages/airflow/example_dags/example_branch_python_dop_operator_3.py took 0.110 seconds
[2025-10-02T23:09:08.983+0000] {processor.py:161} INFO - Started process (PID=1845) to work on /home/airflow/.local/lib/python3.12/site-packages/airflow/example_dags/example_branch_python_dop_operator_3.py
[2025-10-02T23:09:08.984+0000] {processor.py:830} INFO - Processing file /home/airflow/.local/lib/python3.12/site-packages/airflow/example_dags/example_branch_python_dop_operator_3.py for tasks to queue
[2025-10-02T23:09:08.988+0000] {logging_mixin.py:188} INFO - [2025-10-02T23:09:08.987+0000] {dagbag.py:545} INFO - Filling up the DagBag from /home/airflow/.local/lib/python3.12/site-packages/airflow/example_dags/example_branch_python_dop_operator_3.py
[2025-10-02T23:09:09.002+0000] {processor.py:840} INFO - DAG(s) 'example_branch_dop_operator_v3' retrieved from /home/airflow/.local/lib/python3.12/site-packages/airflow/example_dags/example_branch_python_dop_operator_3.py
[2025-10-02T23:09:09.036+0000] {logging_mixin.py:188} INFO - [2025-10-02T23:09:09.035+0000] {dag.py:3096} INFO - Sync 1 DAGs
[2025-10-02T23:09:09.071+0000] {logging_mixin.py:188} INFO - [2025-10-02T23:09:09.070+0000] {dag.py:3954} INFO - Setting next_dagrun for example_branch_dop_operator_v3 to 2025-10-02 23:08:00+00:00, run_after=2025-10-02 23:09:00+00:00
[2025-10-02T23:09:09.099+0000] {processor.py:183} INFO - Processing /home/airflow/.local/lib/python3.12/site-packages/airflow/example_dags/example_branch_python_dop_operator_3.py took 0.126 seconds
[2025-10-02T23:09:39.818+0000] {processor.py:161} INFO - Started process (PID=1898) to work on /home/airflow/.local/lib/python3.12/site-packages/airflow/example_dags/example_branch_python_dop_operator_3.py
[2025-10-02T23:09:39.820+0000] {processor.py:830} INFO - Processing file /home/airflow/.local/lib/python3.12/site-packages/airflow/example_dags/example_branch_python_dop_operator_3.py for tasks to queue
[2025-10-02T23:09:39.824+0000] {logging_mixin.py:188} INFO - [2025-10-02T23:09:39.823+0000] {dagbag.py:545} INFO - Filling up the DagBag from /home/airflow/.local/lib/python3.12/site-packages/airflow/example_dags/example_branch_python_dop_operator_3.py
[2025-10-02T23:09:39.838+0000] {processor.py:840} INFO - DAG(s) 'example_branch_dop_operator_v3' retrieved from /home/airflow/.local/lib/python3.12/site-packages/airflow/example_dags/example_branch_python_dop_operator_3.py
[2025-10-02T23:09:39.866+0000] {logging_mixin.py:188} INFO - [2025-10-02T23:09:39.865+0000] {dag.py:3096} INFO - Sync 1 DAGs
[2025-10-02T23:09:39.896+0000] {logging_mixin.py:188} INFO - [2025-10-02T23:09:39.895+0000] {dag.py:3954} INFO - Setting next_dagrun for example_branch_dop_operator_v3 to 2025-10-02 23:08:00+00:00, run_after=2025-10-02 23:09:00+00:00
[2025-10-02T23:09:39.920+0000] {processor.py:183} INFO - Processing /home/airflow/.local/lib/python3.12/site-packages/airflow/example_dags/example_branch_python_dop_operator_3.py took 0.112 seconds
[2025-10-02T23:10:10.141+0000] {processor.py:161} INFO - Started process (PID=1951) to work on /home/airflow/.local/lib/python3.12/site-packages/airflow/example_dags/example_branch_python_dop_operator_3.py
[2025-10-02T23:10:10.143+0000] {processor.py:830} INFO - Processing file /home/airflow/.local/lib/python3.12/site-packages/airflow/example_dags/example_branch_python_dop_operator_3.py for tasks to queue
[2025-10-02T23:10:10.146+0000] {logging_mixin.py:188} INFO - [2025-10-02T23:10:10.146+0000] {dagbag.py:545} INFO - Filling up the DagBag from /home/airflow/.local/lib/python3.12/site-packages/airflow/example_dags/example_branch_python_dop_operator_3.py
[2025-10-02T23:10:10.163+0000] {processor.py:840} INFO - DAG(s) 'example_branch_dop_operator_v3' retrieved from /home/airflow/.local/lib/python3.12/site-packages/airflow/example_dags/example_branch_python_dop_operator_3.py
[2025-10-02T23:10:10.210+0000] {logging_mixin.py:188} INFO - [2025-10-02T23:10:10.209+0000] {dag.py:3096} INFO - Sync 1 DAGs
[2025-10-02T23:10:10.253+0000] {logging_mixin.py:188} INFO - [2025-10-02T23:10:10.253+0000] {dag.py:3954} INFO - Setting next_dagrun for example_branch_dop_operator_v3 to 2025-10-02 23:09:00+00:00, run_after=2025-10-02 23:10:00+00:00
[2025-10-02T23:10:10.293+0000] {processor.py:183} INFO - Processing /home/airflow/.local/lib/python3.12/site-packages/airflow/example_dags/example_branch_python_dop_operator_3.py took 0.163 seconds
