[2025-10-02T22:50:44.728+0000] {processor.py:161} INFO - Started process (PID=77) to work on /home/airflow/.local/lib/python3.12/site-packages/airflow/example_dags/example_python_operator.py
[2025-10-02T22:50:44.731+0000] {processor.py:830} INFO - Processing file /home/airflow/.local/lib/python3.12/site-packages/airflow/example_dags/example_python_operator.py for tasks to queue
[2025-10-02T22:50:44.736+0000] {logging_mixin.py:188} INFO - [2025-10-02T22:50:44.735+0000] {dagbag.py:545} INFO - Filling up the DagBag from /home/airflow/.local/lib/python3.12/site-packages/airflow/example_dags/example_python_operator.py
[2025-10-02T22:50:44.761+0000] {processor.py:840} INFO - DAG(s) 'example_python_operator' retrieved from /home/airflow/.local/lib/python3.12/site-packages/airflow/example_dags/example_python_operator.py
[2025-10-02T22:50:45.001+0000] {logging_mixin.py:188} INFO - [2025-10-02T22:50:45.000+0000] {override.py:1829} INFO - Created Permission View: can delete on DAG:example_python_operator
[2025-10-02T22:50:45.017+0000] {logging_mixin.py:188} INFO - [2025-10-02T22:50:45.016+0000] {override.py:1829} INFO - Created Permission View: can edit on DAG:example_python_operator
[2025-10-02T22:50:45.029+0000] {logging_mixin.py:188} INFO - [2025-10-02T22:50:45.029+0000] {override.py:1829} INFO - Created Permission View: can read on DAG:example_python_operator
[2025-10-02T22:50:45.030+0000] {logging_mixin.py:188} INFO - [2025-10-02T22:50:45.030+0000] {dag.py:3096} INFO - Sync 1 DAGs
[2025-10-02T22:50:45.051+0000] {logging_mixin.py:188} INFO - [2025-10-02T22:50:45.051+0000] {dag.py:3118} INFO - Creating ORM DAG for example_python_operator
[2025-10-02T22:50:45.053+0000] {logging_mixin.py:188} INFO - [2025-10-02T22:50:45.053+0000] {dag.py:3954} INFO - Setting next_dagrun for example_python_operator to None, run_after=None
[2025-10-02T22:50:45.087+0000] {processor.py:183} INFO - Processing /home/airflow/.local/lib/python3.12/site-packages/airflow/example_dags/example_python_operator.py took 0.372 seconds
[2025-10-02T22:51:53.344+0000] {processor.py:161} INFO - Started process (PID=77) to work on /home/airflow/.local/lib/python3.12/site-packages/airflow/example_dags/example_python_operator.py
[2025-10-02T22:51:53.347+0000] {processor.py:830} INFO - Processing file /home/airflow/.local/lib/python3.12/site-packages/airflow/example_dags/example_python_operator.py for tasks to queue
[2025-10-02T22:51:53.352+0000] {logging_mixin.py:188} INFO - [2025-10-02T22:51:53.351+0000] {dagbag.py:545} INFO - Filling up the DagBag from /home/airflow/.local/lib/python3.12/site-packages/airflow/example_dags/example_python_operator.py
[2025-10-02T22:51:53.397+0000] {processor.py:840} INFO - DAG(s) 'example_python_operator' retrieved from /home/airflow/.local/lib/python3.12/site-packages/airflow/example_dags/example_python_operator.py
[2025-10-02T22:51:53.438+0000] {logging_mixin.py:188} INFO - [2025-10-02T22:51:53.438+0000] {dag.py:3096} INFO - Sync 1 DAGs
[2025-10-02T22:51:53.501+0000] {logging_mixin.py:188} INFO - [2025-10-02T22:51:53.501+0000] {dag.py:3954} INFO - Setting next_dagrun for example_python_operator to None, run_after=None
[2025-10-02T22:51:53.547+0000] {processor.py:183} INFO - Processing /home/airflow/.local/lib/python3.12/site-packages/airflow/example_dags/example_python_operator.py took 0.226 seconds
[2025-10-02T22:52:23.862+0000] {processor.py:161} INFO - Started process (PID=130) to work on /home/airflow/.local/lib/python3.12/site-packages/airflow/example_dags/example_python_operator.py
[2025-10-02T22:52:23.864+0000] {processor.py:830} INFO - Processing file /home/airflow/.local/lib/python3.12/site-packages/airflow/example_dags/example_python_operator.py for tasks to queue
[2025-10-02T22:52:23.868+0000] {logging_mixin.py:188} INFO - [2025-10-02T22:52:23.867+0000] {dagbag.py:545} INFO - Filling up the DagBag from /home/airflow/.local/lib/python3.12/site-packages/airflow/example_dags/example_python_operator.py
[2025-10-02T22:52:23.884+0000] {processor.py:840} INFO - DAG(s) 'example_python_operator' retrieved from /home/airflow/.local/lib/python3.12/site-packages/airflow/example_dags/example_python_operator.py
[2025-10-02T22:52:23.901+0000] {logging_mixin.py:188} INFO - [2025-10-02T22:52:23.900+0000] {dag.py:3096} INFO - Sync 1 DAGs
[2025-10-02T22:52:23.923+0000] {logging_mixin.py:188} INFO - [2025-10-02T22:52:23.922+0000] {dag.py:3954} INFO - Setting next_dagrun for example_python_operator to None, run_after=None
[2025-10-02T22:52:23.971+0000] {processor.py:183} INFO - Processing /home/airflow/.local/lib/python3.12/site-packages/airflow/example_dags/example_python_operator.py took 0.120 seconds
[2025-10-02T22:52:55.615+0000] {processor.py:161} INFO - Started process (PID=183) to work on /home/airflow/.local/lib/python3.12/site-packages/airflow/example_dags/example_python_operator.py
[2025-10-02T22:52:55.617+0000] {processor.py:830} INFO - Processing file /home/airflow/.local/lib/python3.12/site-packages/airflow/example_dags/example_python_operator.py for tasks to queue
[2025-10-02T22:52:55.619+0000] {logging_mixin.py:188} INFO - [2025-10-02T22:52:55.619+0000] {dagbag.py:545} INFO - Filling up the DagBag from /home/airflow/.local/lib/python3.12/site-packages/airflow/example_dags/example_python_operator.py
[2025-10-02T22:52:55.636+0000] {processor.py:840} INFO - DAG(s) 'example_python_operator' retrieved from /home/airflow/.local/lib/python3.12/site-packages/airflow/example_dags/example_python_operator.py
[2025-10-02T22:52:55.869+0000] {logging_mixin.py:188} INFO - [2025-10-02T22:52:55.868+0000] {dag.py:3096} INFO - Sync 1 DAGs
[2025-10-02T22:52:55.887+0000] {logging_mixin.py:188} INFO - [2025-10-02T22:52:55.887+0000] {dag.py:3954} INFO - Setting next_dagrun for example_python_operator to None, run_after=None
[2025-10-02T22:52:55.919+0000] {processor.py:183} INFO - Processing /home/airflow/.local/lib/python3.12/site-packages/airflow/example_dags/example_python_operator.py took 0.312 seconds
[2025-10-02T22:53:26.727+0000] {processor.py:161} INFO - Started process (PID=238) to work on /home/airflow/.local/lib/python3.12/site-packages/airflow/example_dags/example_python_operator.py
[2025-10-02T22:53:26.729+0000] {processor.py:830} INFO - Processing file /home/airflow/.local/lib/python3.12/site-packages/airflow/example_dags/example_python_operator.py for tasks to queue
[2025-10-02T22:53:26.732+0000] {logging_mixin.py:188} INFO - [2025-10-02T22:53:26.732+0000] {dagbag.py:545} INFO - Filling up the DagBag from /home/airflow/.local/lib/python3.12/site-packages/airflow/example_dags/example_python_operator.py
[2025-10-02T22:53:26.748+0000] {processor.py:840} INFO - DAG(s) 'example_python_operator' retrieved from /home/airflow/.local/lib/python3.12/site-packages/airflow/example_dags/example_python_operator.py
[2025-10-02T22:53:26.786+0000] {logging_mixin.py:188} INFO - [2025-10-02T22:53:26.786+0000] {dag.py:3096} INFO - Sync 1 DAGs
[2025-10-02T22:53:26.803+0000] {logging_mixin.py:188} INFO - [2025-10-02T22:53:26.803+0000] {dag.py:3954} INFO - Setting next_dagrun for example_python_operator to None, run_after=None
[2025-10-02T22:53:26.828+0000] {processor.py:183} INFO - Processing /home/airflow/.local/lib/python3.12/site-packages/airflow/example_dags/example_python_operator.py took 0.109 seconds
[2025-10-02T22:53:57.304+0000] {processor.py:161} INFO - Started process (PID=291) to work on /home/airflow/.local/lib/python3.12/site-packages/airflow/example_dags/example_python_operator.py
[2025-10-02T22:53:57.305+0000] {processor.py:830} INFO - Processing file /home/airflow/.local/lib/python3.12/site-packages/airflow/example_dags/example_python_operator.py for tasks to queue
[2025-10-02T22:53:57.308+0000] {logging_mixin.py:188} INFO - [2025-10-02T22:53:57.307+0000] {dagbag.py:545} INFO - Filling up the DagBag from /home/airflow/.local/lib/python3.12/site-packages/airflow/example_dags/example_python_operator.py
[2025-10-02T22:53:57.325+0000] {processor.py:840} INFO - DAG(s) 'example_python_operator' retrieved from /home/airflow/.local/lib/python3.12/site-packages/airflow/example_dags/example_python_operator.py
[2025-10-02T22:53:57.343+0000] {logging_mixin.py:188} INFO - [2025-10-02T22:53:57.343+0000] {dag.py:3096} INFO - Sync 1 DAGs
[2025-10-02T22:53:57.364+0000] {logging_mixin.py:188} INFO - [2025-10-02T22:53:57.363+0000] {dag.py:3954} INFO - Setting next_dagrun for example_python_operator to None, run_after=None
[2025-10-02T22:53:57.392+0000] {processor.py:183} INFO - Processing /home/airflow/.local/lib/python3.12/site-packages/airflow/example_dags/example_python_operator.py took 0.097 seconds
[2025-10-02T22:54:30.185+0000] {processor.py:161} INFO - Started process (PID=344) to work on /home/airflow/.local/lib/python3.12/site-packages/airflow/example_dags/example_python_operator.py
[2025-10-02T22:54:30.187+0000] {processor.py:830} INFO - Processing file /home/airflow/.local/lib/python3.12/site-packages/airflow/example_dags/example_python_operator.py for tasks to queue
[2025-10-02T22:54:30.190+0000] {logging_mixin.py:188} INFO - [2025-10-02T22:54:30.190+0000] {dagbag.py:545} INFO - Filling up the DagBag from /home/airflow/.local/lib/python3.12/site-packages/airflow/example_dags/example_python_operator.py
[2025-10-02T22:54:30.212+0000] {processor.py:840} INFO - DAG(s) 'example_python_operator' retrieved from /home/airflow/.local/lib/python3.12/site-packages/airflow/example_dags/example_python_operator.py
[2025-10-02T22:54:30.459+0000] {logging_mixin.py:188} INFO - [2025-10-02T22:54:30.458+0000] {dag.py:3096} INFO - Sync 1 DAGs
[2025-10-02T22:54:30.479+0000] {logging_mixin.py:188} INFO - [2025-10-02T22:54:30.479+0000] {dag.py:3954} INFO - Setting next_dagrun for example_python_operator to None, run_after=None
[2025-10-02T22:54:30.508+0000] {processor.py:183} INFO - Processing /home/airflow/.local/lib/python3.12/site-packages/airflow/example_dags/example_python_operator.py took 0.333 seconds
[2025-10-02T22:55:00.630+0000] {processor.py:161} INFO - Started process (PID=397) to work on /home/airflow/.local/lib/python3.12/site-packages/airflow/example_dags/example_python_operator.py
[2025-10-02T22:55:00.631+0000] {processor.py:830} INFO - Processing file /home/airflow/.local/lib/python3.12/site-packages/airflow/example_dags/example_python_operator.py for tasks to queue
[2025-10-02T22:55:00.634+0000] {logging_mixin.py:188} INFO - [2025-10-02T22:55:00.634+0000] {dagbag.py:545} INFO - Filling up the DagBag from /home/airflow/.local/lib/python3.12/site-packages/airflow/example_dags/example_python_operator.py
[2025-10-02T22:55:00.651+0000] {processor.py:840} INFO - DAG(s) 'example_python_operator' retrieved from /home/airflow/.local/lib/python3.12/site-packages/airflow/example_dags/example_python_operator.py
[2025-10-02T22:55:00.688+0000] {logging_mixin.py:188} INFO - [2025-10-02T22:55:00.687+0000] {dag.py:3096} INFO - Sync 1 DAGs
[2025-10-02T22:55:00.706+0000] {logging_mixin.py:188} INFO - [2025-10-02T22:55:00.706+0000] {dag.py:3954} INFO - Setting next_dagrun for example_python_operator to None, run_after=None
[2025-10-02T22:55:00.735+0000] {processor.py:183} INFO - Processing /home/airflow/.local/lib/python3.12/site-packages/airflow/example_dags/example_python_operator.py took 0.114 seconds
[2025-10-02T22:55:31.826+0000] {processor.py:161} INFO - Started process (PID=454) to work on /home/airflow/.local/lib/python3.12/site-packages/airflow/example_dags/example_python_operator.py
[2025-10-02T22:55:31.828+0000] {processor.py:830} INFO - Processing file /home/airflow/.local/lib/python3.12/site-packages/airflow/example_dags/example_python_operator.py for tasks to queue
[2025-10-02T22:55:31.832+0000] {logging_mixin.py:188} INFO - [2025-10-02T22:55:31.831+0000] {dagbag.py:545} INFO - Filling up the DagBag from /home/airflow/.local/lib/python3.12/site-packages/airflow/example_dags/example_python_operator.py
[2025-10-02T22:55:31.853+0000] {processor.py:840} INFO - DAG(s) 'example_python_operator' retrieved from /home/airflow/.local/lib/python3.12/site-packages/airflow/example_dags/example_python_operator.py
[2025-10-02T22:55:31.887+0000] {logging_mixin.py:188} INFO - [2025-10-02T22:55:31.887+0000] {dag.py:3096} INFO - Sync 1 DAGs
[2025-10-02T22:55:31.906+0000] {logging_mixin.py:188} INFO - [2025-10-02T22:55:31.906+0000] {dag.py:3954} INFO - Setting next_dagrun for example_python_operator to None, run_after=None
[2025-10-02T22:55:31.930+0000] {processor.py:183} INFO - Processing /home/airflow/.local/lib/python3.12/site-packages/airflow/example_dags/example_python_operator.py took 0.115 seconds
[2025-10-02T22:56:02.641+0000] {processor.py:161} INFO - Started process (PID=507) to work on /home/airflow/.local/lib/python3.12/site-packages/airflow/example_dags/example_python_operator.py
[2025-10-02T22:56:02.643+0000] {processor.py:830} INFO - Processing file /home/airflow/.local/lib/python3.12/site-packages/airflow/example_dags/example_python_operator.py for tasks to queue
[2025-10-02T22:56:02.648+0000] {logging_mixin.py:188} INFO - [2025-10-02T22:56:02.648+0000] {dagbag.py:545} INFO - Filling up the DagBag from /home/airflow/.local/lib/python3.12/site-packages/airflow/example_dags/example_python_operator.py
[2025-10-02T22:56:02.667+0000] {processor.py:840} INFO - DAG(s) 'example_python_operator' retrieved from /home/airflow/.local/lib/python3.12/site-packages/airflow/example_dags/example_python_operator.py
[2025-10-02T22:56:02.701+0000] {logging_mixin.py:188} INFO - [2025-10-02T22:56:02.701+0000] {dag.py:3096} INFO - Sync 1 DAGs
[2025-10-02T22:56:02.722+0000] {logging_mixin.py:188} INFO - [2025-10-02T22:56:02.722+0000] {dag.py:3954} INFO - Setting next_dagrun for example_python_operator to None, run_after=None
[2025-10-02T22:56:02.768+0000] {processor.py:183} INFO - Processing /home/airflow/.local/lib/python3.12/site-packages/airflow/example_dags/example_python_operator.py took 0.136 seconds
[2025-10-02T22:56:33.395+0000] {processor.py:161} INFO - Started process (PID=560) to work on /home/airflow/.local/lib/python3.12/site-packages/airflow/example_dags/example_python_operator.py
[2025-10-02T22:56:33.399+0000] {processor.py:830} INFO - Processing file /home/airflow/.local/lib/python3.12/site-packages/airflow/example_dags/example_python_operator.py for tasks to queue
[2025-10-02T22:56:33.403+0000] {logging_mixin.py:188} INFO - [2025-10-02T22:56:33.402+0000] {dagbag.py:545} INFO - Filling up the DagBag from /home/airflow/.local/lib/python3.12/site-packages/airflow/example_dags/example_python_operator.py
[2025-10-02T22:56:33.421+0000] {processor.py:840} INFO - DAG(s) 'example_python_operator' retrieved from /home/airflow/.local/lib/python3.12/site-packages/airflow/example_dags/example_python_operator.py
[2025-10-02T22:56:33.469+0000] {logging_mixin.py:188} INFO - [2025-10-02T22:56:33.468+0000] {dag.py:3096} INFO - Sync 1 DAGs
[2025-10-02T22:56:33.514+0000] {logging_mixin.py:188} INFO - [2025-10-02T22:56:33.514+0000] {dag.py:3954} INFO - Setting next_dagrun for example_python_operator to None, run_after=None
[2025-10-02T22:56:33.587+0000] {processor.py:183} INFO - Processing /home/airflow/.local/lib/python3.12/site-packages/airflow/example_dags/example_python_operator.py took 0.208 seconds
[2025-10-02T22:57:03.679+0000] {processor.py:161} INFO - Started process (PID=613) to work on /home/airflow/.local/lib/python3.12/site-packages/airflow/example_dags/example_python_operator.py
[2025-10-02T22:57:03.681+0000] {processor.py:830} INFO - Processing file /home/airflow/.local/lib/python3.12/site-packages/airflow/example_dags/example_python_operator.py for tasks to queue
[2025-10-02T22:57:03.685+0000] {logging_mixin.py:188} INFO - [2025-10-02T22:57:03.685+0000] {dagbag.py:545} INFO - Filling up the DagBag from /home/airflow/.local/lib/python3.12/site-packages/airflow/example_dags/example_python_operator.py
[2025-10-02T22:57:03.707+0000] {processor.py:840} INFO - DAG(s) 'example_python_operator' retrieved from /home/airflow/.local/lib/python3.12/site-packages/airflow/example_dags/example_python_operator.py
[2025-10-02T22:57:03.762+0000] {logging_mixin.py:188} INFO - [2025-10-02T22:57:03.762+0000] {dag.py:3096} INFO - Sync 1 DAGs
[2025-10-02T22:57:03.781+0000] {logging_mixin.py:188} INFO - [2025-10-02T22:57:03.781+0000] {dag.py:3954} INFO - Setting next_dagrun for example_python_operator to None, run_after=None
[2025-10-02T22:57:03.807+0000] {processor.py:183} INFO - Processing /home/airflow/.local/lib/python3.12/site-packages/airflow/example_dags/example_python_operator.py took 0.141 seconds
[2025-10-02T22:57:34.288+0000] {processor.py:161} INFO - Started process (PID=667) to work on /home/airflow/.local/lib/python3.12/site-packages/airflow/example_dags/example_python_operator.py
[2025-10-02T22:57:34.290+0000] {processor.py:830} INFO - Processing file /home/airflow/.local/lib/python3.12/site-packages/airflow/example_dags/example_python_operator.py for tasks to queue
[2025-10-02T22:57:34.295+0000] {logging_mixin.py:188} INFO - [2025-10-02T22:57:34.294+0000] {dagbag.py:545} INFO - Filling up the DagBag from /home/airflow/.local/lib/python3.12/site-packages/airflow/example_dags/example_python_operator.py
[2025-10-02T22:57:34.316+0000] {processor.py:840} INFO - DAG(s) 'example_python_operator' retrieved from /home/airflow/.local/lib/python3.12/site-packages/airflow/example_dags/example_python_operator.py
[2025-10-02T22:57:34.371+0000] {logging_mixin.py:188} INFO - [2025-10-02T22:57:34.370+0000] {dag.py:3096} INFO - Sync 1 DAGs
[2025-10-02T22:57:34.396+0000] {logging_mixin.py:188} INFO - [2025-10-02T22:57:34.396+0000] {dag.py:3954} INFO - Setting next_dagrun for example_python_operator to None, run_after=None
[2025-10-02T22:57:34.430+0000] {processor.py:183} INFO - Processing /home/airflow/.local/lib/python3.12/site-packages/airflow/example_dags/example_python_operator.py took 0.155 seconds
[2025-10-02T22:58:04.527+0000] {processor.py:161} INFO - Started process (PID=720) to work on /home/airflow/.local/lib/python3.12/site-packages/airflow/example_dags/example_python_operator.py
[2025-10-02T22:58:04.528+0000] {processor.py:830} INFO - Processing file /home/airflow/.local/lib/python3.12/site-packages/airflow/example_dags/example_python_operator.py for tasks to queue
[2025-10-02T22:58:04.532+0000] {logging_mixin.py:188} INFO - [2025-10-02T22:58:04.532+0000] {dagbag.py:545} INFO - Filling up the DagBag from /home/airflow/.local/lib/python3.12/site-packages/airflow/example_dags/example_python_operator.py
[2025-10-02T22:58:04.549+0000] {processor.py:840} INFO - DAG(s) 'example_python_operator' retrieved from /home/airflow/.local/lib/python3.12/site-packages/airflow/example_dags/example_python_operator.py
[2025-10-02T22:58:04.567+0000] {logging_mixin.py:188} INFO - [2025-10-02T22:58:04.567+0000] {dag.py:3096} INFO - Sync 1 DAGs
[2025-10-02T22:58:04.587+0000] {logging_mixin.py:188} INFO - [2025-10-02T22:58:04.587+0000] {dag.py:3954} INFO - Setting next_dagrun for example_python_operator to None, run_after=None
[2025-10-02T22:58:04.613+0000] {processor.py:183} INFO - Processing /home/airflow/.local/lib/python3.12/site-packages/airflow/example_dags/example_python_operator.py took 0.096 seconds
[2025-10-02T22:58:36.596+0000] {processor.py:161} INFO - Started process (PID=773) to work on /home/airflow/.local/lib/python3.12/site-packages/airflow/example_dags/example_python_operator.py
[2025-10-02T22:58:36.598+0000] {processor.py:830} INFO - Processing file /home/airflow/.local/lib/python3.12/site-packages/airflow/example_dags/example_python_operator.py for tasks to queue
[2025-10-02T22:58:36.602+0000] {logging_mixin.py:188} INFO - [2025-10-02T22:58:36.602+0000] {dagbag.py:545} INFO - Filling up the DagBag from /home/airflow/.local/lib/python3.12/site-packages/airflow/example_dags/example_python_operator.py
[2025-10-02T22:58:36.626+0000] {processor.py:840} INFO - DAG(s) 'example_python_operator' retrieved from /home/airflow/.local/lib/python3.12/site-packages/airflow/example_dags/example_python_operator.py
[2025-10-02T22:58:36.853+0000] {logging_mixin.py:188} INFO - [2025-10-02T22:58:36.853+0000] {dag.py:3096} INFO - Sync 1 DAGs
[2025-10-02T22:58:36.884+0000] {logging_mixin.py:188} INFO - [2025-10-02T22:58:36.883+0000] {dag.py:3954} INFO - Setting next_dagrun for example_python_operator to None, run_after=None
[2025-10-02T22:58:36.928+0000] {processor.py:183} INFO - Processing /home/airflow/.local/lib/python3.12/site-packages/airflow/example_dags/example_python_operator.py took 0.347 seconds
[2025-10-02T22:59:07.033+0000] {processor.py:161} INFO - Started process (PID=826) to work on /home/airflow/.local/lib/python3.12/site-packages/airflow/example_dags/example_python_operator.py
[2025-10-02T22:59:07.035+0000] {processor.py:830} INFO - Processing file /home/airflow/.local/lib/python3.12/site-packages/airflow/example_dags/example_python_operator.py for tasks to queue
[2025-10-02T22:59:07.040+0000] {logging_mixin.py:188} INFO - [2025-10-02T22:59:07.039+0000] {dagbag.py:545} INFO - Filling up the DagBag from /home/airflow/.local/lib/python3.12/site-packages/airflow/example_dags/example_python_operator.py
[2025-10-02T22:59:07.058+0000] {processor.py:840} INFO - DAG(s) 'example_python_operator' retrieved from /home/airflow/.local/lib/python3.12/site-packages/airflow/example_dags/example_python_operator.py
[2025-10-02T22:59:07.100+0000] {logging_mixin.py:188} INFO - [2025-10-02T22:59:07.100+0000] {dag.py:3096} INFO - Sync 1 DAGs
[2025-10-02T22:59:07.120+0000] {logging_mixin.py:188} INFO - [2025-10-02T22:59:07.119+0000] {dag.py:3954} INFO - Setting next_dagrun for example_python_operator to None, run_after=None
[2025-10-02T22:59:07.150+0000] {processor.py:183} INFO - Processing /home/airflow/.local/lib/python3.12/site-packages/airflow/example_dags/example_python_operator.py took 0.130 seconds
[2025-10-02T22:59:37.631+0000] {processor.py:161} INFO - Started process (PID=879) to work on /home/airflow/.local/lib/python3.12/site-packages/airflow/example_dags/example_python_operator.py
[2025-10-02T22:59:37.633+0000] {processor.py:830} INFO - Processing file /home/airflow/.local/lib/python3.12/site-packages/airflow/example_dags/example_python_operator.py for tasks to queue
[2025-10-02T22:59:37.636+0000] {logging_mixin.py:188} INFO - [2025-10-02T22:59:37.636+0000] {dagbag.py:545} INFO - Filling up the DagBag from /home/airflow/.local/lib/python3.12/site-packages/airflow/example_dags/example_python_operator.py
[2025-10-02T22:59:37.652+0000] {processor.py:840} INFO - DAG(s) 'example_python_operator' retrieved from /home/airflow/.local/lib/python3.12/site-packages/airflow/example_dags/example_python_operator.py
[2025-10-02T22:59:37.682+0000] {logging_mixin.py:188} INFO - [2025-10-02T22:59:37.681+0000] {dag.py:3096} INFO - Sync 1 DAGs
[2025-10-02T22:59:37.697+0000] {logging_mixin.py:188} INFO - [2025-10-02T22:59:37.697+0000] {dag.py:3954} INFO - Setting next_dagrun for example_python_operator to None, run_after=None
[2025-10-02T22:59:37.720+0000] {processor.py:183} INFO - Processing /home/airflow/.local/lib/python3.12/site-packages/airflow/example_dags/example_python_operator.py took 0.102 seconds
[2025-10-02T23:00:08.231+0000] {processor.py:161} INFO - Started process (PID=932) to work on /home/airflow/.local/lib/python3.12/site-packages/airflow/example_dags/example_python_operator.py
[2025-10-02T23:00:08.232+0000] {processor.py:830} INFO - Processing file /home/airflow/.local/lib/python3.12/site-packages/airflow/example_dags/example_python_operator.py for tasks to queue
[2025-10-02T23:00:08.235+0000] {logging_mixin.py:188} INFO - [2025-10-02T23:00:08.235+0000] {dagbag.py:545} INFO - Filling up the DagBag from /home/airflow/.local/lib/python3.12/site-packages/airflow/example_dags/example_python_operator.py
[2025-10-02T23:00:08.248+0000] {processor.py:840} INFO - DAG(s) 'example_python_operator' retrieved from /home/airflow/.local/lib/python3.12/site-packages/airflow/example_dags/example_python_operator.py
[2025-10-02T23:00:08.276+0000] {logging_mixin.py:188} INFO - [2025-10-02T23:00:08.276+0000] {dag.py:3096} INFO - Sync 1 DAGs
[2025-10-02T23:00:08.292+0000] {logging_mixin.py:188} INFO - [2025-10-02T23:00:08.292+0000] {dag.py:3954} INFO - Setting next_dagrun for example_python_operator to None, run_after=None
[2025-10-02T23:00:08.314+0000] {processor.py:183} INFO - Processing /home/airflow/.local/lib/python3.12/site-packages/airflow/example_dags/example_python_operator.py took 0.091 seconds
[2025-10-02T23:00:38.681+0000] {processor.py:161} INFO - Started process (PID=985) to work on /home/airflow/.local/lib/python3.12/site-packages/airflow/example_dags/example_python_operator.py
[2025-10-02T23:00:38.682+0000] {processor.py:830} INFO - Processing file /home/airflow/.local/lib/python3.12/site-packages/airflow/example_dags/example_python_operator.py for tasks to queue
[2025-10-02T23:00:38.685+0000] {logging_mixin.py:188} INFO - [2025-10-02T23:00:38.685+0000] {dagbag.py:545} INFO - Filling up the DagBag from /home/airflow/.local/lib/python3.12/site-packages/airflow/example_dags/example_python_operator.py
[2025-10-02T23:00:38.699+0000] {processor.py:840} INFO - DAG(s) 'example_python_operator' retrieved from /home/airflow/.local/lib/python3.12/site-packages/airflow/example_dags/example_python_operator.py
[2025-10-02T23:00:38.728+0000] {logging_mixin.py:188} INFO - [2025-10-02T23:00:38.728+0000] {dag.py:3096} INFO - Sync 1 DAGs
[2025-10-02T23:00:38.744+0000] {logging_mixin.py:188} INFO - [2025-10-02T23:00:38.744+0000] {dag.py:3954} INFO - Setting next_dagrun for example_python_operator to None, run_after=None
[2025-10-02T23:00:38.770+0000] {processor.py:183} INFO - Processing /home/airflow/.local/lib/python3.12/site-packages/airflow/example_dags/example_python_operator.py took 0.098 seconds
[2025-10-02T23:01:08.866+0000] {processor.py:161} INFO - Started process (PID=1038) to work on /home/airflow/.local/lib/python3.12/site-packages/airflow/example_dags/example_python_operator.py
[2025-10-02T23:01:08.867+0000] {processor.py:830} INFO - Processing file /home/airflow/.local/lib/python3.12/site-packages/airflow/example_dags/example_python_operator.py for tasks to queue
[2025-10-02T23:01:08.870+0000] {logging_mixin.py:188} INFO - [2025-10-02T23:01:08.870+0000] {dagbag.py:545} INFO - Filling up the DagBag from /home/airflow/.local/lib/python3.12/site-packages/airflow/example_dags/example_python_operator.py
[2025-10-02T23:01:08.884+0000] {processor.py:840} INFO - DAG(s) 'example_python_operator' retrieved from /home/airflow/.local/lib/python3.12/site-packages/airflow/example_dags/example_python_operator.py
[2025-10-02T23:01:08.915+0000] {logging_mixin.py:188} INFO - [2025-10-02T23:01:08.914+0000] {dag.py:3096} INFO - Sync 1 DAGs
[2025-10-02T23:01:08.932+0000] {logging_mixin.py:188} INFO - [2025-10-02T23:01:08.931+0000] {dag.py:3954} INFO - Setting next_dagrun for example_python_operator to None, run_after=None
[2025-10-02T23:01:08.957+0000] {processor.py:183} INFO - Processing /home/airflow/.local/lib/python3.12/site-packages/airflow/example_dags/example_python_operator.py took 0.098 seconds
[2025-10-02T23:01:39.547+0000] {processor.py:161} INFO - Started process (PID=1091) to work on /home/airflow/.local/lib/python3.12/site-packages/airflow/example_dags/example_python_operator.py
[2025-10-02T23:01:39.549+0000] {processor.py:830} INFO - Processing file /home/airflow/.local/lib/python3.12/site-packages/airflow/example_dags/example_python_operator.py for tasks to queue
[2025-10-02T23:01:39.553+0000] {logging_mixin.py:188} INFO - [2025-10-02T23:01:39.553+0000] {dagbag.py:545} INFO - Filling up the DagBag from /home/airflow/.local/lib/python3.12/site-packages/airflow/example_dags/example_python_operator.py
[2025-10-02T23:01:39.570+0000] {processor.py:840} INFO - DAG(s) 'example_python_operator' retrieved from /home/airflow/.local/lib/python3.12/site-packages/airflow/example_dags/example_python_operator.py
[2025-10-02T23:01:39.603+0000] {logging_mixin.py:188} INFO - [2025-10-02T23:01:39.602+0000] {dag.py:3096} INFO - Sync 1 DAGs
[2025-10-02T23:01:39.622+0000] {logging_mixin.py:188} INFO - [2025-10-02T23:01:39.622+0000] {dag.py:3954} INFO - Setting next_dagrun for example_python_operator to None, run_after=None
[2025-10-02T23:01:39.650+0000] {processor.py:183} INFO - Processing /home/airflow/.local/lib/python3.12/site-packages/airflow/example_dags/example_python_operator.py took 0.112 seconds
[2025-10-02T23:02:10.209+0000] {processor.py:161} INFO - Started process (PID=1144) to work on /home/airflow/.local/lib/python3.12/site-packages/airflow/example_dags/example_python_operator.py
[2025-10-02T23:02:10.211+0000] {processor.py:830} INFO - Processing file /home/airflow/.local/lib/python3.12/site-packages/airflow/example_dags/example_python_operator.py for tasks to queue
[2025-10-02T23:02:10.214+0000] {logging_mixin.py:188} INFO - [2025-10-02T23:02:10.214+0000] {dagbag.py:545} INFO - Filling up the DagBag from /home/airflow/.local/lib/python3.12/site-packages/airflow/example_dags/example_python_operator.py
[2025-10-02T23:02:10.231+0000] {processor.py:840} INFO - DAG(s) 'example_python_operator' retrieved from /home/airflow/.local/lib/python3.12/site-packages/airflow/example_dags/example_python_operator.py
[2025-10-02T23:02:10.260+0000] {logging_mixin.py:188} INFO - [2025-10-02T23:02:10.259+0000] {dag.py:3096} INFO - Sync 1 DAGs
[2025-10-02T23:02:10.275+0000] {logging_mixin.py:188} INFO - [2025-10-02T23:02:10.275+0000] {dag.py:3954} INFO - Setting next_dagrun for example_python_operator to None, run_after=None
[2025-10-02T23:02:10.299+0000] {processor.py:183} INFO - Processing /home/airflow/.local/lib/python3.12/site-packages/airflow/example_dags/example_python_operator.py took 0.099 seconds
[2025-10-02T23:02:40.804+0000] {processor.py:161} INFO - Started process (PID=1197) to work on /home/airflow/.local/lib/python3.12/site-packages/airflow/example_dags/example_python_operator.py
[2025-10-02T23:02:40.806+0000] {processor.py:830} INFO - Processing file /home/airflow/.local/lib/python3.12/site-packages/airflow/example_dags/example_python_operator.py for tasks to queue
[2025-10-02T23:02:40.808+0000] {logging_mixin.py:188} INFO - [2025-10-02T23:02:40.808+0000] {dagbag.py:545} INFO - Filling up the DagBag from /home/airflow/.local/lib/python3.12/site-packages/airflow/example_dags/example_python_operator.py
[2025-10-02T23:02:40.824+0000] {processor.py:840} INFO - DAG(s) 'example_python_operator' retrieved from /home/airflow/.local/lib/python3.12/site-packages/airflow/example_dags/example_python_operator.py
[2025-10-02T23:02:40.858+0000] {logging_mixin.py:188} INFO - [2025-10-02T23:02:40.858+0000] {dag.py:3096} INFO - Sync 1 DAGs
[2025-10-02T23:02:40.874+0000] {logging_mixin.py:188} INFO - [2025-10-02T23:02:40.873+0000] {dag.py:3954} INFO - Setting next_dagrun for example_python_operator to None, run_after=None
[2025-10-02T23:02:40.902+0000] {processor.py:183} INFO - Processing /home/airflow/.local/lib/python3.12/site-packages/airflow/example_dags/example_python_operator.py took 0.105 seconds
[2025-10-02T23:03:11.804+0000] {processor.py:161} INFO - Started process (PID=1250) to work on /home/airflow/.local/lib/python3.12/site-packages/airflow/example_dags/example_python_operator.py
[2025-10-02T23:03:11.805+0000] {processor.py:830} INFO - Processing file /home/airflow/.local/lib/python3.12/site-packages/airflow/example_dags/example_python_operator.py for tasks to queue
[2025-10-02T23:03:11.808+0000] {logging_mixin.py:188} INFO - [2025-10-02T23:03:11.808+0000] {dagbag.py:545} INFO - Filling up the DagBag from /home/airflow/.local/lib/python3.12/site-packages/airflow/example_dags/example_python_operator.py
[2025-10-02T23:03:11.823+0000] {processor.py:840} INFO - DAG(s) 'example_python_operator' retrieved from /home/airflow/.local/lib/python3.12/site-packages/airflow/example_dags/example_python_operator.py
[2025-10-02T23:03:11.853+0000] {logging_mixin.py:188} INFO - [2025-10-02T23:03:11.853+0000] {dag.py:3096} INFO - Sync 1 DAGs
[2025-10-02T23:03:11.873+0000] {logging_mixin.py:188} INFO - [2025-10-02T23:03:11.872+0000] {dag.py:3954} INFO - Setting next_dagrun for example_python_operator to None, run_after=None
[2025-10-02T23:03:11.902+0000] {processor.py:183} INFO - Processing /home/airflow/.local/lib/python3.12/site-packages/airflow/example_dags/example_python_operator.py took 0.108 seconds
[2025-10-02T23:03:42.010+0000] {processor.py:161} INFO - Started process (PID=1303) to work on /home/airflow/.local/lib/python3.12/site-packages/airflow/example_dags/example_python_operator.py
[2025-10-02T23:03:42.011+0000] {processor.py:830} INFO - Processing file /home/airflow/.local/lib/python3.12/site-packages/airflow/example_dags/example_python_operator.py for tasks to queue
[2025-10-02T23:03:42.014+0000] {logging_mixin.py:188} INFO - [2025-10-02T23:03:42.014+0000] {dagbag.py:545} INFO - Filling up the DagBag from /home/airflow/.local/lib/python3.12/site-packages/airflow/example_dags/example_python_operator.py
[2025-10-02T23:03:42.028+0000] {processor.py:840} INFO - DAG(s) 'example_python_operator' retrieved from /home/airflow/.local/lib/python3.12/site-packages/airflow/example_dags/example_python_operator.py
[2025-10-02T23:03:42.058+0000] {logging_mixin.py:188} INFO - [2025-10-02T23:03:42.057+0000] {dag.py:3096} INFO - Sync 1 DAGs
[2025-10-02T23:03:42.076+0000] {logging_mixin.py:188} INFO - [2025-10-02T23:03:42.076+0000] {dag.py:3954} INFO - Setting next_dagrun for example_python_operator to None, run_after=None
[2025-10-02T23:03:42.103+0000] {processor.py:183} INFO - Processing /home/airflow/.local/lib/python3.12/site-packages/airflow/example_dags/example_python_operator.py took 0.101 seconds
[2025-10-02T23:04:12.895+0000] {processor.py:161} INFO - Started process (PID=1356) to work on /home/airflow/.local/lib/python3.12/site-packages/airflow/example_dags/example_python_operator.py
[2025-10-02T23:04:12.897+0000] {processor.py:830} INFO - Processing file /home/airflow/.local/lib/python3.12/site-packages/airflow/example_dags/example_python_operator.py for tasks to queue
[2025-10-02T23:04:12.899+0000] {logging_mixin.py:188} INFO - [2025-10-02T23:04:12.899+0000] {dagbag.py:545} INFO - Filling up the DagBag from /home/airflow/.local/lib/python3.12/site-packages/airflow/example_dags/example_python_operator.py
[2025-10-02T23:04:12.915+0000] {processor.py:840} INFO - DAG(s) 'example_python_operator' retrieved from /home/airflow/.local/lib/python3.12/site-packages/airflow/example_dags/example_python_operator.py
[2025-10-02T23:04:12.944+0000] {logging_mixin.py:188} INFO - [2025-10-02T23:04:12.944+0000] {dag.py:3096} INFO - Sync 1 DAGs
[2025-10-02T23:04:12.961+0000] {logging_mixin.py:188} INFO - [2025-10-02T23:04:12.960+0000] {dag.py:3954} INFO - Setting next_dagrun for example_python_operator to None, run_after=None
[2025-10-02T23:04:12.985+0000] {processor.py:183} INFO - Processing /home/airflow/.local/lib/python3.12/site-packages/airflow/example_dags/example_python_operator.py took 0.098 seconds
[2025-10-02T23:04:43.371+0000] {processor.py:161} INFO - Started process (PID=1409) to work on /home/airflow/.local/lib/python3.12/site-packages/airflow/example_dags/example_python_operator.py
[2025-10-02T23:04:43.372+0000] {processor.py:830} INFO - Processing file /home/airflow/.local/lib/python3.12/site-packages/airflow/example_dags/example_python_operator.py for tasks to queue
[2025-10-02T23:04:43.375+0000] {logging_mixin.py:188} INFO - [2025-10-02T23:04:43.375+0000] {dagbag.py:545} INFO - Filling up the DagBag from /home/airflow/.local/lib/python3.12/site-packages/airflow/example_dags/example_python_operator.py
[2025-10-02T23:04:43.391+0000] {processor.py:840} INFO - DAG(s) 'example_python_operator' retrieved from /home/airflow/.local/lib/python3.12/site-packages/airflow/example_dags/example_python_operator.py
[2025-10-02T23:04:43.430+0000] {logging_mixin.py:188} INFO - [2025-10-02T23:04:43.430+0000] {dag.py:3096} INFO - Sync 1 DAGs
[2025-10-02T23:04:43.455+0000] {logging_mixin.py:188} INFO - [2025-10-02T23:04:43.454+0000] {dag.py:3954} INFO - Setting next_dagrun for example_python_operator to None, run_after=None
[2025-10-02T23:04:43.487+0000] {processor.py:183} INFO - Processing /home/airflow/.local/lib/python3.12/site-packages/airflow/example_dags/example_python_operator.py took 0.126 seconds
[2025-10-02T23:05:13.621+0000] {processor.py:161} INFO - Started process (PID=1462) to work on /home/airflow/.local/lib/python3.12/site-packages/airflow/example_dags/example_python_operator.py
[2025-10-02T23:05:13.623+0000] {processor.py:830} INFO - Processing file /home/airflow/.local/lib/python3.12/site-packages/airflow/example_dags/example_python_operator.py for tasks to queue
[2025-10-02T23:05:13.627+0000] {logging_mixin.py:188} INFO - [2025-10-02T23:05:13.626+0000] {dagbag.py:545} INFO - Filling up the DagBag from /home/airflow/.local/lib/python3.12/site-packages/airflow/example_dags/example_python_operator.py
[2025-10-02T23:05:13.644+0000] {processor.py:840} INFO - DAG(s) 'example_python_operator' retrieved from /home/airflow/.local/lib/python3.12/site-packages/airflow/example_dags/example_python_operator.py
[2025-10-02T23:05:13.679+0000] {logging_mixin.py:188} INFO - [2025-10-02T23:05:13.678+0000] {dag.py:3096} INFO - Sync 1 DAGs
[2025-10-02T23:05:13.697+0000] {logging_mixin.py:188} INFO - [2025-10-02T23:05:13.696+0000] {dag.py:3954} INFO - Setting next_dagrun for example_python_operator to None, run_after=None
[2025-10-02T23:05:13.723+0000] {processor.py:183} INFO - Processing /home/airflow/.local/lib/python3.12/site-packages/airflow/example_dags/example_python_operator.py took 0.112 seconds
[2025-10-02T23:05:44.533+0000] {processor.py:161} INFO - Started process (PID=1515) to work on /home/airflow/.local/lib/python3.12/site-packages/airflow/example_dags/example_python_operator.py
[2025-10-02T23:05:44.535+0000] {processor.py:830} INFO - Processing file /home/airflow/.local/lib/python3.12/site-packages/airflow/example_dags/example_python_operator.py for tasks to queue
[2025-10-02T23:05:44.538+0000] {logging_mixin.py:188} INFO - [2025-10-02T23:05:44.538+0000] {dagbag.py:545} INFO - Filling up the DagBag from /home/airflow/.local/lib/python3.12/site-packages/airflow/example_dags/example_python_operator.py
[2025-10-02T23:05:44.560+0000] {processor.py:840} INFO - DAG(s) 'example_python_operator' retrieved from /home/airflow/.local/lib/python3.12/site-packages/airflow/example_dags/example_python_operator.py
[2025-10-02T23:05:44.596+0000] {logging_mixin.py:188} INFO - [2025-10-02T23:05:44.595+0000] {dag.py:3096} INFO - Sync 1 DAGs
[2025-10-02T23:05:44.617+0000] {logging_mixin.py:188} INFO - [2025-10-02T23:05:44.617+0000] {dag.py:3954} INFO - Setting next_dagrun for example_python_operator to None, run_after=None
[2025-10-02T23:05:44.648+0000] {processor.py:183} INFO - Processing /home/airflow/.local/lib/python3.12/site-packages/airflow/example_dags/example_python_operator.py took 0.123 seconds
[2025-10-02T23:06:14.907+0000] {processor.py:161} INFO - Started process (PID=1568) to work on /home/airflow/.local/lib/python3.12/site-packages/airflow/example_dags/example_python_operator.py
[2025-10-02T23:06:14.909+0000] {processor.py:830} INFO - Processing file /home/airflow/.local/lib/python3.12/site-packages/airflow/example_dags/example_python_operator.py for tasks to queue
[2025-10-02T23:06:14.912+0000] {logging_mixin.py:188} INFO - [2025-10-02T23:06:14.912+0000] {dagbag.py:545} INFO - Filling up the DagBag from /home/airflow/.local/lib/python3.12/site-packages/airflow/example_dags/example_python_operator.py
[2025-10-02T23:06:14.926+0000] {processor.py:840} INFO - DAG(s) 'example_python_operator' retrieved from /home/airflow/.local/lib/python3.12/site-packages/airflow/example_dags/example_python_operator.py
[2025-10-02T23:06:14.956+0000] {logging_mixin.py:188} INFO - [2025-10-02T23:06:14.956+0000] {dag.py:3096} INFO - Sync 1 DAGs
[2025-10-02T23:06:14.976+0000] {logging_mixin.py:188} INFO - [2025-10-02T23:06:14.975+0000] {dag.py:3954} INFO - Setting next_dagrun for example_python_operator to None, run_after=None
[2025-10-02T23:06:15.002+0000] {processor.py:183} INFO - Processing /home/airflow/.local/lib/python3.12/site-packages/airflow/example_dags/example_python_operator.py took 0.102 seconds
[2025-10-02T23:06:45.204+0000] {processor.py:161} INFO - Started process (PID=1621) to work on /home/airflow/.local/lib/python3.12/site-packages/airflow/example_dags/example_python_operator.py
[2025-10-02T23:06:45.206+0000] {processor.py:830} INFO - Processing file /home/airflow/.local/lib/python3.12/site-packages/airflow/example_dags/example_python_operator.py for tasks to queue
[2025-10-02T23:06:45.209+0000] {logging_mixin.py:188} INFO - [2025-10-02T23:06:45.208+0000] {dagbag.py:545} INFO - Filling up the DagBag from /home/airflow/.local/lib/python3.12/site-packages/airflow/example_dags/example_python_operator.py
[2025-10-02T23:06:45.224+0000] {processor.py:840} INFO - DAG(s) 'example_python_operator' retrieved from /home/airflow/.local/lib/python3.12/site-packages/airflow/example_dags/example_python_operator.py
[2025-10-02T23:06:45.257+0000] {logging_mixin.py:188} INFO - [2025-10-02T23:06:45.257+0000] {dag.py:3096} INFO - Sync 1 DAGs
[2025-10-02T23:06:45.274+0000] {logging_mixin.py:188} INFO - [2025-10-02T23:06:45.274+0000] {dag.py:3954} INFO - Setting next_dagrun for example_python_operator to None, run_after=None
[2025-10-02T23:06:45.298+0000] {processor.py:183} INFO - Processing /home/airflow/.local/lib/python3.12/site-packages/airflow/example_dags/example_python_operator.py took 0.107 seconds
[2025-10-02T23:07:17.244+0000] {processor.py:161} INFO - Started process (PID=1674) to work on /home/airflow/.local/lib/python3.12/site-packages/airflow/example_dags/example_python_operator.py
[2025-10-02T23:07:17.246+0000] {processor.py:830} INFO - Processing file /home/airflow/.local/lib/python3.12/site-packages/airflow/example_dags/example_python_operator.py for tasks to queue
[2025-10-02T23:07:17.251+0000] {logging_mixin.py:188} INFO - [2025-10-02T23:07:17.250+0000] {dagbag.py:545} INFO - Filling up the DagBag from /home/airflow/.local/lib/python3.12/site-packages/airflow/example_dags/example_python_operator.py
[2025-10-02T23:07:17.275+0000] {processor.py:840} INFO - DAG(s) 'example_python_operator' retrieved from /home/airflow/.local/lib/python3.12/site-packages/airflow/example_dags/example_python_operator.py
[2025-10-02T23:07:17.335+0000] {logging_mixin.py:188} INFO - [2025-10-02T23:07:17.334+0000] {dag.py:3096} INFO - Sync 1 DAGs
[2025-10-02T23:07:17.540+0000] {logging_mixin.py:188} INFO - [2025-10-02T23:07:17.540+0000] {dag.py:3954} INFO - Setting next_dagrun for example_python_operator to None, run_after=None
[2025-10-02T23:07:17.565+0000] {processor.py:183} INFO - Processing /home/airflow/.local/lib/python3.12/site-packages/airflow/example_dags/example_python_operator.py took 0.332 seconds
[2025-10-02T23:07:47.716+0000] {processor.py:161} INFO - Started process (PID=1727) to work on /home/airflow/.local/lib/python3.12/site-packages/airflow/example_dags/example_python_operator.py
[2025-10-02T23:07:47.718+0000] {processor.py:830} INFO - Processing file /home/airflow/.local/lib/python3.12/site-packages/airflow/example_dags/example_python_operator.py for tasks to queue
[2025-10-02T23:07:47.721+0000] {logging_mixin.py:188} INFO - [2025-10-02T23:07:47.721+0000] {dagbag.py:545} INFO - Filling up the DagBag from /home/airflow/.local/lib/python3.12/site-packages/airflow/example_dags/example_python_operator.py
[2025-10-02T23:07:47.738+0000] {processor.py:840} INFO - DAG(s) 'example_python_operator' retrieved from /home/airflow/.local/lib/python3.12/site-packages/airflow/example_dags/example_python_operator.py
[2025-10-02T23:07:47.778+0000] {logging_mixin.py:188} INFO - [2025-10-02T23:07:47.778+0000] {dag.py:3096} INFO - Sync 1 DAGs
[2025-10-02T23:07:47.798+0000] {logging_mixin.py:188} INFO - [2025-10-02T23:07:47.798+0000] {dag.py:3954} INFO - Setting next_dagrun for example_python_operator to None, run_after=None
[2025-10-02T23:07:47.830+0000] {processor.py:183} INFO - Processing /home/airflow/.local/lib/python3.12/site-packages/airflow/example_dags/example_python_operator.py took 0.123 seconds
[2025-10-02T23:08:17.939+0000] {processor.py:161} INFO - Started process (PID=1780) to work on /home/airflow/.local/lib/python3.12/site-packages/airflow/example_dags/example_python_operator.py
[2025-10-02T23:08:17.941+0000] {processor.py:830} INFO - Processing file /home/airflow/.local/lib/python3.12/site-packages/airflow/example_dags/example_python_operator.py for tasks to queue
[2025-10-02T23:08:17.948+0000] {logging_mixin.py:188} INFO - [2025-10-02T23:08:17.947+0000] {dagbag.py:545} INFO - Filling up the DagBag from /home/airflow/.local/lib/python3.12/site-packages/airflow/example_dags/example_python_operator.py
[2025-10-02T23:08:17.964+0000] {processor.py:840} INFO - DAG(s) 'example_python_operator' retrieved from /home/airflow/.local/lib/python3.12/site-packages/airflow/example_dags/example_python_operator.py
[2025-10-02T23:08:17.998+0000] {logging_mixin.py:188} INFO - [2025-10-02T23:08:17.997+0000] {dag.py:3096} INFO - Sync 1 DAGs
[2025-10-02T23:08:18.021+0000] {logging_mixin.py:188} INFO - [2025-10-02T23:08:18.021+0000] {dag.py:3954} INFO - Setting next_dagrun for example_python_operator to None, run_after=None
[2025-10-02T23:08:18.048+0000] {processor.py:183} INFO - Processing /home/airflow/.local/lib/python3.12/site-packages/airflow/example_dags/example_python_operator.py took 0.119 seconds
[2025-10-02T23:08:49.064+0000] {processor.py:161} INFO - Started process (PID=1833) to work on /home/airflow/.local/lib/python3.12/site-packages/airflow/example_dags/example_python_operator.py
[2025-10-02T23:08:49.066+0000] {processor.py:830} INFO - Processing file /home/airflow/.local/lib/python3.12/site-packages/airflow/example_dags/example_python_operator.py for tasks to queue
[2025-10-02T23:08:49.069+0000] {logging_mixin.py:188} INFO - [2025-10-02T23:08:49.068+0000] {dagbag.py:545} INFO - Filling up the DagBag from /home/airflow/.local/lib/python3.12/site-packages/airflow/example_dags/example_python_operator.py
[2025-10-02T23:08:49.089+0000] {processor.py:840} INFO - DAG(s) 'example_python_operator' retrieved from /home/airflow/.local/lib/python3.12/site-packages/airflow/example_dags/example_python_operator.py
[2025-10-02T23:08:49.123+0000] {logging_mixin.py:188} INFO - [2025-10-02T23:08:49.123+0000] {dag.py:3096} INFO - Sync 1 DAGs
[2025-10-02T23:08:49.140+0000] {logging_mixin.py:188} INFO - [2025-10-02T23:08:49.140+0000] {dag.py:3954} INFO - Setting next_dagrun for example_python_operator to None, run_after=None
[2025-10-02T23:08:49.168+0000] {processor.py:183} INFO - Processing /home/airflow/.local/lib/python3.12/site-packages/airflow/example_dags/example_python_operator.py took 0.114 seconds
[2025-10-02T23:09:19.761+0000] {processor.py:161} INFO - Started process (PID=1886) to work on /home/airflow/.local/lib/python3.12/site-packages/airflow/example_dags/example_python_operator.py
[2025-10-02T23:09:19.763+0000] {processor.py:830} INFO - Processing file /home/airflow/.local/lib/python3.12/site-packages/airflow/example_dags/example_python_operator.py for tasks to queue
[2025-10-02T23:09:19.766+0000] {logging_mixin.py:188} INFO - [2025-10-02T23:09:19.765+0000] {dagbag.py:545} INFO - Filling up the DagBag from /home/airflow/.local/lib/python3.12/site-packages/airflow/example_dags/example_python_operator.py
[2025-10-02T23:09:19.781+0000] {processor.py:840} INFO - DAG(s) 'example_python_operator' retrieved from /home/airflow/.local/lib/python3.12/site-packages/airflow/example_dags/example_python_operator.py
[2025-10-02T23:09:19.820+0000] {logging_mixin.py:188} INFO - [2025-10-02T23:09:19.820+0000] {dag.py:3096} INFO - Sync 1 DAGs
[2025-10-02T23:09:19.840+0000] {logging_mixin.py:188} INFO - [2025-10-02T23:09:19.840+0000] {dag.py:3954} INFO - Setting next_dagrun for example_python_operator to None, run_after=None
[2025-10-02T23:09:19.868+0000] {processor.py:183} INFO - Processing /home/airflow/.local/lib/python3.12/site-packages/airflow/example_dags/example_python_operator.py took 0.120 seconds
[2025-10-02T23:09:50.171+0000] {processor.py:161} INFO - Started process (PID=1939) to work on /home/airflow/.local/lib/python3.12/site-packages/airflow/example_dags/example_python_operator.py
[2025-10-02T23:09:50.173+0000] {processor.py:830} INFO - Processing file /home/airflow/.local/lib/python3.12/site-packages/airflow/example_dags/example_python_operator.py for tasks to queue
[2025-10-02T23:09:50.178+0000] {logging_mixin.py:188} INFO - [2025-10-02T23:09:50.178+0000] {dagbag.py:545} INFO - Filling up the DagBag from /home/airflow/.local/lib/python3.12/site-packages/airflow/example_dags/example_python_operator.py
[2025-10-02T23:09:50.198+0000] {processor.py:840} INFO - DAG(s) 'example_python_operator' retrieved from /home/airflow/.local/lib/python3.12/site-packages/airflow/example_dags/example_python_operator.py
[2025-10-02T23:09:50.237+0000] {logging_mixin.py:188} INFO - [2025-10-02T23:09:50.237+0000] {dag.py:3096} INFO - Sync 1 DAGs
[2025-10-02T23:09:50.257+0000] {logging_mixin.py:188} INFO - [2025-10-02T23:09:50.256+0000] {dag.py:3954} INFO - Setting next_dagrun for example_python_operator to None, run_after=None
[2025-10-02T23:09:50.282+0000] {processor.py:183} INFO - Processing /home/airflow/.local/lib/python3.12/site-packages/airflow/example_dags/example_python_operator.py took 0.121 seconds
