[2025-10-02T22:50:42.338+0000] {processor.py:161} INFO - Started process (PID=66) to work on /home/airflow/.local/lib/python3.12/site-packages/airflow/example_dags/example_trigger_controller_dag.py
[2025-10-02T22:50:42.340+0000] {processor.py:830} INFO - Processing file /home/airflow/.local/lib/python3.12/site-packages/airflow/example_dags/example_trigger_controller_dag.py for tasks to queue
[2025-10-02T22:50:42.345+0000] {logging_mixin.py:188} INFO - [2025-10-02T22:50:42.344+0000] {dagbag.py:545} INFO - Filling up the DagBag from /home/airflow/.local/lib/python3.12/site-packages/airflow/example_dags/example_trigger_controller_dag.py
[2025-10-02T22:50:42.358+0000] {processor.py:840} INFO - DAG(s) 'example_trigger_controller_dag' retrieved from /home/airflow/.local/lib/python3.12/site-packages/airflow/example_dags/example_trigger_controller_dag.py
[2025-10-02T22:50:42.626+0000] {logging_mixin.py:188} INFO - [2025-10-02T22:50:42.626+0000] {override.py:1829} INFO - Created Permission View: can delete on DAG:example_trigger_controller_dag
[2025-10-02T22:50:42.638+0000] {logging_mixin.py:188} INFO - [2025-10-02T22:50:42.637+0000] {override.py:1829} INFO - Created Permission View: can edit on DAG:example_trigger_controller_dag
[2025-10-02T22:50:42.645+0000] {logging_mixin.py:188} INFO - [2025-10-02T22:50:42.645+0000] {override.py:1829} INFO - Created Permission View: can read on DAG:example_trigger_controller_dag
[2025-10-02T22:50:42.646+0000] {logging_mixin.py:188} INFO - [2025-10-02T22:50:42.646+0000] {dag.py:3096} INFO - Sync 1 DAGs
[2025-10-02T22:50:42.663+0000] {logging_mixin.py:188} INFO - [2025-10-02T22:50:42.663+0000] {dag.py:3118} INFO - Creating ORM DAG for example_trigger_controller_dag
[2025-10-02T22:50:42.679+0000] {logging_mixin.py:188} INFO - [2025-10-02T22:50:42.678+0000] {dag.py:3954} INFO - Setting next_dagrun for example_trigger_controller_dag to 2021-01-01 00:00:00+00:00, run_after=2021-01-01 00:00:00+00:00
[2025-10-02T22:50:42.703+0000] {processor.py:183} INFO - Processing /home/airflow/.local/lib/python3.12/site-packages/airflow/example_dags/example_trigger_controller_dag.py took 0.380 seconds
[2025-10-02T22:51:52.256+0000] {processor.py:161} INFO - Started process (PID=66) to work on /home/airflow/.local/lib/python3.12/site-packages/airflow/example_dags/example_trigger_controller_dag.py
[2025-10-02T22:51:52.258+0000] {processor.py:830} INFO - Processing file /home/airflow/.local/lib/python3.12/site-packages/airflow/example_dags/example_trigger_controller_dag.py for tasks to queue
[2025-10-02T22:51:52.261+0000] {logging_mixin.py:188} INFO - [2025-10-02T22:51:52.260+0000] {dagbag.py:545} INFO - Filling up the DagBag from /home/airflow/.local/lib/python3.12/site-packages/airflow/example_dags/example_trigger_controller_dag.py
[2025-10-02T22:51:52.271+0000] {processor.py:840} INFO - DAG(s) 'example_trigger_controller_dag' retrieved from /home/airflow/.local/lib/python3.12/site-packages/airflow/example_dags/example_trigger_controller_dag.py
[2025-10-02T22:51:52.290+0000] {logging_mixin.py:188} INFO - [2025-10-02T22:51:52.289+0000] {dag.py:3096} INFO - Sync 1 DAGs
[2025-10-02T22:51:52.330+0000] {logging_mixin.py:188} INFO - [2025-10-02T22:51:52.329+0000] {dag.py:3954} INFO - Setting next_dagrun for example_trigger_controller_dag to 2021-01-01 00:00:00+00:00, run_after=2021-01-01 00:00:00+00:00
[2025-10-02T22:51:52.366+0000] {processor.py:183} INFO - Processing /home/airflow/.local/lib/python3.12/site-packages/airflow/example_dags/example_trigger_controller_dag.py took 0.118 seconds
[2025-10-02T22:52:22.618+0000] {processor.py:161} INFO - Started process (PID=119) to work on /home/airflow/.local/lib/python3.12/site-packages/airflow/example_dags/example_trigger_controller_dag.py
[2025-10-02T22:52:22.621+0000] {processor.py:830} INFO - Processing file /home/airflow/.local/lib/python3.12/site-packages/airflow/example_dags/example_trigger_controller_dag.py for tasks to queue
[2025-10-02T22:52:22.624+0000] {logging_mixin.py:188} INFO - [2025-10-02T22:52:22.624+0000] {dagbag.py:545} INFO - Filling up the DagBag from /home/airflow/.local/lib/python3.12/site-packages/airflow/example_dags/example_trigger_controller_dag.py
[2025-10-02T22:52:22.633+0000] {processor.py:840} INFO - DAG(s) 'example_trigger_controller_dag' retrieved from /home/airflow/.local/lib/python3.12/site-packages/airflow/example_dags/example_trigger_controller_dag.py
[2025-10-02T22:52:22.652+0000] {logging_mixin.py:188} INFO - [2025-10-02T22:52:22.652+0000] {dag.py:3096} INFO - Sync 1 DAGs
[2025-10-02T22:52:22.684+0000] {logging_mixin.py:188} INFO - [2025-10-02T22:52:22.684+0000] {dag.py:3954} INFO - Setting next_dagrun for example_trigger_controller_dag to 2021-01-01 00:00:00+00:00, run_after=2021-01-01 00:00:00+00:00
[2025-10-02T22:52:22.708+0000] {processor.py:183} INFO - Processing /home/airflow/.local/lib/python3.12/site-packages/airflow/example_dags/example_trigger_controller_dag.py took 0.098 seconds
[2025-10-02T22:52:54.270+0000] {processor.py:161} INFO - Started process (PID=172) to work on /home/airflow/.local/lib/python3.12/site-packages/airflow/example_dags/example_trigger_controller_dag.py
[2025-10-02T22:52:54.271+0000] {processor.py:830} INFO - Processing file /home/airflow/.local/lib/python3.12/site-packages/airflow/example_dags/example_trigger_controller_dag.py for tasks to queue
[2025-10-02T22:52:54.274+0000] {logging_mixin.py:188} INFO - [2025-10-02T22:52:54.274+0000] {dagbag.py:545} INFO - Filling up the DagBag from /home/airflow/.local/lib/python3.12/site-packages/airflow/example_dags/example_trigger_controller_dag.py
[2025-10-02T22:52:54.281+0000] {processor.py:840} INFO - DAG(s) 'example_trigger_controller_dag' retrieved from /home/airflow/.local/lib/python3.12/site-packages/airflow/example_dags/example_trigger_controller_dag.py
[2025-10-02T22:52:54.415+0000] {logging_mixin.py:188} INFO - [2025-10-02T22:52:54.414+0000] {dag.py:3096} INFO - Sync 1 DAGs
[2025-10-02T22:52:54.441+0000] {logging_mixin.py:188} INFO - [2025-10-02T22:52:54.441+0000] {dag.py:3954} INFO - Setting next_dagrun for example_trigger_controller_dag to 2021-01-01 00:00:00+00:00, run_after=2021-01-01 00:00:00+00:00
[2025-10-02T22:52:54.464+0000] {processor.py:183} INFO - Processing /home/airflow/.local/lib/python3.12/site-packages/airflow/example_dags/example_trigger_controller_dag.py took 0.202 seconds
[2025-10-02T22:53:24.800+0000] {processor.py:161} INFO - Started process (PID=227) to work on /home/airflow/.local/lib/python3.12/site-packages/airflow/example_dags/example_trigger_controller_dag.py
[2025-10-02T22:53:24.802+0000] {processor.py:830} INFO - Processing file /home/airflow/.local/lib/python3.12/site-packages/airflow/example_dags/example_trigger_controller_dag.py for tasks to queue
[2025-10-02T22:53:24.805+0000] {logging_mixin.py:188} INFO - [2025-10-02T22:53:24.805+0000] {dagbag.py:545} INFO - Filling up the DagBag from /home/airflow/.local/lib/python3.12/site-packages/airflow/example_dags/example_trigger_controller_dag.py
[2025-10-02T22:53:24.813+0000] {processor.py:840} INFO - DAG(s) 'example_trigger_controller_dag' retrieved from /home/airflow/.local/lib/python3.12/site-packages/airflow/example_dags/example_trigger_controller_dag.py
[2025-10-02T22:53:24.852+0000] {logging_mixin.py:188} INFO - [2025-10-02T22:53:24.851+0000] {dag.py:3096} INFO - Sync 1 DAGs
[2025-10-02T22:53:24.883+0000] {logging_mixin.py:188} INFO - [2025-10-02T22:53:24.883+0000] {dag.py:3954} INFO - Setting next_dagrun for example_trigger_controller_dag to 2021-01-01 00:00:00+00:00, run_after=2021-01-01 00:00:00+00:00
[2025-10-02T22:53:24.910+0000] {processor.py:183} INFO - Processing /home/airflow/.local/lib/python3.12/site-packages/airflow/example_dags/example_trigger_controller_dag.py took 0.119 seconds
[2025-10-02T22:53:55.576+0000] {processor.py:161} INFO - Started process (PID=280) to work on /home/airflow/.local/lib/python3.12/site-packages/airflow/example_dags/example_trigger_controller_dag.py
[2025-10-02T22:53:55.578+0000] {processor.py:830} INFO - Processing file /home/airflow/.local/lib/python3.12/site-packages/airflow/example_dags/example_trigger_controller_dag.py for tasks to queue
[2025-10-02T22:53:55.582+0000] {logging_mixin.py:188} INFO - [2025-10-02T22:53:55.582+0000] {dagbag.py:545} INFO - Filling up the DagBag from /home/airflow/.local/lib/python3.12/site-packages/airflow/example_dags/example_trigger_controller_dag.py
[2025-10-02T22:53:55.592+0000] {processor.py:840} INFO - DAG(s) 'example_trigger_controller_dag' retrieved from /home/airflow/.local/lib/python3.12/site-packages/airflow/example_dags/example_trigger_controller_dag.py
[2025-10-02T22:53:55.612+0000] {logging_mixin.py:188} INFO - [2025-10-02T22:53:55.612+0000] {dag.py:3096} INFO - Sync 1 DAGs
[2025-10-02T22:53:55.642+0000] {logging_mixin.py:188} INFO - [2025-10-02T22:53:55.642+0000] {dag.py:3954} INFO - Setting next_dagrun for example_trigger_controller_dag to 2021-01-01 00:00:00+00:00, run_after=2021-01-01 00:00:00+00:00
[2025-10-02T22:53:55.664+0000] {processor.py:183} INFO - Processing /home/airflow/.local/lib/python3.12/site-packages/airflow/example_dags/example_trigger_controller_dag.py took 0.096 seconds
[2025-10-02T22:54:28.569+0000] {processor.py:161} INFO - Started process (PID=333) to work on /home/airflow/.local/lib/python3.12/site-packages/airflow/example_dags/example_trigger_controller_dag.py
[2025-10-02T22:54:28.571+0000] {processor.py:830} INFO - Processing file /home/airflow/.local/lib/python3.12/site-packages/airflow/example_dags/example_trigger_controller_dag.py for tasks to queue
[2025-10-02T22:54:28.575+0000] {logging_mixin.py:188} INFO - [2025-10-02T22:54:28.574+0000] {dagbag.py:545} INFO - Filling up the DagBag from /home/airflow/.local/lib/python3.12/site-packages/airflow/example_dags/example_trigger_controller_dag.py
[2025-10-02T22:54:28.586+0000] {processor.py:840} INFO - DAG(s) 'example_trigger_controller_dag' retrieved from /home/airflow/.local/lib/python3.12/site-packages/airflow/example_dags/example_trigger_controller_dag.py
[2025-10-02T22:54:28.769+0000] {logging_mixin.py:188} INFO - [2025-10-02T22:54:28.769+0000] {dag.py:3096} INFO - Sync 1 DAGs
[2025-10-02T22:54:28.801+0000] {logging_mixin.py:188} INFO - [2025-10-02T22:54:28.800+0000] {dag.py:3954} INFO - Setting next_dagrun for example_trigger_controller_dag to 2021-01-01 00:00:00+00:00, run_after=2021-01-01 00:00:00+00:00
[2025-10-02T22:54:28.833+0000] {processor.py:183} INFO - Processing /home/airflow/.local/lib/python3.12/site-packages/airflow/example_dags/example_trigger_controller_dag.py took 0.275 seconds
[2025-10-02T22:54:59.036+0000] {processor.py:161} INFO - Started process (PID=386) to work on /home/airflow/.local/lib/python3.12/site-packages/airflow/example_dags/example_trigger_controller_dag.py
[2025-10-02T22:54:59.038+0000] {processor.py:830} INFO - Processing file /home/airflow/.local/lib/python3.12/site-packages/airflow/example_dags/example_trigger_controller_dag.py for tasks to queue
[2025-10-02T22:54:59.040+0000] {logging_mixin.py:188} INFO - [2025-10-02T22:54:59.040+0000] {dagbag.py:545} INFO - Filling up the DagBag from /home/airflow/.local/lib/python3.12/site-packages/airflow/example_dags/example_trigger_controller_dag.py
[2025-10-02T22:54:59.048+0000] {processor.py:840} INFO - DAG(s) 'example_trigger_controller_dag' retrieved from /home/airflow/.local/lib/python3.12/site-packages/airflow/example_dags/example_trigger_controller_dag.py
[2025-10-02T22:54:59.075+0000] {logging_mixin.py:188} INFO - [2025-10-02T22:54:59.075+0000] {dag.py:3096} INFO - Sync 1 DAGs
[2025-10-02T22:54:59.108+0000] {logging_mixin.py:188} INFO - [2025-10-02T22:54:59.107+0000] {dag.py:3954} INFO - Setting next_dagrun for example_trigger_controller_dag to 2021-01-01 00:00:00+00:00, run_after=2021-01-01 00:00:00+00:00
[2025-10-02T22:54:59.131+0000] {processor.py:183} INFO - Processing /home/airflow/.local/lib/python3.12/site-packages/airflow/example_dags/example_trigger_controller_dag.py took 0.104 seconds
[2025-10-02T22:55:30.826+0000] {processor.py:161} INFO - Started process (PID=443) to work on /home/airflow/.local/lib/python3.12/site-packages/airflow/example_dags/example_trigger_controller_dag.py
[2025-10-02T22:55:30.829+0000] {processor.py:830} INFO - Processing file /home/airflow/.local/lib/python3.12/site-packages/airflow/example_dags/example_trigger_controller_dag.py for tasks to queue
[2025-10-02T22:55:30.832+0000] {logging_mixin.py:188} INFO - [2025-10-02T22:55:30.832+0000] {dagbag.py:545} INFO - Filling up the DagBag from /home/airflow/.local/lib/python3.12/site-packages/airflow/example_dags/example_trigger_controller_dag.py
[2025-10-02T22:55:30.841+0000] {processor.py:840} INFO - DAG(s) 'example_trigger_controller_dag' retrieved from /home/airflow/.local/lib/python3.12/site-packages/airflow/example_dags/example_trigger_controller_dag.py
[2025-10-02T22:55:30.873+0000] {logging_mixin.py:188} INFO - [2025-10-02T22:55:30.872+0000] {dag.py:3096} INFO - Sync 1 DAGs
[2025-10-02T22:55:30.913+0000] {logging_mixin.py:188} INFO - [2025-10-02T22:55:30.912+0000] {dag.py:3954} INFO - Setting next_dagrun for example_trigger_controller_dag to 2021-01-01 00:00:00+00:00, run_after=2021-01-01 00:00:00+00:00
[2025-10-02T22:55:30.945+0000] {processor.py:183} INFO - Processing /home/airflow/.local/lib/python3.12/site-packages/airflow/example_dags/example_trigger_controller_dag.py took 0.129 seconds
[2025-10-02T22:56:01.623+0000] {processor.py:161} INFO - Started process (PID=496) to work on /home/airflow/.local/lib/python3.12/site-packages/airflow/example_dags/example_trigger_controller_dag.py
[2025-10-02T22:56:01.625+0000] {processor.py:830} INFO - Processing file /home/airflow/.local/lib/python3.12/site-packages/airflow/example_dags/example_trigger_controller_dag.py for tasks to queue
[2025-10-02T22:56:01.629+0000] {logging_mixin.py:188} INFO - [2025-10-02T22:56:01.629+0000] {dagbag.py:545} INFO - Filling up the DagBag from /home/airflow/.local/lib/python3.12/site-packages/airflow/example_dags/example_trigger_controller_dag.py
[2025-10-02T22:56:01.638+0000] {processor.py:840} INFO - DAG(s) 'example_trigger_controller_dag' retrieved from /home/airflow/.local/lib/python3.12/site-packages/airflow/example_dags/example_trigger_controller_dag.py
[2025-10-02T22:56:01.676+0000] {logging_mixin.py:188} INFO - [2025-10-02T22:56:01.675+0000] {dag.py:3096} INFO - Sync 1 DAGs
[2025-10-02T22:56:01.715+0000] {logging_mixin.py:188} INFO - [2025-10-02T22:56:01.714+0000] {dag.py:3954} INFO - Setting next_dagrun for example_trigger_controller_dag to 2021-01-01 00:00:00+00:00, run_after=2021-01-01 00:00:00+00:00
[2025-10-02T22:56:01.750+0000] {processor.py:183} INFO - Processing /home/airflow/.local/lib/python3.12/site-packages/airflow/example_dags/example_trigger_controller_dag.py took 0.138 seconds
[2025-10-02T22:56:32.210+0000] {processor.py:161} INFO - Started process (PID=549) to work on /home/airflow/.local/lib/python3.12/site-packages/airflow/example_dags/example_trigger_controller_dag.py
[2025-10-02T22:56:32.212+0000] {processor.py:830} INFO - Processing file /home/airflow/.local/lib/python3.12/site-packages/airflow/example_dags/example_trigger_controller_dag.py for tasks to queue
[2025-10-02T22:56:32.217+0000] {logging_mixin.py:188} INFO - [2025-10-02T22:56:32.216+0000] {dagbag.py:545} INFO - Filling up the DagBag from /home/airflow/.local/lib/python3.12/site-packages/airflow/example_dags/example_trigger_controller_dag.py
[2025-10-02T22:56:32.235+0000] {processor.py:840} INFO - DAG(s) 'example_trigger_controller_dag' retrieved from /home/airflow/.local/lib/python3.12/site-packages/airflow/example_dags/example_trigger_controller_dag.py
[2025-10-02T22:56:32.275+0000] {logging_mixin.py:188} INFO - [2025-10-02T22:56:32.274+0000] {dag.py:3096} INFO - Sync 1 DAGs
[2025-10-02T22:56:32.320+0000] {logging_mixin.py:188} INFO - [2025-10-02T22:56:32.319+0000] {dag.py:3954} INFO - Setting next_dagrun for example_trigger_controller_dag to 2021-01-01 00:00:00+00:00, run_after=2021-01-01 00:00:00+00:00
[2025-10-02T22:56:32.360+0000] {processor.py:183} INFO - Processing /home/airflow/.local/lib/python3.12/site-packages/airflow/example_dags/example_trigger_controller_dag.py took 0.163 seconds
[2025-10-02T22:57:02.426+0000] {processor.py:161} INFO - Started process (PID=602) to work on /home/airflow/.local/lib/python3.12/site-packages/airflow/example_dags/example_trigger_controller_dag.py
[2025-10-02T22:57:02.428+0000] {processor.py:830} INFO - Processing file /home/airflow/.local/lib/python3.12/site-packages/airflow/example_dags/example_trigger_controller_dag.py for tasks to queue
[2025-10-02T22:57:02.431+0000] {logging_mixin.py:188} INFO - [2025-10-02T22:57:02.431+0000] {dagbag.py:545} INFO - Filling up the DagBag from /home/airflow/.local/lib/python3.12/site-packages/airflow/example_dags/example_trigger_controller_dag.py
[2025-10-02T22:57:02.440+0000] {processor.py:840} INFO - DAG(s) 'example_trigger_controller_dag' retrieved from /home/airflow/.local/lib/python3.12/site-packages/airflow/example_dags/example_trigger_controller_dag.py
[2025-10-02T22:57:02.467+0000] {logging_mixin.py:188} INFO - [2025-10-02T22:57:02.467+0000] {dag.py:3096} INFO - Sync 1 DAGs
[2025-10-02T22:57:02.495+0000] {logging_mixin.py:188} INFO - [2025-10-02T22:57:02.494+0000] {dag.py:3954} INFO - Setting next_dagrun for example_trigger_controller_dag to 2021-01-01 00:00:00+00:00, run_after=2021-01-01 00:00:00+00:00
[2025-10-02T22:57:02.516+0000] {processor.py:183} INFO - Processing /home/airflow/.local/lib/python3.12/site-packages/airflow/example_dags/example_trigger_controller_dag.py took 0.100 seconds
[2025-10-02T22:57:32.985+0000] {processor.py:161} INFO - Started process (PID=656) to work on /home/airflow/.local/lib/python3.12/site-packages/airflow/example_dags/example_trigger_controller_dag.py
[2025-10-02T22:57:32.986+0000] {processor.py:830} INFO - Processing file /home/airflow/.local/lib/python3.12/site-packages/airflow/example_dags/example_trigger_controller_dag.py for tasks to queue
[2025-10-02T22:57:32.990+0000] {logging_mixin.py:188} INFO - [2025-10-02T22:57:32.989+0000] {dagbag.py:545} INFO - Filling up the DagBag from /home/airflow/.local/lib/python3.12/site-packages/airflow/example_dags/example_trigger_controller_dag.py
[2025-10-02T22:57:32.997+0000] {processor.py:840} INFO - DAG(s) 'example_trigger_controller_dag' retrieved from /home/airflow/.local/lib/python3.12/site-packages/airflow/example_dags/example_trigger_controller_dag.py
[2025-10-02T22:57:33.031+0000] {logging_mixin.py:188} INFO - [2025-10-02T22:57:33.031+0000] {dag.py:3096} INFO - Sync 1 DAGs
[2025-10-02T22:57:33.062+0000] {logging_mixin.py:188} INFO - [2025-10-02T22:57:33.062+0000] {dag.py:3954} INFO - Setting next_dagrun for example_trigger_controller_dag to 2021-01-01 00:00:00+00:00, run_after=2021-01-01 00:00:00+00:00
[2025-10-02T22:57:33.090+0000] {processor.py:183} INFO - Processing /home/airflow/.local/lib/python3.12/site-packages/airflow/example_dags/example_trigger_controller_dag.py took 0.116 seconds
[2025-10-02T22:58:03.532+0000] {processor.py:161} INFO - Started process (PID=709) to work on /home/airflow/.local/lib/python3.12/site-packages/airflow/example_dags/example_trigger_controller_dag.py
[2025-10-02T22:58:03.534+0000] {processor.py:830} INFO - Processing file /home/airflow/.local/lib/python3.12/site-packages/airflow/example_dags/example_trigger_controller_dag.py for tasks to queue
[2025-10-02T22:58:03.537+0000] {logging_mixin.py:188} INFO - [2025-10-02T22:58:03.536+0000] {dagbag.py:545} INFO - Filling up the DagBag from /home/airflow/.local/lib/python3.12/site-packages/airflow/example_dags/example_trigger_controller_dag.py
[2025-10-02T22:58:03.547+0000] {processor.py:840} INFO - DAG(s) 'example_trigger_controller_dag' retrieved from /home/airflow/.local/lib/python3.12/site-packages/airflow/example_dags/example_trigger_controller_dag.py
[2025-10-02T22:58:03.569+0000] {logging_mixin.py:188} INFO - [2025-10-02T22:58:03.569+0000] {dag.py:3096} INFO - Sync 1 DAGs
[2025-10-02T22:58:03.697+0000] {logging_mixin.py:188} INFO - [2025-10-02T22:58:03.697+0000] {dag.py:3954} INFO - Setting next_dagrun for example_trigger_controller_dag to 2021-01-01 00:00:00+00:00, run_after=2021-01-01 00:00:00+00:00
[2025-10-02T22:58:03.744+0000] {processor.py:183} INFO - Processing /home/airflow/.local/lib/python3.12/site-packages/airflow/example_dags/example_trigger_controller_dag.py took 0.222 seconds
[2025-10-02T22:58:34.794+0000] {processor.py:161} INFO - Started process (PID=762) to work on /home/airflow/.local/lib/python3.12/site-packages/airflow/example_dags/example_trigger_controller_dag.py
[2025-10-02T22:58:34.796+0000] {processor.py:830} INFO - Processing file /home/airflow/.local/lib/python3.12/site-packages/airflow/example_dags/example_trigger_controller_dag.py for tasks to queue
[2025-10-02T22:58:34.799+0000] {logging_mixin.py:188} INFO - [2025-10-02T22:58:34.798+0000] {dagbag.py:545} INFO - Filling up the DagBag from /home/airflow/.local/lib/python3.12/site-packages/airflow/example_dags/example_trigger_controller_dag.py
[2025-10-02T22:58:34.808+0000] {processor.py:840} INFO - DAG(s) 'example_trigger_controller_dag' retrieved from /home/airflow/.local/lib/python3.12/site-packages/airflow/example_dags/example_trigger_controller_dag.py
[2025-10-02T22:58:34.965+0000] {logging_mixin.py:188} INFO - [2025-10-02T22:58:34.965+0000] {dag.py:3096} INFO - Sync 1 DAGs
[2025-10-02T22:58:34.998+0000] {logging_mixin.py:188} INFO - [2025-10-02T22:58:34.997+0000] {dag.py:3954} INFO - Setting next_dagrun for example_trigger_controller_dag to 2021-01-01 00:00:00+00:00, run_after=2021-01-01 00:00:00+00:00
[2025-10-02T22:58:35.030+0000] {processor.py:183} INFO - Processing /home/airflow/.local/lib/python3.12/site-packages/airflow/example_dags/example_trigger_controller_dag.py took 0.248 seconds
[2025-10-02T22:59:05.468+0000] {processor.py:161} INFO - Started process (PID=815) to work on /home/airflow/.local/lib/python3.12/site-packages/airflow/example_dags/example_trigger_controller_dag.py
[2025-10-02T22:59:05.470+0000] {processor.py:830} INFO - Processing file /home/airflow/.local/lib/python3.12/site-packages/airflow/example_dags/example_trigger_controller_dag.py for tasks to queue
[2025-10-02T22:59:05.473+0000] {logging_mixin.py:188} INFO - [2025-10-02T22:59:05.473+0000] {dagbag.py:545} INFO - Filling up the DagBag from /home/airflow/.local/lib/python3.12/site-packages/airflow/example_dags/example_trigger_controller_dag.py
[2025-10-02T22:59:05.482+0000] {processor.py:840} INFO - DAG(s) 'example_trigger_controller_dag' retrieved from /home/airflow/.local/lib/python3.12/site-packages/airflow/example_dags/example_trigger_controller_dag.py
[2025-10-02T22:59:05.514+0000] {logging_mixin.py:188} INFO - [2025-10-02T22:59:05.513+0000] {dag.py:3096} INFO - Sync 1 DAGs
[2025-10-02T22:59:05.553+0000] {logging_mixin.py:188} INFO - [2025-10-02T22:59:05.553+0000] {dag.py:3954} INFO - Setting next_dagrun for example_trigger_controller_dag to 2021-01-01 00:00:00+00:00, run_after=2021-01-01 00:00:00+00:00
[2025-10-02T22:59:05.579+0000] {processor.py:183} INFO - Processing /home/airflow/.local/lib/python3.12/site-packages/airflow/example_dags/example_trigger_controller_dag.py took 0.121 seconds
[2025-10-02T22:59:35.724+0000] {processor.py:161} INFO - Started process (PID=868) to work on /home/airflow/.local/lib/python3.12/site-packages/airflow/example_dags/example_trigger_controller_dag.py
[2025-10-02T22:59:35.725+0000] {processor.py:830} INFO - Processing file /home/airflow/.local/lib/python3.12/site-packages/airflow/example_dags/example_trigger_controller_dag.py for tasks to queue
[2025-10-02T22:59:35.728+0000] {logging_mixin.py:188} INFO - [2025-10-02T22:59:35.728+0000] {dagbag.py:545} INFO - Filling up the DagBag from /home/airflow/.local/lib/python3.12/site-packages/airflow/example_dags/example_trigger_controller_dag.py
[2025-10-02T22:59:35.736+0000] {processor.py:840} INFO - DAG(s) 'example_trigger_controller_dag' retrieved from /home/airflow/.local/lib/python3.12/site-packages/airflow/example_dags/example_trigger_controller_dag.py
[2025-10-02T22:59:35.765+0000] {logging_mixin.py:188} INFO - [2025-10-02T22:59:35.765+0000] {dag.py:3096} INFO - Sync 1 DAGs
[2025-10-02T22:59:35.792+0000] {logging_mixin.py:188} INFO - [2025-10-02T22:59:35.792+0000] {dag.py:3954} INFO - Setting next_dagrun for example_trigger_controller_dag to 2021-01-01 00:00:00+00:00, run_after=2021-01-01 00:00:00+00:00
[2025-10-02T22:59:35.815+0000] {processor.py:183} INFO - Processing /home/airflow/.local/lib/python3.12/site-packages/airflow/example_dags/example_trigger_controller_dag.py took 0.101 seconds
[2025-10-02T23:00:06.321+0000] {processor.py:161} INFO - Started process (PID=921) to work on /home/airflow/.local/lib/python3.12/site-packages/airflow/example_dags/example_trigger_controller_dag.py
[2025-10-02T23:00:06.323+0000] {processor.py:830} INFO - Processing file /home/airflow/.local/lib/python3.12/site-packages/airflow/example_dags/example_trigger_controller_dag.py for tasks to queue
[2025-10-02T23:00:06.326+0000] {logging_mixin.py:188} INFO - [2025-10-02T23:00:06.326+0000] {dagbag.py:545} INFO - Filling up the DagBag from /home/airflow/.local/lib/python3.12/site-packages/airflow/example_dags/example_trigger_controller_dag.py
[2025-10-02T23:00:06.334+0000] {processor.py:840} INFO - DAG(s) 'example_trigger_controller_dag' retrieved from /home/airflow/.local/lib/python3.12/site-packages/airflow/example_dags/example_trigger_controller_dag.py
[2025-10-02T23:00:06.364+0000] {logging_mixin.py:188} INFO - [2025-10-02T23:00:06.364+0000] {dag.py:3096} INFO - Sync 1 DAGs
[2025-10-02T23:00:06.393+0000] {logging_mixin.py:188} INFO - [2025-10-02T23:00:06.393+0000] {dag.py:3954} INFO - Setting next_dagrun for example_trigger_controller_dag to 2021-01-01 00:00:00+00:00, run_after=2021-01-01 00:00:00+00:00
[2025-10-02T23:00:06.419+0000] {processor.py:183} INFO - Processing /home/airflow/.local/lib/python3.12/site-packages/airflow/example_dags/example_trigger_controller_dag.py took 0.107 seconds
[2025-10-02T23:00:36.646+0000] {processor.py:161} INFO - Started process (PID=974) to work on /home/airflow/.local/lib/python3.12/site-packages/airflow/example_dags/example_trigger_controller_dag.py
[2025-10-02T23:00:36.647+0000] {processor.py:830} INFO - Processing file /home/airflow/.local/lib/python3.12/site-packages/airflow/example_dags/example_trigger_controller_dag.py for tasks to queue
[2025-10-02T23:00:36.651+0000] {logging_mixin.py:188} INFO - [2025-10-02T23:00:36.650+0000] {dagbag.py:545} INFO - Filling up the DagBag from /home/airflow/.local/lib/python3.12/site-packages/airflow/example_dags/example_trigger_controller_dag.py
[2025-10-02T23:00:36.661+0000] {processor.py:840} INFO - DAG(s) 'example_trigger_controller_dag' retrieved from /home/airflow/.local/lib/python3.12/site-packages/airflow/example_dags/example_trigger_controller_dag.py
[2025-10-02T23:00:36.712+0000] {logging_mixin.py:188} INFO - [2025-10-02T23:00:36.712+0000] {dag.py:3096} INFO - Sync 1 DAGs
[2025-10-02T23:00:36.745+0000] {logging_mixin.py:188} INFO - [2025-10-02T23:00:36.745+0000] {dag.py:3954} INFO - Setting next_dagrun for example_trigger_controller_dag to 2021-01-01 00:00:00+00:00, run_after=2021-01-01 00:00:00+00:00
[2025-10-02T23:00:36.769+0000] {processor.py:183} INFO - Processing /home/airflow/.local/lib/python3.12/site-packages/airflow/example_dags/example_trigger_controller_dag.py took 0.135 seconds
[2025-10-02T23:01:07.050+0000] {processor.py:161} INFO - Started process (PID=1027) to work on /home/airflow/.local/lib/python3.12/site-packages/airflow/example_dags/example_trigger_controller_dag.py
[2025-10-02T23:01:07.051+0000] {processor.py:830} INFO - Processing file /home/airflow/.local/lib/python3.12/site-packages/airflow/example_dags/example_trigger_controller_dag.py for tasks to queue
[2025-10-02T23:01:07.054+0000] {logging_mixin.py:188} INFO - [2025-10-02T23:01:07.053+0000] {dagbag.py:545} INFO - Filling up the DagBag from /home/airflow/.local/lib/python3.12/site-packages/airflow/example_dags/example_trigger_controller_dag.py
[2025-10-02T23:01:07.062+0000] {processor.py:840} INFO - DAG(s) 'example_trigger_controller_dag' retrieved from /home/airflow/.local/lib/python3.12/site-packages/airflow/example_dags/example_trigger_controller_dag.py
[2025-10-02T23:01:07.091+0000] {logging_mixin.py:188} INFO - [2025-10-02T23:01:07.091+0000] {dag.py:3096} INFO - Sync 1 DAGs
[2025-10-02T23:01:07.120+0000] {logging_mixin.py:188} INFO - [2025-10-02T23:01:07.120+0000] {dag.py:3954} INFO - Setting next_dagrun for example_trigger_controller_dag to 2021-01-01 00:00:00+00:00, run_after=2021-01-01 00:00:00+00:00
[2025-10-02T23:01:07.144+0000] {processor.py:183} INFO - Processing /home/airflow/.local/lib/python3.12/site-packages/airflow/example_dags/example_trigger_controller_dag.py took 0.103 seconds
[2025-10-02T23:01:37.680+0000] {processor.py:161} INFO - Started process (PID=1080) to work on /home/airflow/.local/lib/python3.12/site-packages/airflow/example_dags/example_trigger_controller_dag.py
[2025-10-02T23:01:37.681+0000] {processor.py:830} INFO - Processing file /home/airflow/.local/lib/python3.12/site-packages/airflow/example_dags/example_trigger_controller_dag.py for tasks to queue
[2025-10-02T23:01:37.685+0000] {logging_mixin.py:188} INFO - [2025-10-02T23:01:37.684+0000] {dagbag.py:545} INFO - Filling up the DagBag from /home/airflow/.local/lib/python3.12/site-packages/airflow/example_dags/example_trigger_controller_dag.py
[2025-10-02T23:01:37.693+0000] {processor.py:840} INFO - DAG(s) 'example_trigger_controller_dag' retrieved from /home/airflow/.local/lib/python3.12/site-packages/airflow/example_dags/example_trigger_controller_dag.py
[2025-10-02T23:01:37.727+0000] {logging_mixin.py:188} INFO - [2025-10-02T23:01:37.727+0000] {dag.py:3096} INFO - Sync 1 DAGs
[2025-10-02T23:01:37.762+0000] {logging_mixin.py:188} INFO - [2025-10-02T23:01:37.762+0000] {dag.py:3954} INFO - Setting next_dagrun for example_trigger_controller_dag to 2021-01-01 00:00:00+00:00, run_after=2021-01-01 00:00:00+00:00
[2025-10-02T23:01:37.788+0000] {processor.py:183} INFO - Processing /home/airflow/.local/lib/python3.12/site-packages/airflow/example_dags/example_trigger_controller_dag.py took 0.119 seconds
[2025-10-02T23:02:08.392+0000] {processor.py:161} INFO - Started process (PID=1133) to work on /home/airflow/.local/lib/python3.12/site-packages/airflow/example_dags/example_trigger_controller_dag.py
[2025-10-02T23:02:08.393+0000] {processor.py:830} INFO - Processing file /home/airflow/.local/lib/python3.12/site-packages/airflow/example_dags/example_trigger_controller_dag.py for tasks to queue
[2025-10-02T23:02:08.396+0000] {logging_mixin.py:188} INFO - [2025-10-02T23:02:08.396+0000] {dagbag.py:545} INFO - Filling up the DagBag from /home/airflow/.local/lib/python3.12/site-packages/airflow/example_dags/example_trigger_controller_dag.py
[2025-10-02T23:02:08.404+0000] {processor.py:840} INFO - DAG(s) 'example_trigger_controller_dag' retrieved from /home/airflow/.local/lib/python3.12/site-packages/airflow/example_dags/example_trigger_controller_dag.py
[2025-10-02T23:02:08.435+0000] {logging_mixin.py:188} INFO - [2025-10-02T23:02:08.434+0000] {dag.py:3096} INFO - Sync 1 DAGs
[2025-10-02T23:02:08.463+0000] {logging_mixin.py:188} INFO - [2025-10-02T23:02:08.463+0000] {dag.py:3954} INFO - Setting next_dagrun for example_trigger_controller_dag to 2021-01-01 00:00:00+00:00, run_after=2021-01-01 00:00:00+00:00
[2025-10-02T23:02:08.490+0000] {processor.py:183} INFO - Processing /home/airflow/.local/lib/python3.12/site-packages/airflow/example_dags/example_trigger_controller_dag.py took 0.108 seconds
[2025-10-02T23:02:38.802+0000] {processor.py:161} INFO - Started process (PID=1186) to work on /home/airflow/.local/lib/python3.12/site-packages/airflow/example_dags/example_trigger_controller_dag.py
[2025-10-02T23:02:38.803+0000] {processor.py:830} INFO - Processing file /home/airflow/.local/lib/python3.12/site-packages/airflow/example_dags/example_trigger_controller_dag.py for tasks to queue
[2025-10-02T23:02:38.807+0000] {logging_mixin.py:188} INFO - [2025-10-02T23:02:38.806+0000] {dagbag.py:545} INFO - Filling up the DagBag from /home/airflow/.local/lib/python3.12/site-packages/airflow/example_dags/example_trigger_controller_dag.py
[2025-10-02T23:02:38.817+0000] {processor.py:840} INFO - DAG(s) 'example_trigger_controller_dag' retrieved from /home/airflow/.local/lib/python3.12/site-packages/airflow/example_dags/example_trigger_controller_dag.py
[2025-10-02T23:02:38.879+0000] {logging_mixin.py:188} INFO - [2025-10-02T23:02:38.879+0000] {dag.py:3096} INFO - Sync 1 DAGs
[2025-10-02T23:02:38.952+0000] {logging_mixin.py:188} INFO - [2025-10-02T23:02:38.950+0000] {dag.py:3954} INFO - Setting next_dagrun for example_trigger_controller_dag to 2021-01-01 00:00:00+00:00, run_after=2021-01-01 00:00:00+00:00
[2025-10-02T23:02:38.986+0000] {processor.py:183} INFO - Processing /home/airflow/.local/lib/python3.12/site-packages/airflow/example_dags/example_trigger_controller_dag.py took 0.203 seconds
[2025-10-02T23:03:09.904+0000] {processor.py:161} INFO - Started process (PID=1239) to work on /home/airflow/.local/lib/python3.12/site-packages/airflow/example_dags/example_trigger_controller_dag.py
[2025-10-02T23:03:09.905+0000] {processor.py:830} INFO - Processing file /home/airflow/.local/lib/python3.12/site-packages/airflow/example_dags/example_trigger_controller_dag.py for tasks to queue
[2025-10-02T23:03:09.908+0000] {logging_mixin.py:188} INFO - [2025-10-02T23:03:09.908+0000] {dagbag.py:545} INFO - Filling up the DagBag from /home/airflow/.local/lib/python3.12/site-packages/airflow/example_dags/example_trigger_controller_dag.py
[2025-10-02T23:03:09.916+0000] {processor.py:840} INFO - DAG(s) 'example_trigger_controller_dag' retrieved from /home/airflow/.local/lib/python3.12/site-packages/airflow/example_dags/example_trigger_controller_dag.py
[2025-10-02T23:03:09.946+0000] {logging_mixin.py:188} INFO - [2025-10-02T23:03:09.945+0000] {dag.py:3096} INFO - Sync 1 DAGs
[2025-10-02T23:03:09.976+0000] {logging_mixin.py:188} INFO - [2025-10-02T23:03:09.975+0000] {dag.py:3954} INFO - Setting next_dagrun for example_trigger_controller_dag to 2021-01-01 00:00:00+00:00, run_after=2021-01-01 00:00:00+00:00
[2025-10-02T23:03:10.001+0000] {processor.py:183} INFO - Processing /home/airflow/.local/lib/python3.12/site-packages/airflow/example_dags/example_trigger_controller_dag.py took 0.108 seconds
[2025-10-02T23:03:40.161+0000] {processor.py:161} INFO - Started process (PID=1292) to work on /home/airflow/.local/lib/python3.12/site-packages/airflow/example_dags/example_trigger_controller_dag.py
[2025-10-02T23:03:40.163+0000] {processor.py:830} INFO - Processing file /home/airflow/.local/lib/python3.12/site-packages/airflow/example_dags/example_trigger_controller_dag.py for tasks to queue
[2025-10-02T23:03:40.166+0000] {logging_mixin.py:188} INFO - [2025-10-02T23:03:40.165+0000] {dagbag.py:545} INFO - Filling up the DagBag from /home/airflow/.local/lib/python3.12/site-packages/airflow/example_dags/example_trigger_controller_dag.py
[2025-10-02T23:03:40.174+0000] {processor.py:840} INFO - DAG(s) 'example_trigger_controller_dag' retrieved from /home/airflow/.local/lib/python3.12/site-packages/airflow/example_dags/example_trigger_controller_dag.py
[2025-10-02T23:03:40.204+0000] {logging_mixin.py:188} INFO - [2025-10-02T23:03:40.204+0000] {dag.py:3096} INFO - Sync 1 DAGs
[2025-10-02T23:03:40.236+0000] {logging_mixin.py:188} INFO - [2025-10-02T23:03:40.236+0000] {dag.py:3954} INFO - Setting next_dagrun for example_trigger_controller_dag to 2021-01-01 00:00:00+00:00, run_after=2021-01-01 00:00:00+00:00
[2025-10-02T23:03:40.262+0000] {processor.py:183} INFO - Processing /home/airflow/.local/lib/python3.12/site-packages/airflow/example_dags/example_trigger_controller_dag.py took 0.112 seconds
[2025-10-02T23:04:11.033+0000] {processor.py:161} INFO - Started process (PID=1345) to work on /home/airflow/.local/lib/python3.12/site-packages/airflow/example_dags/example_trigger_controller_dag.py
[2025-10-02T23:04:11.034+0000] {processor.py:830} INFO - Processing file /home/airflow/.local/lib/python3.12/site-packages/airflow/example_dags/example_trigger_controller_dag.py for tasks to queue
[2025-10-02T23:04:11.037+0000] {logging_mixin.py:188} INFO - [2025-10-02T23:04:11.037+0000] {dagbag.py:545} INFO - Filling up the DagBag from /home/airflow/.local/lib/python3.12/site-packages/airflow/example_dags/example_trigger_controller_dag.py
[2025-10-02T23:04:11.045+0000] {processor.py:840} INFO - DAG(s) 'example_trigger_controller_dag' retrieved from /home/airflow/.local/lib/python3.12/site-packages/airflow/example_dags/example_trigger_controller_dag.py
[2025-10-02T23:04:11.072+0000] {logging_mixin.py:188} INFO - [2025-10-02T23:04:11.072+0000] {dag.py:3096} INFO - Sync 1 DAGs
[2025-10-02T23:04:11.101+0000] {logging_mixin.py:188} INFO - [2025-10-02T23:04:11.100+0000] {dag.py:3954} INFO - Setting next_dagrun for example_trigger_controller_dag to 2021-01-01 00:00:00+00:00, run_after=2021-01-01 00:00:00+00:00
[2025-10-02T23:04:11.128+0000] {processor.py:183} INFO - Processing /home/airflow/.local/lib/python3.12/site-packages/airflow/example_dags/example_trigger_controller_dag.py took 0.104 seconds
[2025-10-02T23:04:41.417+0000] {processor.py:161} INFO - Started process (PID=1398) to work on /home/airflow/.local/lib/python3.12/site-packages/airflow/example_dags/example_trigger_controller_dag.py
[2025-10-02T23:04:41.419+0000] {processor.py:830} INFO - Processing file /home/airflow/.local/lib/python3.12/site-packages/airflow/example_dags/example_trigger_controller_dag.py for tasks to queue
[2025-10-02T23:04:41.423+0000] {logging_mixin.py:188} INFO - [2025-10-02T23:04:41.422+0000] {dagbag.py:545} INFO - Filling up the DagBag from /home/airflow/.local/lib/python3.12/site-packages/airflow/example_dags/example_trigger_controller_dag.py
[2025-10-02T23:04:41.432+0000] {processor.py:840} INFO - DAG(s) 'example_trigger_controller_dag' retrieved from /home/airflow/.local/lib/python3.12/site-packages/airflow/example_dags/example_trigger_controller_dag.py
[2025-10-02T23:04:41.465+0000] {logging_mixin.py:188} INFO - [2025-10-02T23:04:41.464+0000] {dag.py:3096} INFO - Sync 1 DAGs
[2025-10-02T23:04:41.498+0000] {logging_mixin.py:188} INFO - [2025-10-02T23:04:41.498+0000] {dag.py:3954} INFO - Setting next_dagrun for example_trigger_controller_dag to 2021-01-01 00:00:00+00:00, run_after=2021-01-01 00:00:00+00:00
[2025-10-02T23:04:41.524+0000] {processor.py:183} INFO - Processing /home/airflow/.local/lib/python3.12/site-packages/airflow/example_dags/example_trigger_controller_dag.py took 0.119 seconds
[2025-10-02T23:05:11.732+0000] {processor.py:161} INFO - Started process (PID=1451) to work on /home/airflow/.local/lib/python3.12/site-packages/airflow/example_dags/example_trigger_controller_dag.py
[2025-10-02T23:05:11.734+0000] {processor.py:830} INFO - Processing file /home/airflow/.local/lib/python3.12/site-packages/airflow/example_dags/example_trigger_controller_dag.py for tasks to queue
[2025-10-02T23:05:11.737+0000] {logging_mixin.py:188} INFO - [2025-10-02T23:05:11.737+0000] {dagbag.py:545} INFO - Filling up the DagBag from /home/airflow/.local/lib/python3.12/site-packages/airflow/example_dags/example_trigger_controller_dag.py
[2025-10-02T23:05:11.745+0000] {processor.py:840} INFO - DAG(s) 'example_trigger_controller_dag' retrieved from /home/airflow/.local/lib/python3.12/site-packages/airflow/example_dags/example_trigger_controller_dag.py
[2025-10-02T23:05:11.776+0000] {logging_mixin.py:188} INFO - [2025-10-02T23:05:11.775+0000] {dag.py:3096} INFO - Sync 1 DAGs
[2025-10-02T23:05:11.804+0000] {logging_mixin.py:188} INFO - [2025-10-02T23:05:11.804+0000] {dag.py:3954} INFO - Setting next_dagrun for example_trigger_controller_dag to 2021-01-01 00:00:00+00:00, run_after=2021-01-01 00:00:00+00:00
[2025-10-02T23:05:11.831+0000] {processor.py:183} INFO - Processing /home/airflow/.local/lib/python3.12/site-packages/airflow/example_dags/example_trigger_controller_dag.py took 0.108 seconds
[2025-10-02T23:05:42.574+0000] {processor.py:161} INFO - Started process (PID=1504) to work on /home/airflow/.local/lib/python3.12/site-packages/airflow/example_dags/example_trigger_controller_dag.py
[2025-10-02T23:05:42.575+0000] {processor.py:830} INFO - Processing file /home/airflow/.local/lib/python3.12/site-packages/airflow/example_dags/example_trigger_controller_dag.py for tasks to queue
[2025-10-02T23:05:42.578+0000] {logging_mixin.py:188} INFO - [2025-10-02T23:05:42.578+0000] {dagbag.py:545} INFO - Filling up the DagBag from /home/airflow/.local/lib/python3.12/site-packages/airflow/example_dags/example_trigger_controller_dag.py
[2025-10-02T23:05:42.590+0000] {processor.py:840} INFO - DAG(s) 'example_trigger_controller_dag' retrieved from /home/airflow/.local/lib/python3.12/site-packages/airflow/example_dags/example_trigger_controller_dag.py
[2025-10-02T23:05:42.619+0000] {logging_mixin.py:188} INFO - [2025-10-02T23:05:42.619+0000] {dag.py:3096} INFO - Sync 1 DAGs
[2025-10-02T23:05:42.647+0000] {logging_mixin.py:188} INFO - [2025-10-02T23:05:42.646+0000] {dag.py:3954} INFO - Setting next_dagrun for example_trigger_controller_dag to 2021-01-01 00:00:00+00:00, run_after=2021-01-01 00:00:00+00:00
[2025-10-02T23:05:42.672+0000] {processor.py:183} INFO - Processing /home/airflow/.local/lib/python3.12/site-packages/airflow/example_dags/example_trigger_controller_dag.py took 0.107 seconds
[2025-10-02T23:06:12.841+0000] {processor.py:161} INFO - Started process (PID=1557) to work on /home/airflow/.local/lib/python3.12/site-packages/airflow/example_dags/example_trigger_controller_dag.py
[2025-10-02T23:06:12.843+0000] {processor.py:830} INFO - Processing file /home/airflow/.local/lib/python3.12/site-packages/airflow/example_dags/example_trigger_controller_dag.py for tasks to queue
[2025-10-02T23:06:12.847+0000] {logging_mixin.py:188} INFO - [2025-10-02T23:06:12.847+0000] {dagbag.py:545} INFO - Filling up the DagBag from /home/airflow/.local/lib/python3.12/site-packages/airflow/example_dags/example_trigger_controller_dag.py
[2025-10-02T23:06:12.856+0000] {processor.py:840} INFO - DAG(s) 'example_trigger_controller_dag' retrieved from /home/airflow/.local/lib/python3.12/site-packages/airflow/example_dags/example_trigger_controller_dag.py
[2025-10-02T23:06:12.890+0000] {logging_mixin.py:188} INFO - [2025-10-02T23:06:12.889+0000] {dag.py:3096} INFO - Sync 1 DAGs
[2025-10-02T23:06:12.982+0000] {logging_mixin.py:188} INFO - [2025-10-02T23:06:12.981+0000] {dag.py:3954} INFO - Setting next_dagrun for example_trigger_controller_dag to 2021-01-01 00:00:00+00:00, run_after=2021-01-01 00:00:00+00:00
[2025-10-02T23:06:13.027+0000] {processor.py:183} INFO - Processing /home/airflow/.local/lib/python3.12/site-packages/airflow/example_dags/example_trigger_controller_dag.py took 0.196 seconds
[2025-10-02T23:06:43.170+0000] {processor.py:161} INFO - Started process (PID=1610) to work on /home/airflow/.local/lib/python3.12/site-packages/airflow/example_dags/example_trigger_controller_dag.py
[2025-10-02T23:06:43.171+0000] {processor.py:830} INFO - Processing file /home/airflow/.local/lib/python3.12/site-packages/airflow/example_dags/example_trigger_controller_dag.py for tasks to queue
[2025-10-02T23:06:43.175+0000] {logging_mixin.py:188} INFO - [2025-10-02T23:06:43.174+0000] {dagbag.py:545} INFO - Filling up the DagBag from /home/airflow/.local/lib/python3.12/site-packages/airflow/example_dags/example_trigger_controller_dag.py
[2025-10-02T23:06:43.185+0000] {processor.py:840} INFO - DAG(s) 'example_trigger_controller_dag' retrieved from /home/airflow/.local/lib/python3.12/site-packages/airflow/example_dags/example_trigger_controller_dag.py
[2025-10-02T23:06:43.221+0000] {logging_mixin.py:188} INFO - [2025-10-02T23:06:43.221+0000] {dag.py:3096} INFO - Sync 1 DAGs
[2025-10-02T23:06:43.258+0000] {logging_mixin.py:188} INFO - [2025-10-02T23:06:43.258+0000] {dag.py:3954} INFO - Setting next_dagrun for example_trigger_controller_dag to 2021-01-01 00:00:00+00:00, run_after=2021-01-01 00:00:00+00:00
[2025-10-02T23:06:43.282+0000] {processor.py:183} INFO - Processing /home/airflow/.local/lib/python3.12/site-packages/airflow/example_dags/example_trigger_controller_dag.py took 0.125 seconds
[2025-10-02T23:07:15.095+0000] {processor.py:161} INFO - Started process (PID=1663) to work on /home/airflow/.local/lib/python3.12/site-packages/airflow/example_dags/example_trigger_controller_dag.py
[2025-10-02T23:07:15.097+0000] {processor.py:830} INFO - Processing file /home/airflow/.local/lib/python3.12/site-packages/airflow/example_dags/example_trigger_controller_dag.py for tasks to queue
[2025-10-02T23:07:15.100+0000] {logging_mixin.py:188} INFO - [2025-10-02T23:07:15.100+0000] {dagbag.py:545} INFO - Filling up the DagBag from /home/airflow/.local/lib/python3.12/site-packages/airflow/example_dags/example_trigger_controller_dag.py
[2025-10-02T23:07:15.109+0000] {processor.py:840} INFO - DAG(s) 'example_trigger_controller_dag' retrieved from /home/airflow/.local/lib/python3.12/site-packages/airflow/example_dags/example_trigger_controller_dag.py
[2025-10-02T23:07:15.140+0000] {logging_mixin.py:188} INFO - [2025-10-02T23:07:15.139+0000] {dag.py:3096} INFO - Sync 1 DAGs
[2025-10-02T23:07:15.373+0000] {logging_mixin.py:188} INFO - [2025-10-02T23:07:15.373+0000] {dag.py:3954} INFO - Setting next_dagrun for example_trigger_controller_dag to 2021-01-01 00:00:00+00:00, run_after=2021-01-01 00:00:00+00:00
[2025-10-02T23:07:15.398+0000] {processor.py:183} INFO - Processing /home/airflow/.local/lib/python3.12/site-packages/airflow/example_dags/example_trigger_controller_dag.py took 0.312 seconds
[2025-10-02T23:07:45.621+0000] {processor.py:161} INFO - Started process (PID=1716) to work on /home/airflow/.local/lib/python3.12/site-packages/airflow/example_dags/example_trigger_controller_dag.py
[2025-10-02T23:07:45.623+0000] {processor.py:830} INFO - Processing file /home/airflow/.local/lib/python3.12/site-packages/airflow/example_dags/example_trigger_controller_dag.py for tasks to queue
[2025-10-02T23:07:45.627+0000] {logging_mixin.py:188} INFO - [2025-10-02T23:07:45.626+0000] {dagbag.py:545} INFO - Filling up the DagBag from /home/airflow/.local/lib/python3.12/site-packages/airflow/example_dags/example_trigger_controller_dag.py
[2025-10-02T23:07:45.635+0000] {processor.py:840} INFO - DAG(s) 'example_trigger_controller_dag' retrieved from /home/airflow/.local/lib/python3.12/site-packages/airflow/example_dags/example_trigger_controller_dag.py
[2025-10-02T23:07:45.667+0000] {logging_mixin.py:188} INFO - [2025-10-02T23:07:45.666+0000] {dag.py:3096} INFO - Sync 1 DAGs
[2025-10-02T23:07:45.697+0000] {logging_mixin.py:188} INFO - [2025-10-02T23:07:45.697+0000] {dag.py:3954} INFO - Setting next_dagrun for example_trigger_controller_dag to 2021-01-01 00:00:00+00:00, run_after=2021-01-01 00:00:00+00:00
[2025-10-02T23:07:45.726+0000] {processor.py:183} INFO - Processing /home/airflow/.local/lib/python3.12/site-packages/airflow/example_dags/example_trigger_controller_dag.py took 0.114 seconds
[2025-10-02T23:08:16.135+0000] {processor.py:161} INFO - Started process (PID=1769) to work on /home/airflow/.local/lib/python3.12/site-packages/airflow/example_dags/example_trigger_controller_dag.py
[2025-10-02T23:08:16.137+0000] {processor.py:830} INFO - Processing file /home/airflow/.local/lib/python3.12/site-packages/airflow/example_dags/example_trigger_controller_dag.py for tasks to queue
[2025-10-02T23:08:16.140+0000] {logging_mixin.py:188} INFO - [2025-10-02T23:08:16.139+0000] {dagbag.py:545} INFO - Filling up the DagBag from /home/airflow/.local/lib/python3.12/site-packages/airflow/example_dags/example_trigger_controller_dag.py
[2025-10-02T23:08:16.147+0000] {processor.py:840} INFO - DAG(s) 'example_trigger_controller_dag' retrieved from /home/airflow/.local/lib/python3.12/site-packages/airflow/example_dags/example_trigger_controller_dag.py
[2025-10-02T23:08:16.175+0000] {logging_mixin.py:188} INFO - [2025-10-02T23:08:16.175+0000] {dag.py:3096} INFO - Sync 1 DAGs
[2025-10-02T23:08:16.204+0000] {logging_mixin.py:188} INFO - [2025-10-02T23:08:16.203+0000] {dag.py:3954} INFO - Setting next_dagrun for example_trigger_controller_dag to 2021-01-01 00:00:00+00:00, run_after=2021-01-01 00:00:00+00:00
[2025-10-02T23:08:16.228+0000] {processor.py:183} INFO - Processing /home/airflow/.local/lib/python3.12/site-packages/airflow/example_dags/example_trigger_controller_dag.py took 0.104 seconds
[2025-10-02T23:08:47.177+0000] {processor.py:161} INFO - Started process (PID=1822) to work on /home/airflow/.local/lib/python3.12/site-packages/airflow/example_dags/example_trigger_controller_dag.py
[2025-10-02T23:08:47.178+0000] {processor.py:830} INFO - Processing file /home/airflow/.local/lib/python3.12/site-packages/airflow/example_dags/example_trigger_controller_dag.py for tasks to queue
[2025-10-02T23:08:47.181+0000] {logging_mixin.py:188} INFO - [2025-10-02T23:08:47.181+0000] {dagbag.py:545} INFO - Filling up the DagBag from /home/airflow/.local/lib/python3.12/site-packages/airflow/example_dags/example_trigger_controller_dag.py
[2025-10-02T23:08:47.190+0000] {processor.py:840} INFO - DAG(s) 'example_trigger_controller_dag' retrieved from /home/airflow/.local/lib/python3.12/site-packages/airflow/example_dags/example_trigger_controller_dag.py
[2025-10-02T23:08:47.221+0000] {logging_mixin.py:188} INFO - [2025-10-02T23:08:47.220+0000] {dag.py:3096} INFO - Sync 1 DAGs
[2025-10-02T23:08:47.252+0000] {logging_mixin.py:188} INFO - [2025-10-02T23:08:47.251+0000] {dag.py:3954} INFO - Setting next_dagrun for example_trigger_controller_dag to 2021-01-01 00:00:00+00:00, run_after=2021-01-01 00:00:00+00:00
[2025-10-02T23:08:47.283+0000] {processor.py:183} INFO - Processing /home/airflow/.local/lib/python3.12/site-packages/airflow/example_dags/example_trigger_controller_dag.py took 0.116 seconds
[2025-10-02T23:09:17.836+0000] {processor.py:161} INFO - Started process (PID=1875) to work on /home/airflow/.local/lib/python3.12/site-packages/airflow/example_dags/example_trigger_controller_dag.py
[2025-10-02T23:09:17.838+0000] {processor.py:830} INFO - Processing file /home/airflow/.local/lib/python3.12/site-packages/airflow/example_dags/example_trigger_controller_dag.py for tasks to queue
[2025-10-02T23:09:17.840+0000] {logging_mixin.py:188} INFO - [2025-10-02T23:09:17.840+0000] {dagbag.py:545} INFO - Filling up the DagBag from /home/airflow/.local/lib/python3.12/site-packages/airflow/example_dags/example_trigger_controller_dag.py
[2025-10-02T23:09:17.847+0000] {processor.py:840} INFO - DAG(s) 'example_trigger_controller_dag' retrieved from /home/airflow/.local/lib/python3.12/site-packages/airflow/example_dags/example_trigger_controller_dag.py
[2025-10-02T23:09:17.874+0000] {logging_mixin.py:188} INFO - [2025-10-02T23:09:17.874+0000] {dag.py:3096} INFO - Sync 1 DAGs
[2025-10-02T23:09:17.900+0000] {logging_mixin.py:188} INFO - [2025-10-02T23:09:17.900+0000] {dag.py:3954} INFO - Setting next_dagrun for example_trigger_controller_dag to 2021-01-01 00:00:00+00:00, run_after=2021-01-01 00:00:00+00:00
[2025-10-02T23:09:17.927+0000] {processor.py:183} INFO - Processing /home/airflow/.local/lib/python3.12/site-packages/airflow/example_dags/example_trigger_controller_dag.py took 0.099 seconds
[2025-10-02T23:09:48.326+0000] {processor.py:161} INFO - Started process (PID=1928) to work on /home/airflow/.local/lib/python3.12/site-packages/airflow/example_dags/example_trigger_controller_dag.py
[2025-10-02T23:09:48.327+0000] {processor.py:830} INFO - Processing file /home/airflow/.local/lib/python3.12/site-packages/airflow/example_dags/example_trigger_controller_dag.py for tasks to queue
[2025-10-02T23:09:48.331+0000] {logging_mixin.py:188} INFO - [2025-10-02T23:09:48.330+0000] {dagbag.py:545} INFO - Filling up the DagBag from /home/airflow/.local/lib/python3.12/site-packages/airflow/example_dags/example_trigger_controller_dag.py
[2025-10-02T23:09:48.339+0000] {processor.py:840} INFO - DAG(s) 'example_trigger_controller_dag' retrieved from /home/airflow/.local/lib/python3.12/site-packages/airflow/example_dags/example_trigger_controller_dag.py
[2025-10-02T23:09:48.374+0000] {logging_mixin.py:188} INFO - [2025-10-02T23:09:48.373+0000] {dag.py:3096} INFO - Sync 1 DAGs
[2025-10-02T23:09:48.409+0000] {logging_mixin.py:188} INFO - [2025-10-02T23:09:48.409+0000] {dag.py:3954} INFO - Setting next_dagrun for example_trigger_controller_dag to 2021-01-01 00:00:00+00:00, run_after=2021-01-01 00:00:00+00:00
[2025-10-02T23:09:48.436+0000] {processor.py:183} INFO - Processing /home/airflow/.local/lib/python3.12/site-packages/airflow/example_dags/example_trigger_controller_dag.py took 0.121 seconds
