[2025-10-02T22:50:39.073+0000] {processor.py:161} INFO - Started process (PID=52) to work on /home/airflow/.local/lib/python3.12/site-packages/airflow/example_dags/example_complex.py
[2025-10-02T22:50:39.076+0000] {processor.py:830} INFO - Processing file /home/airflow/.local/lib/python3.12/site-packages/airflow/example_dags/example_complex.py for tasks to queue
[2025-10-02T22:50:39.081+0000] {logging_mixin.py:188} INFO - [2025-10-02T22:50:39.080+0000] {dagbag.py:545} INFO - Filling up the DagBag from /home/airflow/.local/lib/python3.12/site-packages/airflow/example_dags/example_complex.py
[2025-10-02T22:50:39.120+0000] {processor.py:840} INFO - DAG(s) 'example_complex' retrieved from /home/airflow/.local/lib/python3.12/site-packages/airflow/example_dags/example_complex.py
[2025-10-02T22:50:39.401+0000] {logging_mixin.py:188} INFO - [2025-10-02T22:50:39.400+0000] {override.py:1829} INFO - Created Permission View: can delete on DAG:example_complex
[2025-10-02T22:50:39.417+0000] {logging_mixin.py:188} INFO - [2025-10-02T22:50:39.416+0000] {override.py:1829} INFO - Created Permission View: can edit on DAG:example_complex
[2025-10-02T22:50:39.425+0000] {logging_mixin.py:188} INFO - [2025-10-02T22:50:39.425+0000] {override.py:1829} INFO - Created Permission View: can read on DAG:example_complex
[2025-10-02T22:50:39.426+0000] {logging_mixin.py:188} INFO - [2025-10-02T22:50:39.426+0000] {dag.py:3096} INFO - Sync 1 DAGs
[2025-10-02T22:50:39.441+0000] {logging_mixin.py:188} INFO - [2025-10-02T22:50:39.440+0000] {dag.py:3118} INFO - Creating ORM DAG for example_complex
[2025-10-02T22:50:39.442+0000] {logging_mixin.py:188} INFO - [2025-10-02T22:50:39.442+0000] {dag.py:3954} INFO - Setting next_dagrun for example_complex to None, run_after=None
[2025-10-02T22:50:39.465+0000] {processor.py:183} INFO - Processing /home/airflow/.local/lib/python3.12/site-packages/airflow/example_dags/example_complex.py took 0.406 seconds
[2025-10-02T22:51:50.748+0000] {processor.py:161} INFO - Started process (PID=52) to work on /home/airflow/.local/lib/python3.12/site-packages/airflow/example_dags/example_complex.py
[2025-10-02T22:51:50.750+0000] {processor.py:830} INFO - Processing file /home/airflow/.local/lib/python3.12/site-packages/airflow/example_dags/example_complex.py for tasks to queue
[2025-10-02T22:51:50.754+0000] {logging_mixin.py:188} INFO - [2025-10-02T22:51:50.753+0000] {dagbag.py:545} INFO - Filling up the DagBag from /home/airflow/.local/lib/python3.12/site-packages/airflow/example_dags/example_complex.py
[2025-10-02T22:51:50.776+0000] {processor.py:840} INFO - DAG(s) 'example_complex' retrieved from /home/airflow/.local/lib/python3.12/site-packages/airflow/example_dags/example_complex.py
[2025-10-02T22:51:50.796+0000] {logging_mixin.py:188} INFO - [2025-10-02T22:51:50.796+0000] {dag.py:3096} INFO - Sync 1 DAGs
[2025-10-02T22:51:50.823+0000] {logging_mixin.py:188} INFO - [2025-10-02T22:51:50.823+0000] {dag.py:3954} INFO - Setting next_dagrun for example_complex to None, run_after=None
[2025-10-02T22:51:50.863+0000] {processor.py:183} INFO - Processing /home/airflow/.local/lib/python3.12/site-packages/airflow/example_dags/example_complex.py took 0.128 seconds
[2025-10-02T22:52:21.560+0000] {processor.py:161} INFO - Started process (PID=105) to work on /home/airflow/.local/lib/python3.12/site-packages/airflow/example_dags/example_complex.py
[2025-10-02T22:52:21.563+0000] {processor.py:830} INFO - Processing file /home/airflow/.local/lib/python3.12/site-packages/airflow/example_dags/example_complex.py for tasks to queue
[2025-10-02T22:52:21.567+0000] {logging_mixin.py:188} INFO - [2025-10-02T22:52:21.567+0000] {dagbag.py:545} INFO - Filling up the DagBag from /home/airflow/.local/lib/python3.12/site-packages/airflow/example_dags/example_complex.py
[2025-10-02T22:52:21.589+0000] {processor.py:840} INFO - DAG(s) 'example_complex' retrieved from /home/airflow/.local/lib/python3.12/site-packages/airflow/example_dags/example_complex.py
[2025-10-02T22:52:21.611+0000] {logging_mixin.py:188} INFO - [2025-10-02T22:52:21.610+0000] {dag.py:3096} INFO - Sync 1 DAGs
[2025-10-02T22:52:21.642+0000] {logging_mixin.py:188} INFO - [2025-10-02T22:52:21.642+0000] {dag.py:3954} INFO - Setting next_dagrun for example_complex to None, run_after=None
[2025-10-02T22:52:21.675+0000] {processor.py:183} INFO - Processing /home/airflow/.local/lib/python3.12/site-packages/airflow/example_dags/example_complex.py took 0.131 seconds
[2025-10-02T22:52:52.300+0000] {processor.py:161} INFO - Started process (PID=158) to work on /home/airflow/.local/lib/python3.12/site-packages/airflow/example_dags/example_complex.py
[2025-10-02T22:52:52.301+0000] {processor.py:830} INFO - Processing file /home/airflow/.local/lib/python3.12/site-packages/airflow/example_dags/example_complex.py for tasks to queue
[2025-10-02T22:52:52.305+0000] {logging_mixin.py:188} INFO - [2025-10-02T22:52:52.305+0000] {dagbag.py:545} INFO - Filling up the DagBag from /home/airflow/.local/lib/python3.12/site-packages/airflow/example_dags/example_complex.py
[2025-10-02T22:52:52.320+0000] {processor.py:840} INFO - DAG(s) 'example_complex' retrieved from /home/airflow/.local/lib/python3.12/site-packages/airflow/example_dags/example_complex.py
[2025-10-02T22:52:52.472+0000] {logging_mixin.py:188} INFO - [2025-10-02T22:52:52.471+0000] {dag.py:3096} INFO - Sync 1 DAGs
[2025-10-02T22:52:52.484+0000] {logging_mixin.py:188} INFO - [2025-10-02T22:52:52.484+0000] {dag.py:3954} INFO - Setting next_dagrun for example_complex to None, run_after=None
[2025-10-02T22:52:52.511+0000] {processor.py:183} INFO - Processing /home/airflow/.local/lib/python3.12/site-packages/airflow/example_dags/example_complex.py took 0.222 seconds
[2025-10-02T22:53:23.039+0000] {processor.py:161} INFO - Started process (PID=212) to work on /home/airflow/.local/lib/python3.12/site-packages/airflow/example_dags/example_complex.py
[2025-10-02T22:53:23.042+0000] {processor.py:830} INFO - Processing file /home/airflow/.local/lib/python3.12/site-packages/airflow/example_dags/example_complex.py for tasks to queue
[2025-10-02T22:53:23.046+0000] {logging_mixin.py:188} INFO - [2025-10-02T22:53:23.045+0000] {dagbag.py:545} INFO - Filling up the DagBag from /home/airflow/.local/lib/python3.12/site-packages/airflow/example_dags/example_complex.py
[2025-10-02T22:53:23.067+0000] {processor.py:840} INFO - DAG(s) 'example_complex' retrieved from /home/airflow/.local/lib/python3.12/site-packages/airflow/example_dags/example_complex.py
[2025-10-02T22:53:23.160+0000] {logging_mixin.py:188} INFO - [2025-10-02T22:53:23.160+0000] {dag.py:3096} INFO - Sync 1 DAGs
[2025-10-02T22:53:23.191+0000] {logging_mixin.py:188} INFO - [2025-10-02T22:53:23.190+0000] {dag.py:3954} INFO - Setting next_dagrun for example_complex to None, run_after=None
[2025-10-02T22:53:23.223+0000] {processor.py:183} INFO - Processing /home/airflow/.local/lib/python3.12/site-packages/airflow/example_dags/example_complex.py took 0.204 seconds
[2025-10-02T22:53:54.398+0000] {processor.py:161} INFO - Started process (PID=265) to work on /home/airflow/.local/lib/python3.12/site-packages/airflow/example_dags/example_complex.py
[2025-10-02T22:53:54.399+0000] {processor.py:830} INFO - Processing file /home/airflow/.local/lib/python3.12/site-packages/airflow/example_dags/example_complex.py for tasks to queue
[2025-10-02T22:53:54.402+0000] {logging_mixin.py:188} INFO - [2025-10-02T22:53:54.402+0000] {dagbag.py:545} INFO - Filling up the DagBag from /home/airflow/.local/lib/python3.12/site-packages/airflow/example_dags/example_complex.py
[2025-10-02T22:53:54.415+0000] {processor.py:840} INFO - DAG(s) 'example_complex' retrieved from /home/airflow/.local/lib/python3.12/site-packages/airflow/example_dags/example_complex.py
[2025-10-02T22:53:54.435+0000] {logging_mixin.py:188} INFO - [2025-10-02T22:53:54.435+0000] {dag.py:3096} INFO - Sync 1 DAGs
[2025-10-02T22:53:54.456+0000] {logging_mixin.py:188} INFO - [2025-10-02T22:53:54.456+0000] {dag.py:3954} INFO - Setting next_dagrun for example_complex to None, run_after=None
[2025-10-02T22:53:54.484+0000] {processor.py:183} INFO - Processing /home/airflow/.local/lib/python3.12/site-packages/airflow/example_dags/example_complex.py took 0.094 seconds
[2025-10-02T22:54:25.683+0000] {processor.py:161} INFO - Started process (PID=318) to work on /home/airflow/.local/lib/python3.12/site-packages/airflow/example_dags/example_complex.py
[2025-10-02T22:54:25.685+0000] {processor.py:830} INFO - Processing file /home/airflow/.local/lib/python3.12/site-packages/airflow/example_dags/example_complex.py for tasks to queue
[2025-10-02T22:54:25.692+0000] {logging_mixin.py:188} INFO - [2025-10-02T22:54:25.691+0000] {dagbag.py:545} INFO - Filling up the DagBag from /home/airflow/.local/lib/python3.12/site-packages/airflow/example_dags/example_complex.py
[2025-10-02T22:54:25.717+0000] {processor.py:840} INFO - DAG(s) 'example_complex' retrieved from /home/airflow/.local/lib/python3.12/site-packages/airflow/example_dags/example_complex.py
[2025-10-02T22:54:25.976+0000] {logging_mixin.py:188} INFO - [2025-10-02T22:54:25.976+0000] {dag.py:3096} INFO - Sync 1 DAGs
[2025-10-02T22:54:25.995+0000] {logging_mixin.py:188} INFO - [2025-10-02T22:54:25.995+0000] {dag.py:3954} INFO - Setting next_dagrun for example_complex to None, run_after=None
[2025-10-02T22:54:26.030+0000] {processor.py:183} INFO - Processing /home/airflow/.local/lib/python3.12/site-packages/airflow/example_dags/example_complex.py took 0.363 seconds
[2025-10-02T22:54:56.794+0000] {processor.py:161} INFO - Started process (PID=371) to work on /home/airflow/.local/lib/python3.12/site-packages/airflow/example_dags/example_complex.py
[2025-10-02T22:54:56.796+0000] {processor.py:830} INFO - Processing file /home/airflow/.local/lib/python3.12/site-packages/airflow/example_dags/example_complex.py for tasks to queue
[2025-10-02T22:54:56.799+0000] {logging_mixin.py:188} INFO - [2025-10-02T22:54:56.799+0000] {dagbag.py:545} INFO - Filling up the DagBag from /home/airflow/.local/lib/python3.12/site-packages/airflow/example_dags/example_complex.py
[2025-10-02T22:54:56.815+0000] {processor.py:840} INFO - DAG(s) 'example_complex' retrieved from /home/airflow/.local/lib/python3.12/site-packages/airflow/example_dags/example_complex.py
[2025-10-02T22:54:56.861+0000] {logging_mixin.py:188} INFO - [2025-10-02T22:54:56.861+0000] {dag.py:3096} INFO - Sync 1 DAGs
[2025-10-02T22:54:56.889+0000] {logging_mixin.py:188} INFO - [2025-10-02T22:54:56.889+0000] {dag.py:3954} INFO - Setting next_dagrun for example_complex to None, run_after=None
[2025-10-02T22:54:56.915+0000] {processor.py:183} INFO - Processing /home/airflow/.local/lib/python3.12/site-packages/airflow/example_dags/example_complex.py took 0.131 seconds
[2025-10-02T22:55:27.674+0000] {processor.py:161} INFO - Started process (PID=428) to work on /home/airflow/.local/lib/python3.12/site-packages/airflow/example_dags/example_complex.py
[2025-10-02T22:55:27.678+0000] {processor.py:830} INFO - Processing file /home/airflow/.local/lib/python3.12/site-packages/airflow/example_dags/example_complex.py for tasks to queue
[2025-10-02T22:55:27.681+0000] {logging_mixin.py:188} INFO - [2025-10-02T22:55:27.681+0000] {dagbag.py:545} INFO - Filling up the DagBag from /home/airflow/.local/lib/python3.12/site-packages/airflow/example_dags/example_complex.py
[2025-10-02T22:55:27.710+0000] {processor.py:840} INFO - DAG(s) 'example_complex' retrieved from /home/airflow/.local/lib/python3.12/site-packages/airflow/example_dags/example_complex.py
[2025-10-02T22:55:27.799+0000] {logging_mixin.py:188} INFO - [2025-10-02T22:55:27.799+0000] {dag.py:3096} INFO - Sync 1 DAGs
[2025-10-02T22:55:27.836+0000] {logging_mixin.py:188} INFO - [2025-10-02T22:55:27.835+0000] {dag.py:3954} INFO - Setting next_dagrun for example_complex to None, run_after=None
[2025-10-02T22:55:27.878+0000] {processor.py:183} INFO - Processing /home/airflow/.local/lib/python3.12/site-packages/airflow/example_dags/example_complex.py took 0.214 seconds
[2025-10-02T22:55:58.305+0000] {processor.py:161} INFO - Started process (PID=482) to work on /home/airflow/.local/lib/python3.12/site-packages/airflow/example_dags/example_complex.py
[2025-10-02T22:55:58.306+0000] {processor.py:830} INFO - Processing file /home/airflow/.local/lib/python3.12/site-packages/airflow/example_dags/example_complex.py for tasks to queue
[2025-10-02T22:55:58.309+0000] {logging_mixin.py:188} INFO - [2025-10-02T22:55:58.309+0000] {dagbag.py:545} INFO - Filling up the DagBag from /home/airflow/.local/lib/python3.12/site-packages/airflow/example_dags/example_complex.py
[2025-10-02T22:55:58.324+0000] {processor.py:840} INFO - DAG(s) 'example_complex' retrieved from /home/airflow/.local/lib/python3.12/site-packages/airflow/example_dags/example_complex.py
[2025-10-02T22:55:58.373+0000] {logging_mixin.py:188} INFO - [2025-10-02T22:55:58.372+0000] {dag.py:3096} INFO - Sync 1 DAGs
[2025-10-02T22:55:58.393+0000] {logging_mixin.py:188} INFO - [2025-10-02T22:55:58.393+0000] {dag.py:3954} INFO - Setting next_dagrun for example_complex to None, run_after=None
[2025-10-02T22:55:58.417+0000] {processor.py:183} INFO - Processing /home/airflow/.local/lib/python3.12/site-packages/airflow/example_dags/example_complex.py took 0.122 seconds
[2025-10-02T22:56:28.640+0000] {processor.py:161} INFO - Started process (PID=535) to work on /home/airflow/.local/lib/python3.12/site-packages/airflow/example_dags/example_complex.py
[2025-10-02T22:56:28.642+0000] {processor.py:830} INFO - Processing file /home/airflow/.local/lib/python3.12/site-packages/airflow/example_dags/example_complex.py for tasks to queue
[2025-10-02T22:56:28.645+0000] {logging_mixin.py:188} INFO - [2025-10-02T22:56:28.644+0000] {dagbag.py:545} INFO - Filling up the DagBag from /home/airflow/.local/lib/python3.12/site-packages/airflow/example_dags/example_complex.py
[2025-10-02T22:56:28.659+0000] {processor.py:840} INFO - DAG(s) 'example_complex' retrieved from /home/airflow/.local/lib/python3.12/site-packages/airflow/example_dags/example_complex.py
[2025-10-02T22:56:28.723+0000] {logging_mixin.py:188} INFO - [2025-10-02T22:56:28.723+0000] {dag.py:3096} INFO - Sync 1 DAGs
[2025-10-02T22:56:28.746+0000] {logging_mixin.py:188} INFO - [2025-10-02T22:56:28.746+0000] {dag.py:3954} INFO - Setting next_dagrun for example_complex to None, run_after=None
[2025-10-02T22:56:28.785+0000] {processor.py:183} INFO - Processing /home/airflow/.local/lib/python3.12/site-packages/airflow/example_dags/example_complex.py took 0.153 seconds
[2025-10-02T22:56:58.862+0000] {processor.py:161} INFO - Started process (PID=588) to work on /home/airflow/.local/lib/python3.12/site-packages/airflow/example_dags/example_complex.py
[2025-10-02T22:56:58.863+0000] {processor.py:830} INFO - Processing file /home/airflow/.local/lib/python3.12/site-packages/airflow/example_dags/example_complex.py for tasks to queue
[2025-10-02T22:56:58.866+0000] {logging_mixin.py:188} INFO - [2025-10-02T22:56:58.866+0000] {dagbag.py:545} INFO - Filling up the DagBag from /home/airflow/.local/lib/python3.12/site-packages/airflow/example_dags/example_complex.py
[2025-10-02T22:56:58.881+0000] {processor.py:840} INFO - DAG(s) 'example_complex' retrieved from /home/airflow/.local/lib/python3.12/site-packages/airflow/example_dags/example_complex.py
[2025-10-02T22:56:58.935+0000] {logging_mixin.py:188} INFO - [2025-10-02T22:56:58.935+0000] {dag.py:3096} INFO - Sync 1 DAGs
[2025-10-02T22:56:58.952+0000] {logging_mixin.py:188} INFO - [2025-10-02T22:56:58.952+0000] {dag.py:3954} INFO - Setting next_dagrun for example_complex to None, run_after=None
[2025-10-02T22:56:58.980+0000] {processor.py:183} INFO - Processing /home/airflow/.local/lib/python3.12/site-packages/airflow/example_dags/example_complex.py took 0.129 seconds
[2025-10-02T22:57:29.518+0000] {processor.py:161} INFO - Started process (PID=642) to work on /home/airflow/.local/lib/python3.12/site-packages/airflow/example_dags/example_complex.py
[2025-10-02T22:57:29.520+0000] {processor.py:830} INFO - Processing file /home/airflow/.local/lib/python3.12/site-packages/airflow/example_dags/example_complex.py for tasks to queue
[2025-10-02T22:57:29.523+0000] {logging_mixin.py:188} INFO - [2025-10-02T22:57:29.522+0000] {dagbag.py:545} INFO - Filling up the DagBag from /home/airflow/.local/lib/python3.12/site-packages/airflow/example_dags/example_complex.py
[2025-10-02T22:57:29.537+0000] {processor.py:840} INFO - DAG(s) 'example_complex' retrieved from /home/airflow/.local/lib/python3.12/site-packages/airflow/example_dags/example_complex.py
[2025-10-02T22:57:29.577+0000] {logging_mixin.py:188} INFO - [2025-10-02T22:57:29.577+0000] {dag.py:3096} INFO - Sync 1 DAGs
[2025-10-02T22:57:29.594+0000] {logging_mixin.py:188} INFO - [2025-10-02T22:57:29.594+0000] {dag.py:3954} INFO - Setting next_dagrun for example_complex to None, run_after=None
[2025-10-02T22:57:29.625+0000] {processor.py:183} INFO - Processing /home/airflow/.local/lib/python3.12/site-packages/airflow/example_dags/example_complex.py took 0.115 seconds
[2025-10-02T22:58:00.439+0000] {processor.py:161} INFO - Started process (PID=695) to work on /home/airflow/.local/lib/python3.12/site-packages/airflow/example_dags/example_complex.py
[2025-10-02T22:58:00.441+0000] {processor.py:830} INFO - Processing file /home/airflow/.local/lib/python3.12/site-packages/airflow/example_dags/example_complex.py for tasks to queue
[2025-10-02T22:58:00.444+0000] {logging_mixin.py:188} INFO - [2025-10-02T22:58:00.443+0000] {dagbag.py:545} INFO - Filling up the DagBag from /home/airflow/.local/lib/python3.12/site-packages/airflow/example_dags/example_complex.py
[2025-10-02T22:58:00.457+0000] {processor.py:840} INFO - DAG(s) 'example_complex' retrieved from /home/airflow/.local/lib/python3.12/site-packages/airflow/example_dags/example_complex.py
[2025-10-02T22:58:00.475+0000] {logging_mixin.py:188} INFO - [2025-10-02T22:58:00.475+0000] {dag.py:3096} INFO - Sync 1 DAGs
[2025-10-02T22:58:00.493+0000] {logging_mixin.py:188} INFO - [2025-10-02T22:58:00.492+0000] {dag.py:3954} INFO - Setting next_dagrun for example_complex to None, run_after=None
[2025-10-02T22:58:00.519+0000] {processor.py:183} INFO - Processing /home/airflow/.local/lib/python3.12/site-packages/airflow/example_dags/example_complex.py took 0.088 seconds
[2025-10-02T22:58:30.813+0000] {processor.py:161} INFO - Started process (PID=748) to work on /home/airflow/.local/lib/python3.12/site-packages/airflow/example_dags/example_complex.py
[2025-10-02T22:58:30.814+0000] {processor.py:830} INFO - Processing file /home/airflow/.local/lib/python3.12/site-packages/airflow/example_dags/example_complex.py for tasks to queue
[2025-10-02T22:58:30.817+0000] {logging_mixin.py:188} INFO - [2025-10-02T22:58:30.817+0000] {dagbag.py:545} INFO - Filling up the DagBag from /home/airflow/.local/lib/python3.12/site-packages/airflow/example_dags/example_complex.py
[2025-10-02T22:58:30.836+0000] {processor.py:840} INFO - DAG(s) 'example_complex' retrieved from /home/airflow/.local/lib/python3.12/site-packages/airflow/example_dags/example_complex.py
[2025-10-02T22:58:31.007+0000] {logging_mixin.py:188} INFO - [2025-10-02T22:58:31.007+0000] {dag.py:3096} INFO - Sync 1 DAGs
[2025-10-02T22:58:31.020+0000] {logging_mixin.py:188} INFO - [2025-10-02T22:58:31.020+0000] {dag.py:3954} INFO - Setting next_dagrun for example_complex to None, run_after=None
[2025-10-02T22:58:31.045+0000] {processor.py:183} INFO - Processing /home/airflow/.local/lib/python3.12/site-packages/airflow/example_dags/example_complex.py took 0.241 seconds
[2025-10-02T22:59:01.147+0000] {processor.py:161} INFO - Started process (PID=801) to work on /home/airflow/.local/lib/python3.12/site-packages/airflow/example_dags/example_complex.py
[2025-10-02T22:59:01.148+0000] {processor.py:830} INFO - Processing file /home/airflow/.local/lib/python3.12/site-packages/airflow/example_dags/example_complex.py for tasks to queue
[2025-10-02T22:59:01.151+0000] {logging_mixin.py:188} INFO - [2025-10-02T22:59:01.151+0000] {dagbag.py:545} INFO - Filling up the DagBag from /home/airflow/.local/lib/python3.12/site-packages/airflow/example_dags/example_complex.py
[2025-10-02T22:59:01.166+0000] {processor.py:840} INFO - DAG(s) 'example_complex' retrieved from /home/airflow/.local/lib/python3.12/site-packages/airflow/example_dags/example_complex.py
[2025-10-02T22:59:01.209+0000] {logging_mixin.py:188} INFO - [2025-10-02T22:59:01.208+0000] {dag.py:3096} INFO - Sync 1 DAGs
[2025-10-02T22:59:01.226+0000] {logging_mixin.py:188} INFO - [2025-10-02T22:59:01.226+0000] {dag.py:3954} INFO - Setting next_dagrun for example_complex to None, run_after=None
[2025-10-02T22:59:01.256+0000] {processor.py:183} INFO - Processing /home/airflow/.local/lib/python3.12/site-packages/airflow/example_dags/example_complex.py took 0.117 seconds
[2025-10-02T22:59:31.560+0000] {processor.py:161} INFO - Started process (PID=854) to work on /home/airflow/.local/lib/python3.12/site-packages/airflow/example_dags/example_complex.py
[2025-10-02T22:59:31.561+0000] {processor.py:830} INFO - Processing file /home/airflow/.local/lib/python3.12/site-packages/airflow/example_dags/example_complex.py for tasks to queue
[2025-10-02T22:59:31.564+0000] {logging_mixin.py:188} INFO - [2025-10-02T22:59:31.564+0000] {dagbag.py:545} INFO - Filling up the DagBag from /home/airflow/.local/lib/python3.12/site-packages/airflow/example_dags/example_complex.py
[2025-10-02T22:59:31.583+0000] {processor.py:840} INFO - DAG(s) 'example_complex' retrieved from /home/airflow/.local/lib/python3.12/site-packages/airflow/example_dags/example_complex.py
[2025-10-02T22:59:31.638+0000] {logging_mixin.py:188} INFO - [2025-10-02T22:59:31.638+0000] {dag.py:3096} INFO - Sync 1 DAGs
[2025-10-02T22:59:31.655+0000] {logging_mixin.py:188} INFO - [2025-10-02T22:59:31.655+0000] {dag.py:3954} INFO - Setting next_dagrun for example_complex to None, run_after=None
[2025-10-02T22:59:31.679+0000] {processor.py:183} INFO - Processing /home/airflow/.local/lib/python3.12/site-packages/airflow/example_dags/example_complex.py took 0.128 seconds
[2025-10-02T23:00:02.190+0000] {processor.py:161} INFO - Started process (PID=907) to work on /home/airflow/.local/lib/python3.12/site-packages/airflow/example_dags/example_complex.py
[2025-10-02T23:00:02.192+0000] {processor.py:830} INFO - Processing file /home/airflow/.local/lib/python3.12/site-packages/airflow/example_dags/example_complex.py for tasks to queue
[2025-10-02T23:00:02.195+0000] {logging_mixin.py:188} INFO - [2025-10-02T23:00:02.194+0000] {dagbag.py:545} INFO - Filling up the DagBag from /home/airflow/.local/lib/python3.12/site-packages/airflow/example_dags/example_complex.py
[2025-10-02T23:00:02.209+0000] {processor.py:840} INFO - DAG(s) 'example_complex' retrieved from /home/airflow/.local/lib/python3.12/site-packages/airflow/example_dags/example_complex.py
[2025-10-02T23:00:02.251+0000] {logging_mixin.py:188} INFO - [2025-10-02T23:00:02.250+0000] {dag.py:3096} INFO - Sync 1 DAGs
[2025-10-02T23:00:02.269+0000] {logging_mixin.py:188} INFO - [2025-10-02T23:00:02.269+0000] {dag.py:3954} INFO - Setting next_dagrun for example_complex to None, run_after=None
[2025-10-02T23:00:02.294+0000] {processor.py:183} INFO - Processing /home/airflow/.local/lib/python3.12/site-packages/airflow/example_dags/example_complex.py took 0.113 seconds
[2025-10-02T23:00:32.474+0000] {processor.py:161} INFO - Started process (PID=960) to work on /home/airflow/.local/lib/python3.12/site-packages/airflow/example_dags/example_complex.py
[2025-10-02T23:00:32.476+0000] {processor.py:830} INFO - Processing file /home/airflow/.local/lib/python3.12/site-packages/airflow/example_dags/example_complex.py for tasks to queue
[2025-10-02T23:00:32.479+0000] {logging_mixin.py:188} INFO - [2025-10-02T23:00:32.478+0000] {dagbag.py:545} INFO - Filling up the DagBag from /home/airflow/.local/lib/python3.12/site-packages/airflow/example_dags/example_complex.py
[2025-10-02T23:00:32.494+0000] {processor.py:840} INFO - DAG(s) 'example_complex' retrieved from /home/airflow/.local/lib/python3.12/site-packages/airflow/example_dags/example_complex.py
[2025-10-02T23:00:32.540+0000] {logging_mixin.py:188} INFO - [2025-10-02T23:00:32.540+0000] {dag.py:3096} INFO - Sync 1 DAGs
[2025-10-02T23:00:32.558+0000] {logging_mixin.py:188} INFO - [2025-10-02T23:00:32.557+0000] {dag.py:3954} INFO - Setting next_dagrun for example_complex to None, run_after=None
[2025-10-02T23:00:32.583+0000] {processor.py:183} INFO - Processing /home/airflow/.local/lib/python3.12/site-packages/airflow/example_dags/example_complex.py took 0.119 seconds
[2025-10-02T23:01:02.936+0000] {processor.py:161} INFO - Started process (PID=1013) to work on /home/airflow/.local/lib/python3.12/site-packages/airflow/example_dags/example_complex.py
[2025-10-02T23:01:02.937+0000] {processor.py:830} INFO - Processing file /home/airflow/.local/lib/python3.12/site-packages/airflow/example_dags/example_complex.py for tasks to queue
[2025-10-02T23:01:02.941+0000] {logging_mixin.py:188} INFO - [2025-10-02T23:01:02.940+0000] {dagbag.py:545} INFO - Filling up the DagBag from /home/airflow/.local/lib/python3.12/site-packages/airflow/example_dags/example_complex.py
[2025-10-02T23:01:02.957+0000] {processor.py:840} INFO - DAG(s) 'example_complex' retrieved from /home/airflow/.local/lib/python3.12/site-packages/airflow/example_dags/example_complex.py
[2025-10-02T23:01:02.997+0000] {logging_mixin.py:188} INFO - [2025-10-02T23:01:02.997+0000] {dag.py:3096} INFO - Sync 1 DAGs
[2025-10-02T23:01:03.020+0000] {logging_mixin.py:188} INFO - [2025-10-02T23:01:03.019+0000] {dag.py:3954} INFO - Setting next_dagrun for example_complex to None, run_after=None
[2025-10-02T23:01:03.044+0000] {processor.py:183} INFO - Processing /home/airflow/.local/lib/python3.12/site-packages/airflow/example_dags/example_complex.py took 0.117 seconds
[2025-10-02T23:01:33.211+0000] {processor.py:161} INFO - Started process (PID=1066) to work on /home/airflow/.local/lib/python3.12/site-packages/airflow/example_dags/example_complex.py
[2025-10-02T23:01:33.213+0000] {processor.py:830} INFO - Processing file /home/airflow/.local/lib/python3.12/site-packages/airflow/example_dags/example_complex.py for tasks to queue
[2025-10-02T23:01:33.216+0000] {logging_mixin.py:188} INFO - [2025-10-02T23:01:33.216+0000] {dagbag.py:545} INFO - Filling up the DagBag from /home/airflow/.local/lib/python3.12/site-packages/airflow/example_dags/example_complex.py
[2025-10-02T23:01:33.239+0000] {processor.py:840} INFO - DAG(s) 'example_complex' retrieved from /home/airflow/.local/lib/python3.12/site-packages/airflow/example_dags/example_complex.py
[2025-10-02T23:01:33.291+0000] {logging_mixin.py:188} INFO - [2025-10-02T23:01:33.291+0000] {dag.py:3096} INFO - Sync 1 DAGs
[2025-10-02T23:01:33.311+0000] {logging_mixin.py:188} INFO - [2025-10-02T23:01:33.311+0000] {dag.py:3954} INFO - Setting next_dagrun for example_complex to None, run_after=None
[2025-10-02T23:01:33.335+0000] {processor.py:183} INFO - Processing /home/airflow/.local/lib/python3.12/site-packages/airflow/example_dags/example_complex.py took 0.136 seconds
[2025-10-02T23:02:03.584+0000] {processor.py:161} INFO - Started process (PID=1118) to work on /home/airflow/.local/lib/python3.12/site-packages/airflow/example_dags/example_complex.py
[2025-10-02T23:02:03.586+0000] {processor.py:830} INFO - Processing file /home/airflow/.local/lib/python3.12/site-packages/airflow/example_dags/example_complex.py for tasks to queue
[2025-10-02T23:02:03.589+0000] {logging_mixin.py:188} INFO - [2025-10-02T23:02:03.588+0000] {dagbag.py:545} INFO - Filling up the DagBag from /home/airflow/.local/lib/python3.12/site-packages/airflow/example_dags/example_complex.py
[2025-10-02T23:02:03.605+0000] {processor.py:840} INFO - DAG(s) 'example_complex' retrieved from /home/airflow/.local/lib/python3.12/site-packages/airflow/example_dags/example_complex.py
[2025-10-02T23:02:03.654+0000] {logging_mixin.py:188} INFO - [2025-10-02T23:02:03.654+0000] {dag.py:3096} INFO - Sync 1 DAGs
[2025-10-02T23:02:03.672+0000] {logging_mixin.py:188} INFO - [2025-10-02T23:02:03.671+0000] {dag.py:3954} INFO - Setting next_dagrun for example_complex to None, run_after=None
[2025-10-02T23:02:03.696+0000] {processor.py:183} INFO - Processing /home/airflow/.local/lib/python3.12/site-packages/airflow/example_dags/example_complex.py took 0.122 seconds
[2025-10-02T23:02:34.256+0000] {processor.py:161} INFO - Started process (PID=1171) to work on /home/airflow/.local/lib/python3.12/site-packages/airflow/example_dags/example_complex.py
[2025-10-02T23:02:34.257+0000] {processor.py:830} INFO - Processing file /home/airflow/.local/lib/python3.12/site-packages/airflow/example_dags/example_complex.py for tasks to queue
[2025-10-02T23:02:34.260+0000] {logging_mixin.py:188} INFO - [2025-10-02T23:02:34.260+0000] {dagbag.py:545} INFO - Filling up the DagBag from /home/airflow/.local/lib/python3.12/site-packages/airflow/example_dags/example_complex.py
[2025-10-02T23:02:34.274+0000] {processor.py:840} INFO - DAG(s) 'example_complex' retrieved from /home/airflow/.local/lib/python3.12/site-packages/airflow/example_dags/example_complex.py
[2025-10-02T23:02:34.315+0000] {logging_mixin.py:188} INFO - [2025-10-02T23:02:34.315+0000] {dag.py:3096} INFO - Sync 1 DAGs
[2025-10-02T23:02:34.334+0000] {logging_mixin.py:188} INFO - [2025-10-02T23:02:34.334+0000] {dag.py:3954} INFO - Setting next_dagrun for example_complex to None, run_after=None
[2025-10-02T23:02:34.361+0000] {processor.py:183} INFO - Processing /home/airflow/.local/lib/python3.12/site-packages/airflow/example_dags/example_complex.py took 0.114 seconds
[2025-10-02T23:03:04.660+0000] {processor.py:161} INFO - Started process (PID=1224) to work on /home/airflow/.local/lib/python3.12/site-packages/airflow/example_dags/example_complex.py
[2025-10-02T23:03:04.662+0000] {processor.py:830} INFO - Processing file /home/airflow/.local/lib/python3.12/site-packages/airflow/example_dags/example_complex.py for tasks to queue
[2025-10-02T23:03:04.665+0000] {logging_mixin.py:188} INFO - [2025-10-02T23:03:04.664+0000] {dagbag.py:545} INFO - Filling up the DagBag from /home/airflow/.local/lib/python3.12/site-packages/airflow/example_dags/example_complex.py
[2025-10-02T23:03:04.679+0000] {processor.py:840} INFO - DAG(s) 'example_complex' retrieved from /home/airflow/.local/lib/python3.12/site-packages/airflow/example_dags/example_complex.py
[2025-10-02T23:03:04.724+0000] {logging_mixin.py:188} INFO - [2025-10-02T23:03:04.723+0000] {dag.py:3096} INFO - Sync 1 DAGs
[2025-10-02T23:03:04.743+0000] {logging_mixin.py:188} INFO - [2025-10-02T23:03:04.743+0000] {dag.py:3954} INFO - Setting next_dagrun for example_complex to None, run_after=None
[2025-10-02T23:03:04.767+0000] {processor.py:183} INFO - Processing /home/airflow/.local/lib/python3.12/site-packages/airflow/example_dags/example_complex.py took 0.116 seconds
[2025-10-02T23:03:35.186+0000] {processor.py:161} INFO - Started process (PID=1277) to work on /home/airflow/.local/lib/python3.12/site-packages/airflow/example_dags/example_complex.py
[2025-10-02T23:03:35.187+0000] {processor.py:830} INFO - Processing file /home/airflow/.local/lib/python3.12/site-packages/airflow/example_dags/example_complex.py for tasks to queue
[2025-10-02T23:03:35.190+0000] {logging_mixin.py:188} INFO - [2025-10-02T23:03:35.190+0000] {dagbag.py:545} INFO - Filling up the DagBag from /home/airflow/.local/lib/python3.12/site-packages/airflow/example_dags/example_complex.py
[2025-10-02T23:03:35.225+0000] {processor.py:840} INFO - DAG(s) 'example_complex' retrieved from /home/airflow/.local/lib/python3.12/site-packages/airflow/example_dags/example_complex.py
[2025-10-02T23:03:35.281+0000] {logging_mixin.py:188} INFO - [2025-10-02T23:03:35.281+0000] {dag.py:3096} INFO - Sync 1 DAGs
[2025-10-02T23:03:35.298+0000] {logging_mixin.py:188} INFO - [2025-10-02T23:03:35.298+0000] {dag.py:3954} INFO - Setting next_dagrun for example_complex to None, run_after=None
[2025-10-02T23:03:35.323+0000] {processor.py:183} INFO - Processing /home/airflow/.local/lib/python3.12/site-packages/airflow/example_dags/example_complex.py took 0.147 seconds
[2025-10-02T23:04:06.592+0000] {processor.py:161} INFO - Started process (PID=1330) to work on /home/airflow/.local/lib/python3.12/site-packages/airflow/example_dags/example_complex.py
[2025-10-02T23:04:06.593+0000] {processor.py:830} INFO - Processing file /home/airflow/.local/lib/python3.12/site-packages/airflow/example_dags/example_complex.py for tasks to queue
[2025-10-02T23:04:06.596+0000] {logging_mixin.py:188} INFO - [2025-10-02T23:04:06.595+0000] {dagbag.py:545} INFO - Filling up the DagBag from /home/airflow/.local/lib/python3.12/site-packages/airflow/example_dags/example_complex.py
[2025-10-02T23:04:06.609+0000] {processor.py:840} INFO - DAG(s) 'example_complex' retrieved from /home/airflow/.local/lib/python3.12/site-packages/airflow/example_dags/example_complex.py
[2025-10-02T23:04:06.669+0000] {logging_mixin.py:188} INFO - [2025-10-02T23:04:06.669+0000] {dag.py:3096} INFO - Sync 1 DAGs
[2025-10-02T23:04:06.687+0000] {logging_mixin.py:188} INFO - [2025-10-02T23:04:06.686+0000] {dag.py:3954} INFO - Setting next_dagrun for example_complex to None, run_after=None
[2025-10-02T23:04:06.713+0000] {processor.py:183} INFO - Processing /home/airflow/.local/lib/python3.12/site-packages/airflow/example_dags/example_complex.py took 0.130 seconds
[2025-10-02T23:04:36.894+0000] {processor.py:161} INFO - Started process (PID=1383) to work on /home/airflow/.local/lib/python3.12/site-packages/airflow/example_dags/example_complex.py
[2025-10-02T23:04:36.895+0000] {processor.py:830} INFO - Processing file /home/airflow/.local/lib/python3.12/site-packages/airflow/example_dags/example_complex.py for tasks to queue
[2025-10-02T23:04:36.900+0000] {logging_mixin.py:188} INFO - [2025-10-02T23:04:36.899+0000] {dagbag.py:545} INFO - Filling up the DagBag from /home/airflow/.local/lib/python3.12/site-packages/airflow/example_dags/example_complex.py
[2025-10-02T23:04:36.928+0000] {processor.py:840} INFO - DAG(s) 'example_complex' retrieved from /home/airflow/.local/lib/python3.12/site-packages/airflow/example_dags/example_complex.py
[2025-10-02T23:04:37.033+0000] {logging_mixin.py:188} INFO - [2025-10-02T23:04:37.032+0000] {dag.py:3096} INFO - Sync 1 DAGs
[2025-10-02T23:04:37.076+0000] {logging_mixin.py:188} INFO - [2025-10-02T23:04:37.076+0000] {dag.py:3954} INFO - Setting next_dagrun for example_complex to None, run_after=None
[2025-10-02T23:04:37.132+0000] {processor.py:183} INFO - Processing /home/airflow/.local/lib/python3.12/site-packages/airflow/example_dags/example_complex.py took 0.250 seconds
[2025-10-02T23:05:07.226+0000] {processor.py:161} INFO - Started process (PID=1436) to work on /home/airflow/.local/lib/python3.12/site-packages/airflow/example_dags/example_complex.py
[2025-10-02T23:05:07.227+0000] {processor.py:830} INFO - Processing file /home/airflow/.local/lib/python3.12/site-packages/airflow/example_dags/example_complex.py for tasks to queue
[2025-10-02T23:05:07.231+0000] {logging_mixin.py:188} INFO - [2025-10-02T23:05:07.230+0000] {dagbag.py:545} INFO - Filling up the DagBag from /home/airflow/.local/lib/python3.12/site-packages/airflow/example_dags/example_complex.py
[2025-10-02T23:05:07.252+0000] {processor.py:840} INFO - DAG(s) 'example_complex' retrieved from /home/airflow/.local/lib/python3.12/site-packages/airflow/example_dags/example_complex.py
[2025-10-02T23:05:07.328+0000] {logging_mixin.py:188} INFO - [2025-10-02T23:05:07.327+0000] {dag.py:3096} INFO - Sync 1 DAGs
[2025-10-02T23:05:07.346+0000] {logging_mixin.py:188} INFO - [2025-10-02T23:05:07.345+0000] {dag.py:3954} INFO - Setting next_dagrun for example_complex to None, run_after=None
[2025-10-02T23:05:07.370+0000] {processor.py:183} INFO - Processing /home/airflow/.local/lib/python3.12/site-packages/airflow/example_dags/example_complex.py took 0.158 seconds
[2025-10-02T23:05:37.848+0000] {processor.py:161} INFO - Started process (PID=1489) to work on /home/airflow/.local/lib/python3.12/site-packages/airflow/example_dags/example_complex.py
[2025-10-02T23:05:37.850+0000] {processor.py:830} INFO - Processing file /home/airflow/.local/lib/python3.12/site-packages/airflow/example_dags/example_complex.py for tasks to queue
[2025-10-02T23:05:37.853+0000] {logging_mixin.py:188} INFO - [2025-10-02T23:05:37.852+0000] {dagbag.py:545} INFO - Filling up the DagBag from /home/airflow/.local/lib/python3.12/site-packages/airflow/example_dags/example_complex.py
[2025-10-02T23:05:37.869+0000] {processor.py:840} INFO - DAG(s) 'example_complex' retrieved from /home/airflow/.local/lib/python3.12/site-packages/airflow/example_dags/example_complex.py
[2025-10-02T23:05:37.916+0000] {logging_mixin.py:188} INFO - [2025-10-02T23:05:37.915+0000] {dag.py:3096} INFO - Sync 1 DAGs
[2025-10-02T23:05:37.937+0000] {logging_mixin.py:188} INFO - [2025-10-02T23:05:37.937+0000] {dag.py:3954} INFO - Setting next_dagrun for example_complex to None, run_after=None
[2025-10-02T23:05:37.978+0000] {processor.py:183} INFO - Processing /home/airflow/.local/lib/python3.12/site-packages/airflow/example_dags/example_complex.py took 0.140 seconds
[2025-10-02T23:06:08.619+0000] {processor.py:161} INFO - Started process (PID=1542) to work on /home/airflow/.local/lib/python3.12/site-packages/airflow/example_dags/example_complex.py
[2025-10-02T23:06:08.621+0000] {processor.py:830} INFO - Processing file /home/airflow/.local/lib/python3.12/site-packages/airflow/example_dags/example_complex.py for tasks to queue
[2025-10-02T23:06:08.625+0000] {logging_mixin.py:188} INFO - [2025-10-02T23:06:08.624+0000] {dagbag.py:545} INFO - Filling up the DagBag from /home/airflow/.local/lib/python3.12/site-packages/airflow/example_dags/example_complex.py
[2025-10-02T23:06:08.644+0000] {processor.py:840} INFO - DAG(s) 'example_complex' retrieved from /home/airflow/.local/lib/python3.12/site-packages/airflow/example_dags/example_complex.py
[2025-10-02T23:06:08.691+0000] {logging_mixin.py:188} INFO - [2025-10-02T23:06:08.690+0000] {dag.py:3096} INFO - Sync 1 DAGs
[2025-10-02T23:06:08.713+0000] {logging_mixin.py:188} INFO - [2025-10-02T23:06:08.712+0000] {dag.py:3954} INFO - Setting next_dagrun for example_complex to None, run_after=None
[2025-10-02T23:06:08.738+0000] {processor.py:183} INFO - Processing /home/airflow/.local/lib/python3.12/site-packages/airflow/example_dags/example_complex.py took 0.131 seconds
[2025-10-02T23:06:39.996+0000] {processor.py:161} INFO - Started process (PID=1595) to work on /home/airflow/.local/lib/python3.12/site-packages/airflow/example_dags/example_complex.py
[2025-10-02T23:06:39.998+0000] {processor.py:830} INFO - Processing file /home/airflow/.local/lib/python3.12/site-packages/airflow/example_dags/example_complex.py for tasks to queue
[2025-10-02T23:06:40.002+0000] {logging_mixin.py:188} INFO - [2025-10-02T23:06:40.001+0000] {dagbag.py:545} INFO - Filling up the DagBag from /home/airflow/.local/lib/python3.12/site-packages/airflow/example_dags/example_complex.py
[2025-10-02T23:06:40.021+0000] {processor.py:840} INFO - DAG(s) 'example_complex' retrieved from /home/airflow/.local/lib/python3.12/site-packages/airflow/example_dags/example_complex.py
[2025-10-02T23:06:40.088+0000] {logging_mixin.py:188} INFO - [2025-10-02T23:06:40.088+0000] {dag.py:3096} INFO - Sync 1 DAGs
[2025-10-02T23:06:40.317+0000] {logging_mixin.py:188} INFO - [2025-10-02T23:06:40.317+0000] {dag.py:3954} INFO - Setting next_dagrun for example_complex to None, run_after=None
[2025-10-02T23:06:40.343+0000] {processor.py:183} INFO - Processing /home/airflow/.local/lib/python3.12/site-packages/airflow/example_dags/example_complex.py took 0.359 seconds
[2025-10-02T23:07:11.016+0000] {processor.py:161} INFO - Started process (PID=1648) to work on /home/airflow/.local/lib/python3.12/site-packages/airflow/example_dags/example_complex.py
[2025-10-02T23:07:11.017+0000] {processor.py:830} INFO - Processing file /home/airflow/.local/lib/python3.12/site-packages/airflow/example_dags/example_complex.py for tasks to queue
[2025-10-02T23:07:11.021+0000] {logging_mixin.py:188} INFO - [2025-10-02T23:07:11.020+0000] {dagbag.py:545} INFO - Filling up the DagBag from /home/airflow/.local/lib/python3.12/site-packages/airflow/example_dags/example_complex.py
[2025-10-02T23:07:11.036+0000] {processor.py:840} INFO - DAG(s) 'example_complex' retrieved from /home/airflow/.local/lib/python3.12/site-packages/airflow/example_dags/example_complex.py
[2025-10-02T23:07:11.098+0000] {logging_mixin.py:188} INFO - [2025-10-02T23:07:11.098+0000] {dag.py:3096} INFO - Sync 1 DAGs
[2025-10-02T23:07:11.124+0000] {logging_mixin.py:188} INFO - [2025-10-02T23:07:11.123+0000] {dag.py:3954} INFO - Setting next_dagrun for example_complex to None, run_after=None
[2025-10-02T23:07:11.153+0000] {processor.py:183} INFO - Processing /home/airflow/.local/lib/python3.12/site-packages/airflow/example_dags/example_complex.py took 0.147 seconds
[2025-10-02T23:07:41.453+0000] {processor.py:161} INFO - Started process (PID=1701) to work on /home/airflow/.local/lib/python3.12/site-packages/airflow/example_dags/example_complex.py
[2025-10-02T23:07:41.455+0000] {processor.py:830} INFO - Processing file /home/airflow/.local/lib/python3.12/site-packages/airflow/example_dags/example_complex.py for tasks to queue
[2025-10-02T23:07:41.458+0000] {logging_mixin.py:188} INFO - [2025-10-02T23:07:41.457+0000] {dagbag.py:545} INFO - Filling up the DagBag from /home/airflow/.local/lib/python3.12/site-packages/airflow/example_dags/example_complex.py
[2025-10-02T23:07:41.474+0000] {processor.py:840} INFO - DAG(s) 'example_complex' retrieved from /home/airflow/.local/lib/python3.12/site-packages/airflow/example_dags/example_complex.py
[2025-10-02T23:07:41.520+0000] {logging_mixin.py:188} INFO - [2025-10-02T23:07:41.519+0000] {dag.py:3096} INFO - Sync 1 DAGs
[2025-10-02T23:07:41.539+0000] {logging_mixin.py:188} INFO - [2025-10-02T23:07:41.539+0000] {dag.py:3954} INFO - Setting next_dagrun for example_complex to None, run_after=None
[2025-10-02T23:07:41.568+0000] {processor.py:183} INFO - Processing /home/airflow/.local/lib/python3.12/site-packages/airflow/example_dags/example_complex.py took 0.123 seconds
[2025-10-02T23:08:12.313+0000] {processor.py:161} INFO - Started process (PID=1754) to work on /home/airflow/.local/lib/python3.12/site-packages/airflow/example_dags/example_complex.py
[2025-10-02T23:08:12.314+0000] {processor.py:830} INFO - Processing file /home/airflow/.local/lib/python3.12/site-packages/airflow/example_dags/example_complex.py for tasks to queue
[2025-10-02T23:08:12.317+0000] {logging_mixin.py:188} INFO - [2025-10-02T23:08:12.316+0000] {dagbag.py:545} INFO - Filling up the DagBag from /home/airflow/.local/lib/python3.12/site-packages/airflow/example_dags/example_complex.py
[2025-10-02T23:08:12.511+0000] {processor.py:840} INFO - DAG(s) 'example_complex' retrieved from /home/airflow/.local/lib/python3.12/site-packages/airflow/example_dags/example_complex.py
[2025-10-02T23:08:12.552+0000] {logging_mixin.py:188} INFO - [2025-10-02T23:08:12.551+0000] {dag.py:3096} INFO - Sync 1 DAGs
[2025-10-02T23:08:12.566+0000] {logging_mixin.py:188} INFO - [2025-10-02T23:08:12.565+0000] {dag.py:3954} INFO - Setting next_dagrun for example_complex to None, run_after=None
[2025-10-02T23:08:12.590+0000] {processor.py:183} INFO - Processing /home/airflow/.local/lib/python3.12/site-packages/airflow/example_dags/example_complex.py took 0.286 seconds
[2025-10-02T23:08:43.466+0000] {processor.py:161} INFO - Started process (PID=1807) to work on /home/airflow/.local/lib/python3.12/site-packages/airflow/example_dags/example_complex.py
[2025-10-02T23:08:43.468+0000] {processor.py:830} INFO - Processing file /home/airflow/.local/lib/python3.12/site-packages/airflow/example_dags/example_complex.py for tasks to queue
[2025-10-02T23:08:43.471+0000] {logging_mixin.py:188} INFO - [2025-10-02T23:08:43.471+0000] {dagbag.py:545} INFO - Filling up the DagBag from /home/airflow/.local/lib/python3.12/site-packages/airflow/example_dags/example_complex.py
[2025-10-02T23:08:43.485+0000] {processor.py:840} INFO - DAG(s) 'example_complex' retrieved from /home/airflow/.local/lib/python3.12/site-packages/airflow/example_dags/example_complex.py
[2025-10-02T23:08:43.527+0000] {logging_mixin.py:188} INFO - [2025-10-02T23:08:43.527+0000] {dag.py:3096} INFO - Sync 1 DAGs
[2025-10-02T23:08:43.543+0000] {logging_mixin.py:188} INFO - [2025-10-02T23:08:43.543+0000] {dag.py:3954} INFO - Setting next_dagrun for example_complex to None, run_after=None
[2025-10-02T23:08:43.570+0000] {processor.py:183} INFO - Processing /home/airflow/.local/lib/python3.12/site-packages/airflow/example_dags/example_complex.py took 0.115 seconds
[2025-10-02T23:09:14.078+0000] {processor.py:161} INFO - Started process (PID=1860) to work on /home/airflow/.local/lib/python3.12/site-packages/airflow/example_dags/example_complex.py
[2025-10-02T23:09:14.080+0000] {processor.py:830} INFO - Processing file /home/airflow/.local/lib/python3.12/site-packages/airflow/example_dags/example_complex.py for tasks to queue
[2025-10-02T23:09:14.083+0000] {logging_mixin.py:188} INFO - [2025-10-02T23:09:14.083+0000] {dagbag.py:545} INFO - Filling up the DagBag from /home/airflow/.local/lib/python3.12/site-packages/airflow/example_dags/example_complex.py
[2025-10-02T23:09:14.103+0000] {processor.py:840} INFO - DAG(s) 'example_complex' retrieved from /home/airflow/.local/lib/python3.12/site-packages/airflow/example_dags/example_complex.py
[2025-10-02T23:09:14.157+0000] {logging_mixin.py:188} INFO - [2025-10-02T23:09:14.156+0000] {dag.py:3096} INFO - Sync 1 DAGs
[2025-10-02T23:09:14.179+0000] {logging_mixin.py:188} INFO - [2025-10-02T23:09:14.179+0000] {dag.py:3954} INFO - Setting next_dagrun for example_complex to None, run_after=None
[2025-10-02T23:09:14.211+0000] {processor.py:183} INFO - Processing /home/airflow/.local/lib/python3.12/site-packages/airflow/example_dags/example_complex.py took 0.144 seconds
[2025-10-02T23:09:44.956+0000] {processor.py:161} INFO - Started process (PID=1913) to work on /home/airflow/.local/lib/python3.12/site-packages/airflow/example_dags/example_complex.py
[2025-10-02T23:09:44.958+0000] {processor.py:830} INFO - Processing file /home/airflow/.local/lib/python3.12/site-packages/airflow/example_dags/example_complex.py for tasks to queue
[2025-10-02T23:09:44.961+0000] {logging_mixin.py:188} INFO - [2025-10-02T23:09:44.960+0000] {dagbag.py:545} INFO - Filling up the DagBag from /home/airflow/.local/lib/python3.12/site-packages/airflow/example_dags/example_complex.py
[2025-10-02T23:09:44.977+0000] {processor.py:840} INFO - DAG(s) 'example_complex' retrieved from /home/airflow/.local/lib/python3.12/site-packages/airflow/example_dags/example_complex.py
[2025-10-02T23:09:45.018+0000] {logging_mixin.py:188} INFO - [2025-10-02T23:09:45.018+0000] {dag.py:3096} INFO - Sync 1 DAGs
[2025-10-02T23:09:45.034+0000] {logging_mixin.py:188} INFO - [2025-10-02T23:09:45.034+0000] {dag.py:3954} INFO - Setting next_dagrun for example_complex to None, run_after=None
[2025-10-02T23:09:45.063+0000] {processor.py:183} INFO - Processing /home/airflow/.local/lib/python3.12/site-packages/airflow/example_dags/example_complex.py took 0.116 seconds
[2025-10-02T23:10:15.539+0000] {processor.py:161} INFO - Started process (PID=1966) to work on /home/airflow/.local/lib/python3.12/site-packages/airflow/example_dags/example_complex.py
[2025-10-02T23:10:15.540+0000] {processor.py:830} INFO - Processing file /home/airflow/.local/lib/python3.12/site-packages/airflow/example_dags/example_complex.py for tasks to queue
[2025-10-02T23:10:15.544+0000] {logging_mixin.py:188} INFO - [2025-10-02T23:10:15.544+0000] {dagbag.py:545} INFO - Filling up the DagBag from /home/airflow/.local/lib/python3.12/site-packages/airflow/example_dags/example_complex.py
[2025-10-02T23:10:15.560+0000] {processor.py:840} INFO - DAG(s) 'example_complex' retrieved from /home/airflow/.local/lib/python3.12/site-packages/airflow/example_dags/example_complex.py
[2025-10-02T23:10:15.612+0000] {logging_mixin.py:188} INFO - [2025-10-02T23:10:15.611+0000] {dag.py:3096} INFO - Sync 1 DAGs
[2025-10-02T23:10:15.640+0000] {logging_mixin.py:188} INFO - [2025-10-02T23:10:15.639+0000] {dag.py:3954} INFO - Setting next_dagrun for example_complex to None, run_after=None
[2025-10-02T23:10:15.685+0000] {processor.py:183} INFO - Processing /home/airflow/.local/lib/python3.12/site-packages/airflow/example_dags/example_complex.py took 0.160 seconds
