[2025-10-02T22:50:39.836+0000] {processor.py:161} INFO - Started process (PID=56) to work on /home/airflow/.local/lib/python3.12/site-packages/airflow/example_dags/example_external_task_marker_dag.py
[2025-10-02T22:50:39.837+0000] {processor.py:830} INFO - Processing file /home/airflow/.local/lib/python3.12/site-packages/airflow/example_dags/example_external_task_marker_dag.py for tasks to queue
[2025-10-02T22:50:39.840+0000] {logging_mixin.py:188} INFO - [2025-10-02T22:50:39.840+0000] {dagbag.py:545} INFO - Filling up the DagBag from /home/airflow/.local/lib/python3.12/site-packages/airflow/example_dags/example_external_task_marker_dag.py
[2025-10-02T22:50:39.855+0000] {processor.py:840} INFO - DAG(s) 'example_external_task_marker_child', 'example_external_task_marker_parent' retrieved from /home/airflow/.local/lib/python3.12/site-packages/airflow/example_dags/example_external_task_marker_dag.py
[2025-10-02T22:50:40.081+0000] {logging_mixin.py:188} INFO - [2025-10-02T22:50:40.080+0000] {override.py:1829} INFO - Created Permission View: can delete on DAG:example_external_task_marker_child
[2025-10-02T22:50:40.104+0000] {logging_mixin.py:188} INFO - [2025-10-02T22:50:40.104+0000] {override.py:1829} INFO - Created Permission View: can edit on DAG:example_external_task_marker_child
[2025-10-02T22:50:40.123+0000] {logging_mixin.py:188} INFO - [2025-10-02T22:50:40.123+0000] {override.py:1829} INFO - Created Permission View: can read on DAG:example_external_task_marker_child
[2025-10-02T22:50:40.164+0000] {logging_mixin.py:188} INFO - [2025-10-02T22:50:40.163+0000] {override.py:1829} INFO - Created Permission View: can delete on DAG:example_external_task_marker_parent
[2025-10-02T22:50:40.183+0000] {logging_mixin.py:188} INFO - [2025-10-02T22:50:40.182+0000] {override.py:1829} INFO - Created Permission View: can edit on DAG:example_external_task_marker_parent
[2025-10-02T22:50:40.232+0000] {logging_mixin.py:188} INFO - [2025-10-02T22:50:40.231+0000] {override.py:1829} INFO - Created Permission View: can read on DAG:example_external_task_marker_parent
[2025-10-02T22:50:40.232+0000] {logging_mixin.py:188} INFO - [2025-10-02T22:50:40.232+0000] {dag.py:3096} INFO - Sync 2 DAGs
[2025-10-02T22:50:40.248+0000] {logging_mixin.py:188} INFO - [2025-10-02T22:50:40.248+0000] {dag.py:3118} INFO - Creating ORM DAG for example_external_task_marker_child
[2025-10-02T22:50:40.249+0000] {logging_mixin.py:188} INFO - [2025-10-02T22:50:40.249+0000] {dag.py:3118} INFO - Creating ORM DAG for example_external_task_marker_parent
[2025-10-02T22:50:40.251+0000] {logging_mixin.py:188} INFO - [2025-10-02T22:50:40.251+0000] {dag.py:3954} INFO - Setting next_dagrun for example_external_task_marker_child to None, run_after=None
[2025-10-02T22:50:40.252+0000] {logging_mixin.py:188} INFO - [2025-10-02T22:50:40.252+0000] {dag.py:3954} INFO - Setting next_dagrun for example_external_task_marker_parent to None, run_after=None
[2025-10-02T22:50:40.294+0000] {processor.py:183} INFO - Processing /home/airflow/.local/lib/python3.12/site-packages/airflow/example_dags/example_external_task_marker_dag.py took 0.470 seconds
[2025-10-02T22:51:51.236+0000] {processor.py:161} INFO - Started process (PID=56) to work on /home/airflow/.local/lib/python3.12/site-packages/airflow/example_dags/example_external_task_marker_dag.py
[2025-10-02T22:51:51.241+0000] {processor.py:830} INFO - Processing file /home/airflow/.local/lib/python3.12/site-packages/airflow/example_dags/example_external_task_marker_dag.py for tasks to queue
[2025-10-02T22:51:51.245+0000] {logging_mixin.py:188} INFO - [2025-10-02T22:51:51.245+0000] {dagbag.py:545} INFO - Filling up the DagBag from /home/airflow/.local/lib/python3.12/site-packages/airflow/example_dags/example_external_task_marker_dag.py
[2025-10-02T22:51:51.263+0000] {processor.py:840} INFO - DAG(s) 'example_external_task_marker_parent', 'example_external_task_marker_child' retrieved from /home/airflow/.local/lib/python3.12/site-packages/airflow/example_dags/example_external_task_marker_dag.py
[2025-10-02T22:51:51.287+0000] {logging_mixin.py:188} INFO - [2025-10-02T22:51:51.287+0000] {dag.py:3096} INFO - Sync 2 DAGs
[2025-10-02T22:51:51.320+0000] {logging_mixin.py:188} INFO - [2025-10-02T22:51:51.320+0000] {dag.py:3954} INFO - Setting next_dagrun for example_external_task_marker_child to None, run_after=None
[2025-10-02T22:51:51.327+0000] {logging_mixin.py:188} INFO - [2025-10-02T22:51:51.327+0000] {dag.py:3954} INFO - Setting next_dagrun for example_external_task_marker_parent to None, run_after=None
[2025-10-02T22:51:51.361+0000] {processor.py:183} INFO - Processing /home/airflow/.local/lib/python3.12/site-packages/airflow/example_dags/example_external_task_marker_dag.py took 0.137 seconds
[2025-10-02T22:52:21.873+0000] {processor.py:161} INFO - Started process (PID=109) to work on /home/airflow/.local/lib/python3.12/site-packages/airflow/example_dags/example_external_task_marker_dag.py
[2025-10-02T22:52:21.875+0000] {processor.py:830} INFO - Processing file /home/airflow/.local/lib/python3.12/site-packages/airflow/example_dags/example_external_task_marker_dag.py for tasks to queue
[2025-10-02T22:52:21.878+0000] {logging_mixin.py:188} INFO - [2025-10-02T22:52:21.877+0000] {dagbag.py:545} INFO - Filling up the DagBag from /home/airflow/.local/lib/python3.12/site-packages/airflow/example_dags/example_external_task_marker_dag.py
[2025-10-02T22:52:21.888+0000] {processor.py:840} INFO - DAG(s) 'example_external_task_marker_child', 'example_external_task_marker_parent' retrieved from /home/airflow/.local/lib/python3.12/site-packages/airflow/example_dags/example_external_task_marker_dag.py
[2025-10-02T22:52:21.905+0000] {logging_mixin.py:188} INFO - [2025-10-02T22:52:21.904+0000] {dag.py:3096} INFO - Sync 2 DAGs
[2025-10-02T22:52:21.928+0000] {logging_mixin.py:188} INFO - [2025-10-02T22:52:21.927+0000] {dag.py:3954} INFO - Setting next_dagrun for example_external_task_marker_child to None, run_after=None
[2025-10-02T22:52:21.934+0000] {logging_mixin.py:188} INFO - [2025-10-02T22:52:21.933+0000] {dag.py:3954} INFO - Setting next_dagrun for example_external_task_marker_parent to None, run_after=None
[2025-10-02T22:52:21.960+0000] {processor.py:183} INFO - Processing /home/airflow/.local/lib/python3.12/site-packages/airflow/example_dags/example_external_task_marker_dag.py took 0.095 seconds
[2025-10-02T22:52:52.797+0000] {processor.py:161} INFO - Started process (PID=162) to work on /home/airflow/.local/lib/python3.12/site-packages/airflow/example_dags/example_external_task_marker_dag.py
[2025-10-02T22:52:52.799+0000] {processor.py:830} INFO - Processing file /home/airflow/.local/lib/python3.12/site-packages/airflow/example_dags/example_external_task_marker_dag.py for tasks to queue
[2025-10-02T22:52:52.802+0000] {logging_mixin.py:188} INFO - [2025-10-02T22:52:52.801+0000] {dagbag.py:545} INFO - Filling up the DagBag from /home/airflow/.local/lib/python3.12/site-packages/airflow/example_dags/example_external_task_marker_dag.py
[2025-10-02T22:52:52.810+0000] {processor.py:840} INFO - DAG(s) 'example_external_task_marker_parent', 'example_external_task_marker_child' retrieved from /home/airflow/.local/lib/python3.12/site-packages/airflow/example_dags/example_external_task_marker_dag.py
[2025-10-02T22:52:52.960+0000] {logging_mixin.py:188} INFO - [2025-10-02T22:52:52.960+0000] {dag.py:3096} INFO - Sync 2 DAGs
[2025-10-02T22:52:52.974+0000] {logging_mixin.py:188} INFO - [2025-10-02T22:52:52.973+0000] {dag.py:3954} INFO - Setting next_dagrun for example_external_task_marker_child to None, run_after=None
[2025-10-02T22:52:52.978+0000] {logging_mixin.py:188} INFO - [2025-10-02T22:52:52.978+0000] {dag.py:3954} INFO - Setting next_dagrun for example_external_task_marker_parent to None, run_after=None
[2025-10-02T22:52:53.001+0000] {processor.py:183} INFO - Processing /home/airflow/.local/lib/python3.12/site-packages/airflow/example_dags/example_external_task_marker_dag.py took 0.213 seconds
[2025-10-02T22:53:23.706+0000] {processor.py:161} INFO - Started process (PID=216) to work on /home/airflow/.local/lib/python3.12/site-packages/airflow/example_dags/example_external_task_marker_dag.py
[2025-10-02T22:53:23.709+0000] {processor.py:830} INFO - Processing file /home/airflow/.local/lib/python3.12/site-packages/airflow/example_dags/example_external_task_marker_dag.py for tasks to queue
[2025-10-02T22:53:23.716+0000] {logging_mixin.py:188} INFO - [2025-10-02T22:53:23.715+0000] {dagbag.py:545} INFO - Filling up the DagBag from /home/airflow/.local/lib/python3.12/site-packages/airflow/example_dags/example_external_task_marker_dag.py
[2025-10-02T22:53:23.737+0000] {processor.py:840} INFO - DAG(s) 'example_external_task_marker_parent', 'example_external_task_marker_child' retrieved from /home/airflow/.local/lib/python3.12/site-packages/airflow/example_dags/example_external_task_marker_dag.py
[2025-10-02T22:53:23.818+0000] {logging_mixin.py:188} INFO - [2025-10-02T22:53:23.817+0000] {dag.py:3096} INFO - Sync 2 DAGs
[2025-10-02T22:53:23.869+0000] {logging_mixin.py:188} INFO - [2025-10-02T22:53:23.868+0000] {dag.py:3954} INFO - Setting next_dagrun for example_external_task_marker_child to None, run_after=None
[2025-10-02T22:53:23.880+0000] {logging_mixin.py:188} INFO - [2025-10-02T22:53:23.880+0000] {dag.py:3954} INFO - Setting next_dagrun for example_external_task_marker_parent to None, run_after=None
[2025-10-02T22:53:23.925+0000] {processor.py:183} INFO - Processing /home/airflow/.local/lib/python3.12/site-packages/airflow/example_dags/example_external_task_marker_dag.py took 0.244 seconds
[2025-10-02T22:53:54.657+0000] {processor.py:161} INFO - Started process (PID=269) to work on /home/airflow/.local/lib/python3.12/site-packages/airflow/example_dags/example_external_task_marker_dag.py
[2025-10-02T22:53:54.659+0000] {processor.py:830} INFO - Processing file /home/airflow/.local/lib/python3.12/site-packages/airflow/example_dags/example_external_task_marker_dag.py for tasks to queue
[2025-10-02T22:53:54.662+0000] {logging_mixin.py:188} INFO - [2025-10-02T22:53:54.661+0000] {dagbag.py:545} INFO - Filling up the DagBag from /home/airflow/.local/lib/python3.12/site-packages/airflow/example_dags/example_external_task_marker_dag.py
[2025-10-02T22:53:54.673+0000] {processor.py:840} INFO - DAG(s) 'example_external_task_marker_parent', 'example_external_task_marker_child' retrieved from /home/airflow/.local/lib/python3.12/site-packages/airflow/example_dags/example_external_task_marker_dag.py
[2025-10-02T22:53:54.691+0000] {logging_mixin.py:188} INFO - [2025-10-02T22:53:54.691+0000] {dag.py:3096} INFO - Sync 2 DAGs
[2025-10-02T22:53:54.712+0000] {logging_mixin.py:188} INFO - [2025-10-02T22:53:54.712+0000] {dag.py:3954} INFO - Setting next_dagrun for example_external_task_marker_child to None, run_after=None
[2025-10-02T22:53:54.717+0000] {logging_mixin.py:188} INFO - [2025-10-02T22:53:54.717+0000] {dag.py:3954} INFO - Setting next_dagrun for example_external_task_marker_parent to None, run_after=None
[2025-10-02T22:53:54.746+0000] {processor.py:183} INFO - Processing /home/airflow/.local/lib/python3.12/site-packages/airflow/example_dags/example_external_task_marker_dag.py took 0.097 seconds
[2025-10-02T22:54:26.491+0000] {processor.py:161} INFO - Started process (PID=322) to work on /home/airflow/.local/lib/python3.12/site-packages/airflow/example_dags/example_external_task_marker_dag.py
[2025-10-02T22:54:26.494+0000] {processor.py:830} INFO - Processing file /home/airflow/.local/lib/python3.12/site-packages/airflow/example_dags/example_external_task_marker_dag.py for tasks to queue
[2025-10-02T22:54:26.499+0000] {logging_mixin.py:188} INFO - [2025-10-02T22:54:26.498+0000] {dagbag.py:545} INFO - Filling up the DagBag from /home/airflow/.local/lib/python3.12/site-packages/airflow/example_dags/example_external_task_marker_dag.py
[2025-10-02T22:54:26.519+0000] {processor.py:840} INFO - DAG(s) 'example_external_task_marker_parent', 'example_external_task_marker_child' retrieved from /home/airflow/.local/lib/python3.12/site-packages/airflow/example_dags/example_external_task_marker_dag.py
[2025-10-02T22:54:26.925+0000] {logging_mixin.py:188} INFO - [2025-10-02T22:54:26.924+0000] {dag.py:3096} INFO - Sync 2 DAGs
[2025-10-02T22:54:26.960+0000] {logging_mixin.py:188} INFO - [2025-10-02T22:54:26.960+0000] {dag.py:3954} INFO - Setting next_dagrun for example_external_task_marker_child to None, run_after=None
[2025-10-02T22:54:26.974+0000] {logging_mixin.py:188} INFO - [2025-10-02T22:54:26.974+0000] {dag.py:3954} INFO - Setting next_dagrun for example_external_task_marker_parent to None, run_after=None
[2025-10-02T22:54:27.012+0000] {processor.py:183} INFO - Processing /home/airflow/.local/lib/python3.12/site-packages/airflow/example_dags/example_external_task_marker_dag.py took 0.541 seconds
[2025-10-02T22:54:57.121+0000] {processor.py:161} INFO - Started process (PID=375) to work on /home/airflow/.local/lib/python3.12/site-packages/airflow/example_dags/example_external_task_marker_dag.py
[2025-10-02T22:54:57.122+0000] {processor.py:830} INFO - Processing file /home/airflow/.local/lib/python3.12/site-packages/airflow/example_dags/example_external_task_marker_dag.py for tasks to queue
[2025-10-02T22:54:57.125+0000] {logging_mixin.py:188} INFO - [2025-10-02T22:54:57.125+0000] {dagbag.py:545} INFO - Filling up the DagBag from /home/airflow/.local/lib/python3.12/site-packages/airflow/example_dags/example_external_task_marker_dag.py
[2025-10-02T22:54:57.135+0000] {processor.py:840} INFO - DAG(s) 'example_external_task_marker_parent', 'example_external_task_marker_child' retrieved from /home/airflow/.local/lib/python3.12/site-packages/airflow/example_dags/example_external_task_marker_dag.py
[2025-10-02T22:54:57.171+0000] {logging_mixin.py:188} INFO - [2025-10-02T22:54:57.171+0000] {dag.py:3096} INFO - Sync 2 DAGs
[2025-10-02T22:54:57.191+0000] {logging_mixin.py:188} INFO - [2025-10-02T22:54:57.190+0000] {dag.py:3954} INFO - Setting next_dagrun for example_external_task_marker_child to None, run_after=None
[2025-10-02T22:54:57.199+0000] {logging_mixin.py:188} INFO - [2025-10-02T22:54:57.199+0000] {dag.py:3954} INFO - Setting next_dagrun for example_external_task_marker_parent to None, run_after=None
[2025-10-02T22:54:57.225+0000] {processor.py:183} INFO - Processing /home/airflow/.local/lib/python3.12/site-packages/airflow/example_dags/example_external_task_marker_dag.py took 0.115 seconds
[2025-10-02T22:55:28.193+0000] {processor.py:161} INFO - Started process (PID=432) to work on /home/airflow/.local/lib/python3.12/site-packages/airflow/example_dags/example_external_task_marker_dag.py
[2025-10-02T22:55:28.195+0000] {processor.py:830} INFO - Processing file /home/airflow/.local/lib/python3.12/site-packages/airflow/example_dags/example_external_task_marker_dag.py for tasks to queue
[2025-10-02T22:55:28.199+0000] {logging_mixin.py:188} INFO - [2025-10-02T22:55:28.198+0000] {dagbag.py:545} INFO - Filling up the DagBag from /home/airflow/.local/lib/python3.12/site-packages/airflow/example_dags/example_external_task_marker_dag.py
[2025-10-02T22:55:28.211+0000] {processor.py:840} INFO - DAG(s) 'example_external_task_marker_child', 'example_external_task_marker_parent' retrieved from /home/airflow/.local/lib/python3.12/site-packages/airflow/example_dags/example_external_task_marker_dag.py
[2025-10-02T22:55:28.261+0000] {logging_mixin.py:188} INFO - [2025-10-02T22:55:28.260+0000] {dag.py:3096} INFO - Sync 2 DAGs
[2025-10-02T22:55:28.289+0000] {logging_mixin.py:188} INFO - [2025-10-02T22:55:28.289+0000] {dag.py:3954} INFO - Setting next_dagrun for example_external_task_marker_child to None, run_after=None
[2025-10-02T22:55:28.298+0000] {logging_mixin.py:188} INFO - [2025-10-02T22:55:28.297+0000] {dag.py:3954} INFO - Setting next_dagrun for example_external_task_marker_parent to None, run_after=None
[2025-10-02T22:55:28.347+0000] {processor.py:183} INFO - Processing /home/airflow/.local/lib/python3.12/site-packages/airflow/example_dags/example_external_task_marker_dag.py took 0.171 seconds
[2025-10-02T22:55:58.769+0000] {processor.py:161} INFO - Started process (PID=486) to work on /home/airflow/.local/lib/python3.12/site-packages/airflow/example_dags/example_external_task_marker_dag.py
[2025-10-02T22:55:58.771+0000] {processor.py:830} INFO - Processing file /home/airflow/.local/lib/python3.12/site-packages/airflow/example_dags/example_external_task_marker_dag.py for tasks to queue
[2025-10-02T22:55:58.774+0000] {logging_mixin.py:188} INFO - [2025-10-02T22:55:58.773+0000] {dagbag.py:545} INFO - Filling up the DagBag from /home/airflow/.local/lib/python3.12/site-packages/airflow/example_dags/example_external_task_marker_dag.py
[2025-10-02T22:55:58.782+0000] {processor.py:840} INFO - DAG(s) 'example_external_task_marker_child', 'example_external_task_marker_parent' retrieved from /home/airflow/.local/lib/python3.12/site-packages/airflow/example_dags/example_external_task_marker_dag.py
[2025-10-02T22:55:58.817+0000] {logging_mixin.py:188} INFO - [2025-10-02T22:55:58.817+0000] {dag.py:3096} INFO - Sync 2 DAGs
[2025-10-02T22:55:58.837+0000] {logging_mixin.py:188} INFO - [2025-10-02T22:55:58.836+0000] {dag.py:3954} INFO - Setting next_dagrun for example_external_task_marker_child to None, run_after=None
[2025-10-02T22:55:58.842+0000] {logging_mixin.py:188} INFO - [2025-10-02T22:55:58.841+0000] {dag.py:3954} INFO - Setting next_dagrun for example_external_task_marker_parent to None, run_after=None
[2025-10-02T22:55:58.865+0000] {processor.py:183} INFO - Processing /home/airflow/.local/lib/python3.12/site-packages/airflow/example_dags/example_external_task_marker_dag.py took 0.103 seconds
[2025-10-02T22:56:28.978+0000] {processor.py:161} INFO - Started process (PID=539) to work on /home/airflow/.local/lib/python3.12/site-packages/airflow/example_dags/example_external_task_marker_dag.py
[2025-10-02T22:56:28.980+0000] {processor.py:830} INFO - Processing file /home/airflow/.local/lib/python3.12/site-packages/airflow/example_dags/example_external_task_marker_dag.py for tasks to queue
[2025-10-02T22:56:28.982+0000] {logging_mixin.py:188} INFO - [2025-10-02T22:56:28.982+0000] {dagbag.py:545} INFO - Filling up the DagBag from /home/airflow/.local/lib/python3.12/site-packages/airflow/example_dags/example_external_task_marker_dag.py
[2025-10-02T22:56:28.991+0000] {processor.py:840} INFO - DAG(s) 'example_external_task_marker_child', 'example_external_task_marker_parent' retrieved from /home/airflow/.local/lib/python3.12/site-packages/airflow/example_dags/example_external_task_marker_dag.py
[2025-10-02T22:56:29.026+0000] {logging_mixin.py:188} INFO - [2025-10-02T22:56:29.026+0000] {dag.py:3096} INFO - Sync 2 DAGs
[2025-10-02T22:56:29.042+0000] {logging_mixin.py:188} INFO - [2025-10-02T22:56:29.042+0000] {dag.py:3954} INFO - Setting next_dagrun for example_external_task_marker_child to None, run_after=None
[2025-10-02T22:56:29.046+0000] {logging_mixin.py:188} INFO - [2025-10-02T22:56:29.046+0000] {dag.py:3954} INFO - Setting next_dagrun for example_external_task_marker_parent to None, run_after=None
[2025-10-02T22:56:29.068+0000] {processor.py:183} INFO - Processing /home/airflow/.local/lib/python3.12/site-packages/airflow/example_dags/example_external_task_marker_dag.py took 0.098 seconds
[2025-10-02T22:56:59.290+0000] {processor.py:161} INFO - Started process (PID=592) to work on /home/airflow/.local/lib/python3.12/site-packages/airflow/example_dags/example_external_task_marker_dag.py
[2025-10-02T22:56:59.292+0000] {processor.py:830} INFO - Processing file /home/airflow/.local/lib/python3.12/site-packages/airflow/example_dags/example_external_task_marker_dag.py for tasks to queue
[2025-10-02T22:56:59.295+0000] {logging_mixin.py:188} INFO - [2025-10-02T22:56:59.294+0000] {dagbag.py:545} INFO - Filling up the DagBag from /home/airflow/.local/lib/python3.12/site-packages/airflow/example_dags/example_external_task_marker_dag.py
[2025-10-02T22:56:59.303+0000] {processor.py:840} INFO - DAG(s) 'example_external_task_marker_parent', 'example_external_task_marker_child' retrieved from /home/airflow/.local/lib/python3.12/site-packages/airflow/example_dags/example_external_task_marker_dag.py
[2025-10-02T22:56:59.333+0000] {logging_mixin.py:188} INFO - [2025-10-02T22:56:59.333+0000] {dag.py:3096} INFO - Sync 2 DAGs
[2025-10-02T22:56:59.349+0000] {logging_mixin.py:188} INFO - [2025-10-02T22:56:59.349+0000] {dag.py:3954} INFO - Setting next_dagrun for example_external_task_marker_child to None, run_after=None
[2025-10-02T22:56:59.353+0000] {logging_mixin.py:188} INFO - [2025-10-02T22:56:59.353+0000] {dag.py:3954} INFO - Setting next_dagrun for example_external_task_marker_parent to None, run_after=None
[2025-10-02T22:56:59.374+0000] {processor.py:183} INFO - Processing /home/airflow/.local/lib/python3.12/site-packages/airflow/example_dags/example_external_task_marker_dag.py took 0.093 seconds
[2025-10-02T22:57:29.985+0000] {processor.py:161} INFO - Started process (PID=646) to work on /home/airflow/.local/lib/python3.12/site-packages/airflow/example_dags/example_external_task_marker_dag.py
[2025-10-02T22:57:29.986+0000] {processor.py:830} INFO - Processing file /home/airflow/.local/lib/python3.12/site-packages/airflow/example_dags/example_external_task_marker_dag.py for tasks to queue
[2025-10-02T22:57:29.989+0000] {logging_mixin.py:188} INFO - [2025-10-02T22:57:29.989+0000] {dagbag.py:545} INFO - Filling up the DagBag from /home/airflow/.local/lib/python3.12/site-packages/airflow/example_dags/example_external_task_marker_dag.py
[2025-10-02T22:57:29.998+0000] {processor.py:840} INFO - DAG(s) 'example_external_task_marker_child', 'example_external_task_marker_parent' retrieved from /home/airflow/.local/lib/python3.12/site-packages/airflow/example_dags/example_external_task_marker_dag.py
[2025-10-02T22:57:30.035+0000] {logging_mixin.py:188} INFO - [2025-10-02T22:57:30.035+0000] {dag.py:3096} INFO - Sync 2 DAGs
[2025-10-02T22:57:30.053+0000] {logging_mixin.py:188} INFO - [2025-10-02T22:57:30.052+0000] {dag.py:3954} INFO - Setting next_dagrun for example_external_task_marker_child to None, run_after=None
[2025-10-02T22:57:30.057+0000] {logging_mixin.py:188} INFO - [2025-10-02T22:57:30.057+0000] {dag.py:3954} INFO - Setting next_dagrun for example_external_task_marker_parent to None, run_after=None
[2025-10-02T22:57:30.081+0000] {processor.py:183} INFO - Processing /home/airflow/.local/lib/python3.12/site-packages/airflow/example_dags/example_external_task_marker_dag.py took 0.104 seconds
[2025-10-02T22:58:00.888+0000] {processor.py:161} INFO - Started process (PID=699) to work on /home/airflow/.local/lib/python3.12/site-packages/airflow/example_dags/example_external_task_marker_dag.py
[2025-10-02T22:58:00.889+0000] {processor.py:830} INFO - Processing file /home/airflow/.local/lib/python3.12/site-packages/airflow/example_dags/example_external_task_marker_dag.py for tasks to queue
[2025-10-02T22:58:00.893+0000] {logging_mixin.py:188} INFO - [2025-10-02T22:58:00.892+0000] {dagbag.py:545} INFO - Filling up the DagBag from /home/airflow/.local/lib/python3.12/site-packages/airflow/example_dags/example_external_task_marker_dag.py
[2025-10-02T22:58:00.902+0000] {processor.py:840} INFO - DAG(s) 'example_external_task_marker_parent', 'example_external_task_marker_child' retrieved from /home/airflow/.local/lib/python3.12/site-packages/airflow/example_dags/example_external_task_marker_dag.py
[2025-10-02T22:58:00.920+0000] {logging_mixin.py:188} INFO - [2025-10-02T22:58:00.920+0000] {dag.py:3096} INFO - Sync 2 DAGs
[2025-10-02T22:58:00.948+0000] {logging_mixin.py:188} INFO - [2025-10-02T22:58:00.947+0000] {dag.py:3954} INFO - Setting next_dagrun for example_external_task_marker_child to None, run_after=None
[2025-10-02T22:58:00.953+0000] {logging_mixin.py:188} INFO - [2025-10-02T22:58:00.953+0000] {dag.py:3954} INFO - Setting next_dagrun for example_external_task_marker_parent to None, run_after=None
[2025-10-02T22:58:00.977+0000] {processor.py:183} INFO - Processing /home/airflow/.local/lib/python3.12/site-packages/airflow/example_dags/example_external_task_marker_dag.py took 0.098 seconds
[2025-10-02T22:58:31.353+0000] {processor.py:161} INFO - Started process (PID=752) to work on /home/airflow/.local/lib/python3.12/site-packages/airflow/example_dags/example_external_task_marker_dag.py
[2025-10-02T22:58:31.355+0000] {processor.py:830} INFO - Processing file /home/airflow/.local/lib/python3.12/site-packages/airflow/example_dags/example_external_task_marker_dag.py for tasks to queue
[2025-10-02T22:58:31.358+0000] {logging_mixin.py:188} INFO - [2025-10-02T22:58:31.357+0000] {dagbag.py:545} INFO - Filling up the DagBag from /home/airflow/.local/lib/python3.12/site-packages/airflow/example_dags/example_external_task_marker_dag.py
[2025-10-02T22:58:31.367+0000] {processor.py:840} INFO - DAG(s) 'example_external_task_marker_child', 'example_external_task_marker_parent' retrieved from /home/airflow/.local/lib/python3.12/site-packages/airflow/example_dags/example_external_task_marker_dag.py
[2025-10-02T22:58:31.511+0000] {logging_mixin.py:188} INFO - [2025-10-02T22:58:31.511+0000] {dag.py:3096} INFO - Sync 2 DAGs
[2025-10-02T22:58:31.524+0000] {logging_mixin.py:188} INFO - [2025-10-02T22:58:31.524+0000] {dag.py:3954} INFO - Setting next_dagrun for example_external_task_marker_child to None, run_after=None
[2025-10-02T22:58:31.528+0000] {logging_mixin.py:188} INFO - [2025-10-02T22:58:31.528+0000] {dag.py:3954} INFO - Setting next_dagrun for example_external_task_marker_parent to None, run_after=None
[2025-10-02T22:58:31.552+0000] {processor.py:183} INFO - Processing /home/airflow/.local/lib/python3.12/site-packages/airflow/example_dags/example_external_task_marker_dag.py took 0.208 seconds
[2025-10-02T22:59:01.632+0000] {processor.py:161} INFO - Started process (PID=805) to work on /home/airflow/.local/lib/python3.12/site-packages/airflow/example_dags/example_external_task_marker_dag.py
[2025-10-02T22:59:01.634+0000] {processor.py:830} INFO - Processing file /home/airflow/.local/lib/python3.12/site-packages/airflow/example_dags/example_external_task_marker_dag.py for tasks to queue
[2025-10-02T22:59:01.637+0000] {logging_mixin.py:188} INFO - [2025-10-02T22:59:01.637+0000] {dagbag.py:545} INFO - Filling up the DagBag from /home/airflow/.local/lib/python3.12/site-packages/airflow/example_dags/example_external_task_marker_dag.py
[2025-10-02T22:59:01.649+0000] {processor.py:840} INFO - DAG(s) 'example_external_task_marker_child', 'example_external_task_marker_parent' retrieved from /home/airflow/.local/lib/python3.12/site-packages/airflow/example_dags/example_external_task_marker_dag.py
[2025-10-02T22:59:01.687+0000] {logging_mixin.py:188} INFO - [2025-10-02T22:59:01.687+0000] {dag.py:3096} INFO - Sync 2 DAGs
[2025-10-02T22:59:01.703+0000] {logging_mixin.py:188} INFO - [2025-10-02T22:59:01.703+0000] {dag.py:3954} INFO - Setting next_dagrun for example_external_task_marker_child to None, run_after=None
[2025-10-02T22:59:01.708+0000] {logging_mixin.py:188} INFO - [2025-10-02T22:59:01.708+0000] {dag.py:3954} INFO - Setting next_dagrun for example_external_task_marker_parent to None, run_after=None
[2025-10-02T22:59:01.729+0000] {processor.py:183} INFO - Processing /home/airflow/.local/lib/python3.12/site-packages/airflow/example_dags/example_external_task_marker_dag.py took 0.107 seconds
[2025-10-02T22:59:31.860+0000] {processor.py:161} INFO - Started process (PID=858) to work on /home/airflow/.local/lib/python3.12/site-packages/airflow/example_dags/example_external_task_marker_dag.py
[2025-10-02T22:59:31.861+0000] {processor.py:830} INFO - Processing file /home/airflow/.local/lib/python3.12/site-packages/airflow/example_dags/example_external_task_marker_dag.py for tasks to queue
[2025-10-02T22:59:31.864+0000] {logging_mixin.py:188} INFO - [2025-10-02T22:59:31.864+0000] {dagbag.py:545} INFO - Filling up the DagBag from /home/airflow/.local/lib/python3.12/site-packages/airflow/example_dags/example_external_task_marker_dag.py
[2025-10-02T22:59:31.873+0000] {processor.py:840} INFO - DAG(s) 'example_external_task_marker_parent', 'example_external_task_marker_child' retrieved from /home/airflow/.local/lib/python3.12/site-packages/airflow/example_dags/example_external_task_marker_dag.py
[2025-10-02T22:59:31.905+0000] {logging_mixin.py:188} INFO - [2025-10-02T22:59:31.905+0000] {dag.py:3096} INFO - Sync 2 DAGs
[2025-10-02T22:59:31.921+0000] {logging_mixin.py:188} INFO - [2025-10-02T22:59:31.920+0000] {dag.py:3954} INFO - Setting next_dagrun for example_external_task_marker_child to None, run_after=None
[2025-10-02T22:59:31.926+0000] {logging_mixin.py:188} INFO - [2025-10-02T22:59:31.926+0000] {dag.py:3954} INFO - Setting next_dagrun for example_external_task_marker_parent to None, run_after=None
[2025-10-02T22:59:31.945+0000] {processor.py:183} INFO - Processing /home/airflow/.local/lib/python3.12/site-packages/airflow/example_dags/example_external_task_marker_dag.py took 0.093 seconds
[2025-10-02T23:00:02.479+0000] {processor.py:161} INFO - Started process (PID=911) to work on /home/airflow/.local/lib/python3.12/site-packages/airflow/example_dags/example_external_task_marker_dag.py
[2025-10-02T23:00:02.481+0000] {processor.py:830} INFO - Processing file /home/airflow/.local/lib/python3.12/site-packages/airflow/example_dags/example_external_task_marker_dag.py for tasks to queue
[2025-10-02T23:00:02.483+0000] {logging_mixin.py:188} INFO - [2025-10-02T23:00:02.483+0000] {dagbag.py:545} INFO - Filling up the DagBag from /home/airflow/.local/lib/python3.12/site-packages/airflow/example_dags/example_external_task_marker_dag.py
[2025-10-02T23:00:02.491+0000] {processor.py:840} INFO - DAG(s) 'example_external_task_marker_child', 'example_external_task_marker_parent' retrieved from /home/airflow/.local/lib/python3.12/site-packages/airflow/example_dags/example_external_task_marker_dag.py
[2025-10-02T23:00:02.521+0000] {logging_mixin.py:188} INFO - [2025-10-02T23:00:02.521+0000] {dag.py:3096} INFO - Sync 2 DAGs
[2025-10-02T23:00:02.538+0000] {logging_mixin.py:188} INFO - [2025-10-02T23:00:02.537+0000] {dag.py:3954} INFO - Setting next_dagrun for example_external_task_marker_child to None, run_after=None
[2025-10-02T23:00:02.542+0000] {logging_mixin.py:188} INFO - [2025-10-02T23:00:02.542+0000] {dag.py:3954} INFO - Setting next_dagrun for example_external_task_marker_parent to None, run_after=None
[2025-10-02T23:00:02.564+0000] {processor.py:183} INFO - Processing /home/airflow/.local/lib/python3.12/site-packages/airflow/example_dags/example_external_task_marker_dag.py took 0.094 seconds
[2025-10-02T23:00:32.782+0000] {processor.py:161} INFO - Started process (PID=964) to work on /home/airflow/.local/lib/python3.12/site-packages/airflow/example_dags/example_external_task_marker_dag.py
[2025-10-02T23:00:32.784+0000] {processor.py:830} INFO - Processing file /home/airflow/.local/lib/python3.12/site-packages/airflow/example_dags/example_external_task_marker_dag.py for tasks to queue
[2025-10-02T23:00:32.787+0000] {logging_mixin.py:188} INFO - [2025-10-02T23:00:32.786+0000] {dagbag.py:545} INFO - Filling up the DagBag from /home/airflow/.local/lib/python3.12/site-packages/airflow/example_dags/example_external_task_marker_dag.py
[2025-10-02T23:00:32.796+0000] {processor.py:840} INFO - DAG(s) 'example_external_task_marker_parent', 'example_external_task_marker_child' retrieved from /home/airflow/.local/lib/python3.12/site-packages/airflow/example_dags/example_external_task_marker_dag.py
[2025-10-02T23:00:32.828+0000] {logging_mixin.py:188} INFO - [2025-10-02T23:00:32.828+0000] {dag.py:3096} INFO - Sync 2 DAGs
[2025-10-02T23:00:32.846+0000] {logging_mixin.py:188} INFO - [2025-10-02T23:00:32.846+0000] {dag.py:3954} INFO - Setting next_dagrun for example_external_task_marker_child to None, run_after=None
[2025-10-02T23:00:32.851+0000] {logging_mixin.py:188} INFO - [2025-10-02T23:00:32.851+0000] {dag.py:3954} INFO - Setting next_dagrun for example_external_task_marker_parent to None, run_after=None
[2025-10-02T23:00:32.872+0000] {processor.py:183} INFO - Processing /home/airflow/.local/lib/python3.12/site-packages/airflow/example_dags/example_external_task_marker_dag.py took 0.100 seconds
[2025-10-02T23:01:03.255+0000] {processor.py:161} INFO - Started process (PID=1017) to work on /home/airflow/.local/lib/python3.12/site-packages/airflow/example_dags/example_external_task_marker_dag.py
[2025-10-02T23:01:03.256+0000] {processor.py:830} INFO - Processing file /home/airflow/.local/lib/python3.12/site-packages/airflow/example_dags/example_external_task_marker_dag.py for tasks to queue
[2025-10-02T23:01:03.260+0000] {logging_mixin.py:188} INFO - [2025-10-02T23:01:03.259+0000] {dagbag.py:545} INFO - Filling up the DagBag from /home/airflow/.local/lib/python3.12/site-packages/airflow/example_dags/example_external_task_marker_dag.py
[2025-10-02T23:01:03.270+0000] {processor.py:840} INFO - DAG(s) 'example_external_task_marker_parent', 'example_external_task_marker_child' retrieved from /home/airflow/.local/lib/python3.12/site-packages/airflow/example_dags/example_external_task_marker_dag.py
[2025-10-02T23:01:03.301+0000] {logging_mixin.py:188} INFO - [2025-10-02T23:01:03.301+0000] {dag.py:3096} INFO - Sync 2 DAGs
[2025-10-02T23:01:03.318+0000] {logging_mixin.py:188} INFO - [2025-10-02T23:01:03.318+0000] {dag.py:3954} INFO - Setting next_dagrun for example_external_task_marker_child to None, run_after=None
[2025-10-02T23:01:03.323+0000] {logging_mixin.py:188} INFO - [2025-10-02T23:01:03.323+0000] {dag.py:3954} INFO - Setting next_dagrun for example_external_task_marker_parent to None, run_after=None
[2025-10-02T23:01:03.342+0000] {processor.py:183} INFO - Processing /home/airflow/.local/lib/python3.12/site-packages/airflow/example_dags/example_external_task_marker_dag.py took 0.098 seconds
[2025-10-02T23:01:33.698+0000] {processor.py:161} INFO - Started process (PID=1070) to work on /home/airflow/.local/lib/python3.12/site-packages/airflow/example_dags/example_external_task_marker_dag.py
[2025-10-02T23:01:33.699+0000] {processor.py:830} INFO - Processing file /home/airflow/.local/lib/python3.12/site-packages/airflow/example_dags/example_external_task_marker_dag.py for tasks to queue
[2025-10-02T23:01:33.702+0000] {logging_mixin.py:188} INFO - [2025-10-02T23:01:33.702+0000] {dagbag.py:545} INFO - Filling up the DagBag from /home/airflow/.local/lib/python3.12/site-packages/airflow/example_dags/example_external_task_marker_dag.py
[2025-10-02T23:01:33.712+0000] {processor.py:840} INFO - DAG(s) 'example_external_task_marker_parent', 'example_external_task_marker_child' retrieved from /home/airflow/.local/lib/python3.12/site-packages/airflow/example_dags/example_external_task_marker_dag.py
[2025-10-02T23:01:33.745+0000] {logging_mixin.py:188} INFO - [2025-10-02T23:01:33.745+0000] {dag.py:3096} INFO - Sync 2 DAGs
[2025-10-02T23:01:33.765+0000] {logging_mixin.py:188} INFO - [2025-10-02T23:01:33.765+0000] {dag.py:3954} INFO - Setting next_dagrun for example_external_task_marker_child to None, run_after=None
[2025-10-02T23:01:33.770+0000] {logging_mixin.py:188} INFO - [2025-10-02T23:01:33.770+0000] {dag.py:3954} INFO - Setting next_dagrun for example_external_task_marker_parent to None, run_after=None
[2025-10-02T23:01:33.801+0000] {processor.py:183} INFO - Processing /home/airflow/.local/lib/python3.12/site-packages/airflow/example_dags/example_external_task_marker_dag.py took 0.110 seconds
[2025-10-02T23:02:04.454+0000] {processor.py:161} INFO - Started process (PID=1123) to work on /home/airflow/.local/lib/python3.12/site-packages/airflow/example_dags/example_external_task_marker_dag.py
[2025-10-02T23:02:04.455+0000] {processor.py:830} INFO - Processing file /home/airflow/.local/lib/python3.12/site-packages/airflow/example_dags/example_external_task_marker_dag.py for tasks to queue
[2025-10-02T23:02:04.458+0000] {logging_mixin.py:188} INFO - [2025-10-02T23:02:04.458+0000] {dagbag.py:545} INFO - Filling up the DagBag from /home/airflow/.local/lib/python3.12/site-packages/airflow/example_dags/example_external_task_marker_dag.py
[2025-10-02T23:02:04.468+0000] {processor.py:840} INFO - DAG(s) 'example_external_task_marker_child', 'example_external_task_marker_parent' retrieved from /home/airflow/.local/lib/python3.12/site-packages/airflow/example_dags/example_external_task_marker_dag.py
[2025-10-02T23:02:04.503+0000] {logging_mixin.py:188} INFO - [2025-10-02T23:02:04.503+0000] {dag.py:3096} INFO - Sync 2 DAGs
[2025-10-02T23:02:04.522+0000] {logging_mixin.py:188} INFO - [2025-10-02T23:02:04.522+0000] {dag.py:3954} INFO - Setting next_dagrun for example_external_task_marker_child to None, run_after=None
[2025-10-02T23:02:04.527+0000] {logging_mixin.py:188} INFO - [2025-10-02T23:02:04.527+0000] {dag.py:3954} INFO - Setting next_dagrun for example_external_task_marker_parent to None, run_after=None
[2025-10-02T23:02:04.552+0000] {processor.py:183} INFO - Processing /home/airflow/.local/lib/python3.12/site-packages/airflow/example_dags/example_external_task_marker_dag.py took 0.108 seconds
[2025-10-02T23:02:34.652+0000] {processor.py:161} INFO - Started process (PID=1176) to work on /home/airflow/.local/lib/python3.12/site-packages/airflow/example_dags/example_external_task_marker_dag.py
[2025-10-02T23:02:34.654+0000] {processor.py:830} INFO - Processing file /home/airflow/.local/lib/python3.12/site-packages/airflow/example_dags/example_external_task_marker_dag.py for tasks to queue
[2025-10-02T23:02:34.657+0000] {logging_mixin.py:188} INFO - [2025-10-02T23:02:34.657+0000] {dagbag.py:545} INFO - Filling up the DagBag from /home/airflow/.local/lib/python3.12/site-packages/airflow/example_dags/example_external_task_marker_dag.py
[2025-10-02T23:02:34.668+0000] {processor.py:840} INFO - DAG(s) 'example_external_task_marker_parent', 'example_external_task_marker_child' retrieved from /home/airflow/.local/lib/python3.12/site-packages/airflow/example_dags/example_external_task_marker_dag.py
[2025-10-02T23:02:34.704+0000] {logging_mixin.py:188} INFO - [2025-10-02T23:02:34.704+0000] {dag.py:3096} INFO - Sync 2 DAGs
[2025-10-02T23:02:34.724+0000] {logging_mixin.py:188} INFO - [2025-10-02T23:02:34.724+0000] {dag.py:3954} INFO - Setting next_dagrun for example_external_task_marker_child to None, run_after=None
[2025-10-02T23:02:34.729+0000] {logging_mixin.py:188} INFO - [2025-10-02T23:02:34.729+0000] {dag.py:3954} INFO - Setting next_dagrun for example_external_task_marker_parent to None, run_after=None
[2025-10-02T23:02:34.755+0000] {processor.py:183} INFO - Processing /home/airflow/.local/lib/python3.12/site-packages/airflow/example_dags/example_external_task_marker_dag.py took 0.111 seconds
[2025-10-02T23:03:04.951+0000] {processor.py:161} INFO - Started process (PID=1228) to work on /home/airflow/.local/lib/python3.12/site-packages/airflow/example_dags/example_external_task_marker_dag.py
[2025-10-02T23:03:04.953+0000] {processor.py:830} INFO - Processing file /home/airflow/.local/lib/python3.12/site-packages/airflow/example_dags/example_external_task_marker_dag.py for tasks to queue
[2025-10-02T23:03:04.955+0000] {logging_mixin.py:188} INFO - [2025-10-02T23:03:04.955+0000] {dagbag.py:545} INFO - Filling up the DagBag from /home/airflow/.local/lib/python3.12/site-packages/airflow/example_dags/example_external_task_marker_dag.py
[2025-10-02T23:03:04.964+0000] {processor.py:840} INFO - DAG(s) 'example_external_task_marker_parent', 'example_external_task_marker_child' retrieved from /home/airflow/.local/lib/python3.12/site-packages/airflow/example_dags/example_external_task_marker_dag.py
[2025-10-02T23:03:04.998+0000] {logging_mixin.py:188} INFO - [2025-10-02T23:03:04.997+0000] {dag.py:3096} INFO - Sync 2 DAGs
[2025-10-02T23:03:05.016+0000] {logging_mixin.py:188} INFO - [2025-10-02T23:03:05.015+0000] {dag.py:3954} INFO - Setting next_dagrun for example_external_task_marker_child to None, run_after=None
[2025-10-02T23:03:05.021+0000] {logging_mixin.py:188} INFO - [2025-10-02T23:03:05.021+0000] {dag.py:3954} INFO - Setting next_dagrun for example_external_task_marker_parent to None, run_after=None
[2025-10-02T23:03:05.044+0000] {processor.py:183} INFO - Processing /home/airflow/.local/lib/python3.12/site-packages/airflow/example_dags/example_external_task_marker_dag.py took 0.101 seconds
[2025-10-02T23:03:35.535+0000] {processor.py:161} INFO - Started process (PID=1281) to work on /home/airflow/.local/lib/python3.12/site-packages/airflow/example_dags/example_external_task_marker_dag.py
[2025-10-02T23:03:35.538+0000] {processor.py:830} INFO - Processing file /home/airflow/.local/lib/python3.12/site-packages/airflow/example_dags/example_external_task_marker_dag.py for tasks to queue
[2025-10-02T23:03:35.544+0000] {logging_mixin.py:188} INFO - [2025-10-02T23:03:35.543+0000] {dagbag.py:545} INFO - Filling up the DagBag from /home/airflow/.local/lib/python3.12/site-packages/airflow/example_dags/example_external_task_marker_dag.py
[2025-10-02T23:03:35.557+0000] {processor.py:840} INFO - DAG(s) 'example_external_task_marker_child', 'example_external_task_marker_parent' retrieved from /home/airflow/.local/lib/python3.12/site-packages/airflow/example_dags/example_external_task_marker_dag.py
[2025-10-02T23:03:35.592+0000] {logging_mixin.py:188} INFO - [2025-10-02T23:03:35.591+0000] {dag.py:3096} INFO - Sync 2 DAGs
[2025-10-02T23:03:35.611+0000] {logging_mixin.py:188} INFO - [2025-10-02T23:03:35.611+0000] {dag.py:3954} INFO - Setting next_dagrun for example_external_task_marker_child to None, run_after=None
[2025-10-02T23:03:35.616+0000] {logging_mixin.py:188} INFO - [2025-10-02T23:03:35.616+0000] {dag.py:3954} INFO - Setting next_dagrun for example_external_task_marker_parent to None, run_after=None
[2025-10-02T23:03:35.639+0000] {processor.py:183} INFO - Processing /home/airflow/.local/lib/python3.12/site-packages/airflow/example_dags/example_external_task_marker_dag.py took 0.119 seconds
[2025-10-02T23:04:07.114+0000] {processor.py:161} INFO - Started process (PID=1334) to work on /home/airflow/.local/lib/python3.12/site-packages/airflow/example_dags/example_external_task_marker_dag.py
[2025-10-02T23:04:07.116+0000] {processor.py:830} INFO - Processing file /home/airflow/.local/lib/python3.12/site-packages/airflow/example_dags/example_external_task_marker_dag.py for tasks to queue
[2025-10-02T23:04:07.119+0000] {logging_mixin.py:188} INFO - [2025-10-02T23:04:07.119+0000] {dagbag.py:545} INFO - Filling up the DagBag from /home/airflow/.local/lib/python3.12/site-packages/airflow/example_dags/example_external_task_marker_dag.py
[2025-10-02T23:04:07.128+0000] {processor.py:840} INFO - DAG(s) 'example_external_task_marker_child', 'example_external_task_marker_parent' retrieved from /home/airflow/.local/lib/python3.12/site-packages/airflow/example_dags/example_external_task_marker_dag.py
[2025-10-02T23:04:07.160+0000] {logging_mixin.py:188} INFO - [2025-10-02T23:04:07.160+0000] {dag.py:3096} INFO - Sync 2 DAGs
[2025-10-02T23:04:07.179+0000] {logging_mixin.py:188} INFO - [2025-10-02T23:04:07.179+0000] {dag.py:3954} INFO - Setting next_dagrun for example_external_task_marker_child to None, run_after=None
[2025-10-02T23:04:07.185+0000] {logging_mixin.py:188} INFO - [2025-10-02T23:04:07.184+0000] {dag.py:3954} INFO - Setting next_dagrun for example_external_task_marker_parent to None, run_after=None
[2025-10-02T23:04:07.208+0000] {processor.py:183} INFO - Processing /home/airflow/.local/lib/python3.12/site-packages/airflow/example_dags/example_external_task_marker_dag.py took 0.102 seconds
[2025-10-02T23:04:37.602+0000] {processor.py:161} INFO - Started process (PID=1387) to work on /home/airflow/.local/lib/python3.12/site-packages/airflow/example_dags/example_external_task_marker_dag.py
[2025-10-02T23:04:37.604+0000] {processor.py:830} INFO - Processing file /home/airflow/.local/lib/python3.12/site-packages/airflow/example_dags/example_external_task_marker_dag.py for tasks to queue
[2025-10-02T23:04:37.607+0000] {logging_mixin.py:188} INFO - [2025-10-02T23:04:37.606+0000] {dagbag.py:545} INFO - Filling up the DagBag from /home/airflow/.local/lib/python3.12/site-packages/airflow/example_dags/example_external_task_marker_dag.py
[2025-10-02T23:04:37.616+0000] {processor.py:840} INFO - DAG(s) 'example_external_task_marker_child', 'example_external_task_marker_parent' retrieved from /home/airflow/.local/lib/python3.12/site-packages/airflow/example_dags/example_external_task_marker_dag.py
[2025-10-02T23:04:37.648+0000] {logging_mixin.py:188} INFO - [2025-10-02T23:04:37.648+0000] {dag.py:3096} INFO - Sync 2 DAGs
[2025-10-02T23:04:37.666+0000] {logging_mixin.py:188} INFO - [2025-10-02T23:04:37.666+0000] {dag.py:3954} INFO - Setting next_dagrun for example_external_task_marker_child to None, run_after=None
[2025-10-02T23:04:37.671+0000] {logging_mixin.py:188} INFO - [2025-10-02T23:04:37.670+0000] {dag.py:3954} INFO - Setting next_dagrun for example_external_task_marker_parent to None, run_after=None
[2025-10-02T23:04:37.692+0000] {processor.py:183} INFO - Processing /home/airflow/.local/lib/python3.12/site-packages/airflow/example_dags/example_external_task_marker_dag.py took 0.101 seconds
[2025-10-02T23:05:08.577+0000] {processor.py:161} INFO - Started process (PID=1440) to work on /home/airflow/.local/lib/python3.12/site-packages/airflow/example_dags/example_external_task_marker_dag.py
[2025-10-02T23:05:08.578+0000] {processor.py:830} INFO - Processing file /home/airflow/.local/lib/python3.12/site-packages/airflow/example_dags/example_external_task_marker_dag.py for tasks to queue
[2025-10-02T23:05:08.582+0000] {logging_mixin.py:188} INFO - [2025-10-02T23:05:08.581+0000] {dagbag.py:545} INFO - Filling up the DagBag from /home/airflow/.local/lib/python3.12/site-packages/airflow/example_dags/example_external_task_marker_dag.py
[2025-10-02T23:05:08.591+0000] {processor.py:840} INFO - DAG(s) 'example_external_task_marker_parent', 'example_external_task_marker_child' retrieved from /home/airflow/.local/lib/python3.12/site-packages/airflow/example_dags/example_external_task_marker_dag.py
[2025-10-02T23:05:08.620+0000] {logging_mixin.py:188} INFO - [2025-10-02T23:05:08.620+0000] {dag.py:3096} INFO - Sync 2 DAGs
[2025-10-02T23:05:08.636+0000] {logging_mixin.py:188} INFO - [2025-10-02T23:05:08.635+0000] {dag.py:3954} INFO - Setting next_dagrun for example_external_task_marker_child to None, run_after=None
[2025-10-02T23:05:08.640+0000] {logging_mixin.py:188} INFO - [2025-10-02T23:05:08.640+0000] {dag.py:3954} INFO - Setting next_dagrun for example_external_task_marker_parent to None, run_after=None
[2025-10-02T23:05:08.659+0000] {processor.py:183} INFO - Processing /home/airflow/.local/lib/python3.12/site-packages/airflow/example_dags/example_external_task_marker_dag.py took 0.092 seconds
[2025-10-02T23:05:39.304+0000] {processor.py:161} INFO - Started process (PID=1493) to work on /home/airflow/.local/lib/python3.12/site-packages/airflow/example_dags/example_external_task_marker_dag.py
[2025-10-02T23:05:39.306+0000] {processor.py:830} INFO - Processing file /home/airflow/.local/lib/python3.12/site-packages/airflow/example_dags/example_external_task_marker_dag.py for tasks to queue
[2025-10-02T23:05:39.309+0000] {logging_mixin.py:188} INFO - [2025-10-02T23:05:39.308+0000] {dagbag.py:545} INFO - Filling up the DagBag from /home/airflow/.local/lib/python3.12/site-packages/airflow/example_dags/example_external_task_marker_dag.py
[2025-10-02T23:05:39.322+0000] {processor.py:840} INFO - DAG(s) 'example_external_task_marker_parent', 'example_external_task_marker_child' retrieved from /home/airflow/.local/lib/python3.12/site-packages/airflow/example_dags/example_external_task_marker_dag.py
[2025-10-02T23:05:39.359+0000] {logging_mixin.py:188} INFO - [2025-10-02T23:05:39.359+0000] {dag.py:3096} INFO - Sync 2 DAGs
[2025-10-02T23:05:39.379+0000] {logging_mixin.py:188} INFO - [2025-10-02T23:05:39.379+0000] {dag.py:3954} INFO - Setting next_dagrun for example_external_task_marker_child to None, run_after=None
[2025-10-02T23:05:39.384+0000] {logging_mixin.py:188} INFO - [2025-10-02T23:05:39.384+0000] {dag.py:3954} INFO - Setting next_dagrun for example_external_task_marker_parent to None, run_after=None
[2025-10-02T23:05:39.407+0000] {processor.py:183} INFO - Processing /home/airflow/.local/lib/python3.12/site-packages/airflow/example_dags/example_external_task_marker_dag.py took 0.113 seconds
[2025-10-02T23:06:10.082+0000] {processor.py:161} INFO - Started process (PID=1546) to work on /home/airflow/.local/lib/python3.12/site-packages/airflow/example_dags/example_external_task_marker_dag.py
[2025-10-02T23:06:10.084+0000] {processor.py:830} INFO - Processing file /home/airflow/.local/lib/python3.12/site-packages/airflow/example_dags/example_external_task_marker_dag.py for tasks to queue
[2025-10-02T23:06:10.087+0000] {logging_mixin.py:188} INFO - [2025-10-02T23:06:10.086+0000] {dagbag.py:545} INFO - Filling up the DagBag from /home/airflow/.local/lib/python3.12/site-packages/airflow/example_dags/example_external_task_marker_dag.py
[2025-10-02T23:06:10.095+0000] {processor.py:840} INFO - DAG(s) 'example_external_task_marker_child', 'example_external_task_marker_parent' retrieved from /home/airflow/.local/lib/python3.12/site-packages/airflow/example_dags/example_external_task_marker_dag.py
[2025-10-02T23:06:10.127+0000] {logging_mixin.py:188} INFO - [2025-10-02T23:06:10.127+0000] {dag.py:3096} INFO - Sync 2 DAGs
[2025-10-02T23:06:10.145+0000] {logging_mixin.py:188} INFO - [2025-10-02T23:06:10.144+0000] {dag.py:3954} INFO - Setting next_dagrun for example_external_task_marker_child to None, run_after=None
[2025-10-02T23:06:10.150+0000] {logging_mixin.py:188} INFO - [2025-10-02T23:06:10.149+0000] {dag.py:3954} INFO - Setting next_dagrun for example_external_task_marker_parent to None, run_after=None
[2025-10-02T23:06:10.175+0000] {processor.py:183} INFO - Processing /home/airflow/.local/lib/python3.12/site-packages/airflow/example_dags/example_external_task_marker_dag.py took 0.101 seconds
[2025-10-02T23:06:40.786+0000] {processor.py:161} INFO - Started process (PID=1599) to work on /home/airflow/.local/lib/python3.12/site-packages/airflow/example_dags/example_external_task_marker_dag.py
[2025-10-02T23:06:40.788+0000] {processor.py:830} INFO - Processing file /home/airflow/.local/lib/python3.12/site-packages/airflow/example_dags/example_external_task_marker_dag.py for tasks to queue
[2025-10-02T23:06:40.791+0000] {logging_mixin.py:188} INFO - [2025-10-02T23:06:40.790+0000] {dagbag.py:545} INFO - Filling up the DagBag from /home/airflow/.local/lib/python3.12/site-packages/airflow/example_dags/example_external_task_marker_dag.py
[2025-10-02T23:06:40.803+0000] {processor.py:840} INFO - DAG(s) 'example_external_task_marker_parent', 'example_external_task_marker_child' retrieved from /home/airflow/.local/lib/python3.12/site-packages/airflow/example_dags/example_external_task_marker_dag.py
[2025-10-02T23:06:40.847+0000] {logging_mixin.py:188} INFO - [2025-10-02T23:06:40.847+0000] {dag.py:3096} INFO - Sync 2 DAGs
[2025-10-02T23:06:41.062+0000] {logging_mixin.py:188} INFO - [2025-10-02T23:06:41.062+0000] {dag.py:3954} INFO - Setting next_dagrun for example_external_task_marker_child to None, run_after=None
[2025-10-02T23:06:41.067+0000] {logging_mixin.py:188} INFO - [2025-10-02T23:06:41.067+0000] {dag.py:3954} INFO - Setting next_dagrun for example_external_task_marker_parent to None, run_after=None
[2025-10-02T23:06:41.089+0000] {processor.py:183} INFO - Processing /home/airflow/.local/lib/python3.12/site-packages/airflow/example_dags/example_external_task_marker_dag.py took 0.314 seconds
[2025-10-02T23:07:11.677+0000] {processor.py:161} INFO - Started process (PID=1652) to work on /home/airflow/.local/lib/python3.12/site-packages/airflow/example_dags/example_external_task_marker_dag.py
[2025-10-02T23:07:11.679+0000] {processor.py:830} INFO - Processing file /home/airflow/.local/lib/python3.12/site-packages/airflow/example_dags/example_external_task_marker_dag.py for tasks to queue
[2025-10-02T23:07:11.682+0000] {logging_mixin.py:188} INFO - [2025-10-02T23:07:11.681+0000] {dagbag.py:545} INFO - Filling up the DagBag from /home/airflow/.local/lib/python3.12/site-packages/airflow/example_dags/example_external_task_marker_dag.py
[2025-10-02T23:07:11.699+0000] {processor.py:840} INFO - DAG(s) 'example_external_task_marker_child', 'example_external_task_marker_parent' retrieved from /home/airflow/.local/lib/python3.12/site-packages/airflow/example_dags/example_external_task_marker_dag.py
[2025-10-02T23:07:11.754+0000] {logging_mixin.py:188} INFO - [2025-10-02T23:07:11.753+0000] {dag.py:3096} INFO - Sync 2 DAGs
[2025-10-02T23:07:11.792+0000] {logging_mixin.py:188} INFO - [2025-10-02T23:07:11.791+0000] {dag.py:3954} INFO - Setting next_dagrun for example_external_task_marker_child to None, run_after=None
[2025-10-02T23:07:11.801+0000] {logging_mixin.py:188} INFO - [2025-10-02T23:07:11.801+0000] {dag.py:3954} INFO - Setting next_dagrun for example_external_task_marker_parent to None, run_after=None
[2025-10-02T23:07:11.833+0000] {processor.py:183} INFO - Processing /home/airflow/.local/lib/python3.12/site-packages/airflow/example_dags/example_external_task_marker_dag.py took 0.168 seconds
[2025-10-02T23:07:41.931+0000] {processor.py:161} INFO - Started process (PID=1705) to work on /home/airflow/.local/lib/python3.12/site-packages/airflow/example_dags/example_external_task_marker_dag.py
[2025-10-02T23:07:41.933+0000] {processor.py:830} INFO - Processing file /home/airflow/.local/lib/python3.12/site-packages/airflow/example_dags/example_external_task_marker_dag.py for tasks to queue
[2025-10-02T23:07:41.937+0000] {logging_mixin.py:188} INFO - [2025-10-02T23:07:41.937+0000] {dagbag.py:545} INFO - Filling up the DagBag from /home/airflow/.local/lib/python3.12/site-packages/airflow/example_dags/example_external_task_marker_dag.py
[2025-10-02T23:07:41.947+0000] {processor.py:840} INFO - DAG(s) 'example_external_task_marker_parent', 'example_external_task_marker_child' retrieved from /home/airflow/.local/lib/python3.12/site-packages/airflow/example_dags/example_external_task_marker_dag.py
[2025-10-02T23:07:41.981+0000] {logging_mixin.py:188} INFO - [2025-10-02T23:07:41.981+0000] {dag.py:3096} INFO - Sync 2 DAGs
[2025-10-02T23:07:41.997+0000] {logging_mixin.py:188} INFO - [2025-10-02T23:07:41.997+0000] {dag.py:3954} INFO - Setting next_dagrun for example_external_task_marker_child to None, run_after=None
[2025-10-02T23:07:42.003+0000] {logging_mixin.py:188} INFO - [2025-10-02T23:07:42.003+0000] {dag.py:3954} INFO - Setting next_dagrun for example_external_task_marker_parent to None, run_after=None
[2025-10-02T23:07:42.025+0000] {processor.py:183} INFO - Processing /home/airflow/.local/lib/python3.12/site-packages/airflow/example_dags/example_external_task_marker_dag.py took 0.103 seconds
[2025-10-02T23:08:13.355+0000] {processor.py:161} INFO - Started process (PID=1758) to work on /home/airflow/.local/lib/python3.12/site-packages/airflow/example_dags/example_external_task_marker_dag.py
[2025-10-02T23:08:13.357+0000] {processor.py:830} INFO - Processing file /home/airflow/.local/lib/python3.12/site-packages/airflow/example_dags/example_external_task_marker_dag.py for tasks to queue
[2025-10-02T23:08:13.360+0000] {logging_mixin.py:188} INFO - [2025-10-02T23:08:13.359+0000] {dagbag.py:545} INFO - Filling up the DagBag from /home/airflow/.local/lib/python3.12/site-packages/airflow/example_dags/example_external_task_marker_dag.py
[2025-10-02T23:08:13.568+0000] {processor.py:840} INFO - DAG(s) 'example_external_task_marker_child', 'example_external_task_marker_parent' retrieved from /home/airflow/.local/lib/python3.12/site-packages/airflow/example_dags/example_external_task_marker_dag.py
[2025-10-02T23:08:13.595+0000] {logging_mixin.py:188} INFO - [2025-10-02T23:08:13.595+0000] {dag.py:3096} INFO - Sync 2 DAGs
[2025-10-02T23:08:13.610+0000] {logging_mixin.py:188} INFO - [2025-10-02T23:08:13.610+0000] {dag.py:3954} INFO - Setting next_dagrun for example_external_task_marker_child to None, run_after=None
[2025-10-02T23:08:13.615+0000] {logging_mixin.py:188} INFO - [2025-10-02T23:08:13.615+0000] {dag.py:3954} INFO - Setting next_dagrun for example_external_task_marker_parent to None, run_after=None
[2025-10-02T23:08:13.639+0000] {processor.py:183} INFO - Processing /home/airflow/.local/lib/python3.12/site-packages/airflow/example_dags/example_external_task_marker_dag.py took 0.295 seconds
[2025-10-02T23:08:43.925+0000] {processor.py:161} INFO - Started process (PID=1811) to work on /home/airflow/.local/lib/python3.12/site-packages/airflow/example_dags/example_external_task_marker_dag.py
[2025-10-02T23:08:43.927+0000] {processor.py:830} INFO - Processing file /home/airflow/.local/lib/python3.12/site-packages/airflow/example_dags/example_external_task_marker_dag.py for tasks to queue
[2025-10-02T23:08:43.930+0000] {logging_mixin.py:188} INFO - [2025-10-02T23:08:43.929+0000] {dagbag.py:545} INFO - Filling up the DagBag from /home/airflow/.local/lib/python3.12/site-packages/airflow/example_dags/example_external_task_marker_dag.py
[2025-10-02T23:08:43.939+0000] {processor.py:840} INFO - DAG(s) 'example_external_task_marker_child', 'example_external_task_marker_parent' retrieved from /home/airflow/.local/lib/python3.12/site-packages/airflow/example_dags/example_external_task_marker_dag.py
[2025-10-02T23:08:43.971+0000] {logging_mixin.py:188} INFO - [2025-10-02T23:08:43.970+0000] {dag.py:3096} INFO - Sync 2 DAGs
[2025-10-02T23:08:43.987+0000] {logging_mixin.py:188} INFO - [2025-10-02T23:08:43.987+0000] {dag.py:3954} INFO - Setting next_dagrun for example_external_task_marker_child to None, run_after=None
[2025-10-02T23:08:43.992+0000] {logging_mixin.py:188} INFO - [2025-10-02T23:08:43.992+0000] {dag.py:3954} INFO - Setting next_dagrun for example_external_task_marker_parent to None, run_after=None
[2025-10-02T23:08:44.015+0000] {processor.py:183} INFO - Processing /home/airflow/.local/lib/python3.12/site-packages/airflow/example_dags/example_external_task_marker_dag.py took 0.098 seconds
[2025-10-02T23:09:14.450+0000] {processor.py:161} INFO - Started process (PID=1864) to work on /home/airflow/.local/lib/python3.12/site-packages/airflow/example_dags/example_external_task_marker_dag.py
[2025-10-02T23:09:14.452+0000] {processor.py:830} INFO - Processing file /home/airflow/.local/lib/python3.12/site-packages/airflow/example_dags/example_external_task_marker_dag.py for tasks to queue
[2025-10-02T23:09:14.456+0000] {logging_mixin.py:188} INFO - [2025-10-02T23:09:14.455+0000] {dagbag.py:545} INFO - Filling up the DagBag from /home/airflow/.local/lib/python3.12/site-packages/airflow/example_dags/example_external_task_marker_dag.py
[2025-10-02T23:09:14.467+0000] {processor.py:840} INFO - DAG(s) 'example_external_task_marker_child', 'example_external_task_marker_parent' retrieved from /home/airflow/.local/lib/python3.12/site-packages/airflow/example_dags/example_external_task_marker_dag.py
[2025-10-02T23:09:14.507+0000] {logging_mixin.py:188} INFO - [2025-10-02T23:09:14.506+0000] {dag.py:3096} INFO - Sync 2 DAGs
[2025-10-02T23:09:14.527+0000] {logging_mixin.py:188} INFO - [2025-10-02T23:09:14.526+0000] {dag.py:3954} INFO - Setting next_dagrun for example_external_task_marker_child to None, run_after=None
[2025-10-02T23:09:14.536+0000] {logging_mixin.py:188} INFO - [2025-10-02T23:09:14.536+0000] {dag.py:3954} INFO - Setting next_dagrun for example_external_task_marker_parent to None, run_after=None
[2025-10-02T23:09:14.562+0000] {processor.py:183} INFO - Processing /home/airflow/.local/lib/python3.12/site-packages/airflow/example_dags/example_external_task_marker_dag.py took 0.121 seconds
[2025-10-02T23:09:45.254+0000] {processor.py:161} INFO - Started process (PID=1917) to work on /home/airflow/.local/lib/python3.12/site-packages/airflow/example_dags/example_external_task_marker_dag.py
[2025-10-02T23:09:45.255+0000] {processor.py:830} INFO - Processing file /home/airflow/.local/lib/python3.12/site-packages/airflow/example_dags/example_external_task_marker_dag.py for tasks to queue
[2025-10-02T23:09:45.258+0000] {logging_mixin.py:188} INFO - [2025-10-02T23:09:45.258+0000] {dagbag.py:545} INFO - Filling up the DagBag from /home/airflow/.local/lib/python3.12/site-packages/airflow/example_dags/example_external_task_marker_dag.py
[2025-10-02T23:09:45.268+0000] {processor.py:840} INFO - DAG(s) 'example_external_task_marker_parent', 'example_external_task_marker_child' retrieved from /home/airflow/.local/lib/python3.12/site-packages/airflow/example_dags/example_external_task_marker_dag.py
[2025-10-02T23:09:45.298+0000] {logging_mixin.py:188} INFO - [2025-10-02T23:09:45.298+0000] {dag.py:3096} INFO - Sync 2 DAGs
[2025-10-02T23:09:45.314+0000] {logging_mixin.py:188} INFO - [2025-10-02T23:09:45.314+0000] {dag.py:3954} INFO - Setting next_dagrun for example_external_task_marker_child to None, run_after=None
[2025-10-02T23:09:45.318+0000] {logging_mixin.py:188} INFO - [2025-10-02T23:09:45.318+0000] {dag.py:3954} INFO - Setting next_dagrun for example_external_task_marker_parent to None, run_after=None
[2025-10-02T23:09:45.344+0000] {processor.py:183} INFO - Processing /home/airflow/.local/lib/python3.12/site-packages/airflow/example_dags/example_external_task_marker_dag.py took 0.098 seconds
[2025-10-02T23:10:16.031+0000] {processor.py:161} INFO - Started process (PID=1970) to work on /home/airflow/.local/lib/python3.12/site-packages/airflow/example_dags/example_external_task_marker_dag.py
[2025-10-02T23:10:16.033+0000] {processor.py:830} INFO - Processing file /home/airflow/.local/lib/python3.12/site-packages/airflow/example_dags/example_external_task_marker_dag.py for tasks to queue
[2025-10-02T23:10:16.035+0000] {logging_mixin.py:188} INFO - [2025-10-02T23:10:16.035+0000] {dagbag.py:545} INFO - Filling up the DagBag from /home/airflow/.local/lib/python3.12/site-packages/airflow/example_dags/example_external_task_marker_dag.py
[2025-10-02T23:10:16.061+0000] {processor.py:840} INFO - DAG(s) 'example_external_task_marker_child', 'example_external_task_marker_parent' retrieved from /home/airflow/.local/lib/python3.12/site-packages/airflow/example_dags/example_external_task_marker_dag.py
[2025-10-02T23:10:16.106+0000] {logging_mixin.py:188} INFO - [2025-10-02T23:10:16.105+0000] {dag.py:3096} INFO - Sync 2 DAGs
[2025-10-02T23:10:16.151+0000] {logging_mixin.py:188} INFO - [2025-10-02T23:10:16.151+0000] {dag.py:3954} INFO - Setting next_dagrun for example_external_task_marker_child to None, run_after=None
[2025-10-02T23:10:16.159+0000] {logging_mixin.py:188} INFO - [2025-10-02T23:10:16.158+0000] {dag.py:3954} INFO - Setting next_dagrun for example_external_task_marker_parent to None, run_after=None
[2025-10-02T23:10:16.200+0000] {processor.py:183} INFO - Processing /home/airflow/.local/lib/python3.12/site-packages/airflow/example_dags/example_external_task_marker_dag.py took 0.185 seconds
