[2025-10-02T22:50:33.072+0000] {processor.py:161} INFO - Started process (PID=33) to work on /home/airflow/.local/lib/python3.12/site-packages/airflow/example_dags/example_task_group.py
[2025-10-02T22:50:33.082+0000] {processor.py:830} INFO - Processing file /home/airflow/.local/lib/python3.12/site-packages/airflow/example_dags/example_task_group.py for tasks to queue
[2025-10-02T22:50:33.101+0000] {logging_mixin.py:188} INFO - [2025-10-02T22:50:33.099+0000] {dagbag.py:545} INFO - Filling up the DagBag from /home/airflow/.local/lib/python3.12/site-packages/airflow/example_dags/example_task_group.py
[2025-10-02T22:50:33.194+0000] {processor.py:840} INFO - DAG(s) 'example_task_group' retrieved from /home/airflow/.local/lib/python3.12/site-packages/airflow/example_dags/example_task_group.py
[2025-10-02T22:50:33.767+0000] {logging_mixin.py:188} INFO - [2025-10-02T22:50:33.766+0000] {override.py:1829} INFO - Created Permission View: can delete on DAG:example_task_group
[2025-10-02T22:50:33.786+0000] {logging_mixin.py:188} INFO - [2025-10-02T22:50:33.786+0000] {override.py:1829} INFO - Created Permission View: can edit on DAG:example_task_group
[2025-10-02T22:50:33.802+0000] {logging_mixin.py:188} INFO - [2025-10-02T22:50:33.802+0000] {override.py:1829} INFO - Created Permission View: can read on DAG:example_task_group
[2025-10-02T22:50:33.803+0000] {logging_mixin.py:188} INFO - [2025-10-02T22:50:33.803+0000] {dag.py:3096} INFO - Sync 1 DAGs
[2025-10-02T22:50:33.827+0000] {logging_mixin.py:188} INFO - [2025-10-02T22:50:33.827+0000] {dag.py:3118} INFO - Creating ORM DAG for example_task_group
[2025-10-02T22:50:33.851+0000] {logging_mixin.py:188} INFO - [2025-10-02T22:50:33.851+0000] {dag.py:3954} INFO - Setting next_dagrun for example_task_group to 2025-10-01 00:00:00+00:00, run_after=2025-10-02 00:00:00+00:00
[2025-10-02T22:50:33.888+0000] {processor.py:183} INFO - Processing /home/airflow/.local/lib/python3.12/site-packages/airflow/example_dags/example_task_group.py took 0.869 seconds
[2025-10-02T22:51:48.261+0000] {processor.py:161} INFO - Started process (PID=33) to work on /home/airflow/.local/lib/python3.12/site-packages/airflow/example_dags/example_task_group.py
[2025-10-02T22:51:48.264+0000] {processor.py:830} INFO - Processing file /home/airflow/.local/lib/python3.12/site-packages/airflow/example_dags/example_task_group.py for tasks to queue
[2025-10-02T22:51:48.268+0000] {logging_mixin.py:188} INFO - [2025-10-02T22:51:48.268+0000] {dagbag.py:545} INFO - Filling up the DagBag from /home/airflow/.local/lib/python3.12/site-packages/airflow/example_dags/example_task_group.py
[2025-10-02T22:51:48.286+0000] {processor.py:840} INFO - DAG(s) 'example_task_group' retrieved from /home/airflow/.local/lib/python3.12/site-packages/airflow/example_dags/example_task_group.py
[2025-10-02T22:51:48.331+0000] {logging_mixin.py:188} INFO - [2025-10-02T22:51:48.331+0000] {dag.py:3096} INFO - Sync 1 DAGs
[2025-10-02T22:51:48.372+0000] {logging_mixin.py:188} INFO - [2025-10-02T22:51:48.371+0000] {dag.py:3954} INFO - Setting next_dagrun for example_task_group to 2025-10-01 00:00:00+00:00, run_after=2025-10-02 00:00:00+00:00
[2025-10-02T22:51:48.402+0000] {processor.py:183} INFO - Processing /home/airflow/.local/lib/python3.12/site-packages/airflow/example_dags/example_task_group.py took 0.152 seconds
[2025-10-02T22:52:18.893+0000] {processor.py:161} INFO - Started process (PID=86) to work on /home/airflow/.local/lib/python3.12/site-packages/airflow/example_dags/example_task_group.py
[2025-10-02T22:52:18.895+0000] {processor.py:830} INFO - Processing file /home/airflow/.local/lib/python3.12/site-packages/airflow/example_dags/example_task_group.py for tasks to queue
[2025-10-02T22:52:18.901+0000] {logging_mixin.py:188} INFO - [2025-10-02T22:52:18.900+0000] {dagbag.py:545} INFO - Filling up the DagBag from /home/airflow/.local/lib/python3.12/site-packages/airflow/example_dags/example_task_group.py
[2025-10-02T22:52:18.920+0000] {processor.py:840} INFO - DAG(s) 'example_task_group' retrieved from /home/airflow/.local/lib/python3.12/site-packages/airflow/example_dags/example_task_group.py
[2025-10-02T22:52:19.238+0000] {logging_mixin.py:188} INFO - [2025-10-02T22:52:19.237+0000] {dag.py:3096} INFO - Sync 1 DAGs
[2025-10-02T22:52:19.381+0000] {logging_mixin.py:188} INFO - [2025-10-02T22:52:19.380+0000] {dag.py:3954} INFO - Setting next_dagrun for example_task_group to 2025-10-01 00:00:00+00:00, run_after=2025-10-02 00:00:00+00:00
[2025-10-02T22:52:19.424+0000] {processor.py:183} INFO - Processing /home/airflow/.local/lib/python3.12/site-packages/airflow/example_dags/example_task_group.py took 0.548 seconds
[2025-10-02T22:52:49.558+0000] {processor.py:161} INFO - Started process (PID=139) to work on /home/airflow/.local/lib/python3.12/site-packages/airflow/example_dags/example_task_group.py
[2025-10-02T22:52:49.559+0000] {processor.py:830} INFO - Processing file /home/airflow/.local/lib/python3.12/site-packages/airflow/example_dags/example_task_group.py for tasks to queue
[2025-10-02T22:52:49.562+0000] {logging_mixin.py:188} INFO - [2025-10-02T22:52:49.562+0000] {dagbag.py:545} INFO - Filling up the DagBag from /home/airflow/.local/lib/python3.12/site-packages/airflow/example_dags/example_task_group.py
[2025-10-02T22:52:49.575+0000] {processor.py:840} INFO - DAG(s) 'example_task_group' retrieved from /home/airflow/.local/lib/python3.12/site-packages/airflow/example_dags/example_task_group.py
[2025-10-02T22:52:49.610+0000] {logging_mixin.py:188} INFO - [2025-10-02T22:52:49.609+0000] {dag.py:3096} INFO - Sync 1 DAGs
[2025-10-02T22:52:49.640+0000] {logging_mixin.py:188} INFO - [2025-10-02T22:52:49.640+0000] {dag.py:3954} INFO - Setting next_dagrun for example_task_group to 2025-10-01 00:00:00+00:00, run_after=2025-10-02 00:00:00+00:00
[2025-10-02T22:52:49.675+0000] {processor.py:183} INFO - Processing /home/airflow/.local/lib/python3.12/site-packages/airflow/example_dags/example_task_group.py took 0.129 seconds
[2025-10-02T22:53:20.323+0000] {processor.py:161} INFO - Started process (PID=192) to work on /home/airflow/.local/lib/python3.12/site-packages/airflow/example_dags/example_task_group.py
[2025-10-02T22:53:20.325+0000] {processor.py:830} INFO - Processing file /home/airflow/.local/lib/python3.12/site-packages/airflow/example_dags/example_task_group.py for tasks to queue
[2025-10-02T22:53:20.330+0000] {logging_mixin.py:188} INFO - [2025-10-02T22:53:20.329+0000] {dagbag.py:545} INFO - Filling up the DagBag from /home/airflow/.local/lib/python3.12/site-packages/airflow/example_dags/example_task_group.py
[2025-10-02T22:53:20.343+0000] {processor.py:840} INFO - DAG(s) 'example_task_group' retrieved from /home/airflow/.local/lib/python3.12/site-packages/airflow/example_dags/example_task_group.py
[2025-10-02T22:53:20.375+0000] {logging_mixin.py:188} INFO - [2025-10-02T22:53:20.374+0000] {dag.py:3096} INFO - Sync 1 DAGs
[2025-10-02T22:53:20.409+0000] {logging_mixin.py:188} INFO - [2025-10-02T22:53:20.408+0000] {dag.py:3954} INFO - Setting next_dagrun for example_task_group to 2025-10-01 00:00:00+00:00, run_after=2025-10-02 00:00:00+00:00
[2025-10-02T22:53:20.433+0000] {processor.py:183} INFO - Processing /home/airflow/.local/lib/python3.12/site-packages/airflow/example_dags/example_task_group.py took 0.120 seconds
[2025-10-02T22:53:51.014+0000] {processor.py:161} INFO - Started process (PID=246) to work on /home/airflow/.local/lib/python3.12/site-packages/airflow/example_dags/example_task_group.py
[2025-10-02T22:53:51.015+0000] {processor.py:830} INFO - Processing file /home/airflow/.local/lib/python3.12/site-packages/airflow/example_dags/example_task_group.py for tasks to queue
[2025-10-02T22:53:51.020+0000] {logging_mixin.py:188} INFO - [2025-10-02T22:53:51.019+0000] {dagbag.py:545} INFO - Filling up the DagBag from /home/airflow/.local/lib/python3.12/site-packages/airflow/example_dags/example_task_group.py
[2025-10-02T22:53:51.036+0000] {processor.py:840} INFO - DAG(s) 'example_task_group' retrieved from /home/airflow/.local/lib/python3.12/site-packages/airflow/example_dags/example_task_group.py
[2025-10-02T22:53:51.079+0000] {logging_mixin.py:188} INFO - [2025-10-02T22:53:51.079+0000] {dag.py:3096} INFO - Sync 1 DAGs
[2025-10-02T22:53:51.111+0000] {logging_mixin.py:188} INFO - [2025-10-02T22:53:51.110+0000] {dag.py:3954} INFO - Setting next_dagrun for example_task_group to 2025-10-01 00:00:00+00:00, run_after=2025-10-02 00:00:00+00:00
[2025-10-02T22:53:51.137+0000] {processor.py:183} INFO - Processing /home/airflow/.local/lib/python3.12/site-packages/airflow/example_dags/example_task_group.py took 0.133 seconds
[2025-10-02T22:54:21.598+0000] {processor.py:161} INFO - Started process (PID=299) to work on /home/airflow/.local/lib/python3.12/site-packages/airflow/example_dags/example_task_group.py
[2025-10-02T22:54:21.600+0000] {processor.py:830} INFO - Processing file /home/airflow/.local/lib/python3.12/site-packages/airflow/example_dags/example_task_group.py for tasks to queue
[2025-10-02T22:54:21.605+0000] {logging_mixin.py:188} INFO - [2025-10-02T22:54:21.603+0000] {dagbag.py:545} INFO - Filling up the DagBag from /home/airflow/.local/lib/python3.12/site-packages/airflow/example_dags/example_task_group.py
[2025-10-02T22:54:21.618+0000] {processor.py:840} INFO - DAG(s) 'example_task_group' retrieved from /home/airflow/.local/lib/python3.12/site-packages/airflow/example_dags/example_task_group.py
[2025-10-02T22:54:21.764+0000] {logging_mixin.py:188} INFO - [2025-10-02T22:54:21.764+0000] {dag.py:3096} INFO - Sync 1 DAGs
[2025-10-02T22:54:21.787+0000] {logging_mixin.py:188} INFO - [2025-10-02T22:54:21.787+0000] {dag.py:3954} INFO - Setting next_dagrun for example_task_group to 2025-10-01 00:00:00+00:00, run_after=2025-10-02 00:00:00+00:00
[2025-10-02T22:54:21.810+0000] {processor.py:183} INFO - Processing /home/airflow/.local/lib/python3.12/site-packages/airflow/example_dags/example_task_group.py took 0.222 seconds
[2025-10-02T22:54:51.982+0000] {processor.py:161} INFO - Started process (PID=352) to work on /home/airflow/.local/lib/python3.12/site-packages/airflow/example_dags/example_task_group.py
[2025-10-02T22:54:51.983+0000] {processor.py:830} INFO - Processing file /home/airflow/.local/lib/python3.12/site-packages/airflow/example_dags/example_task_group.py for tasks to queue
[2025-10-02T22:54:51.987+0000] {logging_mixin.py:188} INFO - [2025-10-02T22:54:51.986+0000] {dagbag.py:545} INFO - Filling up the DagBag from /home/airflow/.local/lib/python3.12/site-packages/airflow/example_dags/example_task_group.py
[2025-10-02T22:54:51.997+0000] {processor.py:840} INFO - DAG(s) 'example_task_group' retrieved from /home/airflow/.local/lib/python3.12/site-packages/airflow/example_dags/example_task_group.py
[2025-10-02T22:54:52.030+0000] {logging_mixin.py:188} INFO - [2025-10-02T22:54:52.030+0000] {dag.py:3096} INFO - Sync 1 DAGs
[2025-10-02T22:54:52.062+0000] {logging_mixin.py:188} INFO - [2025-10-02T22:54:52.062+0000] {dag.py:3954} INFO - Setting next_dagrun for example_task_group to 2025-10-01 00:00:00+00:00, run_after=2025-10-02 00:00:00+00:00
[2025-10-02T22:54:52.088+0000] {processor.py:183} INFO - Processing /home/airflow/.local/lib/python3.12/site-packages/airflow/example_dags/example_task_group.py took 0.116 seconds
[2025-10-02T22:55:22.409+0000] {processor.py:161} INFO - Started process (PID=405) to work on /home/airflow/.local/lib/python3.12/site-packages/airflow/example_dags/example_task_group.py
[2025-10-02T22:55:22.417+0000] {processor.py:830} INFO - Processing file /home/airflow/.local/lib/python3.12/site-packages/airflow/example_dags/example_task_group.py for tasks to queue
[2025-10-02T22:55:22.422+0000] {logging_mixin.py:188} INFO - [2025-10-02T22:55:22.421+0000] {dagbag.py:545} INFO - Filling up the DagBag from /home/airflow/.local/lib/python3.12/site-packages/airflow/example_dags/example_task_group.py
[2025-10-02T22:55:22.451+0000] {processor.py:840} INFO - DAG(s) 'example_task_group' retrieved from /home/airflow/.local/lib/python3.12/site-packages/airflow/example_dags/example_task_group.py
[2025-10-02T22:55:22.531+0000] {logging_mixin.py:188} INFO - [2025-10-02T22:55:22.531+0000] {dag.py:3096} INFO - Sync 1 DAGs
[2025-10-02T22:55:22.657+0000] {logging_mixin.py:188} INFO - [2025-10-02T22:55:22.657+0000] {dag.py:3954} INFO - Setting next_dagrun for example_task_group to 2025-10-01 00:00:00+00:00, run_after=2025-10-02 00:00:00+00:00
[2025-10-02T22:55:23.072+0000] {processor.py:183} INFO - Processing /home/airflow/.local/lib/python3.12/site-packages/airflow/example_dags/example_task_group.py took 0.686 seconds
[2025-10-02T22:55:53.542+0000] {processor.py:161} INFO - Started process (PID=463) to work on /home/airflow/.local/lib/python3.12/site-packages/airflow/example_dags/example_task_group.py
[2025-10-02T22:55:53.544+0000] {processor.py:830} INFO - Processing file /home/airflow/.local/lib/python3.12/site-packages/airflow/example_dags/example_task_group.py for tasks to queue
[2025-10-02T22:55:53.548+0000] {logging_mixin.py:188} INFO - [2025-10-02T22:55:53.548+0000] {dagbag.py:545} INFO - Filling up the DagBag from /home/airflow/.local/lib/python3.12/site-packages/airflow/example_dags/example_task_group.py
[2025-10-02T22:55:53.576+0000] {processor.py:840} INFO - DAG(s) 'example_task_group' retrieved from /home/airflow/.local/lib/python3.12/site-packages/airflow/example_dags/example_task_group.py
[2025-10-02T22:55:53.621+0000] {logging_mixin.py:188} INFO - [2025-10-02T22:55:53.621+0000] {dag.py:3096} INFO - Sync 1 DAGs
[2025-10-02T22:55:53.674+0000] {logging_mixin.py:188} INFO - [2025-10-02T22:55:53.673+0000] {dag.py:3954} INFO - Setting next_dagrun for example_task_group to 2025-10-01 00:00:00+00:00, run_after=2025-10-02 00:00:00+00:00
[2025-10-02T22:55:53.715+0000] {processor.py:183} INFO - Processing /home/airflow/.local/lib/python3.12/site-packages/airflow/example_dags/example_task_group.py took 0.183 seconds
[2025-10-02T22:56:23.813+0000] {processor.py:161} INFO - Started process (PID=516) to work on /home/airflow/.local/lib/python3.12/site-packages/airflow/example_dags/example_task_group.py
[2025-10-02T22:56:23.815+0000] {processor.py:830} INFO - Processing file /home/airflow/.local/lib/python3.12/site-packages/airflow/example_dags/example_task_group.py for tasks to queue
[2025-10-02T22:56:23.819+0000] {logging_mixin.py:188} INFO - [2025-10-02T22:56:23.819+0000] {dagbag.py:545} INFO - Filling up the DagBag from /home/airflow/.local/lib/python3.12/site-packages/airflow/example_dags/example_task_group.py
[2025-10-02T22:56:23.832+0000] {processor.py:840} INFO - DAG(s) 'example_task_group' retrieved from /home/airflow/.local/lib/python3.12/site-packages/airflow/example_dags/example_task_group.py
[2025-10-02T22:56:23.865+0000] {logging_mixin.py:188} INFO - [2025-10-02T22:56:23.864+0000] {dag.py:3096} INFO - Sync 1 DAGs
[2025-10-02T22:56:23.903+0000] {logging_mixin.py:188} INFO - [2025-10-02T22:56:23.903+0000] {dag.py:3954} INFO - Setting next_dagrun for example_task_group to 2025-10-01 00:00:00+00:00, run_after=2025-10-02 00:00:00+00:00
[2025-10-02T22:56:23.931+0000] {processor.py:183} INFO - Processing /home/airflow/.local/lib/python3.12/site-packages/airflow/example_dags/example_task_group.py took 0.134 seconds
[2025-10-02T22:56:54.034+0000] {processor.py:161} INFO - Started process (PID=569) to work on /home/airflow/.local/lib/python3.12/site-packages/airflow/example_dags/example_task_group.py
[2025-10-02T22:56:54.036+0000] {processor.py:830} INFO - Processing file /home/airflow/.local/lib/python3.12/site-packages/airflow/example_dags/example_task_group.py for tasks to queue
[2025-10-02T22:56:54.039+0000] {logging_mixin.py:188} INFO - [2025-10-02T22:56:54.039+0000] {dagbag.py:545} INFO - Filling up the DagBag from /home/airflow/.local/lib/python3.12/site-packages/airflow/example_dags/example_task_group.py
[2025-10-02T22:56:54.049+0000] {processor.py:840} INFO - DAG(s) 'example_task_group' retrieved from /home/airflow/.local/lib/python3.12/site-packages/airflow/example_dags/example_task_group.py
[2025-10-02T22:56:54.077+0000] {logging_mixin.py:188} INFO - [2025-10-02T22:56:54.077+0000] {dag.py:3096} INFO - Sync 1 DAGs
[2025-10-02T22:56:54.103+0000] {logging_mixin.py:188} INFO - [2025-10-02T22:56:54.102+0000] {dag.py:3954} INFO - Setting next_dagrun for example_task_group to 2025-10-01 00:00:00+00:00, run_after=2025-10-02 00:00:00+00:00
[2025-10-02T22:56:54.127+0000] {processor.py:183} INFO - Processing /home/airflow/.local/lib/python3.12/site-packages/airflow/example_dags/example_task_group.py took 0.101 seconds
[2025-10-02T22:57:24.232+0000] {processor.py:161} INFO - Started process (PID=622) to work on /home/airflow/.local/lib/python3.12/site-packages/airflow/example_dags/example_task_group.py
[2025-10-02T22:57:24.234+0000] {processor.py:830} INFO - Processing file /home/airflow/.local/lib/python3.12/site-packages/airflow/example_dags/example_task_group.py for tasks to queue
[2025-10-02T22:57:24.237+0000] {logging_mixin.py:188} INFO - [2025-10-02T22:57:24.237+0000] {dagbag.py:545} INFO - Filling up the DagBag from /home/airflow/.local/lib/python3.12/site-packages/airflow/example_dags/example_task_group.py
[2025-10-02T22:57:24.249+0000] {processor.py:840} INFO - DAG(s) 'example_task_group' retrieved from /home/airflow/.local/lib/python3.12/site-packages/airflow/example_dags/example_task_group.py
[2025-10-02T22:57:24.278+0000] {logging_mixin.py:188} INFO - [2025-10-02T22:57:24.278+0000] {dag.py:3096} INFO - Sync 1 DAGs
[2025-10-02T22:57:24.306+0000] {logging_mixin.py:188} INFO - [2025-10-02T22:57:24.305+0000] {dag.py:3954} INFO - Setting next_dagrun for example_task_group to 2025-10-01 00:00:00+00:00, run_after=2025-10-02 00:00:00+00:00
[2025-10-02T22:57:24.331+0000] {processor.py:183} INFO - Processing /home/airflow/.local/lib/python3.12/site-packages/airflow/example_dags/example_task_group.py took 0.108 seconds
[2025-10-02T22:57:54.594+0000] {processor.py:161} INFO - Started process (PID=675) to work on /home/airflow/.local/lib/python3.12/site-packages/airflow/example_dags/example_task_group.py
[2025-10-02T22:57:54.596+0000] {processor.py:830} INFO - Processing file /home/airflow/.local/lib/python3.12/site-packages/airflow/example_dags/example_task_group.py for tasks to queue
[2025-10-02T22:57:54.599+0000] {logging_mixin.py:188} INFO - [2025-10-02T22:57:54.599+0000] {dagbag.py:545} INFO - Filling up the DagBag from /home/airflow/.local/lib/python3.12/site-packages/airflow/example_dags/example_task_group.py
[2025-10-02T22:57:54.612+0000] {processor.py:840} INFO - DAG(s) 'example_task_group' retrieved from /home/airflow/.local/lib/python3.12/site-packages/airflow/example_dags/example_task_group.py
[2025-10-02T22:57:54.634+0000] {logging_mixin.py:188} INFO - [2025-10-02T22:57:54.634+0000] {dag.py:3096} INFO - Sync 1 DAGs
[2025-10-02T22:57:54.666+0000] {logging_mixin.py:188} INFO - [2025-10-02T22:57:54.666+0000] {dag.py:3954} INFO - Setting next_dagrun for example_task_group to 2025-10-01 00:00:00+00:00, run_after=2025-10-02 00:00:00+00:00
[2025-10-02T22:57:54.696+0000] {processor.py:183} INFO - Processing /home/airflow/.local/lib/python3.12/site-packages/airflow/example_dags/example_task_group.py took 0.114 seconds
[2025-10-02T22:58:24.766+0000] {processor.py:161} INFO - Started process (PID=728) to work on /home/airflow/.local/lib/python3.12/site-packages/airflow/example_dags/example_task_group.py
[2025-10-02T22:58:24.767+0000] {processor.py:830} INFO - Processing file /home/airflow/.local/lib/python3.12/site-packages/airflow/example_dags/example_task_group.py for tasks to queue
[2025-10-02T22:58:24.770+0000] {logging_mixin.py:188} INFO - [2025-10-02T22:58:24.770+0000] {dagbag.py:545} INFO - Filling up the DagBag from /home/airflow/.local/lib/python3.12/site-packages/airflow/example_dags/example_task_group.py
[2025-10-02T22:58:24.780+0000] {processor.py:840} INFO - DAG(s) 'example_task_group' retrieved from /home/airflow/.local/lib/python3.12/site-packages/airflow/example_dags/example_task_group.py
[2025-10-02T22:58:24.924+0000] {logging_mixin.py:188} INFO - [2025-10-02T22:58:24.923+0000] {dag.py:3096} INFO - Sync 1 DAGs
[2025-10-02T22:58:24.950+0000] {logging_mixin.py:188} INFO - [2025-10-02T22:58:24.949+0000] {dag.py:3954} INFO - Setting next_dagrun for example_task_group to 2025-10-01 00:00:00+00:00, run_after=2025-10-02 00:00:00+00:00
[2025-10-02T22:58:24.975+0000] {processor.py:183} INFO - Processing /home/airflow/.local/lib/python3.12/site-packages/airflow/example_dags/example_task_group.py took 0.218 seconds
[2025-10-02T22:58:55.401+0000] {processor.py:161} INFO - Started process (PID=781) to work on /home/airflow/.local/lib/python3.12/site-packages/airflow/example_dags/example_task_group.py
[2025-10-02T22:58:55.405+0000] {processor.py:830} INFO - Processing file /home/airflow/.local/lib/python3.12/site-packages/airflow/example_dags/example_task_group.py for tasks to queue
[2025-10-02T22:58:55.413+0000] {logging_mixin.py:188} INFO - [2025-10-02T22:58:55.412+0000] {dagbag.py:545} INFO - Filling up the DagBag from /home/airflow/.local/lib/python3.12/site-packages/airflow/example_dags/example_task_group.py
[2025-10-02T22:58:55.438+0000] {processor.py:840} INFO - DAG(s) 'example_task_group' retrieved from /home/airflow/.local/lib/python3.12/site-packages/airflow/example_dags/example_task_group.py
[2025-10-02T22:58:55.477+0000] {logging_mixin.py:188} INFO - [2025-10-02T22:58:55.476+0000] {dag.py:3096} INFO - Sync 1 DAGs
[2025-10-02T22:58:55.517+0000] {logging_mixin.py:188} INFO - [2025-10-02T22:58:55.517+0000] {dag.py:3954} INFO - Setting next_dagrun for example_task_group to 2025-10-01 00:00:00+00:00, run_after=2025-10-02 00:00:00+00:00
[2025-10-02T22:58:55.555+0000] {processor.py:183} INFO - Processing /home/airflow/.local/lib/python3.12/site-packages/airflow/example_dags/example_task_group.py took 0.166 seconds
[2025-10-02T22:59:25.827+0000] {processor.py:161} INFO - Started process (PID=834) to work on /home/airflow/.local/lib/python3.12/site-packages/airflow/example_dags/example_task_group.py
[2025-10-02T22:59:25.830+0000] {processor.py:830} INFO - Processing file /home/airflow/.local/lib/python3.12/site-packages/airflow/example_dags/example_task_group.py for tasks to queue
[2025-10-02T22:59:25.838+0000] {logging_mixin.py:188} INFO - [2025-10-02T22:59:25.837+0000] {dagbag.py:545} INFO - Filling up the DagBag from /home/airflow/.local/lib/python3.12/site-packages/airflow/example_dags/example_task_group.py
[2025-10-02T22:59:25.855+0000] {processor.py:840} INFO - DAG(s) 'example_task_group' retrieved from /home/airflow/.local/lib/python3.12/site-packages/airflow/example_dags/example_task_group.py
[2025-10-02T22:59:25.890+0000] {logging_mixin.py:188} INFO - [2025-10-02T22:59:25.889+0000] {dag.py:3096} INFO - Sync 1 DAGs
[2025-10-02T22:59:25.915+0000] {logging_mixin.py:188} INFO - [2025-10-02T22:59:25.915+0000] {dag.py:3954} INFO - Setting next_dagrun for example_task_group to 2025-10-01 00:00:00+00:00, run_after=2025-10-02 00:00:00+00:00
[2025-10-02T22:59:25.938+0000] {processor.py:183} INFO - Processing /home/airflow/.local/lib/python3.12/site-packages/airflow/example_dags/example_task_group.py took 0.129 seconds
[2025-10-02T22:59:56.195+0000] {processor.py:161} INFO - Started process (PID=887) to work on /home/airflow/.local/lib/python3.12/site-packages/airflow/example_dags/example_task_group.py
[2025-10-02T22:59:56.197+0000] {processor.py:830} INFO - Processing file /home/airflow/.local/lib/python3.12/site-packages/airflow/example_dags/example_task_group.py for tasks to queue
[2025-10-02T22:59:56.200+0000] {logging_mixin.py:188} INFO - [2025-10-02T22:59:56.200+0000] {dagbag.py:545} INFO - Filling up the DagBag from /home/airflow/.local/lib/python3.12/site-packages/airflow/example_dags/example_task_group.py
[2025-10-02T22:59:56.212+0000] {processor.py:840} INFO - DAG(s) 'example_task_group' retrieved from /home/airflow/.local/lib/python3.12/site-packages/airflow/example_dags/example_task_group.py
[2025-10-02T22:59:56.244+0000] {logging_mixin.py:188} INFO - [2025-10-02T22:59:56.244+0000] {dag.py:3096} INFO - Sync 1 DAGs
[2025-10-02T22:59:56.274+0000] {logging_mixin.py:188} INFO - [2025-10-02T22:59:56.273+0000] {dag.py:3954} INFO - Setting next_dagrun for example_task_group to 2025-10-01 00:00:00+00:00, run_after=2025-10-02 00:00:00+00:00
[2025-10-02T22:59:56.324+0000] {processor.py:183} INFO - Processing /home/airflow/.local/lib/python3.12/site-packages/airflow/example_dags/example_task_group.py took 0.138 seconds
[2025-10-02T23:00:26.501+0000] {processor.py:161} INFO - Started process (PID=940) to work on /home/airflow/.local/lib/python3.12/site-packages/airflow/example_dags/example_task_group.py
[2025-10-02T23:00:26.503+0000] {processor.py:830} INFO - Processing file /home/airflow/.local/lib/python3.12/site-packages/airflow/example_dags/example_task_group.py for tasks to queue
[2025-10-02T23:00:26.507+0000] {logging_mixin.py:188} INFO - [2025-10-02T23:00:26.506+0000] {dagbag.py:545} INFO - Filling up the DagBag from /home/airflow/.local/lib/python3.12/site-packages/airflow/example_dags/example_task_group.py
[2025-10-02T23:00:26.518+0000] {processor.py:840} INFO - DAG(s) 'example_task_group' retrieved from /home/airflow/.local/lib/python3.12/site-packages/airflow/example_dags/example_task_group.py
[2025-10-02T23:00:26.549+0000] {logging_mixin.py:188} INFO - [2025-10-02T23:00:26.549+0000] {dag.py:3096} INFO - Sync 1 DAGs
[2025-10-02T23:00:26.581+0000] {logging_mixin.py:188} INFO - [2025-10-02T23:00:26.581+0000] {dag.py:3954} INFO - Setting next_dagrun for example_task_group to 2025-10-01 00:00:00+00:00, run_after=2025-10-02 00:00:00+00:00
[2025-10-02T23:00:26.608+0000] {processor.py:183} INFO - Processing /home/airflow/.local/lib/python3.12/site-packages/airflow/example_dags/example_task_group.py took 0.121 seconds
[2025-10-02T23:00:56.981+0000] {processor.py:161} INFO - Started process (PID=993) to work on /home/airflow/.local/lib/python3.12/site-packages/airflow/example_dags/example_task_group.py
[2025-10-02T23:00:56.982+0000] {processor.py:830} INFO - Processing file /home/airflow/.local/lib/python3.12/site-packages/airflow/example_dags/example_task_group.py for tasks to queue
[2025-10-02T23:00:56.987+0000] {logging_mixin.py:188} INFO - [2025-10-02T23:00:56.986+0000] {dagbag.py:545} INFO - Filling up the DagBag from /home/airflow/.local/lib/python3.12/site-packages/airflow/example_dags/example_task_group.py
[2025-10-02T23:00:56.997+0000] {processor.py:840} INFO - DAG(s) 'example_task_group' retrieved from /home/airflow/.local/lib/python3.12/site-packages/airflow/example_dags/example_task_group.py
[2025-10-02T23:00:57.030+0000] {logging_mixin.py:188} INFO - [2025-10-02T23:00:57.030+0000] {dag.py:3096} INFO - Sync 1 DAGs
[2025-10-02T23:00:57.063+0000] {logging_mixin.py:188} INFO - [2025-10-02T23:00:57.062+0000] {dag.py:3954} INFO - Setting next_dagrun for example_task_group to 2025-10-01 00:00:00+00:00, run_after=2025-10-02 00:00:00+00:00
[2025-10-02T23:00:57.092+0000] {processor.py:183} INFO - Processing /home/airflow/.local/lib/python3.12/site-packages/airflow/example_dags/example_task_group.py took 0.121 seconds
[2025-10-02T23:01:27.531+0000] {processor.py:161} INFO - Started process (PID=1046) to work on /home/airflow/.local/lib/python3.12/site-packages/airflow/example_dags/example_task_group.py
[2025-10-02T23:01:27.532+0000] {processor.py:830} INFO - Processing file /home/airflow/.local/lib/python3.12/site-packages/airflow/example_dags/example_task_group.py for tasks to queue
[2025-10-02T23:01:27.536+0000] {logging_mixin.py:188} INFO - [2025-10-02T23:01:27.535+0000] {dagbag.py:545} INFO - Filling up the DagBag from /home/airflow/.local/lib/python3.12/site-packages/airflow/example_dags/example_task_group.py
[2025-10-02T23:01:27.545+0000] {processor.py:840} INFO - DAG(s) 'example_task_group' retrieved from /home/airflow/.local/lib/python3.12/site-packages/airflow/example_dags/example_task_group.py
[2025-10-02T23:01:27.574+0000] {logging_mixin.py:188} INFO - [2025-10-02T23:01:27.574+0000] {dag.py:3096} INFO - Sync 1 DAGs
[2025-10-02T23:01:27.601+0000] {logging_mixin.py:188} INFO - [2025-10-02T23:01:27.601+0000] {dag.py:3954} INFO - Setting next_dagrun for example_task_group to 2025-10-01 00:00:00+00:00, run_after=2025-10-02 00:00:00+00:00
[2025-10-02T23:01:27.626+0000] {processor.py:183} INFO - Processing /home/airflow/.local/lib/python3.12/site-packages/airflow/example_dags/example_task_group.py took 0.104 seconds
[2025-10-02T23:01:58.006+0000] {processor.py:161} INFO - Started process (PID=1099) to work on /home/airflow/.local/lib/python3.12/site-packages/airflow/example_dags/example_task_group.py
[2025-10-02T23:01:58.008+0000] {processor.py:830} INFO - Processing file /home/airflow/.local/lib/python3.12/site-packages/airflow/example_dags/example_task_group.py for tasks to queue
[2025-10-02T23:01:58.012+0000] {logging_mixin.py:188} INFO - [2025-10-02T23:01:58.012+0000] {dagbag.py:545} INFO - Filling up the DagBag from /home/airflow/.local/lib/python3.12/site-packages/airflow/example_dags/example_task_group.py
[2025-10-02T23:01:58.022+0000] {processor.py:840} INFO - DAG(s) 'example_task_group' retrieved from /home/airflow/.local/lib/python3.12/site-packages/airflow/example_dags/example_task_group.py
[2025-10-02T23:01:58.052+0000] {logging_mixin.py:188} INFO - [2025-10-02T23:01:58.051+0000] {dag.py:3096} INFO - Sync 1 DAGs
[2025-10-02T23:01:58.079+0000] {logging_mixin.py:188} INFO - [2025-10-02T23:01:58.078+0000] {dag.py:3954} INFO - Setting next_dagrun for example_task_group to 2025-10-01 00:00:00+00:00, run_after=2025-10-02 00:00:00+00:00
[2025-10-02T23:01:58.103+0000] {processor.py:183} INFO - Processing /home/airflow/.local/lib/python3.12/site-packages/airflow/example_dags/example_task_group.py took 0.105 seconds
[2025-10-02T23:02:28.497+0000] {processor.py:161} INFO - Started process (PID=1152) to work on /home/airflow/.local/lib/python3.12/site-packages/airflow/example_dags/example_task_group.py
[2025-10-02T23:02:28.498+0000] {processor.py:830} INFO - Processing file /home/airflow/.local/lib/python3.12/site-packages/airflow/example_dags/example_task_group.py for tasks to queue
[2025-10-02T23:02:28.502+0000] {logging_mixin.py:188} INFO - [2025-10-02T23:02:28.501+0000] {dagbag.py:545} INFO - Filling up the DagBag from /home/airflow/.local/lib/python3.12/site-packages/airflow/example_dags/example_task_group.py
[2025-10-02T23:02:28.511+0000] {processor.py:840} INFO - DAG(s) 'example_task_group' retrieved from /home/airflow/.local/lib/python3.12/site-packages/airflow/example_dags/example_task_group.py
[2025-10-02T23:02:28.548+0000] {logging_mixin.py:188} INFO - [2025-10-02T23:02:28.548+0000] {dag.py:3096} INFO - Sync 1 DAGs
[2025-10-02T23:02:28.582+0000] {logging_mixin.py:188} INFO - [2025-10-02T23:02:28.582+0000] {dag.py:3954} INFO - Setting next_dagrun for example_task_group to 2025-10-01 00:00:00+00:00, run_after=2025-10-02 00:00:00+00:00
[2025-10-02T23:02:28.611+0000] {processor.py:183} INFO - Processing /home/airflow/.local/lib/python3.12/site-packages/airflow/example_dags/example_task_group.py took 0.124 seconds
[2025-10-02T23:02:59.140+0000] {processor.py:161} INFO - Started process (PID=1205) to work on /home/airflow/.local/lib/python3.12/site-packages/airflow/example_dags/example_task_group.py
[2025-10-02T23:02:59.142+0000] {processor.py:830} INFO - Processing file /home/airflow/.local/lib/python3.12/site-packages/airflow/example_dags/example_task_group.py for tasks to queue
[2025-10-02T23:02:59.146+0000] {logging_mixin.py:188} INFO - [2025-10-02T23:02:59.145+0000] {dagbag.py:545} INFO - Filling up the DagBag from /home/airflow/.local/lib/python3.12/site-packages/airflow/example_dags/example_task_group.py
[2025-10-02T23:02:59.160+0000] {processor.py:840} INFO - DAG(s) 'example_task_group' retrieved from /home/airflow/.local/lib/python3.12/site-packages/airflow/example_dags/example_task_group.py
[2025-10-02T23:02:59.190+0000] {logging_mixin.py:188} INFO - [2025-10-02T23:02:59.190+0000] {dag.py:3096} INFO - Sync 1 DAGs
[2025-10-02T23:02:59.223+0000] {logging_mixin.py:188} INFO - [2025-10-02T23:02:59.223+0000] {dag.py:3954} INFO - Setting next_dagrun for example_task_group to 2025-10-01 00:00:00+00:00, run_after=2025-10-02 00:00:00+00:00
[2025-10-02T23:02:59.247+0000] {processor.py:183} INFO - Processing /home/airflow/.local/lib/python3.12/site-packages/airflow/example_dags/example_task_group.py took 0.118 seconds
[2025-10-02T23:03:29.519+0000] {processor.py:161} INFO - Started process (PID=1258) to work on /home/airflow/.local/lib/python3.12/site-packages/airflow/example_dags/example_task_group.py
[2025-10-02T23:03:29.521+0000] {processor.py:830} INFO - Processing file /home/airflow/.local/lib/python3.12/site-packages/airflow/example_dags/example_task_group.py for tasks to queue
[2025-10-02T23:03:29.525+0000] {logging_mixin.py:188} INFO - [2025-10-02T23:03:29.525+0000] {dagbag.py:545} INFO - Filling up the DagBag from /home/airflow/.local/lib/python3.12/site-packages/airflow/example_dags/example_task_group.py
[2025-10-02T23:03:29.537+0000] {processor.py:840} INFO - DAG(s) 'example_task_group' retrieved from /home/airflow/.local/lib/python3.12/site-packages/airflow/example_dags/example_task_group.py
[2025-10-02T23:03:29.572+0000] {logging_mixin.py:188} INFO - [2025-10-02T23:03:29.572+0000] {dag.py:3096} INFO - Sync 1 DAGs
[2025-10-02T23:03:29.603+0000] {logging_mixin.py:188} INFO - [2025-10-02T23:03:29.603+0000] {dag.py:3954} INFO - Setting next_dagrun for example_task_group to 2025-10-01 00:00:00+00:00, run_after=2025-10-02 00:00:00+00:00
[2025-10-02T23:03:29.632+0000] {processor.py:183} INFO - Processing /home/airflow/.local/lib/python3.12/site-packages/airflow/example_dags/example_task_group.py took 0.123 seconds
[2025-10-02T23:03:59.765+0000] {processor.py:161} INFO - Started process (PID=1311) to work on /home/airflow/.local/lib/python3.12/site-packages/airflow/example_dags/example_task_group.py
[2025-10-02T23:03:59.766+0000] {processor.py:830} INFO - Processing file /home/airflow/.local/lib/python3.12/site-packages/airflow/example_dags/example_task_group.py for tasks to queue
[2025-10-02T23:03:59.769+0000] {logging_mixin.py:188} INFO - [2025-10-02T23:03:59.769+0000] {dagbag.py:545} INFO - Filling up the DagBag from /home/airflow/.local/lib/python3.12/site-packages/airflow/example_dags/example_task_group.py
[2025-10-02T23:03:59.780+0000] {processor.py:840} INFO - DAG(s) 'example_task_group' retrieved from /home/airflow/.local/lib/python3.12/site-packages/airflow/example_dags/example_task_group.py
[2025-10-02T23:03:59.808+0000] {logging_mixin.py:188} INFO - [2025-10-02T23:03:59.808+0000] {dag.py:3096} INFO - Sync 1 DAGs
[2025-10-02T23:03:59.835+0000] {logging_mixin.py:188} INFO - [2025-10-02T23:03:59.835+0000] {dag.py:3954} INFO - Setting next_dagrun for example_task_group to 2025-10-01 00:00:00+00:00, run_after=2025-10-02 00:00:00+00:00
[2025-10-02T23:03:59.865+0000] {processor.py:183} INFO - Processing /home/airflow/.local/lib/python3.12/site-packages/airflow/example_dags/example_task_group.py took 0.111 seconds
[2025-10-02T23:04:30.052+0000] {processor.py:161} INFO - Started process (PID=1364) to work on /home/airflow/.local/lib/python3.12/site-packages/airflow/example_dags/example_task_group.py
[2025-10-02T23:04:30.054+0000] {processor.py:830} INFO - Processing file /home/airflow/.local/lib/python3.12/site-packages/airflow/example_dags/example_task_group.py for tasks to queue
[2025-10-02T23:04:30.058+0000] {logging_mixin.py:188} INFO - [2025-10-02T23:04:30.057+0000] {dagbag.py:545} INFO - Filling up the DagBag from /home/airflow/.local/lib/python3.12/site-packages/airflow/example_dags/example_task_group.py
[2025-10-02T23:04:30.070+0000] {processor.py:840} INFO - DAG(s) 'example_task_group' retrieved from /home/airflow/.local/lib/python3.12/site-packages/airflow/example_dags/example_task_group.py
[2025-10-02T23:04:30.102+0000] {logging_mixin.py:188} INFO - [2025-10-02T23:04:30.102+0000] {dag.py:3096} INFO - Sync 1 DAGs
[2025-10-02T23:04:30.134+0000] {logging_mixin.py:188} INFO - [2025-10-02T23:04:30.134+0000] {dag.py:3954} INFO - Setting next_dagrun for example_task_group to 2025-10-01 00:00:00+00:00, run_after=2025-10-02 00:00:00+00:00
[2025-10-02T23:04:30.166+0000] {processor.py:183} INFO - Processing /home/airflow/.local/lib/python3.12/site-packages/airflow/example_dags/example_task_group.py took 0.125 seconds
[2025-10-02T23:05:00.609+0000] {processor.py:161} INFO - Started process (PID=1417) to work on /home/airflow/.local/lib/python3.12/site-packages/airflow/example_dags/example_task_group.py
[2025-10-02T23:05:00.611+0000] {processor.py:830} INFO - Processing file /home/airflow/.local/lib/python3.12/site-packages/airflow/example_dags/example_task_group.py for tasks to queue
[2025-10-02T23:05:00.614+0000] {logging_mixin.py:188} INFO - [2025-10-02T23:05:00.614+0000] {dagbag.py:545} INFO - Filling up the DagBag from /home/airflow/.local/lib/python3.12/site-packages/airflow/example_dags/example_task_group.py
[2025-10-02T23:05:00.627+0000] {processor.py:840} INFO - DAG(s) 'example_task_group' retrieved from /home/airflow/.local/lib/python3.12/site-packages/airflow/example_dags/example_task_group.py
[2025-10-02T23:05:00.661+0000] {logging_mixin.py:188} INFO - [2025-10-02T23:05:00.661+0000] {dag.py:3096} INFO - Sync 1 DAGs
[2025-10-02T23:05:00.693+0000] {logging_mixin.py:188} INFO - [2025-10-02T23:05:00.693+0000] {dag.py:3954} INFO - Setting next_dagrun for example_task_group to 2025-10-01 00:00:00+00:00, run_after=2025-10-02 00:00:00+00:00
[2025-10-02T23:05:00.723+0000] {processor.py:183} INFO - Processing /home/airflow/.local/lib/python3.12/site-packages/airflow/example_dags/example_task_group.py took 0.134 seconds
[2025-10-02T23:05:31.083+0000] {processor.py:161} INFO - Started process (PID=1470) to work on /home/airflow/.local/lib/python3.12/site-packages/airflow/example_dags/example_task_group.py
[2025-10-02T23:05:31.084+0000] {processor.py:830} INFO - Processing file /home/airflow/.local/lib/python3.12/site-packages/airflow/example_dags/example_task_group.py for tasks to queue
[2025-10-02T23:05:31.087+0000] {logging_mixin.py:188} INFO - [2025-10-02T23:05:31.087+0000] {dagbag.py:545} INFO - Filling up the DagBag from /home/airflow/.local/lib/python3.12/site-packages/airflow/example_dags/example_task_group.py
[2025-10-02T23:05:31.098+0000] {processor.py:840} INFO - DAG(s) 'example_task_group' retrieved from /home/airflow/.local/lib/python3.12/site-packages/airflow/example_dags/example_task_group.py
[2025-10-02T23:05:31.127+0000] {logging_mixin.py:188} INFO - [2025-10-02T23:05:31.127+0000] {dag.py:3096} INFO - Sync 1 DAGs
[2025-10-02T23:05:31.152+0000] {logging_mixin.py:188} INFO - [2025-10-02T23:05:31.152+0000] {dag.py:3954} INFO - Setting next_dagrun for example_task_group to 2025-10-01 00:00:00+00:00, run_after=2025-10-02 00:00:00+00:00
[2025-10-02T23:05:31.178+0000] {processor.py:183} INFO - Processing /home/airflow/.local/lib/python3.12/site-packages/airflow/example_dags/example_task_group.py took 0.104 seconds
[2025-10-02T23:06:01.798+0000] {processor.py:161} INFO - Started process (PID=1523) to work on /home/airflow/.local/lib/python3.12/site-packages/airflow/example_dags/example_task_group.py
[2025-10-02T23:06:01.800+0000] {processor.py:830} INFO - Processing file /home/airflow/.local/lib/python3.12/site-packages/airflow/example_dags/example_task_group.py for tasks to queue
[2025-10-02T23:06:01.803+0000] {logging_mixin.py:188} INFO - [2025-10-02T23:06:01.803+0000] {dagbag.py:545} INFO - Filling up the DagBag from /home/airflow/.local/lib/python3.12/site-packages/airflow/example_dags/example_task_group.py
[2025-10-02T23:06:01.815+0000] {processor.py:840} INFO - DAG(s) 'example_task_group' retrieved from /home/airflow/.local/lib/python3.12/site-packages/airflow/example_dags/example_task_group.py
[2025-10-02T23:06:01.848+0000] {logging_mixin.py:188} INFO - [2025-10-02T23:06:01.847+0000] {dag.py:3096} INFO - Sync 1 DAGs
[2025-10-02T23:06:01.879+0000] {logging_mixin.py:188} INFO - [2025-10-02T23:06:01.879+0000] {dag.py:3954} INFO - Setting next_dagrun for example_task_group to 2025-10-01 00:00:00+00:00, run_after=2025-10-02 00:00:00+00:00
[2025-10-02T23:06:01.905+0000] {processor.py:183} INFO - Processing /home/airflow/.local/lib/python3.12/site-packages/airflow/example_dags/example_task_group.py took 0.117 seconds
[2025-10-02T23:06:32.084+0000] {processor.py:161} INFO - Started process (PID=1576) to work on /home/airflow/.local/lib/python3.12/site-packages/airflow/example_dags/example_task_group.py
[2025-10-02T23:06:32.086+0000] {processor.py:830} INFO - Processing file /home/airflow/.local/lib/python3.12/site-packages/airflow/example_dags/example_task_group.py for tasks to queue
[2025-10-02T23:06:32.089+0000] {logging_mixin.py:188} INFO - [2025-10-02T23:06:32.088+0000] {dagbag.py:545} INFO - Filling up the DagBag from /home/airflow/.local/lib/python3.12/site-packages/airflow/example_dags/example_task_group.py
[2025-10-02T23:06:32.100+0000] {processor.py:840} INFO - DAG(s) 'example_task_group' retrieved from /home/airflow/.local/lib/python3.12/site-packages/airflow/example_dags/example_task_group.py
[2025-10-02T23:06:32.131+0000] {logging_mixin.py:188} INFO - [2025-10-02T23:06:32.130+0000] {dag.py:3096} INFO - Sync 1 DAGs
[2025-10-02T23:06:32.157+0000] {logging_mixin.py:188} INFO - [2025-10-02T23:06:32.157+0000] {dag.py:3954} INFO - Setting next_dagrun for example_task_group to 2025-10-01 00:00:00+00:00, run_after=2025-10-02 00:00:00+00:00
[2025-10-02T23:06:32.182+0000] {processor.py:183} INFO - Processing /home/airflow/.local/lib/python3.12/site-packages/airflow/example_dags/example_task_group.py took 0.107 seconds
[2025-10-02T23:07:02.495+0000] {processor.py:161} INFO - Started process (PID=1630) to work on /home/airflow/.local/lib/python3.12/site-packages/airflow/example_dags/example_task_group.py
[2025-10-02T23:07:02.497+0000] {processor.py:830} INFO - Processing file /home/airflow/.local/lib/python3.12/site-packages/airflow/example_dags/example_task_group.py for tasks to queue
[2025-10-02T23:07:02.500+0000] {logging_mixin.py:188} INFO - [2025-10-02T23:07:02.500+0000] {dagbag.py:545} INFO - Filling up the DagBag from /home/airflow/.local/lib/python3.12/site-packages/airflow/example_dags/example_task_group.py
[2025-10-02T23:07:02.510+0000] {processor.py:840} INFO - DAG(s) 'example_task_group' retrieved from /home/airflow/.local/lib/python3.12/site-packages/airflow/example_dags/example_task_group.py
[2025-10-02T23:07:02.543+0000] {logging_mixin.py:188} INFO - [2025-10-02T23:07:02.543+0000] {dag.py:3096} INFO - Sync 1 DAGs
[2025-10-02T23:07:02.572+0000] {logging_mixin.py:188} INFO - [2025-10-02T23:07:02.571+0000] {dag.py:3954} INFO - Setting next_dagrun for example_task_group to 2025-10-01 00:00:00+00:00, run_after=2025-10-02 00:00:00+00:00
[2025-10-02T23:07:02.599+0000] {processor.py:183} INFO - Processing /home/airflow/.local/lib/python3.12/site-packages/airflow/example_dags/example_task_group.py took 0.114 seconds
[2025-10-02T23:07:32.697+0000] {processor.py:161} INFO - Started process (PID=1683) to work on /home/airflow/.local/lib/python3.12/site-packages/airflow/example_dags/example_task_group.py
[2025-10-02T23:07:32.699+0000] {processor.py:830} INFO - Processing file /home/airflow/.local/lib/python3.12/site-packages/airflow/example_dags/example_task_group.py for tasks to queue
[2025-10-02T23:07:32.702+0000] {logging_mixin.py:188} INFO - [2025-10-02T23:07:32.702+0000] {dagbag.py:545} INFO - Filling up the DagBag from /home/airflow/.local/lib/python3.12/site-packages/airflow/example_dags/example_task_group.py
[2025-10-02T23:07:32.713+0000] {processor.py:840} INFO - DAG(s) 'example_task_group' retrieved from /home/airflow/.local/lib/python3.12/site-packages/airflow/example_dags/example_task_group.py
[2025-10-02T23:07:32.748+0000] {logging_mixin.py:188} INFO - [2025-10-02T23:07:32.747+0000] {dag.py:3096} INFO - Sync 1 DAGs
[2025-10-02T23:07:32.782+0000] {logging_mixin.py:188} INFO - [2025-10-02T23:07:32.782+0000] {dag.py:3954} INFO - Setting next_dagrun for example_task_group to 2025-10-01 00:00:00+00:00, run_after=2025-10-02 00:00:00+00:00
[2025-10-02T23:07:32.810+0000] {processor.py:183} INFO - Processing /home/airflow/.local/lib/python3.12/site-packages/airflow/example_dags/example_task_group.py took 0.122 seconds
[2025-10-02T23:08:03.477+0000] {processor.py:161} INFO - Started process (PID=1736) to work on /home/airflow/.local/lib/python3.12/site-packages/airflow/example_dags/example_task_group.py
[2025-10-02T23:08:03.478+0000] {processor.py:830} INFO - Processing file /home/airflow/.local/lib/python3.12/site-packages/airflow/example_dags/example_task_group.py for tasks to queue
[2025-10-02T23:08:03.482+0000] {logging_mixin.py:188} INFO - [2025-10-02T23:08:03.481+0000] {dagbag.py:545} INFO - Filling up the DagBag from /home/airflow/.local/lib/python3.12/site-packages/airflow/example_dags/example_task_group.py
[2025-10-02T23:08:03.493+0000] {processor.py:840} INFO - DAG(s) 'example_task_group' retrieved from /home/airflow/.local/lib/python3.12/site-packages/airflow/example_dags/example_task_group.py
[2025-10-02T23:08:03.522+0000] {logging_mixin.py:188} INFO - [2025-10-02T23:08:03.522+0000] {dag.py:3096} INFO - Sync 1 DAGs
[2025-10-02T23:08:03.715+0000] {logging_mixin.py:188} INFO - [2025-10-02T23:08:03.714+0000] {dag.py:3954} INFO - Setting next_dagrun for example_task_group to 2025-10-01 00:00:00+00:00, run_after=2025-10-02 00:00:00+00:00
[2025-10-02T23:08:03.740+0000] {processor.py:183} INFO - Processing /home/airflow/.local/lib/python3.12/site-packages/airflow/example_dags/example_task_group.py took 0.273 seconds
[2025-10-02T23:08:33.958+0000] {processor.py:161} INFO - Started process (PID=1789) to work on /home/airflow/.local/lib/python3.12/site-packages/airflow/example_dags/example_task_group.py
[2025-10-02T23:08:33.960+0000] {processor.py:830} INFO - Processing file /home/airflow/.local/lib/python3.12/site-packages/airflow/example_dags/example_task_group.py for tasks to queue
[2025-10-02T23:08:33.964+0000] {logging_mixin.py:188} INFO - [2025-10-02T23:08:33.963+0000] {dagbag.py:545} INFO - Filling up the DagBag from /home/airflow/.local/lib/python3.12/site-packages/airflow/example_dags/example_task_group.py
[2025-10-02T23:08:33.979+0000] {processor.py:840} INFO - DAG(s) 'example_task_group' retrieved from /home/airflow/.local/lib/python3.12/site-packages/airflow/example_dags/example_task_group.py
[2025-10-02T23:08:34.018+0000] {logging_mixin.py:188} INFO - [2025-10-02T23:08:34.017+0000] {dag.py:3096} INFO - Sync 1 DAGs
[2025-10-02T23:08:34.053+0000] {logging_mixin.py:188} INFO - [2025-10-02T23:08:34.052+0000] {dag.py:3954} INFO - Setting next_dagrun for example_task_group to 2025-10-01 00:00:00+00:00, run_after=2025-10-02 00:00:00+00:00
[2025-10-02T23:08:34.087+0000] {processor.py:183} INFO - Processing /home/airflow/.local/lib/python3.12/site-packages/airflow/example_dags/example_task_group.py took 0.138 seconds
[2025-10-02T23:09:04.580+0000] {processor.py:161} INFO - Started process (PID=1840) to work on /home/airflow/.local/lib/python3.12/site-packages/airflow/example_dags/example_task_group.py
[2025-10-02T23:09:04.582+0000] {processor.py:830} INFO - Processing file /home/airflow/.local/lib/python3.12/site-packages/airflow/example_dags/example_task_group.py for tasks to queue
[2025-10-02T23:09:04.586+0000] {logging_mixin.py:188} INFO - [2025-10-02T23:09:04.585+0000] {dagbag.py:545} INFO - Filling up the DagBag from /home/airflow/.local/lib/python3.12/site-packages/airflow/example_dags/example_task_group.py
[2025-10-02T23:09:04.599+0000] {processor.py:840} INFO - DAG(s) 'example_task_group' retrieved from /home/airflow/.local/lib/python3.12/site-packages/airflow/example_dags/example_task_group.py
[2025-10-02T23:09:04.641+0000] {logging_mixin.py:188} INFO - [2025-10-02T23:09:04.641+0000] {dag.py:3096} INFO - Sync 1 DAGs
[2025-10-02T23:09:04.676+0000] {logging_mixin.py:188} INFO - [2025-10-02T23:09:04.676+0000] {dag.py:3954} INFO - Setting next_dagrun for example_task_group to 2025-10-01 00:00:00+00:00, run_after=2025-10-02 00:00:00+00:00
[2025-10-02T23:09:04.706+0000] {processor.py:183} INFO - Processing /home/airflow/.local/lib/python3.12/site-packages/airflow/example_dags/example_task_group.py took 0.141 seconds
[2025-10-02T23:09:35.452+0000] {processor.py:161} INFO - Started process (PID=1893) to work on /home/airflow/.local/lib/python3.12/site-packages/airflow/example_dags/example_task_group.py
[2025-10-02T23:09:35.453+0000] {processor.py:830} INFO - Processing file /home/airflow/.local/lib/python3.12/site-packages/airflow/example_dags/example_task_group.py for tasks to queue
[2025-10-02T23:09:35.456+0000] {logging_mixin.py:188} INFO - [2025-10-02T23:09:35.456+0000] {dagbag.py:545} INFO - Filling up the DagBag from /home/airflow/.local/lib/python3.12/site-packages/airflow/example_dags/example_task_group.py
[2025-10-02T23:09:35.466+0000] {processor.py:840} INFO - DAG(s) 'example_task_group' retrieved from /home/airflow/.local/lib/python3.12/site-packages/airflow/example_dags/example_task_group.py
[2025-10-02T23:09:35.495+0000] {logging_mixin.py:188} INFO - [2025-10-02T23:09:35.495+0000] {dag.py:3096} INFO - Sync 1 DAGs
[2025-10-02T23:09:35.522+0000] {logging_mixin.py:188} INFO - [2025-10-02T23:09:35.522+0000] {dag.py:3954} INFO - Setting next_dagrun for example_task_group to 2025-10-01 00:00:00+00:00, run_after=2025-10-02 00:00:00+00:00
[2025-10-02T23:09:35.546+0000] {processor.py:183} INFO - Processing /home/airflow/.local/lib/python3.12/site-packages/airflow/example_dags/example_task_group.py took 0.103 seconds
[2025-10-02T23:10:05.715+0000] {processor.py:161} INFO - Started process (PID=1946) to work on /home/airflow/.local/lib/python3.12/site-packages/airflow/example_dags/example_task_group.py
[2025-10-02T23:10:05.720+0000] {processor.py:830} INFO - Processing file /home/airflow/.local/lib/python3.12/site-packages/airflow/example_dags/example_task_group.py for tasks to queue
[2025-10-02T23:10:05.723+0000] {logging_mixin.py:188} INFO - [2025-10-02T23:10:05.723+0000] {dagbag.py:545} INFO - Filling up the DagBag from /home/airflow/.local/lib/python3.12/site-packages/airflow/example_dags/example_task_group.py
[2025-10-02T23:10:05.733+0000] {processor.py:840} INFO - DAG(s) 'example_task_group' retrieved from /home/airflow/.local/lib/python3.12/site-packages/airflow/example_dags/example_task_group.py
[2025-10-02T23:10:05.763+0000] {logging_mixin.py:188} INFO - [2025-10-02T23:10:05.763+0000] {dag.py:3096} INFO - Sync 1 DAGs
[2025-10-02T23:10:05.789+0000] {logging_mixin.py:188} INFO - [2025-10-02T23:10:05.789+0000] {dag.py:3954} INFO - Setting next_dagrun for example_task_group to 2025-10-01 00:00:00+00:00, run_after=2025-10-02 00:00:00+00:00
[2025-10-02T23:10:05.813+0000] {processor.py:183} INFO - Processing /home/airflow/.local/lib/python3.12/site-packages/airflow/example_dags/example_task_group.py took 0.116 seconds
