[2025-10-02T22:50:38.506+0000] {processor.py:161} INFO - Started process (PID=49) to work on /home/airflow/.local/lib/python3.12/site-packages/airflow/example_dags/example_skip_dag.py
[2025-10-02T22:50:38.507+0000] {processor.py:830} INFO - Processing file /home/airflow/.local/lib/python3.12/site-packages/airflow/example_dags/example_skip_dag.py for tasks to queue
[2025-10-02T22:50:38.510+0000] {logging_mixin.py:188} INFO - [2025-10-02T22:50:38.510+0000] {dagbag.py:545} INFO - Filling up the DagBag from /home/airflow/.local/lib/python3.12/site-packages/airflow/example_dags/example_skip_dag.py
[2025-10-02T22:50:38.524+0000] {processor.py:840} INFO - DAG(s) 'example_skip_dag' retrieved from /home/airflow/.local/lib/python3.12/site-packages/airflow/example_dags/example_skip_dag.py
[2025-10-02T22:50:38.719+0000] {logging_mixin.py:188} INFO - [2025-10-02T22:50:38.718+0000] {override.py:1829} INFO - Created Permission View: can delete on DAG:example_skip_dag
[2025-10-02T22:50:38.735+0000] {logging_mixin.py:188} INFO - [2025-10-02T22:50:38.734+0000] {override.py:1829} INFO - Created Permission View: can edit on DAG:example_skip_dag
[2025-10-02T22:50:38.746+0000] {logging_mixin.py:188} INFO - [2025-10-02T22:50:38.745+0000] {override.py:1829} INFO - Created Permission View: can read on DAG:example_skip_dag
[2025-10-02T22:50:38.747+0000] {logging_mixin.py:188} INFO - [2025-10-02T22:50:38.747+0000] {dag.py:3096} INFO - Sync 1 DAGs
[2025-10-02T22:50:38.771+0000] {logging_mixin.py:188} INFO - [2025-10-02T22:50:38.771+0000] {dag.py:3118} INFO - Creating ORM DAG for example_skip_dag
[2025-10-02T22:50:38.800+0000] {logging_mixin.py:188} INFO - [2025-10-02T22:50:38.800+0000] {dag.py:3954} INFO - Setting next_dagrun for example_skip_dag to 2025-10-01 00:00:00+00:00, run_after=2025-10-02 00:00:00+00:00
[2025-10-02T22:50:38.824+0000] {processor.py:183} INFO - Processing /home/airflow/.local/lib/python3.12/site-packages/airflow/example_dags/example_skip_dag.py took 0.329 seconds
[2025-10-02T22:51:50.525+0000] {processor.py:161} INFO - Started process (PID=49) to work on /home/airflow/.local/lib/python3.12/site-packages/airflow/example_dags/example_skip_dag.py
[2025-10-02T22:51:50.527+0000] {processor.py:830} INFO - Processing file /home/airflow/.local/lib/python3.12/site-packages/airflow/example_dags/example_skip_dag.py for tasks to queue
[2025-10-02T22:51:50.533+0000] {logging_mixin.py:188} INFO - [2025-10-02T22:51:50.532+0000] {dagbag.py:545} INFO - Filling up the DagBag from /home/airflow/.local/lib/python3.12/site-packages/airflow/example_dags/example_skip_dag.py
[2025-10-02T22:51:50.556+0000] {processor.py:840} INFO - DAG(s) 'example_skip_dag' retrieved from /home/airflow/.local/lib/python3.12/site-packages/airflow/example_dags/example_skip_dag.py
[2025-10-02T22:51:50.577+0000] {logging_mixin.py:188} INFO - [2025-10-02T22:51:50.576+0000] {dag.py:3096} INFO - Sync 1 DAGs
[2025-10-02T22:51:50.625+0000] {logging_mixin.py:188} INFO - [2025-10-02T22:51:50.625+0000] {dag.py:3954} INFO - Setting next_dagrun for example_skip_dag to 2025-10-01 00:00:00+00:00, run_after=2025-10-02 00:00:00+00:00
[2025-10-02T22:51:50.665+0000] {processor.py:183} INFO - Processing /home/airflow/.local/lib/python3.12/site-packages/airflow/example_dags/example_skip_dag.py took 0.162 seconds
[2025-10-02T22:52:21.235+0000] {processor.py:161} INFO - Started process (PID=102) to work on /home/airflow/.local/lib/python3.12/site-packages/airflow/example_dags/example_skip_dag.py
[2025-10-02T22:52:21.237+0000] {processor.py:830} INFO - Processing file /home/airflow/.local/lib/python3.12/site-packages/airflow/example_dags/example_skip_dag.py for tasks to queue
[2025-10-02T22:52:21.241+0000] {logging_mixin.py:188} INFO - [2025-10-02T22:52:21.240+0000] {dagbag.py:545} INFO - Filling up the DagBag from /home/airflow/.local/lib/python3.12/site-packages/airflow/example_dags/example_skip_dag.py
[2025-10-02T22:52:21.255+0000] {processor.py:840} INFO - DAG(s) 'example_skip_dag' retrieved from /home/airflow/.local/lib/python3.12/site-packages/airflow/example_dags/example_skip_dag.py
[2025-10-02T22:52:21.279+0000] {logging_mixin.py:188} INFO - [2025-10-02T22:52:21.278+0000] {dag.py:3096} INFO - Sync 1 DAGs
[2025-10-02T22:52:21.342+0000] {logging_mixin.py:188} INFO - [2025-10-02T22:52:21.342+0000] {dag.py:3954} INFO - Setting next_dagrun for example_skip_dag to 2025-10-01 00:00:00+00:00, run_after=2025-10-02 00:00:00+00:00
[2025-10-02T22:52:21.389+0000] {processor.py:183} INFO - Processing /home/airflow/.local/lib/python3.12/site-packages/airflow/example_dags/example_skip_dag.py took 0.167 seconds
[2025-10-02T22:52:51.913+0000] {processor.py:161} INFO - Started process (PID=155) to work on /home/airflow/.local/lib/python3.12/site-packages/airflow/example_dags/example_skip_dag.py
[2025-10-02T22:52:51.914+0000] {processor.py:830} INFO - Processing file /home/airflow/.local/lib/python3.12/site-packages/airflow/example_dags/example_skip_dag.py for tasks to queue
[2025-10-02T22:52:51.917+0000] {logging_mixin.py:188} INFO - [2025-10-02T22:52:51.917+0000] {dagbag.py:545} INFO - Filling up the DagBag from /home/airflow/.local/lib/python3.12/site-packages/airflow/example_dags/example_skip_dag.py
[2025-10-02T22:52:51.926+0000] {processor.py:840} INFO - DAG(s) 'example_skip_dag' retrieved from /home/airflow/.local/lib/python3.12/site-packages/airflow/example_dags/example_skip_dag.py
[2025-10-02T22:52:52.076+0000] {logging_mixin.py:188} INFO - [2025-10-02T22:52:52.076+0000] {dag.py:3096} INFO - Sync 1 DAGs
[2025-10-02T22:52:52.100+0000] {logging_mixin.py:188} INFO - [2025-10-02T22:52:52.100+0000] {dag.py:3954} INFO - Setting next_dagrun for example_skip_dag to 2025-10-01 00:00:00+00:00, run_after=2025-10-02 00:00:00+00:00
[2025-10-02T22:52:52.123+0000] {processor.py:183} INFO - Processing /home/airflow/.local/lib/python3.12/site-packages/airflow/example_dags/example_skip_dag.py took 0.220 seconds
[2025-10-02T22:53:22.730+0000] {processor.py:161} INFO - Started process (PID=209) to work on /home/airflow/.local/lib/python3.12/site-packages/airflow/example_dags/example_skip_dag.py
[2025-10-02T22:53:22.731+0000] {processor.py:830} INFO - Processing file /home/airflow/.local/lib/python3.12/site-packages/airflow/example_dags/example_skip_dag.py for tasks to queue
[2025-10-02T22:53:22.735+0000] {logging_mixin.py:188} INFO - [2025-10-02T22:53:22.734+0000] {dagbag.py:545} INFO - Filling up the DagBag from /home/airflow/.local/lib/python3.12/site-packages/airflow/example_dags/example_skip_dag.py
[2025-10-02T22:53:22.747+0000] {processor.py:840} INFO - DAG(s) 'example_skip_dag' retrieved from /home/airflow/.local/lib/python3.12/site-packages/airflow/example_dags/example_skip_dag.py
[2025-10-02T22:53:22.794+0000] {logging_mixin.py:188} INFO - [2025-10-02T22:53:22.794+0000] {dag.py:3096} INFO - Sync 1 DAGs
[2025-10-02T22:53:22.839+0000] {logging_mixin.py:188} INFO - [2025-10-02T22:53:22.838+0000] {dag.py:3954} INFO - Setting next_dagrun for example_skip_dag to 2025-10-01 00:00:00+00:00, run_after=2025-10-02 00:00:00+00:00
[2025-10-02T22:53:22.867+0000] {processor.py:183} INFO - Processing /home/airflow/.local/lib/python3.12/site-packages/airflow/example_dags/example_skip_dag.py took 0.147 seconds
[2025-10-02T22:53:54.228+0000] {processor.py:161} INFO - Started process (PID=262) to work on /home/airflow/.local/lib/python3.12/site-packages/airflow/example_dags/example_skip_dag.py
[2025-10-02T22:53:54.229+0000] {processor.py:830} INFO - Processing file /home/airflow/.local/lib/python3.12/site-packages/airflow/example_dags/example_skip_dag.py for tasks to queue
[2025-10-02T22:53:54.232+0000] {logging_mixin.py:188} INFO - [2025-10-02T22:53:54.232+0000] {dagbag.py:545} INFO - Filling up the DagBag from /home/airflow/.local/lib/python3.12/site-packages/airflow/example_dags/example_skip_dag.py
[2025-10-02T22:53:54.241+0000] {processor.py:840} INFO - DAG(s) 'example_skip_dag' retrieved from /home/airflow/.local/lib/python3.12/site-packages/airflow/example_dags/example_skip_dag.py
[2025-10-02T22:53:54.257+0000] {logging_mixin.py:188} INFO - [2025-10-02T22:53:54.257+0000] {dag.py:3096} INFO - Sync 1 DAGs
[2025-10-02T22:53:54.288+0000] {logging_mixin.py:188} INFO - [2025-10-02T22:53:54.288+0000] {dag.py:3954} INFO - Setting next_dagrun for example_skip_dag to 2025-10-01 00:00:00+00:00, run_after=2025-10-02 00:00:00+00:00
[2025-10-02T22:53:54.311+0000] {processor.py:183} INFO - Processing /home/airflow/.local/lib/python3.12/site-packages/airflow/example_dags/example_skip_dag.py took 0.096 seconds
[2025-10-02T22:54:25.197+0000] {processor.py:161} INFO - Started process (PID=315) to work on /home/airflow/.local/lib/python3.12/site-packages/airflow/example_dags/example_skip_dag.py
[2025-10-02T22:54:25.199+0000] {processor.py:830} INFO - Processing file /home/airflow/.local/lib/python3.12/site-packages/airflow/example_dags/example_skip_dag.py for tasks to queue
[2025-10-02T22:54:25.203+0000] {logging_mixin.py:188} INFO - [2025-10-02T22:54:25.202+0000] {dagbag.py:545} INFO - Filling up the DagBag from /home/airflow/.local/lib/python3.12/site-packages/airflow/example_dags/example_skip_dag.py
[2025-10-02T22:54:25.216+0000] {processor.py:840} INFO - DAG(s) 'example_skip_dag' retrieved from /home/airflow/.local/lib/python3.12/site-packages/airflow/example_dags/example_skip_dag.py
[2025-10-02T22:54:25.416+0000] {logging_mixin.py:188} INFO - [2025-10-02T22:54:25.415+0000] {dag.py:3096} INFO - Sync 1 DAGs
[2025-10-02T22:54:25.445+0000] {logging_mixin.py:188} INFO - [2025-10-02T22:54:25.445+0000] {dag.py:3954} INFO - Setting next_dagrun for example_skip_dag to 2025-10-01 00:00:00+00:00, run_after=2025-10-02 00:00:00+00:00
[2025-10-02T22:54:25.477+0000] {processor.py:183} INFO - Processing /home/airflow/.local/lib/python3.12/site-packages/airflow/example_dags/example_skip_dag.py took 0.292 seconds
[2025-10-02T22:54:55.579+0000] {processor.py:161} INFO - Started process (PID=368) to work on /home/airflow/.local/lib/python3.12/site-packages/airflow/example_dags/example_skip_dag.py
[2025-10-02T22:54:55.581+0000] {processor.py:830} INFO - Processing file /home/airflow/.local/lib/python3.12/site-packages/airflow/example_dags/example_skip_dag.py for tasks to queue
[2025-10-02T22:54:55.583+0000] {logging_mixin.py:188} INFO - [2025-10-02T22:54:55.583+0000] {dagbag.py:545} INFO - Filling up the DagBag from /home/airflow/.local/lib/python3.12/site-packages/airflow/example_dags/example_skip_dag.py
[2025-10-02T22:54:55.592+0000] {processor.py:840} INFO - DAG(s) 'example_skip_dag' retrieved from /home/airflow/.local/lib/python3.12/site-packages/airflow/example_dags/example_skip_dag.py
[2025-10-02T22:54:55.622+0000] {logging_mixin.py:188} INFO - [2025-10-02T22:54:55.621+0000] {dag.py:3096} INFO - Sync 1 DAGs
[2025-10-02T22:54:55.668+0000] {logging_mixin.py:188} INFO - [2025-10-02T22:54:55.667+0000] {dag.py:3954} INFO - Setting next_dagrun for example_skip_dag to 2025-10-01 00:00:00+00:00, run_after=2025-10-02 00:00:00+00:00
[2025-10-02T22:54:55.693+0000] {processor.py:183} INFO - Processing /home/airflow/.local/lib/python3.12/site-packages/airflow/example_dags/example_skip_dag.py took 0.122 seconds
[2025-10-02T22:55:26.392+0000] {processor.py:161} INFO - Started process (PID=421) to work on /home/airflow/.local/lib/python3.12/site-packages/airflow/example_dags/example_skip_dag.py
[2025-10-02T22:55:26.396+0000] {processor.py:830} INFO - Processing file /home/airflow/.local/lib/python3.12/site-packages/airflow/example_dags/example_skip_dag.py for tasks to queue
[2025-10-02T22:55:26.406+0000] {logging_mixin.py:188} INFO - [2025-10-02T22:55:26.406+0000] {dagbag.py:545} INFO - Filling up the DagBag from /home/airflow/.local/lib/python3.12/site-packages/airflow/example_dags/example_skip_dag.py
[2025-10-02T22:55:26.421+0000] {processor.py:840} INFO - DAG(s) 'example_skip_dag' retrieved from /home/airflow/.local/lib/python3.12/site-packages/airflow/example_dags/example_skip_dag.py
[2025-10-02T22:55:26.486+0000] {logging_mixin.py:188} INFO - [2025-10-02T22:55:26.485+0000] {dag.py:3096} INFO - Sync 1 DAGs
[2025-10-02T22:55:26.542+0000] {logging_mixin.py:188} INFO - [2025-10-02T22:55:26.541+0000] {dag.py:3954} INFO - Setting next_dagrun for example_skip_dag to 2025-10-01 00:00:00+00:00, run_after=2025-10-02 00:00:00+00:00
[2025-10-02T22:55:26.582+0000] {processor.py:183} INFO - Processing /home/airflow/.local/lib/python3.12/site-packages/airflow/example_dags/example_skip_dag.py took 0.206 seconds
[2025-10-02T22:55:57.086+0000] {processor.py:161} INFO - Started process (PID=479) to work on /home/airflow/.local/lib/python3.12/site-packages/airflow/example_dags/example_skip_dag.py
[2025-10-02T22:55:57.088+0000] {processor.py:830} INFO - Processing file /home/airflow/.local/lib/python3.12/site-packages/airflow/example_dags/example_skip_dag.py for tasks to queue
[2025-10-02T22:55:57.092+0000] {logging_mixin.py:188} INFO - [2025-10-02T22:55:57.091+0000] {dagbag.py:545} INFO - Filling up the DagBag from /home/airflow/.local/lib/python3.12/site-packages/airflow/example_dags/example_skip_dag.py
[2025-10-02T22:55:57.109+0000] {processor.py:840} INFO - DAG(s) 'example_skip_dag' retrieved from /home/airflow/.local/lib/python3.12/site-packages/airflow/example_dags/example_skip_dag.py
[2025-10-02T22:55:57.152+0000] {logging_mixin.py:188} INFO - [2025-10-02T22:55:57.151+0000] {dag.py:3096} INFO - Sync 1 DAGs
[2025-10-02T22:55:57.201+0000] {logging_mixin.py:188} INFO - [2025-10-02T22:55:57.201+0000] {dag.py:3954} INFO - Setting next_dagrun for example_skip_dag to 2025-10-01 00:00:00+00:00, run_after=2025-10-02 00:00:00+00:00
[2025-10-02T22:55:57.228+0000] {processor.py:183} INFO - Processing /home/airflow/.local/lib/python3.12/site-packages/airflow/example_dags/example_skip_dag.py took 0.157 seconds
[2025-10-02T22:56:27.462+0000] {processor.py:161} INFO - Started process (PID=532) to work on /home/airflow/.local/lib/python3.12/site-packages/airflow/example_dags/example_skip_dag.py
[2025-10-02T22:56:27.463+0000] {processor.py:830} INFO - Processing file /home/airflow/.local/lib/python3.12/site-packages/airflow/example_dags/example_skip_dag.py for tasks to queue
[2025-10-02T22:56:27.467+0000] {logging_mixin.py:188} INFO - [2025-10-02T22:56:27.466+0000] {dagbag.py:545} INFO - Filling up the DagBag from /home/airflow/.local/lib/python3.12/site-packages/airflow/example_dags/example_skip_dag.py
[2025-10-02T22:56:27.475+0000] {processor.py:840} INFO - DAG(s) 'example_skip_dag' retrieved from /home/airflow/.local/lib/python3.12/site-packages/airflow/example_dags/example_skip_dag.py
[2025-10-02T22:56:27.507+0000] {logging_mixin.py:188} INFO - [2025-10-02T22:56:27.506+0000] {dag.py:3096} INFO - Sync 1 DAGs
[2025-10-02T22:56:27.534+0000] {logging_mixin.py:188} INFO - [2025-10-02T22:56:27.534+0000] {dag.py:3954} INFO - Setting next_dagrun for example_skip_dag to 2025-10-01 00:00:00+00:00, run_after=2025-10-02 00:00:00+00:00
[2025-10-02T22:56:27.560+0000] {processor.py:183} INFO - Processing /home/airflow/.local/lib/python3.12/site-packages/airflow/example_dags/example_skip_dag.py took 0.106 seconds
[2025-10-02T22:56:57.689+0000] {processor.py:161} INFO - Started process (PID=585) to work on /home/airflow/.local/lib/python3.12/site-packages/airflow/example_dags/example_skip_dag.py
[2025-10-02T22:56:57.690+0000] {processor.py:830} INFO - Processing file /home/airflow/.local/lib/python3.12/site-packages/airflow/example_dags/example_skip_dag.py for tasks to queue
[2025-10-02T22:56:57.693+0000] {logging_mixin.py:188} INFO - [2025-10-02T22:56:57.692+0000] {dagbag.py:545} INFO - Filling up the DagBag from /home/airflow/.local/lib/python3.12/site-packages/airflow/example_dags/example_skip_dag.py
[2025-10-02T22:56:57.701+0000] {processor.py:840} INFO - DAG(s) 'example_skip_dag' retrieved from /home/airflow/.local/lib/python3.12/site-packages/airflow/example_dags/example_skip_dag.py
[2025-10-02T22:56:57.728+0000] {logging_mixin.py:188} INFO - [2025-10-02T22:56:57.728+0000] {dag.py:3096} INFO - Sync 1 DAGs
[2025-10-02T22:56:57.755+0000] {logging_mixin.py:188} INFO - [2025-10-02T22:56:57.755+0000] {dag.py:3954} INFO - Setting next_dagrun for example_skip_dag to 2025-10-01 00:00:00+00:00, run_after=2025-10-02 00:00:00+00:00
[2025-10-02T22:56:57.778+0000] {processor.py:183} INFO - Processing /home/airflow/.local/lib/python3.12/site-packages/airflow/example_dags/example_skip_dag.py took 0.096 seconds
[2025-10-02T22:57:28.341+0000] {processor.py:161} INFO - Started process (PID=639) to work on /home/airflow/.local/lib/python3.12/site-packages/airflow/example_dags/example_skip_dag.py
[2025-10-02T22:57:28.343+0000] {processor.py:830} INFO - Processing file /home/airflow/.local/lib/python3.12/site-packages/airflow/example_dags/example_skip_dag.py for tasks to queue
[2025-10-02T22:57:28.346+0000] {logging_mixin.py:188} INFO - [2025-10-02T22:57:28.345+0000] {dagbag.py:545} INFO - Filling up the DagBag from /home/airflow/.local/lib/python3.12/site-packages/airflow/example_dags/example_skip_dag.py
[2025-10-02T22:57:28.357+0000] {processor.py:840} INFO - DAG(s) 'example_skip_dag' retrieved from /home/airflow/.local/lib/python3.12/site-packages/airflow/example_dags/example_skip_dag.py
[2025-10-02T22:57:28.391+0000] {logging_mixin.py:188} INFO - [2025-10-02T22:57:28.391+0000] {dag.py:3096} INFO - Sync 1 DAGs
[2025-10-02T22:57:28.424+0000] {logging_mixin.py:188} INFO - [2025-10-02T22:57:28.423+0000] {dag.py:3954} INFO - Setting next_dagrun for example_skip_dag to 2025-10-01 00:00:00+00:00, run_after=2025-10-02 00:00:00+00:00
[2025-10-02T22:57:28.451+0000] {processor.py:183} INFO - Processing /home/airflow/.local/lib/python3.12/site-packages/airflow/example_dags/example_skip_dag.py took 0.122 seconds
[2025-10-02T22:57:59.290+0000] {processor.py:161} INFO - Started process (PID=692) to work on /home/airflow/.local/lib/python3.12/site-packages/airflow/example_dags/example_skip_dag.py
[2025-10-02T22:57:59.291+0000] {processor.py:830} INFO - Processing file /home/airflow/.local/lib/python3.12/site-packages/airflow/example_dags/example_skip_dag.py for tasks to queue
[2025-10-02T22:57:59.294+0000] {logging_mixin.py:188} INFO - [2025-10-02T22:57:59.294+0000] {dagbag.py:545} INFO - Filling up the DagBag from /home/airflow/.local/lib/python3.12/site-packages/airflow/example_dags/example_skip_dag.py
[2025-10-02T22:57:59.304+0000] {processor.py:840} INFO - DAG(s) 'example_skip_dag' retrieved from /home/airflow/.local/lib/python3.12/site-packages/airflow/example_dags/example_skip_dag.py
[2025-10-02T22:57:59.322+0000] {logging_mixin.py:188} INFO - [2025-10-02T22:57:59.322+0000] {dag.py:3096} INFO - Sync 1 DAGs
[2025-10-02T22:57:59.350+0000] {logging_mixin.py:188} INFO - [2025-10-02T22:57:59.349+0000] {dag.py:3954} INFO - Setting next_dagrun for example_skip_dag to 2025-10-01 00:00:00+00:00, run_after=2025-10-02 00:00:00+00:00
[2025-10-02T22:57:59.372+0000] {processor.py:183} INFO - Processing /home/airflow/.local/lib/python3.12/site-packages/airflow/example_dags/example_skip_dag.py took 0.091 seconds
[2025-10-02T22:58:30.359+0000] {processor.py:161} INFO - Started process (PID=745) to work on /home/airflow/.local/lib/python3.12/site-packages/airflow/example_dags/example_skip_dag.py
[2025-10-02T22:58:30.361+0000] {processor.py:830} INFO - Processing file /home/airflow/.local/lib/python3.12/site-packages/airflow/example_dags/example_skip_dag.py for tasks to queue
[2025-10-02T22:58:30.364+0000] {logging_mixin.py:188} INFO - [2025-10-02T22:58:30.364+0000] {dagbag.py:545} INFO - Filling up the DagBag from /home/airflow/.local/lib/python3.12/site-packages/airflow/example_dags/example_skip_dag.py
[2025-10-02T22:58:30.379+0000] {processor.py:840} INFO - DAG(s) 'example_skip_dag' retrieved from /home/airflow/.local/lib/python3.12/site-packages/airflow/example_dags/example_skip_dag.py
[2025-10-02T22:58:30.521+0000] {logging_mixin.py:188} INFO - [2025-10-02T22:58:30.521+0000] {dag.py:3096} INFO - Sync 1 DAGs
[2025-10-02T22:58:30.555+0000] {logging_mixin.py:188} INFO - [2025-10-02T22:58:30.555+0000] {dag.py:3954} INFO - Setting next_dagrun for example_skip_dag to 2025-10-01 00:00:00+00:00, run_after=2025-10-02 00:00:00+00:00
[2025-10-02T22:58:30.582+0000] {processor.py:183} INFO - Processing /home/airflow/.local/lib/python3.12/site-packages/airflow/example_dags/example_skip_dag.py took 0.231 seconds
[2025-10-02T22:59:00.687+0000] {processor.py:161} INFO - Started process (PID=798) to work on /home/airflow/.local/lib/python3.12/site-packages/airflow/example_dags/example_skip_dag.py
[2025-10-02T22:59:00.693+0000] {processor.py:830} INFO - Processing file /home/airflow/.local/lib/python3.12/site-packages/airflow/example_dags/example_skip_dag.py for tasks to queue
[2025-10-02T22:59:00.698+0000] {logging_mixin.py:188} INFO - [2025-10-02T22:59:00.697+0000] {dagbag.py:545} INFO - Filling up the DagBag from /home/airflow/.local/lib/python3.12/site-packages/airflow/example_dags/example_skip_dag.py
[2025-10-02T22:59:00.715+0000] {processor.py:840} INFO - DAG(s) 'example_skip_dag' retrieved from /home/airflow/.local/lib/python3.12/site-packages/airflow/example_dags/example_skip_dag.py
[2025-10-02T22:59:00.748+0000] {logging_mixin.py:188} INFO - [2025-10-02T22:59:00.747+0000] {dag.py:3096} INFO - Sync 1 DAGs
[2025-10-02T22:59:00.772+0000] {logging_mixin.py:188} INFO - [2025-10-02T22:59:00.772+0000] {dag.py:3954} INFO - Setting next_dagrun for example_skip_dag to 2025-10-01 00:00:00+00:00, run_after=2025-10-02 00:00:00+00:00
[2025-10-02T22:59:00.796+0000] {processor.py:183} INFO - Processing /home/airflow/.local/lib/python3.12/site-packages/airflow/example_dags/example_skip_dag.py took 0.123 seconds
[2025-10-02T22:59:31.329+0000] {processor.py:161} INFO - Started process (PID=851) to work on /home/airflow/.local/lib/python3.12/site-packages/airflow/example_dags/example_skip_dag.py
[2025-10-02T22:59:31.331+0000] {processor.py:830} INFO - Processing file /home/airflow/.local/lib/python3.12/site-packages/airflow/example_dags/example_skip_dag.py for tasks to queue
[2025-10-02T22:59:31.333+0000] {logging_mixin.py:188} INFO - [2025-10-02T22:59:31.333+0000] {dagbag.py:545} INFO - Filling up the DagBag from /home/airflow/.local/lib/python3.12/site-packages/airflow/example_dags/example_skip_dag.py
[2025-10-02T22:59:31.343+0000] {processor.py:840} INFO - DAG(s) 'example_skip_dag' retrieved from /home/airflow/.local/lib/python3.12/site-packages/airflow/example_dags/example_skip_dag.py
[2025-10-02T22:59:31.372+0000] {logging_mixin.py:188} INFO - [2025-10-02T22:59:31.371+0000] {dag.py:3096} INFO - Sync 1 DAGs
[2025-10-02T22:59:31.404+0000] {logging_mixin.py:188} INFO - [2025-10-02T22:59:31.404+0000] {dag.py:3954} INFO - Setting next_dagrun for example_skip_dag to 2025-10-01 00:00:00+00:00, run_after=2025-10-02 00:00:00+00:00
[2025-10-02T22:59:31.430+0000] {processor.py:183} INFO - Processing /home/airflow/.local/lib/python3.12/site-packages/airflow/example_dags/example_skip_dag.py took 0.109 seconds
[2025-10-02T23:00:01.883+0000] {processor.py:161} INFO - Started process (PID=904) to work on /home/airflow/.local/lib/python3.12/site-packages/airflow/example_dags/example_skip_dag.py
[2025-10-02T23:00:01.885+0000] {processor.py:830} INFO - Processing file /home/airflow/.local/lib/python3.12/site-packages/airflow/example_dags/example_skip_dag.py for tasks to queue
[2025-10-02T23:00:01.889+0000] {logging_mixin.py:188} INFO - [2025-10-02T23:00:01.888+0000] {dagbag.py:545} INFO - Filling up the DagBag from /home/airflow/.local/lib/python3.12/site-packages/airflow/example_dags/example_skip_dag.py
[2025-10-02T23:00:01.900+0000] {processor.py:840} INFO - DAG(s) 'example_skip_dag' retrieved from /home/airflow/.local/lib/python3.12/site-packages/airflow/example_dags/example_skip_dag.py
[2025-10-02T23:00:01.929+0000] {logging_mixin.py:188} INFO - [2025-10-02T23:00:01.929+0000] {dag.py:3096} INFO - Sync 1 DAGs
[2025-10-02T23:00:01.960+0000] {logging_mixin.py:188} INFO - [2025-10-02T23:00:01.959+0000] {dag.py:3954} INFO - Setting next_dagrun for example_skip_dag to 2025-10-01 00:00:00+00:00, run_after=2025-10-02 00:00:00+00:00
[2025-10-02T23:00:01.994+0000] {processor.py:183} INFO - Processing /home/airflow/.local/lib/python3.12/site-packages/airflow/example_dags/example_skip_dag.py took 0.122 seconds
[2025-10-02T23:00:32.272+0000] {processor.py:161} INFO - Started process (PID=957) to work on /home/airflow/.local/lib/python3.12/site-packages/airflow/example_dags/example_skip_dag.py
[2025-10-02T23:00:32.274+0000] {processor.py:830} INFO - Processing file /home/airflow/.local/lib/python3.12/site-packages/airflow/example_dags/example_skip_dag.py for tasks to queue
[2025-10-02T23:00:32.277+0000] {logging_mixin.py:188} INFO - [2025-10-02T23:00:32.277+0000] {dagbag.py:545} INFO - Filling up the DagBag from /home/airflow/.local/lib/python3.12/site-packages/airflow/example_dags/example_skip_dag.py
[2025-10-02T23:00:32.287+0000] {processor.py:840} INFO - DAG(s) 'example_skip_dag' retrieved from /home/airflow/.local/lib/python3.12/site-packages/airflow/example_dags/example_skip_dag.py
[2025-10-02T23:00:32.318+0000] {logging_mixin.py:188} INFO - [2025-10-02T23:00:32.318+0000] {dag.py:3096} INFO - Sync 1 DAGs
[2025-10-02T23:00:32.348+0000] {logging_mixin.py:188} INFO - [2025-10-02T23:00:32.348+0000] {dag.py:3954} INFO - Setting next_dagrun for example_skip_dag to 2025-10-01 00:00:00+00:00, run_after=2025-10-02 00:00:00+00:00
[2025-10-02T23:00:32.374+0000] {processor.py:183} INFO - Processing /home/airflow/.local/lib/python3.12/site-packages/airflow/example_dags/example_skip_dag.py took 0.112 seconds
[2025-10-02T23:01:02.506+0000] {processor.py:161} INFO - Started process (PID=1010) to work on /home/airflow/.local/lib/python3.12/site-packages/airflow/example_dags/example_skip_dag.py
[2025-10-02T23:01:02.508+0000] {processor.py:830} INFO - Processing file /home/airflow/.local/lib/python3.12/site-packages/airflow/example_dags/example_skip_dag.py for tasks to queue
[2025-10-02T23:01:02.513+0000] {logging_mixin.py:188} INFO - [2025-10-02T23:01:02.513+0000] {dagbag.py:545} INFO - Filling up the DagBag from /home/airflow/.local/lib/python3.12/site-packages/airflow/example_dags/example_skip_dag.py
[2025-10-02T23:01:02.525+0000] {processor.py:840} INFO - DAG(s) 'example_skip_dag' retrieved from /home/airflow/.local/lib/python3.12/site-packages/airflow/example_dags/example_skip_dag.py
[2025-10-02T23:01:02.560+0000] {logging_mixin.py:188} INFO - [2025-10-02T23:01:02.559+0000] {dag.py:3096} INFO - Sync 1 DAGs
[2025-10-02T23:01:02.596+0000] {logging_mixin.py:188} INFO - [2025-10-02T23:01:02.595+0000] {dag.py:3954} INFO - Setting next_dagrun for example_skip_dag to 2025-10-01 00:00:00+00:00, run_after=2025-10-02 00:00:00+00:00
[2025-10-02T23:01:02.620+0000] {processor.py:183} INFO - Processing /home/airflow/.local/lib/python3.12/site-packages/airflow/example_dags/example_skip_dag.py took 0.123 seconds
[2025-10-02T23:01:32.742+0000] {processor.py:161} INFO - Started process (PID=1062) to work on /home/airflow/.local/lib/python3.12/site-packages/airflow/example_dags/example_skip_dag.py
[2025-10-02T23:01:32.744+0000] {processor.py:830} INFO - Processing file /home/airflow/.local/lib/python3.12/site-packages/airflow/example_dags/example_skip_dag.py for tasks to queue
[2025-10-02T23:01:32.749+0000] {logging_mixin.py:188} INFO - [2025-10-02T23:01:32.748+0000] {dagbag.py:545} INFO - Filling up the DagBag from /home/airflow/.local/lib/python3.12/site-packages/airflow/example_dags/example_skip_dag.py
[2025-10-02T23:01:32.759+0000] {processor.py:840} INFO - DAG(s) 'example_skip_dag' retrieved from /home/airflow/.local/lib/python3.12/site-packages/airflow/example_dags/example_skip_dag.py
[2025-10-02T23:01:32.791+0000] {logging_mixin.py:188} INFO - [2025-10-02T23:01:32.791+0000] {dag.py:3096} INFO - Sync 1 DAGs
[2025-10-02T23:01:32.821+0000] {logging_mixin.py:188} INFO - [2025-10-02T23:01:32.821+0000] {dag.py:3954} INFO - Setting next_dagrun for example_skip_dag to 2025-10-01 00:00:00+00:00, run_after=2025-10-02 00:00:00+00:00
[2025-10-02T23:01:32.846+0000] {processor.py:183} INFO - Processing /home/airflow/.local/lib/python3.12/site-packages/airflow/example_dags/example_skip_dag.py took 0.115 seconds
[2025-10-02T23:02:03.391+0000] {processor.py:161} INFO - Started process (PID=1115) to work on /home/airflow/.local/lib/python3.12/site-packages/airflow/example_dags/example_skip_dag.py
[2025-10-02T23:02:03.393+0000] {processor.py:830} INFO - Processing file /home/airflow/.local/lib/python3.12/site-packages/airflow/example_dags/example_skip_dag.py for tasks to queue
[2025-10-02T23:02:03.398+0000] {logging_mixin.py:188} INFO - [2025-10-02T23:02:03.397+0000] {dagbag.py:545} INFO - Filling up the DagBag from /home/airflow/.local/lib/python3.12/site-packages/airflow/example_dags/example_skip_dag.py
[2025-10-02T23:02:03.410+0000] {processor.py:840} INFO - DAG(s) 'example_skip_dag' retrieved from /home/airflow/.local/lib/python3.12/site-packages/airflow/example_dags/example_skip_dag.py
[2025-10-02T23:02:03.443+0000] {logging_mixin.py:188} INFO - [2025-10-02T23:02:03.442+0000] {dag.py:3096} INFO - Sync 1 DAGs
[2025-10-02T23:02:03.476+0000] {logging_mixin.py:188} INFO - [2025-10-02T23:02:03.476+0000] {dag.py:3954} INFO - Setting next_dagrun for example_skip_dag to 2025-10-01 00:00:00+00:00, run_after=2025-10-02 00:00:00+00:00
[2025-10-02T23:02:03.498+0000] {processor.py:183} INFO - Processing /home/airflow/.local/lib/python3.12/site-packages/airflow/example_dags/example_skip_dag.py took 0.120 seconds
[2025-10-02T23:02:34.015+0000] {processor.py:161} INFO - Started process (PID=1168) to work on /home/airflow/.local/lib/python3.12/site-packages/airflow/example_dags/example_skip_dag.py
[2025-10-02T23:02:34.018+0000] {processor.py:830} INFO - Processing file /home/airflow/.local/lib/python3.12/site-packages/airflow/example_dags/example_skip_dag.py for tasks to queue
[2025-10-02T23:02:34.027+0000] {logging_mixin.py:188} INFO - [2025-10-02T23:02:34.027+0000] {dagbag.py:545} INFO - Filling up the DagBag from /home/airflow/.local/lib/python3.12/site-packages/airflow/example_dags/example_skip_dag.py
[2025-10-02T23:02:34.046+0000] {processor.py:840} INFO - DAG(s) 'example_skip_dag' retrieved from /home/airflow/.local/lib/python3.12/site-packages/airflow/example_dags/example_skip_dag.py
[2025-10-02T23:02:34.093+0000] {logging_mixin.py:188} INFO - [2025-10-02T23:02:34.093+0000] {dag.py:3096} INFO - Sync 1 DAGs
[2025-10-02T23:02:34.144+0000] {logging_mixin.py:188} INFO - [2025-10-02T23:02:34.144+0000] {dag.py:3954} INFO - Setting next_dagrun for example_skip_dag to 2025-10-01 00:00:00+00:00, run_after=2025-10-02 00:00:00+00:00
[2025-10-02T23:02:34.172+0000] {processor.py:183} INFO - Processing /home/airflow/.local/lib/python3.12/site-packages/airflow/example_dags/example_skip_dag.py took 0.176 seconds
[2025-10-02T23:03:04.437+0000] {processor.py:161} INFO - Started process (PID=1221) to work on /home/airflow/.local/lib/python3.12/site-packages/airflow/example_dags/example_skip_dag.py
[2025-10-02T23:03:04.439+0000] {processor.py:830} INFO - Processing file /home/airflow/.local/lib/python3.12/site-packages/airflow/example_dags/example_skip_dag.py for tasks to queue
[2025-10-02T23:03:04.442+0000] {logging_mixin.py:188} INFO - [2025-10-02T23:03:04.441+0000] {dagbag.py:545} INFO - Filling up the DagBag from /home/airflow/.local/lib/python3.12/site-packages/airflow/example_dags/example_skip_dag.py
[2025-10-02T23:03:04.452+0000] {processor.py:840} INFO - DAG(s) 'example_skip_dag' retrieved from /home/airflow/.local/lib/python3.12/site-packages/airflow/example_dags/example_skip_dag.py
[2025-10-02T23:03:04.490+0000] {logging_mixin.py:188} INFO - [2025-10-02T23:03:04.490+0000] {dag.py:3096} INFO - Sync 1 DAGs
[2025-10-02T23:03:04.522+0000] {logging_mixin.py:188} INFO - [2025-10-02T23:03:04.521+0000] {dag.py:3954} INFO - Setting next_dagrun for example_skip_dag to 2025-10-01 00:00:00+00:00, run_after=2025-10-02 00:00:00+00:00
[2025-10-02T23:03:04.549+0000] {processor.py:183} INFO - Processing /home/airflow/.local/lib/python3.12/site-packages/airflow/example_dags/example_skip_dag.py took 0.122 seconds
[2025-10-02T23:03:35.013+0000] {processor.py:161} INFO - Started process (PID=1274) to work on /home/airflow/.local/lib/python3.12/site-packages/airflow/example_dags/example_skip_dag.py
[2025-10-02T23:03:35.015+0000] {processor.py:830} INFO - Processing file /home/airflow/.local/lib/python3.12/site-packages/airflow/example_dags/example_skip_dag.py for tasks to queue
[2025-10-02T23:03:35.020+0000] {logging_mixin.py:188} INFO - [2025-10-02T23:03:35.020+0000] {dagbag.py:545} INFO - Filling up the DagBag from /home/airflow/.local/lib/python3.12/site-packages/airflow/example_dags/example_skip_dag.py
[2025-10-02T23:03:35.033+0000] {processor.py:840} INFO - DAG(s) 'example_skip_dag' retrieved from /home/airflow/.local/lib/python3.12/site-packages/airflow/example_dags/example_skip_dag.py
[2025-10-02T23:03:35.066+0000] {logging_mixin.py:188} INFO - [2025-10-02T23:03:35.065+0000] {dag.py:3096} INFO - Sync 1 DAGs
[2025-10-02T23:03:35.094+0000] {logging_mixin.py:188} INFO - [2025-10-02T23:03:35.094+0000] {dag.py:3954} INFO - Setting next_dagrun for example_skip_dag to 2025-10-01 00:00:00+00:00, run_after=2025-10-02 00:00:00+00:00
[2025-10-02T23:03:35.119+0000] {processor.py:183} INFO - Processing /home/airflow/.local/lib/python3.12/site-packages/airflow/example_dags/example_skip_dag.py took 0.118 seconds
[2025-10-02T23:04:06.257+0000] {processor.py:161} INFO - Started process (PID=1327) to work on /home/airflow/.local/lib/python3.12/site-packages/airflow/example_dags/example_skip_dag.py
[2025-10-02T23:04:06.259+0000] {processor.py:830} INFO - Processing file /home/airflow/.local/lib/python3.12/site-packages/airflow/example_dags/example_skip_dag.py for tasks to queue
[2025-10-02T23:04:06.263+0000] {logging_mixin.py:188} INFO - [2025-10-02T23:04:06.262+0000] {dagbag.py:545} INFO - Filling up the DagBag from /home/airflow/.local/lib/python3.12/site-packages/airflow/example_dags/example_skip_dag.py
[2025-10-02T23:04:06.274+0000] {processor.py:840} INFO - DAG(s) 'example_skip_dag' retrieved from /home/airflow/.local/lib/python3.12/site-packages/airflow/example_dags/example_skip_dag.py
[2025-10-02T23:04:06.304+0000] {logging_mixin.py:188} INFO - [2025-10-02T23:04:06.304+0000] {dag.py:3096} INFO - Sync 1 DAGs
[2025-10-02T23:04:06.330+0000] {logging_mixin.py:188} INFO - [2025-10-02T23:04:06.329+0000] {dag.py:3954} INFO - Setting next_dagrun for example_skip_dag to 2025-10-01 00:00:00+00:00, run_after=2025-10-02 00:00:00+00:00
[2025-10-02T23:04:06.371+0000] {processor.py:183} INFO - Processing /home/airflow/.local/lib/python3.12/site-packages/airflow/example_dags/example_skip_dag.py took 0.128 seconds
[2025-10-02T23:04:36.535+0000] {processor.py:161} INFO - Started process (PID=1380) to work on /home/airflow/.local/lib/python3.12/site-packages/airflow/example_dags/example_skip_dag.py
[2025-10-02T23:04:36.536+0000] {processor.py:830} INFO - Processing file /home/airflow/.local/lib/python3.12/site-packages/airflow/example_dags/example_skip_dag.py for tasks to queue
[2025-10-02T23:04:36.540+0000] {logging_mixin.py:188} INFO - [2025-10-02T23:04:36.539+0000] {dagbag.py:545} INFO - Filling up the DagBag from /home/airflow/.local/lib/python3.12/site-packages/airflow/example_dags/example_skip_dag.py
[2025-10-02T23:04:36.550+0000] {processor.py:840} INFO - DAG(s) 'example_skip_dag' retrieved from /home/airflow/.local/lib/python3.12/site-packages/airflow/example_dags/example_skip_dag.py
[2025-10-02T23:04:36.582+0000] {logging_mixin.py:188} INFO - [2025-10-02T23:04:36.581+0000] {dag.py:3096} INFO - Sync 1 DAGs
[2025-10-02T23:04:36.612+0000] {logging_mixin.py:188} INFO - [2025-10-02T23:04:36.611+0000] {dag.py:3954} INFO - Setting next_dagrun for example_skip_dag to 2025-10-01 00:00:00+00:00, run_after=2025-10-02 00:00:00+00:00
[2025-10-02T23:04:36.635+0000] {processor.py:183} INFO - Processing /home/airflow/.local/lib/python3.12/site-packages/airflow/example_dags/example_skip_dag.py took 0.111 seconds
[2025-10-02T23:05:07.017+0000] {processor.py:161} INFO - Started process (PID=1433) to work on /home/airflow/.local/lib/python3.12/site-packages/airflow/example_dags/example_skip_dag.py
[2025-10-02T23:05:07.019+0000] {processor.py:830} INFO - Processing file /home/airflow/.local/lib/python3.12/site-packages/airflow/example_dags/example_skip_dag.py for tasks to queue
[2025-10-02T23:05:07.022+0000] {logging_mixin.py:188} INFO - [2025-10-02T23:05:07.021+0000] {dagbag.py:545} INFO - Filling up the DagBag from /home/airflow/.local/lib/python3.12/site-packages/airflow/example_dags/example_skip_dag.py
[2025-10-02T23:05:07.037+0000] {processor.py:840} INFO - DAG(s) 'example_skip_dag' retrieved from /home/airflow/.local/lib/python3.12/site-packages/airflow/example_dags/example_skip_dag.py
[2025-10-02T23:05:07.068+0000] {logging_mixin.py:188} INFO - [2025-10-02T23:05:07.067+0000] {dag.py:3096} INFO - Sync 1 DAGs
[2025-10-02T23:05:07.097+0000] {logging_mixin.py:188} INFO - [2025-10-02T23:05:07.097+0000] {dag.py:3954} INFO - Setting next_dagrun for example_skip_dag to 2025-10-01 00:00:00+00:00, run_after=2025-10-02 00:00:00+00:00
[2025-10-02T23:05:07.125+0000] {processor.py:183} INFO - Processing /home/airflow/.local/lib/python3.12/site-packages/airflow/example_dags/example_skip_dag.py took 0.120 seconds
[2025-10-02T23:05:37.653+0000] {processor.py:161} INFO - Started process (PID=1486) to work on /home/airflow/.local/lib/python3.12/site-packages/airflow/example_dags/example_skip_dag.py
[2025-10-02T23:05:37.655+0000] {processor.py:830} INFO - Processing file /home/airflow/.local/lib/python3.12/site-packages/airflow/example_dags/example_skip_dag.py for tasks to queue
[2025-10-02T23:05:37.658+0000] {logging_mixin.py:188} INFO - [2025-10-02T23:05:37.657+0000] {dagbag.py:545} INFO - Filling up the DagBag from /home/airflow/.local/lib/python3.12/site-packages/airflow/example_dags/example_skip_dag.py
[2025-10-02T23:05:37.671+0000] {processor.py:840} INFO - DAG(s) 'example_skip_dag' retrieved from /home/airflow/.local/lib/python3.12/site-packages/airflow/example_dags/example_skip_dag.py
[2025-10-02T23:05:37.704+0000] {logging_mixin.py:188} INFO - [2025-10-02T23:05:37.704+0000] {dag.py:3096} INFO - Sync 1 DAGs
[2025-10-02T23:05:37.737+0000] {logging_mixin.py:188} INFO - [2025-10-02T23:05:37.737+0000] {dag.py:3954} INFO - Setting next_dagrun for example_skip_dag to 2025-10-01 00:00:00+00:00, run_after=2025-10-02 00:00:00+00:00
[2025-10-02T23:05:37.769+0000] {processor.py:183} INFO - Processing /home/airflow/.local/lib/python3.12/site-packages/airflow/example_dags/example_skip_dag.py took 0.128 seconds
[2025-10-02T23:06:08.422+0000] {processor.py:161} INFO - Started process (PID=1539) to work on /home/airflow/.local/lib/python3.12/site-packages/airflow/example_dags/example_skip_dag.py
[2025-10-02T23:06:08.424+0000] {processor.py:830} INFO - Processing file /home/airflow/.local/lib/python3.12/site-packages/airflow/example_dags/example_skip_dag.py for tasks to queue
[2025-10-02T23:06:08.428+0000] {logging_mixin.py:188} INFO - [2025-10-02T23:06:08.427+0000] {dagbag.py:545} INFO - Filling up the DagBag from /home/airflow/.local/lib/python3.12/site-packages/airflow/example_dags/example_skip_dag.py
[2025-10-02T23:06:08.439+0000] {processor.py:840} INFO - DAG(s) 'example_skip_dag' retrieved from /home/airflow/.local/lib/python3.12/site-packages/airflow/example_dags/example_skip_dag.py
[2025-10-02T23:06:08.474+0000] {logging_mixin.py:188} INFO - [2025-10-02T23:06:08.473+0000] {dag.py:3096} INFO - Sync 1 DAGs
[2025-10-02T23:06:08.510+0000] {logging_mixin.py:188} INFO - [2025-10-02T23:06:08.510+0000] {dag.py:3954} INFO - Setting next_dagrun for example_skip_dag to 2025-10-01 00:00:00+00:00, run_after=2025-10-02 00:00:00+00:00
[2025-10-02T23:06:08.536+0000] {processor.py:183} INFO - Processing /home/airflow/.local/lib/python3.12/site-packages/airflow/example_dags/example_skip_dag.py took 0.125 seconds
[2025-10-02T23:06:39.335+0000] {processor.py:161} INFO - Started process (PID=1592) to work on /home/airflow/.local/lib/python3.12/site-packages/airflow/example_dags/example_skip_dag.py
[2025-10-02T23:06:39.336+0000] {processor.py:830} INFO - Processing file /home/airflow/.local/lib/python3.12/site-packages/airflow/example_dags/example_skip_dag.py for tasks to queue
[2025-10-02T23:06:39.340+0000] {logging_mixin.py:188} INFO - [2025-10-02T23:06:39.339+0000] {dagbag.py:545} INFO - Filling up the DagBag from /home/airflow/.local/lib/python3.12/site-packages/airflow/example_dags/example_skip_dag.py
[2025-10-02T23:06:39.350+0000] {processor.py:840} INFO - DAG(s) 'example_skip_dag' retrieved from /home/airflow/.local/lib/python3.12/site-packages/airflow/example_dags/example_skip_dag.py
[2025-10-02T23:06:39.384+0000] {logging_mixin.py:188} INFO - [2025-10-02T23:06:39.384+0000] {dag.py:3096} INFO - Sync 1 DAGs
[2025-10-02T23:06:39.422+0000] {logging_mixin.py:188} INFO - [2025-10-02T23:06:39.421+0000] {dag.py:3954} INFO - Setting next_dagrun for example_skip_dag to 2025-10-01 00:00:00+00:00, run_after=2025-10-02 00:00:00+00:00
[2025-10-02T23:06:39.705+0000] {processor.py:183} INFO - Processing /home/airflow/.local/lib/python3.12/site-packages/airflow/example_dags/example_skip_dag.py took 0.379 seconds
[2025-10-02T23:07:09.799+0000] {processor.py:161} INFO - Started process (PID=1645) to work on /home/airflow/.local/lib/python3.12/site-packages/airflow/example_dags/example_skip_dag.py
[2025-10-02T23:07:09.801+0000] {processor.py:830} INFO - Processing file /home/airflow/.local/lib/python3.12/site-packages/airflow/example_dags/example_skip_dag.py for tasks to queue
[2025-10-02T23:07:09.804+0000] {logging_mixin.py:188} INFO - [2025-10-02T23:07:09.804+0000] {dagbag.py:545} INFO - Filling up the DagBag from /home/airflow/.local/lib/python3.12/site-packages/airflow/example_dags/example_skip_dag.py
[2025-10-02T23:07:09.817+0000] {processor.py:840} INFO - DAG(s) 'example_skip_dag' retrieved from /home/airflow/.local/lib/python3.12/site-packages/airflow/example_dags/example_skip_dag.py
[2025-10-02T23:07:09.848+0000] {logging_mixin.py:188} INFO - [2025-10-02T23:07:09.848+0000] {dag.py:3096} INFO - Sync 1 DAGs
[2025-10-02T23:07:09.880+0000] {logging_mixin.py:188} INFO - [2025-10-02T23:07:09.879+0000] {dag.py:3954} INFO - Setting next_dagrun for example_skip_dag to 2025-10-01 00:00:00+00:00, run_after=2025-10-02 00:00:00+00:00
[2025-10-02T23:07:09.906+0000] {processor.py:183} INFO - Processing /home/airflow/.local/lib/python3.12/site-packages/airflow/example_dags/example_skip_dag.py took 0.116 seconds
[2025-10-02T23:07:40.165+0000] {processor.py:161} INFO - Started process (PID=1698) to work on /home/airflow/.local/lib/python3.12/site-packages/airflow/example_dags/example_skip_dag.py
[2025-10-02T23:07:40.167+0000] {processor.py:830} INFO - Processing file /home/airflow/.local/lib/python3.12/site-packages/airflow/example_dags/example_skip_dag.py for tasks to queue
[2025-10-02T23:07:40.171+0000] {logging_mixin.py:188} INFO - [2025-10-02T23:07:40.170+0000] {dagbag.py:545} INFO - Filling up the DagBag from /home/airflow/.local/lib/python3.12/site-packages/airflow/example_dags/example_skip_dag.py
[2025-10-02T23:07:40.185+0000] {processor.py:840} INFO - DAG(s) 'example_skip_dag' retrieved from /home/airflow/.local/lib/python3.12/site-packages/airflow/example_dags/example_skip_dag.py
[2025-10-02T23:07:40.223+0000] {logging_mixin.py:188} INFO - [2025-10-02T23:07:40.222+0000] {dag.py:3096} INFO - Sync 1 DAGs
[2025-10-02T23:07:40.257+0000] {logging_mixin.py:188} INFO - [2025-10-02T23:07:40.256+0000] {dag.py:3954} INFO - Setting next_dagrun for example_skip_dag to 2025-10-01 00:00:00+00:00, run_after=2025-10-02 00:00:00+00:00
[2025-10-02T23:07:40.281+0000] {processor.py:183} INFO - Processing /home/airflow/.local/lib/python3.12/site-packages/airflow/example_dags/example_skip_dag.py took 0.127 seconds
[2025-10-02T23:08:10.903+0000] {processor.py:161} INFO - Started process (PID=1751) to work on /home/airflow/.local/lib/python3.12/site-packages/airflow/example_dags/example_skip_dag.py
[2025-10-02T23:08:10.905+0000] {processor.py:830} INFO - Processing file /home/airflow/.local/lib/python3.12/site-packages/airflow/example_dags/example_skip_dag.py for tasks to queue
[2025-10-02T23:08:10.908+0000] {logging_mixin.py:188} INFO - [2025-10-02T23:08:10.908+0000] {dagbag.py:545} INFO - Filling up the DagBag from /home/airflow/.local/lib/python3.12/site-packages/airflow/example_dags/example_skip_dag.py
[2025-10-02T23:08:10.918+0000] {processor.py:840} INFO - DAG(s) 'example_skip_dag' retrieved from /home/airflow/.local/lib/python3.12/site-packages/airflow/example_dags/example_skip_dag.py
[2025-10-02T23:08:10.946+0000] {logging_mixin.py:188} INFO - [2025-10-02T23:08:10.946+0000] {dag.py:3096} INFO - Sync 1 DAGs
[2025-10-02T23:08:10.979+0000] {logging_mixin.py:188} INFO - [2025-10-02T23:08:10.979+0000] {dag.py:3954} INFO - Setting next_dagrun for example_skip_dag to 2025-10-01 00:00:00+00:00, run_after=2025-10-02 00:00:00+00:00
[2025-10-02T23:08:11.012+0000] {processor.py:183} INFO - Processing /home/airflow/.local/lib/python3.12/site-packages/airflow/example_dags/example_skip_dag.py took 0.117 seconds
[2025-10-02T23:08:41.291+0000] {processor.py:161} INFO - Started process (PID=1804) to work on /home/airflow/.local/lib/python3.12/site-packages/airflow/example_dags/example_skip_dag.py
[2025-10-02T23:08:41.293+0000] {processor.py:830} INFO - Processing file /home/airflow/.local/lib/python3.12/site-packages/airflow/example_dags/example_skip_dag.py for tasks to queue
[2025-10-02T23:08:41.296+0000] {logging_mixin.py:188} INFO - [2025-10-02T23:08:41.296+0000] {dagbag.py:545} INFO - Filling up the DagBag from /home/airflow/.local/lib/python3.12/site-packages/airflow/example_dags/example_skip_dag.py
[2025-10-02T23:08:41.308+0000] {processor.py:840} INFO - DAG(s) 'example_skip_dag' retrieved from /home/airflow/.local/lib/python3.12/site-packages/airflow/example_dags/example_skip_dag.py
[2025-10-02T23:08:41.339+0000] {logging_mixin.py:188} INFO - [2025-10-02T23:08:41.339+0000] {dag.py:3096} INFO - Sync 1 DAGs
[2025-10-02T23:08:41.369+0000] {logging_mixin.py:188} INFO - [2025-10-02T23:08:41.369+0000] {dag.py:3954} INFO - Setting next_dagrun for example_skip_dag to 2025-10-01 00:00:00+00:00, run_after=2025-10-02 00:00:00+00:00
[2025-10-02T23:08:41.393+0000] {processor.py:183} INFO - Processing /home/airflow/.local/lib/python3.12/site-packages/airflow/example_dags/example_skip_dag.py took 0.113 seconds
[2025-10-02T23:09:11.902+0000] {processor.py:161} INFO - Started process (PID=1857) to work on /home/airflow/.local/lib/python3.12/site-packages/airflow/example_dags/example_skip_dag.py
[2025-10-02T23:09:11.903+0000] {processor.py:830} INFO - Processing file /home/airflow/.local/lib/python3.12/site-packages/airflow/example_dags/example_skip_dag.py for tasks to queue
[2025-10-02T23:09:11.906+0000] {logging_mixin.py:188} INFO - [2025-10-02T23:09:11.906+0000] {dagbag.py:545} INFO - Filling up the DagBag from /home/airflow/.local/lib/python3.12/site-packages/airflow/example_dags/example_skip_dag.py
[2025-10-02T23:09:11.915+0000] {processor.py:840} INFO - DAG(s) 'example_skip_dag' retrieved from /home/airflow/.local/lib/python3.12/site-packages/airflow/example_dags/example_skip_dag.py
[2025-10-02T23:09:11.943+0000] {logging_mixin.py:188} INFO - [2025-10-02T23:09:11.943+0000] {dag.py:3096} INFO - Sync 1 DAGs
[2025-10-02T23:09:11.974+0000] {logging_mixin.py:188} INFO - [2025-10-02T23:09:11.974+0000] {dag.py:3954} INFO - Setting next_dagrun for example_skip_dag to 2025-10-01 00:00:00+00:00, run_after=2025-10-02 00:00:00+00:00
[2025-10-02T23:09:11.997+0000] {processor.py:183} INFO - Processing /home/airflow/.local/lib/python3.12/site-packages/airflow/example_dags/example_skip_dag.py took 0.104 seconds
[2025-10-02T23:09:42.790+0000] {processor.py:161} INFO - Started process (PID=1910) to work on /home/airflow/.local/lib/python3.12/site-packages/airflow/example_dags/example_skip_dag.py
[2025-10-02T23:09:42.791+0000] {processor.py:830} INFO - Processing file /home/airflow/.local/lib/python3.12/site-packages/airflow/example_dags/example_skip_dag.py for tasks to queue
[2025-10-02T23:09:42.794+0000] {logging_mixin.py:188} INFO - [2025-10-02T23:09:42.794+0000] {dagbag.py:545} INFO - Filling up the DagBag from /home/airflow/.local/lib/python3.12/site-packages/airflow/example_dags/example_skip_dag.py
[2025-10-02T23:09:42.804+0000] {processor.py:840} INFO - DAG(s) 'example_skip_dag' retrieved from /home/airflow/.local/lib/python3.12/site-packages/airflow/example_dags/example_skip_dag.py
[2025-10-02T23:09:42.835+0000] {logging_mixin.py:188} INFO - [2025-10-02T23:09:42.835+0000] {dag.py:3096} INFO - Sync 1 DAGs
[2025-10-02T23:09:42.862+0000] {logging_mixin.py:188} INFO - [2025-10-02T23:09:42.862+0000] {dag.py:3954} INFO - Setting next_dagrun for example_skip_dag to 2025-10-01 00:00:00+00:00, run_after=2025-10-02 00:00:00+00:00
[2025-10-02T23:09:42.885+0000] {processor.py:183} INFO - Processing /home/airflow/.local/lib/python3.12/site-packages/airflow/example_dags/example_skip_dag.py took 0.107 seconds
[2025-10-02T23:10:13.248+0000] {processor.py:161} INFO - Started process (PID=1963) to work on /home/airflow/.local/lib/python3.12/site-packages/airflow/example_dags/example_skip_dag.py
[2025-10-02T23:10:13.250+0000] {processor.py:830} INFO - Processing file /home/airflow/.local/lib/python3.12/site-packages/airflow/example_dags/example_skip_dag.py for tasks to queue
[2025-10-02T23:10:13.253+0000] {logging_mixin.py:188} INFO - [2025-10-02T23:10:13.252+0000] {dagbag.py:545} INFO - Filling up the DagBag from /home/airflow/.local/lib/python3.12/site-packages/airflow/example_dags/example_skip_dag.py
[2025-10-02T23:10:13.263+0000] {processor.py:840} INFO - DAG(s) 'example_skip_dag' retrieved from /home/airflow/.local/lib/python3.12/site-packages/airflow/example_dags/example_skip_dag.py
[2025-10-02T23:10:13.299+0000] {logging_mixin.py:188} INFO - [2025-10-02T23:10:13.299+0000] {dag.py:3096} INFO - Sync 1 DAGs
[2025-10-02T23:10:13.330+0000] {logging_mixin.py:188} INFO - [2025-10-02T23:10:13.330+0000] {dag.py:3954} INFO - Setting next_dagrun for example_skip_dag to 2025-10-01 00:00:00+00:00, run_after=2025-10-02 00:00:00+00:00
[2025-10-02T23:10:13.355+0000] {processor.py:183} INFO - Processing /home/airflow/.local/lib/python3.12/site-packages/airflow/example_dags/example_skip_dag.py took 0.117 seconds
