[2025-10-02T22:50:41.827+0000] {processor.py:161} INFO - Started process (PID=64) to work on /home/airflow/.local/lib/python3.12/site-packages/airflow/example_dags/example_sensor_decorator.py
[2025-10-02T22:50:41.829+0000] {processor.py:830} INFO - Processing file /home/airflow/.local/lib/python3.12/site-packages/airflow/example_dags/example_sensor_decorator.py for tasks to queue
[2025-10-02T22:50:41.831+0000] {logging_mixin.py:188} INFO - [2025-10-02T22:50:41.831+0000] {dagbag.py:545} INFO - Filling up the DagBag from /home/airflow/.local/lib/python3.12/site-packages/airflow/example_dags/example_sensor_decorator.py
[2025-10-02T22:50:41.845+0000] {processor.py:840} INFO - DAG(s) 'example_sensor_decorator' retrieved from /home/airflow/.local/lib/python3.12/site-packages/airflow/example_dags/example_sensor_decorator.py
[2025-10-02T22:50:42.138+0000] {logging_mixin.py:188} INFO - [2025-10-02T22:50:42.137+0000] {override.py:1829} INFO - Created Permission View: can delete on DAG:example_sensor_decorator
[2025-10-02T22:50:42.166+0000] {logging_mixin.py:188} INFO - [2025-10-02T22:50:42.166+0000] {override.py:1829} INFO - Created Permission View: can edit on DAG:example_sensor_decorator
[2025-10-02T22:50:42.190+0000] {logging_mixin.py:188} INFO - [2025-10-02T22:50:42.190+0000] {override.py:1829} INFO - Created Permission View: can read on DAG:example_sensor_decorator
[2025-10-02T22:50:42.191+0000] {logging_mixin.py:188} INFO - [2025-10-02T22:50:42.190+0000] {dag.py:3096} INFO - Sync 1 DAGs
[2025-10-02T22:50:42.213+0000] {logging_mixin.py:188} INFO - [2025-10-02T22:50:42.213+0000] {dag.py:3118} INFO - Creating ORM DAG for example_sensor_decorator
[2025-10-02T22:50:42.218+0000] {logging_mixin.py:188} INFO - [2025-10-02T22:50:42.217+0000] {dag.py:3954} INFO - Setting next_dagrun for example_sensor_decorator to None, run_after=None
[2025-10-02T22:50:42.256+0000] {processor.py:183} INFO - Processing /home/airflow/.local/lib/python3.12/site-packages/airflow/example_dags/example_sensor_decorator.py took 0.439 seconds
[2025-10-02T22:51:52.115+0000] {processor.py:161} INFO - Started process (PID=64) to work on /home/airflow/.local/lib/python3.12/site-packages/airflow/example_dags/example_sensor_decorator.py
[2025-10-02T22:51:52.117+0000] {processor.py:830} INFO - Processing file /home/airflow/.local/lib/python3.12/site-packages/airflow/example_dags/example_sensor_decorator.py for tasks to queue
[2025-10-02T22:51:52.120+0000] {logging_mixin.py:188} INFO - [2025-10-02T22:51:52.120+0000] {dagbag.py:545} INFO - Filling up the DagBag from /home/airflow/.local/lib/python3.12/site-packages/airflow/example_dags/example_sensor_decorator.py
[2025-10-02T22:51:52.131+0000] {processor.py:840} INFO - DAG(s) 'example_sensor_decorator' retrieved from /home/airflow/.local/lib/python3.12/site-packages/airflow/example_dags/example_sensor_decorator.py
[2025-10-02T22:51:52.148+0000] {logging_mixin.py:188} INFO - [2025-10-02T22:51:52.148+0000] {dag.py:3096} INFO - Sync 1 DAGs
[2025-10-02T22:51:52.171+0000] {logging_mixin.py:188} INFO - [2025-10-02T22:51:52.171+0000] {dag.py:3954} INFO - Setting next_dagrun for example_sensor_decorator to None, run_after=None
[2025-10-02T22:51:52.197+0000] {processor.py:183} INFO - Processing /home/airflow/.local/lib/python3.12/site-packages/airflow/example_dags/example_sensor_decorator.py took 0.091 seconds
[2025-10-02T22:52:22.483+0000] {processor.py:161} INFO - Started process (PID=117) to work on /home/airflow/.local/lib/python3.12/site-packages/airflow/example_dags/example_sensor_decorator.py
[2025-10-02T22:52:22.485+0000] {processor.py:830} INFO - Processing file /home/airflow/.local/lib/python3.12/site-packages/airflow/example_dags/example_sensor_decorator.py for tasks to queue
[2025-10-02T22:52:22.489+0000] {logging_mixin.py:188} INFO - [2025-10-02T22:52:22.488+0000] {dagbag.py:545} INFO - Filling up the DagBag from /home/airflow/.local/lib/python3.12/site-packages/airflow/example_dags/example_sensor_decorator.py
[2025-10-02T22:52:22.503+0000] {processor.py:840} INFO - DAG(s) 'example_sensor_decorator' retrieved from /home/airflow/.local/lib/python3.12/site-packages/airflow/example_dags/example_sensor_decorator.py
[2025-10-02T22:52:22.521+0000] {logging_mixin.py:188} INFO - [2025-10-02T22:52:22.520+0000] {dag.py:3096} INFO - Sync 1 DAGs
[2025-10-02T22:52:22.541+0000] {logging_mixin.py:188} INFO - [2025-10-02T22:52:22.541+0000] {dag.py:3954} INFO - Setting next_dagrun for example_sensor_decorator to None, run_after=None
[2025-10-02T22:52:22.575+0000] {processor.py:183} INFO - Processing /home/airflow/.local/lib/python3.12/site-packages/airflow/example_dags/example_sensor_decorator.py took 0.104 seconds
[2025-10-02T22:52:54.042+0000] {processor.py:161} INFO - Started process (PID=170) to work on /home/airflow/.local/lib/python3.12/site-packages/airflow/example_dags/example_sensor_decorator.py
[2025-10-02T22:52:54.044+0000] {processor.py:830} INFO - Processing file /home/airflow/.local/lib/python3.12/site-packages/airflow/example_dags/example_sensor_decorator.py for tasks to queue
[2025-10-02T22:52:54.046+0000] {logging_mixin.py:188} INFO - [2025-10-02T22:52:54.046+0000] {dagbag.py:545} INFO - Filling up the DagBag from /home/airflow/.local/lib/python3.12/site-packages/airflow/example_dags/example_sensor_decorator.py
[2025-10-02T22:52:54.058+0000] {processor.py:840} INFO - DAG(s) 'example_sensor_decorator' retrieved from /home/airflow/.local/lib/python3.12/site-packages/airflow/example_dags/example_sensor_decorator.py
[2025-10-02T22:52:54.195+0000] {logging_mixin.py:188} INFO - [2025-10-02T22:52:54.194+0000] {dag.py:3096} INFO - Sync 1 DAGs
[2025-10-02T22:52:54.207+0000] {logging_mixin.py:188} INFO - [2025-10-02T22:52:54.207+0000] {dag.py:3954} INFO - Setting next_dagrun for example_sensor_decorator to None, run_after=None
[2025-10-02T22:52:54.229+0000] {processor.py:183} INFO - Processing /home/airflow/.local/lib/python3.12/site-packages/airflow/example_dags/example_sensor_decorator.py took 0.195 seconds
[2025-10-02T22:53:24.573+0000] {processor.py:161} INFO - Started process (PID=224) to work on /home/airflow/.local/lib/python3.12/site-packages/airflow/example_dags/example_sensor_decorator.py
[2025-10-02T22:53:24.575+0000] {processor.py:830} INFO - Processing file /home/airflow/.local/lib/python3.12/site-packages/airflow/example_dags/example_sensor_decorator.py for tasks to queue
[2025-10-02T22:53:24.579+0000] {logging_mixin.py:188} INFO - [2025-10-02T22:53:24.578+0000] {dagbag.py:545} INFO - Filling up the DagBag from /home/airflow/.local/lib/python3.12/site-packages/airflow/example_dags/example_sensor_decorator.py
[2025-10-02T22:53:24.596+0000] {processor.py:840} INFO - DAG(s) 'example_sensor_decorator' retrieved from /home/airflow/.local/lib/python3.12/site-packages/airflow/example_dags/example_sensor_decorator.py
[2025-10-02T22:53:24.631+0000] {logging_mixin.py:188} INFO - [2025-10-02T22:53:24.631+0000] {dag.py:3096} INFO - Sync 1 DAGs
[2025-10-02T22:53:24.655+0000] {logging_mixin.py:188} INFO - [2025-10-02T22:53:24.655+0000] {dag.py:3954} INFO - Setting next_dagrun for example_sensor_decorator to None, run_after=None
[2025-10-02T22:53:24.687+0000] {processor.py:183} INFO - Processing /home/airflow/.local/lib/python3.12/site-packages/airflow/example_dags/example_sensor_decorator.py took 0.123 seconds
[2025-10-02T22:53:55.459+0000] {processor.py:161} INFO - Started process (PID=278) to work on /home/airflow/.local/lib/python3.12/site-packages/airflow/example_dags/example_sensor_decorator.py
[2025-10-02T22:53:55.461+0000] {processor.py:830} INFO - Processing file /home/airflow/.local/lib/python3.12/site-packages/airflow/example_dags/example_sensor_decorator.py for tasks to queue
[2025-10-02T22:53:55.464+0000] {logging_mixin.py:188} INFO - [2025-10-02T22:53:55.464+0000] {dagbag.py:545} INFO - Filling up the DagBag from /home/airflow/.local/lib/python3.12/site-packages/airflow/example_dags/example_sensor_decorator.py
[2025-10-02T22:53:55.474+0000] {processor.py:840} INFO - DAG(s) 'example_sensor_decorator' retrieved from /home/airflow/.local/lib/python3.12/site-packages/airflow/example_dags/example_sensor_decorator.py
[2025-10-02T22:53:55.491+0000] {logging_mixin.py:188} INFO - [2025-10-02T22:53:55.490+0000] {dag.py:3096} INFO - Sync 1 DAGs
[2025-10-02T22:53:55.508+0000] {logging_mixin.py:188} INFO - [2025-10-02T22:53:55.507+0000] {dag.py:3954} INFO - Setting next_dagrun for example_sensor_decorator to None, run_after=None
[2025-10-02T22:53:55.532+0000] {processor.py:183} INFO - Processing /home/airflow/.local/lib/python3.12/site-packages/airflow/example_dags/example_sensor_decorator.py took 0.081 seconds
[2025-10-02T22:54:28.284+0000] {processor.py:161} INFO - Started process (PID=331) to work on /home/airflow/.local/lib/python3.12/site-packages/airflow/example_dags/example_sensor_decorator.py
[2025-10-02T22:54:28.286+0000] {processor.py:830} INFO - Processing file /home/airflow/.local/lib/python3.12/site-packages/airflow/example_dags/example_sensor_decorator.py for tasks to queue
[2025-10-02T22:54:28.289+0000] {logging_mixin.py:188} INFO - [2025-10-02T22:54:28.288+0000] {dagbag.py:545} INFO - Filling up the DagBag from /home/airflow/.local/lib/python3.12/site-packages/airflow/example_dags/example_sensor_decorator.py
[2025-10-02T22:54:28.297+0000] {processor.py:840} INFO - DAG(s) 'example_sensor_decorator' retrieved from /home/airflow/.local/lib/python3.12/site-packages/airflow/example_dags/example_sensor_decorator.py
[2025-10-02T22:54:28.475+0000] {logging_mixin.py:188} INFO - [2025-10-02T22:54:28.475+0000] {dag.py:3096} INFO - Sync 1 DAGs
[2025-10-02T22:54:28.491+0000] {logging_mixin.py:188} INFO - [2025-10-02T22:54:28.491+0000] {dag.py:3954} INFO - Setting next_dagrun for example_sensor_decorator to None, run_after=None
[2025-10-02T22:54:28.521+0000] {processor.py:183} INFO - Processing /home/airflow/.local/lib/python3.12/site-packages/airflow/example_dags/example_sensor_decorator.py took 0.246 seconds
[2025-10-02T22:54:58.915+0000] {processor.py:161} INFO - Started process (PID=384) to work on /home/airflow/.local/lib/python3.12/site-packages/airflow/example_dags/example_sensor_decorator.py
[2025-10-02T22:54:58.916+0000] {processor.py:830} INFO - Processing file /home/airflow/.local/lib/python3.12/site-packages/airflow/example_dags/example_sensor_decorator.py for tasks to queue
[2025-10-02T22:54:58.919+0000] {logging_mixin.py:188} INFO - [2025-10-02T22:54:58.918+0000] {dagbag.py:545} INFO - Filling up the DagBag from /home/airflow/.local/lib/python3.12/site-packages/airflow/example_dags/example_sensor_decorator.py
[2025-10-02T22:54:58.929+0000] {processor.py:840} INFO - DAG(s) 'example_sensor_decorator' retrieved from /home/airflow/.local/lib/python3.12/site-packages/airflow/example_dags/example_sensor_decorator.py
[2025-10-02T22:54:58.958+0000] {logging_mixin.py:188} INFO - [2025-10-02T22:54:58.958+0000] {dag.py:3096} INFO - Sync 1 DAGs
[2025-10-02T22:54:58.977+0000] {logging_mixin.py:188} INFO - [2025-10-02T22:54:58.977+0000] {dag.py:3954} INFO - Setting next_dagrun for example_sensor_decorator to None, run_after=None
[2025-10-02T22:54:58.998+0000] {processor.py:183} INFO - Processing /home/airflow/.local/lib/python3.12/site-packages/airflow/example_dags/example_sensor_decorator.py took 0.092 seconds
[2025-10-02T22:55:30.643+0000] {processor.py:161} INFO - Started process (PID=441) to work on /home/airflow/.local/lib/python3.12/site-packages/airflow/example_dags/example_sensor_decorator.py
[2025-10-02T22:55:30.653+0000] {processor.py:830} INFO - Processing file /home/airflow/.local/lib/python3.12/site-packages/airflow/example_dags/example_sensor_decorator.py for tasks to queue
[2025-10-02T22:55:30.657+0000] {logging_mixin.py:188} INFO - [2025-10-02T22:55:30.656+0000] {dagbag.py:545} INFO - Filling up the DagBag from /home/airflow/.local/lib/python3.12/site-packages/airflow/example_dags/example_sensor_decorator.py
[2025-10-02T22:55:30.672+0000] {processor.py:840} INFO - DAG(s) 'example_sensor_decorator' retrieved from /home/airflow/.local/lib/python3.12/site-packages/airflow/example_dags/example_sensor_decorator.py
[2025-10-02T22:55:30.724+0000] {logging_mixin.py:188} INFO - [2025-10-02T22:55:30.723+0000] {dag.py:3096} INFO - Sync 1 DAGs
[2025-10-02T22:55:30.749+0000] {logging_mixin.py:188} INFO - [2025-10-02T22:55:30.749+0000] {dag.py:3954} INFO - Setting next_dagrun for example_sensor_decorator to None, run_after=None
[2025-10-02T22:55:30.782+0000] {processor.py:183} INFO - Processing /home/airflow/.local/lib/python3.12/site-packages/airflow/example_dags/example_sensor_decorator.py took 0.154 seconds
[2025-10-02T22:56:01.305+0000] {processor.py:161} INFO - Started process (PID=494) to work on /home/airflow/.local/lib/python3.12/site-packages/airflow/example_dags/example_sensor_decorator.py
[2025-10-02T22:56:01.338+0000] {processor.py:830} INFO - Processing file /home/airflow/.local/lib/python3.12/site-packages/airflow/example_dags/example_sensor_decorator.py for tasks to queue
[2025-10-02T22:56:01.356+0000] {logging_mixin.py:188} INFO - [2025-10-02T22:56:01.355+0000] {dagbag.py:545} INFO - Filling up the DagBag from /home/airflow/.local/lib/python3.12/site-packages/airflow/example_dags/example_sensor_decorator.py
[2025-10-02T22:56:01.384+0000] {processor.py:840} INFO - DAG(s) 'example_sensor_decorator' retrieved from /home/airflow/.local/lib/python3.12/site-packages/airflow/example_dags/example_sensor_decorator.py
[2025-10-02T22:56:01.456+0000] {logging_mixin.py:188} INFO - [2025-10-02T22:56:01.456+0000] {dag.py:3096} INFO - Sync 1 DAGs
[2025-10-02T22:56:01.481+0000] {logging_mixin.py:188} INFO - [2025-10-02T22:56:01.480+0000] {dag.py:3954} INFO - Setting next_dagrun for example_sensor_decorator to None, run_after=None
[2025-10-02T22:56:01.558+0000] {processor.py:183} INFO - Processing /home/airflow/.local/lib/python3.12/site-packages/airflow/example_dags/example_sensor_decorator.py took 0.277 seconds
[2025-10-02T22:56:32.034+0000] {processor.py:161} INFO - Started process (PID=547) to work on /home/airflow/.local/lib/python3.12/site-packages/airflow/example_dags/example_sensor_decorator.py
[2025-10-02T22:56:32.036+0000] {processor.py:830} INFO - Processing file /home/airflow/.local/lib/python3.12/site-packages/airflow/example_dags/example_sensor_decorator.py for tasks to queue
[2025-10-02T22:56:32.040+0000] {logging_mixin.py:188} INFO - [2025-10-02T22:56:32.039+0000] {dagbag.py:545} INFO - Filling up the DagBag from /home/airflow/.local/lib/python3.12/site-packages/airflow/example_dags/example_sensor_decorator.py
[2025-10-02T22:56:32.052+0000] {processor.py:840} INFO - DAG(s) 'example_sensor_decorator' retrieved from /home/airflow/.local/lib/python3.12/site-packages/airflow/example_dags/example_sensor_decorator.py
[2025-10-02T22:56:32.092+0000] {logging_mixin.py:188} INFO - [2025-10-02T22:56:32.092+0000] {dag.py:3096} INFO - Sync 1 DAGs
[2025-10-02T22:56:32.117+0000] {logging_mixin.py:188} INFO - [2025-10-02T22:56:32.117+0000] {dag.py:3954} INFO - Setting next_dagrun for example_sensor_decorator to None, run_after=None
[2025-10-02T22:56:32.157+0000] {processor.py:183} INFO - Processing /home/airflow/.local/lib/python3.12/site-packages/airflow/example_dags/example_sensor_decorator.py took 0.134 seconds
[2025-10-02T22:57:02.293+0000] {processor.py:161} INFO - Started process (PID=600) to work on /home/airflow/.local/lib/python3.12/site-packages/airflow/example_dags/example_sensor_decorator.py
[2025-10-02T22:57:02.296+0000] {processor.py:830} INFO - Processing file /home/airflow/.local/lib/python3.12/site-packages/airflow/example_dags/example_sensor_decorator.py for tasks to queue
[2025-10-02T22:57:02.299+0000] {logging_mixin.py:188} INFO - [2025-10-02T22:57:02.299+0000] {dagbag.py:545} INFO - Filling up the DagBag from /home/airflow/.local/lib/python3.12/site-packages/airflow/example_dags/example_sensor_decorator.py
[2025-10-02T22:57:02.310+0000] {processor.py:840} INFO - DAG(s) 'example_sensor_decorator' retrieved from /home/airflow/.local/lib/python3.12/site-packages/airflow/example_dags/example_sensor_decorator.py
[2025-10-02T22:57:02.336+0000] {logging_mixin.py:188} INFO - [2025-10-02T22:57:02.335+0000] {dag.py:3096} INFO - Sync 1 DAGs
[2025-10-02T22:57:02.356+0000] {logging_mixin.py:188} INFO - [2025-10-02T22:57:02.356+0000] {dag.py:3954} INFO - Setting next_dagrun for example_sensor_decorator to None, run_after=None
[2025-10-02T22:57:02.381+0000] {processor.py:183} INFO - Processing /home/airflow/.local/lib/python3.12/site-packages/airflow/example_dags/example_sensor_decorator.py took 0.096 seconds
[2025-10-02T22:57:32.822+0000] {processor.py:161} INFO - Started process (PID=654) to work on /home/airflow/.local/lib/python3.12/site-packages/airflow/example_dags/example_sensor_decorator.py
[2025-10-02T22:57:32.824+0000] {processor.py:830} INFO - Processing file /home/airflow/.local/lib/python3.12/site-packages/airflow/example_dags/example_sensor_decorator.py for tasks to queue
[2025-10-02T22:57:32.828+0000] {logging_mixin.py:188} INFO - [2025-10-02T22:57:32.827+0000] {dagbag.py:545} INFO - Filling up the DagBag from /home/airflow/.local/lib/python3.12/site-packages/airflow/example_dags/example_sensor_decorator.py
[2025-10-02T22:57:32.841+0000] {processor.py:840} INFO - DAG(s) 'example_sensor_decorator' retrieved from /home/airflow/.local/lib/python3.12/site-packages/airflow/example_dags/example_sensor_decorator.py
[2025-10-02T22:57:32.873+0000] {logging_mixin.py:188} INFO - [2025-10-02T22:57:32.873+0000] {dag.py:3096} INFO - Sync 1 DAGs
[2025-10-02T22:57:32.898+0000] {logging_mixin.py:188} INFO - [2025-10-02T22:57:32.897+0000] {dag.py:3954} INFO - Setting next_dagrun for example_sensor_decorator to None, run_after=None
[2025-10-02T22:57:32.930+0000] {processor.py:183} INFO - Processing /home/airflow/.local/lib/python3.12/site-packages/airflow/example_dags/example_sensor_decorator.py took 0.118 seconds
[2025-10-02T22:58:03.392+0000] {processor.py:161} INFO - Started process (PID=707) to work on /home/airflow/.local/lib/python3.12/site-packages/airflow/example_dags/example_sensor_decorator.py
[2025-10-02T22:58:03.394+0000] {processor.py:830} INFO - Processing file /home/airflow/.local/lib/python3.12/site-packages/airflow/example_dags/example_sensor_decorator.py for tasks to queue
[2025-10-02T22:58:03.398+0000] {logging_mixin.py:188} INFO - [2025-10-02T22:58:03.397+0000] {dagbag.py:545} INFO - Filling up the DagBag from /home/airflow/.local/lib/python3.12/site-packages/airflow/example_dags/example_sensor_decorator.py
[2025-10-02T22:58:03.409+0000] {processor.py:840} INFO - DAG(s) 'example_sensor_decorator' retrieved from /home/airflow/.local/lib/python3.12/site-packages/airflow/example_dags/example_sensor_decorator.py
[2025-10-02T22:58:03.428+0000] {logging_mixin.py:188} INFO - [2025-10-02T22:58:03.428+0000] {dag.py:3096} INFO - Sync 1 DAGs
[2025-10-02T22:58:03.451+0000] {logging_mixin.py:188} INFO - [2025-10-02T22:58:03.450+0000] {dag.py:3954} INFO - Setting next_dagrun for example_sensor_decorator to None, run_after=None
[2025-10-02T22:58:03.479+0000] {processor.py:183} INFO - Processing /home/airflow/.local/lib/python3.12/site-packages/airflow/example_dags/example_sensor_decorator.py took 0.097 seconds
[2025-10-02T22:58:34.502+0000] {processor.py:161} INFO - Started process (PID=760) to work on /home/airflow/.local/lib/python3.12/site-packages/airflow/example_dags/example_sensor_decorator.py
[2025-10-02T22:58:34.503+0000] {processor.py:830} INFO - Processing file /home/airflow/.local/lib/python3.12/site-packages/airflow/example_dags/example_sensor_decorator.py for tasks to queue
[2025-10-02T22:58:34.506+0000] {logging_mixin.py:188} INFO - [2025-10-02T22:58:34.505+0000] {dagbag.py:545} INFO - Filling up the DagBag from /home/airflow/.local/lib/python3.12/site-packages/airflow/example_dags/example_sensor_decorator.py
[2025-10-02T22:58:34.516+0000] {processor.py:840} INFO - DAG(s) 'example_sensor_decorator' retrieved from /home/airflow/.local/lib/python3.12/site-packages/airflow/example_dags/example_sensor_decorator.py
[2025-10-02T22:58:34.711+0000] {logging_mixin.py:188} INFO - [2025-10-02T22:58:34.711+0000] {dag.py:3096} INFO - Sync 1 DAGs
[2025-10-02T22:58:34.728+0000] {logging_mixin.py:188} INFO - [2025-10-02T22:58:34.727+0000] {dag.py:3954} INFO - Setting next_dagrun for example_sensor_decorator to None, run_after=None
[2025-10-02T22:58:34.752+0000] {processor.py:183} INFO - Processing /home/airflow/.local/lib/python3.12/site-packages/airflow/example_dags/example_sensor_decorator.py took 0.259 seconds
[2025-10-02T22:59:05.342+0000] {processor.py:161} INFO - Started process (PID=813) to work on /home/airflow/.local/lib/python3.12/site-packages/airflow/example_dags/example_sensor_decorator.py
[2025-10-02T22:59:05.344+0000] {processor.py:830} INFO - Processing file /home/airflow/.local/lib/python3.12/site-packages/airflow/example_dags/example_sensor_decorator.py for tasks to queue
[2025-10-02T22:59:05.347+0000] {logging_mixin.py:188} INFO - [2025-10-02T22:59:05.347+0000] {dagbag.py:545} INFO - Filling up the DagBag from /home/airflow/.local/lib/python3.12/site-packages/airflow/example_dags/example_sensor_decorator.py
[2025-10-02T22:59:05.357+0000] {processor.py:840} INFO - DAG(s) 'example_sensor_decorator' retrieved from /home/airflow/.local/lib/python3.12/site-packages/airflow/example_dags/example_sensor_decorator.py
[2025-10-02T22:59:05.386+0000] {logging_mixin.py:188} INFO - [2025-10-02T22:59:05.386+0000] {dag.py:3096} INFO - Sync 1 DAGs
[2025-10-02T22:59:05.403+0000] {logging_mixin.py:188} INFO - [2025-10-02T22:59:05.402+0000] {dag.py:3954} INFO - Setting next_dagrun for example_sensor_decorator to None, run_after=None
[2025-10-02T22:59:05.426+0000] {processor.py:183} INFO - Processing /home/airflow/.local/lib/python3.12/site-packages/airflow/example_dags/example_sensor_decorator.py took 0.093 seconds
[2025-10-02T22:59:35.584+0000] {processor.py:161} INFO - Started process (PID=866) to work on /home/airflow/.local/lib/python3.12/site-packages/airflow/example_dags/example_sensor_decorator.py
[2025-10-02T22:59:35.586+0000] {processor.py:830} INFO - Processing file /home/airflow/.local/lib/python3.12/site-packages/airflow/example_dags/example_sensor_decorator.py for tasks to queue
[2025-10-02T22:59:35.589+0000] {logging_mixin.py:188} INFO - [2025-10-02T22:59:35.588+0000] {dagbag.py:545} INFO - Filling up the DagBag from /home/airflow/.local/lib/python3.12/site-packages/airflow/example_dags/example_sensor_decorator.py
[2025-10-02T22:59:35.597+0000] {processor.py:840} INFO - DAG(s) 'example_sensor_decorator' retrieved from /home/airflow/.local/lib/python3.12/site-packages/airflow/example_dags/example_sensor_decorator.py
[2025-10-02T22:59:35.633+0000] {logging_mixin.py:188} INFO - [2025-10-02T22:59:35.633+0000] {dag.py:3096} INFO - Sync 1 DAGs
[2025-10-02T22:59:35.651+0000] {logging_mixin.py:188} INFO - [2025-10-02T22:59:35.651+0000] {dag.py:3954} INFO - Setting next_dagrun for example_sensor_decorator to None, run_after=None
[2025-10-02T22:59:35.675+0000] {processor.py:183} INFO - Processing /home/airflow/.local/lib/python3.12/site-packages/airflow/example_dags/example_sensor_decorator.py took 0.099 seconds
[2025-10-02T23:00:06.188+0000] {processor.py:161} INFO - Started process (PID=919) to work on /home/airflow/.local/lib/python3.12/site-packages/airflow/example_dags/example_sensor_decorator.py
[2025-10-02T23:00:06.190+0000] {processor.py:830} INFO - Processing file /home/airflow/.local/lib/python3.12/site-packages/airflow/example_dags/example_sensor_decorator.py for tasks to queue
[2025-10-02T23:00:06.192+0000] {logging_mixin.py:188} INFO - [2025-10-02T23:00:06.192+0000] {dagbag.py:545} INFO - Filling up the DagBag from /home/airflow/.local/lib/python3.12/site-packages/airflow/example_dags/example_sensor_decorator.py
[2025-10-02T23:00:06.202+0000] {processor.py:840} INFO - DAG(s) 'example_sensor_decorator' retrieved from /home/airflow/.local/lib/python3.12/site-packages/airflow/example_dags/example_sensor_decorator.py
[2025-10-02T23:00:06.231+0000] {logging_mixin.py:188} INFO - [2025-10-02T23:00:06.231+0000] {dag.py:3096} INFO - Sync 1 DAGs
[2025-10-02T23:00:06.251+0000] {logging_mixin.py:188} INFO - [2025-10-02T23:00:06.250+0000] {dag.py:3954} INFO - Setting next_dagrun for example_sensor_decorator to None, run_after=None
[2025-10-02T23:00:06.278+0000] {processor.py:183} INFO - Processing /home/airflow/.local/lib/python3.12/site-packages/airflow/example_dags/example_sensor_decorator.py took 0.098 seconds
[2025-10-02T23:00:36.500+0000] {processor.py:161} INFO - Started process (PID=972) to work on /home/airflow/.local/lib/python3.12/site-packages/airflow/example_dags/example_sensor_decorator.py
[2025-10-02T23:00:36.501+0000] {processor.py:830} INFO - Processing file /home/airflow/.local/lib/python3.12/site-packages/airflow/example_dags/example_sensor_decorator.py for tasks to queue
[2025-10-02T23:00:36.505+0000] {logging_mixin.py:188} INFO - [2025-10-02T23:00:36.504+0000] {dagbag.py:545} INFO - Filling up the DagBag from /home/airflow/.local/lib/python3.12/site-packages/airflow/example_dags/example_sensor_decorator.py
[2025-10-02T23:00:36.514+0000] {processor.py:840} INFO - DAG(s) 'example_sensor_decorator' retrieved from /home/airflow/.local/lib/python3.12/site-packages/airflow/example_dags/example_sensor_decorator.py
[2025-10-02T23:00:36.546+0000] {logging_mixin.py:188} INFO - [2025-10-02T23:00:36.546+0000] {dag.py:3096} INFO - Sync 1 DAGs
[2025-10-02T23:00:36.568+0000] {logging_mixin.py:188} INFO - [2025-10-02T23:00:36.568+0000] {dag.py:3954} INFO - Setting next_dagrun for example_sensor_decorator to None, run_after=None
[2025-10-02T23:00:36.598+0000] {processor.py:183} INFO - Processing /home/airflow/.local/lib/python3.12/site-packages/airflow/example_dags/example_sensor_decorator.py took 0.107 seconds
[2025-10-02T23:01:06.921+0000] {processor.py:161} INFO - Started process (PID=1025) to work on /home/airflow/.local/lib/python3.12/site-packages/airflow/example_dags/example_sensor_decorator.py
[2025-10-02T23:01:06.923+0000] {processor.py:830} INFO - Processing file /home/airflow/.local/lib/python3.12/site-packages/airflow/example_dags/example_sensor_decorator.py for tasks to queue
[2025-10-02T23:01:06.926+0000] {logging_mixin.py:188} INFO - [2025-10-02T23:01:06.926+0000] {dagbag.py:545} INFO - Filling up the DagBag from /home/airflow/.local/lib/python3.12/site-packages/airflow/example_dags/example_sensor_decorator.py
[2025-10-02T23:01:06.936+0000] {processor.py:840} INFO - DAG(s) 'example_sensor_decorator' retrieved from /home/airflow/.local/lib/python3.12/site-packages/airflow/example_dags/example_sensor_decorator.py
[2025-10-02T23:01:06.963+0000] {logging_mixin.py:188} INFO - [2025-10-02T23:01:06.963+0000] {dag.py:3096} INFO - Sync 1 DAGs
[2025-10-02T23:01:06.982+0000] {logging_mixin.py:188} INFO - [2025-10-02T23:01:06.981+0000] {dag.py:3954} INFO - Setting next_dagrun for example_sensor_decorator to None, run_after=None
[2025-10-02T23:01:07.009+0000] {processor.py:183} INFO - Processing /home/airflow/.local/lib/python3.12/site-packages/airflow/example_dags/example_sensor_decorator.py took 0.097 seconds
[2025-10-02T23:01:37.535+0000] {processor.py:161} INFO - Started process (PID=1078) to work on /home/airflow/.local/lib/python3.12/site-packages/airflow/example_dags/example_sensor_decorator.py
[2025-10-02T23:01:37.537+0000] {processor.py:830} INFO - Processing file /home/airflow/.local/lib/python3.12/site-packages/airflow/example_dags/example_sensor_decorator.py for tasks to queue
[2025-10-02T23:01:37.541+0000] {logging_mixin.py:188} INFO - [2025-10-02T23:01:37.540+0000] {dagbag.py:545} INFO - Filling up the DagBag from /home/airflow/.local/lib/python3.12/site-packages/airflow/example_dags/example_sensor_decorator.py
[2025-10-02T23:01:37.555+0000] {processor.py:840} INFO - DAG(s) 'example_sensor_decorator' retrieved from /home/airflow/.local/lib/python3.12/site-packages/airflow/example_dags/example_sensor_decorator.py
[2025-10-02T23:01:37.590+0000] {logging_mixin.py:188} INFO - [2025-10-02T23:01:37.590+0000] {dag.py:3096} INFO - Sync 1 DAGs
[2025-10-02T23:01:37.609+0000] {logging_mixin.py:188} INFO - [2025-10-02T23:01:37.608+0000] {dag.py:3954} INFO - Setting next_dagrun for example_sensor_decorator to None, run_after=None
[2025-10-02T23:01:37.634+0000] {processor.py:183} INFO - Processing /home/airflow/.local/lib/python3.12/site-packages/airflow/example_dags/example_sensor_decorator.py took 0.112 seconds
[2025-10-02T23:02:08.249+0000] {processor.py:161} INFO - Started process (PID=1131) to work on /home/airflow/.local/lib/python3.12/site-packages/airflow/example_dags/example_sensor_decorator.py
[2025-10-02T23:02:08.250+0000] {processor.py:830} INFO - Processing file /home/airflow/.local/lib/python3.12/site-packages/airflow/example_dags/example_sensor_decorator.py for tasks to queue
[2025-10-02T23:02:08.254+0000] {logging_mixin.py:188} INFO - [2025-10-02T23:02:08.253+0000] {dagbag.py:545} INFO - Filling up the DagBag from /home/airflow/.local/lib/python3.12/site-packages/airflow/example_dags/example_sensor_decorator.py
[2025-10-02T23:02:08.264+0000] {processor.py:840} INFO - DAG(s) 'example_sensor_decorator' retrieved from /home/airflow/.local/lib/python3.12/site-packages/airflow/example_dags/example_sensor_decorator.py
[2025-10-02T23:02:08.295+0000] {logging_mixin.py:188} INFO - [2025-10-02T23:02:08.295+0000] {dag.py:3096} INFO - Sync 1 DAGs
[2025-10-02T23:02:08.321+0000] {logging_mixin.py:188} INFO - [2025-10-02T23:02:08.321+0000] {dag.py:3954} INFO - Setting next_dagrun for example_sensor_decorator to None, run_after=None
[2025-10-02T23:02:08.349+0000] {processor.py:183} INFO - Processing /home/airflow/.local/lib/python3.12/site-packages/airflow/example_dags/example_sensor_decorator.py took 0.110 seconds
[2025-10-02T23:02:38.626+0000] {processor.py:161} INFO - Started process (PID=1184) to work on /home/airflow/.local/lib/python3.12/site-packages/airflow/example_dags/example_sensor_decorator.py
[2025-10-02T23:02:38.628+0000] {processor.py:830} INFO - Processing file /home/airflow/.local/lib/python3.12/site-packages/airflow/example_dags/example_sensor_decorator.py for tasks to queue
[2025-10-02T23:02:38.631+0000] {logging_mixin.py:188} INFO - [2025-10-02T23:02:38.631+0000] {dagbag.py:545} INFO - Filling up the DagBag from /home/airflow/.local/lib/python3.12/site-packages/airflow/example_dags/example_sensor_decorator.py
[2025-10-02T23:02:38.642+0000] {processor.py:840} INFO - DAG(s) 'example_sensor_decorator' retrieved from /home/airflow/.local/lib/python3.12/site-packages/airflow/example_dags/example_sensor_decorator.py
[2025-10-02T23:02:38.688+0000] {logging_mixin.py:188} INFO - [2025-10-02T23:02:38.688+0000] {dag.py:3096} INFO - Sync 1 DAGs
[2025-10-02T23:02:38.711+0000] {logging_mixin.py:188} INFO - [2025-10-02T23:02:38.710+0000] {dag.py:3954} INFO - Setting next_dagrun for example_sensor_decorator to None, run_after=None
[2025-10-02T23:02:38.739+0000] {processor.py:183} INFO - Processing /home/airflow/.local/lib/python3.12/site-packages/airflow/example_dags/example_sensor_decorator.py took 0.122 seconds
[2025-10-02T23:03:09.749+0000] {processor.py:161} INFO - Started process (PID=1237) to work on /home/airflow/.local/lib/python3.12/site-packages/airflow/example_dags/example_sensor_decorator.py
[2025-10-02T23:03:09.750+0000] {processor.py:830} INFO - Processing file /home/airflow/.local/lib/python3.12/site-packages/airflow/example_dags/example_sensor_decorator.py for tasks to queue
[2025-10-02T23:03:09.754+0000] {logging_mixin.py:188} INFO - [2025-10-02T23:03:09.753+0000] {dagbag.py:545} INFO - Filling up the DagBag from /home/airflow/.local/lib/python3.12/site-packages/airflow/example_dags/example_sensor_decorator.py
[2025-10-02T23:03:09.765+0000] {processor.py:840} INFO - DAG(s) 'example_sensor_decorator' retrieved from /home/airflow/.local/lib/python3.12/site-packages/airflow/example_dags/example_sensor_decorator.py
[2025-10-02T23:03:09.803+0000] {logging_mixin.py:188} INFO - [2025-10-02T23:03:09.803+0000] {dag.py:3096} INFO - Sync 1 DAGs
[2025-10-02T23:03:09.825+0000] {logging_mixin.py:188} INFO - [2025-10-02T23:03:09.825+0000] {dag.py:3954} INFO - Setting next_dagrun for example_sensor_decorator to None, run_after=None
[2025-10-02T23:03:09.861+0000] {processor.py:183} INFO - Processing /home/airflow/.local/lib/python3.12/site-packages/airflow/example_dags/example_sensor_decorator.py took 0.122 seconds
[2025-10-02T23:03:40.018+0000] {processor.py:161} INFO - Started process (PID=1290) to work on /home/airflow/.local/lib/python3.12/site-packages/airflow/example_dags/example_sensor_decorator.py
[2025-10-02T23:03:40.020+0000] {processor.py:830} INFO - Processing file /home/airflow/.local/lib/python3.12/site-packages/airflow/example_dags/example_sensor_decorator.py for tasks to queue
[2025-10-02T23:03:40.024+0000] {logging_mixin.py:188} INFO - [2025-10-02T23:03:40.024+0000] {dagbag.py:545} INFO - Filling up the DagBag from /home/airflow/.local/lib/python3.12/site-packages/airflow/example_dags/example_sensor_decorator.py
[2025-10-02T23:03:40.034+0000] {processor.py:840} INFO - DAG(s) 'example_sensor_decorator' retrieved from /home/airflow/.local/lib/python3.12/site-packages/airflow/example_dags/example_sensor_decorator.py
[2025-10-02T23:03:40.064+0000] {logging_mixin.py:188} INFO - [2025-10-02T23:03:40.064+0000] {dag.py:3096} INFO - Sync 1 DAGs
[2025-10-02T23:03:40.083+0000] {logging_mixin.py:188} INFO - [2025-10-02T23:03:40.083+0000] {dag.py:3954} INFO - Setting next_dagrun for example_sensor_decorator to None, run_after=None
[2025-10-02T23:03:40.113+0000] {processor.py:183} INFO - Processing /home/airflow/.local/lib/python3.12/site-packages/airflow/example_dags/example_sensor_decorator.py took 0.105 seconds
[2025-10-02T23:04:10.902+0000] {processor.py:161} INFO - Started process (PID=1343) to work on /home/airflow/.local/lib/python3.12/site-packages/airflow/example_dags/example_sensor_decorator.py
[2025-10-02T23:04:10.903+0000] {processor.py:830} INFO - Processing file /home/airflow/.local/lib/python3.12/site-packages/airflow/example_dags/example_sensor_decorator.py for tasks to queue
[2025-10-02T23:04:10.906+0000] {logging_mixin.py:188} INFO - [2025-10-02T23:04:10.906+0000] {dagbag.py:545} INFO - Filling up the DagBag from /home/airflow/.local/lib/python3.12/site-packages/airflow/example_dags/example_sensor_decorator.py
[2025-10-02T23:04:10.915+0000] {processor.py:840} INFO - DAG(s) 'example_sensor_decorator' retrieved from /home/airflow/.local/lib/python3.12/site-packages/airflow/example_dags/example_sensor_decorator.py
[2025-10-02T23:04:10.944+0000] {logging_mixin.py:188} INFO - [2025-10-02T23:04:10.944+0000] {dag.py:3096} INFO - Sync 1 DAGs
[2025-10-02T23:04:10.960+0000] {logging_mixin.py:188} INFO - [2025-10-02T23:04:10.960+0000] {dag.py:3954} INFO - Setting next_dagrun for example_sensor_decorator to None, run_after=None
[2025-10-02T23:04:10.986+0000] {processor.py:183} INFO - Processing /home/airflow/.local/lib/python3.12/site-packages/airflow/example_dags/example_sensor_decorator.py took 0.092 seconds
[2025-10-02T23:04:41.275+0000] {processor.py:161} INFO - Started process (PID=1396) to work on /home/airflow/.local/lib/python3.12/site-packages/airflow/example_dags/example_sensor_decorator.py
[2025-10-02T23:04:41.278+0000] {processor.py:830} INFO - Processing file /home/airflow/.local/lib/python3.12/site-packages/airflow/example_dags/example_sensor_decorator.py for tasks to queue
[2025-10-02T23:04:41.281+0000] {logging_mixin.py:188} INFO - [2025-10-02T23:04:41.280+0000] {dagbag.py:545} INFO - Filling up the DagBag from /home/airflow/.local/lib/python3.12/site-packages/airflow/example_dags/example_sensor_decorator.py
[2025-10-02T23:04:41.292+0000] {processor.py:840} INFO - DAG(s) 'example_sensor_decorator' retrieved from /home/airflow/.local/lib/python3.12/site-packages/airflow/example_dags/example_sensor_decorator.py
[2025-10-02T23:04:41.326+0000] {logging_mixin.py:188} INFO - [2025-10-02T23:04:41.325+0000] {dag.py:3096} INFO - Sync 1 DAGs
[2025-10-02T23:04:41.345+0000] {logging_mixin.py:188} INFO - [2025-10-02T23:04:41.345+0000] {dag.py:3954} INFO - Setting next_dagrun for example_sensor_decorator to None, run_after=None
[2025-10-02T23:04:41.371+0000] {processor.py:183} INFO - Processing /home/airflow/.local/lib/python3.12/site-packages/airflow/example_dags/example_sensor_decorator.py took 0.107 seconds
[2025-10-02T23:05:11.599+0000] {processor.py:161} INFO - Started process (PID=1449) to work on /home/airflow/.local/lib/python3.12/site-packages/airflow/example_dags/example_sensor_decorator.py
[2025-10-02T23:05:11.600+0000] {processor.py:830} INFO - Processing file /home/airflow/.local/lib/python3.12/site-packages/airflow/example_dags/example_sensor_decorator.py for tasks to queue
[2025-10-02T23:05:11.604+0000] {logging_mixin.py:188} INFO - [2025-10-02T23:05:11.603+0000] {dagbag.py:545} INFO - Filling up the DagBag from /home/airflow/.local/lib/python3.12/site-packages/airflow/example_dags/example_sensor_decorator.py
[2025-10-02T23:05:11.616+0000] {processor.py:840} INFO - DAG(s) 'example_sensor_decorator' retrieved from /home/airflow/.local/lib/python3.12/site-packages/airflow/example_dags/example_sensor_decorator.py
[2025-10-02T23:05:11.645+0000] {logging_mixin.py:188} INFO - [2025-10-02T23:05:11.645+0000] {dag.py:3096} INFO - Sync 1 DAGs
[2025-10-02T23:05:11.662+0000] {logging_mixin.py:188} INFO - [2025-10-02T23:05:11.662+0000] {dag.py:3954} INFO - Setting next_dagrun for example_sensor_decorator to None, run_after=None
[2025-10-02T23:05:11.689+0000] {processor.py:183} INFO - Processing /home/airflow/.local/lib/python3.12/site-packages/airflow/example_dags/example_sensor_decorator.py took 0.100 seconds
[2025-10-02T23:05:42.271+0000] {processor.py:161} INFO - Started process (PID=1502) to work on /home/airflow/.local/lib/python3.12/site-packages/airflow/example_dags/example_sensor_decorator.py
[2025-10-02T23:05:42.273+0000] {processor.py:830} INFO - Processing file /home/airflow/.local/lib/python3.12/site-packages/airflow/example_dags/example_sensor_decorator.py for tasks to queue
[2025-10-02T23:05:42.276+0000] {logging_mixin.py:188} INFO - [2025-10-02T23:05:42.276+0000] {dagbag.py:545} INFO - Filling up the DagBag from /home/airflow/.local/lib/python3.12/site-packages/airflow/example_dags/example_sensor_decorator.py
[2025-10-02T23:05:42.287+0000] {processor.py:840} INFO - DAG(s) 'example_sensor_decorator' retrieved from /home/airflow/.local/lib/python3.12/site-packages/airflow/example_dags/example_sensor_decorator.py
[2025-10-02T23:05:42.316+0000] {logging_mixin.py:188} INFO - [2025-10-02T23:05:42.316+0000] {dag.py:3096} INFO - Sync 1 DAGs
[2025-10-02T23:05:42.334+0000] {logging_mixin.py:188} INFO - [2025-10-02T23:05:42.334+0000] {dag.py:3954} INFO - Setting next_dagrun for example_sensor_decorator to None, run_after=None
[2025-10-02T23:05:42.366+0000] {processor.py:183} INFO - Processing /home/airflow/.local/lib/python3.12/site-packages/airflow/example_dags/example_sensor_decorator.py took 0.104 seconds
[2025-10-02T23:06:12.538+0000] {processor.py:161} INFO - Started process (PID=1555) to work on /home/airflow/.local/lib/python3.12/site-packages/airflow/example_dags/example_sensor_decorator.py
[2025-10-02T23:06:12.540+0000] {processor.py:830} INFO - Processing file /home/airflow/.local/lib/python3.12/site-packages/airflow/example_dags/example_sensor_decorator.py for tasks to queue
[2025-10-02T23:06:12.544+0000] {logging_mixin.py:188} INFO - [2025-10-02T23:06:12.543+0000] {dagbag.py:545} INFO - Filling up the DagBag from /home/airflow/.local/lib/python3.12/site-packages/airflow/example_dags/example_sensor_decorator.py
[2025-10-02T23:06:12.558+0000] {processor.py:840} INFO - DAG(s) 'example_sensor_decorator' retrieved from /home/airflow/.local/lib/python3.12/site-packages/airflow/example_dags/example_sensor_decorator.py
[2025-10-02T23:06:12.603+0000] {logging_mixin.py:188} INFO - [2025-10-02T23:06:12.602+0000] {dag.py:3096} INFO - Sync 1 DAGs
[2025-10-02T23:06:12.635+0000] {logging_mixin.py:188} INFO - [2025-10-02T23:06:12.635+0000] {dag.py:3954} INFO - Setting next_dagrun for example_sensor_decorator to None, run_after=None
[2025-10-02T23:06:12.666+0000] {processor.py:183} INFO - Processing /home/airflow/.local/lib/python3.12/site-packages/airflow/example_dags/example_sensor_decorator.py took 0.143 seconds
[2025-10-02T23:06:43.033+0000] {processor.py:161} INFO - Started process (PID=1608) to work on /home/airflow/.local/lib/python3.12/site-packages/airflow/example_dags/example_sensor_decorator.py
[2025-10-02T23:06:43.034+0000] {processor.py:830} INFO - Processing file /home/airflow/.local/lib/python3.12/site-packages/airflow/example_dags/example_sensor_decorator.py for tasks to queue
[2025-10-02T23:06:43.037+0000] {logging_mixin.py:188} INFO - [2025-10-02T23:06:43.037+0000] {dagbag.py:545} INFO - Filling up the DagBag from /home/airflow/.local/lib/python3.12/site-packages/airflow/example_dags/example_sensor_decorator.py
[2025-10-02T23:06:43.047+0000] {processor.py:840} INFO - DAG(s) 'example_sensor_decorator' retrieved from /home/airflow/.local/lib/python3.12/site-packages/airflow/example_dags/example_sensor_decorator.py
[2025-10-02T23:06:43.077+0000] {logging_mixin.py:188} INFO - [2025-10-02T23:06:43.076+0000] {dag.py:3096} INFO - Sync 1 DAGs
[2025-10-02T23:06:43.094+0000] {logging_mixin.py:188} INFO - [2025-10-02T23:06:43.094+0000] {dag.py:3954} INFO - Setting next_dagrun for example_sensor_decorator to None, run_after=None
[2025-10-02T23:06:43.121+0000] {processor.py:183} INFO - Processing /home/airflow/.local/lib/python3.12/site-packages/airflow/example_dags/example_sensor_decorator.py took 0.098 seconds
[2025-10-02T23:07:14.751+0000] {processor.py:161} INFO - Started process (PID=1661) to work on /home/airflow/.local/lib/python3.12/site-packages/airflow/example_dags/example_sensor_decorator.py
[2025-10-02T23:07:14.753+0000] {processor.py:830} INFO - Processing file /home/airflow/.local/lib/python3.12/site-packages/airflow/example_dags/example_sensor_decorator.py for tasks to queue
[2025-10-02T23:07:14.756+0000] {logging_mixin.py:188} INFO - [2025-10-02T23:07:14.755+0000] {dagbag.py:545} INFO - Filling up the DagBag from /home/airflow/.local/lib/python3.12/site-packages/airflow/example_dags/example_sensor_decorator.py
[2025-10-02T23:07:14.766+0000] {processor.py:840} INFO - DAG(s) 'example_sensor_decorator' retrieved from /home/airflow/.local/lib/python3.12/site-packages/airflow/example_dags/example_sensor_decorator.py
[2025-10-02T23:07:14.798+0000] {logging_mixin.py:188} INFO - [2025-10-02T23:07:14.798+0000] {dag.py:3096} INFO - Sync 1 DAGs
[2025-10-02T23:07:14.820+0000] {logging_mixin.py:188} INFO - [2025-10-02T23:07:14.819+0000] {dag.py:3954} INFO - Setting next_dagrun for example_sensor_decorator to None, run_after=None
[2025-10-02T23:07:15.046+0000] {processor.py:183} INFO - Processing /home/airflow/.local/lib/python3.12/site-packages/airflow/example_dags/example_sensor_decorator.py took 0.305 seconds
[2025-10-02T23:07:45.365+0000] {processor.py:161} INFO - Started process (PID=1714) to work on /home/airflow/.local/lib/python3.12/site-packages/airflow/example_dags/example_sensor_decorator.py
[2025-10-02T23:07:45.366+0000] {processor.py:830} INFO - Processing file /home/airflow/.local/lib/python3.12/site-packages/airflow/example_dags/example_sensor_decorator.py for tasks to queue
[2025-10-02T23:07:45.369+0000] {logging_mixin.py:188} INFO - [2025-10-02T23:07:45.369+0000] {dagbag.py:545} INFO - Filling up the DagBag from /home/airflow/.local/lib/python3.12/site-packages/airflow/example_dags/example_sensor_decorator.py
[2025-10-02T23:07:45.378+0000] {processor.py:840} INFO - DAG(s) 'example_sensor_decorator' retrieved from /home/airflow/.local/lib/python3.12/site-packages/airflow/example_dags/example_sensor_decorator.py
[2025-10-02T23:07:45.408+0000] {logging_mixin.py:188} INFO - [2025-10-02T23:07:45.407+0000] {dag.py:3096} INFO - Sync 1 DAGs
[2025-10-02T23:07:45.426+0000] {logging_mixin.py:188} INFO - [2025-10-02T23:07:45.425+0000] {dag.py:3954} INFO - Setting next_dagrun for example_sensor_decorator to None, run_after=None
[2025-10-02T23:07:45.452+0000] {processor.py:183} INFO - Processing /home/airflow/.local/lib/python3.12/site-packages/airflow/example_dags/example_sensor_decorator.py took 0.095 seconds
[2025-10-02T23:08:15.902+0000] {processor.py:161} INFO - Started process (PID=1767) to work on /home/airflow/.local/lib/python3.12/site-packages/airflow/example_dags/example_sensor_decorator.py
[2025-10-02T23:08:15.903+0000] {processor.py:830} INFO - Processing file /home/airflow/.local/lib/python3.12/site-packages/airflow/example_dags/example_sensor_decorator.py for tasks to queue
[2025-10-02T23:08:15.906+0000] {logging_mixin.py:188} INFO - [2025-10-02T23:08:15.905+0000] {dagbag.py:545} INFO - Filling up the DagBag from /home/airflow/.local/lib/python3.12/site-packages/airflow/example_dags/example_sensor_decorator.py
[2025-10-02T23:08:15.915+0000] {processor.py:840} INFO - DAG(s) 'example_sensor_decorator' retrieved from /home/airflow/.local/lib/python3.12/site-packages/airflow/example_dags/example_sensor_decorator.py
[2025-10-02T23:08:15.944+0000] {logging_mixin.py:188} INFO - [2025-10-02T23:08:15.943+0000] {dag.py:3096} INFO - Sync 1 DAGs
[2025-10-02T23:08:15.959+0000] {logging_mixin.py:188} INFO - [2025-10-02T23:08:15.959+0000] {dag.py:3954} INFO - Setting next_dagrun for example_sensor_decorator to None, run_after=None
[2025-10-02T23:08:15.987+0000] {processor.py:183} INFO - Processing /home/airflow/.local/lib/python3.12/site-packages/airflow/example_dags/example_sensor_decorator.py took 0.094 seconds
[2025-10-02T23:08:47.030+0000] {processor.py:161} INFO - Started process (PID=1820) to work on /home/airflow/.local/lib/python3.12/site-packages/airflow/example_dags/example_sensor_decorator.py
[2025-10-02T23:08:47.032+0000] {processor.py:830} INFO - Processing file /home/airflow/.local/lib/python3.12/site-packages/airflow/example_dags/example_sensor_decorator.py for tasks to queue
[2025-10-02T23:08:47.035+0000] {logging_mixin.py:188} INFO - [2025-10-02T23:08:47.034+0000] {dagbag.py:545} INFO - Filling up the DagBag from /home/airflow/.local/lib/python3.12/site-packages/airflow/example_dags/example_sensor_decorator.py
[2025-10-02T23:08:47.043+0000] {processor.py:840} INFO - DAG(s) 'example_sensor_decorator' retrieved from /home/airflow/.local/lib/python3.12/site-packages/airflow/example_dags/example_sensor_decorator.py
[2025-10-02T23:08:47.072+0000] {logging_mixin.py:188} INFO - [2025-10-02T23:08:47.071+0000] {dag.py:3096} INFO - Sync 1 DAGs
[2025-10-02T23:08:47.089+0000] {logging_mixin.py:188} INFO - [2025-10-02T23:08:47.089+0000] {dag.py:3954} INFO - Setting next_dagrun for example_sensor_decorator to None, run_after=None
[2025-10-02T23:08:47.112+0000] {processor.py:183} INFO - Processing /home/airflow/.local/lib/python3.12/site-packages/airflow/example_dags/example_sensor_decorator.py took 0.090 seconds
[2025-10-02T23:09:17.518+0000] {processor.py:161} INFO - Started process (PID=1873) to work on /home/airflow/.local/lib/python3.12/site-packages/airflow/example_dags/example_sensor_decorator.py
[2025-10-02T23:09:17.520+0000] {processor.py:830} INFO - Processing file /home/airflow/.local/lib/python3.12/site-packages/airflow/example_dags/example_sensor_decorator.py for tasks to queue
[2025-10-02T23:09:17.523+0000] {logging_mixin.py:188} INFO - [2025-10-02T23:09:17.522+0000] {dagbag.py:545} INFO - Filling up the DagBag from /home/airflow/.local/lib/python3.12/site-packages/airflow/example_dags/example_sensor_decorator.py
[2025-10-02T23:09:17.533+0000] {processor.py:840} INFO - DAG(s) 'example_sensor_decorator' retrieved from /home/airflow/.local/lib/python3.12/site-packages/airflow/example_dags/example_sensor_decorator.py
[2025-10-02T23:09:17.566+0000] {logging_mixin.py:188} INFO - [2025-10-02T23:09:17.566+0000] {dag.py:3096} INFO - Sync 1 DAGs
[2025-10-02T23:09:17.627+0000] {logging_mixin.py:188} INFO - [2025-10-02T23:09:17.627+0000] {dag.py:3954} INFO - Setting next_dagrun for example_sensor_decorator to None, run_after=None
[2025-10-02T23:09:17.650+0000] {processor.py:183} INFO - Processing /home/airflow/.local/lib/python3.12/site-packages/airflow/example_dags/example_sensor_decorator.py took 0.141 seconds
[2025-10-02T23:09:48.130+0000] {processor.py:161} INFO - Started process (PID=1926) to work on /home/airflow/.local/lib/python3.12/site-packages/airflow/example_dags/example_sensor_decorator.py
[2025-10-02T23:09:48.132+0000] {processor.py:830} INFO - Processing file /home/airflow/.local/lib/python3.12/site-packages/airflow/example_dags/example_sensor_decorator.py for tasks to queue
[2025-10-02T23:09:48.135+0000] {logging_mixin.py:188} INFO - [2025-10-02T23:09:48.135+0000] {dagbag.py:545} INFO - Filling up the DagBag from /home/airflow/.local/lib/python3.12/site-packages/airflow/example_dags/example_sensor_decorator.py
[2025-10-02T23:09:48.148+0000] {processor.py:840} INFO - DAG(s) 'example_sensor_decorator' retrieved from /home/airflow/.local/lib/python3.12/site-packages/airflow/example_dags/example_sensor_decorator.py
[2025-10-02T23:09:48.184+0000] {logging_mixin.py:188} INFO - [2025-10-02T23:09:48.184+0000] {dag.py:3096} INFO - Sync 1 DAGs
[2025-10-02T23:09:48.205+0000] {logging_mixin.py:188} INFO - [2025-10-02T23:09:48.205+0000] {dag.py:3954} INFO - Setting next_dagrun for example_sensor_decorator to None, run_after=None
[2025-10-02T23:09:48.232+0000] {processor.py:183} INFO - Processing /home/airflow/.local/lib/python3.12/site-packages/airflow/example_dags/example_sensor_decorator.py took 0.114 seconds
