[2025-10-02T22:50:36.902+0000] {processor.py:161} INFO - Started process (PID=43) to work on /home/airflow/.local/lib/python3.12/site-packages/airflow/example_dags/example_latest_only_with_trigger.py
[2025-10-02T22:50:36.905+0000] {processor.py:830} INFO - Processing file /home/airflow/.local/lib/python3.12/site-packages/airflow/example_dags/example_latest_only_with_trigger.py for tasks to queue
[2025-10-02T22:50:36.912+0000] {logging_mixin.py:188} INFO - [2025-10-02T22:50:36.911+0000] {dagbag.py:545} INFO - Filling up the DagBag from /home/airflow/.local/lib/python3.12/site-packages/airflow/example_dags/example_latest_only_with_trigger.py
[2025-10-02T22:50:36.937+0000] {processor.py:840} INFO - DAG(s) 'latest_only_with_trigger' retrieved from /home/airflow/.local/lib/python3.12/site-packages/airflow/example_dags/example_latest_only_with_trigger.py
[2025-10-02T22:50:37.291+0000] {logging_mixin.py:188} INFO - [2025-10-02T22:50:37.290+0000] {override.py:1829} INFO - Created Permission View: can delete on DAG:latest_only_with_trigger
[2025-10-02T22:50:37.322+0000] {logging_mixin.py:188} INFO - [2025-10-02T22:50:37.322+0000] {override.py:1829} INFO - Created Permission View: can edit on DAG:latest_only_with_trigger
[2025-10-02T22:50:37.367+0000] {logging_mixin.py:188} INFO - [2025-10-02T22:50:37.364+0000] {override.py:1829} INFO - Created Permission View: can read on DAG:latest_only_with_trigger
[2025-10-02T22:50:37.370+0000] {logging_mixin.py:188} INFO - [2025-10-02T22:50:37.369+0000] {dag.py:3096} INFO - Sync 1 DAGs
[2025-10-02T22:50:37.410+0000] {logging_mixin.py:188} INFO - [2025-10-02T22:50:37.409+0000] {dag.py:3118} INFO - Creating ORM DAG for latest_only_with_trigger
[2025-10-02T22:50:37.473+0000] {logging_mixin.py:188} INFO - [2025-10-02T22:50:37.472+0000] {dag.py:3954} INFO - Setting next_dagrun for latest_only_with_trigger to 2025-10-02 16:00:00+00:00, run_after=2025-10-02 20:00:00+00:00
[2025-10-02T22:50:37.515+0000] {processor.py:183} INFO - Processing /home/airflow/.local/lib/python3.12/site-packages/airflow/example_dags/example_latest_only_with_trigger.py took 0.633 seconds
[2025-10-02T22:51:49.838+0000] {processor.py:161} INFO - Started process (PID=43) to work on /home/airflow/.local/lib/python3.12/site-packages/airflow/example_dags/example_latest_only_with_trigger.py
[2025-10-02T22:51:49.843+0000] {processor.py:830} INFO - Processing file /home/airflow/.local/lib/python3.12/site-packages/airflow/example_dags/example_latest_only_with_trigger.py for tasks to queue
[2025-10-02T22:51:49.848+0000] {logging_mixin.py:188} INFO - [2025-10-02T22:51:49.847+0000] {dagbag.py:545} INFO - Filling up the DagBag from /home/airflow/.local/lib/python3.12/site-packages/airflow/example_dags/example_latest_only_with_trigger.py
[2025-10-02T22:51:49.864+0000] {processor.py:840} INFO - DAG(s) 'latest_only_with_trigger' retrieved from /home/airflow/.local/lib/python3.12/site-packages/airflow/example_dags/example_latest_only_with_trigger.py
[2025-10-02T22:51:49.886+0000] {logging_mixin.py:188} INFO - [2025-10-02T22:51:49.886+0000] {dag.py:3096} INFO - Sync 1 DAGs
[2025-10-02T22:51:49.941+0000] {logging_mixin.py:188} INFO - [2025-10-02T22:51:49.940+0000] {dag.py:3954} INFO - Setting next_dagrun for latest_only_with_trigger to 2025-10-02 16:00:00+00:00, run_after=2025-10-02 20:00:00+00:00
[2025-10-02T22:51:49.991+0000] {processor.py:183} INFO - Processing /home/airflow/.local/lib/python3.12/site-packages/airflow/example_dags/example_latest_only_with_trigger.py took 0.178 seconds
[2025-10-02T22:52:20.655+0000] {processor.py:161} INFO - Started process (PID=96) to work on /home/airflow/.local/lib/python3.12/site-packages/airflow/example_dags/example_latest_only_with_trigger.py
[2025-10-02T22:52:20.657+0000] {processor.py:830} INFO - Processing file /home/airflow/.local/lib/python3.12/site-packages/airflow/example_dags/example_latest_only_with_trigger.py for tasks to queue
[2025-10-02T22:52:20.662+0000] {logging_mixin.py:188} INFO - [2025-10-02T22:52:20.661+0000] {dagbag.py:545} INFO - Filling up the DagBag from /home/airflow/.local/lib/python3.12/site-packages/airflow/example_dags/example_latest_only_with_trigger.py
[2025-10-02T22:52:20.676+0000] {processor.py:840} INFO - DAG(s) 'latest_only_with_trigger' retrieved from /home/airflow/.local/lib/python3.12/site-packages/airflow/example_dags/example_latest_only_with_trigger.py
[2025-10-02T22:52:20.701+0000] {logging_mixin.py:188} INFO - [2025-10-02T22:52:20.700+0000] {dag.py:3096} INFO - Sync 1 DAGs
[2025-10-02T22:52:20.747+0000] {logging_mixin.py:188} INFO - [2025-10-02T22:52:20.746+0000] {dag.py:3954} INFO - Setting next_dagrun for latest_only_with_trigger to 2025-10-02 16:00:00+00:00, run_after=2025-10-02 20:00:00+00:00
[2025-10-02T22:52:20.781+0000] {processor.py:183} INFO - Processing /home/airflow/.local/lib/python3.12/site-packages/airflow/example_dags/example_latest_only_with_trigger.py took 0.141 seconds
[2025-10-02T22:52:51.127+0000] {processor.py:161} INFO - Started process (PID=149) to work on /home/airflow/.local/lib/python3.12/site-packages/airflow/example_dags/example_latest_only_with_trigger.py
[2025-10-02T22:52:51.128+0000] {processor.py:830} INFO - Processing file /home/airflow/.local/lib/python3.12/site-packages/airflow/example_dags/example_latest_only_with_trigger.py for tasks to queue
[2025-10-02T22:52:51.131+0000] {logging_mixin.py:188} INFO - [2025-10-02T22:52:51.130+0000] {dagbag.py:545} INFO - Filling up the DagBag from /home/airflow/.local/lib/python3.12/site-packages/airflow/example_dags/example_latest_only_with_trigger.py
[2025-10-02T22:52:51.138+0000] {processor.py:840} INFO - DAG(s) 'latest_only_with_trigger' retrieved from /home/airflow/.local/lib/python3.12/site-packages/airflow/example_dags/example_latest_only_with_trigger.py
[2025-10-02T22:52:51.273+0000] {logging_mixin.py:188} INFO - [2025-10-02T22:52:51.272+0000] {dag.py:3096} INFO - Sync 1 DAGs
[2025-10-02T22:52:51.296+0000] {logging_mixin.py:188} INFO - [2025-10-02T22:52:51.296+0000] {dag.py:3954} INFO - Setting next_dagrun for latest_only_with_trigger to 2025-10-02 16:00:00+00:00, run_after=2025-10-02 20:00:00+00:00
[2025-10-02T22:52:51.318+0000] {processor.py:183} INFO - Processing /home/airflow/.local/lib/python3.12/site-packages/airflow/example_dags/example_latest_only_with_trigger.py took 0.199 seconds
[2025-10-02T22:53:21.970+0000] {processor.py:161} INFO - Started process (PID=202) to work on /home/airflow/.local/lib/python3.12/site-packages/airflow/example_dags/example_latest_only_with_trigger.py
[2025-10-02T22:53:21.973+0000] {processor.py:830} INFO - Processing file /home/airflow/.local/lib/python3.12/site-packages/airflow/example_dags/example_latest_only_with_trigger.py for tasks to queue
[2025-10-02T22:53:21.977+0000] {logging_mixin.py:188} INFO - [2025-10-02T22:53:21.976+0000] {dagbag.py:545} INFO - Filling up the DagBag from /home/airflow/.local/lib/python3.12/site-packages/airflow/example_dags/example_latest_only_with_trigger.py
[2025-10-02T22:53:21.989+0000] {processor.py:840} INFO - DAG(s) 'latest_only_with_trigger' retrieved from /home/airflow/.local/lib/python3.12/site-packages/airflow/example_dags/example_latest_only_with_trigger.py
[2025-10-02T22:53:22.035+0000] {logging_mixin.py:188} INFO - [2025-10-02T22:53:22.034+0000] {dag.py:3096} INFO - Sync 1 DAGs
[2025-10-02T22:53:22.074+0000] {logging_mixin.py:188} INFO - [2025-10-02T22:53:22.073+0000] {dag.py:3954} INFO - Setting next_dagrun for latest_only_with_trigger to 2025-10-02 16:00:00+00:00, run_after=2025-10-02 20:00:00+00:00
[2025-10-02T22:53:22.124+0000] {processor.py:183} INFO - Processing /home/airflow/.local/lib/python3.12/site-packages/airflow/example_dags/example_latest_only_with_trigger.py took 0.169 seconds
[2025-10-02T22:53:53.729+0000] {processor.py:161} INFO - Started process (PID=256) to work on /home/airflow/.local/lib/python3.12/site-packages/airflow/example_dags/example_latest_only_with_trigger.py
[2025-10-02T22:53:53.732+0000] {processor.py:830} INFO - Processing file /home/airflow/.local/lib/python3.12/site-packages/airflow/example_dags/example_latest_only_with_trigger.py for tasks to queue
[2025-10-02T22:53:53.737+0000] {logging_mixin.py:188} INFO - [2025-10-02T22:53:53.736+0000] {dagbag.py:545} INFO - Filling up the DagBag from /home/airflow/.local/lib/python3.12/site-packages/airflow/example_dags/example_latest_only_with_trigger.py
[2025-10-02T22:53:53.752+0000] {processor.py:840} INFO - DAG(s) 'latest_only_with_trigger' retrieved from /home/airflow/.local/lib/python3.12/site-packages/airflow/example_dags/example_latest_only_with_trigger.py
[2025-10-02T22:53:53.795+0000] {logging_mixin.py:188} INFO - [2025-10-02T22:53:53.794+0000] {dag.py:3096} INFO - Sync 1 DAGs
[2025-10-02T22:53:53.859+0000] {logging_mixin.py:188} INFO - [2025-10-02T22:53:53.858+0000] {dag.py:3954} INFO - Setting next_dagrun for latest_only_with_trigger to 2025-10-02 16:00:00+00:00, run_after=2025-10-02 20:00:00+00:00
[2025-10-02T22:53:53.895+0000] {processor.py:183} INFO - Processing /home/airflow/.local/lib/python3.12/site-packages/airflow/example_dags/example_latest_only_with_trigger.py took 0.186 seconds
[2025-10-02T22:54:24.252+0000] {processor.py:161} INFO - Started process (PID=309) to work on /home/airflow/.local/lib/python3.12/site-packages/airflow/example_dags/example_latest_only_with_trigger.py
[2025-10-02T22:54:24.253+0000] {processor.py:830} INFO - Processing file /home/airflow/.local/lib/python3.12/site-packages/airflow/example_dags/example_latest_only_with_trigger.py for tasks to queue
[2025-10-02T22:54:24.256+0000] {logging_mixin.py:188} INFO - [2025-10-02T22:54:24.256+0000] {dagbag.py:545} INFO - Filling up the DagBag from /home/airflow/.local/lib/python3.12/site-packages/airflow/example_dags/example_latest_only_with_trigger.py
[2025-10-02T22:54:24.265+0000] {processor.py:840} INFO - DAG(s) 'latest_only_with_trigger' retrieved from /home/airflow/.local/lib/python3.12/site-packages/airflow/example_dags/example_latest_only_with_trigger.py
[2025-10-02T22:54:24.442+0000] {logging_mixin.py:188} INFO - [2025-10-02T22:54:24.442+0000] {dag.py:3096} INFO - Sync 1 DAGs
[2025-10-02T22:54:24.468+0000] {logging_mixin.py:188} INFO - [2025-10-02T22:54:24.468+0000] {dag.py:3954} INFO - Setting next_dagrun for latest_only_with_trigger to 2025-10-02 16:00:00+00:00, run_after=2025-10-02 20:00:00+00:00
[2025-10-02T22:54:24.496+0000] {processor.py:183} INFO - Processing /home/airflow/.local/lib/python3.12/site-packages/airflow/example_dags/example_latest_only_with_trigger.py took 0.254 seconds
[2025-10-02T22:54:54.852+0000] {processor.py:161} INFO - Started process (PID=362) to work on /home/airflow/.local/lib/python3.12/site-packages/airflow/example_dags/example_latest_only_with_trigger.py
[2025-10-02T22:54:54.854+0000] {processor.py:830} INFO - Processing file /home/airflow/.local/lib/python3.12/site-packages/airflow/example_dags/example_latest_only_with_trigger.py for tasks to queue
[2025-10-02T22:54:54.857+0000] {logging_mixin.py:188} INFO - [2025-10-02T22:54:54.856+0000] {dagbag.py:545} INFO - Filling up the DagBag from /home/airflow/.local/lib/python3.12/site-packages/airflow/example_dags/example_latest_only_with_trigger.py
[2025-10-02T22:54:54.865+0000] {processor.py:840} INFO - DAG(s) 'latest_only_with_trigger' retrieved from /home/airflow/.local/lib/python3.12/site-packages/airflow/example_dags/example_latest_only_with_trigger.py
[2025-10-02T22:54:54.900+0000] {logging_mixin.py:188} INFO - [2025-10-02T22:54:54.900+0000] {dag.py:3096} INFO - Sync 1 DAGs
[2025-10-02T22:54:54.931+0000] {logging_mixin.py:188} INFO - [2025-10-02T22:54:54.931+0000] {dag.py:3954} INFO - Setting next_dagrun for latest_only_with_trigger to 2025-10-02 16:00:00+00:00, run_after=2025-10-02 20:00:00+00:00
[2025-10-02T22:54:54.956+0000] {processor.py:183} INFO - Processing /home/airflow/.local/lib/python3.12/site-packages/airflow/example_dags/example_latest_only_with_trigger.py took 0.117 seconds
[2025-10-02T22:55:25.726+0000] {processor.py:161} INFO - Started process (PID=415) to work on /home/airflow/.local/lib/python3.12/site-packages/airflow/example_dags/example_latest_only_with_trigger.py
[2025-10-02T22:55:25.728+0000] {processor.py:830} INFO - Processing file /home/airflow/.local/lib/python3.12/site-packages/airflow/example_dags/example_latest_only_with_trigger.py for tasks to queue
[2025-10-02T22:55:25.732+0000] {logging_mixin.py:188} INFO - [2025-10-02T22:55:25.731+0000] {dagbag.py:545} INFO - Filling up the DagBag from /home/airflow/.local/lib/python3.12/site-packages/airflow/example_dags/example_latest_only_with_trigger.py
[2025-10-02T22:55:25.739+0000] {processor.py:840} INFO - DAG(s) 'latest_only_with_trigger' retrieved from /home/airflow/.local/lib/python3.12/site-packages/airflow/example_dags/example_latest_only_with_trigger.py
[2025-10-02T22:55:25.770+0000] {logging_mixin.py:188} INFO - [2025-10-02T22:55:25.769+0000] {dag.py:3096} INFO - Sync 1 DAGs
[2025-10-02T22:55:25.807+0000] {logging_mixin.py:188} INFO - [2025-10-02T22:55:25.806+0000] {dag.py:3954} INFO - Setting next_dagrun for latest_only_with_trigger to 2025-10-02 16:00:00+00:00, run_after=2025-10-02 20:00:00+00:00
[2025-10-02T22:55:25.838+0000] {processor.py:183} INFO - Processing /home/airflow/.local/lib/python3.12/site-packages/airflow/example_dags/example_latest_only_with_trigger.py took 0.121 seconds
[2025-10-02T22:55:56.406+0000] {processor.py:161} INFO - Started process (PID=473) to work on /home/airflow/.local/lib/python3.12/site-packages/airflow/example_dags/example_latest_only_with_trigger.py
[2025-10-02T22:55:56.408+0000] {processor.py:830} INFO - Processing file /home/airflow/.local/lib/python3.12/site-packages/airflow/example_dags/example_latest_only_with_trigger.py for tasks to queue
[2025-10-02T22:55:56.414+0000] {logging_mixin.py:188} INFO - [2025-10-02T22:55:56.412+0000] {dagbag.py:545} INFO - Filling up the DagBag from /home/airflow/.local/lib/python3.12/site-packages/airflow/example_dags/example_latest_only_with_trigger.py
[2025-10-02T22:55:56.428+0000] {processor.py:840} INFO - DAG(s) 'latest_only_with_trigger' retrieved from /home/airflow/.local/lib/python3.12/site-packages/airflow/example_dags/example_latest_only_with_trigger.py
[2025-10-02T22:55:56.462+0000] {logging_mixin.py:188} INFO - [2025-10-02T22:55:56.461+0000] {dag.py:3096} INFO - Sync 1 DAGs
[2025-10-02T22:55:56.492+0000] {logging_mixin.py:188} INFO - [2025-10-02T22:55:56.492+0000] {dag.py:3954} INFO - Setting next_dagrun for latest_only_with_trigger to 2025-10-02 16:00:00+00:00, run_after=2025-10-02 20:00:00+00:00
[2025-10-02T22:55:56.518+0000] {processor.py:183} INFO - Processing /home/airflow/.local/lib/python3.12/site-packages/airflow/example_dags/example_latest_only_with_trigger.py took 0.125 seconds
[2025-10-02T22:56:26.831+0000] {processor.py:161} INFO - Started process (PID=526) to work on /home/airflow/.local/lib/python3.12/site-packages/airflow/example_dags/example_latest_only_with_trigger.py
[2025-10-02T22:56:26.833+0000] {processor.py:830} INFO - Processing file /home/airflow/.local/lib/python3.12/site-packages/airflow/example_dags/example_latest_only_with_trigger.py for tasks to queue
[2025-10-02T22:56:26.836+0000] {logging_mixin.py:188} INFO - [2025-10-02T22:56:26.836+0000] {dagbag.py:545} INFO - Filling up the DagBag from /home/airflow/.local/lib/python3.12/site-packages/airflow/example_dags/example_latest_only_with_trigger.py
[2025-10-02T22:56:26.844+0000] {processor.py:840} INFO - DAG(s) 'latest_only_with_trigger' retrieved from /home/airflow/.local/lib/python3.12/site-packages/airflow/example_dags/example_latest_only_with_trigger.py
[2025-10-02T22:56:26.876+0000] {logging_mixin.py:188} INFO - [2025-10-02T22:56:26.875+0000] {dag.py:3096} INFO - Sync 1 DAGs
[2025-10-02T22:56:26.906+0000] {logging_mixin.py:188} INFO - [2025-10-02T22:56:26.906+0000] {dag.py:3954} INFO - Setting next_dagrun for latest_only_with_trigger to 2025-10-02 16:00:00+00:00, run_after=2025-10-02 20:00:00+00:00
[2025-10-02T22:56:26.932+0000] {processor.py:183} INFO - Processing /home/airflow/.local/lib/python3.12/site-packages/airflow/example_dags/example_latest_only_with_trigger.py took 0.110 seconds
[2025-10-02T22:56:57.179+0000] {processor.py:161} INFO - Started process (PID=579) to work on /home/airflow/.local/lib/python3.12/site-packages/airflow/example_dags/example_latest_only_with_trigger.py
[2025-10-02T22:56:57.181+0000] {processor.py:830} INFO - Processing file /home/airflow/.local/lib/python3.12/site-packages/airflow/example_dags/example_latest_only_with_trigger.py for tasks to queue
[2025-10-02T22:56:57.184+0000] {logging_mixin.py:188} INFO - [2025-10-02T22:56:57.183+0000] {dagbag.py:545} INFO - Filling up the DagBag from /home/airflow/.local/lib/python3.12/site-packages/airflow/example_dags/example_latest_only_with_trigger.py
[2025-10-02T22:56:57.192+0000] {processor.py:840} INFO - DAG(s) 'latest_only_with_trigger' retrieved from /home/airflow/.local/lib/python3.12/site-packages/airflow/example_dags/example_latest_only_with_trigger.py
[2025-10-02T22:56:57.229+0000] {logging_mixin.py:188} INFO - [2025-10-02T22:56:57.228+0000] {dag.py:3096} INFO - Sync 1 DAGs
[2025-10-02T22:56:57.263+0000] {logging_mixin.py:188} INFO - [2025-10-02T22:56:57.263+0000] {dag.py:3954} INFO - Setting next_dagrun for latest_only_with_trigger to 2025-10-02 16:00:00+00:00, run_after=2025-10-02 20:00:00+00:00
[2025-10-02T22:56:57.287+0000] {processor.py:183} INFO - Processing /home/airflow/.local/lib/python3.12/site-packages/airflow/example_dags/example_latest_only_with_trigger.py took 0.118 seconds
[2025-10-02T22:57:27.663+0000] {processor.py:161} INFO - Started process (PID=632) to work on /home/airflow/.local/lib/python3.12/site-packages/airflow/example_dags/example_latest_only_with_trigger.py
[2025-10-02T22:57:27.664+0000] {processor.py:830} INFO - Processing file /home/airflow/.local/lib/python3.12/site-packages/airflow/example_dags/example_latest_only_with_trigger.py for tasks to queue
[2025-10-02T22:57:27.667+0000] {logging_mixin.py:188} INFO - [2025-10-02T22:57:27.667+0000] {dagbag.py:545} INFO - Filling up the DagBag from /home/airflow/.local/lib/python3.12/site-packages/airflow/example_dags/example_latest_only_with_trigger.py
[2025-10-02T22:57:27.675+0000] {processor.py:840} INFO - DAG(s) 'latest_only_with_trigger' retrieved from /home/airflow/.local/lib/python3.12/site-packages/airflow/example_dags/example_latest_only_with_trigger.py
[2025-10-02T22:57:27.715+0000] {logging_mixin.py:188} INFO - [2025-10-02T22:57:27.715+0000] {dag.py:3096} INFO - Sync 1 DAGs
[2025-10-02T22:57:27.756+0000] {logging_mixin.py:188} INFO - [2025-10-02T22:57:27.756+0000] {dag.py:3954} INFO - Setting next_dagrun for latest_only_with_trigger to 2025-10-02 16:00:00+00:00, run_after=2025-10-02 20:00:00+00:00
[2025-10-02T22:57:27.792+0000] {processor.py:183} INFO - Processing /home/airflow/.local/lib/python3.12/site-packages/airflow/example_dags/example_latest_only_with_trigger.py took 0.139 seconds
[2025-10-02T22:57:58.720+0000] {processor.py:161} INFO - Started process (PID=686) to work on /home/airflow/.local/lib/python3.12/site-packages/airflow/example_dags/example_latest_only_with_trigger.py
[2025-10-02T22:57:58.722+0000] {processor.py:830} INFO - Processing file /home/airflow/.local/lib/python3.12/site-packages/airflow/example_dags/example_latest_only_with_trigger.py for tasks to queue
[2025-10-02T22:57:58.726+0000] {logging_mixin.py:188} INFO - [2025-10-02T22:57:58.725+0000] {dagbag.py:545} INFO - Filling up the DagBag from /home/airflow/.local/lib/python3.12/site-packages/airflow/example_dags/example_latest_only_with_trigger.py
[2025-10-02T22:57:58.735+0000] {processor.py:840} INFO - DAG(s) 'latest_only_with_trigger' retrieved from /home/airflow/.local/lib/python3.12/site-packages/airflow/example_dags/example_latest_only_with_trigger.py
[2025-10-02T22:57:58.752+0000] {logging_mixin.py:188} INFO - [2025-10-02T22:57:58.752+0000] {dag.py:3096} INFO - Sync 1 DAGs
[2025-10-02T22:57:58.781+0000] {logging_mixin.py:188} INFO - [2025-10-02T22:57:58.781+0000] {dag.py:3954} INFO - Setting next_dagrun for latest_only_with_trigger to 2025-10-02 16:00:00+00:00, run_after=2025-10-02 20:00:00+00:00
[2025-10-02T22:57:58.810+0000] {processor.py:183} INFO - Processing /home/airflow/.local/lib/python3.12/site-packages/airflow/example_dags/example_latest_only_with_trigger.py took 0.100 seconds
[2025-10-02T22:58:29.535+0000] {processor.py:161} INFO - Started process (PID=739) to work on /home/airflow/.local/lib/python3.12/site-packages/airflow/example_dags/example_latest_only_with_trigger.py
[2025-10-02T22:58:29.536+0000] {processor.py:830} INFO - Processing file /home/airflow/.local/lib/python3.12/site-packages/airflow/example_dags/example_latest_only_with_trigger.py for tasks to queue
[2025-10-02T22:58:29.539+0000] {logging_mixin.py:188} INFO - [2025-10-02T22:58:29.539+0000] {dagbag.py:545} INFO - Filling up the DagBag from /home/airflow/.local/lib/python3.12/site-packages/airflow/example_dags/example_latest_only_with_trigger.py
[2025-10-02T22:58:29.547+0000] {processor.py:840} INFO - DAG(s) 'latest_only_with_trigger' retrieved from /home/airflow/.local/lib/python3.12/site-packages/airflow/example_dags/example_latest_only_with_trigger.py
[2025-10-02T22:58:29.683+0000] {logging_mixin.py:188} INFO - [2025-10-02T22:58:29.682+0000] {dag.py:3096} INFO - Sync 1 DAGs
[2025-10-02T22:58:29.704+0000] {logging_mixin.py:188} INFO - [2025-10-02T22:58:29.704+0000] {dag.py:3954} INFO - Setting next_dagrun for latest_only_with_trigger to 2025-10-02 16:00:00+00:00, run_after=2025-10-02 20:00:00+00:00
[2025-10-02T22:58:29.727+0000] {processor.py:183} INFO - Processing /home/airflow/.local/lib/python3.12/site-packages/airflow/example_dags/example_latest_only_with_trigger.py took 0.200 seconds
[2025-10-02T22:58:59.982+0000] {processor.py:161} INFO - Started process (PID=792) to work on /home/airflow/.local/lib/python3.12/site-packages/airflow/example_dags/example_latest_only_with_trigger.py
[2025-10-02T22:58:59.984+0000] {processor.py:830} INFO - Processing file /home/airflow/.local/lib/python3.12/site-packages/airflow/example_dags/example_latest_only_with_trigger.py for tasks to queue
[2025-10-02T22:58:59.987+0000] {logging_mixin.py:188} INFO - [2025-10-02T22:58:59.987+0000] {dagbag.py:545} INFO - Filling up the DagBag from /home/airflow/.local/lib/python3.12/site-packages/airflow/example_dags/example_latest_only_with_trigger.py
[2025-10-02T22:59:00.002+0000] {processor.py:840} INFO - DAG(s) 'latest_only_with_trigger' retrieved from /home/airflow/.local/lib/python3.12/site-packages/airflow/example_dags/example_latest_only_with_trigger.py
[2025-10-02T22:59:00.059+0000] {logging_mixin.py:188} INFO - [2025-10-02T22:59:00.059+0000] {dag.py:3096} INFO - Sync 1 DAGs
[2025-10-02T22:59:00.102+0000] {logging_mixin.py:188} INFO - [2025-10-02T22:59:00.101+0000] {dag.py:3954} INFO - Setting next_dagrun for latest_only_with_trigger to 2025-10-02 16:00:00+00:00, run_after=2025-10-02 20:00:00+00:00
[2025-10-02T22:59:00.135+0000] {processor.py:183} INFO - Processing /home/airflow/.local/lib/python3.12/site-packages/airflow/example_dags/example_latest_only_with_trigger.py took 0.169 seconds
[2025-10-02T22:59:30.890+0000] {processor.py:161} INFO - Started process (PID=845) to work on /home/airflow/.local/lib/python3.12/site-packages/airflow/example_dags/example_latest_only_with_trigger.py
[2025-10-02T22:59:30.891+0000] {processor.py:830} INFO - Processing file /home/airflow/.local/lib/python3.12/site-packages/airflow/example_dags/example_latest_only_with_trigger.py for tasks to queue
[2025-10-02T22:59:30.895+0000] {logging_mixin.py:188} INFO - [2025-10-02T22:59:30.894+0000] {dagbag.py:545} INFO - Filling up the DagBag from /home/airflow/.local/lib/python3.12/site-packages/airflow/example_dags/example_latest_only_with_trigger.py
[2025-10-02T22:59:30.903+0000] {processor.py:840} INFO - DAG(s) 'latest_only_with_trigger' retrieved from /home/airflow/.local/lib/python3.12/site-packages/airflow/example_dags/example_latest_only_with_trigger.py
[2025-10-02T22:59:30.938+0000] {logging_mixin.py:188} INFO - [2025-10-02T22:59:30.938+0000] {dag.py:3096} INFO - Sync 1 DAGs
[2025-10-02T22:59:30.976+0000] {logging_mixin.py:188} INFO - [2025-10-02T22:59:30.975+0000] {dag.py:3954} INFO - Setting next_dagrun for latest_only_with_trigger to 2025-10-02 16:00:00+00:00, run_after=2025-10-02 20:00:00+00:00
[2025-10-02T22:59:31.002+0000] {processor.py:183} INFO - Processing /home/airflow/.local/lib/python3.12/site-packages/airflow/example_dags/example_latest_only_with_trigger.py took 0.124 seconds
[2025-10-02T23:00:01.125+0000] {processor.py:161} INFO - Started process (PID=898) to work on /home/airflow/.local/lib/python3.12/site-packages/airflow/example_dags/example_latest_only_with_trigger.py
[2025-10-02T23:00:01.128+0000] {processor.py:830} INFO - Processing file /home/airflow/.local/lib/python3.12/site-packages/airflow/example_dags/example_latest_only_with_trigger.py for tasks to queue
[2025-10-02T23:00:01.131+0000] {logging_mixin.py:188} INFO - [2025-10-02T23:00:01.131+0000] {dagbag.py:545} INFO - Filling up the DagBag from /home/airflow/.local/lib/python3.12/site-packages/airflow/example_dags/example_latest_only_with_trigger.py
[2025-10-02T23:00:01.141+0000] {processor.py:840} INFO - DAG(s) 'latest_only_with_trigger' retrieved from /home/airflow/.local/lib/python3.12/site-packages/airflow/example_dags/example_latest_only_with_trigger.py
[2025-10-02T23:00:01.175+0000] {logging_mixin.py:188} INFO - [2025-10-02T23:00:01.174+0000] {dag.py:3096} INFO - Sync 1 DAGs
[2025-10-02T23:00:01.202+0000] {logging_mixin.py:188} INFO - [2025-10-02T23:00:01.202+0000] {dag.py:3954} INFO - Setting next_dagrun for latest_only_with_trigger to 2025-10-02 16:00:00+00:00, run_after=2025-10-02 20:00:00+00:00
[2025-10-02T23:00:01.223+0000] {processor.py:183} INFO - Processing /home/airflow/.local/lib/python3.12/site-packages/airflow/example_dags/example_latest_only_with_trigger.py took 0.113 seconds
[2025-10-02T23:00:31.385+0000] {processor.py:161} INFO - Started process (PID=950) to work on /home/airflow/.local/lib/python3.12/site-packages/airflow/example_dags/example_latest_only_with_trigger.py
[2025-10-02T23:00:31.386+0000] {processor.py:830} INFO - Processing file /home/airflow/.local/lib/python3.12/site-packages/airflow/example_dags/example_latest_only_with_trigger.py for tasks to queue
[2025-10-02T23:00:31.390+0000] {logging_mixin.py:188} INFO - [2025-10-02T23:00:31.389+0000] {dagbag.py:545} INFO - Filling up the DagBag from /home/airflow/.local/lib/python3.12/site-packages/airflow/example_dags/example_latest_only_with_trigger.py
[2025-10-02T23:00:31.398+0000] {processor.py:840} INFO - DAG(s) 'latest_only_with_trigger' retrieved from /home/airflow/.local/lib/python3.12/site-packages/airflow/example_dags/example_latest_only_with_trigger.py
[2025-10-02T23:00:31.428+0000] {logging_mixin.py:188} INFO - [2025-10-02T23:00:31.427+0000] {dag.py:3096} INFO - Sync 1 DAGs
[2025-10-02T23:00:31.454+0000] {logging_mixin.py:188} INFO - [2025-10-02T23:00:31.453+0000] {dag.py:3954} INFO - Setting next_dagrun for latest_only_with_trigger to 2025-10-02 16:00:00+00:00, run_after=2025-10-02 20:00:00+00:00
[2025-10-02T23:00:31.477+0000] {processor.py:183} INFO - Processing /home/airflow/.local/lib/python3.12/site-packages/airflow/example_dags/example_latest_only_with_trigger.py took 0.102 seconds
[2025-10-02T23:01:01.820+0000] {processor.py:161} INFO - Started process (PID=1003) to work on /home/airflow/.local/lib/python3.12/site-packages/airflow/example_dags/example_latest_only_with_trigger.py
[2025-10-02T23:01:01.822+0000] {processor.py:830} INFO - Processing file /home/airflow/.local/lib/python3.12/site-packages/airflow/example_dags/example_latest_only_with_trigger.py for tasks to queue
[2025-10-02T23:01:01.825+0000] {logging_mixin.py:188} INFO - [2025-10-02T23:01:01.824+0000] {dagbag.py:545} INFO - Filling up the DagBag from /home/airflow/.local/lib/python3.12/site-packages/airflow/example_dags/example_latest_only_with_trigger.py
[2025-10-02T23:01:01.834+0000] {processor.py:840} INFO - DAG(s) 'latest_only_with_trigger' retrieved from /home/airflow/.local/lib/python3.12/site-packages/airflow/example_dags/example_latest_only_with_trigger.py
[2025-10-02T23:01:01.864+0000] {logging_mixin.py:188} INFO - [2025-10-02T23:01:01.863+0000] {dag.py:3096} INFO - Sync 1 DAGs
[2025-10-02T23:01:01.893+0000] {logging_mixin.py:188} INFO - [2025-10-02T23:01:01.893+0000] {dag.py:3954} INFO - Setting next_dagrun for latest_only_with_trigger to 2025-10-02 16:00:00+00:00, run_after=2025-10-02 20:00:00+00:00
[2025-10-02T23:01:01.920+0000] {processor.py:183} INFO - Processing /home/airflow/.local/lib/python3.12/site-packages/airflow/example_dags/example_latest_only_with_trigger.py took 0.109 seconds
[2025-10-02T23:01:32.271+0000] {processor.py:161} INFO - Started process (PID=1056) to work on /home/airflow/.local/lib/python3.12/site-packages/airflow/example_dags/example_latest_only_with_trigger.py
[2025-10-02T23:01:32.273+0000] {processor.py:830} INFO - Processing file /home/airflow/.local/lib/python3.12/site-packages/airflow/example_dags/example_latest_only_with_trigger.py for tasks to queue
[2025-10-02T23:01:32.276+0000] {logging_mixin.py:188} INFO - [2025-10-02T23:01:32.276+0000] {dagbag.py:545} INFO - Filling up the DagBag from /home/airflow/.local/lib/python3.12/site-packages/airflow/example_dags/example_latest_only_with_trigger.py
[2025-10-02T23:01:32.284+0000] {processor.py:840} INFO - DAG(s) 'latest_only_with_trigger' retrieved from /home/airflow/.local/lib/python3.12/site-packages/airflow/example_dags/example_latest_only_with_trigger.py
[2025-10-02T23:01:32.312+0000] {logging_mixin.py:188} INFO - [2025-10-02T23:01:32.312+0000] {dag.py:3096} INFO - Sync 1 DAGs
[2025-10-02T23:01:32.341+0000] {logging_mixin.py:188} INFO - [2025-10-02T23:01:32.341+0000] {dag.py:3954} INFO - Setting next_dagrun for latest_only_with_trigger to 2025-10-02 16:00:00+00:00, run_after=2025-10-02 20:00:00+00:00
[2025-10-02T23:01:32.374+0000] {processor.py:183} INFO - Processing /home/airflow/.local/lib/python3.12/site-packages/airflow/example_dags/example_latest_only_with_trigger.py took 0.110 seconds
[2025-10-02T23:02:02.832+0000] {processor.py:161} INFO - Started process (PID=1109) to work on /home/airflow/.local/lib/python3.12/site-packages/airflow/example_dags/example_latest_only_with_trigger.py
[2025-10-02T23:02:02.833+0000] {processor.py:830} INFO - Processing file /home/airflow/.local/lib/python3.12/site-packages/airflow/example_dags/example_latest_only_with_trigger.py for tasks to queue
[2025-10-02T23:02:02.837+0000] {logging_mixin.py:188} INFO - [2025-10-02T23:02:02.837+0000] {dagbag.py:545} INFO - Filling up the DagBag from /home/airflow/.local/lib/python3.12/site-packages/airflow/example_dags/example_latest_only_with_trigger.py
[2025-10-02T23:02:02.847+0000] {processor.py:840} INFO - DAG(s) 'latest_only_with_trigger' retrieved from /home/airflow/.local/lib/python3.12/site-packages/airflow/example_dags/example_latest_only_with_trigger.py
[2025-10-02T23:02:02.877+0000] {logging_mixin.py:188} INFO - [2025-10-02T23:02:02.877+0000] {dag.py:3096} INFO - Sync 1 DAGs
[2025-10-02T23:02:02.911+0000] {logging_mixin.py:188} INFO - [2025-10-02T23:02:02.911+0000] {dag.py:3954} INFO - Setting next_dagrun for latest_only_with_trigger to 2025-10-02 16:00:00+00:00, run_after=2025-10-02 20:00:00+00:00
[2025-10-02T23:02:02.939+0000] {processor.py:183} INFO - Processing /home/airflow/.local/lib/python3.12/site-packages/airflow/example_dags/example_latest_only_with_trigger.py took 0.118 seconds
[2025-10-02T23:02:33.313+0000] {processor.py:161} INFO - Started process (PID=1162) to work on /home/airflow/.local/lib/python3.12/site-packages/airflow/example_dags/example_latest_only_with_trigger.py
[2025-10-02T23:02:33.315+0000] {processor.py:830} INFO - Processing file /home/airflow/.local/lib/python3.12/site-packages/airflow/example_dags/example_latest_only_with_trigger.py for tasks to queue
[2025-10-02T23:02:33.319+0000] {logging_mixin.py:188} INFO - [2025-10-02T23:02:33.318+0000] {dagbag.py:545} INFO - Filling up the DagBag from /home/airflow/.local/lib/python3.12/site-packages/airflow/example_dags/example_latest_only_with_trigger.py
[2025-10-02T23:02:33.331+0000] {processor.py:840} INFO - DAG(s) 'latest_only_with_trigger' retrieved from /home/airflow/.local/lib/python3.12/site-packages/airflow/example_dags/example_latest_only_with_trigger.py
[2025-10-02T23:02:33.412+0000] {logging_mixin.py:188} INFO - [2025-10-02T23:02:33.412+0000] {dag.py:3096} INFO - Sync 1 DAGs
[2025-10-02T23:02:33.457+0000] {logging_mixin.py:188} INFO - [2025-10-02T23:02:33.456+0000] {dag.py:3954} INFO - Setting next_dagrun for latest_only_with_trigger to 2025-10-02 16:00:00+00:00, run_after=2025-10-02 20:00:00+00:00
[2025-10-02T23:02:33.479+0000] {processor.py:183} INFO - Processing /home/airflow/.local/lib/python3.12/site-packages/airflow/example_dags/example_latest_only_with_trigger.py took 0.183 seconds
[2025-10-02T23:03:03.893+0000] {processor.py:161} INFO - Started process (PID=1215) to work on /home/airflow/.local/lib/python3.12/site-packages/airflow/example_dags/example_latest_only_with_trigger.py
[2025-10-02T23:03:03.895+0000] {processor.py:830} INFO - Processing file /home/airflow/.local/lib/python3.12/site-packages/airflow/example_dags/example_latest_only_with_trigger.py for tasks to queue
[2025-10-02T23:03:03.900+0000] {logging_mixin.py:188} INFO - [2025-10-02T23:03:03.899+0000] {dagbag.py:545} INFO - Filling up the DagBag from /home/airflow/.local/lib/python3.12/site-packages/airflow/example_dags/example_latest_only_with_trigger.py
[2025-10-02T23:03:03.918+0000] {processor.py:840} INFO - DAG(s) 'latest_only_with_trigger' retrieved from /home/airflow/.local/lib/python3.12/site-packages/airflow/example_dags/example_latest_only_with_trigger.py
[2025-10-02T23:03:03.972+0000] {logging_mixin.py:188} INFO - [2025-10-02T23:03:03.972+0000] {dag.py:3096} INFO - Sync 1 DAGs
[2025-10-02T23:03:04.022+0000] {logging_mixin.py:188} INFO - [2025-10-02T23:03:04.021+0000] {dag.py:3954} INFO - Setting next_dagrun for latest_only_with_trigger to 2025-10-02 16:00:00+00:00, run_after=2025-10-02 20:00:00+00:00
[2025-10-02T23:03:04.069+0000] {processor.py:183} INFO - Processing /home/airflow/.local/lib/python3.12/site-packages/airflow/example_dags/example_latest_only_with_trigger.py took 0.190 seconds
[2025-10-02T23:03:34.567+0000] {processor.py:161} INFO - Started process (PID=1268) to work on /home/airflow/.local/lib/python3.12/site-packages/airflow/example_dags/example_latest_only_with_trigger.py
[2025-10-02T23:03:34.569+0000] {processor.py:830} INFO - Processing file /home/airflow/.local/lib/python3.12/site-packages/airflow/example_dags/example_latest_only_with_trigger.py for tasks to queue
[2025-10-02T23:03:34.571+0000] {logging_mixin.py:188} INFO - [2025-10-02T23:03:34.571+0000] {dagbag.py:545} INFO - Filling up the DagBag from /home/airflow/.local/lib/python3.12/site-packages/airflow/example_dags/example_latest_only_with_trigger.py
[2025-10-02T23:03:34.579+0000] {processor.py:840} INFO - DAG(s) 'latest_only_with_trigger' retrieved from /home/airflow/.local/lib/python3.12/site-packages/airflow/example_dags/example_latest_only_with_trigger.py
[2025-10-02T23:03:34.608+0000] {logging_mixin.py:188} INFO - [2025-10-02T23:03:34.608+0000] {dag.py:3096} INFO - Sync 1 DAGs
[2025-10-02T23:03:34.636+0000] {logging_mixin.py:188} INFO - [2025-10-02T23:03:34.636+0000] {dag.py:3954} INFO - Setting next_dagrun for latest_only_with_trigger to 2025-10-02 16:00:00+00:00, run_after=2025-10-02 20:00:00+00:00
[2025-10-02T23:03:34.660+0000] {processor.py:183} INFO - Processing /home/airflow/.local/lib/python3.12/site-packages/airflow/example_dags/example_latest_only_with_trigger.py took 0.101 seconds
[2025-10-02T23:04:05.695+0000] {processor.py:161} INFO - Started process (PID=1321) to work on /home/airflow/.local/lib/python3.12/site-packages/airflow/example_dags/example_latest_only_with_trigger.py
[2025-10-02T23:04:05.698+0000] {processor.py:830} INFO - Processing file /home/airflow/.local/lib/python3.12/site-packages/airflow/example_dags/example_latest_only_with_trigger.py for tasks to queue
[2025-10-02T23:04:05.703+0000] {logging_mixin.py:188} INFO - [2025-10-02T23:04:05.702+0000] {dagbag.py:545} INFO - Filling up the DagBag from /home/airflow/.local/lib/python3.12/site-packages/airflow/example_dags/example_latest_only_with_trigger.py
[2025-10-02T23:04:05.719+0000] {processor.py:840} INFO - DAG(s) 'latest_only_with_trigger' retrieved from /home/airflow/.local/lib/python3.12/site-packages/airflow/example_dags/example_latest_only_with_trigger.py
[2025-10-02T23:04:05.753+0000] {logging_mixin.py:188} INFO - [2025-10-02T23:04:05.753+0000] {dag.py:3096} INFO - Sync 1 DAGs
[2025-10-02T23:04:05.790+0000] {logging_mixin.py:188} INFO - [2025-10-02T23:04:05.790+0000] {dag.py:3954} INFO - Setting next_dagrun for latest_only_with_trigger to 2025-10-02 16:00:00+00:00, run_after=2025-10-02 20:00:00+00:00
[2025-10-02T23:04:05.816+0000] {processor.py:183} INFO - Processing /home/airflow/.local/lib/python3.12/site-packages/airflow/example_dags/example_latest_only_with_trigger.py took 0.135 seconds
[2025-10-02T23:04:35.968+0000] {processor.py:161} INFO - Started process (PID=1374) to work on /home/airflow/.local/lib/python3.12/site-packages/airflow/example_dags/example_latest_only_with_trigger.py
[2025-10-02T23:04:35.969+0000] {processor.py:830} INFO - Processing file /home/airflow/.local/lib/python3.12/site-packages/airflow/example_dags/example_latest_only_with_trigger.py for tasks to queue
[2025-10-02T23:04:35.972+0000] {logging_mixin.py:188} INFO - [2025-10-02T23:04:35.972+0000] {dagbag.py:545} INFO - Filling up the DagBag from /home/airflow/.local/lib/python3.12/site-packages/airflow/example_dags/example_latest_only_with_trigger.py
[2025-10-02T23:04:35.981+0000] {processor.py:840} INFO - DAG(s) 'latest_only_with_trigger' retrieved from /home/airflow/.local/lib/python3.12/site-packages/airflow/example_dags/example_latest_only_with_trigger.py
[2025-10-02T23:04:36.011+0000] {logging_mixin.py:188} INFO - [2025-10-02T23:04:36.011+0000] {dag.py:3096} INFO - Sync 1 DAGs
[2025-10-02T23:04:36.036+0000] {logging_mixin.py:188} INFO - [2025-10-02T23:04:36.036+0000] {dag.py:3954} INFO - Setting next_dagrun for latest_only_with_trigger to 2025-10-02 16:00:00+00:00, run_after=2025-10-02 20:00:00+00:00
[2025-10-02T23:04:36.060+0000] {processor.py:183} INFO - Processing /home/airflow/.local/lib/python3.12/site-packages/airflow/example_dags/example_latest_only_with_trigger.py took 0.101 seconds
[2025-10-02T23:05:06.532+0000] {processor.py:161} INFO - Started process (PID=1427) to work on /home/airflow/.local/lib/python3.12/site-packages/airflow/example_dags/example_latest_only_with_trigger.py
[2025-10-02T23:05:06.533+0000] {processor.py:830} INFO - Processing file /home/airflow/.local/lib/python3.12/site-packages/airflow/example_dags/example_latest_only_with_trigger.py for tasks to queue
[2025-10-02T23:05:06.536+0000] {logging_mixin.py:188} INFO - [2025-10-02T23:05:06.535+0000] {dagbag.py:545} INFO - Filling up the DagBag from /home/airflow/.local/lib/python3.12/site-packages/airflow/example_dags/example_latest_only_with_trigger.py
[2025-10-02T23:05:06.544+0000] {processor.py:840} INFO - DAG(s) 'latest_only_with_trigger' retrieved from /home/airflow/.local/lib/python3.12/site-packages/airflow/example_dags/example_latest_only_with_trigger.py
[2025-10-02T23:05:06.574+0000] {logging_mixin.py:188} INFO - [2025-10-02T23:05:06.573+0000] {dag.py:3096} INFO - Sync 1 DAGs
[2025-10-02T23:05:06.600+0000] {logging_mixin.py:188} INFO - [2025-10-02T23:05:06.600+0000] {dag.py:3954} INFO - Setting next_dagrun for latest_only_with_trigger to 2025-10-02 16:00:00+00:00, run_after=2025-10-02 20:00:00+00:00
[2025-10-02T23:05:06.626+0000] {processor.py:183} INFO - Processing /home/airflow/.local/lib/python3.12/site-packages/airflow/example_dags/example_latest_only_with_trigger.py took 0.103 seconds
[2025-10-02T23:05:36.885+0000] {processor.py:161} INFO - Started process (PID=1480) to work on /home/airflow/.local/lib/python3.12/site-packages/airflow/example_dags/example_latest_only_with_trigger.py
[2025-10-02T23:05:36.887+0000] {processor.py:830} INFO - Processing file /home/airflow/.local/lib/python3.12/site-packages/airflow/example_dags/example_latest_only_with_trigger.py for tasks to queue
[2025-10-02T23:05:36.891+0000] {logging_mixin.py:188} INFO - [2025-10-02T23:05:36.891+0000] {dagbag.py:545} INFO - Filling up the DagBag from /home/airflow/.local/lib/python3.12/site-packages/airflow/example_dags/example_latest_only_with_trigger.py
[2025-10-02T23:05:36.907+0000] {processor.py:840} INFO - DAG(s) 'latest_only_with_trigger' retrieved from /home/airflow/.local/lib/python3.12/site-packages/airflow/example_dags/example_latest_only_with_trigger.py
[2025-10-02T23:05:36.968+0000] {logging_mixin.py:188} INFO - [2025-10-02T23:05:36.968+0000] {dag.py:3096} INFO - Sync 1 DAGs
[2025-10-02T23:05:37.044+0000] {logging_mixin.py:188} INFO - [2025-10-02T23:05:37.043+0000] {dag.py:3954} INFO - Setting next_dagrun for latest_only_with_trigger to 2025-10-02 16:00:00+00:00, run_after=2025-10-02 20:00:00+00:00
[2025-10-02T23:05:37.094+0000] {processor.py:183} INFO - Processing /home/airflow/.local/lib/python3.12/site-packages/airflow/example_dags/example_latest_only_with_trigger.py took 0.224 seconds
[2025-10-02T23:06:07.917+0000] {processor.py:161} INFO - Started process (PID=1533) to work on /home/airflow/.local/lib/python3.12/site-packages/airflow/example_dags/example_latest_only_with_trigger.py
[2025-10-02T23:06:07.919+0000] {processor.py:830} INFO - Processing file /home/airflow/.local/lib/python3.12/site-packages/airflow/example_dags/example_latest_only_with_trigger.py for tasks to queue
[2025-10-02T23:06:07.922+0000] {logging_mixin.py:188} INFO - [2025-10-02T23:06:07.922+0000] {dagbag.py:545} INFO - Filling up the DagBag from /home/airflow/.local/lib/python3.12/site-packages/airflow/example_dags/example_latest_only_with_trigger.py
[2025-10-02T23:06:07.931+0000] {processor.py:840} INFO - DAG(s) 'latest_only_with_trigger' retrieved from /home/airflow/.local/lib/python3.12/site-packages/airflow/example_dags/example_latest_only_with_trigger.py
[2025-10-02T23:06:07.965+0000] {logging_mixin.py:188} INFO - [2025-10-02T23:06:07.965+0000] {dag.py:3096} INFO - Sync 1 DAGs
[2025-10-02T23:06:07.995+0000] {logging_mixin.py:188} INFO - [2025-10-02T23:06:07.994+0000] {dag.py:3954} INFO - Setting next_dagrun for latest_only_with_trigger to 2025-10-02 16:00:00+00:00, run_after=2025-10-02 20:00:00+00:00
[2025-10-02T23:06:08.024+0000] {processor.py:183} INFO - Processing /home/airflow/.local/lib/python3.12/site-packages/airflow/example_dags/example_latest_only_with_trigger.py took 0.117 seconds
[2025-10-02T23:06:38.248+0000] {processor.py:161} INFO - Started process (PID=1586) to work on /home/airflow/.local/lib/python3.12/site-packages/airflow/example_dags/example_latest_only_with_trigger.py
[2025-10-02T23:06:38.249+0000] {processor.py:830} INFO - Processing file /home/airflow/.local/lib/python3.12/site-packages/airflow/example_dags/example_latest_only_with_trigger.py for tasks to queue
[2025-10-02T23:06:38.253+0000] {logging_mixin.py:188} INFO - [2025-10-02T23:06:38.252+0000] {dagbag.py:545} INFO - Filling up the DagBag from /home/airflow/.local/lib/python3.12/site-packages/airflow/example_dags/example_latest_only_with_trigger.py
[2025-10-02T23:06:38.262+0000] {processor.py:840} INFO - DAG(s) 'latest_only_with_trigger' retrieved from /home/airflow/.local/lib/python3.12/site-packages/airflow/example_dags/example_latest_only_with_trigger.py
[2025-10-02T23:06:38.292+0000] {logging_mixin.py:188} INFO - [2025-10-02T23:06:38.292+0000] {dag.py:3096} INFO - Sync 1 DAGs
[2025-10-02T23:06:38.323+0000] {logging_mixin.py:188} INFO - [2025-10-02T23:06:38.323+0000] {dag.py:3954} INFO - Setting next_dagrun for latest_only_with_trigger to 2025-10-02 16:00:00+00:00, run_after=2025-10-02 20:00:00+00:00
[2025-10-02T23:06:38.523+0000] {processor.py:183} INFO - Processing /home/airflow/.local/lib/python3.12/site-packages/airflow/example_dags/example_latest_only_with_trigger.py took 0.284 seconds
[2025-10-02T23:07:09.321+0000] {processor.py:161} INFO - Started process (PID=1639) to work on /home/airflow/.local/lib/python3.12/site-packages/airflow/example_dags/example_latest_only_with_trigger.py
[2025-10-02T23:07:09.323+0000] {processor.py:830} INFO - Processing file /home/airflow/.local/lib/python3.12/site-packages/airflow/example_dags/example_latest_only_with_trigger.py for tasks to queue
[2025-10-02T23:07:09.326+0000] {logging_mixin.py:188} INFO - [2025-10-02T23:07:09.326+0000] {dagbag.py:545} INFO - Filling up the DagBag from /home/airflow/.local/lib/python3.12/site-packages/airflow/example_dags/example_latest_only_with_trigger.py
[2025-10-02T23:07:09.338+0000] {processor.py:840} INFO - DAG(s) 'latest_only_with_trigger' retrieved from /home/airflow/.local/lib/python3.12/site-packages/airflow/example_dags/example_latest_only_with_trigger.py
[2025-10-02T23:07:09.372+0000] {logging_mixin.py:188} INFO - [2025-10-02T23:07:09.371+0000] {dag.py:3096} INFO - Sync 1 DAGs
[2025-10-02T23:07:09.398+0000] {logging_mixin.py:188} INFO - [2025-10-02T23:07:09.398+0000] {dag.py:3954} INFO - Setting next_dagrun for latest_only_with_trigger to 2025-10-02 16:00:00+00:00, run_after=2025-10-02 20:00:00+00:00
[2025-10-02T23:07:09.421+0000] {processor.py:183} INFO - Processing /home/airflow/.local/lib/python3.12/site-packages/airflow/example_dags/example_latest_only_with_trigger.py took 0.112 seconds
[2025-10-02T23:07:39.666+0000] {processor.py:161} INFO - Started process (PID=1692) to work on /home/airflow/.local/lib/python3.12/site-packages/airflow/example_dags/example_latest_only_with_trigger.py
[2025-10-02T23:07:39.668+0000] {processor.py:830} INFO - Processing file /home/airflow/.local/lib/python3.12/site-packages/airflow/example_dags/example_latest_only_with_trigger.py for tasks to queue
[2025-10-02T23:07:39.672+0000] {logging_mixin.py:188} INFO - [2025-10-02T23:07:39.671+0000] {dagbag.py:545} INFO - Filling up the DagBag from /home/airflow/.local/lib/python3.12/site-packages/airflow/example_dags/example_latest_only_with_trigger.py
[2025-10-02T23:07:39.682+0000] {processor.py:840} INFO - DAG(s) 'latest_only_with_trigger' retrieved from /home/airflow/.local/lib/python3.12/site-packages/airflow/example_dags/example_latest_only_with_trigger.py
[2025-10-02T23:07:39.716+0000] {logging_mixin.py:188} INFO - [2025-10-02T23:07:39.715+0000] {dag.py:3096} INFO - Sync 1 DAGs
[2025-10-02T23:07:39.745+0000] {logging_mixin.py:188} INFO - [2025-10-02T23:07:39.744+0000] {dag.py:3954} INFO - Setting next_dagrun for latest_only_with_trigger to 2025-10-02 16:00:00+00:00, run_after=2025-10-02 20:00:00+00:00
[2025-10-02T23:07:39.769+0000] {processor.py:183} INFO - Processing /home/airflow/.local/lib/python3.12/site-packages/airflow/example_dags/example_latest_only_with_trigger.py took 0.114 seconds
[2025-10-02T23:08:10.052+0000] {processor.py:161} INFO - Started process (PID=1745) to work on /home/airflow/.local/lib/python3.12/site-packages/airflow/example_dags/example_latest_only_with_trigger.py
[2025-10-02T23:08:10.053+0000] {processor.py:830} INFO - Processing file /home/airflow/.local/lib/python3.12/site-packages/airflow/example_dags/example_latest_only_with_trigger.py for tasks to queue
[2025-10-02T23:08:10.057+0000] {logging_mixin.py:188} INFO - [2025-10-02T23:08:10.056+0000] {dagbag.py:545} INFO - Filling up the DagBag from /home/airflow/.local/lib/python3.12/site-packages/airflow/example_dags/example_latest_only_with_trigger.py
[2025-10-02T23:08:10.065+0000] {processor.py:840} INFO - DAG(s) 'latest_only_with_trigger' retrieved from /home/airflow/.local/lib/python3.12/site-packages/airflow/example_dags/example_latest_only_with_trigger.py
[2025-10-02T23:08:10.287+0000] {logging_mixin.py:188} INFO - [2025-10-02T23:08:10.287+0000] {dag.py:3096} INFO - Sync 1 DAGs
[2025-10-02T23:08:10.316+0000] {logging_mixin.py:188} INFO - [2025-10-02T23:08:10.316+0000] {dag.py:3954} INFO - Setting next_dagrun for latest_only_with_trigger to 2025-10-02 16:00:00+00:00, run_after=2025-10-02 20:00:00+00:00
[2025-10-02T23:08:10.341+0000] {processor.py:183} INFO - Processing /home/airflow/.local/lib/python3.12/site-packages/airflow/example_dags/example_latest_only_with_trigger.py took 0.298 seconds
[2025-10-02T23:08:40.687+0000] {processor.py:161} INFO - Started process (PID=1798) to work on /home/airflow/.local/lib/python3.12/site-packages/airflow/example_dags/example_latest_only_with_trigger.py
[2025-10-02T23:08:40.689+0000] {processor.py:830} INFO - Processing file /home/airflow/.local/lib/python3.12/site-packages/airflow/example_dags/example_latest_only_with_trigger.py for tasks to queue
[2025-10-02T23:08:40.692+0000] {logging_mixin.py:188} INFO - [2025-10-02T23:08:40.691+0000] {dagbag.py:545} INFO - Filling up the DagBag from /home/airflow/.local/lib/python3.12/site-packages/airflow/example_dags/example_latest_only_with_trigger.py
[2025-10-02T23:08:40.700+0000] {processor.py:840} INFO - DAG(s) 'latest_only_with_trigger' retrieved from /home/airflow/.local/lib/python3.12/site-packages/airflow/example_dags/example_latest_only_with_trigger.py
[2025-10-02T23:08:40.731+0000] {logging_mixin.py:188} INFO - [2025-10-02T23:08:40.731+0000] {dag.py:3096} INFO - Sync 1 DAGs
[2025-10-02T23:08:40.760+0000] {logging_mixin.py:188} INFO - [2025-10-02T23:08:40.760+0000] {dag.py:3954} INFO - Setting next_dagrun for latest_only_with_trigger to 2025-10-02 16:00:00+00:00, run_after=2025-10-02 20:00:00+00:00
[2025-10-02T23:08:40.787+0000] {processor.py:183} INFO - Processing /home/airflow/.local/lib/python3.12/site-packages/airflow/example_dags/example_latest_only_with_trigger.py took 0.108 seconds
[2025-10-02T23:09:11.384+0000] {processor.py:161} INFO - Started process (PID=1851) to work on /home/airflow/.local/lib/python3.12/site-packages/airflow/example_dags/example_latest_only_with_trigger.py
[2025-10-02T23:09:11.386+0000] {processor.py:830} INFO - Processing file /home/airflow/.local/lib/python3.12/site-packages/airflow/example_dags/example_latest_only_with_trigger.py for tasks to queue
[2025-10-02T23:09:11.389+0000] {logging_mixin.py:188} INFO - [2025-10-02T23:09:11.388+0000] {dagbag.py:545} INFO - Filling up the DagBag from /home/airflow/.local/lib/python3.12/site-packages/airflow/example_dags/example_latest_only_with_trigger.py
[2025-10-02T23:09:11.397+0000] {processor.py:840} INFO - DAG(s) 'latest_only_with_trigger' retrieved from /home/airflow/.local/lib/python3.12/site-packages/airflow/example_dags/example_latest_only_with_trigger.py
[2025-10-02T23:09:11.430+0000] {logging_mixin.py:188} INFO - [2025-10-02T23:09:11.430+0000] {dag.py:3096} INFO - Sync 1 DAGs
[2025-10-02T23:09:11.460+0000] {logging_mixin.py:188} INFO - [2025-10-02T23:09:11.460+0000] {dag.py:3954} INFO - Setting next_dagrun for latest_only_with_trigger to 2025-10-02 16:00:00+00:00, run_after=2025-10-02 20:00:00+00:00
[2025-10-02T23:09:11.489+0000] {processor.py:183} INFO - Processing /home/airflow/.local/lib/python3.12/site-packages/airflow/example_dags/example_latest_only_with_trigger.py took 0.116 seconds
[2025-10-02T23:09:42.335+0000] {processor.py:161} INFO - Started process (PID=1904) to work on /home/airflow/.local/lib/python3.12/site-packages/airflow/example_dags/example_latest_only_with_trigger.py
[2025-10-02T23:09:42.336+0000] {processor.py:830} INFO - Processing file /home/airflow/.local/lib/python3.12/site-packages/airflow/example_dags/example_latest_only_with_trigger.py for tasks to queue
[2025-10-02T23:09:42.339+0000] {logging_mixin.py:188} INFO - [2025-10-02T23:09:42.339+0000] {dagbag.py:545} INFO - Filling up the DagBag from /home/airflow/.local/lib/python3.12/site-packages/airflow/example_dags/example_latest_only_with_trigger.py
[2025-10-02T23:09:42.347+0000] {processor.py:840} INFO - DAG(s) 'latest_only_with_trigger' retrieved from /home/airflow/.local/lib/python3.12/site-packages/airflow/example_dags/example_latest_only_with_trigger.py
[2025-10-02T23:09:42.376+0000] {logging_mixin.py:188} INFO - [2025-10-02T23:09:42.376+0000] {dag.py:3096} INFO - Sync 1 DAGs
[2025-10-02T23:09:42.402+0000] {logging_mixin.py:188} INFO - [2025-10-02T23:09:42.401+0000] {dag.py:3954} INFO - Setting next_dagrun for latest_only_with_trigger to 2025-10-02 16:00:00+00:00, run_after=2025-10-02 20:00:00+00:00
[2025-10-02T23:09:42.425+0000] {processor.py:183} INFO - Processing /home/airflow/.local/lib/python3.12/site-packages/airflow/example_dags/example_latest_only_with_trigger.py took 0.098 seconds
[2025-10-02T23:10:12.740+0000] {processor.py:161} INFO - Started process (PID=1957) to work on /home/airflow/.local/lib/python3.12/site-packages/airflow/example_dags/example_latest_only_with_trigger.py
[2025-10-02T23:10:12.742+0000] {processor.py:830} INFO - Processing file /home/airflow/.local/lib/python3.12/site-packages/airflow/example_dags/example_latest_only_with_trigger.py for tasks to queue
[2025-10-02T23:10:12.746+0000] {logging_mixin.py:188} INFO - [2025-10-02T23:10:12.745+0000] {dagbag.py:545} INFO - Filling up the DagBag from /home/airflow/.local/lib/python3.12/site-packages/airflow/example_dags/example_latest_only_with_trigger.py
[2025-10-02T23:10:12.755+0000] {processor.py:840} INFO - DAG(s) 'latest_only_with_trigger' retrieved from /home/airflow/.local/lib/python3.12/site-packages/airflow/example_dags/example_latest_only_with_trigger.py
[2025-10-02T23:10:12.786+0000] {logging_mixin.py:188} INFO - [2025-10-02T23:10:12.786+0000] {dag.py:3096} INFO - Sync 1 DAGs
[2025-10-02T23:10:12.820+0000] {logging_mixin.py:188} INFO - [2025-10-02T23:10:12.820+0000] {dag.py:3954} INFO - Setting next_dagrun for latest_only_with_trigger to 2025-10-02 16:00:00+00:00, run_after=2025-10-02 20:00:00+00:00
[2025-10-02T23:10:12.847+0000] {processor.py:183} INFO - Processing /home/airflow/.local/lib/python3.12/site-packages/airflow/example_dags/example_latest_only_with_trigger.py took 0.118 seconds
