[2025-10-02T22:50:38.144+0000] {processor.py:161} INFO - Started process (PID=47) to work on /home/airflow/.local/lib/python3.12/site-packages/airflow/example_dags/example_bash_operator.py
[2025-10-02T22:50:38.145+0000] {processor.py:830} INFO - Processing file /home/airflow/.local/lib/python3.12/site-packages/airflow/example_dags/example_bash_operator.py for tasks to queue
[2025-10-02T22:50:38.148+0000] {logging_mixin.py:188} INFO - [2025-10-02T22:50:38.148+0000] {dagbag.py:545} INFO - Filling up the DagBag from /home/airflow/.local/lib/python3.12/site-packages/airflow/example_dags/example_bash_operator.py
[2025-10-02T22:50:38.175+0000] {processor.py:840} INFO - DAG(s) 'example_bash_operator' retrieved from /home/airflow/.local/lib/python3.12/site-packages/airflow/example_dags/example_bash_operator.py
[2025-10-02T22:50:38.386+0000] {logging_mixin.py:188} INFO - [2025-10-02T22:50:38.385+0000] {override.py:1829} INFO - Created Permission View: can delete on DAG:example_bash_operator
[2025-10-02T22:50:38.398+0000] {logging_mixin.py:188} INFO - [2025-10-02T22:50:38.398+0000] {override.py:1829} INFO - Created Permission View: can edit on DAG:example_bash_operator
[2025-10-02T22:50:38.405+0000] {logging_mixin.py:188} INFO - [2025-10-02T22:50:38.405+0000] {override.py:1829} INFO - Created Permission View: can read on DAG:example_bash_operator
[2025-10-02T22:50:38.406+0000] {logging_mixin.py:188} INFO - [2025-10-02T22:50:38.406+0000] {dag.py:3096} INFO - Sync 1 DAGs
[2025-10-02T22:50:38.419+0000] {logging_mixin.py:188} INFO - [2025-10-02T22:50:38.419+0000] {dag.py:3118} INFO - Creating ORM DAG for example_bash_operator
[2025-10-02T22:50:38.434+0000] {logging_mixin.py:188} INFO - [2025-10-02T22:50:38.434+0000] {dag.py:3954} INFO - Setting next_dagrun for example_bash_operator to 2025-10-01 00:00:00+00:00, run_after=2025-10-02 00:00:00+00:00
[2025-10-02T22:50:38.458+0000] {processor.py:183} INFO - Processing /home/airflow/.local/lib/python3.12/site-packages/airflow/example_dags/example_bash_operator.py took 0.327 seconds
[2025-10-02T22:51:50.294+0000] {processor.py:161} INFO - Started process (PID=47) to work on /home/airflow/.local/lib/python3.12/site-packages/airflow/example_dags/example_bash_operator.py
[2025-10-02T22:51:50.296+0000] {processor.py:830} INFO - Processing file /home/airflow/.local/lib/python3.12/site-packages/airflow/example_dags/example_bash_operator.py for tasks to queue
[2025-10-02T22:51:50.306+0000] {logging_mixin.py:188} INFO - [2025-10-02T22:51:50.306+0000] {dagbag.py:545} INFO - Filling up the DagBag from /home/airflow/.local/lib/python3.12/site-packages/airflow/example_dags/example_bash_operator.py
[2025-10-02T22:51:50.335+0000] {processor.py:840} INFO - DAG(s) 'example_bash_operator' retrieved from /home/airflow/.local/lib/python3.12/site-packages/airflow/example_dags/example_bash_operator.py
[2025-10-02T22:51:50.359+0000] {logging_mixin.py:188} INFO - [2025-10-02T22:51:50.358+0000] {dag.py:3096} INFO - Sync 1 DAGs
[2025-10-02T22:51:50.407+0000] {logging_mixin.py:188} INFO - [2025-10-02T22:51:50.407+0000] {dag.py:3954} INFO - Setting next_dagrun for example_bash_operator to 2025-10-01 00:00:00+00:00, run_after=2025-10-02 00:00:00+00:00
[2025-10-02T22:51:50.450+0000] {processor.py:183} INFO - Processing /home/airflow/.local/lib/python3.12/site-packages/airflow/example_dags/example_bash_operator.py took 0.173 seconds
[2025-10-02T22:52:21.003+0000] {processor.py:161} INFO - Started process (PID=100) to work on /home/airflow/.local/lib/python3.12/site-packages/airflow/example_dags/example_bash_operator.py
[2025-10-02T22:52:21.005+0000] {processor.py:830} INFO - Processing file /home/airflow/.local/lib/python3.12/site-packages/airflow/example_dags/example_bash_operator.py for tasks to queue
[2025-10-02T22:52:21.009+0000] {logging_mixin.py:188} INFO - [2025-10-02T22:52:21.008+0000] {dagbag.py:545} INFO - Filling up the DagBag from /home/airflow/.local/lib/python3.12/site-packages/airflow/example_dags/example_bash_operator.py
[2025-10-02T22:52:21.055+0000] {processor.py:840} INFO - DAG(s) 'example_bash_operator' retrieved from /home/airflow/.local/lib/python3.12/site-packages/airflow/example_dags/example_bash_operator.py
[2025-10-02T22:52:21.086+0000] {logging_mixin.py:188} INFO - [2025-10-02T22:52:21.086+0000] {dag.py:3096} INFO - Sync 1 DAGs
[2025-10-02T22:52:21.140+0000] {logging_mixin.py:188} INFO - [2025-10-02T22:52:21.140+0000] {dag.py:3954} INFO - Setting next_dagrun for example_bash_operator to 2025-10-01 00:00:00+00:00, run_after=2025-10-02 00:00:00+00:00
[2025-10-02T22:52:21.174+0000] {processor.py:183} INFO - Processing /home/airflow/.local/lib/python3.12/site-packages/airflow/example_dags/example_bash_operator.py took 0.187 seconds
[2025-10-02T22:52:51.652+0000] {processor.py:161} INFO - Started process (PID=153) to work on /home/airflow/.local/lib/python3.12/site-packages/airflow/example_dags/example_bash_operator.py
[2025-10-02T22:52:51.654+0000] {processor.py:830} INFO - Processing file /home/airflow/.local/lib/python3.12/site-packages/airflow/example_dags/example_bash_operator.py for tasks to queue
[2025-10-02T22:52:51.658+0000] {logging_mixin.py:188} INFO - [2025-10-02T22:52:51.657+0000] {dagbag.py:545} INFO - Filling up the DagBag from /home/airflow/.local/lib/python3.12/site-packages/airflow/example_dags/example_bash_operator.py
[2025-10-02T22:52:51.675+0000] {processor.py:840} INFO - DAG(s) 'example_bash_operator' retrieved from /home/airflow/.local/lib/python3.12/site-packages/airflow/example_dags/example_bash_operator.py
[2025-10-02T22:52:51.821+0000] {logging_mixin.py:188} INFO - [2025-10-02T22:52:51.820+0000] {dag.py:3096} INFO - Sync 1 DAGs
[2025-10-02T22:52:51.845+0000] {logging_mixin.py:188} INFO - [2025-10-02T22:52:51.845+0000] {dag.py:3954} INFO - Setting next_dagrun for example_bash_operator to 2025-10-01 00:00:00+00:00, run_after=2025-10-02 00:00:00+00:00
[2025-10-02T22:52:51.867+0000] {processor.py:183} INFO - Processing /home/airflow/.local/lib/python3.12/site-packages/airflow/example_dags/example_bash_operator.py took 0.227 seconds
[2025-10-02T22:53:22.534+0000] {processor.py:161} INFO - Started process (PID=207) to work on /home/airflow/.local/lib/python3.12/site-packages/airflow/example_dags/example_bash_operator.py
[2025-10-02T22:53:22.536+0000] {processor.py:830} INFO - Processing file /home/airflow/.local/lib/python3.12/site-packages/airflow/example_dags/example_bash_operator.py for tasks to queue
[2025-10-02T22:53:22.541+0000] {logging_mixin.py:188} INFO - [2025-10-02T22:53:22.541+0000] {dagbag.py:545} INFO - Filling up the DagBag from /home/airflow/.local/lib/python3.12/site-packages/airflow/example_dags/example_bash_operator.py
[2025-10-02T22:53:22.566+0000] {processor.py:840} INFO - DAG(s) 'example_bash_operator' retrieved from /home/airflow/.local/lib/python3.12/site-packages/airflow/example_dags/example_bash_operator.py
[2025-10-02T22:53:22.621+0000] {logging_mixin.py:188} INFO - [2025-10-02T22:53:22.620+0000] {dag.py:3096} INFO - Sync 1 DAGs
[2025-10-02T22:53:22.657+0000] {logging_mixin.py:188} INFO - [2025-10-02T22:53:22.656+0000] {dag.py:3954} INFO - Setting next_dagrun for example_bash_operator to 2025-10-01 00:00:00+00:00, run_after=2025-10-02 00:00:00+00:00
[2025-10-02T22:53:22.681+0000] {processor.py:183} INFO - Processing /home/airflow/.local/lib/python3.12/site-packages/airflow/example_dags/example_bash_operator.py took 0.158 seconds
[2025-10-02T22:53:54.086+0000] {processor.py:161} INFO - Started process (PID=260) to work on /home/airflow/.local/lib/python3.12/site-packages/airflow/example_dags/example_bash_operator.py
[2025-10-02T22:53:54.088+0000] {processor.py:830} INFO - Processing file /home/airflow/.local/lib/python3.12/site-packages/airflow/example_dags/example_bash_operator.py for tasks to queue
[2025-10-02T22:53:54.092+0000] {logging_mixin.py:188} INFO - [2025-10-02T22:53:54.091+0000] {dagbag.py:545} INFO - Filling up the DagBag from /home/airflow/.local/lib/python3.12/site-packages/airflow/example_dags/example_bash_operator.py
[2025-10-02T22:53:54.116+0000] {processor.py:840} INFO - DAG(s) 'example_bash_operator' retrieved from /home/airflow/.local/lib/python3.12/site-packages/airflow/example_dags/example_bash_operator.py
[2025-10-02T22:53:54.132+0000] {logging_mixin.py:188} INFO - [2025-10-02T22:53:54.132+0000] {dag.py:3096} INFO - Sync 1 DAGs
[2025-10-02T22:53:54.161+0000] {logging_mixin.py:188} INFO - [2025-10-02T22:53:54.161+0000] {dag.py:3954} INFO - Setting next_dagrun for example_bash_operator to 2025-10-01 00:00:00+00:00, run_after=2025-10-02 00:00:00+00:00
[2025-10-02T22:53:54.184+0000] {processor.py:183} INFO - Processing /home/airflow/.local/lib/python3.12/site-packages/airflow/example_dags/example_bash_operator.py took 0.108 seconds
[2025-10-02T22:54:24.863+0000] {processor.py:161} INFO - Started process (PID=313) to work on /home/airflow/.local/lib/python3.12/site-packages/airflow/example_dags/example_bash_operator.py
[2025-10-02T22:54:24.865+0000] {processor.py:830} INFO - Processing file /home/airflow/.local/lib/python3.12/site-packages/airflow/example_dags/example_bash_operator.py for tasks to queue
[2025-10-02T22:54:24.868+0000] {logging_mixin.py:188} INFO - [2025-10-02T22:54:24.867+0000] {dagbag.py:545} INFO - Filling up the DagBag from /home/airflow/.local/lib/python3.12/site-packages/airflow/example_dags/example_bash_operator.py
[2025-10-02T22:54:24.885+0000] {processor.py:840} INFO - DAG(s) 'example_bash_operator' retrieved from /home/airflow/.local/lib/python3.12/site-packages/airflow/example_dags/example_bash_operator.py
[2025-10-02T22:54:25.066+0000] {logging_mixin.py:188} INFO - [2025-10-02T22:54:25.066+0000] {dag.py:3096} INFO - Sync 1 DAGs
[2025-10-02T22:54:25.106+0000] {logging_mixin.py:188} INFO - [2025-10-02T22:54:25.106+0000] {dag.py:3954} INFO - Setting next_dagrun for example_bash_operator to 2025-10-01 00:00:00+00:00, run_after=2025-10-02 00:00:00+00:00
[2025-10-02T22:54:25.140+0000] {processor.py:183} INFO - Processing /home/airflow/.local/lib/python3.12/site-packages/airflow/example_dags/example_bash_operator.py took 0.289 seconds
[2025-10-02T22:54:55.245+0000] {processor.py:161} INFO - Started process (PID=366) to work on /home/airflow/.local/lib/python3.12/site-packages/airflow/example_dags/example_bash_operator.py
[2025-10-02T22:54:55.246+0000] {processor.py:830} INFO - Processing file /home/airflow/.local/lib/python3.12/site-packages/airflow/example_dags/example_bash_operator.py for tasks to queue
[2025-10-02T22:54:55.252+0000] {logging_mixin.py:188} INFO - [2025-10-02T22:54:55.251+0000] {dagbag.py:545} INFO - Filling up the DagBag from /home/airflow/.local/lib/python3.12/site-packages/airflow/example_dags/example_bash_operator.py
[2025-10-02T22:54:55.270+0000] {processor.py:840} INFO - DAG(s) 'example_bash_operator' retrieved from /home/airflow/.local/lib/python3.12/site-packages/airflow/example_dags/example_bash_operator.py
[2025-10-02T22:54:55.307+0000] {logging_mixin.py:188} INFO - [2025-10-02T22:54:55.307+0000] {dag.py:3096} INFO - Sync 1 DAGs
[2025-10-02T22:54:55.337+0000] {logging_mixin.py:188} INFO - [2025-10-02T22:54:55.337+0000] {dag.py:3954} INFO - Setting next_dagrun for example_bash_operator to 2025-10-01 00:00:00+00:00, run_after=2025-10-02 00:00:00+00:00
[2025-10-02T22:54:55.364+0000] {processor.py:183} INFO - Processing /home/airflow/.local/lib/python3.12/site-packages/airflow/example_dags/example_bash_operator.py took 0.129 seconds
[2025-10-02T22:55:26.137+0000] {processor.py:161} INFO - Started process (PID=419) to work on /home/airflow/.local/lib/python3.12/site-packages/airflow/example_dags/example_bash_operator.py
[2025-10-02T22:55:26.139+0000] {processor.py:830} INFO - Processing file /home/airflow/.local/lib/python3.12/site-packages/airflow/example_dags/example_bash_operator.py for tasks to queue
[2025-10-02T22:55:26.143+0000] {logging_mixin.py:188} INFO - [2025-10-02T22:55:26.142+0000] {dagbag.py:545} INFO - Filling up the DagBag from /home/airflow/.local/lib/python3.12/site-packages/airflow/example_dags/example_bash_operator.py
[2025-10-02T22:55:26.166+0000] {processor.py:840} INFO - DAG(s) 'example_bash_operator' retrieved from /home/airflow/.local/lib/python3.12/site-packages/airflow/example_dags/example_bash_operator.py
[2025-10-02T22:55:26.232+0000] {logging_mixin.py:188} INFO - [2025-10-02T22:55:26.232+0000] {dag.py:3096} INFO - Sync 1 DAGs
[2025-10-02T22:55:26.288+0000] {logging_mixin.py:188} INFO - [2025-10-02T22:55:26.288+0000] {dag.py:3954} INFO - Setting next_dagrun for example_bash_operator to 2025-10-01 00:00:00+00:00, run_after=2025-10-02 00:00:00+00:00
[2025-10-02T22:55:26.329+0000] {processor.py:183} INFO - Processing /home/airflow/.local/lib/python3.12/site-packages/airflow/example_dags/example_bash_operator.py took 0.207 seconds
[2025-10-02T22:55:56.916+0000] {processor.py:161} INFO - Started process (PID=477) to work on /home/airflow/.local/lib/python3.12/site-packages/airflow/example_dags/example_bash_operator.py
[2025-10-02T22:55:56.917+0000] {processor.py:830} INFO - Processing file /home/airflow/.local/lib/python3.12/site-packages/airflow/example_dags/example_bash_operator.py for tasks to queue
[2025-10-02T22:55:56.920+0000] {logging_mixin.py:188} INFO - [2025-10-02T22:55:56.920+0000] {dagbag.py:545} INFO - Filling up the DagBag from /home/airflow/.local/lib/python3.12/site-packages/airflow/example_dags/example_bash_operator.py
[2025-10-02T22:55:56.935+0000] {processor.py:840} INFO - DAG(s) 'example_bash_operator' retrieved from /home/airflow/.local/lib/python3.12/site-packages/airflow/example_dags/example_bash_operator.py
[2025-10-02T22:55:56.971+0000] {logging_mixin.py:188} INFO - [2025-10-02T22:55:56.971+0000] {dag.py:3096} INFO - Sync 1 DAGs
[2025-10-02T22:55:57.000+0000] {logging_mixin.py:188} INFO - [2025-10-02T22:55:56.999+0000] {dag.py:3954} INFO - Setting next_dagrun for example_bash_operator to 2025-10-01 00:00:00+00:00, run_after=2025-10-02 00:00:00+00:00
[2025-10-02T22:55:57.024+0000] {processor.py:183} INFO - Processing /home/airflow/.local/lib/python3.12/site-packages/airflow/example_dags/example_bash_operator.py took 0.118 seconds
[2025-10-02T22:56:27.305+0000] {processor.py:161} INFO - Started process (PID=530) to work on /home/airflow/.local/lib/python3.12/site-packages/airflow/example_dags/example_bash_operator.py
[2025-10-02T22:56:27.306+0000] {processor.py:830} INFO - Processing file /home/airflow/.local/lib/python3.12/site-packages/airflow/example_dags/example_bash_operator.py for tasks to queue
[2025-10-02T22:56:27.309+0000] {logging_mixin.py:188} INFO - [2025-10-02T22:56:27.309+0000] {dagbag.py:545} INFO - Filling up the DagBag from /home/airflow/.local/lib/python3.12/site-packages/airflow/example_dags/example_bash_operator.py
[2025-10-02T22:56:27.324+0000] {processor.py:840} INFO - DAG(s) 'example_bash_operator' retrieved from /home/airflow/.local/lib/python3.12/site-packages/airflow/example_dags/example_bash_operator.py
[2025-10-02T22:56:27.359+0000] {logging_mixin.py:188} INFO - [2025-10-02T22:56:27.359+0000] {dag.py:3096} INFO - Sync 1 DAGs
[2025-10-02T22:56:27.387+0000] {logging_mixin.py:188} INFO - [2025-10-02T22:56:27.387+0000] {dag.py:3954} INFO - Setting next_dagrun for example_bash_operator to 2025-10-01 00:00:00+00:00, run_after=2025-10-02 00:00:00+00:00
[2025-10-02T22:56:27.411+0000] {processor.py:183} INFO - Processing /home/airflow/.local/lib/python3.12/site-packages/airflow/example_dags/example_bash_operator.py took 0.115 seconds
[2025-10-02T22:56:57.514+0000] {processor.py:161} INFO - Started process (PID=583) to work on /home/airflow/.local/lib/python3.12/site-packages/airflow/example_dags/example_bash_operator.py
[2025-10-02T22:56:57.516+0000] {processor.py:830} INFO - Processing file /home/airflow/.local/lib/python3.12/site-packages/airflow/example_dags/example_bash_operator.py for tasks to queue
[2025-10-02T22:56:57.519+0000] {logging_mixin.py:188} INFO - [2025-10-02T22:56:57.518+0000] {dagbag.py:545} INFO - Filling up the DagBag from /home/airflow/.local/lib/python3.12/site-packages/airflow/example_dags/example_bash_operator.py
[2025-10-02T22:56:57.538+0000] {processor.py:840} INFO - DAG(s) 'example_bash_operator' retrieved from /home/airflow/.local/lib/python3.12/site-packages/airflow/example_dags/example_bash_operator.py
[2025-10-02T22:56:57.587+0000] {logging_mixin.py:188} INFO - [2025-10-02T22:56:57.587+0000] {dag.py:3096} INFO - Sync 1 DAGs
[2025-10-02T22:56:57.614+0000] {logging_mixin.py:188} INFO - [2025-10-02T22:56:57.614+0000] {dag.py:3954} INFO - Setting next_dagrun for example_bash_operator to 2025-10-01 00:00:00+00:00, run_after=2025-10-02 00:00:00+00:00
[2025-10-02T22:56:57.637+0000] {processor.py:183} INFO - Processing /home/airflow/.local/lib/python3.12/site-packages/airflow/example_dags/example_bash_operator.py took 0.135 seconds
[2025-10-02T22:57:28.154+0000] {processor.py:161} INFO - Started process (PID=637) to work on /home/airflow/.local/lib/python3.12/site-packages/airflow/example_dags/example_bash_operator.py
[2025-10-02T22:57:28.156+0000] {processor.py:830} INFO - Processing file /home/airflow/.local/lib/python3.12/site-packages/airflow/example_dags/example_bash_operator.py for tasks to queue
[2025-10-02T22:57:28.160+0000] {logging_mixin.py:188} INFO - [2025-10-02T22:57:28.159+0000] {dagbag.py:545} INFO - Filling up the DagBag from /home/airflow/.local/lib/python3.12/site-packages/airflow/example_dags/example_bash_operator.py
[2025-10-02T22:57:28.179+0000] {processor.py:840} INFO - DAG(s) 'example_bash_operator' retrieved from /home/airflow/.local/lib/python3.12/site-packages/airflow/example_dags/example_bash_operator.py
[2025-10-02T22:57:28.226+0000] {logging_mixin.py:188} INFO - [2025-10-02T22:57:28.226+0000] {dag.py:3096} INFO - Sync 1 DAGs
[2025-10-02T22:57:28.268+0000] {logging_mixin.py:188} INFO - [2025-10-02T22:57:28.267+0000] {dag.py:3954} INFO - Setting next_dagrun for example_bash_operator to 2025-10-01 00:00:00+00:00, run_after=2025-10-02 00:00:00+00:00
[2025-10-02T22:57:28.293+0000] {processor.py:183} INFO - Processing /home/airflow/.local/lib/python3.12/site-packages/airflow/example_dags/example_bash_operator.py took 0.149 seconds
[2025-10-02T22:57:59.145+0000] {processor.py:161} INFO - Started process (PID=690) to work on /home/airflow/.local/lib/python3.12/site-packages/airflow/example_dags/example_bash_operator.py
[2025-10-02T22:57:59.146+0000] {processor.py:830} INFO - Processing file /home/airflow/.local/lib/python3.12/site-packages/airflow/example_dags/example_bash_operator.py for tasks to queue
[2025-10-02T22:57:59.149+0000] {logging_mixin.py:188} INFO - [2025-10-02T22:57:59.148+0000] {dagbag.py:545} INFO - Filling up the DagBag from /home/airflow/.local/lib/python3.12/site-packages/airflow/example_dags/example_bash_operator.py
[2025-10-02T22:57:59.167+0000] {processor.py:840} INFO - DAG(s) 'example_bash_operator' retrieved from /home/airflow/.local/lib/python3.12/site-packages/airflow/example_dags/example_bash_operator.py
[2025-10-02T22:57:59.186+0000] {logging_mixin.py:188} INFO - [2025-10-02T22:57:59.185+0000] {dag.py:3096} INFO - Sync 1 DAGs
[2025-10-02T22:57:59.216+0000] {logging_mixin.py:188} INFO - [2025-10-02T22:57:59.216+0000] {dag.py:3954} INFO - Setting next_dagrun for example_bash_operator to 2025-10-01 00:00:00+00:00, run_after=2025-10-02 00:00:00+00:00
[2025-10-02T22:57:59.241+0000] {processor.py:183} INFO - Processing /home/airflow/.local/lib/python3.12/site-packages/airflow/example_dags/example_bash_operator.py took 0.105 seconds
[2025-10-02T22:58:30.081+0000] {processor.py:161} INFO - Started process (PID=743) to work on /home/airflow/.local/lib/python3.12/site-packages/airflow/example_dags/example_bash_operator.py
[2025-10-02T22:58:30.082+0000] {processor.py:830} INFO - Processing file /home/airflow/.local/lib/python3.12/site-packages/airflow/example_dags/example_bash_operator.py for tasks to queue
[2025-10-02T22:58:30.085+0000] {logging_mixin.py:188} INFO - [2025-10-02T22:58:30.085+0000] {dagbag.py:545} INFO - Filling up the DagBag from /home/airflow/.local/lib/python3.12/site-packages/airflow/example_dags/example_bash_operator.py
[2025-10-02T22:58:30.101+0000] {processor.py:840} INFO - DAG(s) 'example_bash_operator' retrieved from /home/airflow/.local/lib/python3.12/site-packages/airflow/example_dags/example_bash_operator.py
[2025-10-02T22:58:30.258+0000] {logging_mixin.py:188} INFO - [2025-10-02T22:58:30.258+0000] {dag.py:3096} INFO - Sync 1 DAGs
[2025-10-02T22:58:30.289+0000] {logging_mixin.py:188} INFO - [2025-10-02T22:58:30.289+0000] {dag.py:3954} INFO - Setting next_dagrun for example_bash_operator to 2025-10-01 00:00:00+00:00, run_after=2025-10-02 00:00:00+00:00
[2025-10-02T22:58:30.313+0000] {processor.py:183} INFO - Processing /home/airflow/.local/lib/python3.12/site-packages/airflow/example_dags/example_bash_operator.py took 0.241 seconds
[2025-10-02T22:59:00.516+0000] {processor.py:161} INFO - Started process (PID=796) to work on /home/airflow/.local/lib/python3.12/site-packages/airflow/example_dags/example_bash_operator.py
[2025-10-02T22:59:00.518+0000] {processor.py:830} INFO - Processing file /home/airflow/.local/lib/python3.12/site-packages/airflow/example_dags/example_bash_operator.py for tasks to queue
[2025-10-02T22:59:00.522+0000] {logging_mixin.py:188} INFO - [2025-10-02T22:59:00.521+0000] {dagbag.py:545} INFO - Filling up the DagBag from /home/airflow/.local/lib/python3.12/site-packages/airflow/example_dags/example_bash_operator.py
[2025-10-02T22:59:00.537+0000] {processor.py:840} INFO - DAG(s) 'example_bash_operator' retrieved from /home/airflow/.local/lib/python3.12/site-packages/airflow/example_dags/example_bash_operator.py
[2025-10-02T22:59:00.574+0000] {logging_mixin.py:188} INFO - [2025-10-02T22:59:00.573+0000] {dag.py:3096} INFO - Sync 1 DAGs
[2025-10-02T22:59:00.604+0000] {logging_mixin.py:188} INFO - [2025-10-02T22:59:00.604+0000] {dag.py:3954} INFO - Setting next_dagrun for example_bash_operator to 2025-10-01 00:00:00+00:00, run_after=2025-10-02 00:00:00+00:00
[2025-10-02T22:59:00.626+0000] {processor.py:183} INFO - Processing /home/airflow/.local/lib/python3.12/site-packages/airflow/example_dags/example_bash_operator.py took 0.127 seconds
[2025-10-02T22:59:31.186+0000] {processor.py:161} INFO - Started process (PID=849) to work on /home/airflow/.local/lib/python3.12/site-packages/airflow/example_dags/example_bash_operator.py
[2025-10-02T22:59:31.188+0000] {processor.py:830} INFO - Processing file /home/airflow/.local/lib/python3.12/site-packages/airflow/example_dags/example_bash_operator.py for tasks to queue
[2025-10-02T22:59:31.190+0000] {logging_mixin.py:188} INFO - [2025-10-02T22:59:31.190+0000] {dagbag.py:545} INFO - Filling up the DagBag from /home/airflow/.local/lib/python3.12/site-packages/airflow/example_dags/example_bash_operator.py
[2025-10-02T22:59:31.205+0000] {processor.py:840} INFO - DAG(s) 'example_bash_operator' retrieved from /home/airflow/.local/lib/python3.12/site-packages/airflow/example_dags/example_bash_operator.py
[2025-10-02T22:59:31.238+0000] {logging_mixin.py:188} INFO - [2025-10-02T22:59:31.238+0000] {dag.py:3096} INFO - Sync 1 DAGs
[2025-10-02T22:59:31.266+0000] {logging_mixin.py:188} INFO - [2025-10-02T22:59:31.266+0000] {dag.py:3954} INFO - Setting next_dagrun for example_bash_operator to 2025-10-01 00:00:00+00:00, run_after=2025-10-02 00:00:00+00:00
[2025-10-02T22:59:31.289+0000] {processor.py:183} INFO - Processing /home/airflow/.local/lib/python3.12/site-packages/airflow/example_dags/example_bash_operator.py took 0.115 seconds
[2025-10-02T23:00:01.695+0000] {processor.py:161} INFO - Started process (PID=902) to work on /home/airflow/.local/lib/python3.12/site-packages/airflow/example_dags/example_bash_operator.py
[2025-10-02T23:00:01.697+0000] {processor.py:830} INFO - Processing file /home/airflow/.local/lib/python3.12/site-packages/airflow/example_dags/example_bash_operator.py for tasks to queue
[2025-10-02T23:00:01.701+0000] {logging_mixin.py:188} INFO - [2025-10-02T23:00:01.700+0000] {dagbag.py:545} INFO - Filling up the DagBag from /home/airflow/.local/lib/python3.12/site-packages/airflow/example_dags/example_bash_operator.py
[2025-10-02T23:00:01.724+0000] {processor.py:840} INFO - DAG(s) 'example_bash_operator' retrieved from /home/airflow/.local/lib/python3.12/site-packages/airflow/example_dags/example_bash_operator.py
[2025-10-02T23:00:01.768+0000] {logging_mixin.py:188} INFO - [2025-10-02T23:00:01.768+0000] {dag.py:3096} INFO - Sync 1 DAGs
[2025-10-02T23:00:01.802+0000] {logging_mixin.py:188} INFO - [2025-10-02T23:00:01.802+0000] {dag.py:3954} INFO - Setting next_dagrun for example_bash_operator to 2025-10-01 00:00:00+00:00, run_after=2025-10-02 00:00:00+00:00
[2025-10-02T23:00:01.829+0000] {processor.py:183} INFO - Processing /home/airflow/.local/lib/python3.12/site-packages/airflow/example_dags/example_bash_operator.py took 0.146 seconds
[2025-10-02T23:00:31.989+0000] {processor.py:161} INFO - Started process (PID=955) to work on /home/airflow/.local/lib/python3.12/site-packages/airflow/example_dags/example_bash_operator.py
[2025-10-02T23:00:31.991+0000] {processor.py:830} INFO - Processing file /home/airflow/.local/lib/python3.12/site-packages/airflow/example_dags/example_bash_operator.py for tasks to queue
[2025-10-02T23:00:31.994+0000] {logging_mixin.py:188} INFO - [2025-10-02T23:00:31.993+0000] {dagbag.py:545} INFO - Filling up the DagBag from /home/airflow/.local/lib/python3.12/site-packages/airflow/example_dags/example_bash_operator.py
[2025-10-02T23:00:32.012+0000] {processor.py:840} INFO - DAG(s) 'example_bash_operator' retrieved from /home/airflow/.local/lib/python3.12/site-packages/airflow/example_dags/example_bash_operator.py
[2025-10-02T23:00:32.052+0000] {logging_mixin.py:188} INFO - [2025-10-02T23:00:32.051+0000] {dag.py:3096} INFO - Sync 1 DAGs
[2025-10-02T23:00:32.083+0000] {logging_mixin.py:188} INFO - [2025-10-02T23:00:32.083+0000] {dag.py:3954} INFO - Setting next_dagrun for example_bash_operator to 2025-10-01 00:00:00+00:00, run_after=2025-10-02 00:00:00+00:00
[2025-10-02T23:00:32.113+0000] {processor.py:183} INFO - Processing /home/airflow/.local/lib/python3.12/site-packages/airflow/example_dags/example_bash_operator.py took 0.133 seconds
[2025-10-02T23:01:02.175+0000] {processor.py:161} INFO - Started process (PID=1007) to work on /home/airflow/.local/lib/python3.12/site-packages/airflow/example_dags/example_bash_operator.py
[2025-10-02T23:01:02.177+0000] {processor.py:830} INFO - Processing file /home/airflow/.local/lib/python3.12/site-packages/airflow/example_dags/example_bash_operator.py for tasks to queue
[2025-10-02T23:01:02.180+0000] {logging_mixin.py:188} INFO - [2025-10-02T23:01:02.179+0000] {dagbag.py:545} INFO - Filling up the DagBag from /home/airflow/.local/lib/python3.12/site-packages/airflow/example_dags/example_bash_operator.py
[2025-10-02T23:01:02.197+0000] {processor.py:840} INFO - DAG(s) 'example_bash_operator' retrieved from /home/airflow/.local/lib/python3.12/site-packages/airflow/example_dags/example_bash_operator.py
[2025-10-02T23:01:02.235+0000] {logging_mixin.py:188} INFO - [2025-10-02T23:01:02.234+0000] {dag.py:3096} INFO - Sync 1 DAGs
[2025-10-02T23:01:02.264+0000] {logging_mixin.py:188} INFO - [2025-10-02T23:01:02.264+0000] {dag.py:3954} INFO - Setting next_dagrun for example_bash_operator to 2025-10-01 00:00:00+00:00, run_after=2025-10-02 00:00:00+00:00
[2025-10-02T23:01:02.288+0000] {processor.py:183} INFO - Processing /home/airflow/.local/lib/python3.12/site-packages/airflow/example_dags/example_bash_operator.py took 0.122 seconds
[2025-10-02T23:01:32.567+0000] {processor.py:161} INFO - Started process (PID=1060) to work on /home/airflow/.local/lib/python3.12/site-packages/airflow/example_dags/example_bash_operator.py
[2025-10-02T23:01:32.569+0000] {processor.py:830} INFO - Processing file /home/airflow/.local/lib/python3.12/site-packages/airflow/example_dags/example_bash_operator.py for tasks to queue
[2025-10-02T23:01:32.573+0000] {logging_mixin.py:188} INFO - [2025-10-02T23:01:32.572+0000] {dagbag.py:545} INFO - Filling up the DagBag from /home/airflow/.local/lib/python3.12/site-packages/airflow/example_dags/example_bash_operator.py
[2025-10-02T23:01:32.590+0000] {processor.py:840} INFO - DAG(s) 'example_bash_operator' retrieved from /home/airflow/.local/lib/python3.12/site-packages/airflow/example_dags/example_bash_operator.py
[2025-10-02T23:01:32.628+0000] {logging_mixin.py:188} INFO - [2025-10-02T23:01:32.627+0000] {dag.py:3096} INFO - Sync 1 DAGs
[2025-10-02T23:01:32.658+0000] {logging_mixin.py:188} INFO - [2025-10-02T23:01:32.657+0000] {dag.py:3954} INFO - Setting next_dagrun for example_bash_operator to 2025-10-01 00:00:00+00:00, run_after=2025-10-02 00:00:00+00:00
[2025-10-02T23:01:32.682+0000] {processor.py:183} INFO - Processing /home/airflow/.local/lib/python3.12/site-packages/airflow/example_dags/example_bash_operator.py took 0.126 seconds
[2025-10-02T23:02:03.122+0000] {processor.py:161} INFO - Started process (PID=1113) to work on /home/airflow/.local/lib/python3.12/site-packages/airflow/example_dags/example_bash_operator.py
[2025-10-02T23:02:03.124+0000] {processor.py:830} INFO - Processing file /home/airflow/.local/lib/python3.12/site-packages/airflow/example_dags/example_bash_operator.py for tasks to queue
[2025-10-02T23:02:03.127+0000] {logging_mixin.py:188} INFO - [2025-10-02T23:02:03.126+0000] {dagbag.py:545} INFO - Filling up the DagBag from /home/airflow/.local/lib/python3.12/site-packages/airflow/example_dags/example_bash_operator.py
[2025-10-02T23:02:03.146+0000] {processor.py:840} INFO - DAG(s) 'example_bash_operator' retrieved from /home/airflow/.local/lib/python3.12/site-packages/airflow/example_dags/example_bash_operator.py
[2025-10-02T23:02:03.197+0000] {logging_mixin.py:188} INFO - [2025-10-02T23:02:03.197+0000] {dag.py:3096} INFO - Sync 1 DAGs
[2025-10-02T23:02:03.281+0000] {logging_mixin.py:188} INFO - [2025-10-02T23:02:03.270+0000] {dag.py:3954} INFO - Setting next_dagrun for example_bash_operator to 2025-10-01 00:00:00+00:00, run_after=2025-10-02 00:00:00+00:00
[2025-10-02T23:02:03.336+0000] {processor.py:183} INFO - Processing /home/airflow/.local/lib/python3.12/site-packages/airflow/example_dags/example_bash_operator.py took 0.224 seconds
[2025-10-02T23:02:33.699+0000] {processor.py:161} INFO - Started process (PID=1166) to work on /home/airflow/.local/lib/python3.12/site-packages/airflow/example_dags/example_bash_operator.py
[2025-10-02T23:02:33.701+0000] {processor.py:830} INFO - Processing file /home/airflow/.local/lib/python3.12/site-packages/airflow/example_dags/example_bash_operator.py for tasks to queue
[2025-10-02T23:02:33.705+0000] {logging_mixin.py:188} INFO - [2025-10-02T23:02:33.705+0000] {dagbag.py:545} INFO - Filling up the DagBag from /home/airflow/.local/lib/python3.12/site-packages/airflow/example_dags/example_bash_operator.py
[2025-10-02T23:02:33.736+0000] {processor.py:840} INFO - DAG(s) 'example_bash_operator' retrieved from /home/airflow/.local/lib/python3.12/site-packages/airflow/example_dags/example_bash_operator.py
[2025-10-02T23:02:33.794+0000] {logging_mixin.py:188} INFO - [2025-10-02T23:02:33.794+0000] {dag.py:3096} INFO - Sync 1 DAGs
[2025-10-02T23:02:33.844+0000] {logging_mixin.py:188} INFO - [2025-10-02T23:02:33.843+0000] {dag.py:3954} INFO - Setting next_dagrun for example_bash_operator to 2025-10-01 00:00:00+00:00, run_after=2025-10-02 00:00:00+00:00
[2025-10-02T23:02:33.895+0000] {processor.py:183} INFO - Processing /home/airflow/.local/lib/python3.12/site-packages/airflow/example_dags/example_bash_operator.py took 0.209 seconds
[2025-10-02T23:03:04.277+0000] {processor.py:161} INFO - Started process (PID=1219) to work on /home/airflow/.local/lib/python3.12/site-packages/airflow/example_dags/example_bash_operator.py
[2025-10-02T23:03:04.278+0000] {processor.py:830} INFO - Processing file /home/airflow/.local/lib/python3.12/site-packages/airflow/example_dags/example_bash_operator.py for tasks to queue
[2025-10-02T23:03:04.281+0000] {logging_mixin.py:188} INFO - [2025-10-02T23:03:04.281+0000] {dagbag.py:545} INFO - Filling up the DagBag from /home/airflow/.local/lib/python3.12/site-packages/airflow/example_dags/example_bash_operator.py
[2025-10-02T23:03:04.299+0000] {processor.py:840} INFO - DAG(s) 'example_bash_operator' retrieved from /home/airflow/.local/lib/python3.12/site-packages/airflow/example_dags/example_bash_operator.py
[2025-10-02T23:03:04.338+0000] {logging_mixin.py:188} INFO - [2025-10-02T23:03:04.338+0000] {dag.py:3096} INFO - Sync 1 DAGs
[2025-10-02T23:03:04.369+0000] {logging_mixin.py:188} INFO - [2025-10-02T23:03:04.368+0000] {dag.py:3954} INFO - Setting next_dagrun for example_bash_operator to 2025-10-01 00:00:00+00:00, run_after=2025-10-02 00:00:00+00:00
[2025-10-02T23:03:04.393+0000] {processor.py:183} INFO - Processing /home/airflow/.local/lib/python3.12/site-packages/airflow/example_dags/example_bash_operator.py took 0.126 seconds
[2025-10-02T23:03:34.846+0000] {processor.py:161} INFO - Started process (PID=1272) to work on /home/airflow/.local/lib/python3.12/site-packages/airflow/example_dags/example_bash_operator.py
[2025-10-02T23:03:34.848+0000] {processor.py:830} INFO - Processing file /home/airflow/.local/lib/python3.12/site-packages/airflow/example_dags/example_bash_operator.py for tasks to queue
[2025-10-02T23:03:34.851+0000] {logging_mixin.py:188} INFO - [2025-10-02T23:03:34.851+0000] {dagbag.py:545} INFO - Filling up the DagBag from /home/airflow/.local/lib/python3.12/site-packages/airflow/example_dags/example_bash_operator.py
[2025-10-02T23:03:34.869+0000] {processor.py:840} INFO - DAG(s) 'example_bash_operator' retrieved from /home/airflow/.local/lib/python3.12/site-packages/airflow/example_dags/example_bash_operator.py
[2025-10-02T23:03:34.912+0000] {logging_mixin.py:188} INFO - [2025-10-02T23:03:34.912+0000] {dag.py:3096} INFO - Sync 1 DAGs
[2025-10-02T23:03:34.941+0000] {logging_mixin.py:188} INFO - [2025-10-02T23:03:34.940+0000] {dag.py:3954} INFO - Setting next_dagrun for example_bash_operator to 2025-10-01 00:00:00+00:00, run_after=2025-10-02 00:00:00+00:00
[2025-10-02T23:03:34.964+0000] {processor.py:183} INFO - Processing /home/airflow/.local/lib/python3.12/site-packages/airflow/example_dags/example_bash_operator.py took 0.130 seconds
[2025-10-02T23:04:06.028+0000] {processor.py:161} INFO - Started process (PID=1325) to work on /home/airflow/.local/lib/python3.12/site-packages/airflow/example_dags/example_bash_operator.py
[2025-10-02T23:04:06.030+0000] {processor.py:830} INFO - Processing file /home/airflow/.local/lib/python3.12/site-packages/airflow/example_dags/example_bash_operator.py for tasks to queue
[2025-10-02T23:04:06.033+0000] {logging_mixin.py:188} INFO - [2025-10-02T23:04:06.033+0000] {dagbag.py:545} INFO - Filling up the DagBag from /home/airflow/.local/lib/python3.12/site-packages/airflow/example_dags/example_bash_operator.py
[2025-10-02T23:04:06.052+0000] {processor.py:840} INFO - DAG(s) 'example_bash_operator' retrieved from /home/airflow/.local/lib/python3.12/site-packages/airflow/example_dags/example_bash_operator.py
[2025-10-02T23:04:06.124+0000] {logging_mixin.py:188} INFO - [2025-10-02T23:04:06.124+0000] {dag.py:3096} INFO - Sync 1 DAGs
[2025-10-02T23:04:06.165+0000] {logging_mixin.py:188} INFO - [2025-10-02T23:04:06.165+0000] {dag.py:3954} INFO - Setting next_dagrun for example_bash_operator to 2025-10-01 00:00:00+00:00, run_after=2025-10-02 00:00:00+00:00
[2025-10-02T23:04:06.197+0000] {processor.py:183} INFO - Processing /home/airflow/.local/lib/python3.12/site-packages/airflow/example_dags/example_bash_operator.py took 0.179 seconds
[2025-10-02T23:04:36.280+0000] {processor.py:161} INFO - Started process (PID=1378) to work on /home/airflow/.local/lib/python3.12/site-packages/airflow/example_dags/example_bash_operator.py
[2025-10-02T23:04:36.281+0000] {processor.py:830} INFO - Processing file /home/airflow/.local/lib/python3.12/site-packages/airflow/example_dags/example_bash_operator.py for tasks to queue
[2025-10-02T23:04:36.284+0000] {logging_mixin.py:188} INFO - [2025-10-02T23:04:36.284+0000] {dagbag.py:545} INFO - Filling up the DagBag from /home/airflow/.local/lib/python3.12/site-packages/airflow/example_dags/example_bash_operator.py
[2025-10-02T23:04:36.305+0000] {processor.py:840} INFO - DAG(s) 'example_bash_operator' retrieved from /home/airflow/.local/lib/python3.12/site-packages/airflow/example_dags/example_bash_operator.py
[2025-10-02T23:04:36.349+0000] {logging_mixin.py:188} INFO - [2025-10-02T23:04:36.348+0000] {dag.py:3096} INFO - Sync 1 DAGs
[2025-10-02T23:04:36.381+0000] {logging_mixin.py:188} INFO - [2025-10-02T23:04:36.381+0000] {dag.py:3954} INFO - Setting next_dagrun for example_bash_operator to 2025-10-01 00:00:00+00:00, run_after=2025-10-02 00:00:00+00:00
[2025-10-02T23:04:36.411+0000] {processor.py:183} INFO - Processing /home/airflow/.local/lib/python3.12/site-packages/airflow/example_dags/example_bash_operator.py took 0.142 seconds
[2025-10-02T23:05:06.823+0000] {processor.py:161} INFO - Started process (PID=1431) to work on /home/airflow/.local/lib/python3.12/site-packages/airflow/example_dags/example_bash_operator.py
[2025-10-02T23:05:06.825+0000] {processor.py:830} INFO - Processing file /home/airflow/.local/lib/python3.12/site-packages/airflow/example_dags/example_bash_operator.py for tasks to queue
[2025-10-02T23:05:06.828+0000] {logging_mixin.py:188} INFO - [2025-10-02T23:05:06.828+0000] {dagbag.py:545} INFO - Filling up the DagBag from /home/airflow/.local/lib/python3.12/site-packages/airflow/example_dags/example_bash_operator.py
[2025-10-02T23:05:06.849+0000] {processor.py:840} INFO - DAG(s) 'example_bash_operator' retrieved from /home/airflow/.local/lib/python3.12/site-packages/airflow/example_dags/example_bash_operator.py
[2025-10-02T23:05:06.898+0000] {logging_mixin.py:188} INFO - [2025-10-02T23:05:06.898+0000] {dag.py:3096} INFO - Sync 1 DAGs
[2025-10-02T23:05:06.929+0000] {logging_mixin.py:188} INFO - [2025-10-02T23:05:06.928+0000] {dag.py:3954} INFO - Setting next_dagrun for example_bash_operator to 2025-10-01 00:00:00+00:00, run_after=2025-10-02 00:00:00+00:00
[2025-10-02T23:05:06.970+0000] {processor.py:183} INFO - Processing /home/airflow/.local/lib/python3.12/site-packages/airflow/example_dags/example_bash_operator.py took 0.165 seconds
[2025-10-02T23:05:37.480+0000] {processor.py:161} INFO - Started process (PID=1484) to work on /home/airflow/.local/lib/python3.12/site-packages/airflow/example_dags/example_bash_operator.py
[2025-10-02T23:05:37.482+0000] {processor.py:830} INFO - Processing file /home/airflow/.local/lib/python3.12/site-packages/airflow/example_dags/example_bash_operator.py for tasks to queue
[2025-10-02T23:05:37.485+0000] {logging_mixin.py:188} INFO - [2025-10-02T23:05:37.485+0000] {dagbag.py:545} INFO - Filling up the DagBag from /home/airflow/.local/lib/python3.12/site-packages/airflow/example_dags/example_bash_operator.py
[2025-10-02T23:05:37.502+0000] {processor.py:840} INFO - DAG(s) 'example_bash_operator' retrieved from /home/airflow/.local/lib/python3.12/site-packages/airflow/example_dags/example_bash_operator.py
[2025-10-02T23:05:37.543+0000] {logging_mixin.py:188} INFO - [2025-10-02T23:05:37.542+0000] {dag.py:3096} INFO - Sync 1 DAGs
[2025-10-02T23:05:37.577+0000] {logging_mixin.py:188} INFO - [2025-10-02T23:05:37.577+0000] {dag.py:3954} INFO - Setting next_dagrun for example_bash_operator to 2025-10-01 00:00:00+00:00, run_after=2025-10-02 00:00:00+00:00
[2025-10-02T23:05:37.603+0000] {processor.py:183} INFO - Processing /home/airflow/.local/lib/python3.12/site-packages/airflow/example_dags/example_bash_operator.py took 0.138 seconds
[2025-10-02T23:06:08.249+0000] {processor.py:161} INFO - Started process (PID=1537) to work on /home/airflow/.local/lib/python3.12/site-packages/airflow/example_dags/example_bash_operator.py
[2025-10-02T23:06:08.251+0000] {processor.py:830} INFO - Processing file /home/airflow/.local/lib/python3.12/site-packages/airflow/example_dags/example_bash_operator.py for tasks to queue
[2025-10-02T23:06:08.255+0000] {logging_mixin.py:188} INFO - [2025-10-02T23:06:08.254+0000] {dagbag.py:545} INFO - Filling up the DagBag from /home/airflow/.local/lib/python3.12/site-packages/airflow/example_dags/example_bash_operator.py
[2025-10-02T23:06:08.274+0000] {processor.py:840} INFO - DAG(s) 'example_bash_operator' retrieved from /home/airflow/.local/lib/python3.12/site-packages/airflow/example_dags/example_bash_operator.py
[2025-10-02T23:06:08.317+0000] {logging_mixin.py:188} INFO - [2025-10-02T23:06:08.316+0000] {dag.py:3096} INFO - Sync 1 DAGs
[2025-10-02T23:06:08.350+0000] {logging_mixin.py:188} INFO - [2025-10-02T23:06:08.349+0000] {dag.py:3954} INFO - Setting next_dagrun for example_bash_operator to 2025-10-01 00:00:00+00:00, run_after=2025-10-02 00:00:00+00:00
[2025-10-02T23:06:08.376+0000] {processor.py:183} INFO - Processing /home/airflow/.local/lib/python3.12/site-packages/airflow/example_dags/example_bash_operator.py took 0.138 seconds
[2025-10-02T23:06:38.947+0000] {processor.py:161} INFO - Started process (PID=1590) to work on /home/airflow/.local/lib/python3.12/site-packages/airflow/example_dags/example_bash_operator.py
[2025-10-02T23:06:38.948+0000] {processor.py:830} INFO - Processing file /home/airflow/.local/lib/python3.12/site-packages/airflow/example_dags/example_bash_operator.py for tasks to queue
[2025-10-02T23:06:38.951+0000] {logging_mixin.py:188} INFO - [2025-10-02T23:06:38.951+0000] {dagbag.py:545} INFO - Filling up the DagBag from /home/airflow/.local/lib/python3.12/site-packages/airflow/example_dags/example_bash_operator.py
[2025-10-02T23:06:38.968+0000] {processor.py:840} INFO - DAG(s) 'example_bash_operator' retrieved from /home/airflow/.local/lib/python3.12/site-packages/airflow/example_dags/example_bash_operator.py
[2025-10-02T23:06:39.010+0000] {logging_mixin.py:188} INFO - [2025-10-02T23:06:39.009+0000] {dag.py:3096} INFO - Sync 1 DAGs
[2025-10-02T23:06:39.258+0000] {logging_mixin.py:188} INFO - [2025-10-02T23:06:39.258+0000] {dag.py:3954} INFO - Setting next_dagrun for example_bash_operator to 2025-10-01 00:00:00+00:00, run_after=2025-10-02 00:00:00+00:00
[2025-10-02T23:06:39.281+0000] {processor.py:183} INFO - Processing /home/airflow/.local/lib/python3.12/site-packages/airflow/example_dags/example_bash_operator.py took 0.346 seconds
[2025-10-02T23:07:09.629+0000] {processor.py:161} INFO - Started process (PID=1643) to work on /home/airflow/.local/lib/python3.12/site-packages/airflow/example_dags/example_bash_operator.py
[2025-10-02T23:07:09.631+0000] {processor.py:830} INFO - Processing file /home/airflow/.local/lib/python3.12/site-packages/airflow/example_dags/example_bash_operator.py for tasks to queue
[2025-10-02T23:07:09.635+0000] {logging_mixin.py:188} INFO - [2025-10-02T23:07:09.634+0000] {dagbag.py:545} INFO - Filling up the DagBag from /home/airflow/.local/lib/python3.12/site-packages/airflow/example_dags/example_bash_operator.py
[2025-10-02T23:07:09.655+0000] {processor.py:840} INFO - DAG(s) 'example_bash_operator' retrieved from /home/airflow/.local/lib/python3.12/site-packages/airflow/example_dags/example_bash_operator.py
[2025-10-02T23:07:09.697+0000] {logging_mixin.py:188} INFO - [2025-10-02T23:07:09.697+0000] {dag.py:3096} INFO - Sync 1 DAGs
[2025-10-02T23:07:09.730+0000] {logging_mixin.py:188} INFO - [2025-10-02T23:07:09.729+0000] {dag.py:3954} INFO - Setting next_dagrun for example_bash_operator to 2025-10-01 00:00:00+00:00, run_after=2025-10-02 00:00:00+00:00
[2025-10-02T23:07:09.755+0000] {processor.py:183} INFO - Processing /home/airflow/.local/lib/python3.12/site-packages/airflow/example_dags/example_bash_operator.py took 0.136 seconds
[2025-10-02T23:07:40.000+0000] {processor.py:161} INFO - Started process (PID=1696) to work on /home/airflow/.local/lib/python3.12/site-packages/airflow/example_dags/example_bash_operator.py
[2025-10-02T23:07:40.001+0000] {processor.py:830} INFO - Processing file /home/airflow/.local/lib/python3.12/site-packages/airflow/example_dags/example_bash_operator.py for tasks to queue
[2025-10-02T23:07:40.005+0000] {logging_mixin.py:188} INFO - [2025-10-02T23:07:40.004+0000] {dagbag.py:545} INFO - Filling up the DagBag from /home/airflow/.local/lib/python3.12/site-packages/airflow/example_dags/example_bash_operator.py
[2025-10-02T23:07:40.021+0000] {processor.py:840} INFO - DAG(s) 'example_bash_operator' retrieved from /home/airflow/.local/lib/python3.12/site-packages/airflow/example_dags/example_bash_operator.py
[2025-10-02T23:07:40.057+0000] {logging_mixin.py:188} INFO - [2025-10-02T23:07:40.056+0000] {dag.py:3096} INFO - Sync 1 DAGs
[2025-10-02T23:07:40.087+0000] {logging_mixin.py:188} INFO - [2025-10-02T23:07:40.087+0000] {dag.py:3954} INFO - Setting next_dagrun for example_bash_operator to 2025-10-01 00:00:00+00:00, run_after=2025-10-02 00:00:00+00:00
[2025-10-02T23:07:40.118+0000] {processor.py:183} INFO - Processing /home/airflow/.local/lib/python3.12/site-packages/airflow/example_dags/example_bash_operator.py took 0.128 seconds
[2025-10-02T23:08:10.743+0000] {processor.py:161} INFO - Started process (PID=1749) to work on /home/airflow/.local/lib/python3.12/site-packages/airflow/example_dags/example_bash_operator.py
[2025-10-02T23:08:10.745+0000] {processor.py:830} INFO - Processing file /home/airflow/.local/lib/python3.12/site-packages/airflow/example_dags/example_bash_operator.py for tasks to queue
[2025-10-02T23:08:10.748+0000] {logging_mixin.py:188} INFO - [2025-10-02T23:08:10.748+0000] {dagbag.py:545} INFO - Filling up the DagBag from /home/airflow/.local/lib/python3.12/site-packages/airflow/example_dags/example_bash_operator.py
[2025-10-02T23:08:10.764+0000] {processor.py:840} INFO - DAG(s) 'example_bash_operator' retrieved from /home/airflow/.local/lib/python3.12/site-packages/airflow/example_dags/example_bash_operator.py
[2025-10-02T23:08:10.801+0000] {logging_mixin.py:188} INFO - [2025-10-02T23:08:10.800+0000] {dag.py:3096} INFO - Sync 1 DAGs
[2025-10-02T23:08:10.831+0000] {logging_mixin.py:188} INFO - [2025-10-02T23:08:10.830+0000] {dag.py:3954} INFO - Setting next_dagrun for example_bash_operator to 2025-10-01 00:00:00+00:00, run_after=2025-10-02 00:00:00+00:00
[2025-10-02T23:08:10.858+0000] {processor.py:183} INFO - Processing /home/airflow/.local/lib/python3.12/site-packages/airflow/example_dags/example_bash_operator.py took 0.124 seconds
[2025-10-02T23:08:41.056+0000] {processor.py:161} INFO - Started process (PID=1802) to work on /home/airflow/.local/lib/python3.12/site-packages/airflow/example_dags/example_bash_operator.py
[2025-10-02T23:08:41.058+0000] {processor.py:830} INFO - Processing file /home/airflow/.local/lib/python3.12/site-packages/airflow/example_dags/example_bash_operator.py for tasks to queue
[2025-10-02T23:08:41.061+0000] {logging_mixin.py:188} INFO - [2025-10-02T23:08:41.060+0000] {dagbag.py:545} INFO - Filling up the DagBag from /home/airflow/.local/lib/python3.12/site-packages/airflow/example_dags/example_bash_operator.py
[2025-10-02T23:08:41.079+0000] {processor.py:840} INFO - DAG(s) 'example_bash_operator' retrieved from /home/airflow/.local/lib/python3.12/site-packages/airflow/example_dags/example_bash_operator.py
[2025-10-02T23:08:41.151+0000] {logging_mixin.py:188} INFO - [2025-10-02T23:08:41.151+0000] {dag.py:3096} INFO - Sync 1 DAGs
[2025-10-02T23:08:41.215+0000] {logging_mixin.py:188} INFO - [2025-10-02T23:08:41.215+0000] {dag.py:3954} INFO - Setting next_dagrun for example_bash_operator to 2025-10-01 00:00:00+00:00, run_after=2025-10-02 00:00:00+00:00
[2025-10-02T23:08:41.241+0000] {processor.py:183} INFO - Processing /home/airflow/.local/lib/python3.12/site-packages/airflow/example_dags/example_bash_operator.py took 0.194 seconds
[2025-10-02T23:09:11.726+0000] {processor.py:161} INFO - Started process (PID=1855) to work on /home/airflow/.local/lib/python3.12/site-packages/airflow/example_dags/example_bash_operator.py
[2025-10-02T23:09:11.727+0000] {processor.py:830} INFO - Processing file /home/airflow/.local/lib/python3.12/site-packages/airflow/example_dags/example_bash_operator.py for tasks to queue
[2025-10-02T23:09:11.730+0000] {logging_mixin.py:188} INFO - [2025-10-02T23:09:11.729+0000] {dagbag.py:545} INFO - Filling up the DagBag from /home/airflow/.local/lib/python3.12/site-packages/airflow/example_dags/example_bash_operator.py
[2025-10-02T23:09:11.749+0000] {processor.py:840} INFO - DAG(s) 'example_bash_operator' retrieved from /home/airflow/.local/lib/python3.12/site-packages/airflow/example_dags/example_bash_operator.py
[2025-10-02T23:09:11.789+0000] {logging_mixin.py:188} INFO - [2025-10-02T23:09:11.789+0000] {dag.py:3096} INFO - Sync 1 DAGs
[2025-10-02T23:09:11.822+0000] {logging_mixin.py:188} INFO - [2025-10-02T23:09:11.822+0000] {dag.py:3954} INFO - Setting next_dagrun for example_bash_operator to 2025-10-01 00:00:00+00:00, run_after=2025-10-02 00:00:00+00:00
[2025-10-02T23:09:11.847+0000] {processor.py:183} INFO - Processing /home/airflow/.local/lib/python3.12/site-packages/airflow/example_dags/example_bash_operator.py took 0.130 seconds
[2025-10-02T23:09:42.614+0000] {processor.py:161} INFO - Started process (PID=1908) to work on /home/airflow/.local/lib/python3.12/site-packages/airflow/example_dags/example_bash_operator.py
[2025-10-02T23:09:42.616+0000] {processor.py:830} INFO - Processing file /home/airflow/.local/lib/python3.12/site-packages/airflow/example_dags/example_bash_operator.py for tasks to queue
[2025-10-02T23:09:42.619+0000] {logging_mixin.py:188} INFO - [2025-10-02T23:09:42.619+0000] {dagbag.py:545} INFO - Filling up the DagBag from /home/airflow/.local/lib/python3.12/site-packages/airflow/example_dags/example_bash_operator.py
[2025-10-02T23:09:42.636+0000] {processor.py:840} INFO - DAG(s) 'example_bash_operator' retrieved from /home/airflow/.local/lib/python3.12/site-packages/airflow/example_dags/example_bash_operator.py
[2025-10-02T23:09:42.682+0000] {logging_mixin.py:188} INFO - [2025-10-02T23:09:42.682+0000] {dag.py:3096} INFO - Sync 1 DAGs
[2025-10-02T23:09:42.713+0000] {logging_mixin.py:188} INFO - [2025-10-02T23:09:42.713+0000] {dag.py:3954} INFO - Setting next_dagrun for example_bash_operator to 2025-10-01 00:00:00+00:00, run_after=2025-10-02 00:00:00+00:00
[2025-10-02T23:09:42.739+0000] {processor.py:183} INFO - Processing /home/airflow/.local/lib/python3.12/site-packages/airflow/example_dags/example_bash_operator.py took 0.135 seconds
[2025-10-02T23:10:13.056+0000] {processor.py:161} INFO - Started process (PID=1961) to work on /home/airflow/.local/lib/python3.12/site-packages/airflow/example_dags/example_bash_operator.py
[2025-10-02T23:10:13.057+0000] {processor.py:830} INFO - Processing file /home/airflow/.local/lib/python3.12/site-packages/airflow/example_dags/example_bash_operator.py for tasks to queue
[2025-10-02T23:10:13.060+0000] {logging_mixin.py:188} INFO - [2025-10-02T23:10:13.060+0000] {dagbag.py:545} INFO - Filling up the DagBag from /home/airflow/.local/lib/python3.12/site-packages/airflow/example_dags/example_bash_operator.py
[2025-10-02T23:10:13.080+0000] {processor.py:840} INFO - DAG(s) 'example_bash_operator' retrieved from /home/airflow/.local/lib/python3.12/site-packages/airflow/example_dags/example_bash_operator.py
[2025-10-02T23:10:13.123+0000] {logging_mixin.py:188} INFO - [2025-10-02T23:10:13.122+0000] {dag.py:3096} INFO - Sync 1 DAGs
[2025-10-02T23:10:13.157+0000] {logging_mixin.py:188} INFO - [2025-10-02T23:10:13.157+0000] {dag.py:3954} INFO - Setting next_dagrun for example_bash_operator to 2025-10-01 00:00:00+00:00, run_after=2025-10-02 00:00:00+00:00
[2025-10-02T23:10:13.188+0000] {processor.py:183} INFO - Processing /home/airflow/.local/lib/python3.12/site-packages/airflow/example_dags/example_bash_operator.py took 0.141 seconds
