[2025-10-02T22:50:45.004+0000] {processor.py:161} INFO - Started process (PID=78) to work on /home/airflow/.local/lib/python3.12/site-packages/airflow/example_dags/example_branch_labels.py
[2025-10-02T22:50:45.005+0000] {processor.py:830} INFO - Processing file /home/airflow/.local/lib/python3.12/site-packages/airflow/example_dags/example_branch_labels.py for tasks to queue
[2025-10-02T22:50:45.009+0000] {logging_mixin.py:188} INFO - [2025-10-02T22:50:45.008+0000] {dagbag.py:545} INFO - Filling up the DagBag from /home/airflow/.local/lib/python3.12/site-packages/airflow/example_dags/example_branch_labels.py
[2025-10-02T22:50:45.026+0000] {processor.py:840} INFO - DAG(s) 'example_branch_labels' retrieved from /home/airflow/.local/lib/python3.12/site-packages/airflow/example_dags/example_branch_labels.py
[2025-10-02T22:50:45.264+0000] {logging_mixin.py:188} INFO - [2025-10-02T22:50:45.255+0000] {override.py:1829} INFO - Created Permission View: can delete on DAG:example_branch_labels
[2025-10-02T22:50:45.303+0000] {logging_mixin.py:188} INFO - [2025-10-02T22:50:45.302+0000] {override.py:1829} INFO - Created Permission View: can edit on DAG:example_branch_labels
[2025-10-02T22:50:45.319+0000] {logging_mixin.py:188} INFO - [2025-10-02T22:50:45.318+0000] {override.py:1829} INFO - Created Permission View: can read on DAG:example_branch_labels
[2025-10-02T22:50:45.320+0000] {logging_mixin.py:188} INFO - [2025-10-02T22:50:45.319+0000] {dag.py:3096} INFO - Sync 1 DAGs
[2025-10-02T22:50:45.356+0000] {logging_mixin.py:188} INFO - [2025-10-02T22:50:45.355+0000] {dag.py:3118} INFO - Creating ORM DAG for example_branch_labels
[2025-10-02T22:50:45.381+0000] {logging_mixin.py:188} INFO - [2025-10-02T22:50:45.380+0000] {dag.py:3954} INFO - Setting next_dagrun for example_branch_labels to 2025-10-01 00:00:00+00:00, run_after=2025-10-02 00:00:00+00:00
[2025-10-02T22:50:45.405+0000] {processor.py:183} INFO - Processing /home/airflow/.local/lib/python3.12/site-packages/airflow/example_dags/example_branch_labels.py took 0.413 seconds
[2025-10-02T22:51:53.356+0000] {processor.py:161} INFO - Started process (PID=78) to work on /home/airflow/.local/lib/python3.12/site-packages/airflow/example_dags/example_branch_labels.py
[2025-10-02T22:51:53.359+0000] {processor.py:830} INFO - Processing file /home/airflow/.local/lib/python3.12/site-packages/airflow/example_dags/example_branch_labels.py for tasks to queue
[2025-10-02T22:51:53.364+0000] {logging_mixin.py:188} INFO - [2025-10-02T22:51:53.364+0000] {dagbag.py:545} INFO - Filling up the DagBag from /home/airflow/.local/lib/python3.12/site-packages/airflow/example_dags/example_branch_labels.py
[2025-10-02T22:51:53.403+0000] {processor.py:840} INFO - DAG(s) 'example_branch_labels' retrieved from /home/airflow/.local/lib/python3.12/site-packages/airflow/example_dags/example_branch_labels.py
[2025-10-02T22:51:53.469+0000] {logging_mixin.py:188} INFO - [2025-10-02T22:51:53.468+0000] {dag.py:3096} INFO - Sync 1 DAGs
[2025-10-02T22:51:53.540+0000] {logging_mixin.py:188} INFO - [2025-10-02T22:51:53.539+0000] {dag.py:3954} INFO - Setting next_dagrun for example_branch_labels to 2025-10-01 00:00:00+00:00, run_after=2025-10-02 00:00:00+00:00
[2025-10-02T22:51:53.589+0000] {processor.py:183} INFO - Processing /home/airflow/.local/lib/python3.12/site-packages/airflow/example_dags/example_branch_labels.py took 0.258 seconds
[2025-10-02T22:52:24.026+0000] {processor.py:161} INFO - Started process (PID=131) to work on /home/airflow/.local/lib/python3.12/site-packages/airflow/example_dags/example_branch_labels.py
[2025-10-02T22:52:24.027+0000] {processor.py:830} INFO - Processing file /home/airflow/.local/lib/python3.12/site-packages/airflow/example_dags/example_branch_labels.py for tasks to queue
[2025-10-02T22:52:24.030+0000] {logging_mixin.py:188} INFO - [2025-10-02T22:52:24.030+0000] {dagbag.py:545} INFO - Filling up the DagBag from /home/airflow/.local/lib/python3.12/site-packages/airflow/example_dags/example_branch_labels.py
[2025-10-02T22:52:24.045+0000] {processor.py:840} INFO - DAG(s) 'example_branch_labels' retrieved from /home/airflow/.local/lib/python3.12/site-packages/airflow/example_dags/example_branch_labels.py
[2025-10-02T22:52:24.065+0000] {logging_mixin.py:188} INFO - [2025-10-02T22:52:24.065+0000] {dag.py:3096} INFO - Sync 1 DAGs
[2025-10-02T22:52:24.105+0000] {logging_mixin.py:188} INFO - [2025-10-02T22:52:24.105+0000] {dag.py:3954} INFO - Setting next_dagrun for example_branch_labels to 2025-10-01 00:00:00+00:00, run_after=2025-10-02 00:00:00+00:00
[2025-10-02T22:52:24.135+0000] {processor.py:183} INFO - Processing /home/airflow/.local/lib/python3.12/site-packages/airflow/example_dags/example_branch_labels.py took 0.119 seconds
[2025-10-02T22:52:55.877+0000] {processor.py:161} INFO - Started process (PID=184) to work on /home/airflow/.local/lib/python3.12/site-packages/airflow/example_dags/example_branch_labels.py
[2025-10-02T22:52:55.879+0000] {processor.py:830} INFO - Processing file /home/airflow/.local/lib/python3.12/site-packages/airflow/example_dags/example_branch_labels.py for tasks to queue
[2025-10-02T22:52:55.884+0000] {logging_mixin.py:188} INFO - [2025-10-02T22:52:55.883+0000] {dagbag.py:545} INFO - Filling up the DagBag from /home/airflow/.local/lib/python3.12/site-packages/airflow/example_dags/example_branch_labels.py
[2025-10-02T22:52:55.898+0000] {processor.py:840} INFO - DAG(s) 'example_branch_labels' retrieved from /home/airflow/.local/lib/python3.12/site-packages/airflow/example_dags/example_branch_labels.py
[2025-10-02T22:52:56.115+0000] {logging_mixin.py:188} INFO - [2025-10-02T22:52:56.115+0000] {dag.py:3096} INFO - Sync 1 DAGs
[2025-10-02T22:52:56.153+0000] {logging_mixin.py:188} INFO - [2025-10-02T22:52:56.152+0000] {dag.py:3954} INFO - Setting next_dagrun for example_branch_labels to 2025-10-01 00:00:00+00:00, run_after=2025-10-02 00:00:00+00:00
[2025-10-02T22:52:56.189+0000] {processor.py:183} INFO - Processing /home/airflow/.local/lib/python3.12/site-packages/airflow/example_dags/example_branch_labels.py took 0.324 seconds
[2025-10-02T22:53:26.871+0000] {processor.py:161} INFO - Started process (PID=239) to work on /home/airflow/.local/lib/python3.12/site-packages/airflow/example_dags/example_branch_labels.py
[2025-10-02T22:53:26.872+0000] {processor.py:830} INFO - Processing file /home/airflow/.local/lib/python3.12/site-packages/airflow/example_dags/example_branch_labels.py for tasks to queue
[2025-10-02T22:53:26.875+0000] {logging_mixin.py:188} INFO - [2025-10-02T22:53:26.874+0000] {dagbag.py:545} INFO - Filling up the DagBag from /home/airflow/.local/lib/python3.12/site-packages/airflow/example_dags/example_branch_labels.py
[2025-10-02T22:53:26.885+0000] {processor.py:840} INFO - DAG(s) 'example_branch_labels' retrieved from /home/airflow/.local/lib/python3.12/site-packages/airflow/example_dags/example_branch_labels.py
[2025-10-02T22:53:26.916+0000] {logging_mixin.py:188} INFO - [2025-10-02T22:53:26.916+0000] {dag.py:3096} INFO - Sync 1 DAGs
[2025-10-02T22:53:26.947+0000] {logging_mixin.py:188} INFO - [2025-10-02T22:53:26.947+0000] {dag.py:3954} INFO - Setting next_dagrun for example_branch_labels to 2025-10-01 00:00:00+00:00, run_after=2025-10-02 00:00:00+00:00
[2025-10-02T22:53:26.973+0000] {processor.py:183} INFO - Processing /home/airflow/.local/lib/python3.12/site-packages/airflow/example_dags/example_branch_labels.py took 0.110 seconds
[2025-10-02T22:53:57.419+0000] {processor.py:161} INFO - Started process (PID=292) to work on /home/airflow/.local/lib/python3.12/site-packages/airflow/example_dags/example_branch_labels.py
[2025-10-02T22:53:57.420+0000] {processor.py:830} INFO - Processing file /home/airflow/.local/lib/python3.12/site-packages/airflow/example_dags/example_branch_labels.py for tasks to queue
[2025-10-02T22:53:57.423+0000] {logging_mixin.py:188} INFO - [2025-10-02T22:53:57.423+0000] {dagbag.py:545} INFO - Filling up the DagBag from /home/airflow/.local/lib/python3.12/site-packages/airflow/example_dags/example_branch_labels.py
[2025-10-02T22:53:57.436+0000] {processor.py:840} INFO - DAG(s) 'example_branch_labels' retrieved from /home/airflow/.local/lib/python3.12/site-packages/airflow/example_dags/example_branch_labels.py
[2025-10-02T22:53:57.453+0000] {logging_mixin.py:188} INFO - [2025-10-02T22:53:57.453+0000] {dag.py:3096} INFO - Sync 1 DAGs
[2025-10-02T22:53:57.494+0000] {logging_mixin.py:188} INFO - [2025-10-02T22:53:57.494+0000] {dag.py:3954} INFO - Setting next_dagrun for example_branch_labels to 2025-10-01 00:00:00+00:00, run_after=2025-10-02 00:00:00+00:00
[2025-10-02T22:53:57.516+0000] {processor.py:183} INFO - Processing /home/airflow/.local/lib/python3.12/site-packages/airflow/example_dags/example_branch_labels.py took 0.107 seconds
[2025-10-02T22:54:30.370+0000] {processor.py:161} INFO - Started process (PID=345) to work on /home/airflow/.local/lib/python3.12/site-packages/airflow/example_dags/example_branch_labels.py
[2025-10-02T22:54:30.372+0000] {processor.py:830} INFO - Processing file /home/airflow/.local/lib/python3.12/site-packages/airflow/example_dags/example_branch_labels.py for tasks to queue
[2025-10-02T22:54:30.375+0000] {logging_mixin.py:188} INFO - [2025-10-02T22:54:30.375+0000] {dagbag.py:545} INFO - Filling up the DagBag from /home/airflow/.local/lib/python3.12/site-packages/airflow/example_dags/example_branch_labels.py
[2025-10-02T22:54:30.400+0000] {processor.py:840} INFO - DAG(s) 'example_branch_labels' retrieved from /home/airflow/.local/lib/python3.12/site-packages/airflow/example_dags/example_branch_labels.py
[2025-10-02T22:54:30.582+0000] {logging_mixin.py:188} INFO - [2025-10-02T22:54:30.582+0000] {dag.py:3096} INFO - Sync 1 DAGs
[2025-10-02T22:54:30.613+0000] {logging_mixin.py:188} INFO - [2025-10-02T22:54:30.613+0000] {dag.py:3954} INFO - Setting next_dagrun for example_branch_labels to 2025-10-01 00:00:00+00:00, run_after=2025-10-02 00:00:00+00:00
[2025-10-02T22:54:30.637+0000] {processor.py:183} INFO - Processing /home/airflow/.local/lib/python3.12/site-packages/airflow/example_dags/example_branch_labels.py took 0.280 seconds
[2025-10-02T22:55:00.717+0000] {processor.py:161} INFO - Started process (PID=399) to work on /home/airflow/.local/lib/python3.12/site-packages/airflow/example_dags/example_branch_labels.py
[2025-10-02T22:55:00.719+0000] {processor.py:830} INFO - Processing file /home/airflow/.local/lib/python3.12/site-packages/airflow/example_dags/example_branch_labels.py for tasks to queue
[2025-10-02T22:55:00.722+0000] {logging_mixin.py:188} INFO - [2025-10-02T22:55:00.721+0000] {dagbag.py:545} INFO - Filling up the DagBag from /home/airflow/.local/lib/python3.12/site-packages/airflow/example_dags/example_branch_labels.py
[2025-10-02T22:55:00.734+0000] {processor.py:840} INFO - DAG(s) 'example_branch_labels' retrieved from /home/airflow/.local/lib/python3.12/site-packages/airflow/example_dags/example_branch_labels.py
[2025-10-02T22:55:00.774+0000] {logging_mixin.py:188} INFO - [2025-10-02T22:55:00.774+0000] {dag.py:3096} INFO - Sync 1 DAGs
[2025-10-02T22:55:00.819+0000] {logging_mixin.py:188} INFO - [2025-10-02T22:55:00.818+0000] {dag.py:3954} INFO - Setting next_dagrun for example_branch_labels to 2025-10-01 00:00:00+00:00, run_after=2025-10-02 00:00:00+00:00
[2025-10-02T22:55:00.858+0000] {processor.py:183} INFO - Processing /home/airflow/.local/lib/python3.12/site-packages/airflow/example_dags/example_branch_labels.py took 0.151 seconds
[2025-10-02T22:55:31.869+0000] {processor.py:161} INFO - Started process (PID=455) to work on /home/airflow/.local/lib/python3.12/site-packages/airflow/example_dags/example_branch_labels.py
[2025-10-02T22:55:31.872+0000] {processor.py:830} INFO - Processing file /home/airflow/.local/lib/python3.12/site-packages/airflow/example_dags/example_branch_labels.py for tasks to queue
[2025-10-02T22:55:31.876+0000] {logging_mixin.py:188} INFO - [2025-10-02T22:55:31.875+0000] {dagbag.py:545} INFO - Filling up the DagBag from /home/airflow/.local/lib/python3.12/site-packages/airflow/example_dags/example_branch_labels.py
[2025-10-02T22:55:31.888+0000] {processor.py:840} INFO - DAG(s) 'example_branch_labels' retrieved from /home/airflow/.local/lib/python3.12/site-packages/airflow/example_dags/example_branch_labels.py
[2025-10-02T22:55:31.926+0000] {logging_mixin.py:188} INFO - [2025-10-02T22:55:31.925+0000] {dag.py:3096} INFO - Sync 1 DAGs
[2025-10-02T22:55:31.969+0000] {logging_mixin.py:188} INFO - [2025-10-02T22:55:31.968+0000] {dag.py:3954} INFO - Setting next_dagrun for example_branch_labels to 2025-10-01 00:00:00+00:00, run_after=2025-10-02 00:00:00+00:00
[2025-10-02T22:55:31.997+0000] {processor.py:183} INFO - Processing /home/airflow/.local/lib/python3.12/site-packages/airflow/example_dags/example_branch_labels.py took 0.139 seconds
[2025-10-02T22:56:02.682+0000] {processor.py:161} INFO - Started process (PID=508) to work on /home/airflow/.local/lib/python3.12/site-packages/airflow/example_dags/example_branch_labels.py
[2025-10-02T22:56:02.685+0000] {processor.py:830} INFO - Processing file /home/airflow/.local/lib/python3.12/site-packages/airflow/example_dags/example_branch_labels.py for tasks to queue
[2025-10-02T22:56:02.691+0000] {logging_mixin.py:188} INFO - [2025-10-02T22:56:02.690+0000] {dagbag.py:545} INFO - Filling up the DagBag from /home/airflow/.local/lib/python3.12/site-packages/airflow/example_dags/example_branch_labels.py
[2025-10-02T22:56:02.703+0000] {processor.py:840} INFO - DAG(s) 'example_branch_labels' retrieved from /home/airflow/.local/lib/python3.12/site-packages/airflow/example_dags/example_branch_labels.py
[2025-10-02T22:56:02.735+0000] {logging_mixin.py:188} INFO - [2025-10-02T22:56:02.735+0000] {dag.py:3096} INFO - Sync 1 DAGs
[2025-10-02T22:56:02.771+0000] {logging_mixin.py:188} INFO - [2025-10-02T22:56:02.771+0000] {dag.py:3954} INFO - Setting next_dagrun for example_branch_labels to 2025-10-01 00:00:00+00:00, run_after=2025-10-02 00:00:00+00:00
[2025-10-02T22:56:02.816+0000] {processor.py:183} INFO - Processing /home/airflow/.local/lib/python3.12/site-packages/airflow/example_dags/example_branch_labels.py took 0.145 seconds
[2025-10-02T22:56:33.474+0000] {processor.py:161} INFO - Started process (PID=561) to work on /home/airflow/.local/lib/python3.12/site-packages/airflow/example_dags/example_branch_labels.py
[2025-10-02T22:56:33.476+0000] {processor.py:830} INFO - Processing file /home/airflow/.local/lib/python3.12/site-packages/airflow/example_dags/example_branch_labels.py for tasks to queue
[2025-10-02T22:56:33.486+0000] {logging_mixin.py:188} INFO - [2025-10-02T22:56:33.485+0000] {dagbag.py:545} INFO - Filling up the DagBag from /home/airflow/.local/lib/python3.12/site-packages/airflow/example_dags/example_branch_labels.py
[2025-10-02T22:56:33.522+0000] {processor.py:840} INFO - DAG(s) 'example_branch_labels' retrieved from /home/airflow/.local/lib/python3.12/site-packages/airflow/example_dags/example_branch_labels.py
[2025-10-02T22:56:33.593+0000] {logging_mixin.py:188} INFO - [2025-10-02T22:56:33.592+0000] {dag.py:3096} INFO - Sync 1 DAGs
[2025-10-02T22:56:33.687+0000] {logging_mixin.py:188} INFO - [2025-10-02T22:56:33.687+0000] {dag.py:3954} INFO - Setting next_dagrun for example_branch_labels to 2025-10-01 00:00:00+00:00, run_after=2025-10-02 00:00:00+00:00
[2025-10-02T22:56:33.787+0000] {processor.py:183} INFO - Processing /home/airflow/.local/lib/python3.12/site-packages/airflow/example_dags/example_branch_labels.py took 0.330 seconds
[2025-10-02T22:57:04.687+0000] {processor.py:161} INFO - Started process (PID=614) to work on /home/airflow/.local/lib/python3.12/site-packages/airflow/example_dags/example_branch_labels.py
[2025-10-02T22:57:04.688+0000] {processor.py:830} INFO - Processing file /home/airflow/.local/lib/python3.12/site-packages/airflow/example_dags/example_branch_labels.py for tasks to queue
[2025-10-02T22:57:04.692+0000] {logging_mixin.py:188} INFO - [2025-10-02T22:57:04.691+0000] {dagbag.py:545} INFO - Filling up the DagBag from /home/airflow/.local/lib/python3.12/site-packages/airflow/example_dags/example_branch_labels.py
[2025-10-02T22:57:04.705+0000] {processor.py:840} INFO - DAG(s) 'example_branch_labels' retrieved from /home/airflow/.local/lib/python3.12/site-packages/airflow/example_dags/example_branch_labels.py
[2025-10-02T22:57:04.747+0000] {logging_mixin.py:188} INFO - [2025-10-02T22:57:04.746+0000] {dag.py:3096} INFO - Sync 1 DAGs
[2025-10-02T22:57:04.783+0000] {logging_mixin.py:188} INFO - [2025-10-02T22:57:04.782+0000] {dag.py:3954} INFO - Setting next_dagrun for example_branch_labels to 2025-10-01 00:00:00+00:00, run_after=2025-10-02 00:00:00+00:00
[2025-10-02T22:57:04.810+0000] {processor.py:183} INFO - Processing /home/airflow/.local/lib/python3.12/site-packages/airflow/example_dags/example_branch_labels.py took 0.132 seconds
[2025-10-02T22:57:35.472+0000] {processor.py:161} INFO - Started process (PID=668) to work on /home/airflow/.local/lib/python3.12/site-packages/airflow/example_dags/example_branch_labels.py
[2025-10-02T22:57:35.473+0000] {processor.py:830} INFO - Processing file /home/airflow/.local/lib/python3.12/site-packages/airflow/example_dags/example_branch_labels.py for tasks to queue
[2025-10-02T22:57:35.478+0000] {logging_mixin.py:188} INFO - [2025-10-02T22:57:35.478+0000] {dagbag.py:545} INFO - Filling up the DagBag from /home/airflow/.local/lib/python3.12/site-packages/airflow/example_dags/example_branch_labels.py
[2025-10-02T22:57:35.491+0000] {processor.py:840} INFO - DAG(s) 'example_branch_labels' retrieved from /home/airflow/.local/lib/python3.12/site-packages/airflow/example_dags/example_branch_labels.py
[2025-10-02T22:57:35.551+0000] {logging_mixin.py:188} INFO - [2025-10-02T22:57:35.551+0000] {dag.py:3096} INFO - Sync 1 DAGs
[2025-10-02T22:57:35.604+0000] {logging_mixin.py:188} INFO - [2025-10-02T22:57:35.604+0000] {dag.py:3954} INFO - Setting next_dagrun for example_branch_labels to 2025-10-01 00:00:00+00:00, run_after=2025-10-02 00:00:00+00:00
[2025-10-02T22:57:35.639+0000] {processor.py:183} INFO - Processing /home/airflow/.local/lib/python3.12/site-packages/airflow/example_dags/example_branch_labels.py took 0.176 seconds
[2025-10-02T22:58:05.817+0000] {processor.py:161} INFO - Started process (PID=723) to work on /home/airflow/.local/lib/python3.12/site-packages/airflow/example_dags/example_branch_labels.py
[2025-10-02T22:58:05.819+0000] {processor.py:830} INFO - Processing file /home/airflow/.local/lib/python3.12/site-packages/airflow/example_dags/example_branch_labels.py for tasks to queue
[2025-10-02T22:58:05.823+0000] {logging_mixin.py:188} INFO - [2025-10-02T22:58:05.822+0000] {dagbag.py:545} INFO - Filling up the DagBag from /home/airflow/.local/lib/python3.12/site-packages/airflow/example_dags/example_branch_labels.py
[2025-10-02T22:58:05.840+0000] {processor.py:840} INFO - DAG(s) 'example_branch_labels' retrieved from /home/airflow/.local/lib/python3.12/site-packages/airflow/example_dags/example_branch_labels.py
[2025-10-02T22:58:05.871+0000] {logging_mixin.py:188} INFO - [2025-10-02T22:58:05.871+0000] {dag.py:3096} INFO - Sync 1 DAGs
[2025-10-02T22:58:05.918+0000] {logging_mixin.py:188} INFO - [2025-10-02T22:58:05.918+0000] {dag.py:3954} INFO - Setting next_dagrun for example_branch_labels to 2025-10-01 00:00:00+00:00, run_after=2025-10-02 00:00:00+00:00
[2025-10-02T22:58:05.968+0000] {processor.py:183} INFO - Processing /home/airflow/.local/lib/python3.12/site-packages/airflow/example_dags/example_branch_labels.py took 0.162 seconds
[2025-10-02T22:58:36.789+0000] {processor.py:161} INFO - Started process (PID=774) to work on /home/airflow/.local/lib/python3.12/site-packages/airflow/example_dags/example_branch_labels.py
[2025-10-02T22:58:36.791+0000] {processor.py:830} INFO - Processing file /home/airflow/.local/lib/python3.12/site-packages/airflow/example_dags/example_branch_labels.py for tasks to queue
[2025-10-02T22:58:36.796+0000] {logging_mixin.py:188} INFO - [2025-10-02T22:58:36.795+0000] {dagbag.py:545} INFO - Filling up the DagBag from /home/airflow/.local/lib/python3.12/site-packages/airflow/example_dags/example_branch_labels.py
[2025-10-02T22:58:36.813+0000] {processor.py:840} INFO - DAG(s) 'example_branch_labels' retrieved from /home/airflow/.local/lib/python3.12/site-packages/airflow/example_dags/example_branch_labels.py
[2025-10-02T22:58:37.104+0000] {logging_mixin.py:188} INFO - [2025-10-02T22:58:37.104+0000] {dag.py:3096} INFO - Sync 1 DAGs
[2025-10-02T22:58:37.163+0000] {logging_mixin.py:188} INFO - [2025-10-02T22:58:37.162+0000] {dag.py:3954} INFO - Setting next_dagrun for example_branch_labels to 2025-10-01 00:00:00+00:00, run_after=2025-10-02 00:00:00+00:00
[2025-10-02T22:58:37.215+0000] {processor.py:183} INFO - Processing /home/airflow/.local/lib/python3.12/site-packages/airflow/example_dags/example_branch_labels.py took 0.437 seconds
[2025-10-02T22:59:07.302+0000] {processor.py:161} INFO - Started process (PID=828) to work on /home/airflow/.local/lib/python3.12/site-packages/airflow/example_dags/example_branch_labels.py
[2025-10-02T22:59:07.303+0000] {processor.py:830} INFO - Processing file /home/airflow/.local/lib/python3.12/site-packages/airflow/example_dags/example_branch_labels.py for tasks to queue
[2025-10-02T22:59:07.307+0000] {logging_mixin.py:188} INFO - [2025-10-02T22:59:07.306+0000] {dagbag.py:545} INFO - Filling up the DagBag from /home/airflow/.local/lib/python3.12/site-packages/airflow/example_dags/example_branch_labels.py
[2025-10-02T22:59:07.321+0000] {processor.py:840} INFO - DAG(s) 'example_branch_labels' retrieved from /home/airflow/.local/lib/python3.12/site-packages/airflow/example_dags/example_branch_labels.py
[2025-10-02T22:59:07.365+0000] {logging_mixin.py:188} INFO - [2025-10-02T22:59:07.365+0000] {dag.py:3096} INFO - Sync 1 DAGs
[2025-10-02T22:59:07.408+0000] {logging_mixin.py:188} INFO - [2025-10-02T22:59:07.407+0000] {dag.py:3954} INFO - Setting next_dagrun for example_branch_labels to 2025-10-01 00:00:00+00:00, run_after=2025-10-02 00:00:00+00:00
[2025-10-02T22:59:07.436+0000] {processor.py:183} INFO - Processing /home/airflow/.local/lib/python3.12/site-packages/airflow/example_dags/example_branch_labels.py took 0.149 seconds
[2025-10-02T22:59:37.773+0000] {processor.py:161} INFO - Started process (PID=881) to work on /home/airflow/.local/lib/python3.12/site-packages/airflow/example_dags/example_branch_labels.py
[2025-10-02T22:59:37.775+0000] {processor.py:830} INFO - Processing file /home/airflow/.local/lib/python3.12/site-packages/airflow/example_dags/example_branch_labels.py for tasks to queue
[2025-10-02T22:59:37.778+0000] {logging_mixin.py:188} INFO - [2025-10-02T22:59:37.778+0000] {dagbag.py:545} INFO - Filling up the DagBag from /home/airflow/.local/lib/python3.12/site-packages/airflow/example_dags/example_branch_labels.py
[2025-10-02T22:59:37.793+0000] {processor.py:840} INFO - DAG(s) 'example_branch_labels' retrieved from /home/airflow/.local/lib/python3.12/site-packages/airflow/example_dags/example_branch_labels.py
[2025-10-02T22:59:37.834+0000] {logging_mixin.py:188} INFO - [2025-10-02T22:59:37.833+0000] {dag.py:3096} INFO - Sync 1 DAGs
[2025-10-02T22:59:37.875+0000] {logging_mixin.py:188} INFO - [2025-10-02T22:59:37.875+0000] {dag.py:3954} INFO - Setting next_dagrun for example_branch_labels to 2025-10-01 00:00:00+00:00, run_after=2025-10-02 00:00:00+00:00
[2025-10-02T22:59:37.907+0000] {processor.py:183} INFO - Processing /home/airflow/.local/lib/python3.12/site-packages/airflow/example_dags/example_branch_labels.py took 0.145 seconds
[2025-10-02T23:00:08.429+0000] {processor.py:161} INFO - Started process (PID=934) to work on /home/airflow/.local/lib/python3.12/site-packages/airflow/example_dags/example_branch_labels.py
[2025-10-02T23:00:08.430+0000] {processor.py:830} INFO - Processing file /home/airflow/.local/lib/python3.12/site-packages/airflow/example_dags/example_branch_labels.py for tasks to queue
[2025-10-02T23:00:08.433+0000] {logging_mixin.py:188} INFO - [2025-10-02T23:00:08.432+0000] {dagbag.py:545} INFO - Filling up the DagBag from /home/airflow/.local/lib/python3.12/site-packages/airflow/example_dags/example_branch_labels.py
[2025-10-02T23:00:08.443+0000] {processor.py:840} INFO - DAG(s) 'example_branch_labels' retrieved from /home/airflow/.local/lib/python3.12/site-packages/airflow/example_dags/example_branch_labels.py
[2025-10-02T23:00:08.475+0000] {logging_mixin.py:188} INFO - [2025-10-02T23:00:08.475+0000] {dag.py:3096} INFO - Sync 1 DAGs
[2025-10-02T23:00:08.507+0000] {logging_mixin.py:188} INFO - [2025-10-02T23:00:08.507+0000] {dag.py:3954} INFO - Setting next_dagrun for example_branch_labels to 2025-10-01 00:00:00+00:00, run_after=2025-10-02 00:00:00+00:00
[2025-10-02T23:00:08.529+0000] {processor.py:183} INFO - Processing /home/airflow/.local/lib/python3.12/site-packages/airflow/example_dags/example_branch_labels.py took 0.108 seconds
[2025-10-02T23:00:38.813+0000] {processor.py:161} INFO - Started process (PID=986) to work on /home/airflow/.local/lib/python3.12/site-packages/airflow/example_dags/example_branch_labels.py
[2025-10-02T23:00:38.815+0000] {processor.py:830} INFO - Processing file /home/airflow/.local/lib/python3.12/site-packages/airflow/example_dags/example_branch_labels.py for tasks to queue
[2025-10-02T23:00:38.818+0000] {logging_mixin.py:188} INFO - [2025-10-02T23:00:38.817+0000] {dagbag.py:545} INFO - Filling up the DagBag from /home/airflow/.local/lib/python3.12/site-packages/airflow/example_dags/example_branch_labels.py
[2025-10-02T23:00:38.828+0000] {processor.py:840} INFO - DAG(s) 'example_branch_labels' retrieved from /home/airflow/.local/lib/python3.12/site-packages/airflow/example_dags/example_branch_labels.py
[2025-10-02T23:00:38.857+0000] {logging_mixin.py:188} INFO - [2025-10-02T23:00:38.857+0000] {dag.py:3096} INFO - Sync 1 DAGs
[2025-10-02T23:00:38.884+0000] {logging_mixin.py:188} INFO - [2025-10-02T23:00:38.884+0000] {dag.py:3954} INFO - Setting next_dagrun for example_branch_labels to 2025-10-01 00:00:00+00:00, run_after=2025-10-02 00:00:00+00:00
[2025-10-02T23:00:38.907+0000] {processor.py:183} INFO - Processing /home/airflow/.local/lib/python3.12/site-packages/airflow/example_dags/example_branch_labels.py took 0.102 seconds
[2025-10-02T23:01:08.996+0000] {processor.py:161} INFO - Started process (PID=1039) to work on /home/airflow/.local/lib/python3.12/site-packages/airflow/example_dags/example_branch_labels.py
[2025-10-02T23:01:08.998+0000] {processor.py:830} INFO - Processing file /home/airflow/.local/lib/python3.12/site-packages/airflow/example_dags/example_branch_labels.py for tasks to queue
[2025-10-02T23:01:09.001+0000] {logging_mixin.py:188} INFO - [2025-10-02T23:01:09.000+0000] {dagbag.py:545} INFO - Filling up the DagBag from /home/airflow/.local/lib/python3.12/site-packages/airflow/example_dags/example_branch_labels.py
[2025-10-02T23:01:09.014+0000] {processor.py:840} INFO - DAG(s) 'example_branch_labels' retrieved from /home/airflow/.local/lib/python3.12/site-packages/airflow/example_dags/example_branch_labels.py
[2025-10-02T23:01:09.043+0000] {logging_mixin.py:188} INFO - [2025-10-02T23:01:09.043+0000] {dag.py:3096} INFO - Sync 1 DAGs
[2025-10-02T23:01:09.070+0000] {logging_mixin.py:188} INFO - [2025-10-02T23:01:09.070+0000] {dag.py:3954} INFO - Setting next_dagrun for example_branch_labels to 2025-10-01 00:00:00+00:00, run_after=2025-10-02 00:00:00+00:00
[2025-10-02T23:01:09.093+0000] {processor.py:183} INFO - Processing /home/airflow/.local/lib/python3.12/site-packages/airflow/example_dags/example_branch_labels.py took 0.107 seconds
[2025-10-02T23:01:39.690+0000] {processor.py:161} INFO - Started process (PID=1092) to work on /home/airflow/.local/lib/python3.12/site-packages/airflow/example_dags/example_branch_labels.py
[2025-10-02T23:01:39.692+0000] {processor.py:830} INFO - Processing file /home/airflow/.local/lib/python3.12/site-packages/airflow/example_dags/example_branch_labels.py for tasks to queue
[2025-10-02T23:01:39.695+0000] {logging_mixin.py:188} INFO - [2025-10-02T23:01:39.694+0000] {dagbag.py:545} INFO - Filling up the DagBag from /home/airflow/.local/lib/python3.12/site-packages/airflow/example_dags/example_branch_labels.py
[2025-10-02T23:01:39.711+0000] {processor.py:840} INFO - DAG(s) 'example_branch_labels' retrieved from /home/airflow/.local/lib/python3.12/site-packages/airflow/example_dags/example_branch_labels.py
[2025-10-02T23:01:39.745+0000] {logging_mixin.py:188} INFO - [2025-10-02T23:01:39.745+0000] {dag.py:3096} INFO - Sync 1 DAGs
[2025-10-02T23:01:39.784+0000] {logging_mixin.py:188} INFO - [2025-10-02T23:01:39.784+0000] {dag.py:3954} INFO - Setting next_dagrun for example_branch_labels to 2025-10-01 00:00:00+00:00, run_after=2025-10-02 00:00:00+00:00
[2025-10-02T23:01:39.814+0000] {processor.py:183} INFO - Processing /home/airflow/.local/lib/python3.12/site-packages/airflow/example_dags/example_branch_labels.py took 0.133 seconds
[2025-10-02T23:02:10.352+0000] {processor.py:161} INFO - Started process (PID=1145) to work on /home/airflow/.local/lib/python3.12/site-packages/airflow/example_dags/example_branch_labels.py
[2025-10-02T23:02:10.354+0000] {processor.py:830} INFO - Processing file /home/airflow/.local/lib/python3.12/site-packages/airflow/example_dags/example_branch_labels.py for tasks to queue
[2025-10-02T23:02:10.358+0000] {logging_mixin.py:188} INFO - [2025-10-02T23:02:10.357+0000] {dagbag.py:545} INFO - Filling up the DagBag from /home/airflow/.local/lib/python3.12/site-packages/airflow/example_dags/example_branch_labels.py
[2025-10-02T23:02:10.371+0000] {processor.py:840} INFO - DAG(s) 'example_branch_labels' retrieved from /home/airflow/.local/lib/python3.12/site-packages/airflow/example_dags/example_branch_labels.py
[2025-10-02T23:02:10.401+0000] {logging_mixin.py:188} INFO - [2025-10-02T23:02:10.400+0000] {dag.py:3096} INFO - Sync 1 DAGs
[2025-10-02T23:02:10.429+0000] {logging_mixin.py:188} INFO - [2025-10-02T23:02:10.429+0000] {dag.py:3954} INFO - Setting next_dagrun for example_branch_labels to 2025-10-01 00:00:00+00:00, run_after=2025-10-02 00:00:00+00:00
[2025-10-02T23:02:10.451+0000] {processor.py:183} INFO - Processing /home/airflow/.local/lib/python3.12/site-packages/airflow/example_dags/example_branch_labels.py took 0.109 seconds
[2025-10-02T23:02:40.955+0000] {processor.py:161} INFO - Started process (PID=1198) to work on /home/airflow/.local/lib/python3.12/site-packages/airflow/example_dags/example_branch_labels.py
[2025-10-02T23:02:40.957+0000] {processor.py:830} INFO - Processing file /home/airflow/.local/lib/python3.12/site-packages/airflow/example_dags/example_branch_labels.py for tasks to queue
[2025-10-02T23:02:40.960+0000] {logging_mixin.py:188} INFO - [2025-10-02T23:02:40.959+0000] {dagbag.py:545} INFO - Filling up the DagBag from /home/airflow/.local/lib/python3.12/site-packages/airflow/example_dags/example_branch_labels.py
[2025-10-02T23:02:40.970+0000] {processor.py:840} INFO - DAG(s) 'example_branch_labels' retrieved from /home/airflow/.local/lib/python3.12/site-packages/airflow/example_dags/example_branch_labels.py
[2025-10-02T23:02:40.999+0000] {logging_mixin.py:188} INFO - [2025-10-02T23:02:40.999+0000] {dag.py:3096} INFO - Sync 1 DAGs
[2025-10-02T23:02:41.028+0000] {logging_mixin.py:188} INFO - [2025-10-02T23:02:41.027+0000] {dag.py:3954} INFO - Setting next_dagrun for example_branch_labels to 2025-10-01 00:00:00+00:00, run_after=2025-10-02 00:00:00+00:00
[2025-10-02T23:02:41.049+0000] {processor.py:183} INFO - Processing /home/airflow/.local/lib/python3.12/site-packages/airflow/example_dags/example_branch_labels.py took 0.102 seconds
[2025-10-02T23:03:11.948+0000] {processor.py:161} INFO - Started process (PID=1251) to work on /home/airflow/.local/lib/python3.12/site-packages/airflow/example_dags/example_branch_labels.py
[2025-10-02T23:03:11.950+0000] {processor.py:830} INFO - Processing file /home/airflow/.local/lib/python3.12/site-packages/airflow/example_dags/example_branch_labels.py for tasks to queue
[2025-10-02T23:03:11.953+0000] {logging_mixin.py:188} INFO - [2025-10-02T23:03:11.953+0000] {dagbag.py:545} INFO - Filling up the DagBag from /home/airflow/.local/lib/python3.12/site-packages/airflow/example_dags/example_branch_labels.py
[2025-10-02T23:03:11.965+0000] {processor.py:840} INFO - DAG(s) 'example_branch_labels' retrieved from /home/airflow/.local/lib/python3.12/site-packages/airflow/example_dags/example_branch_labels.py
[2025-10-02T23:03:11.997+0000] {logging_mixin.py:188} INFO - [2025-10-02T23:03:11.997+0000] {dag.py:3096} INFO - Sync 1 DAGs
[2025-10-02T23:03:12.031+0000] {logging_mixin.py:188} INFO - [2025-10-02T23:03:12.031+0000] {dag.py:3954} INFO - Setting next_dagrun for example_branch_labels to 2025-10-01 00:00:00+00:00, run_after=2025-10-02 00:00:00+00:00
[2025-10-02T23:03:12.058+0000] {processor.py:183} INFO - Processing /home/airflow/.local/lib/python3.12/site-packages/airflow/example_dags/example_branch_labels.py took 0.120 seconds
[2025-10-02T23:03:42.145+0000] {processor.py:161} INFO - Started process (PID=1304) to work on /home/airflow/.local/lib/python3.12/site-packages/airflow/example_dags/example_branch_labels.py
[2025-10-02T23:03:42.147+0000] {processor.py:830} INFO - Processing file /home/airflow/.local/lib/python3.12/site-packages/airflow/example_dags/example_branch_labels.py for tasks to queue
[2025-10-02T23:03:42.150+0000] {logging_mixin.py:188} INFO - [2025-10-02T23:03:42.150+0000] {dagbag.py:545} INFO - Filling up the DagBag from /home/airflow/.local/lib/python3.12/site-packages/airflow/example_dags/example_branch_labels.py
[2025-10-02T23:03:42.162+0000] {processor.py:840} INFO - DAG(s) 'example_branch_labels' retrieved from /home/airflow/.local/lib/python3.12/site-packages/airflow/example_dags/example_branch_labels.py
[2025-10-02T23:03:42.194+0000] {logging_mixin.py:188} INFO - [2025-10-02T23:03:42.194+0000] {dag.py:3096} INFO - Sync 1 DAGs
[2025-10-02T23:03:42.222+0000] {logging_mixin.py:188} INFO - [2025-10-02T23:03:42.221+0000] {dag.py:3954} INFO - Setting next_dagrun for example_branch_labels to 2025-10-01 00:00:00+00:00, run_after=2025-10-02 00:00:00+00:00
[2025-10-02T23:03:42.243+0000] {processor.py:183} INFO - Processing /home/airflow/.local/lib/python3.12/site-packages/airflow/example_dags/example_branch_labels.py took 0.106 seconds
[2025-10-02T23:04:13.021+0000] {processor.py:161} INFO - Started process (PID=1357) to work on /home/airflow/.local/lib/python3.12/site-packages/airflow/example_dags/example_branch_labels.py
[2025-10-02T23:04:13.023+0000] {processor.py:830} INFO - Processing file /home/airflow/.local/lib/python3.12/site-packages/airflow/example_dags/example_branch_labels.py for tasks to queue
[2025-10-02T23:04:13.026+0000] {logging_mixin.py:188} INFO - [2025-10-02T23:04:13.025+0000] {dagbag.py:545} INFO - Filling up the DagBag from /home/airflow/.local/lib/python3.12/site-packages/airflow/example_dags/example_branch_labels.py
[2025-10-02T23:04:13.037+0000] {processor.py:840} INFO - DAG(s) 'example_branch_labels' retrieved from /home/airflow/.local/lib/python3.12/site-packages/airflow/example_dags/example_branch_labels.py
[2025-10-02T23:04:13.065+0000] {logging_mixin.py:188} INFO - [2025-10-02T23:04:13.065+0000] {dag.py:3096} INFO - Sync 1 DAGs
[2025-10-02T23:04:13.096+0000] {logging_mixin.py:188} INFO - [2025-10-02T23:04:13.096+0000] {dag.py:3954} INFO - Setting next_dagrun for example_branch_labels to 2025-10-01 00:00:00+00:00, run_after=2025-10-02 00:00:00+00:00
[2025-10-02T23:04:13.120+0000] {processor.py:183} INFO - Processing /home/airflow/.local/lib/python3.12/site-packages/airflow/example_dags/example_branch_labels.py took 0.109 seconds
[2025-10-02T23:04:43.515+0000] {processor.py:161} INFO - Started process (PID=1410) to work on /home/airflow/.local/lib/python3.12/site-packages/airflow/example_dags/example_branch_labels.py
[2025-10-02T23:04:43.516+0000] {processor.py:830} INFO - Processing file /home/airflow/.local/lib/python3.12/site-packages/airflow/example_dags/example_branch_labels.py for tasks to queue
[2025-10-02T23:04:43.520+0000] {logging_mixin.py:188} INFO - [2025-10-02T23:04:43.519+0000] {dagbag.py:545} INFO - Filling up the DagBag from /home/airflow/.local/lib/python3.12/site-packages/airflow/example_dags/example_branch_labels.py
[2025-10-02T23:04:43.539+0000] {processor.py:840} INFO - DAG(s) 'example_branch_labels' retrieved from /home/airflow/.local/lib/python3.12/site-packages/airflow/example_dags/example_branch_labels.py
[2025-10-02T23:04:43.576+0000] {logging_mixin.py:188} INFO - [2025-10-02T23:04:43.576+0000] {dag.py:3096} INFO - Sync 1 DAGs
[2025-10-02T23:04:43.615+0000] {logging_mixin.py:188} INFO - [2025-10-02T23:04:43.615+0000] {dag.py:3954} INFO - Setting next_dagrun for example_branch_labels to 2025-10-01 00:00:00+00:00, run_after=2025-10-02 00:00:00+00:00
[2025-10-02T23:04:43.646+0000] {processor.py:183} INFO - Processing /home/airflow/.local/lib/python3.12/site-packages/airflow/example_dags/example_branch_labels.py took 0.144 seconds
[2025-10-02T23:05:13.770+0000] {processor.py:161} INFO - Started process (PID=1463) to work on /home/airflow/.local/lib/python3.12/site-packages/airflow/example_dags/example_branch_labels.py
[2025-10-02T23:05:13.771+0000] {processor.py:830} INFO - Processing file /home/airflow/.local/lib/python3.12/site-packages/airflow/example_dags/example_branch_labels.py for tasks to queue
[2025-10-02T23:05:13.775+0000] {logging_mixin.py:188} INFO - [2025-10-02T23:05:13.774+0000] {dagbag.py:545} INFO - Filling up the DagBag from /home/airflow/.local/lib/python3.12/site-packages/airflow/example_dags/example_branch_labels.py
[2025-10-02T23:05:13.786+0000] {processor.py:840} INFO - DAG(s) 'example_branch_labels' retrieved from /home/airflow/.local/lib/python3.12/site-packages/airflow/example_dags/example_branch_labels.py
[2025-10-02T23:05:13.814+0000] {logging_mixin.py:188} INFO - [2025-10-02T23:05:13.814+0000] {dag.py:3096} INFO - Sync 1 DAGs
[2025-10-02T23:05:13.841+0000] {logging_mixin.py:188} INFO - [2025-10-02T23:05:13.841+0000] {dag.py:3954} INFO - Setting next_dagrun for example_branch_labels to 2025-10-01 00:00:00+00:00, run_after=2025-10-02 00:00:00+00:00
[2025-10-02T23:05:13.866+0000] {processor.py:183} INFO - Processing /home/airflow/.local/lib/python3.12/site-packages/airflow/example_dags/example_branch_labels.py took 0.106 seconds
[2025-10-02T23:05:44.691+0000] {processor.py:161} INFO - Started process (PID=1516) to work on /home/airflow/.local/lib/python3.12/site-packages/airflow/example_dags/example_branch_labels.py
[2025-10-02T23:05:44.692+0000] {processor.py:830} INFO - Processing file /home/airflow/.local/lib/python3.12/site-packages/airflow/example_dags/example_branch_labels.py for tasks to queue
[2025-10-02T23:05:44.695+0000] {logging_mixin.py:188} INFO - [2025-10-02T23:05:44.695+0000] {dagbag.py:545} INFO - Filling up the DagBag from /home/airflow/.local/lib/python3.12/site-packages/airflow/example_dags/example_branch_labels.py
[2025-10-02T23:05:44.708+0000] {processor.py:840} INFO - DAG(s) 'example_branch_labels' retrieved from /home/airflow/.local/lib/python3.12/site-packages/airflow/example_dags/example_branch_labels.py
[2025-10-02T23:05:44.742+0000] {logging_mixin.py:188} INFO - [2025-10-02T23:05:44.742+0000] {dag.py:3096} INFO - Sync 1 DAGs
[2025-10-02T23:05:44.776+0000] {logging_mixin.py:188} INFO - [2025-10-02T23:05:44.776+0000] {dag.py:3954} INFO - Setting next_dagrun for example_branch_labels to 2025-10-01 00:00:00+00:00, run_after=2025-10-02 00:00:00+00:00
[2025-10-02T23:05:44.803+0000] {processor.py:183} INFO - Processing /home/airflow/.local/lib/python3.12/site-packages/airflow/example_dags/example_branch_labels.py took 0.121 seconds
[2025-10-02T23:06:15.040+0000] {processor.py:161} INFO - Started process (PID=1569) to work on /home/airflow/.local/lib/python3.12/site-packages/airflow/example_dags/example_branch_labels.py
[2025-10-02T23:06:15.042+0000] {processor.py:830} INFO - Processing file /home/airflow/.local/lib/python3.12/site-packages/airflow/example_dags/example_branch_labels.py for tasks to queue
[2025-10-02T23:06:15.045+0000] {logging_mixin.py:188} INFO - [2025-10-02T23:06:15.044+0000] {dagbag.py:545} INFO - Filling up the DagBag from /home/airflow/.local/lib/python3.12/site-packages/airflow/example_dags/example_branch_labels.py
[2025-10-02T23:06:15.055+0000] {processor.py:840} INFO - DAG(s) 'example_branch_labels' retrieved from /home/airflow/.local/lib/python3.12/site-packages/airflow/example_dags/example_branch_labels.py
[2025-10-02T23:06:15.092+0000] {logging_mixin.py:188} INFO - [2025-10-02T23:06:15.092+0000] {dag.py:3096} INFO - Sync 1 DAGs
[2025-10-02T23:06:15.133+0000] {logging_mixin.py:188} INFO - [2025-10-02T23:06:15.133+0000] {dag.py:3954} INFO - Setting next_dagrun for example_branch_labels to 2025-10-01 00:00:00+00:00, run_after=2025-10-02 00:00:00+00:00
[2025-10-02T23:06:15.169+0000] {processor.py:183} INFO - Processing /home/airflow/.local/lib/python3.12/site-packages/airflow/example_dags/example_branch_labels.py took 0.139 seconds
[2025-10-02T23:06:45.417+0000] {processor.py:161} INFO - Started process (PID=1623) to work on /home/airflow/.local/lib/python3.12/site-packages/airflow/example_dags/example_branch_labels.py
[2025-10-02T23:06:45.419+0000] {processor.py:830} INFO - Processing file /home/airflow/.local/lib/python3.12/site-packages/airflow/example_dags/example_branch_labels.py for tasks to queue
[2025-10-02T23:06:45.422+0000] {logging_mixin.py:188} INFO - [2025-10-02T23:06:45.421+0000] {dagbag.py:545} INFO - Filling up the DagBag from /home/airflow/.local/lib/python3.12/site-packages/airflow/example_dags/example_branch_labels.py
[2025-10-02T23:06:45.434+0000] {processor.py:840} INFO - DAG(s) 'example_branch_labels' retrieved from /home/airflow/.local/lib/python3.12/site-packages/airflow/example_dags/example_branch_labels.py
[2025-10-02T23:06:45.467+0000] {logging_mixin.py:188} INFO - [2025-10-02T23:06:45.467+0000] {dag.py:3096} INFO - Sync 1 DAGs
[2025-10-02T23:06:45.498+0000] {logging_mixin.py:188} INFO - [2025-10-02T23:06:45.498+0000] {dag.py:3954} INFO - Setting next_dagrun for example_branch_labels to 2025-10-01 00:00:00+00:00, run_after=2025-10-02 00:00:00+00:00
[2025-10-02T23:06:45.521+0000] {processor.py:183} INFO - Processing /home/airflow/.local/lib/python3.12/site-packages/airflow/example_dags/example_branch_labels.py took 0.112 seconds
[2025-10-02T23:07:17.380+0000] {processor.py:161} INFO - Started process (PID=1675) to work on /home/airflow/.local/lib/python3.12/site-packages/airflow/example_dags/example_branch_labels.py
[2025-10-02T23:07:17.381+0000] {processor.py:830} INFO - Processing file /home/airflow/.local/lib/python3.12/site-packages/airflow/example_dags/example_branch_labels.py for tasks to queue
[2025-10-02T23:07:17.384+0000] {logging_mixin.py:188} INFO - [2025-10-02T23:07:17.384+0000] {dagbag.py:545} INFO - Filling up the DagBag from /home/airflow/.local/lib/python3.12/site-packages/airflow/example_dags/example_branch_labels.py
[2025-10-02T23:07:17.397+0000] {processor.py:840} INFO - DAG(s) 'example_branch_labels' retrieved from /home/airflow/.local/lib/python3.12/site-packages/airflow/example_dags/example_branch_labels.py
[2025-10-02T23:07:17.432+0000] {logging_mixin.py:188} INFO - [2025-10-02T23:07:17.432+0000] {dag.py:3096} INFO - Sync 1 DAGs
[2025-10-02T23:07:17.675+0000] {logging_mixin.py:188} INFO - [2025-10-02T23:07:17.674+0000] {dag.py:3954} INFO - Setting next_dagrun for example_branch_labels to 2025-10-01 00:00:00+00:00, run_after=2025-10-02 00:00:00+00:00
[2025-10-02T23:07:17.698+0000] {processor.py:183} INFO - Processing /home/airflow/.local/lib/python3.12/site-packages/airflow/example_dags/example_branch_labels.py took 0.329 seconds
[2025-10-02T23:07:47.825+0000] {processor.py:161} INFO - Started process (PID=1729) to work on /home/airflow/.local/lib/python3.12/site-packages/airflow/example_dags/example_branch_labels.py
[2025-10-02T23:07:47.827+0000] {processor.py:830} INFO - Processing file /home/airflow/.local/lib/python3.12/site-packages/airflow/example_dags/example_branch_labels.py for tasks to queue
[2025-10-02T23:07:47.830+0000] {logging_mixin.py:188} INFO - [2025-10-02T23:07:47.830+0000] {dagbag.py:545} INFO - Filling up the DagBag from /home/airflow/.local/lib/python3.12/site-packages/airflow/example_dags/example_branch_labels.py
[2025-10-02T23:07:47.847+0000] {processor.py:840} INFO - DAG(s) 'example_branch_labels' retrieved from /home/airflow/.local/lib/python3.12/site-packages/airflow/example_dags/example_branch_labels.py
[2025-10-02T23:07:47.881+0000] {logging_mixin.py:188} INFO - [2025-10-02T23:07:47.880+0000] {dag.py:3096} INFO - Sync 1 DAGs
[2025-10-02T23:07:47.916+0000] {logging_mixin.py:188} INFO - [2025-10-02T23:07:47.916+0000] {dag.py:3954} INFO - Setting next_dagrun for example_branch_labels to 2025-10-01 00:00:00+00:00, run_after=2025-10-02 00:00:00+00:00
[2025-10-02T23:07:47.942+0000] {processor.py:183} INFO - Processing /home/airflow/.local/lib/python3.12/site-packages/airflow/example_dags/example_branch_labels.py took 0.126 seconds
[2025-10-02T23:08:18.045+0000] {processor.py:161} INFO - Started process (PID=1782) to work on /home/airflow/.local/lib/python3.12/site-packages/airflow/example_dags/example_branch_labels.py
[2025-10-02T23:08:18.047+0000] {processor.py:830} INFO - Processing file /home/airflow/.local/lib/python3.12/site-packages/airflow/example_dags/example_branch_labels.py for tasks to queue
[2025-10-02T23:08:18.050+0000] {logging_mixin.py:188} INFO - [2025-10-02T23:08:18.050+0000] {dagbag.py:545} INFO - Filling up the DagBag from /home/airflow/.local/lib/python3.12/site-packages/airflow/example_dags/example_branch_labels.py
[2025-10-02T23:08:18.062+0000] {processor.py:840} INFO - DAG(s) 'example_branch_labels' retrieved from /home/airflow/.local/lib/python3.12/site-packages/airflow/example_dags/example_branch_labels.py
[2025-10-02T23:08:18.094+0000] {logging_mixin.py:188} INFO - [2025-10-02T23:08:18.094+0000] {dag.py:3096} INFO - Sync 1 DAGs
[2025-10-02T23:08:18.125+0000] {logging_mixin.py:188} INFO - [2025-10-02T23:08:18.125+0000] {dag.py:3954} INFO - Setting next_dagrun for example_branch_labels to 2025-10-01 00:00:00+00:00, run_after=2025-10-02 00:00:00+00:00
[2025-10-02T23:08:18.151+0000] {processor.py:183} INFO - Processing /home/airflow/.local/lib/python3.12/site-packages/airflow/example_dags/example_branch_labels.py took 0.116 seconds
[2025-10-02T23:08:49.083+0000] {processor.py:161} INFO - Started process (PID=1834) to work on /home/airflow/.local/lib/python3.12/site-packages/airflow/example_dags/example_branch_labels.py
[2025-10-02T23:08:49.085+0000] {processor.py:830} INFO - Processing file /home/airflow/.local/lib/python3.12/site-packages/airflow/example_dags/example_branch_labels.py for tasks to queue
[2025-10-02T23:08:49.090+0000] {logging_mixin.py:188} INFO - [2025-10-02T23:08:49.089+0000] {dagbag.py:545} INFO - Filling up the DagBag from /home/airflow/.local/lib/python3.12/site-packages/airflow/example_dags/example_branch_labels.py
[2025-10-02T23:08:49.102+0000] {processor.py:840} INFO - DAG(s) 'example_branch_labels' retrieved from /home/airflow/.local/lib/python3.12/site-packages/airflow/example_dags/example_branch_labels.py
[2025-10-02T23:08:49.135+0000] {logging_mixin.py:188} INFO - [2025-10-02T23:08:49.134+0000] {dag.py:3096} INFO - Sync 1 DAGs
[2025-10-02T23:08:49.166+0000] {logging_mixin.py:188} INFO - [2025-10-02T23:08:49.166+0000] {dag.py:3954} INFO - Setting next_dagrun for example_branch_labels to 2025-10-01 00:00:00+00:00, run_after=2025-10-02 00:00:00+00:00
[2025-10-02T23:08:49.195+0000] {processor.py:183} INFO - Processing /home/airflow/.local/lib/python3.12/site-packages/airflow/example_dags/example_branch_labels.py took 0.122 seconds
[2025-10-02T23:09:19.911+0000] {processor.py:161} INFO - Started process (PID=1887) to work on /home/airflow/.local/lib/python3.12/site-packages/airflow/example_dags/example_branch_labels.py
[2025-10-02T23:09:19.912+0000] {processor.py:830} INFO - Processing file /home/airflow/.local/lib/python3.12/site-packages/airflow/example_dags/example_branch_labels.py for tasks to queue
[2025-10-02T23:09:19.915+0000] {logging_mixin.py:188} INFO - [2025-10-02T23:09:19.915+0000] {dagbag.py:545} INFO - Filling up the DagBag from /home/airflow/.local/lib/python3.12/site-packages/airflow/example_dags/example_branch_labels.py
[2025-10-02T23:09:19.928+0000] {processor.py:840} INFO - DAG(s) 'example_branch_labels' retrieved from /home/airflow/.local/lib/python3.12/site-packages/airflow/example_dags/example_branch_labels.py
[2025-10-02T23:09:19.964+0000] {logging_mixin.py:188} INFO - [2025-10-02T23:09:19.963+0000] {dag.py:3096} INFO - Sync 1 DAGs
[2025-10-02T23:09:19.990+0000] {logging_mixin.py:188} INFO - [2025-10-02T23:09:19.990+0000] {dag.py:3954} INFO - Setting next_dagrun for example_branch_labels to 2025-10-01 00:00:00+00:00, run_after=2025-10-02 00:00:00+00:00
[2025-10-02T23:09:20.011+0000] {processor.py:183} INFO - Processing /home/airflow/.local/lib/python3.12/site-packages/airflow/example_dags/example_branch_labels.py took 0.110 seconds
[2025-10-02T23:09:50.210+0000] {processor.py:161} INFO - Started process (PID=1940) to work on /home/airflow/.local/lib/python3.12/site-packages/airflow/example_dags/example_branch_labels.py
[2025-10-02T23:09:50.212+0000] {processor.py:830} INFO - Processing file /home/airflow/.local/lib/python3.12/site-packages/airflow/example_dags/example_branch_labels.py for tasks to queue
[2025-10-02T23:09:50.215+0000] {logging_mixin.py:188} INFO - [2025-10-02T23:09:50.215+0000] {dagbag.py:545} INFO - Filling up the DagBag from /home/airflow/.local/lib/python3.12/site-packages/airflow/example_dags/example_branch_labels.py
[2025-10-02T23:09:50.228+0000] {processor.py:840} INFO - DAG(s) 'example_branch_labels' retrieved from /home/airflow/.local/lib/python3.12/site-packages/airflow/example_dags/example_branch_labels.py
[2025-10-02T23:09:50.262+0000] {logging_mixin.py:188} INFO - [2025-10-02T23:09:50.262+0000] {dag.py:3096} INFO - Sync 1 DAGs
[2025-10-02T23:09:50.297+0000] {logging_mixin.py:188} INFO - [2025-10-02T23:09:50.297+0000] {dag.py:3954} INFO - Setting next_dagrun for example_branch_labels to 2025-10-01 00:00:00+00:00, run_after=2025-10-02 00:00:00+00:00
[2025-10-02T23:09:50.325+0000] {processor.py:183} INFO - Processing /home/airflow/.local/lib/python3.12/site-packages/airflow/example_dags/example_branch_labels.py took 0.125 seconds
