[2025-10-02T22:50:35.189+0000] {processor.py:161} INFO - Started process (PID=38) to work on /home/airflow/.local/lib/python3.12/site-packages/airflow/example_dags/example_short_circuit_operator.py
[2025-10-02T22:50:35.191+0000] {processor.py:830} INFO - Processing file /home/airflow/.local/lib/python3.12/site-packages/airflow/example_dags/example_short_circuit_operator.py for tasks to queue
[2025-10-02T22:50:35.195+0000] {logging_mixin.py:188} INFO - [2025-10-02T22:50:35.194+0000] {dagbag.py:545} INFO - Filling up the DagBag from /home/airflow/.local/lib/python3.12/site-packages/airflow/example_dags/example_short_circuit_operator.py
[2025-10-02T22:50:35.229+0000] {processor.py:840} INFO - DAG(s) 'example_short_circuit_operator' retrieved from /home/airflow/.local/lib/python3.12/site-packages/airflow/example_dags/example_short_circuit_operator.py
[2025-10-02T22:50:35.495+0000] {logging_mixin.py:188} INFO - [2025-10-02T22:50:35.494+0000] {override.py:1829} INFO - Created Permission View: can delete on DAG:example_short_circuit_operator
[2025-10-02T22:50:35.510+0000] {logging_mixin.py:188} INFO - [2025-10-02T22:50:35.510+0000] {override.py:1829} INFO - Created Permission View: can edit on DAG:example_short_circuit_operator
[2025-10-02T22:50:35.518+0000] {logging_mixin.py:188} INFO - [2025-10-02T22:50:35.518+0000] {override.py:1829} INFO - Created Permission View: can read on DAG:example_short_circuit_operator
[2025-10-02T22:50:35.520+0000] {logging_mixin.py:188} INFO - [2025-10-02T22:50:35.519+0000] {dag.py:3096} INFO - Sync 1 DAGs
[2025-10-02T22:50:35.538+0000] {logging_mixin.py:188} INFO - [2025-10-02T22:50:35.538+0000] {dag.py:3118} INFO - Creating ORM DAG for example_short_circuit_operator
[2025-10-02T22:50:35.563+0000] {logging_mixin.py:188} INFO - [2025-10-02T22:50:35.557+0000] {dag.py:3954} INFO - Setting next_dagrun for example_short_circuit_operator to 2025-10-01 00:00:00+00:00, run_after=2025-10-02 00:00:00+00:00
[2025-10-02T22:50:35.595+0000] {processor.py:183} INFO - Processing /home/airflow/.local/lib/python3.12/site-packages/airflow/example_dags/example_short_circuit_operator.py took 0.420 seconds
[2025-10-02T22:51:48.889+0000] {processor.py:161} INFO - Started process (PID=38) to work on /home/airflow/.local/lib/python3.12/site-packages/airflow/example_dags/example_short_circuit_operator.py
[2025-10-02T22:51:48.890+0000] {processor.py:830} INFO - Processing file /home/airflow/.local/lib/python3.12/site-packages/airflow/example_dags/example_short_circuit_operator.py for tasks to queue
[2025-10-02T22:51:48.898+0000] {logging_mixin.py:188} INFO - [2025-10-02T22:51:48.897+0000] {dagbag.py:545} INFO - Filling up the DagBag from /home/airflow/.local/lib/python3.12/site-packages/airflow/example_dags/example_short_circuit_operator.py
[2025-10-02T22:51:48.920+0000] {processor.py:840} INFO - DAG(s) 'example_short_circuit_operator' retrieved from /home/airflow/.local/lib/python3.12/site-packages/airflow/example_dags/example_short_circuit_operator.py
[2025-10-02T22:51:48.975+0000] {logging_mixin.py:188} INFO - [2025-10-02T22:51:48.974+0000] {dag.py:3096} INFO - Sync 1 DAGs
[2025-10-02T22:51:49.052+0000] {logging_mixin.py:188} INFO - [2025-10-02T22:51:49.051+0000] {dag.py:3954} INFO - Setting next_dagrun for example_short_circuit_operator to 2025-10-01 00:00:00+00:00, run_after=2025-10-02 00:00:00+00:00
[2025-10-02T22:51:49.094+0000] {processor.py:183} INFO - Processing /home/airflow/.local/lib/python3.12/site-packages/airflow/example_dags/example_short_circuit_operator.py took 0.219 seconds
[2025-10-02T22:52:19.939+0000] {processor.py:161} INFO - Started process (PID=91) to work on /home/airflow/.local/lib/python3.12/site-packages/airflow/example_dags/example_short_circuit_operator.py
[2025-10-02T22:52:19.942+0000] {processor.py:830} INFO - Processing file /home/airflow/.local/lib/python3.12/site-packages/airflow/example_dags/example_short_circuit_operator.py for tasks to queue
[2025-10-02T22:52:19.947+0000] {logging_mixin.py:188} INFO - [2025-10-02T22:52:19.946+0000] {dagbag.py:545} INFO - Filling up the DagBag from /home/airflow/.local/lib/python3.12/site-packages/airflow/example_dags/example_short_circuit_operator.py
[2025-10-02T22:52:19.968+0000] {processor.py:840} INFO - DAG(s) 'example_short_circuit_operator' retrieved from /home/airflow/.local/lib/python3.12/site-packages/airflow/example_dags/example_short_circuit_operator.py
[2025-10-02T22:52:19.993+0000] {logging_mixin.py:188} INFO - [2025-10-02T22:52:19.993+0000] {dag.py:3096} INFO - Sync 1 DAGs
[2025-10-02T22:52:20.049+0000] {logging_mixin.py:188} INFO - [2025-10-02T22:52:20.048+0000] {dag.py:3954} INFO - Setting next_dagrun for example_short_circuit_operator to 2025-10-01 00:00:00+00:00, run_after=2025-10-02 00:00:00+00:00
[2025-10-02T22:52:20.080+0000] {processor.py:183} INFO - Processing /home/airflow/.local/lib/python3.12/site-packages/airflow/example_dags/example_short_circuit_operator.py took 0.159 seconds
[2025-10-02T22:52:50.262+0000] {processor.py:161} INFO - Started process (PID=143) to work on /home/airflow/.local/lib/python3.12/site-packages/airflow/example_dags/example_short_circuit_operator.py
[2025-10-02T22:52:50.264+0000] {processor.py:830} INFO - Processing file /home/airflow/.local/lib/python3.12/site-packages/airflow/example_dags/example_short_circuit_operator.py for tasks to queue
[2025-10-02T22:52:50.269+0000] {logging_mixin.py:188} INFO - [2025-10-02T22:52:50.268+0000] {dagbag.py:545} INFO - Filling up the DagBag from /home/airflow/.local/lib/python3.12/site-packages/airflow/example_dags/example_short_circuit_operator.py
[2025-10-02T22:52:50.285+0000] {processor.py:840} INFO - DAG(s) 'example_short_circuit_operator' retrieved from /home/airflow/.local/lib/python3.12/site-packages/airflow/example_dags/example_short_circuit_operator.py
[2025-10-02T22:52:50.419+0000] {logging_mixin.py:188} INFO - [2025-10-02T22:52:50.418+0000] {dag.py:3096} INFO - Sync 1 DAGs
[2025-10-02T22:52:50.441+0000] {logging_mixin.py:188} INFO - [2025-10-02T22:52:50.441+0000] {dag.py:3954} INFO - Setting next_dagrun for example_short_circuit_operator to 2025-10-01 00:00:00+00:00, run_after=2025-10-02 00:00:00+00:00
[2025-10-02T22:52:50.464+0000] {processor.py:183} INFO - Processing /home/airflow/.local/lib/python3.12/site-packages/airflow/example_dags/example_short_circuit_operator.py took 0.212 seconds
[2025-10-02T22:53:21.345+0000] {processor.py:161} INFO - Started process (PID=197) to work on /home/airflow/.local/lib/python3.12/site-packages/airflow/example_dags/example_short_circuit_operator.py
[2025-10-02T22:53:21.347+0000] {processor.py:830} INFO - Processing file /home/airflow/.local/lib/python3.12/site-packages/airflow/example_dags/example_short_circuit_operator.py for tasks to queue
[2025-10-02T22:53:21.351+0000] {logging_mixin.py:188} INFO - [2025-10-02T22:53:21.350+0000] {dagbag.py:545} INFO - Filling up the DagBag from /home/airflow/.local/lib/python3.12/site-packages/airflow/example_dags/example_short_circuit_operator.py
[2025-10-02T22:53:21.368+0000] {processor.py:840} INFO - DAG(s) 'example_short_circuit_operator' retrieved from /home/airflow/.local/lib/python3.12/site-packages/airflow/example_dags/example_short_circuit_operator.py
[2025-10-02T22:53:21.413+0000] {logging_mixin.py:188} INFO - [2025-10-02T22:53:21.413+0000] {dag.py:3096} INFO - Sync 1 DAGs
[2025-10-02T22:53:21.446+0000] {logging_mixin.py:188} INFO - [2025-10-02T22:53:21.446+0000] {dag.py:3954} INFO - Setting next_dagrun for example_short_circuit_operator to 2025-10-01 00:00:00+00:00, run_after=2025-10-02 00:00:00+00:00
[2025-10-02T22:53:21.473+0000] {processor.py:183} INFO - Processing /home/airflow/.local/lib/python3.12/site-packages/airflow/example_dags/example_short_circuit_operator.py took 0.145 seconds
[2025-10-02T22:53:52.353+0000] {processor.py:161} INFO - Started process (PID=251) to work on /home/airflow/.local/lib/python3.12/site-packages/airflow/example_dags/example_short_circuit_operator.py
[2025-10-02T22:53:52.355+0000] {processor.py:830} INFO - Processing file /home/airflow/.local/lib/python3.12/site-packages/airflow/example_dags/example_short_circuit_operator.py for tasks to queue
[2025-10-02T22:53:52.358+0000] {logging_mixin.py:188} INFO - [2025-10-02T22:53:52.357+0000] {dagbag.py:545} INFO - Filling up the DagBag from /home/airflow/.local/lib/python3.12/site-packages/airflow/example_dags/example_short_circuit_operator.py
[2025-10-02T22:53:52.370+0000] {processor.py:840} INFO - DAG(s) 'example_short_circuit_operator' retrieved from /home/airflow/.local/lib/python3.12/site-packages/airflow/example_dags/example_short_circuit_operator.py
[2025-10-02T22:53:52.406+0000] {logging_mixin.py:188} INFO - [2025-10-02T22:53:52.406+0000] {dag.py:3096} INFO - Sync 1 DAGs
[2025-10-02T22:53:52.949+0000] {logging_mixin.py:188} INFO - [2025-10-02T22:53:52.948+0000] {dag.py:3954} INFO - Setting next_dagrun for example_short_circuit_operator to 2025-10-01 00:00:00+00:00, run_after=2025-10-02 00:00:00+00:00
[2025-10-02T22:53:52.979+0000] {processor.py:183} INFO - Processing /home/airflow/.local/lib/python3.12/site-packages/airflow/example_dags/example_short_circuit_operator.py took 0.634 seconds
[2025-10-02T22:54:23.175+0000] {processor.py:161} INFO - Started process (PID=303) to work on /home/airflow/.local/lib/python3.12/site-packages/airflow/example_dags/example_short_circuit_operator.py
[2025-10-02T22:54:23.177+0000] {processor.py:830} INFO - Processing file /home/airflow/.local/lib/python3.12/site-packages/airflow/example_dags/example_short_circuit_operator.py for tasks to queue
[2025-10-02T22:54:23.180+0000] {logging_mixin.py:188} INFO - [2025-10-02T22:54:23.180+0000] {dagbag.py:545} INFO - Filling up the DagBag from /home/airflow/.local/lib/python3.12/site-packages/airflow/example_dags/example_short_circuit_operator.py
[2025-10-02T22:54:23.192+0000] {processor.py:840} INFO - DAG(s) 'example_short_circuit_operator' retrieved from /home/airflow/.local/lib/python3.12/site-packages/airflow/example_dags/example_short_circuit_operator.py
[2025-10-02T22:54:23.337+0000] {logging_mixin.py:188} INFO - [2025-10-02T22:54:23.337+0000] {dag.py:3096} INFO - Sync 1 DAGs
[2025-10-02T22:54:23.363+0000] {logging_mixin.py:188} INFO - [2025-10-02T22:54:23.362+0000] {dag.py:3954} INFO - Setting next_dagrun for example_short_circuit_operator to 2025-10-01 00:00:00+00:00, run_after=2025-10-02 00:00:00+00:00
[2025-10-02T22:54:23.394+0000] {processor.py:183} INFO - Processing /home/airflow/.local/lib/python3.12/site-packages/airflow/example_dags/example_short_circuit_operator.py took 0.229 seconds
[2025-10-02T22:54:54.301+0000] {processor.py:161} INFO - Started process (PID=357) to work on /home/airflow/.local/lib/python3.12/site-packages/airflow/example_dags/example_short_circuit_operator.py
[2025-10-02T22:54:54.302+0000] {processor.py:830} INFO - Processing file /home/airflow/.local/lib/python3.12/site-packages/airflow/example_dags/example_short_circuit_operator.py for tasks to queue
[2025-10-02T22:54:54.306+0000] {logging_mixin.py:188} INFO - [2025-10-02T22:54:54.305+0000] {dagbag.py:545} INFO - Filling up the DagBag from /home/airflow/.local/lib/python3.12/site-packages/airflow/example_dags/example_short_circuit_operator.py
[2025-10-02T22:54:54.317+0000] {processor.py:840} INFO - DAG(s) 'example_short_circuit_operator' retrieved from /home/airflow/.local/lib/python3.12/site-packages/airflow/example_dags/example_short_circuit_operator.py
[2025-10-02T22:54:54.350+0000] {logging_mixin.py:188} INFO - [2025-10-02T22:54:54.349+0000] {dag.py:3096} INFO - Sync 1 DAGs
[2025-10-02T22:54:54.376+0000] {logging_mixin.py:188} INFO - [2025-10-02T22:54:54.375+0000] {dag.py:3954} INFO - Setting next_dagrun for example_short_circuit_operator to 2025-10-01 00:00:00+00:00, run_after=2025-10-02 00:00:00+00:00
[2025-10-02T22:54:54.402+0000] {processor.py:183} INFO - Processing /home/airflow/.local/lib/python3.12/site-packages/airflow/example_dags/example_short_circuit_operator.py took 0.110 seconds
[2025-10-02T22:55:24.583+0000] {processor.py:161} INFO - Started process (PID=409) to work on /home/airflow/.local/lib/python3.12/site-packages/airflow/example_dags/example_short_circuit_operator.py
[2025-10-02T22:55:24.586+0000] {processor.py:830} INFO - Processing file /home/airflow/.local/lib/python3.12/site-packages/airflow/example_dags/example_short_circuit_operator.py for tasks to queue
[2025-10-02T22:55:24.590+0000] {logging_mixin.py:188} INFO - [2025-10-02T22:55:24.589+0000] {dagbag.py:545} INFO - Filling up the DagBag from /home/airflow/.local/lib/python3.12/site-packages/airflow/example_dags/example_short_circuit_operator.py
[2025-10-02T22:55:24.630+0000] {processor.py:840} INFO - DAG(s) 'example_short_circuit_operator' retrieved from /home/airflow/.local/lib/python3.12/site-packages/airflow/example_dags/example_short_circuit_operator.py
[2025-10-02T22:55:24.715+0000] {logging_mixin.py:188} INFO - [2025-10-02T22:55:24.714+0000] {dag.py:3096} INFO - Sync 1 DAGs
[2025-10-02T22:55:24.771+0000] {logging_mixin.py:188} INFO - [2025-10-02T22:55:24.770+0000] {dag.py:3954} INFO - Setting next_dagrun for example_short_circuit_operator to 2025-10-01 00:00:00+00:00, run_after=2025-10-02 00:00:00+00:00
[2025-10-02T22:55:24.822+0000] {processor.py:183} INFO - Processing /home/airflow/.local/lib/python3.12/site-packages/airflow/example_dags/example_short_circuit_operator.py took 0.257 seconds
[2025-10-02T22:55:55.900+0000] {processor.py:161} INFO - Started process (PID=468) to work on /home/airflow/.local/lib/python3.12/site-packages/airflow/example_dags/example_short_circuit_operator.py
[2025-10-02T22:55:55.901+0000] {processor.py:830} INFO - Processing file /home/airflow/.local/lib/python3.12/site-packages/airflow/example_dags/example_short_circuit_operator.py for tasks to queue
[2025-10-02T22:55:55.904+0000] {logging_mixin.py:188} INFO - [2025-10-02T22:55:55.904+0000] {dagbag.py:545} INFO - Filling up the DagBag from /home/airflow/.local/lib/python3.12/site-packages/airflow/example_dags/example_short_circuit_operator.py
[2025-10-02T22:55:55.914+0000] {processor.py:840} INFO - DAG(s) 'example_short_circuit_operator' retrieved from /home/airflow/.local/lib/python3.12/site-packages/airflow/example_dags/example_short_circuit_operator.py
[2025-10-02T22:55:55.946+0000] {logging_mixin.py:188} INFO - [2025-10-02T22:55:55.945+0000] {dag.py:3096} INFO - Sync 1 DAGs
[2025-10-02T22:55:55.972+0000] {logging_mixin.py:188} INFO - [2025-10-02T22:55:55.972+0000] {dag.py:3954} INFO - Setting next_dagrun for example_short_circuit_operator to 2025-10-01 00:00:00+00:00, run_after=2025-10-02 00:00:00+00:00
[2025-10-02T22:55:55.995+0000] {processor.py:183} INFO - Processing /home/airflow/.local/lib/python3.12/site-packages/airflow/example_dags/example_short_circuit_operator.py took 0.104 seconds
[2025-10-02T22:56:26.290+0000] {processor.py:161} INFO - Started process (PID=521) to work on /home/airflow/.local/lib/python3.12/site-packages/airflow/example_dags/example_short_circuit_operator.py
[2025-10-02T22:56:26.292+0000] {processor.py:830} INFO - Processing file /home/airflow/.local/lib/python3.12/site-packages/airflow/example_dags/example_short_circuit_operator.py for tasks to queue
[2025-10-02T22:56:26.294+0000] {logging_mixin.py:188} INFO - [2025-10-02T22:56:26.294+0000] {dagbag.py:545} INFO - Filling up the DagBag from /home/airflow/.local/lib/python3.12/site-packages/airflow/example_dags/example_short_circuit_operator.py
[2025-10-02T22:56:26.307+0000] {processor.py:840} INFO - DAG(s) 'example_short_circuit_operator' retrieved from /home/airflow/.local/lib/python3.12/site-packages/airflow/example_dags/example_short_circuit_operator.py
[2025-10-02T22:56:26.355+0000] {logging_mixin.py:188} INFO - [2025-10-02T22:56:26.355+0000] {dag.py:3096} INFO - Sync 1 DAGs
[2025-10-02T22:56:26.393+0000] {logging_mixin.py:188} INFO - [2025-10-02T22:56:26.393+0000] {dag.py:3954} INFO - Setting next_dagrun for example_short_circuit_operator to 2025-10-01 00:00:00+00:00, run_after=2025-10-02 00:00:00+00:00
[2025-10-02T22:56:26.425+0000] {processor.py:183} INFO - Processing /home/airflow/.local/lib/python3.12/site-packages/airflow/example_dags/example_short_circuit_operator.py took 0.143 seconds
[2025-10-02T22:56:56.539+0000] {processor.py:161} INFO - Started process (PID=573) to work on /home/airflow/.local/lib/python3.12/site-packages/airflow/example_dags/example_short_circuit_operator.py
[2025-10-02T22:56:56.541+0000] {processor.py:830} INFO - Processing file /home/airflow/.local/lib/python3.12/site-packages/airflow/example_dags/example_short_circuit_operator.py for tasks to queue
[2025-10-02T22:56:56.545+0000] {logging_mixin.py:188} INFO - [2025-10-02T22:56:56.544+0000] {dagbag.py:545} INFO - Filling up the DagBag from /home/airflow/.local/lib/python3.12/site-packages/airflow/example_dags/example_short_circuit_operator.py
[2025-10-02T22:56:56.557+0000] {processor.py:840} INFO - DAG(s) 'example_short_circuit_operator' retrieved from /home/airflow/.local/lib/python3.12/site-packages/airflow/example_dags/example_short_circuit_operator.py
[2025-10-02T22:56:56.589+0000] {logging_mixin.py:188} INFO - [2025-10-02T22:56:56.589+0000] {dag.py:3096} INFO - Sync 1 DAGs
[2025-10-02T22:56:56.617+0000] {logging_mixin.py:188} INFO - [2025-10-02T22:56:56.617+0000] {dag.py:3954} INFO - Setting next_dagrun for example_short_circuit_operator to 2025-10-01 00:00:00+00:00, run_after=2025-10-02 00:00:00+00:00
[2025-10-02T22:56:56.643+0000] {processor.py:183} INFO - Processing /home/airflow/.local/lib/python3.12/site-packages/airflow/example_dags/example_short_circuit_operator.py took 0.120 seconds
[2025-10-02T22:57:26.810+0000] {processor.py:161} INFO - Started process (PID=626) to work on /home/airflow/.local/lib/python3.12/site-packages/airflow/example_dags/example_short_circuit_operator.py
[2025-10-02T22:57:26.812+0000] {processor.py:830} INFO - Processing file /home/airflow/.local/lib/python3.12/site-packages/airflow/example_dags/example_short_circuit_operator.py for tasks to queue
[2025-10-02T22:57:26.815+0000] {logging_mixin.py:188} INFO - [2025-10-02T22:57:26.815+0000] {dagbag.py:545} INFO - Filling up the DagBag from /home/airflow/.local/lib/python3.12/site-packages/airflow/example_dags/example_short_circuit_operator.py
[2025-10-02T22:57:26.828+0000] {processor.py:840} INFO - DAG(s) 'example_short_circuit_operator' retrieved from /home/airflow/.local/lib/python3.12/site-packages/airflow/example_dags/example_short_circuit_operator.py
[2025-10-02T22:57:26.864+0000] {logging_mixin.py:188} INFO - [2025-10-02T22:57:26.864+0000] {dag.py:3096} INFO - Sync 1 DAGs
[2025-10-02T22:57:26.896+0000] {logging_mixin.py:188} INFO - [2025-10-02T22:57:26.895+0000] {dag.py:3954} INFO - Setting next_dagrun for example_short_circuit_operator to 2025-10-01 00:00:00+00:00, run_after=2025-10-02 00:00:00+00:00
[2025-10-02T22:57:26.922+0000] {processor.py:183} INFO - Processing /home/airflow/.local/lib/python3.12/site-packages/airflow/example_dags/example_short_circuit_operator.py took 0.122 seconds
[2025-10-02T22:57:57.109+0000] {processor.py:161} INFO - Started process (PID=679) to work on /home/airflow/.local/lib/python3.12/site-packages/airflow/example_dags/example_short_circuit_operator.py
[2025-10-02T22:57:57.111+0000] {processor.py:830} INFO - Processing file /home/airflow/.local/lib/python3.12/site-packages/airflow/example_dags/example_short_circuit_operator.py for tasks to queue
[2025-10-02T22:57:57.115+0000] {logging_mixin.py:188} INFO - [2025-10-02T22:57:57.114+0000] {dagbag.py:545} INFO - Filling up the DagBag from /home/airflow/.local/lib/python3.12/site-packages/airflow/example_dags/example_short_circuit_operator.py
[2025-10-02T22:57:57.128+0000] {processor.py:840} INFO - DAG(s) 'example_short_circuit_operator' retrieved from /home/airflow/.local/lib/python3.12/site-packages/airflow/example_dags/example_short_circuit_operator.py
[2025-10-02T22:57:57.149+0000] {logging_mixin.py:188} INFO - [2025-10-02T22:57:57.148+0000] {dag.py:3096} INFO - Sync 1 DAGs
[2025-10-02T22:57:57.185+0000] {logging_mixin.py:188} INFO - [2025-10-02T22:57:57.185+0000] {dag.py:3954} INFO - Setting next_dagrun for example_short_circuit_operator to 2025-10-01 00:00:00+00:00, run_after=2025-10-02 00:00:00+00:00
[2025-10-02T22:57:57.214+0000] {processor.py:183} INFO - Processing /home/airflow/.local/lib/python3.12/site-packages/airflow/example_dags/example_short_circuit_operator.py took 0.117 seconds
[2025-10-02T22:58:27.366+0000] {processor.py:161} INFO - Started process (PID=732) to work on /home/airflow/.local/lib/python3.12/site-packages/airflow/example_dags/example_short_circuit_operator.py
[2025-10-02T22:58:27.368+0000] {processor.py:830} INFO - Processing file /home/airflow/.local/lib/python3.12/site-packages/airflow/example_dags/example_short_circuit_operator.py for tasks to queue
[2025-10-02T22:58:27.371+0000] {logging_mixin.py:188} INFO - [2025-10-02T22:58:27.371+0000] {dagbag.py:545} INFO - Filling up the DagBag from /home/airflow/.local/lib/python3.12/site-packages/airflow/example_dags/example_short_circuit_operator.py
[2025-10-02T22:58:27.382+0000] {processor.py:840} INFO - DAG(s) 'example_short_circuit_operator' retrieved from /home/airflow/.local/lib/python3.12/site-packages/airflow/example_dags/example_short_circuit_operator.py
[2025-10-02T22:58:27.526+0000] {logging_mixin.py:188} INFO - [2025-10-02T22:58:27.526+0000] {dag.py:3096} INFO - Sync 1 DAGs
[2025-10-02T22:58:27.549+0000] {logging_mixin.py:188} INFO - [2025-10-02T22:58:27.548+0000] {dag.py:3954} INFO - Setting next_dagrun for example_short_circuit_operator to 2025-10-01 00:00:00+00:00, run_after=2025-10-02 00:00:00+00:00
[2025-10-02T22:58:27.574+0000] {processor.py:183} INFO - Processing /home/airflow/.local/lib/python3.12/site-packages/airflow/example_dags/example_short_circuit_operator.py took 0.220 seconds
[2025-10-02T22:58:57.702+0000] {processor.py:161} INFO - Started process (PID=785) to work on /home/airflow/.local/lib/python3.12/site-packages/airflow/example_dags/example_short_circuit_operator.py
[2025-10-02T22:58:57.704+0000] {processor.py:830} INFO - Processing file /home/airflow/.local/lib/python3.12/site-packages/airflow/example_dags/example_short_circuit_operator.py for tasks to queue
[2025-10-02T22:58:57.708+0000] {logging_mixin.py:188} INFO - [2025-10-02T22:58:57.707+0000] {dagbag.py:545} INFO - Filling up the DagBag from /home/airflow/.local/lib/python3.12/site-packages/airflow/example_dags/example_short_circuit_operator.py
[2025-10-02T22:58:57.730+0000] {processor.py:840} INFO - DAG(s) 'example_short_circuit_operator' retrieved from /home/airflow/.local/lib/python3.12/site-packages/airflow/example_dags/example_short_circuit_operator.py
[2025-10-02T22:58:57.808+0000] {logging_mixin.py:188} INFO - [2025-10-02T22:58:57.808+0000] {dag.py:3096} INFO - Sync 1 DAGs
[2025-10-02T22:58:57.848+0000] {logging_mixin.py:188} INFO - [2025-10-02T22:58:57.848+0000] {dag.py:3954} INFO - Setting next_dagrun for example_short_circuit_operator to 2025-10-01 00:00:00+00:00, run_after=2025-10-02 00:00:00+00:00
[2025-10-02T22:58:57.875+0000] {processor.py:183} INFO - Processing /home/airflow/.local/lib/python3.12/site-packages/airflow/example_dags/example_short_circuit_operator.py took 0.185 seconds
[2025-10-02T22:59:28.012+0000] {processor.py:161} INFO - Started process (PID=838) to work on /home/airflow/.local/lib/python3.12/site-packages/airflow/example_dags/example_short_circuit_operator.py
[2025-10-02T22:59:28.014+0000] {processor.py:830} INFO - Processing file /home/airflow/.local/lib/python3.12/site-packages/airflow/example_dags/example_short_circuit_operator.py for tasks to queue
[2025-10-02T22:59:28.017+0000] {logging_mixin.py:188} INFO - [2025-10-02T22:59:28.016+0000] {dagbag.py:545} INFO - Filling up the DagBag from /home/airflow/.local/lib/python3.12/site-packages/airflow/example_dags/example_short_circuit_operator.py
[2025-10-02T22:59:28.029+0000] {processor.py:840} INFO - DAG(s) 'example_short_circuit_operator' retrieved from /home/airflow/.local/lib/python3.12/site-packages/airflow/example_dags/example_short_circuit_operator.py
[2025-10-02T22:59:28.070+0000] {logging_mixin.py:188} INFO - [2025-10-02T22:59:28.070+0000] {dag.py:3096} INFO - Sync 1 DAGs
[2025-10-02T22:59:28.098+0000] {logging_mixin.py:188} INFO - [2025-10-02T22:59:28.098+0000] {dag.py:3954} INFO - Setting next_dagrun for example_short_circuit_operator to 2025-10-01 00:00:00+00:00, run_after=2025-10-02 00:00:00+00:00
[2025-10-02T22:59:28.120+0000] {processor.py:183} INFO - Processing /home/airflow/.local/lib/python3.12/site-packages/airflow/example_dags/example_short_circuit_operator.py took 0.121 seconds
[2025-10-02T22:59:58.421+0000] {processor.py:161} INFO - Started process (PID=891) to work on /home/airflow/.local/lib/python3.12/site-packages/airflow/example_dags/example_short_circuit_operator.py
[2025-10-02T22:59:58.423+0000] {processor.py:830} INFO - Processing file /home/airflow/.local/lib/python3.12/site-packages/airflow/example_dags/example_short_circuit_operator.py for tasks to queue
[2025-10-02T22:59:58.426+0000] {logging_mixin.py:188} INFO - [2025-10-02T22:59:58.425+0000] {dagbag.py:545} INFO - Filling up the DagBag from /home/airflow/.local/lib/python3.12/site-packages/airflow/example_dags/example_short_circuit_operator.py
[2025-10-02T22:59:58.437+0000] {processor.py:840} INFO - DAG(s) 'example_short_circuit_operator' retrieved from /home/airflow/.local/lib/python3.12/site-packages/airflow/example_dags/example_short_circuit_operator.py
[2025-10-02T22:59:58.469+0000] {logging_mixin.py:188} INFO - [2025-10-02T22:59:58.468+0000] {dag.py:3096} INFO - Sync 1 DAGs
[2025-10-02T22:59:58.498+0000] {logging_mixin.py:188} INFO - [2025-10-02T22:59:58.497+0000] {dag.py:3954} INFO - Setting next_dagrun for example_short_circuit_operator to 2025-10-01 00:00:00+00:00, run_after=2025-10-02 00:00:00+00:00
[2025-10-02T22:59:58.523+0000] {processor.py:183} INFO - Processing /home/airflow/.local/lib/python3.12/site-packages/airflow/example_dags/example_short_circuit_operator.py took 0.112 seconds
[2025-10-02T23:00:28.668+0000] {processor.py:161} INFO - Started process (PID=944) to work on /home/airflow/.local/lib/python3.12/site-packages/airflow/example_dags/example_short_circuit_operator.py
[2025-10-02T23:00:28.669+0000] {processor.py:830} INFO - Processing file /home/airflow/.local/lib/python3.12/site-packages/airflow/example_dags/example_short_circuit_operator.py for tasks to queue
[2025-10-02T23:00:28.672+0000] {logging_mixin.py:188} INFO - [2025-10-02T23:00:28.672+0000] {dagbag.py:545} INFO - Filling up the DagBag from /home/airflow/.local/lib/python3.12/site-packages/airflow/example_dags/example_short_circuit_operator.py
[2025-10-02T23:00:28.688+0000] {processor.py:840} INFO - DAG(s) 'example_short_circuit_operator' retrieved from /home/airflow/.local/lib/python3.12/site-packages/airflow/example_dags/example_short_circuit_operator.py
[2025-10-02T23:00:28.724+0000] {logging_mixin.py:188} INFO - [2025-10-02T23:00:28.723+0000] {dag.py:3096} INFO - Sync 1 DAGs
[2025-10-02T23:00:28.752+0000] {logging_mixin.py:188} INFO - [2025-10-02T23:00:28.752+0000] {dag.py:3954} INFO - Setting next_dagrun for example_short_circuit_operator to 2025-10-01 00:00:00+00:00, run_after=2025-10-02 00:00:00+00:00
[2025-10-02T23:00:28.781+0000] {processor.py:183} INFO - Processing /home/airflow/.local/lib/python3.12/site-packages/airflow/example_dags/example_short_circuit_operator.py took 0.122 seconds
[2025-10-02T23:00:59.148+0000] {processor.py:161} INFO - Started process (PID=997) to work on /home/airflow/.local/lib/python3.12/site-packages/airflow/example_dags/example_short_circuit_operator.py
[2025-10-02T23:00:59.150+0000] {processor.py:830} INFO - Processing file /home/airflow/.local/lib/python3.12/site-packages/airflow/example_dags/example_short_circuit_operator.py for tasks to queue
[2025-10-02T23:00:59.153+0000] {logging_mixin.py:188} INFO - [2025-10-02T23:00:59.153+0000] {dagbag.py:545} INFO - Filling up the DagBag from /home/airflow/.local/lib/python3.12/site-packages/airflow/example_dags/example_short_circuit_operator.py
[2025-10-02T23:00:59.166+0000] {processor.py:840} INFO - DAG(s) 'example_short_circuit_operator' retrieved from /home/airflow/.local/lib/python3.12/site-packages/airflow/example_dags/example_short_circuit_operator.py
[2025-10-02T23:00:59.198+0000] {logging_mixin.py:188} INFO - [2025-10-02T23:00:59.198+0000] {dag.py:3096} INFO - Sync 1 DAGs
[2025-10-02T23:00:59.225+0000] {logging_mixin.py:188} INFO - [2025-10-02T23:00:59.225+0000] {dag.py:3954} INFO - Setting next_dagrun for example_short_circuit_operator to 2025-10-01 00:00:00+00:00, run_after=2025-10-02 00:00:00+00:00
[2025-10-02T23:00:59.250+0000] {processor.py:183} INFO - Processing /home/airflow/.local/lib/python3.12/site-packages/airflow/example_dags/example_short_circuit_operator.py took 0.114 seconds
[2025-10-02T23:01:29.731+0000] {processor.py:161} INFO - Started process (PID=1050) to work on /home/airflow/.local/lib/python3.12/site-packages/airflow/example_dags/example_short_circuit_operator.py
[2025-10-02T23:01:29.733+0000] {processor.py:830} INFO - Processing file /home/airflow/.local/lib/python3.12/site-packages/airflow/example_dags/example_short_circuit_operator.py for tasks to queue
[2025-10-02T23:01:29.737+0000] {logging_mixin.py:188} INFO - [2025-10-02T23:01:29.736+0000] {dagbag.py:545} INFO - Filling up the DagBag from /home/airflow/.local/lib/python3.12/site-packages/airflow/example_dags/example_short_circuit_operator.py
[2025-10-02T23:01:29.754+0000] {processor.py:840} INFO - DAG(s) 'example_short_circuit_operator' retrieved from /home/airflow/.local/lib/python3.12/site-packages/airflow/example_dags/example_short_circuit_operator.py
[2025-10-02T23:01:29.788+0000] {logging_mixin.py:188} INFO - [2025-10-02T23:01:29.788+0000] {dag.py:3096} INFO - Sync 1 DAGs
[2025-10-02T23:01:29.814+0000] {logging_mixin.py:188} INFO - [2025-10-02T23:01:29.814+0000] {dag.py:3954} INFO - Setting next_dagrun for example_short_circuit_operator to 2025-10-01 00:00:00+00:00, run_after=2025-10-02 00:00:00+00:00
[2025-10-02T23:01:29.840+0000] {processor.py:183} INFO - Processing /home/airflow/.local/lib/python3.12/site-packages/airflow/example_dags/example_short_circuit_operator.py took 0.121 seconds
[2025-10-02T23:02:00.222+0000] {processor.py:161} INFO - Started process (PID=1103) to work on /home/airflow/.local/lib/python3.12/site-packages/airflow/example_dags/example_short_circuit_operator.py
[2025-10-02T23:02:00.224+0000] {processor.py:830} INFO - Processing file /home/airflow/.local/lib/python3.12/site-packages/airflow/example_dags/example_short_circuit_operator.py for tasks to queue
[2025-10-02T23:02:00.227+0000] {logging_mixin.py:188} INFO - [2025-10-02T23:02:00.227+0000] {dagbag.py:545} INFO - Filling up the DagBag from /home/airflow/.local/lib/python3.12/site-packages/airflow/example_dags/example_short_circuit_operator.py
[2025-10-02T23:02:00.238+0000] {processor.py:840} INFO - DAG(s) 'example_short_circuit_operator' retrieved from /home/airflow/.local/lib/python3.12/site-packages/airflow/example_dags/example_short_circuit_operator.py
[2025-10-02T23:02:00.270+0000] {logging_mixin.py:188} INFO - [2025-10-02T23:02:00.270+0000] {dag.py:3096} INFO - Sync 1 DAGs
[2025-10-02T23:02:00.296+0000] {logging_mixin.py:188} INFO - [2025-10-02T23:02:00.296+0000] {dag.py:3954} INFO - Setting next_dagrun for example_short_circuit_operator to 2025-10-01 00:00:00+00:00, run_after=2025-10-02 00:00:00+00:00
[2025-10-02T23:02:00.321+0000] {processor.py:183} INFO - Processing /home/airflow/.local/lib/python3.12/site-packages/airflow/example_dags/example_short_circuit_operator.py took 0.108 seconds
[2025-10-02T23:02:30.717+0000] {processor.py:161} INFO - Started process (PID=1156) to work on /home/airflow/.local/lib/python3.12/site-packages/airflow/example_dags/example_short_circuit_operator.py
[2025-10-02T23:02:30.718+0000] {processor.py:830} INFO - Processing file /home/airflow/.local/lib/python3.12/site-packages/airflow/example_dags/example_short_circuit_operator.py for tasks to queue
[2025-10-02T23:02:30.721+0000] {logging_mixin.py:188} INFO - [2025-10-02T23:02:30.721+0000] {dagbag.py:545} INFO - Filling up the DagBag from /home/airflow/.local/lib/python3.12/site-packages/airflow/example_dags/example_short_circuit_operator.py
[2025-10-02T23:02:30.732+0000] {processor.py:840} INFO - DAG(s) 'example_short_circuit_operator' retrieved from /home/airflow/.local/lib/python3.12/site-packages/airflow/example_dags/example_short_circuit_operator.py
[2025-10-02T23:02:30.763+0000] {logging_mixin.py:188} INFO - [2025-10-02T23:02:30.763+0000] {dag.py:3096} INFO - Sync 1 DAGs
[2025-10-02T23:02:30.790+0000] {logging_mixin.py:188} INFO - [2025-10-02T23:02:30.790+0000] {dag.py:3954} INFO - Setting next_dagrun for example_short_circuit_operator to 2025-10-01 00:00:00+00:00, run_after=2025-10-02 00:00:00+00:00
[2025-10-02T23:02:30.816+0000] {processor.py:183} INFO - Processing /home/airflow/.local/lib/python3.12/site-packages/airflow/example_dags/example_short_circuit_operator.py took 0.108 seconds
[2025-10-02T23:03:01.321+0000] {processor.py:161} INFO - Started process (PID=1209) to work on /home/airflow/.local/lib/python3.12/site-packages/airflow/example_dags/example_short_circuit_operator.py
[2025-10-02T23:03:01.323+0000] {processor.py:830} INFO - Processing file /home/airflow/.local/lib/python3.12/site-packages/airflow/example_dags/example_short_circuit_operator.py for tasks to queue
[2025-10-02T23:03:01.326+0000] {logging_mixin.py:188} INFO - [2025-10-02T23:03:01.325+0000] {dagbag.py:545} INFO - Filling up the DagBag from /home/airflow/.local/lib/python3.12/site-packages/airflow/example_dags/example_short_circuit_operator.py
[2025-10-02T23:03:01.337+0000] {processor.py:840} INFO - DAG(s) 'example_short_circuit_operator' retrieved from /home/airflow/.local/lib/python3.12/site-packages/airflow/example_dags/example_short_circuit_operator.py
[2025-10-02T23:03:01.368+0000] {logging_mixin.py:188} INFO - [2025-10-02T23:03:01.367+0000] {dag.py:3096} INFO - Sync 1 DAGs
[2025-10-02T23:03:01.394+0000] {logging_mixin.py:188} INFO - [2025-10-02T23:03:01.394+0000] {dag.py:3954} INFO - Setting next_dagrun for example_short_circuit_operator to 2025-10-01 00:00:00+00:00, run_after=2025-10-02 00:00:00+00:00
[2025-10-02T23:03:01.420+0000] {processor.py:183} INFO - Processing /home/airflow/.local/lib/python3.12/site-packages/airflow/example_dags/example_short_circuit_operator.py took 0.111 seconds
[2025-10-02T23:03:31.717+0000] {processor.py:161} INFO - Started process (PID=1262) to work on /home/airflow/.local/lib/python3.12/site-packages/airflow/example_dags/example_short_circuit_operator.py
[2025-10-02T23:03:31.719+0000] {processor.py:830} INFO - Processing file /home/airflow/.local/lib/python3.12/site-packages/airflow/example_dags/example_short_circuit_operator.py for tasks to queue
[2025-10-02T23:03:31.722+0000] {logging_mixin.py:188} INFO - [2025-10-02T23:03:31.721+0000] {dagbag.py:545} INFO - Filling up the DagBag from /home/airflow/.local/lib/python3.12/site-packages/airflow/example_dags/example_short_circuit_operator.py
[2025-10-02T23:03:31.733+0000] {processor.py:840} INFO - DAG(s) 'example_short_circuit_operator' retrieved from /home/airflow/.local/lib/python3.12/site-packages/airflow/example_dags/example_short_circuit_operator.py
[2025-10-02T23:03:31.767+0000] {logging_mixin.py:188} INFO - [2025-10-02T23:03:31.767+0000] {dag.py:3096} INFO - Sync 1 DAGs
[2025-10-02T23:03:31.796+0000] {logging_mixin.py:188} INFO - [2025-10-02T23:03:31.795+0000] {dag.py:3954} INFO - Setting next_dagrun for example_short_circuit_operator to 2025-10-01 00:00:00+00:00, run_after=2025-10-02 00:00:00+00:00
[2025-10-02T23:03:31.820+0000] {processor.py:183} INFO - Processing /home/airflow/.local/lib/python3.12/site-packages/airflow/example_dags/example_short_circuit_operator.py took 0.112 seconds
[2025-10-02T23:04:01.940+0000] {processor.py:161} INFO - Started process (PID=1315) to work on /home/airflow/.local/lib/python3.12/site-packages/airflow/example_dags/example_short_circuit_operator.py
[2025-10-02T23:04:01.942+0000] {processor.py:830} INFO - Processing file /home/airflow/.local/lib/python3.12/site-packages/airflow/example_dags/example_short_circuit_operator.py for tasks to queue
[2025-10-02T23:04:01.944+0000] {logging_mixin.py:188} INFO - [2025-10-02T23:04:01.944+0000] {dagbag.py:545} INFO - Filling up the DagBag from /home/airflow/.local/lib/python3.12/site-packages/airflow/example_dags/example_short_circuit_operator.py
[2025-10-02T23:04:01.955+0000] {processor.py:840} INFO - DAG(s) 'example_short_circuit_operator' retrieved from /home/airflow/.local/lib/python3.12/site-packages/airflow/example_dags/example_short_circuit_operator.py
[2025-10-02T23:04:01.990+0000] {logging_mixin.py:188} INFO - [2025-10-02T23:04:01.990+0000] {dag.py:3096} INFO - Sync 1 DAGs
[2025-10-02T23:04:02.019+0000] {logging_mixin.py:188} INFO - [2025-10-02T23:04:02.019+0000] {dag.py:3954} INFO - Setting next_dagrun for example_short_circuit_operator to 2025-10-01 00:00:00+00:00, run_after=2025-10-02 00:00:00+00:00
[2025-10-02T23:04:02.047+0000] {processor.py:183} INFO - Processing /home/airflow/.local/lib/python3.12/site-packages/airflow/example_dags/example_short_circuit_operator.py took 0.115 seconds
[2025-10-02T23:04:32.239+0000] {processor.py:161} INFO - Started process (PID=1368) to work on /home/airflow/.local/lib/python3.12/site-packages/airflow/example_dags/example_short_circuit_operator.py
[2025-10-02T23:04:32.241+0000] {processor.py:830} INFO - Processing file /home/airflow/.local/lib/python3.12/site-packages/airflow/example_dags/example_short_circuit_operator.py for tasks to queue
[2025-10-02T23:04:32.245+0000] {logging_mixin.py:188} INFO - [2025-10-02T23:04:32.244+0000] {dagbag.py:545} INFO - Filling up the DagBag from /home/airflow/.local/lib/python3.12/site-packages/airflow/example_dags/example_short_circuit_operator.py
[2025-10-02T23:04:32.258+0000] {processor.py:840} INFO - DAG(s) 'example_short_circuit_operator' retrieved from /home/airflow/.local/lib/python3.12/site-packages/airflow/example_dags/example_short_circuit_operator.py
[2025-10-02T23:04:32.294+0000] {logging_mixin.py:188} INFO - [2025-10-02T23:04:32.294+0000] {dag.py:3096} INFO - Sync 1 DAGs
[2025-10-02T23:04:32.321+0000] {logging_mixin.py:188} INFO - [2025-10-02T23:04:32.321+0000] {dag.py:3954} INFO - Setting next_dagrun for example_short_circuit_operator to 2025-10-01 00:00:00+00:00, run_after=2025-10-02 00:00:00+00:00
[2025-10-02T23:04:32.344+0000] {processor.py:183} INFO - Processing /home/airflow/.local/lib/python3.12/site-packages/airflow/example_dags/example_short_circuit_operator.py took 0.118 seconds
[2025-10-02T23:05:02.779+0000] {processor.py:161} INFO - Started process (PID=1421) to work on /home/airflow/.local/lib/python3.12/site-packages/airflow/example_dags/example_short_circuit_operator.py
[2025-10-02T23:05:02.781+0000] {processor.py:830} INFO - Processing file /home/airflow/.local/lib/python3.12/site-packages/airflow/example_dags/example_short_circuit_operator.py for tasks to queue
[2025-10-02T23:05:02.784+0000] {logging_mixin.py:188} INFO - [2025-10-02T23:05:02.783+0000] {dagbag.py:545} INFO - Filling up the DagBag from /home/airflow/.local/lib/python3.12/site-packages/airflow/example_dags/example_short_circuit_operator.py
[2025-10-02T23:05:02.796+0000] {processor.py:840} INFO - DAG(s) 'example_short_circuit_operator' retrieved from /home/airflow/.local/lib/python3.12/site-packages/airflow/example_dags/example_short_circuit_operator.py
[2025-10-02T23:05:02.838+0000] {logging_mixin.py:188} INFO - [2025-10-02T23:05:02.837+0000] {dag.py:3096} INFO - Sync 1 DAGs
[2025-10-02T23:05:02.872+0000] {logging_mixin.py:188} INFO - [2025-10-02T23:05:02.872+0000] {dag.py:3954} INFO - Setting next_dagrun for example_short_circuit_operator to 2025-10-01 00:00:00+00:00, run_after=2025-10-02 00:00:00+00:00
[2025-10-02T23:05:02.899+0000] {processor.py:183} INFO - Processing /home/airflow/.local/lib/python3.12/site-packages/airflow/example_dags/example_short_circuit_operator.py took 0.131 seconds
[2025-10-02T23:05:33.259+0000] {processor.py:161} INFO - Started process (PID=1474) to work on /home/airflow/.local/lib/python3.12/site-packages/airflow/example_dags/example_short_circuit_operator.py
[2025-10-02T23:05:33.261+0000] {processor.py:830} INFO - Processing file /home/airflow/.local/lib/python3.12/site-packages/airflow/example_dags/example_short_circuit_operator.py for tasks to queue
[2025-10-02T23:05:33.264+0000] {logging_mixin.py:188} INFO - [2025-10-02T23:05:33.264+0000] {dagbag.py:545} INFO - Filling up the DagBag from /home/airflow/.local/lib/python3.12/site-packages/airflow/example_dags/example_short_circuit_operator.py
[2025-10-02T23:05:33.276+0000] {processor.py:840} INFO - DAG(s) 'example_short_circuit_operator' retrieved from /home/airflow/.local/lib/python3.12/site-packages/airflow/example_dags/example_short_circuit_operator.py
[2025-10-02T23:05:33.313+0000] {logging_mixin.py:188} INFO - [2025-10-02T23:05:33.312+0000] {dag.py:3096} INFO - Sync 1 DAGs
[2025-10-02T23:05:33.346+0000] {logging_mixin.py:188} INFO - [2025-10-02T23:05:33.346+0000] {dag.py:3954} INFO - Setting next_dagrun for example_short_circuit_operator to 2025-10-01 00:00:00+00:00, run_after=2025-10-02 00:00:00+00:00
[2025-10-02T23:05:33.375+0000] {processor.py:183} INFO - Processing /home/airflow/.local/lib/python3.12/site-packages/airflow/example_dags/example_short_circuit_operator.py took 0.126 seconds
[2025-10-02T23:06:04.055+0000] {processor.py:161} INFO - Started process (PID=1527) to work on /home/airflow/.local/lib/python3.12/site-packages/airflow/example_dags/example_short_circuit_operator.py
[2025-10-02T23:06:04.059+0000] {processor.py:830} INFO - Processing file /home/airflow/.local/lib/python3.12/site-packages/airflow/example_dags/example_short_circuit_operator.py for tasks to queue
[2025-10-02T23:06:04.065+0000] {logging_mixin.py:188} INFO - [2025-10-02T23:06:04.065+0000] {dagbag.py:545} INFO - Filling up the DagBag from /home/airflow/.local/lib/python3.12/site-packages/airflow/example_dags/example_short_circuit_operator.py
[2025-10-02T23:06:04.103+0000] {processor.py:840} INFO - DAG(s) 'example_short_circuit_operator' retrieved from /home/airflow/.local/lib/python3.12/site-packages/airflow/example_dags/example_short_circuit_operator.py
[2025-10-02T23:06:04.199+0000] {logging_mixin.py:188} INFO - [2025-10-02T23:06:04.198+0000] {dag.py:3096} INFO - Sync 1 DAGs
[2025-10-02T23:06:04.244+0000] {logging_mixin.py:188} INFO - [2025-10-02T23:06:04.243+0000] {dag.py:3954} INFO - Setting next_dagrun for example_short_circuit_operator to 2025-10-01 00:00:00+00:00, run_after=2025-10-02 00:00:00+00:00
[2025-10-02T23:06:04.287+0000] {processor.py:183} INFO - Processing /home/airflow/.local/lib/python3.12/site-packages/airflow/example_dags/example_short_circuit_operator.py took 0.251 seconds
[2025-10-02T23:06:35.274+0000] {processor.py:161} INFO - Started process (PID=1580) to work on /home/airflow/.local/lib/python3.12/site-packages/airflow/example_dags/example_short_circuit_operator.py
[2025-10-02T23:06:35.276+0000] {processor.py:830} INFO - Processing file /home/airflow/.local/lib/python3.12/site-packages/airflow/example_dags/example_short_circuit_operator.py for tasks to queue
[2025-10-02T23:06:35.279+0000] {logging_mixin.py:188} INFO - [2025-10-02T23:06:35.278+0000] {dagbag.py:545} INFO - Filling up the DagBag from /home/airflow/.local/lib/python3.12/site-packages/airflow/example_dags/example_short_circuit_operator.py
[2025-10-02T23:06:35.289+0000] {processor.py:840} INFO - DAG(s) 'example_short_circuit_operator' retrieved from /home/airflow/.local/lib/python3.12/site-packages/airflow/example_dags/example_short_circuit_operator.py
[2025-10-02T23:06:35.319+0000] {logging_mixin.py:188} INFO - [2025-10-02T23:06:35.319+0000] {dag.py:3096} INFO - Sync 1 DAGs
[2025-10-02T23:06:35.347+0000] {logging_mixin.py:188} INFO - [2025-10-02T23:06:35.347+0000] {dag.py:3954} INFO - Setting next_dagrun for example_short_circuit_operator to 2025-10-01 00:00:00+00:00, run_after=2025-10-02 00:00:00+00:00
[2025-10-02T23:06:35.373+0000] {processor.py:183} INFO - Processing /home/airflow/.local/lib/python3.12/site-packages/airflow/example_dags/example_short_circuit_operator.py took 0.108 seconds
[2025-10-02T23:07:05.700+0000] {processor.py:161} INFO - Started process (PID=1634) to work on /home/airflow/.local/lib/python3.12/site-packages/airflow/example_dags/example_short_circuit_operator.py
[2025-10-02T23:07:05.703+0000] {processor.py:830} INFO - Processing file /home/airflow/.local/lib/python3.12/site-packages/airflow/example_dags/example_short_circuit_operator.py for tasks to queue
[2025-10-02T23:07:05.713+0000] {logging_mixin.py:188} INFO - [2025-10-02T23:07:05.713+0000] {dagbag.py:545} INFO - Filling up the DagBag from /home/airflow/.local/lib/python3.12/site-packages/airflow/example_dags/example_short_circuit_operator.py
[2025-10-02T23:07:05.732+0000] {processor.py:840} INFO - DAG(s) 'example_short_circuit_operator' retrieved from /home/airflow/.local/lib/python3.12/site-packages/airflow/example_dags/example_short_circuit_operator.py
[2025-10-02T23:07:05.781+0000] {logging_mixin.py:188} INFO - [2025-10-02T23:07:05.781+0000] {dag.py:3096} INFO - Sync 1 DAGs
[2025-10-02T23:07:05.817+0000] {logging_mixin.py:188} INFO - [2025-10-02T23:07:05.817+0000] {dag.py:3954} INFO - Setting next_dagrun for example_short_circuit_operator to 2025-10-01 00:00:00+00:00, run_after=2025-10-02 00:00:00+00:00
[2025-10-02T23:07:05.846+0000] {processor.py:183} INFO - Processing /home/airflow/.local/lib/python3.12/site-packages/airflow/example_dags/example_short_circuit_operator.py took 0.155 seconds
[2025-10-02T23:07:35.935+0000] {processor.py:161} INFO - Started process (PID=1687) to work on /home/airflow/.local/lib/python3.12/site-packages/airflow/example_dags/example_short_circuit_operator.py
[2025-10-02T23:07:35.937+0000] {processor.py:830} INFO - Processing file /home/airflow/.local/lib/python3.12/site-packages/airflow/example_dags/example_short_circuit_operator.py for tasks to queue
[2025-10-02T23:07:35.941+0000] {logging_mixin.py:188} INFO - [2025-10-02T23:07:35.940+0000] {dagbag.py:545} INFO - Filling up the DagBag from /home/airflow/.local/lib/python3.12/site-packages/airflow/example_dags/example_short_circuit_operator.py
[2025-10-02T23:07:35.953+0000] {processor.py:840} INFO - DAG(s) 'example_short_circuit_operator' retrieved from /home/airflow/.local/lib/python3.12/site-packages/airflow/example_dags/example_short_circuit_operator.py
[2025-10-02T23:07:35.993+0000] {logging_mixin.py:188} INFO - [2025-10-02T23:07:35.993+0000] {dag.py:3096} INFO - Sync 1 DAGs
[2025-10-02T23:07:36.022+0000] {logging_mixin.py:188} INFO - [2025-10-02T23:07:36.022+0000] {dag.py:3954} INFO - Setting next_dagrun for example_short_circuit_operator to 2025-10-01 00:00:00+00:00, run_after=2025-10-02 00:00:00+00:00
[2025-10-02T23:07:36.051+0000] {processor.py:183} INFO - Processing /home/airflow/.local/lib/python3.12/site-packages/airflow/example_dags/example_short_circuit_operator.py took 0.125 seconds
[2025-10-02T23:08:06.878+0000] {processor.py:161} INFO - Started process (PID=1740) to work on /home/airflow/.local/lib/python3.12/site-packages/airflow/example_dags/example_short_circuit_operator.py
[2025-10-02T23:08:06.880+0000] {processor.py:830} INFO - Processing file /home/airflow/.local/lib/python3.12/site-packages/airflow/example_dags/example_short_circuit_operator.py for tasks to queue
[2025-10-02T23:08:06.883+0000] {logging_mixin.py:188} INFO - [2025-10-02T23:08:06.882+0000] {dagbag.py:545} INFO - Filling up the DagBag from /home/airflow/.local/lib/python3.12/site-packages/airflow/example_dags/example_short_circuit_operator.py
[2025-10-02T23:08:06.895+0000] {processor.py:840} INFO - DAG(s) 'example_short_circuit_operator' retrieved from /home/airflow/.local/lib/python3.12/site-packages/airflow/example_dags/example_short_circuit_operator.py
[2025-10-02T23:08:06.931+0000] {logging_mixin.py:188} INFO - [2025-10-02T23:08:06.931+0000] {dag.py:3096} INFO - Sync 1 DAGs
[2025-10-02T23:08:07.184+0000] {logging_mixin.py:188} INFO - [2025-10-02T23:08:07.183+0000] {dag.py:3954} INFO - Setting next_dagrun for example_short_circuit_operator to 2025-10-01 00:00:00+00:00, run_after=2025-10-02 00:00:00+00:00
[2025-10-02T23:08:07.207+0000] {processor.py:183} INFO - Processing /home/airflow/.local/lib/python3.12/site-packages/airflow/example_dags/example_short_circuit_operator.py took 0.338 seconds
[2025-10-02T23:08:38.183+0000] {processor.py:161} INFO - Started process (PID=1793) to work on /home/airflow/.local/lib/python3.12/site-packages/airflow/example_dags/example_short_circuit_operator.py
[2025-10-02T23:08:38.184+0000] {processor.py:830} INFO - Processing file /home/airflow/.local/lib/python3.12/site-packages/airflow/example_dags/example_short_circuit_operator.py for tasks to queue
[2025-10-02T23:08:38.187+0000] {logging_mixin.py:188} INFO - [2025-10-02T23:08:38.187+0000] {dagbag.py:545} INFO - Filling up the DagBag from /home/airflow/.local/lib/python3.12/site-packages/airflow/example_dags/example_short_circuit_operator.py
[2025-10-02T23:08:38.198+0000] {processor.py:840} INFO - DAG(s) 'example_short_circuit_operator' retrieved from /home/airflow/.local/lib/python3.12/site-packages/airflow/example_dags/example_short_circuit_operator.py
[2025-10-02T23:08:38.230+0000] {logging_mixin.py:188} INFO - [2025-10-02T23:08:38.230+0000] {dag.py:3096} INFO - Sync 1 DAGs
[2025-10-02T23:08:38.260+0000] {logging_mixin.py:188} INFO - [2025-10-02T23:08:38.260+0000] {dag.py:3954} INFO - Setting next_dagrun for example_short_circuit_operator to 2025-10-01 00:00:00+00:00, run_after=2025-10-02 00:00:00+00:00
[2025-10-02T23:08:38.286+0000] {processor.py:183} INFO - Processing /home/airflow/.local/lib/python3.12/site-packages/airflow/example_dags/example_short_circuit_operator.py took 0.112 seconds
[2025-10-02T23:09:08.983+0000] {processor.py:161} INFO - Started process (PID=1846) to work on /home/airflow/.local/lib/python3.12/site-packages/airflow/example_dags/example_short_circuit_operator.py
[2025-10-02T23:09:08.984+0000] {processor.py:830} INFO - Processing file /home/airflow/.local/lib/python3.12/site-packages/airflow/example_dags/example_short_circuit_operator.py for tasks to queue
[2025-10-02T23:09:08.988+0000] {logging_mixin.py:188} INFO - [2025-10-02T23:09:08.987+0000] {dagbag.py:545} INFO - Filling up the DagBag from /home/airflow/.local/lib/python3.12/site-packages/airflow/example_dags/example_short_circuit_operator.py
[2025-10-02T23:09:09.003+0000] {processor.py:840} INFO - DAG(s) 'example_short_circuit_operator' retrieved from /home/airflow/.local/lib/python3.12/site-packages/airflow/example_dags/example_short_circuit_operator.py
[2025-10-02T23:09:09.040+0000] {logging_mixin.py:188} INFO - [2025-10-02T23:09:09.040+0000] {dag.py:3096} INFO - Sync 1 DAGs
[2025-10-02T23:09:09.071+0000] {logging_mixin.py:188} INFO - [2025-10-02T23:09:09.071+0000] {dag.py:3954} INFO - Setting next_dagrun for example_short_circuit_operator to 2025-10-01 00:00:00+00:00, run_after=2025-10-02 00:00:00+00:00
[2025-10-02T23:09:09.099+0000] {processor.py:183} INFO - Processing /home/airflow/.local/lib/python3.12/site-packages/airflow/example_dags/example_short_circuit_operator.py took 0.125 seconds
[2025-10-02T23:09:39.819+0000] {processor.py:161} INFO - Started process (PID=1899) to work on /home/airflow/.local/lib/python3.12/site-packages/airflow/example_dags/example_short_circuit_operator.py
[2025-10-02T23:09:39.821+0000] {processor.py:830} INFO - Processing file /home/airflow/.local/lib/python3.12/site-packages/airflow/example_dags/example_short_circuit_operator.py for tasks to queue
[2025-10-02T23:09:39.825+0000] {logging_mixin.py:188} INFO - [2025-10-02T23:09:39.824+0000] {dagbag.py:545} INFO - Filling up the DagBag from /home/airflow/.local/lib/python3.12/site-packages/airflow/example_dags/example_short_circuit_operator.py
[2025-10-02T23:09:39.836+0000] {processor.py:840} INFO - DAG(s) 'example_short_circuit_operator' retrieved from /home/airflow/.local/lib/python3.12/site-packages/airflow/example_dags/example_short_circuit_operator.py
[2025-10-02T23:09:39.870+0000] {logging_mixin.py:188} INFO - [2025-10-02T23:09:39.870+0000] {dag.py:3096} INFO - Sync 1 DAGs
[2025-10-02T23:09:39.896+0000] {logging_mixin.py:188} INFO - [2025-10-02T23:09:39.896+0000] {dag.py:3954} INFO - Setting next_dagrun for example_short_circuit_operator to 2025-10-01 00:00:00+00:00, run_after=2025-10-02 00:00:00+00:00
[2025-10-02T23:09:39.920+0000] {processor.py:183} INFO - Processing /home/airflow/.local/lib/python3.12/site-packages/airflow/example_dags/example_short_circuit_operator.py took 0.110 seconds
[2025-10-02T23:10:10.149+0000] {processor.py:161} INFO - Started process (PID=1952) to work on /home/airflow/.local/lib/python3.12/site-packages/airflow/example_dags/example_short_circuit_operator.py
[2025-10-02T23:10:10.151+0000] {processor.py:830} INFO - Processing file /home/airflow/.local/lib/python3.12/site-packages/airflow/example_dags/example_short_circuit_operator.py for tasks to queue
[2025-10-02T23:10:10.156+0000] {logging_mixin.py:188} INFO - [2025-10-02T23:10:10.156+0000] {dagbag.py:545} INFO - Filling up the DagBag from /home/airflow/.local/lib/python3.12/site-packages/airflow/example_dags/example_short_circuit_operator.py
[2025-10-02T23:10:10.175+0000] {processor.py:840} INFO - DAG(s) 'example_short_circuit_operator' retrieved from /home/airflow/.local/lib/python3.12/site-packages/airflow/example_dags/example_short_circuit_operator.py
[2025-10-02T23:10:10.219+0000] {logging_mixin.py:188} INFO - [2025-10-02T23:10:10.218+0000] {dag.py:3096} INFO - Sync 1 DAGs
[2025-10-02T23:10:10.256+0000] {logging_mixin.py:188} INFO - [2025-10-02T23:10:10.256+0000] {dag.py:3954} INFO - Setting next_dagrun for example_short_circuit_operator to 2025-10-01 00:00:00+00:00, run_after=2025-10-02 00:00:00+00:00
[2025-10-02T23:10:10.291+0000] {processor.py:183} INFO - Processing /home/airflow/.local/lib/python3.12/site-packages/airflow/example_dags/example_short_circuit_operator.py took 0.157 seconds
