[2025-10-02T22:50:38.690+0000] {processor.py:161} INFO - Started process (PID=50) to work on /home/airflow/.local/lib/python3.12/site-packages/airflow/example_dags/example_setup_teardown.py
[2025-10-02T22:50:38.692+0000] {processor.py:830} INFO - Processing file /home/airflow/.local/lib/python3.12/site-packages/airflow/example_dags/example_setup_teardown.py for tasks to queue
[2025-10-02T22:50:38.696+0000] {logging_mixin.py:188} INFO - [2025-10-02T22:50:38.695+0000] {dagbag.py:545} INFO - Filling up the DagBag from /home/airflow/.local/lib/python3.12/site-packages/airflow/example_dags/example_setup_teardown.py
[2025-10-02T22:50:38.715+0000] {processor.py:840} INFO - DAG(s) 'example_setup_teardown' retrieved from /home/airflow/.local/lib/python3.12/site-packages/airflow/example_dags/example_setup_teardown.py
[2025-10-02T22:50:38.940+0000] {logging_mixin.py:188} INFO - [2025-10-02T22:50:38.939+0000] {override.py:1829} INFO - Created Permission View: can delete on DAG:example_setup_teardown
[2025-10-02T22:50:38.953+0000] {logging_mixin.py:188} INFO - [2025-10-02T22:50:38.952+0000] {override.py:1829} INFO - Created Permission View: can edit on DAG:example_setup_teardown
[2025-10-02T22:50:38.960+0000] {logging_mixin.py:188} INFO - [2025-10-02T22:50:38.960+0000] {override.py:1829} INFO - Created Permission View: can read on DAG:example_setup_teardown
[2025-10-02T22:50:38.961+0000] {logging_mixin.py:188} INFO - [2025-10-02T22:50:38.960+0000] {dag.py:3096} INFO - Sync 1 DAGs
[2025-10-02T22:50:38.975+0000] {logging_mixin.py:188} INFO - [2025-10-02T22:50:38.975+0000] {dag.py:3118} INFO - Creating ORM DAG for example_setup_teardown
[2025-10-02T22:50:38.988+0000] {logging_mixin.py:188} INFO - [2025-10-02T22:50:38.987+0000] {dag.py:3954} INFO - Setting next_dagrun for example_setup_teardown to 2025-10-01 00:00:00+00:00, run_after=2025-10-02 00:00:00+00:00
[2025-10-02T22:50:39.011+0000] {processor.py:183} INFO - Processing /home/airflow/.local/lib/python3.12/site-packages/airflow/example_dags/example_setup_teardown.py took 0.333 seconds
[2025-10-02T22:51:50.568+0000] {processor.py:161} INFO - Started process (PID=50) to work on /home/airflow/.local/lib/python3.12/site-packages/airflow/example_dags/example_setup_teardown.py
[2025-10-02T22:51:50.570+0000] {processor.py:830} INFO - Processing file /home/airflow/.local/lib/python3.12/site-packages/airflow/example_dags/example_setup_teardown.py for tasks to queue
[2025-10-02T22:51:50.573+0000] {logging_mixin.py:188} INFO - [2025-10-02T22:51:50.573+0000] {dagbag.py:545} INFO - Filling up the DagBag from /home/airflow/.local/lib/python3.12/site-packages/airflow/example_dags/example_setup_teardown.py
[2025-10-02T22:51:50.589+0000] {processor.py:840} INFO - DAG(s) 'example_setup_teardown' retrieved from /home/airflow/.local/lib/python3.12/site-packages/airflow/example_dags/example_setup_teardown.py
[2025-10-02T22:51:50.610+0000] {logging_mixin.py:188} INFO - [2025-10-02T22:51:50.610+0000] {dag.py:3096} INFO - Sync 1 DAGs
[2025-10-02T22:51:50.658+0000] {logging_mixin.py:188} INFO - [2025-10-02T22:51:50.657+0000] {dag.py:3954} INFO - Setting next_dagrun for example_setup_teardown to 2025-10-01 00:00:00+00:00, run_after=2025-10-02 00:00:00+00:00
[2025-10-02T22:51:50.689+0000] {processor.py:183} INFO - Processing /home/airflow/.local/lib/python3.12/site-packages/airflow/example_dags/example_setup_teardown.py took 0.133 seconds
[2025-10-02T22:52:21.344+0000] {processor.py:161} INFO - Started process (PID=103) to work on /home/airflow/.local/lib/python3.12/site-packages/airflow/example_dags/example_setup_teardown.py
[2025-10-02T22:52:21.347+0000] {processor.py:830} INFO - Processing file /home/airflow/.local/lib/python3.12/site-packages/airflow/example_dags/example_setup_teardown.py for tasks to queue
[2025-10-02T22:52:21.352+0000] {logging_mixin.py:188} INFO - [2025-10-02T22:52:21.351+0000] {dagbag.py:545} INFO - Filling up the DagBag from /home/airflow/.local/lib/python3.12/site-packages/airflow/example_dags/example_setup_teardown.py
[2025-10-02T22:52:21.370+0000] {processor.py:840} INFO - DAG(s) 'example_setup_teardown' retrieved from /home/airflow/.local/lib/python3.12/site-packages/airflow/example_dags/example_setup_teardown.py
[2025-10-02T22:52:21.401+0000] {logging_mixin.py:188} INFO - [2025-10-02T22:52:21.400+0000] {dag.py:3096} INFO - Sync 1 DAGs
[2025-10-02T22:52:21.466+0000] {logging_mixin.py:188} INFO - [2025-10-02T22:52:21.465+0000] {dag.py:3954} INFO - Setting next_dagrun for example_setup_teardown to 2025-10-01 00:00:00+00:00, run_after=2025-10-02 00:00:00+00:00
[2025-10-02T22:52:21.497+0000] {processor.py:183} INFO - Processing /home/airflow/.local/lib/python3.12/site-packages/airflow/example_dags/example_setup_teardown.py took 0.169 seconds
[2025-10-02T22:52:52.045+0000] {processor.py:161} INFO - Started process (PID=156) to work on /home/airflow/.local/lib/python3.12/site-packages/airflow/example_dags/example_setup_teardown.py
[2025-10-02T22:52:52.047+0000] {processor.py:830} INFO - Processing file /home/airflow/.local/lib/python3.12/site-packages/airflow/example_dags/example_setup_teardown.py for tasks to queue
[2025-10-02T22:52:52.050+0000] {logging_mixin.py:188} INFO - [2025-10-02T22:52:52.049+0000] {dagbag.py:545} INFO - Filling up the DagBag from /home/airflow/.local/lib/python3.12/site-packages/airflow/example_dags/example_setup_teardown.py
[2025-10-02T22:52:52.059+0000] {processor.py:840} INFO - DAG(s) 'example_setup_teardown' retrieved from /home/airflow/.local/lib/python3.12/site-packages/airflow/example_dags/example_setup_teardown.py
[2025-10-02T22:52:52.199+0000] {logging_mixin.py:188} INFO - [2025-10-02T22:52:52.198+0000] {dag.py:3096} INFO - Sync 1 DAGs
[2025-10-02T22:52:52.229+0000] {logging_mixin.py:188} INFO - [2025-10-02T22:52:52.228+0000] {dag.py:3954} INFO - Setting next_dagrun for example_setup_teardown to 2025-10-01 00:00:00+00:00, run_after=2025-10-02 00:00:00+00:00
[2025-10-02T22:52:52.254+0000] {processor.py:183} INFO - Processing /home/airflow/.local/lib/python3.12/site-packages/airflow/example_dags/example_setup_teardown.py took 0.217 seconds
[2025-10-02T22:53:22.794+0000] {processor.py:161} INFO - Started process (PID=210) to work on /home/airflow/.local/lib/python3.12/site-packages/airflow/example_dags/example_setup_teardown.py
[2025-10-02T22:53:22.796+0000] {processor.py:830} INFO - Processing file /home/airflow/.local/lib/python3.12/site-packages/airflow/example_dags/example_setup_teardown.py for tasks to queue
[2025-10-02T22:53:22.800+0000] {logging_mixin.py:188} INFO - [2025-10-02T22:53:22.800+0000] {dagbag.py:545} INFO - Filling up the DagBag from /home/airflow/.local/lib/python3.12/site-packages/airflow/example_dags/example_setup_teardown.py
[2025-10-02T22:53:22.817+0000] {processor.py:840} INFO - DAG(s) 'example_setup_teardown' retrieved from /home/airflow/.local/lib/python3.12/site-packages/airflow/example_dags/example_setup_teardown.py
[2025-10-02T22:53:22.864+0000] {logging_mixin.py:188} INFO - [2025-10-02T22:53:22.863+0000] {dag.py:3096} INFO - Sync 1 DAGs
[2025-10-02T22:53:22.918+0000] {logging_mixin.py:188} INFO - [2025-10-02T22:53:22.917+0000] {dag.py:3954} INFO - Setting next_dagrun for example_setup_teardown to 2025-10-01 00:00:00+00:00, run_after=2025-10-02 00:00:00+00:00
[2025-10-02T22:53:22.956+0000] {processor.py:183} INFO - Processing /home/airflow/.local/lib/python3.12/site-packages/airflow/example_dags/example_setup_teardown.py took 0.175 seconds
[2025-10-02T22:53:54.253+0000] {processor.py:161} INFO - Started process (PID=263) to work on /home/airflow/.local/lib/python3.12/site-packages/airflow/example_dags/example_setup_teardown.py
[2025-10-02T22:53:54.254+0000] {processor.py:830} INFO - Processing file /home/airflow/.local/lib/python3.12/site-packages/airflow/example_dags/example_setup_teardown.py for tasks to queue
[2025-10-02T22:53:54.257+0000] {logging_mixin.py:188} INFO - [2025-10-02T22:53:54.257+0000] {dagbag.py:545} INFO - Filling up the DagBag from /home/airflow/.local/lib/python3.12/site-packages/airflow/example_dags/example_setup_teardown.py
[2025-10-02T22:53:54.266+0000] {processor.py:840} INFO - DAG(s) 'example_setup_teardown' retrieved from /home/airflow/.local/lib/python3.12/site-packages/airflow/example_dags/example_setup_teardown.py
[2025-10-02T22:53:54.281+0000] {logging_mixin.py:188} INFO - [2025-10-02T22:53:54.281+0000] {dag.py:3096} INFO - Sync 1 DAGs
[2025-10-02T22:53:54.315+0000] {logging_mixin.py:188} INFO - [2025-10-02T22:53:54.314+0000] {dag.py:3954} INFO - Setting next_dagrun for example_setup_teardown to 2025-10-01 00:00:00+00:00, run_after=2025-10-02 00:00:00+00:00
[2025-10-02T22:53:54.347+0000] {processor.py:183} INFO - Processing /home/airflow/.local/lib/python3.12/site-packages/airflow/example_dags/example_setup_teardown.py took 0.103 seconds
[2025-10-02T22:54:25.314+0000] {processor.py:161} INFO - Started process (PID=316) to work on /home/airflow/.local/lib/python3.12/site-packages/airflow/example_dags/example_setup_teardown.py
[2025-10-02T22:54:25.316+0000] {processor.py:830} INFO - Processing file /home/airflow/.local/lib/python3.12/site-packages/airflow/example_dags/example_setup_teardown.py for tasks to queue
[2025-10-02T22:54:25.320+0000] {logging_mixin.py:188} INFO - [2025-10-02T22:54:25.320+0000] {dagbag.py:545} INFO - Filling up the DagBag from /home/airflow/.local/lib/python3.12/site-packages/airflow/example_dags/example_setup_teardown.py
[2025-10-02T22:54:25.334+0000] {processor.py:840} INFO - DAG(s) 'example_setup_teardown' retrieved from /home/airflow/.local/lib/python3.12/site-packages/airflow/example_dags/example_setup_teardown.py
[2025-10-02T22:54:25.521+0000] {logging_mixin.py:188} INFO - [2025-10-02T22:54:25.520+0000] {dag.py:3096} INFO - Sync 1 DAGs
[2025-10-02T22:54:25.568+0000] {logging_mixin.py:188} INFO - [2025-10-02T22:54:25.567+0000] {dag.py:3954} INFO - Setting next_dagrun for example_setup_teardown to 2025-10-01 00:00:00+00:00, run_after=2025-10-02 00:00:00+00:00
[2025-10-02T22:54:25.600+0000] {processor.py:183} INFO - Processing /home/airflow/.local/lib/python3.12/site-packages/airflow/example_dags/example_setup_teardown.py took 0.297 seconds
[2025-10-02T22:54:55.749+0000] {processor.py:161} INFO - Started process (PID=369) to work on /home/airflow/.local/lib/python3.12/site-packages/airflow/example_dags/example_setup_teardown.py
[2025-10-02T22:54:55.751+0000] {processor.py:830} INFO - Processing file /home/airflow/.local/lib/python3.12/site-packages/airflow/example_dags/example_setup_teardown.py for tasks to queue
[2025-10-02T22:54:55.754+0000] {logging_mixin.py:188} INFO - [2025-10-02T22:54:55.753+0000] {dagbag.py:545} INFO - Filling up the DagBag from /home/airflow/.local/lib/python3.12/site-packages/airflow/example_dags/example_setup_teardown.py
[2025-10-02T22:54:55.763+0000] {processor.py:840} INFO - DAG(s) 'example_setup_teardown' retrieved from /home/airflow/.local/lib/python3.12/site-packages/airflow/example_dags/example_setup_teardown.py
[2025-10-02T22:54:55.790+0000] {logging_mixin.py:188} INFO - [2025-10-02T22:54:55.789+0000] {dag.py:3096} INFO - Sync 1 DAGs
[2025-10-02T22:54:55.815+0000] {logging_mixin.py:188} INFO - [2025-10-02T22:54:55.815+0000] {dag.py:3954} INFO - Setting next_dagrun for example_setup_teardown to 2025-10-01 00:00:00+00:00, run_after=2025-10-02 00:00:00+00:00
[2025-10-02T22:54:55.838+0000] {processor.py:183} INFO - Processing /home/airflow/.local/lib/python3.12/site-packages/airflow/example_dags/example_setup_teardown.py took 0.096 seconds
[2025-10-02T22:55:26.541+0000] {processor.py:161} INFO - Started process (PID=426) to work on /home/airflow/.local/lib/python3.12/site-packages/airflow/example_dags/example_setup_teardown.py
[2025-10-02T22:55:26.545+0000] {processor.py:830} INFO - Processing file /home/airflow/.local/lib/python3.12/site-packages/airflow/example_dags/example_setup_teardown.py for tasks to queue
[2025-10-02T22:55:26.549+0000] {logging_mixin.py:188} INFO - [2025-10-02T22:55:26.549+0000] {dagbag.py:545} INFO - Filling up the DagBag from /home/airflow/.local/lib/python3.12/site-packages/airflow/example_dags/example_setup_teardown.py
[2025-10-02T22:55:26.566+0000] {processor.py:840} INFO - DAG(s) 'example_setup_teardown' retrieved from /home/airflow/.local/lib/python3.12/site-packages/airflow/example_dags/example_setup_teardown.py
[2025-10-02T22:55:26.620+0000] {logging_mixin.py:188} INFO - [2025-10-02T22:55:26.620+0000] {dag.py:3096} INFO - Sync 1 DAGs
[2025-10-02T22:55:26.669+0000] {logging_mixin.py:188} INFO - [2025-10-02T22:55:26.668+0000] {dag.py:3954} INFO - Setting next_dagrun for example_setup_teardown to 2025-10-01 00:00:00+00:00, run_after=2025-10-02 00:00:00+00:00
[2025-10-02T22:55:26.699+0000] {processor.py:183} INFO - Processing /home/airflow/.local/lib/python3.12/site-packages/airflow/example_dags/example_setup_teardown.py took 0.172 seconds
[2025-10-02T22:55:57.279+0000] {processor.py:161} INFO - Started process (PID=480) to work on /home/airflow/.local/lib/python3.12/site-packages/airflow/example_dags/example_setup_teardown.py
[2025-10-02T22:55:57.280+0000] {processor.py:830} INFO - Processing file /home/airflow/.local/lib/python3.12/site-packages/airflow/example_dags/example_setup_teardown.py for tasks to queue
[2025-10-02T22:55:57.283+0000] {logging_mixin.py:188} INFO - [2025-10-02T22:55:57.283+0000] {dagbag.py:545} INFO - Filling up the DagBag from /home/airflow/.local/lib/python3.12/site-packages/airflow/example_dags/example_setup_teardown.py
[2025-10-02T22:55:57.292+0000] {processor.py:840} INFO - DAG(s) 'example_setup_teardown' retrieved from /home/airflow/.local/lib/python3.12/site-packages/airflow/example_dags/example_setup_teardown.py
[2025-10-02T22:55:57.319+0000] {logging_mixin.py:188} INFO - [2025-10-02T22:55:57.318+0000] {dag.py:3096} INFO - Sync 1 DAGs
[2025-10-02T22:55:57.345+0000] {logging_mixin.py:188} INFO - [2025-10-02T22:55:57.345+0000] {dag.py:3954} INFO - Setting next_dagrun for example_setup_teardown to 2025-10-01 00:00:00+00:00, run_after=2025-10-02 00:00:00+00:00
[2025-10-02T22:55:57.368+0000] {processor.py:183} INFO - Processing /home/airflow/.local/lib/python3.12/site-packages/airflow/example_dags/example_setup_teardown.py took 0.097 seconds
[2025-10-02T22:56:27.620+0000] {processor.py:161} INFO - Started process (PID=533) to work on /home/airflow/.local/lib/python3.12/site-packages/airflow/example_dags/example_setup_teardown.py
[2025-10-02T22:56:27.621+0000] {processor.py:830} INFO - Processing file /home/airflow/.local/lib/python3.12/site-packages/airflow/example_dags/example_setup_teardown.py for tasks to queue
[2025-10-02T22:56:27.624+0000] {logging_mixin.py:188} INFO - [2025-10-02T22:56:27.624+0000] {dagbag.py:545} INFO - Filling up the DagBag from /home/airflow/.local/lib/python3.12/site-packages/airflow/example_dags/example_setup_teardown.py
[2025-10-02T22:56:27.634+0000] {processor.py:840} INFO - DAG(s) 'example_setup_teardown' retrieved from /home/airflow/.local/lib/python3.12/site-packages/airflow/example_dags/example_setup_teardown.py
[2025-10-02T22:56:27.662+0000] {logging_mixin.py:188} INFO - [2025-10-02T22:56:27.662+0000] {dag.py:3096} INFO - Sync 1 DAGs
[2025-10-02T22:56:27.690+0000] {logging_mixin.py:188} INFO - [2025-10-02T22:56:27.690+0000] {dag.py:3954} INFO - Setting next_dagrun for example_setup_teardown to 2025-10-01 00:00:00+00:00, run_after=2025-10-02 00:00:00+00:00
[2025-10-02T22:56:27.714+0000] {processor.py:183} INFO - Processing /home/airflow/.local/lib/python3.12/site-packages/airflow/example_dags/example_setup_teardown.py took 0.104 seconds
[2025-10-02T22:56:57.836+0000] {processor.py:161} INFO - Started process (PID=586) to work on /home/airflow/.local/lib/python3.12/site-packages/airflow/example_dags/example_setup_teardown.py
[2025-10-02T22:56:57.837+0000] {processor.py:830} INFO - Processing file /home/airflow/.local/lib/python3.12/site-packages/airflow/example_dags/example_setup_teardown.py for tasks to queue
[2025-10-02T22:56:57.840+0000] {logging_mixin.py:188} INFO - [2025-10-02T22:56:57.839+0000] {dagbag.py:545} INFO - Filling up the DagBag from /home/airflow/.local/lib/python3.12/site-packages/airflow/example_dags/example_setup_teardown.py
[2025-10-02T22:56:57.855+0000] {processor.py:840} INFO - DAG(s) 'example_setup_teardown' retrieved from /home/airflow/.local/lib/python3.12/site-packages/airflow/example_dags/example_setup_teardown.py
[2025-10-02T22:56:57.883+0000] {logging_mixin.py:188} INFO - [2025-10-02T22:56:57.883+0000] {dag.py:3096} INFO - Sync 1 DAGs
[2025-10-02T22:56:57.908+0000] {logging_mixin.py:188} INFO - [2025-10-02T22:56:57.908+0000] {dag.py:3954} INFO - Setting next_dagrun for example_setup_teardown to 2025-10-01 00:00:00+00:00, run_after=2025-10-02 00:00:00+00:00
[2025-10-02T22:56:57.932+0000] {processor.py:183} INFO - Processing /home/airflow/.local/lib/python3.12/site-packages/airflow/example_dags/example_setup_teardown.py took 0.104 seconds
[2025-10-02T22:57:28.475+0000] {processor.py:161} INFO - Started process (PID=640) to work on /home/airflow/.local/lib/python3.12/site-packages/airflow/example_dags/example_setup_teardown.py
[2025-10-02T22:57:28.477+0000] {processor.py:830} INFO - Processing file /home/airflow/.local/lib/python3.12/site-packages/airflow/example_dags/example_setup_teardown.py for tasks to queue
[2025-10-02T22:57:28.480+0000] {logging_mixin.py:188} INFO - [2025-10-02T22:57:28.479+0000] {dagbag.py:545} INFO - Filling up the DagBag from /home/airflow/.local/lib/python3.12/site-packages/airflow/example_dags/example_setup_teardown.py
[2025-10-02T22:57:28.491+0000] {processor.py:840} INFO - DAG(s) 'example_setup_teardown' retrieved from /home/airflow/.local/lib/python3.12/site-packages/airflow/example_dags/example_setup_teardown.py
[2025-10-02T22:57:28.523+0000] {logging_mixin.py:188} INFO - [2025-10-02T22:57:28.522+0000] {dag.py:3096} INFO - Sync 1 DAGs
[2025-10-02T22:57:28.554+0000] {logging_mixin.py:188} INFO - [2025-10-02T22:57:28.553+0000] {dag.py:3954} INFO - Setting next_dagrun for example_setup_teardown to 2025-10-01 00:00:00+00:00, run_after=2025-10-02 00:00:00+00:00
[2025-10-02T22:57:28.579+0000] {processor.py:183} INFO - Processing /home/airflow/.local/lib/python3.12/site-packages/airflow/example_dags/example_setup_teardown.py took 0.114 seconds
[2025-10-02T22:57:59.426+0000] {processor.py:161} INFO - Started process (PID=693) to work on /home/airflow/.local/lib/python3.12/site-packages/airflow/example_dags/example_setup_teardown.py
[2025-10-02T22:57:59.428+0000] {processor.py:830} INFO - Processing file /home/airflow/.local/lib/python3.12/site-packages/airflow/example_dags/example_setup_teardown.py for tasks to queue
[2025-10-02T22:57:59.431+0000] {logging_mixin.py:188} INFO - [2025-10-02T22:57:59.431+0000] {dagbag.py:545} INFO - Filling up the DagBag from /home/airflow/.local/lib/python3.12/site-packages/airflow/example_dags/example_setup_teardown.py
[2025-10-02T22:57:59.443+0000] {processor.py:840} INFO - DAG(s) 'example_setup_teardown' retrieved from /home/airflow/.local/lib/python3.12/site-packages/airflow/example_dags/example_setup_teardown.py
[2025-10-02T22:57:59.462+0000] {logging_mixin.py:188} INFO - [2025-10-02T22:57:59.462+0000] {dag.py:3096} INFO - Sync 1 DAGs
[2025-10-02T22:57:59.493+0000] {logging_mixin.py:188} INFO - [2025-10-02T22:57:59.492+0000] {dag.py:3954} INFO - Setting next_dagrun for example_setup_teardown to 2025-10-01 00:00:00+00:00, run_after=2025-10-02 00:00:00+00:00
[2025-10-02T22:57:59.519+0000] {processor.py:183} INFO - Processing /home/airflow/.local/lib/python3.12/site-packages/airflow/example_dags/example_setup_teardown.py took 0.103 seconds
[2025-10-02T22:58:30.563+0000] {processor.py:161} INFO - Started process (PID=746) to work on /home/airflow/.local/lib/python3.12/site-packages/airflow/example_dags/example_setup_teardown.py
[2025-10-02T22:58:30.565+0000] {processor.py:830} INFO - Processing file /home/airflow/.local/lib/python3.12/site-packages/airflow/example_dags/example_setup_teardown.py for tasks to queue
[2025-10-02T22:58:30.568+0000] {logging_mixin.py:188} INFO - [2025-10-02T22:58:30.567+0000] {dagbag.py:545} INFO - Filling up the DagBag from /home/airflow/.local/lib/python3.12/site-packages/airflow/example_dags/example_setup_teardown.py
[2025-10-02T22:58:30.578+0000] {processor.py:840} INFO - DAG(s) 'example_setup_teardown' retrieved from /home/airflow/.local/lib/python3.12/site-packages/airflow/example_dags/example_setup_teardown.py
[2025-10-02T22:58:30.724+0000] {logging_mixin.py:188} INFO - [2025-10-02T22:58:30.724+0000] {dag.py:3096} INFO - Sync 1 DAGs
[2025-10-02T22:58:30.747+0000] {logging_mixin.py:188} INFO - [2025-10-02T22:58:30.747+0000] {dag.py:3954} INFO - Setting next_dagrun for example_setup_teardown to 2025-10-01 00:00:00+00:00, run_after=2025-10-02 00:00:00+00:00
[2025-10-02T22:58:30.771+0000] {processor.py:183} INFO - Processing /home/airflow/.local/lib/python3.12/site-packages/airflow/example_dags/example_setup_teardown.py took 0.219 seconds
[2025-10-02T22:59:00.849+0000] {processor.py:161} INFO - Started process (PID=799) to work on /home/airflow/.local/lib/python3.12/site-packages/airflow/example_dags/example_setup_teardown.py
[2025-10-02T22:59:00.851+0000] {processor.py:830} INFO - Processing file /home/airflow/.local/lib/python3.12/site-packages/airflow/example_dags/example_setup_teardown.py for tasks to queue
[2025-10-02T22:59:00.854+0000] {logging_mixin.py:188} INFO - [2025-10-02T22:59:00.853+0000] {dagbag.py:545} INFO - Filling up the DagBag from /home/airflow/.local/lib/python3.12/site-packages/airflow/example_dags/example_setup_teardown.py
[2025-10-02T22:59:00.863+0000] {processor.py:840} INFO - DAG(s) 'example_setup_teardown' retrieved from /home/airflow/.local/lib/python3.12/site-packages/airflow/example_dags/example_setup_teardown.py
[2025-10-02T22:59:00.895+0000] {logging_mixin.py:188} INFO - [2025-10-02T22:59:00.895+0000] {dag.py:3096} INFO - Sync 1 DAGs
[2025-10-02T22:59:00.929+0000] {logging_mixin.py:188} INFO - [2025-10-02T22:59:00.928+0000] {dag.py:3954} INFO - Setting next_dagrun for example_setup_teardown to 2025-10-01 00:00:00+00:00, run_after=2025-10-02 00:00:00+00:00
[2025-10-02T22:59:00.953+0000] {processor.py:183} INFO - Processing /home/airflow/.local/lib/python3.12/site-packages/airflow/example_dags/example_setup_teardown.py took 0.112 seconds
[2025-10-02T22:59:31.422+0000] {processor.py:161} INFO - Started process (PID=852) to work on /home/airflow/.local/lib/python3.12/site-packages/airflow/example_dags/example_setup_teardown.py
[2025-10-02T22:59:31.424+0000] {processor.py:830} INFO - Processing file /home/airflow/.local/lib/python3.12/site-packages/airflow/example_dags/example_setup_teardown.py for tasks to queue
[2025-10-02T22:59:31.426+0000] {logging_mixin.py:188} INFO - [2025-10-02T22:59:31.426+0000] {dagbag.py:545} INFO - Filling up the DagBag from /home/airflow/.local/lib/python3.12/site-packages/airflow/example_dags/example_setup_teardown.py
[2025-10-02T22:59:31.437+0000] {processor.py:840} INFO - DAG(s) 'example_setup_teardown' retrieved from /home/airflow/.local/lib/python3.12/site-packages/airflow/example_dags/example_setup_teardown.py
[2025-10-02T22:59:31.467+0000] {logging_mixin.py:188} INFO - [2025-10-02T22:59:31.466+0000] {dag.py:3096} INFO - Sync 1 DAGs
[2025-10-02T22:59:31.496+0000] {logging_mixin.py:188} INFO - [2025-10-02T22:59:31.496+0000] {dag.py:3954} INFO - Setting next_dagrun for example_setup_teardown to 2025-10-01 00:00:00+00:00, run_after=2025-10-02 00:00:00+00:00
[2025-10-02T22:59:31.518+0000] {processor.py:183} INFO - Processing /home/airflow/.local/lib/python3.12/site-packages/airflow/example_dags/example_setup_teardown.py took 0.105 seconds
[2025-10-02T23:00:01.899+0000] {processor.py:161} INFO - Started process (PID=905) to work on /home/airflow/.local/lib/python3.12/site-packages/airflow/example_dags/example_setup_teardown.py
[2025-10-02T23:00:01.901+0000] {processor.py:830} INFO - Processing file /home/airflow/.local/lib/python3.12/site-packages/airflow/example_dags/example_setup_teardown.py for tasks to queue
[2025-10-02T23:00:01.904+0000] {logging_mixin.py:188} INFO - [2025-10-02T23:00:01.903+0000] {dagbag.py:545} INFO - Filling up the DagBag from /home/airflow/.local/lib/python3.12/site-packages/airflow/example_dags/example_setup_teardown.py
[2025-10-02T23:00:01.914+0000] {processor.py:840} INFO - DAG(s) 'example_setup_teardown' retrieved from /home/airflow/.local/lib/python3.12/site-packages/airflow/example_dags/example_setup_teardown.py
[2025-10-02T23:00:01.947+0000] {logging_mixin.py:188} INFO - [2025-10-02T23:00:01.947+0000] {dag.py:3096} INFO - Sync 1 DAGs
[2025-10-02T23:00:01.978+0000] {logging_mixin.py:188} INFO - [2025-10-02T23:00:01.978+0000] {dag.py:3954} INFO - Setting next_dagrun for example_setup_teardown to 2025-10-01 00:00:00+00:00, run_after=2025-10-02 00:00:00+00:00
[2025-10-02T23:00:02.006+0000] {processor.py:183} INFO - Processing /home/airflow/.local/lib/python3.12/site-packages/airflow/example_dags/example_setup_teardown.py took 0.117 seconds
[2025-10-02T23:00:32.320+0000] {processor.py:161} INFO - Started process (PID=958) to work on /home/airflow/.local/lib/python3.12/site-packages/airflow/example_dags/example_setup_teardown.py
[2025-10-02T23:00:32.322+0000] {processor.py:830} INFO - Processing file /home/airflow/.local/lib/python3.12/site-packages/airflow/example_dags/example_setup_teardown.py for tasks to queue
[2025-10-02T23:00:32.325+0000] {logging_mixin.py:188} INFO - [2025-10-02T23:00:32.324+0000] {dagbag.py:545} INFO - Filling up the DagBag from /home/airflow/.local/lib/python3.12/site-packages/airflow/example_dags/example_setup_teardown.py
[2025-10-02T23:00:32.335+0000] {processor.py:840} INFO - DAG(s) 'example_setup_teardown' retrieved from /home/airflow/.local/lib/python3.12/site-packages/airflow/example_dags/example_setup_teardown.py
[2025-10-02T23:00:32.367+0000] {logging_mixin.py:188} INFO - [2025-10-02T23:00:32.367+0000] {dag.py:3096} INFO - Sync 1 DAGs
[2025-10-02T23:00:32.398+0000] {logging_mixin.py:188} INFO - [2025-10-02T23:00:32.398+0000] {dag.py:3954} INFO - Setting next_dagrun for example_setup_teardown to 2025-10-01 00:00:00+00:00, run_after=2025-10-02 00:00:00+00:00
[2025-10-02T23:00:32.424+0000] {processor.py:183} INFO - Processing /home/airflow/.local/lib/python3.12/site-packages/airflow/example_dags/example_setup_teardown.py took 0.113 seconds
[2025-10-02T23:01:02.664+0000] {processor.py:161} INFO - Started process (PID=1011) to work on /home/airflow/.local/lib/python3.12/site-packages/airflow/example_dags/example_setup_teardown.py
[2025-10-02T23:01:02.666+0000] {processor.py:830} INFO - Processing file /home/airflow/.local/lib/python3.12/site-packages/airflow/example_dags/example_setup_teardown.py for tasks to queue
[2025-10-02T23:01:02.670+0000] {logging_mixin.py:188} INFO - [2025-10-02T23:01:02.669+0000] {dagbag.py:545} INFO - Filling up the DagBag from /home/airflow/.local/lib/python3.12/site-packages/airflow/example_dags/example_setup_teardown.py
[2025-10-02T23:01:02.683+0000] {processor.py:840} INFO - DAG(s) 'example_setup_teardown' retrieved from /home/airflow/.local/lib/python3.12/site-packages/airflow/example_dags/example_setup_teardown.py
[2025-10-02T23:01:02.716+0000] {logging_mixin.py:188} INFO - [2025-10-02T23:01:02.716+0000] {dag.py:3096} INFO - Sync 1 DAGs
[2025-10-02T23:01:02.748+0000] {logging_mixin.py:188} INFO - [2025-10-02T23:01:02.747+0000] {dag.py:3954} INFO - Setting next_dagrun for example_setup_teardown to 2025-10-01 00:00:00+00:00, run_after=2025-10-02 00:00:00+00:00
[2025-10-02T23:01:02.775+0000] {processor.py:183} INFO - Processing /home/airflow/.local/lib/python3.12/site-packages/airflow/example_dags/example_setup_teardown.py took 0.121 seconds
[2025-10-02T23:01:32.909+0000] {processor.py:161} INFO - Started process (PID=1063) to work on /home/airflow/.local/lib/python3.12/site-packages/airflow/example_dags/example_setup_teardown.py
[2025-10-02T23:01:32.911+0000] {processor.py:830} INFO - Processing file /home/airflow/.local/lib/python3.12/site-packages/airflow/example_dags/example_setup_teardown.py for tasks to queue
[2025-10-02T23:01:32.915+0000] {logging_mixin.py:188} INFO - [2025-10-02T23:01:32.915+0000] {dagbag.py:545} INFO - Filling up the DagBag from /home/airflow/.local/lib/python3.12/site-packages/airflow/example_dags/example_setup_teardown.py
[2025-10-02T23:01:32.927+0000] {processor.py:840} INFO - DAG(s) 'example_setup_teardown' retrieved from /home/airflow/.local/lib/python3.12/site-packages/airflow/example_dags/example_setup_teardown.py
[2025-10-02T23:01:32.958+0000] {logging_mixin.py:188} INFO - [2025-10-02T23:01:32.958+0000] {dag.py:3096} INFO - Sync 1 DAGs
[2025-10-02T23:01:32.986+0000] {logging_mixin.py:188} INFO - [2025-10-02T23:01:32.986+0000] {dag.py:3954} INFO - Setting next_dagrun for example_setup_teardown to 2025-10-01 00:00:00+00:00, run_after=2025-10-02 00:00:00+00:00
[2025-10-02T23:01:33.012+0000] {processor.py:183} INFO - Processing /home/airflow/.local/lib/python3.12/site-packages/airflow/example_dags/example_setup_teardown.py took 0.114 seconds
[2025-10-02T23:02:03.439+0000] {processor.py:161} INFO - Started process (PID=1116) to work on /home/airflow/.local/lib/python3.12/site-packages/airflow/example_dags/example_setup_teardown.py
[2025-10-02T23:02:03.441+0000] {processor.py:830} INFO - Processing file /home/airflow/.local/lib/python3.12/site-packages/airflow/example_dags/example_setup_teardown.py for tasks to queue
[2025-10-02T23:02:03.444+0000] {logging_mixin.py:188} INFO - [2025-10-02T23:02:03.444+0000] {dagbag.py:545} INFO - Filling up the DagBag from /home/airflow/.local/lib/python3.12/site-packages/airflow/example_dags/example_setup_teardown.py
[2025-10-02T23:02:03.459+0000] {processor.py:840} INFO - DAG(s) 'example_setup_teardown' retrieved from /home/airflow/.local/lib/python3.12/site-packages/airflow/example_dags/example_setup_teardown.py
[2025-10-02T23:02:03.487+0000] {logging_mixin.py:188} INFO - [2025-10-02T23:02:03.486+0000] {dag.py:3096} INFO - Sync 1 DAGs
[2025-10-02T23:02:03.516+0000] {logging_mixin.py:188} INFO - [2025-10-02T23:02:03.516+0000] {dag.py:3954} INFO - Setting next_dagrun for example_setup_teardown to 2025-10-01 00:00:00+00:00, run_after=2025-10-02 00:00:00+00:00
[2025-10-02T23:02:03.540+0000] {processor.py:183} INFO - Processing /home/airflow/.local/lib/python3.12/site-packages/airflow/example_dags/example_setup_teardown.py took 0.112 seconds
[2025-10-02T23:02:34.085+0000] {processor.py:161} INFO - Started process (PID=1169) to work on /home/airflow/.local/lib/python3.12/site-packages/airflow/example_dags/example_setup_teardown.py
[2025-10-02T23:02:34.087+0000] {processor.py:830} INFO - Processing file /home/airflow/.local/lib/python3.12/site-packages/airflow/example_dags/example_setup_teardown.py for tasks to queue
[2025-10-02T23:02:34.092+0000] {logging_mixin.py:188} INFO - [2025-10-02T23:02:34.091+0000] {dagbag.py:545} INFO - Filling up the DagBag from /home/airflow/.local/lib/python3.12/site-packages/airflow/example_dags/example_setup_teardown.py
[2025-10-02T23:02:34.108+0000] {processor.py:840} INFO - DAG(s) 'example_setup_teardown' retrieved from /home/airflow/.local/lib/python3.12/site-packages/airflow/example_dags/example_setup_teardown.py
[2025-10-02T23:02:34.151+0000] {logging_mixin.py:188} INFO - [2025-10-02T23:02:34.151+0000] {dag.py:3096} INFO - Sync 1 DAGs
[2025-10-02T23:02:34.186+0000] {logging_mixin.py:188} INFO - [2025-10-02T23:02:34.185+0000] {dag.py:3954} INFO - Setting next_dagrun for example_setup_teardown to 2025-10-01 00:00:00+00:00, run_after=2025-10-02 00:00:00+00:00
[2025-10-02T23:02:34.210+0000] {processor.py:183} INFO - Processing /home/airflow/.local/lib/python3.12/site-packages/airflow/example_dags/example_setup_teardown.py took 0.139 seconds
[2025-10-02T23:03:04.500+0000] {processor.py:161} INFO - Started process (PID=1222) to work on /home/airflow/.local/lib/python3.12/site-packages/airflow/example_dags/example_setup_teardown.py
[2025-10-02T23:03:04.501+0000] {processor.py:830} INFO - Processing file /home/airflow/.local/lib/python3.12/site-packages/airflow/example_dags/example_setup_teardown.py for tasks to queue
[2025-10-02T23:03:04.505+0000] {logging_mixin.py:188} INFO - [2025-10-02T23:03:04.505+0000] {dagbag.py:545} INFO - Filling up the DagBag from /home/airflow/.local/lib/python3.12/site-packages/airflow/example_dags/example_setup_teardown.py
[2025-10-02T23:03:04.517+0000] {processor.py:840} INFO - DAG(s) 'example_setup_teardown' retrieved from /home/airflow/.local/lib/python3.12/site-packages/airflow/example_dags/example_setup_teardown.py
[2025-10-02T23:03:04.549+0000] {logging_mixin.py:188} INFO - [2025-10-02T23:03:04.549+0000] {dag.py:3096} INFO - Sync 1 DAGs
[2025-10-02T23:03:04.591+0000] {logging_mixin.py:188} INFO - [2025-10-02T23:03:04.590+0000] {dag.py:3954} INFO - Setting next_dagrun for example_setup_teardown to 2025-10-01 00:00:00+00:00, run_after=2025-10-02 00:00:00+00:00
[2025-10-02T23:03:04.614+0000] {processor.py:183} INFO - Processing /home/airflow/.local/lib/python3.12/site-packages/airflow/example_dags/example_setup_teardown.py took 0.124 seconds
[2025-10-02T23:03:35.038+0000] {processor.py:161} INFO - Started process (PID=1275) to work on /home/airflow/.local/lib/python3.12/site-packages/airflow/example_dags/example_setup_teardown.py
[2025-10-02T23:03:35.040+0000] {processor.py:830} INFO - Processing file /home/airflow/.local/lib/python3.12/site-packages/airflow/example_dags/example_setup_teardown.py for tasks to queue
[2025-10-02T23:03:35.044+0000] {logging_mixin.py:188} INFO - [2025-10-02T23:03:35.044+0000] {dagbag.py:545} INFO - Filling up the DagBag from /home/airflow/.local/lib/python3.12/site-packages/airflow/example_dags/example_setup_teardown.py
[2025-10-02T23:03:35.054+0000] {processor.py:840} INFO - DAG(s) 'example_setup_teardown' retrieved from /home/airflow/.local/lib/python3.12/site-packages/airflow/example_dags/example_setup_teardown.py
[2025-10-02T23:03:35.084+0000] {logging_mixin.py:188} INFO - [2025-10-02T23:03:35.084+0000] {dag.py:3096} INFO - Sync 1 DAGs
[2025-10-02T23:03:35.112+0000] {logging_mixin.py:188} INFO - [2025-10-02T23:03:35.112+0000] {dag.py:3954} INFO - Setting next_dagrun for example_setup_teardown to 2025-10-01 00:00:00+00:00, run_after=2025-10-02 00:00:00+00:00
[2025-10-02T23:03:35.139+0000] {processor.py:183} INFO - Processing /home/airflow/.local/lib/python3.12/site-packages/airflow/example_dags/example_setup_teardown.py took 0.110 seconds
[2025-10-02T23:04:06.424+0000] {processor.py:161} INFO - Started process (PID=1328) to work on /home/airflow/.local/lib/python3.12/site-packages/airflow/example_dags/example_setup_teardown.py
[2025-10-02T23:04:06.426+0000] {processor.py:830} INFO - Processing file /home/airflow/.local/lib/python3.12/site-packages/airflow/example_dags/example_setup_teardown.py for tasks to queue
[2025-10-02T23:04:06.430+0000] {logging_mixin.py:188} INFO - [2025-10-02T23:04:06.430+0000] {dagbag.py:545} INFO - Filling up the DagBag from /home/airflow/.local/lib/python3.12/site-packages/airflow/example_dags/example_setup_teardown.py
[2025-10-02T23:04:06.445+0000] {processor.py:840} INFO - DAG(s) 'example_setup_teardown' retrieved from /home/airflow/.local/lib/python3.12/site-packages/airflow/example_dags/example_setup_teardown.py
[2025-10-02T23:04:06.484+0000] {logging_mixin.py:188} INFO - [2025-10-02T23:04:06.484+0000] {dag.py:3096} INFO - Sync 1 DAGs
[2025-10-02T23:04:06.514+0000] {logging_mixin.py:188} INFO - [2025-10-02T23:04:06.514+0000] {dag.py:3954} INFO - Setting next_dagrun for example_setup_teardown to 2025-10-01 00:00:00+00:00, run_after=2025-10-02 00:00:00+00:00
[2025-10-02T23:04:06.539+0000] {processor.py:183} INFO - Processing /home/airflow/.local/lib/python3.12/site-packages/airflow/example_dags/example_setup_teardown.py took 0.126 seconds
[2025-10-02T23:04:36.702+0000] {processor.py:161} INFO - Started process (PID=1381) to work on /home/airflow/.local/lib/python3.12/site-packages/airflow/example_dags/example_setup_teardown.py
[2025-10-02T23:04:36.704+0000] {processor.py:830} INFO - Processing file /home/airflow/.local/lib/python3.12/site-packages/airflow/example_dags/example_setup_teardown.py for tasks to queue
[2025-10-02T23:04:36.708+0000] {logging_mixin.py:188} INFO - [2025-10-02T23:04:36.707+0000] {dagbag.py:545} INFO - Filling up the DagBag from /home/airflow/.local/lib/python3.12/site-packages/airflow/example_dags/example_setup_teardown.py
[2025-10-02T23:04:36.720+0000] {processor.py:840} INFO - DAG(s) 'example_setup_teardown' retrieved from /home/airflow/.local/lib/python3.12/site-packages/airflow/example_dags/example_setup_teardown.py
[2025-10-02T23:04:36.758+0000] {logging_mixin.py:188} INFO - [2025-10-02T23:04:36.758+0000] {dag.py:3096} INFO - Sync 1 DAGs
[2025-10-02T23:04:36.793+0000] {logging_mixin.py:188} INFO - [2025-10-02T23:04:36.793+0000] {dag.py:3954} INFO - Setting next_dagrun for example_setup_teardown to 2025-10-01 00:00:00+00:00, run_after=2025-10-02 00:00:00+00:00
[2025-10-02T23:04:36.822+0000] {processor.py:183} INFO - Processing /home/airflow/.local/lib/python3.12/site-packages/airflow/example_dags/example_setup_teardown.py took 0.132 seconds
[2025-10-02T23:05:07.049+0000] {processor.py:161} INFO - Started process (PID=1434) to work on /home/airflow/.local/lib/python3.12/site-packages/airflow/example_dags/example_setup_teardown.py
[2025-10-02T23:05:07.052+0000] {processor.py:830} INFO - Processing file /home/airflow/.local/lib/python3.12/site-packages/airflow/example_dags/example_setup_teardown.py for tasks to queue
[2025-10-02T23:05:07.060+0000] {logging_mixin.py:188} INFO - [2025-10-02T23:05:07.060+0000] {dagbag.py:545} INFO - Filling up the DagBag from /home/airflow/.local/lib/python3.12/site-packages/airflow/example_dags/example_setup_teardown.py
[2025-10-02T23:05:07.070+0000] {processor.py:840} INFO - DAG(s) 'example_setup_teardown' retrieved from /home/airflow/.local/lib/python3.12/site-packages/airflow/example_dags/example_setup_teardown.py
[2025-10-02T23:05:07.103+0000] {logging_mixin.py:188} INFO - [2025-10-02T23:05:07.103+0000] {dag.py:3096} INFO - Sync 1 DAGs
[2025-10-02T23:05:07.139+0000] {logging_mixin.py:188} INFO - [2025-10-02T23:05:07.139+0000] {dag.py:3954} INFO - Setting next_dagrun for example_setup_teardown to 2025-10-01 00:00:00+00:00, run_after=2025-10-02 00:00:00+00:00
[2025-10-02T23:05:07.168+0000] {processor.py:183} INFO - Processing /home/airflow/.local/lib/python3.12/site-packages/airflow/example_dags/example_setup_teardown.py took 0.130 seconds
[2025-10-02T23:05:37.680+0000] {processor.py:161} INFO - Started process (PID=1487) to work on /home/airflow/.local/lib/python3.12/site-packages/airflow/example_dags/example_setup_teardown.py
[2025-10-02T23:05:37.684+0000] {processor.py:830} INFO - Processing file /home/airflow/.local/lib/python3.12/site-packages/airflow/example_dags/example_setup_teardown.py for tasks to queue
[2025-10-02T23:05:37.688+0000] {logging_mixin.py:188} INFO - [2025-10-02T23:05:37.688+0000] {dagbag.py:545} INFO - Filling up the DagBag from /home/airflow/.local/lib/python3.12/site-packages/airflow/example_dags/example_setup_teardown.py
[2025-10-02T23:05:37.705+0000] {processor.py:840} INFO - DAG(s) 'example_setup_teardown' retrieved from /home/airflow/.local/lib/python3.12/site-packages/airflow/example_dags/example_setup_teardown.py
[2025-10-02T23:05:37.737+0000] {logging_mixin.py:188} INFO - [2025-10-02T23:05:37.736+0000] {dag.py:3096} INFO - Sync 1 DAGs
[2025-10-02T23:05:37.770+0000] {logging_mixin.py:188} INFO - [2025-10-02T23:05:37.770+0000] {dag.py:3954} INFO - Setting next_dagrun for example_setup_teardown to 2025-10-01 00:00:00+00:00, run_after=2025-10-02 00:00:00+00:00
[2025-10-02T23:05:37.801+0000] {processor.py:183} INFO - Processing /home/airflow/.local/lib/python3.12/site-packages/airflow/example_dags/example_setup_teardown.py took 0.130 seconds
[2025-10-02T23:06:08.448+0000] {processor.py:161} INFO - Started process (PID=1540) to work on /home/airflow/.local/lib/python3.12/site-packages/airflow/example_dags/example_setup_teardown.py
[2025-10-02T23:06:08.451+0000] {processor.py:830} INFO - Processing file /home/airflow/.local/lib/python3.12/site-packages/airflow/example_dags/example_setup_teardown.py for tasks to queue
[2025-10-02T23:06:08.454+0000] {logging_mixin.py:188} INFO - [2025-10-02T23:06:08.454+0000] {dagbag.py:545} INFO - Filling up the DagBag from /home/airflow/.local/lib/python3.12/site-packages/airflow/example_dags/example_setup_teardown.py
[2025-10-02T23:06:08.466+0000] {processor.py:840} INFO - DAG(s) 'example_setup_teardown' retrieved from /home/airflow/.local/lib/python3.12/site-packages/airflow/example_dags/example_setup_teardown.py
[2025-10-02T23:06:08.502+0000] {logging_mixin.py:188} INFO - [2025-10-02T23:06:08.502+0000] {dag.py:3096} INFO - Sync 1 DAGs
[2025-10-02T23:06:08.535+0000] {logging_mixin.py:188} INFO - [2025-10-02T23:06:08.535+0000] {dag.py:3954} INFO - Setting next_dagrun for example_setup_teardown to 2025-10-01 00:00:00+00:00, run_after=2025-10-02 00:00:00+00:00
[2025-10-02T23:06:08.564+0000] {processor.py:183} INFO - Processing /home/airflow/.local/lib/python3.12/site-packages/airflow/example_dags/example_setup_teardown.py took 0.126 seconds
[2025-10-02T23:06:39.533+0000] {processor.py:161} INFO - Started process (PID=1593) to work on /home/airflow/.local/lib/python3.12/site-packages/airflow/example_dags/example_setup_teardown.py
[2025-10-02T23:06:39.535+0000] {processor.py:830} INFO - Processing file /home/airflow/.local/lib/python3.12/site-packages/airflow/example_dags/example_setup_teardown.py for tasks to queue
[2025-10-02T23:06:39.539+0000] {logging_mixin.py:188} INFO - [2025-10-02T23:06:39.538+0000] {dagbag.py:545} INFO - Filling up the DagBag from /home/airflow/.local/lib/python3.12/site-packages/airflow/example_dags/example_setup_teardown.py
[2025-10-02T23:06:39.554+0000] {processor.py:840} INFO - DAG(s) 'example_setup_teardown' retrieved from /home/airflow/.local/lib/python3.12/site-packages/airflow/example_dags/example_setup_teardown.py
[2025-10-02T23:06:39.603+0000] {logging_mixin.py:188} INFO - [2025-10-02T23:06:39.603+0000] {dag.py:3096} INFO - Sync 1 DAGs
[2025-10-02T23:06:39.648+0000] {logging_mixin.py:188} INFO - [2025-10-02T23:06:39.648+0000] {dag.py:3954} INFO - Setting next_dagrun for example_setup_teardown to 2025-10-01 00:00:00+00:00, run_after=2025-10-02 00:00:00+00:00
[2025-10-02T23:06:39.920+0000] {processor.py:183} INFO - Processing /home/airflow/.local/lib/python3.12/site-packages/airflow/example_dags/example_setup_teardown.py took 0.400 seconds
[2025-10-02T23:07:10.861+0000] {processor.py:161} INFO - Started process (PID=1646) to work on /home/airflow/.local/lib/python3.12/site-packages/airflow/example_dags/example_setup_teardown.py
[2025-10-02T23:07:10.862+0000] {processor.py:830} INFO - Processing file /home/airflow/.local/lib/python3.12/site-packages/airflow/example_dags/example_setup_teardown.py for tasks to queue
[2025-10-02T23:07:10.865+0000] {logging_mixin.py:188} INFO - [2025-10-02T23:07:10.865+0000] {dagbag.py:545} INFO - Filling up the DagBag from /home/airflow/.local/lib/python3.12/site-packages/airflow/example_dags/example_setup_teardown.py
[2025-10-02T23:07:10.876+0000] {processor.py:840} INFO - DAG(s) 'example_setup_teardown' retrieved from /home/airflow/.local/lib/python3.12/site-packages/airflow/example_dags/example_setup_teardown.py
[2025-10-02T23:07:10.909+0000] {logging_mixin.py:188} INFO - [2025-10-02T23:07:10.909+0000] {dag.py:3096} INFO - Sync 1 DAGs
[2025-10-02T23:07:10.945+0000] {logging_mixin.py:188} INFO - [2025-10-02T23:07:10.945+0000] {dag.py:3954} INFO - Setting next_dagrun for example_setup_teardown to 2025-10-01 00:00:00+00:00, run_after=2025-10-02 00:00:00+00:00
[2025-10-02T23:07:10.973+0000] {processor.py:183} INFO - Processing /home/airflow/.local/lib/python3.12/site-packages/airflow/example_dags/example_setup_teardown.py took 0.124 seconds
[2025-10-02T23:07:41.304+0000] {processor.py:161} INFO - Started process (PID=1699) to work on /home/airflow/.local/lib/python3.12/site-packages/airflow/example_dags/example_setup_teardown.py
[2025-10-02T23:07:41.305+0000] {processor.py:830} INFO - Processing file /home/airflow/.local/lib/python3.12/site-packages/airflow/example_dags/example_setup_teardown.py for tasks to queue
[2025-10-02T23:07:41.309+0000] {logging_mixin.py:188} INFO - [2025-10-02T23:07:41.309+0000] {dagbag.py:545} INFO - Filling up the DagBag from /home/airflow/.local/lib/python3.12/site-packages/airflow/example_dags/example_setup_teardown.py
[2025-10-02T23:07:41.319+0000] {processor.py:840} INFO - DAG(s) 'example_setup_teardown' retrieved from /home/airflow/.local/lib/python3.12/site-packages/airflow/example_dags/example_setup_teardown.py
[2025-10-02T23:07:41.347+0000] {logging_mixin.py:188} INFO - [2025-10-02T23:07:41.347+0000] {dag.py:3096} INFO - Sync 1 DAGs
[2025-10-02T23:07:41.375+0000] {logging_mixin.py:188} INFO - [2025-10-02T23:07:41.375+0000] {dag.py:3954} INFO - Setting next_dagrun for example_setup_teardown to 2025-10-01 00:00:00+00:00, run_after=2025-10-02 00:00:00+00:00
[2025-10-02T23:07:41.403+0000] {processor.py:183} INFO - Processing /home/airflow/.local/lib/python3.12/site-packages/airflow/example_dags/example_setup_teardown.py took 0.108 seconds
[2025-10-02T23:08:12.131+0000] {processor.py:161} INFO - Started process (PID=1752) to work on /home/airflow/.local/lib/python3.12/site-packages/airflow/example_dags/example_setup_teardown.py
[2025-10-02T23:08:12.133+0000] {processor.py:830} INFO - Processing file /home/airflow/.local/lib/python3.12/site-packages/airflow/example_dags/example_setup_teardown.py for tasks to queue
[2025-10-02T23:08:12.137+0000] {logging_mixin.py:188} INFO - [2025-10-02T23:08:12.136+0000] {dagbag.py:545} INFO - Filling up the DagBag from /home/airflow/.local/lib/python3.12/site-packages/airflow/example_dags/example_setup_teardown.py
[2025-10-02T23:08:12.148+0000] {processor.py:840} INFO - DAG(s) 'example_setup_teardown' retrieved from /home/airflow/.local/lib/python3.12/site-packages/airflow/example_dags/example_setup_teardown.py
[2025-10-02T23:08:12.191+0000] {logging_mixin.py:188} INFO - [2025-10-02T23:08:12.191+0000] {dag.py:3096} INFO - Sync 1 DAGs
[2025-10-02T23:08:12.230+0000] {logging_mixin.py:188} INFO - [2025-10-02T23:08:12.229+0000] {dag.py:3954} INFO - Setting next_dagrun for example_setup_teardown to 2025-10-01 00:00:00+00:00, run_after=2025-10-02 00:00:00+00:00
[2025-10-02T23:08:12.263+0000] {processor.py:183} INFO - Processing /home/airflow/.local/lib/python3.12/site-packages/airflow/example_dags/example_setup_teardown.py took 0.142 seconds
[2025-10-02T23:08:42.390+0000] {processor.py:161} INFO - Started process (PID=1805) to work on /home/airflow/.local/lib/python3.12/site-packages/airflow/example_dags/example_setup_teardown.py
[2025-10-02T23:08:42.392+0000] {processor.py:830} INFO - Processing file /home/airflow/.local/lib/python3.12/site-packages/airflow/example_dags/example_setup_teardown.py for tasks to queue
[2025-10-02T23:08:42.397+0000] {logging_mixin.py:188} INFO - [2025-10-02T23:08:42.396+0000] {dagbag.py:545} INFO - Filling up the DagBag from /home/airflow/.local/lib/python3.12/site-packages/airflow/example_dags/example_setup_teardown.py
[2025-10-02T23:08:42.411+0000] {processor.py:840} INFO - DAG(s) 'example_setup_teardown' retrieved from /home/airflow/.local/lib/python3.12/site-packages/airflow/example_dags/example_setup_teardown.py
[2025-10-02T23:08:42.451+0000] {logging_mixin.py:188} INFO - [2025-10-02T23:08:42.451+0000] {dag.py:3096} INFO - Sync 1 DAGs
[2025-10-02T23:08:42.480+0000] {logging_mixin.py:188} INFO - [2025-10-02T23:08:42.479+0000] {dag.py:3954} INFO - Setting next_dagrun for example_setup_teardown to 2025-10-01 00:00:00+00:00, run_after=2025-10-02 00:00:00+00:00
[2025-10-02T23:08:42.504+0000] {processor.py:183} INFO - Processing /home/airflow/.local/lib/python3.12/site-packages/airflow/example_dags/example_setup_teardown.py took 0.126 seconds
[2025-10-02T23:09:13.029+0000] {processor.py:161} INFO - Started process (PID=1858) to work on /home/airflow/.local/lib/python3.12/site-packages/airflow/example_dags/example_setup_teardown.py
[2025-10-02T23:09:13.031+0000] {processor.py:830} INFO - Processing file /home/airflow/.local/lib/python3.12/site-packages/airflow/example_dags/example_setup_teardown.py for tasks to queue
[2025-10-02T23:09:13.034+0000] {logging_mixin.py:188} INFO - [2025-10-02T23:09:13.033+0000] {dagbag.py:545} INFO - Filling up the DagBag from /home/airflow/.local/lib/python3.12/site-packages/airflow/example_dags/example_setup_teardown.py
[2025-10-02T23:09:13.045+0000] {processor.py:840} INFO - DAG(s) 'example_setup_teardown' retrieved from /home/airflow/.local/lib/python3.12/site-packages/airflow/example_dags/example_setup_teardown.py
[2025-10-02T23:09:13.073+0000] {logging_mixin.py:188} INFO - [2025-10-02T23:09:13.073+0000] {dag.py:3096} INFO - Sync 1 DAGs
[2025-10-02T23:09:13.101+0000] {logging_mixin.py:188} INFO - [2025-10-02T23:09:13.101+0000] {dag.py:3954} INFO - Setting next_dagrun for example_setup_teardown to 2025-10-01 00:00:00+00:00, run_after=2025-10-02 00:00:00+00:00
[2025-10-02T23:09:13.124+0000] {processor.py:183} INFO - Processing /home/airflow/.local/lib/python3.12/site-packages/airflow/example_dags/example_setup_teardown.py took 0.104 seconds
[2025-10-02T23:09:43.834+0000] {processor.py:161} INFO - Started process (PID=1911) to work on /home/airflow/.local/lib/python3.12/site-packages/airflow/example_dags/example_setup_teardown.py
[2025-10-02T23:09:43.838+0000] {processor.py:830} INFO - Processing file /home/airflow/.local/lib/python3.12/site-packages/airflow/example_dags/example_setup_teardown.py for tasks to queue
[2025-10-02T23:09:43.841+0000] {logging_mixin.py:188} INFO - [2025-10-02T23:09:43.841+0000] {dagbag.py:545} INFO - Filling up the DagBag from /home/airflow/.local/lib/python3.12/site-packages/airflow/example_dags/example_setup_teardown.py
[2025-10-02T23:09:43.852+0000] {processor.py:840} INFO - DAG(s) 'example_setup_teardown' retrieved from /home/airflow/.local/lib/python3.12/site-packages/airflow/example_dags/example_setup_teardown.py
[2025-10-02T23:09:43.889+0000] {logging_mixin.py:188} INFO - [2025-10-02T23:09:43.889+0000] {dag.py:3096} INFO - Sync 1 DAGs
[2025-10-02T23:09:43.926+0000] {logging_mixin.py:188} INFO - [2025-10-02T23:09:43.926+0000] {dag.py:3954} INFO - Setting next_dagrun for example_setup_teardown to 2025-10-01 00:00:00+00:00, run_after=2025-10-02 00:00:00+00:00
[2025-10-02T23:09:43.952+0000] {processor.py:183} INFO - Processing /home/airflow/.local/lib/python3.12/site-packages/airflow/example_dags/example_setup_teardown.py took 0.128 seconds
[2025-10-02T23:10:14.330+0000] {processor.py:161} INFO - Started process (PID=1964) to work on /home/airflow/.local/lib/python3.12/site-packages/airflow/example_dags/example_setup_teardown.py
[2025-10-02T23:10:14.333+0000] {processor.py:830} INFO - Processing file /home/airflow/.local/lib/python3.12/site-packages/airflow/example_dags/example_setup_teardown.py for tasks to queue
[2025-10-02T23:10:14.337+0000] {logging_mixin.py:188} INFO - [2025-10-02T23:10:14.336+0000] {dagbag.py:545} INFO - Filling up the DagBag from /home/airflow/.local/lib/python3.12/site-packages/airflow/example_dags/example_setup_teardown.py
[2025-10-02T23:10:14.353+0000] {processor.py:840} INFO - DAG(s) 'example_setup_teardown' retrieved from /home/airflow/.local/lib/python3.12/site-packages/airflow/example_dags/example_setup_teardown.py
[2025-10-02T23:10:14.402+0000] {logging_mixin.py:188} INFO - [2025-10-02T23:10:14.401+0000] {dag.py:3096} INFO - Sync 1 DAGs
[2025-10-02T23:10:14.437+0000] {logging_mixin.py:188} INFO - [2025-10-02T23:10:14.437+0000] {dag.py:3954} INFO - Setting next_dagrun for example_setup_teardown to 2025-10-01 00:00:00+00:00, run_after=2025-10-02 00:00:00+00:00
[2025-10-02T23:10:14.466+0000] {processor.py:183} INFO - Processing /home/airflow/.local/lib/python3.12/site-packages/airflow/example_dags/example_setup_teardown.py took 0.149 seconds
