[2025-10-02T22:50:35.662+0000] {processor.py:161} INFO - Started process (PID=39) to work on /home/airflow/.local/lib/python3.12/site-packages/airflow/example_dags/example_branch_datetime_operator.py
[2025-10-02T22:50:35.664+0000] {processor.py:830} INFO - Processing file /home/airflow/.local/lib/python3.12/site-packages/airflow/example_dags/example_branch_datetime_operator.py for tasks to queue
[2025-10-02T22:50:35.669+0000] {logging_mixin.py:188} INFO - [2025-10-02T22:50:35.667+0000] {dagbag.py:545} INFO - Filling up the DagBag from /home/airflow/.local/lib/python3.12/site-packages/airflow/example_dags/example_branch_datetime_operator.py
[2025-10-02T22:50:35.700+0000] {processor.py:840} INFO - DAG(s) 'example_branch_datetime_operator', 'example_branch_datetime_operator_3', 'example_branch_datetime_operator_2' retrieved from /home/airflow/.local/lib/python3.12/site-packages/airflow/example_dags/example_branch_datetime_operator.py
[2025-10-02T22:50:35.887+0000] {logging_mixin.py:188} INFO - [2025-10-02T22:50:35.886+0000] {override.py:1829} INFO - Created Permission View: can delete on DAG:example_branch_datetime_operator
[2025-10-02T22:50:35.902+0000] {logging_mixin.py:188} INFO - [2025-10-02T22:50:35.901+0000] {override.py:1829} INFO - Created Permission View: can edit on DAG:example_branch_datetime_operator
[2025-10-02T22:50:35.913+0000] {logging_mixin.py:188} INFO - [2025-10-02T22:50:35.912+0000] {override.py:1829} INFO - Created Permission View: can read on DAG:example_branch_datetime_operator
[2025-10-02T22:50:35.935+0000] {logging_mixin.py:188} INFO - [2025-10-02T22:50:35.935+0000] {override.py:1829} INFO - Created Permission View: can delete on DAG:example_branch_datetime_operator_3
[2025-10-02T22:50:35.949+0000] {logging_mixin.py:188} INFO - [2025-10-02T22:50:35.949+0000] {override.py:1829} INFO - Created Permission View: can edit on DAG:example_branch_datetime_operator_3
[2025-10-02T22:50:35.959+0000] {logging_mixin.py:188} INFO - [2025-10-02T22:50:35.958+0000] {override.py:1829} INFO - Created Permission View: can read on DAG:example_branch_datetime_operator_3
[2025-10-02T22:50:35.977+0000] {logging_mixin.py:188} INFO - [2025-10-02T22:50:35.976+0000] {override.py:1829} INFO - Created Permission View: can delete on DAG:example_branch_datetime_operator_2
[2025-10-02T22:50:35.987+0000] {logging_mixin.py:188} INFO - [2025-10-02T22:50:35.987+0000] {override.py:1829} INFO - Created Permission View: can edit on DAG:example_branch_datetime_operator_2
[2025-10-02T22:50:35.997+0000] {logging_mixin.py:188} INFO - [2025-10-02T22:50:35.997+0000] {override.py:1829} INFO - Created Permission View: can read on DAG:example_branch_datetime_operator_2
[2025-10-02T22:50:35.998+0000] {logging_mixin.py:188} INFO - [2025-10-02T22:50:35.998+0000] {dag.py:3096} INFO - Sync 3 DAGs
[2025-10-02T22:50:36.018+0000] {logging_mixin.py:188} INFO - [2025-10-02T22:50:36.017+0000] {dag.py:3118} INFO - Creating ORM DAG for example_branch_datetime_operator
[2025-10-02T22:50:36.019+0000] {logging_mixin.py:188} INFO - [2025-10-02T22:50:36.019+0000] {dag.py:3118} INFO - Creating ORM DAG for example_branch_datetime_operator_3
[2025-10-02T22:50:36.021+0000] {logging_mixin.py:188} INFO - [2025-10-02T22:50:36.021+0000] {dag.py:3118} INFO - Creating ORM DAG for example_branch_datetime_operator_2
[2025-10-02T22:50:36.037+0000] {logging_mixin.py:188} INFO - [2025-10-02T22:50:36.036+0000] {dag.py:3954} INFO - Setting next_dagrun for example_branch_datetime_operator to 2025-10-01 00:00:00+00:00, run_after=2025-10-02 00:00:00+00:00
[2025-10-02T22:50:36.039+0000] {logging_mixin.py:188} INFO - [2025-10-02T22:50:36.039+0000] {dag.py:3954} INFO - Setting next_dagrun for example_branch_datetime_operator_2 to 2025-10-01 00:00:00+00:00, run_after=2025-10-02 00:00:00+00:00
[2025-10-02T22:50:36.042+0000] {logging_mixin.py:188} INFO - [2025-10-02T22:50:36.042+0000] {dag.py:3954} INFO - Setting next_dagrun for example_branch_datetime_operator_3 to 2025-10-01 00:00:00+00:00, run_after=2025-10-02 00:00:00+00:00
[2025-10-02T22:50:36.074+0000] {processor.py:183} INFO - Processing /home/airflow/.local/lib/python3.12/site-packages/airflow/example_dags/example_branch_datetime_operator.py took 0.426 seconds
[2025-10-02T22:51:49.170+0000] {processor.py:161} INFO - Started process (PID=39) to work on /home/airflow/.local/lib/python3.12/site-packages/airflow/example_dags/example_branch_datetime_operator.py
[2025-10-02T22:51:49.173+0000] {processor.py:830} INFO - Processing file /home/airflow/.local/lib/python3.12/site-packages/airflow/example_dags/example_branch_datetime_operator.py for tasks to queue
[2025-10-02T22:51:49.183+0000] {logging_mixin.py:188} INFO - [2025-10-02T22:51:49.178+0000] {dagbag.py:545} INFO - Filling up the DagBag from /home/airflow/.local/lib/python3.12/site-packages/airflow/example_dags/example_branch_datetime_operator.py
[2025-10-02T22:51:49.229+0000] {processor.py:840} INFO - DAG(s) 'example_branch_datetime_operator_2', 'example_branch_datetime_operator', 'example_branch_datetime_operator_3' retrieved from /home/airflow/.local/lib/python3.12/site-packages/airflow/example_dags/example_branch_datetime_operator.py
[2025-10-02T22:51:49.268+0000] {logging_mixin.py:188} INFO - [2025-10-02T22:51:49.268+0000] {dag.py:3096} INFO - Sync 3 DAGs
[2025-10-02T22:51:49.323+0000] {logging_mixin.py:188} INFO - [2025-10-02T22:51:49.323+0000] {dag.py:3954} INFO - Setting next_dagrun for example_branch_datetime_operator to 2025-10-01 00:00:00+00:00, run_after=2025-10-02 00:00:00+00:00
[2025-10-02T22:51:49.333+0000] {logging_mixin.py:188} INFO - [2025-10-02T22:51:49.333+0000] {dag.py:3954} INFO - Setting next_dagrun for example_branch_datetime_operator_2 to 2025-10-01 00:00:00+00:00, run_after=2025-10-02 00:00:00+00:00
[2025-10-02T22:51:49.338+0000] {logging_mixin.py:188} INFO - [2025-10-02T22:51:49.338+0000] {dag.py:3954} INFO - Setting next_dagrun for example_branch_datetime_operator_3 to 2025-10-01 00:00:00+00:00, run_after=2025-10-02 00:00:00+00:00
[2025-10-02T22:51:49.371+0000] {processor.py:183} INFO - Processing /home/airflow/.local/lib/python3.12/site-packages/airflow/example_dags/example_branch_datetime_operator.py took 0.224 seconds
[2025-10-02T22:52:20.131+0000] {processor.py:161} INFO - Started process (PID=92) to work on /home/airflow/.local/lib/python3.12/site-packages/airflow/example_dags/example_branch_datetime_operator.py
[2025-10-02T22:52:20.133+0000] {processor.py:830} INFO - Processing file /home/airflow/.local/lib/python3.12/site-packages/airflow/example_dags/example_branch_datetime_operator.py for tasks to queue
[2025-10-02T22:52:20.137+0000] {logging_mixin.py:188} INFO - [2025-10-02T22:52:20.136+0000] {dagbag.py:545} INFO - Filling up the DagBag from /home/airflow/.local/lib/python3.12/site-packages/airflow/example_dags/example_branch_datetime_operator.py
[2025-10-02T22:52:20.161+0000] {processor.py:840} INFO - DAG(s) 'example_branch_datetime_operator', 'example_branch_datetime_operator_2', 'example_branch_datetime_operator_3' retrieved from /home/airflow/.local/lib/python3.12/site-packages/airflow/example_dags/example_branch_datetime_operator.py
[2025-10-02T22:52:20.192+0000] {logging_mixin.py:188} INFO - [2025-10-02T22:52:20.191+0000] {dag.py:3096} INFO - Sync 3 DAGs
[2025-10-02T22:52:20.240+0000] {logging_mixin.py:188} INFO - [2025-10-02T22:52:20.239+0000] {dag.py:3954} INFO - Setting next_dagrun for example_branch_datetime_operator to 2025-10-01 00:00:00+00:00, run_after=2025-10-02 00:00:00+00:00
[2025-10-02T22:52:20.255+0000] {logging_mixin.py:188} INFO - [2025-10-02T22:52:20.255+0000] {dag.py:3954} INFO - Setting next_dagrun for example_branch_datetime_operator_2 to 2025-10-01 00:00:00+00:00, run_after=2025-10-02 00:00:00+00:00
[2025-10-02T22:52:20.260+0000] {logging_mixin.py:188} INFO - [2025-10-02T22:52:20.260+0000] {dag.py:3954} INFO - Setting next_dagrun for example_branch_datetime_operator_3 to 2025-10-01 00:00:00+00:00, run_after=2025-10-02 00:00:00+00:00
[2025-10-02T22:52:20.291+0000] {processor.py:183} INFO - Processing /home/airflow/.local/lib/python3.12/site-packages/airflow/example_dags/example_branch_datetime_operator.py took 0.172 seconds
[2025-10-02T22:52:50.505+0000] {processor.py:161} INFO - Started process (PID=145) to work on /home/airflow/.local/lib/python3.12/site-packages/airflow/example_dags/example_branch_datetime_operator.py
[2025-10-02T22:52:50.507+0000] {processor.py:830} INFO - Processing file /home/airflow/.local/lib/python3.12/site-packages/airflow/example_dags/example_branch_datetime_operator.py for tasks to queue
[2025-10-02T22:52:50.509+0000] {logging_mixin.py:188} INFO - [2025-10-02T22:52:50.509+0000] {dagbag.py:545} INFO - Filling up the DagBag from /home/airflow/.local/lib/python3.12/site-packages/airflow/example_dags/example_branch_datetime_operator.py
[2025-10-02T22:52:50.523+0000] {processor.py:840} INFO - DAG(s) 'example_branch_datetime_operator', 'example_branch_datetime_operator_3', 'example_branch_datetime_operator_2' retrieved from /home/airflow/.local/lib/python3.12/site-packages/airflow/example_dags/example_branch_datetime_operator.py
[2025-10-02T22:52:50.702+0000] {logging_mixin.py:188} INFO - [2025-10-02T22:52:50.701+0000] {dag.py:3096} INFO - Sync 3 DAGs
[2025-10-02T22:52:50.735+0000] {logging_mixin.py:188} INFO - [2025-10-02T22:52:50.735+0000] {dag.py:3954} INFO - Setting next_dagrun for example_branch_datetime_operator to 2025-10-01 00:00:00+00:00, run_after=2025-10-02 00:00:00+00:00
[2025-10-02T22:52:50.740+0000] {logging_mixin.py:188} INFO - [2025-10-02T22:52:50.740+0000] {dag.py:3954} INFO - Setting next_dagrun for example_branch_datetime_operator_2 to 2025-10-01 00:00:00+00:00, run_after=2025-10-02 00:00:00+00:00
[2025-10-02T22:52:50.744+0000] {logging_mixin.py:188} INFO - [2025-10-02T22:52:50.744+0000] {dag.py:3954} INFO - Setting next_dagrun for example_branch_datetime_operator_3 to 2025-10-01 00:00:00+00:00, run_after=2025-10-02 00:00:00+00:00
[2025-10-02T22:52:50.770+0000] {processor.py:183} INFO - Processing /home/airflow/.local/lib/python3.12/site-packages/airflow/example_dags/example_branch_datetime_operator.py took 0.273 seconds
[2025-10-02T22:53:21.533+0000] {processor.py:161} INFO - Started process (PID=198) to work on /home/airflow/.local/lib/python3.12/site-packages/airflow/example_dags/example_branch_datetime_operator.py
[2025-10-02T22:53:21.535+0000] {processor.py:830} INFO - Processing file /home/airflow/.local/lib/python3.12/site-packages/airflow/example_dags/example_branch_datetime_operator.py for tasks to queue
[2025-10-02T22:53:21.538+0000] {logging_mixin.py:188} INFO - [2025-10-02T22:53:21.538+0000] {dagbag.py:545} INFO - Filling up the DagBag from /home/airflow/.local/lib/python3.12/site-packages/airflow/example_dags/example_branch_datetime_operator.py
[2025-10-02T22:53:21.554+0000] {processor.py:840} INFO - DAG(s) 'example_branch_datetime_operator', 'example_branch_datetime_operator_2', 'example_branch_datetime_operator_3' retrieved from /home/airflow/.local/lib/python3.12/site-packages/airflow/example_dags/example_branch_datetime_operator.py
[2025-10-02T22:53:21.595+0000] {logging_mixin.py:188} INFO - [2025-10-02T22:53:21.595+0000] {dag.py:3096} INFO - Sync 3 DAGs
[2025-10-02T22:53:21.632+0000] {logging_mixin.py:188} INFO - [2025-10-02T22:53:21.632+0000] {dag.py:3954} INFO - Setting next_dagrun for example_branch_datetime_operator to 2025-10-01 00:00:00+00:00, run_after=2025-10-02 00:00:00+00:00
[2025-10-02T22:53:21.640+0000] {logging_mixin.py:188} INFO - [2025-10-02T22:53:21.640+0000] {dag.py:3954} INFO - Setting next_dagrun for example_branch_datetime_operator_2 to 2025-10-01 00:00:00+00:00, run_after=2025-10-02 00:00:00+00:00
[2025-10-02T22:53:21.646+0000] {logging_mixin.py:188} INFO - [2025-10-02T22:53:21.646+0000] {dag.py:3954} INFO - Setting next_dagrun for example_branch_datetime_operator_3 to 2025-10-01 00:00:00+00:00, run_after=2025-10-02 00:00:00+00:00
[2025-10-02T22:53:21.674+0000] {processor.py:183} INFO - Processing /home/airflow/.local/lib/python3.12/site-packages/airflow/example_dags/example_branch_datetime_operator.py took 0.151 seconds
[2025-10-02T22:53:53.035+0000] {processor.py:161} INFO - Started process (PID=252) to work on /home/airflow/.local/lib/python3.12/site-packages/airflow/example_dags/example_branch_datetime_operator.py
[2025-10-02T22:53:53.047+0000] {processor.py:830} INFO - Processing file /home/airflow/.local/lib/python3.12/site-packages/airflow/example_dags/example_branch_datetime_operator.py for tasks to queue
[2025-10-02T22:53:53.056+0000] {logging_mixin.py:188} INFO - [2025-10-02T22:53:53.055+0000] {dagbag.py:545} INFO - Filling up the DagBag from /home/airflow/.local/lib/python3.12/site-packages/airflow/example_dags/example_branch_datetime_operator.py
[2025-10-02T22:53:53.110+0000] {processor.py:840} INFO - DAG(s) 'example_branch_datetime_operator', 'example_branch_datetime_operator_2', 'example_branch_datetime_operator_3' retrieved from /home/airflow/.local/lib/python3.12/site-packages/airflow/example_dags/example_branch_datetime_operator.py
[2025-10-02T22:53:53.143+0000] {logging_mixin.py:188} INFO - [2025-10-02T22:53:53.142+0000] {dag.py:3096} INFO - Sync 3 DAGs
[2025-10-02T22:53:53.194+0000] {logging_mixin.py:188} INFO - [2025-10-02T22:53:53.193+0000] {dag.py:3954} INFO - Setting next_dagrun for example_branch_datetime_operator to 2025-10-01 00:00:00+00:00, run_after=2025-10-02 00:00:00+00:00
[2025-10-02T22:53:53.206+0000] {logging_mixin.py:188} INFO - [2025-10-02T22:53:53.205+0000] {dag.py:3954} INFO - Setting next_dagrun for example_branch_datetime_operator_2 to 2025-10-01 00:00:00+00:00, run_after=2025-10-02 00:00:00+00:00
[2025-10-02T22:53:53.210+0000] {logging_mixin.py:188} INFO - [2025-10-02T22:53:53.210+0000] {dag.py:3954} INFO - Setting next_dagrun for example_branch_datetime_operator_3 to 2025-10-01 00:00:00+00:00, run_after=2025-10-02 00:00:00+00:00
[2025-10-02T22:53:53.236+0000] {processor.py:183} INFO - Processing /home/airflow/.local/lib/python3.12/site-packages/airflow/example_dags/example_branch_datetime_operator.py took 0.217 seconds
[2025-10-02T22:54:23.461+0000] {processor.py:161} INFO - Started process (PID=305) to work on /home/airflow/.local/lib/python3.12/site-packages/airflow/example_dags/example_branch_datetime_operator.py
[2025-10-02T22:54:23.464+0000] {processor.py:830} INFO - Processing file /home/airflow/.local/lib/python3.12/site-packages/airflow/example_dags/example_branch_datetime_operator.py for tasks to queue
[2025-10-02T22:54:23.469+0000] {logging_mixin.py:188} INFO - [2025-10-02T22:54:23.468+0000] {dagbag.py:545} INFO - Filling up the DagBag from /home/airflow/.local/lib/python3.12/site-packages/airflow/example_dags/example_branch_datetime_operator.py
[2025-10-02T22:54:23.502+0000] {processor.py:840} INFO - DAG(s) 'example_branch_datetime_operator_2', 'example_branch_datetime_operator_3', 'example_branch_datetime_operator' retrieved from /home/airflow/.local/lib/python3.12/site-packages/airflow/example_dags/example_branch_datetime_operator.py
[2025-10-02T22:54:23.760+0000] {logging_mixin.py:188} INFO - [2025-10-02T22:54:23.760+0000] {dag.py:3096} INFO - Sync 3 DAGs
[2025-10-02T22:54:23.808+0000] {logging_mixin.py:188} INFO - [2025-10-02T22:54:23.808+0000] {dag.py:3954} INFO - Setting next_dagrun for example_branch_datetime_operator to 2025-10-01 00:00:00+00:00, run_after=2025-10-02 00:00:00+00:00
[2025-10-02T22:54:23.818+0000] {logging_mixin.py:188} INFO - [2025-10-02T22:54:23.817+0000] {dag.py:3954} INFO - Setting next_dagrun for example_branch_datetime_operator_2 to 2025-10-01 00:00:00+00:00, run_after=2025-10-02 00:00:00+00:00
[2025-10-02T22:54:23.824+0000] {logging_mixin.py:188} INFO - [2025-10-02T22:54:23.824+0000] {dag.py:3954} INFO - Setting next_dagrun for example_branch_datetime_operator_3 to 2025-10-01 00:00:00+00:00, run_after=2025-10-02 00:00:00+00:00
[2025-10-02T22:54:23.855+0000] {processor.py:183} INFO - Processing /home/airflow/.local/lib/python3.12/site-packages/airflow/example_dags/example_branch_datetime_operator.py took 0.417 seconds
[2025-10-02T22:54:54.445+0000] {processor.py:161} INFO - Started process (PID=358) to work on /home/airflow/.local/lib/python3.12/site-packages/airflow/example_dags/example_branch_datetime_operator.py
[2025-10-02T22:54:54.447+0000] {processor.py:830} INFO - Processing file /home/airflow/.local/lib/python3.12/site-packages/airflow/example_dags/example_branch_datetime_operator.py for tasks to queue
[2025-10-02T22:54:54.450+0000] {logging_mixin.py:188} INFO - [2025-10-02T22:54:54.449+0000] {dagbag.py:545} INFO - Filling up the DagBag from /home/airflow/.local/lib/python3.12/site-packages/airflow/example_dags/example_branch_datetime_operator.py
[2025-10-02T22:54:54.465+0000] {processor.py:840} INFO - DAG(s) 'example_branch_datetime_operator_3', 'example_branch_datetime_operator_2', 'example_branch_datetime_operator' retrieved from /home/airflow/.local/lib/python3.12/site-packages/airflow/example_dags/example_branch_datetime_operator.py
[2025-10-02T22:54:54.502+0000] {logging_mixin.py:188} INFO - [2025-10-02T22:54:54.501+0000] {dag.py:3096} INFO - Sync 3 DAGs
[2025-10-02T22:54:54.534+0000] {logging_mixin.py:188} INFO - [2025-10-02T22:54:54.534+0000] {dag.py:3954} INFO - Setting next_dagrun for example_branch_datetime_operator to 2025-10-01 00:00:00+00:00, run_after=2025-10-02 00:00:00+00:00
[2025-10-02T22:54:54.540+0000] {logging_mixin.py:188} INFO - [2025-10-02T22:54:54.540+0000] {dag.py:3954} INFO - Setting next_dagrun for example_branch_datetime_operator_2 to 2025-10-01 00:00:00+00:00, run_after=2025-10-02 00:00:00+00:00
[2025-10-02T22:54:54.543+0000] {logging_mixin.py:188} INFO - [2025-10-02T22:54:54.543+0000] {dag.py:3954} INFO - Setting next_dagrun for example_branch_datetime_operator_3 to 2025-10-01 00:00:00+00:00, run_after=2025-10-02 00:00:00+00:00
[2025-10-02T22:54:54.565+0000] {processor.py:183} INFO - Processing /home/airflow/.local/lib/python3.12/site-packages/airflow/example_dags/example_branch_datetime_operator.py took 0.128 seconds
[2025-10-02T22:55:24.900+0000] {processor.py:161} INFO - Started process (PID=411) to work on /home/airflow/.local/lib/python3.12/site-packages/airflow/example_dags/example_branch_datetime_operator.py
[2025-10-02T22:55:24.905+0000] {processor.py:830} INFO - Processing file /home/airflow/.local/lib/python3.12/site-packages/airflow/example_dags/example_branch_datetime_operator.py for tasks to queue
[2025-10-02T22:55:24.916+0000] {logging_mixin.py:188} INFO - [2025-10-02T22:55:24.916+0000] {dagbag.py:545} INFO - Filling up the DagBag from /home/airflow/.local/lib/python3.12/site-packages/airflow/example_dags/example_branch_datetime_operator.py
[2025-10-02T22:55:24.951+0000] {processor.py:840} INFO - DAG(s) 'example_branch_datetime_operator', 'example_branch_datetime_operator_3', 'example_branch_datetime_operator_2' retrieved from /home/airflow/.local/lib/python3.12/site-packages/airflow/example_dags/example_branch_datetime_operator.py
[2025-10-02T22:55:25.035+0000] {logging_mixin.py:188} INFO - [2025-10-02T22:55:25.034+0000] {dag.py:3096} INFO - Sync 3 DAGs
[2025-10-02T22:55:25.097+0000] {logging_mixin.py:188} INFO - [2025-10-02T22:55:25.097+0000] {dag.py:3954} INFO - Setting next_dagrun for example_branch_datetime_operator to 2025-10-01 00:00:00+00:00, run_after=2025-10-02 00:00:00+00:00
[2025-10-02T22:55:25.113+0000] {logging_mixin.py:188} INFO - [2025-10-02T22:55:25.113+0000] {dag.py:3954} INFO - Setting next_dagrun for example_branch_datetime_operator_2 to 2025-10-01 00:00:00+00:00, run_after=2025-10-02 00:00:00+00:00
[2025-10-02T22:55:25.118+0000] {logging_mixin.py:188} INFO - [2025-10-02T22:55:25.118+0000] {dag.py:3954} INFO - Setting next_dagrun for example_branch_datetime_operator_3 to 2025-10-01 00:00:00+00:00, run_after=2025-10-02 00:00:00+00:00
[2025-10-02T22:55:25.152+0000] {processor.py:183} INFO - Processing /home/airflow/.local/lib/python3.12/site-packages/airflow/example_dags/example_branch_datetime_operator.py took 0.268 seconds
[2025-10-02T22:55:56.035+0000] {processor.py:161} INFO - Started process (PID=469) to work on /home/airflow/.local/lib/python3.12/site-packages/airflow/example_dags/example_branch_datetime_operator.py
[2025-10-02T22:55:56.036+0000] {processor.py:830} INFO - Processing file /home/airflow/.local/lib/python3.12/site-packages/airflow/example_dags/example_branch_datetime_operator.py for tasks to queue
[2025-10-02T22:55:56.039+0000] {logging_mixin.py:188} INFO - [2025-10-02T22:55:56.039+0000] {dagbag.py:545} INFO - Filling up the DagBag from /home/airflow/.local/lib/python3.12/site-packages/airflow/example_dags/example_branch_datetime_operator.py
[2025-10-02T22:55:56.053+0000] {processor.py:840} INFO - DAG(s) 'example_branch_datetime_operator_2', 'example_branch_datetime_operator_3', 'example_branch_datetime_operator' retrieved from /home/airflow/.local/lib/python3.12/site-packages/airflow/example_dags/example_branch_datetime_operator.py
[2025-10-02T22:55:56.095+0000] {logging_mixin.py:188} INFO - [2025-10-02T22:55:56.095+0000] {dag.py:3096} INFO - Sync 3 DAGs
[2025-10-02T22:55:56.130+0000] {logging_mixin.py:188} INFO - [2025-10-02T22:55:56.130+0000] {dag.py:3954} INFO - Setting next_dagrun for example_branch_datetime_operator to 2025-10-01 00:00:00+00:00, run_after=2025-10-02 00:00:00+00:00
[2025-10-02T22:55:56.137+0000] {logging_mixin.py:188} INFO - [2025-10-02T22:55:56.137+0000] {dag.py:3954} INFO - Setting next_dagrun for example_branch_datetime_operator_2 to 2025-10-01 00:00:00+00:00, run_after=2025-10-02 00:00:00+00:00
[2025-10-02T22:55:56.142+0000] {logging_mixin.py:188} INFO - [2025-10-02T22:55:56.142+0000] {dag.py:3954} INFO - Setting next_dagrun for example_branch_datetime_operator_3 to 2025-10-01 00:00:00+00:00, run_after=2025-10-02 00:00:00+00:00
[2025-10-02T22:55:56.170+0000] {processor.py:183} INFO - Processing /home/airflow/.local/lib/python3.12/site-packages/airflow/example_dags/example_branch_datetime_operator.py took 0.143 seconds
[2025-10-02T22:56:26.474+0000] {processor.py:161} INFO - Started process (PID=522) to work on /home/airflow/.local/lib/python3.12/site-packages/airflow/example_dags/example_branch_datetime_operator.py
[2025-10-02T22:56:26.478+0000] {processor.py:830} INFO - Processing file /home/airflow/.local/lib/python3.12/site-packages/airflow/example_dags/example_branch_datetime_operator.py for tasks to queue
[2025-10-02T22:56:26.482+0000] {logging_mixin.py:188} INFO - [2025-10-02T22:56:26.482+0000] {dagbag.py:545} INFO - Filling up the DagBag from /home/airflow/.local/lib/python3.12/site-packages/airflow/example_dags/example_branch_datetime_operator.py
[2025-10-02T22:56:26.500+0000] {processor.py:840} INFO - DAG(s) 'example_branch_datetime_operator_2', 'example_branch_datetime_operator_3', 'example_branch_datetime_operator' retrieved from /home/airflow/.local/lib/python3.12/site-packages/airflow/example_dags/example_branch_datetime_operator.py
[2025-10-02T22:56:26.547+0000] {logging_mixin.py:188} INFO - [2025-10-02T22:56:26.546+0000] {dag.py:3096} INFO - Sync 3 DAGs
[2025-10-02T22:56:26.603+0000] {logging_mixin.py:188} INFO - [2025-10-02T22:56:26.603+0000] {dag.py:3954} INFO - Setting next_dagrun for example_branch_datetime_operator to 2025-10-01 00:00:00+00:00, run_after=2025-10-02 00:00:00+00:00
[2025-10-02T22:56:26.614+0000] {logging_mixin.py:188} INFO - [2025-10-02T22:56:26.613+0000] {dag.py:3954} INFO - Setting next_dagrun for example_branch_datetime_operator_2 to 2025-10-01 00:00:00+00:00, run_after=2025-10-02 00:00:00+00:00
[2025-10-02T22:56:26.618+0000] {logging_mixin.py:188} INFO - [2025-10-02T22:56:26.617+0000] {dag.py:3954} INFO - Setting next_dagrun for example_branch_datetime_operator_3 to 2025-10-01 00:00:00+00:00, run_after=2025-10-02 00:00:00+00:00
[2025-10-02T22:56:26.640+0000] {processor.py:183} INFO - Processing /home/airflow/.local/lib/python3.12/site-packages/airflow/example_dags/example_branch_datetime_operator.py took 0.177 seconds
[2025-10-02T22:56:56.691+0000] {processor.py:161} INFO - Started process (PID=575) to work on /home/airflow/.local/lib/python3.12/site-packages/airflow/example_dags/example_branch_datetime_operator.py
[2025-10-02T22:56:56.693+0000] {processor.py:830} INFO - Processing file /home/airflow/.local/lib/python3.12/site-packages/airflow/example_dags/example_branch_datetime_operator.py for tasks to queue
[2025-10-02T22:56:56.696+0000] {logging_mixin.py:188} INFO - [2025-10-02T22:56:56.696+0000] {dagbag.py:545} INFO - Filling up the DagBag from /home/airflow/.local/lib/python3.12/site-packages/airflow/example_dags/example_branch_datetime_operator.py
[2025-10-02T22:56:56.711+0000] {processor.py:840} INFO - DAG(s) 'example_branch_datetime_operator', 'example_branch_datetime_operator_3', 'example_branch_datetime_operator_2' retrieved from /home/airflow/.local/lib/python3.12/site-packages/airflow/example_dags/example_branch_datetime_operator.py
[2025-10-02T22:56:56.749+0000] {logging_mixin.py:188} INFO - [2025-10-02T22:56:56.748+0000] {dag.py:3096} INFO - Sync 3 DAGs
[2025-10-02T22:56:56.781+0000] {logging_mixin.py:188} INFO - [2025-10-02T22:56:56.780+0000] {dag.py:3954} INFO - Setting next_dagrun for example_branch_datetime_operator to 2025-10-01 00:00:00+00:00, run_after=2025-10-02 00:00:00+00:00
[2025-10-02T22:56:56.787+0000] {logging_mixin.py:188} INFO - [2025-10-02T22:56:56.787+0000] {dag.py:3954} INFO - Setting next_dagrun for example_branch_datetime_operator_2 to 2025-10-01 00:00:00+00:00, run_after=2025-10-02 00:00:00+00:00
[2025-10-02T22:56:56.790+0000] {logging_mixin.py:188} INFO - [2025-10-02T22:56:56.790+0000] {dag.py:3954} INFO - Setting next_dagrun for example_branch_datetime_operator_3 to 2025-10-01 00:00:00+00:00, run_after=2025-10-02 00:00:00+00:00
[2025-10-02T22:56:56.812+0000] {processor.py:183} INFO - Processing /home/airflow/.local/lib/python3.12/site-packages/airflow/example_dags/example_branch_datetime_operator.py took 0.128 seconds
[2025-10-02T22:57:26.984+0000] {processor.py:161} INFO - Started process (PID=627) to work on /home/airflow/.local/lib/python3.12/site-packages/airflow/example_dags/example_branch_datetime_operator.py
[2025-10-02T22:57:26.986+0000] {processor.py:830} INFO - Processing file /home/airflow/.local/lib/python3.12/site-packages/airflow/example_dags/example_branch_datetime_operator.py for tasks to queue
[2025-10-02T22:57:26.990+0000] {logging_mixin.py:188} INFO - [2025-10-02T22:57:26.989+0000] {dagbag.py:545} INFO - Filling up the DagBag from /home/airflow/.local/lib/python3.12/site-packages/airflow/example_dags/example_branch_datetime_operator.py
[2025-10-02T22:57:27.006+0000] {processor.py:840} INFO - DAG(s) 'example_branch_datetime_operator', 'example_branch_datetime_operator_3', 'example_branch_datetime_operator_2' retrieved from /home/airflow/.local/lib/python3.12/site-packages/airflow/example_dags/example_branch_datetime_operator.py
[2025-10-02T22:57:27.052+0000] {logging_mixin.py:188} INFO - [2025-10-02T22:57:27.051+0000] {dag.py:3096} INFO - Sync 3 DAGs
[2025-10-02T22:57:27.090+0000] {logging_mixin.py:188} INFO - [2025-10-02T22:57:27.089+0000] {dag.py:3954} INFO - Setting next_dagrun for example_branch_datetime_operator to 2025-10-01 00:00:00+00:00, run_after=2025-10-02 00:00:00+00:00
[2025-10-02T22:57:27.099+0000] {logging_mixin.py:188} INFO - [2025-10-02T22:57:27.099+0000] {dag.py:3954} INFO - Setting next_dagrun for example_branch_datetime_operator_2 to 2025-10-01 00:00:00+00:00, run_after=2025-10-02 00:00:00+00:00
[2025-10-02T22:57:27.104+0000] {logging_mixin.py:188} INFO - [2025-10-02T22:57:27.103+0000] {dag.py:3954} INFO - Setting next_dagrun for example_branch_datetime_operator_3 to 2025-10-01 00:00:00+00:00, run_after=2025-10-02 00:00:00+00:00
[2025-10-02T22:57:27.160+0000] {processor.py:183} INFO - Processing /home/airflow/.local/lib/python3.12/site-packages/airflow/example_dags/example_branch_datetime_operator.py took 0.186 seconds
[2025-10-02T22:57:57.266+0000] {processor.py:161} INFO - Started process (PID=680) to work on /home/airflow/.local/lib/python3.12/site-packages/airflow/example_dags/example_branch_datetime_operator.py
[2025-10-02T22:57:57.268+0000] {processor.py:830} INFO - Processing file /home/airflow/.local/lib/python3.12/site-packages/airflow/example_dags/example_branch_datetime_operator.py for tasks to queue
[2025-10-02T22:57:57.271+0000] {logging_mixin.py:188} INFO - [2025-10-02T22:57:57.270+0000] {dagbag.py:545} INFO - Filling up the DagBag from /home/airflow/.local/lib/python3.12/site-packages/airflow/example_dags/example_branch_datetime_operator.py
[2025-10-02T22:57:57.286+0000] {processor.py:840} INFO - DAG(s) 'example_branch_datetime_operator_2', 'example_branch_datetime_operator_3', 'example_branch_datetime_operator' retrieved from /home/airflow/.local/lib/python3.12/site-packages/airflow/example_dags/example_branch_datetime_operator.py
[2025-10-02T22:57:57.306+0000] {logging_mixin.py:188} INFO - [2025-10-02T22:57:57.306+0000] {dag.py:3096} INFO - Sync 3 DAGs
[2025-10-02T22:57:57.338+0000] {logging_mixin.py:188} INFO - [2025-10-02T22:57:57.338+0000] {dag.py:3954} INFO - Setting next_dagrun for example_branch_datetime_operator to 2025-10-01 00:00:00+00:00, run_after=2025-10-02 00:00:00+00:00
[2025-10-02T22:57:57.348+0000] {logging_mixin.py:188} INFO - [2025-10-02T22:57:57.348+0000] {dag.py:3954} INFO - Setting next_dagrun for example_branch_datetime_operator_2 to 2025-10-01 00:00:00+00:00, run_after=2025-10-02 00:00:00+00:00
[2025-10-02T22:57:57.352+0000] {logging_mixin.py:188} INFO - [2025-10-02T22:57:57.351+0000] {dag.py:3954} INFO - Setting next_dagrun for example_branch_datetime_operator_3 to 2025-10-01 00:00:00+00:00, run_after=2025-10-02 00:00:00+00:00
[2025-10-02T22:57:57.376+0000] {processor.py:183} INFO - Processing /home/airflow/.local/lib/python3.12/site-packages/airflow/example_dags/example_branch_datetime_operator.py took 0.118 seconds
[2025-10-02T22:58:27.631+0000] {processor.py:161} INFO - Started process (PID=733) to work on /home/airflow/.local/lib/python3.12/site-packages/airflow/example_dags/example_branch_datetime_operator.py
[2025-10-02T22:58:27.633+0000] {processor.py:830} INFO - Processing file /home/airflow/.local/lib/python3.12/site-packages/airflow/example_dags/example_branch_datetime_operator.py for tasks to queue
[2025-10-02T22:58:27.635+0000] {logging_mixin.py:188} INFO - [2025-10-02T22:58:27.635+0000] {dagbag.py:545} INFO - Filling up the DagBag from /home/airflow/.local/lib/python3.12/site-packages/airflow/example_dags/example_branch_datetime_operator.py
[2025-10-02T22:58:27.648+0000] {processor.py:840} INFO - DAG(s) 'example_branch_datetime_operator_2', 'example_branch_datetime_operator_3', 'example_branch_datetime_operator' retrieved from /home/airflow/.local/lib/python3.12/site-packages/airflow/example_dags/example_branch_datetime_operator.py
[2025-10-02T22:58:27.812+0000] {logging_mixin.py:188} INFO - [2025-10-02T22:58:27.812+0000] {dag.py:3096} INFO - Sync 3 DAGs
[2025-10-02T22:58:27.836+0000] {logging_mixin.py:188} INFO - [2025-10-02T22:58:27.835+0000] {dag.py:3954} INFO - Setting next_dagrun for example_branch_datetime_operator to 2025-10-01 00:00:00+00:00, run_after=2025-10-02 00:00:00+00:00
[2025-10-02T22:58:27.840+0000] {logging_mixin.py:188} INFO - [2025-10-02T22:58:27.840+0000] {dag.py:3954} INFO - Setting next_dagrun for example_branch_datetime_operator_2 to 2025-10-01 00:00:00+00:00, run_after=2025-10-02 00:00:00+00:00
[2025-10-02T22:58:27.844+0000] {logging_mixin.py:188} INFO - [2025-10-02T22:58:27.843+0000] {dag.py:3954} INFO - Setting next_dagrun for example_branch_datetime_operator_3 to 2025-10-01 00:00:00+00:00, run_after=2025-10-02 00:00:00+00:00
[2025-10-02T22:58:27.867+0000] {processor.py:183} INFO - Processing /home/airflow/.local/lib/python3.12/site-packages/airflow/example_dags/example_branch_datetime_operator.py took 0.245 seconds
[2025-10-02T22:58:57.930+0000] {processor.py:161} INFO - Started process (PID=786) to work on /home/airflow/.local/lib/python3.12/site-packages/airflow/example_dags/example_branch_datetime_operator.py
[2025-10-02T22:58:57.932+0000] {processor.py:830} INFO - Processing file /home/airflow/.local/lib/python3.12/site-packages/airflow/example_dags/example_branch_datetime_operator.py for tasks to queue
[2025-10-02T22:58:57.936+0000] {logging_mixin.py:188} INFO - [2025-10-02T22:58:57.935+0000] {dagbag.py:545} INFO - Filling up the DagBag from /home/airflow/.local/lib/python3.12/site-packages/airflow/example_dags/example_branch_datetime_operator.py
[2025-10-02T22:58:57.956+0000] {processor.py:840} INFO - DAG(s) 'example_branch_datetime_operator_2', 'example_branch_datetime_operator', 'example_branch_datetime_operator_3' retrieved from /home/airflow/.local/lib/python3.12/site-packages/airflow/example_dags/example_branch_datetime_operator.py
[2025-10-02T22:58:58.005+0000] {logging_mixin.py:188} INFO - [2025-10-02T22:58:58.005+0000] {dag.py:3096} INFO - Sync 3 DAGs
[2025-10-02T22:58:58.046+0000] {logging_mixin.py:188} INFO - [2025-10-02T22:58:58.045+0000] {dag.py:3954} INFO - Setting next_dagrun for example_branch_datetime_operator to 2025-10-01 00:00:00+00:00, run_after=2025-10-02 00:00:00+00:00
[2025-10-02T22:58:58.054+0000] {logging_mixin.py:188} INFO - [2025-10-02T22:58:58.054+0000] {dag.py:3954} INFO - Setting next_dagrun for example_branch_datetime_operator_2 to 2025-10-01 00:00:00+00:00, run_after=2025-10-02 00:00:00+00:00
[2025-10-02T22:58:58.058+0000] {logging_mixin.py:188} INFO - [2025-10-02T22:58:58.058+0000] {dag.py:3954} INFO - Setting next_dagrun for example_branch_datetime_operator_3 to 2025-10-01 00:00:00+00:00, run_after=2025-10-02 00:00:00+00:00
[2025-10-02T22:58:58.082+0000] {processor.py:183} INFO - Processing /home/airflow/.local/lib/python3.12/site-packages/airflow/example_dags/example_branch_datetime_operator.py took 0.161 seconds
[2025-10-02T22:59:28.180+0000] {processor.py:161} INFO - Started process (PID=839) to work on /home/airflow/.local/lib/python3.12/site-packages/airflow/example_dags/example_branch_datetime_operator.py
[2025-10-02T22:59:28.181+0000] {processor.py:830} INFO - Processing file /home/airflow/.local/lib/python3.12/site-packages/airflow/example_dags/example_branch_datetime_operator.py for tasks to queue
[2025-10-02T22:59:28.185+0000] {logging_mixin.py:188} INFO - [2025-10-02T22:59:28.184+0000] {dagbag.py:545} INFO - Filling up the DagBag from /home/airflow/.local/lib/python3.12/site-packages/airflow/example_dags/example_branch_datetime_operator.py
[2025-10-02T22:59:28.199+0000] {processor.py:840} INFO - DAG(s) 'example_branch_datetime_operator_3', 'example_branch_datetime_operator_2', 'example_branch_datetime_operator' retrieved from /home/airflow/.local/lib/python3.12/site-packages/airflow/example_dags/example_branch_datetime_operator.py
[2025-10-02T22:59:28.236+0000] {logging_mixin.py:188} INFO - [2025-10-02T22:59:28.236+0000] {dag.py:3096} INFO - Sync 3 DAGs
[2025-10-02T22:59:28.265+0000] {logging_mixin.py:188} INFO - [2025-10-02T22:59:28.265+0000] {dag.py:3954} INFO - Setting next_dagrun for example_branch_datetime_operator to 2025-10-01 00:00:00+00:00, run_after=2025-10-02 00:00:00+00:00
[2025-10-02T22:59:28.271+0000] {logging_mixin.py:188} INFO - [2025-10-02T22:59:28.271+0000] {dag.py:3954} INFO - Setting next_dagrun for example_branch_datetime_operator_2 to 2025-10-01 00:00:00+00:00, run_after=2025-10-02 00:00:00+00:00
[2025-10-02T22:59:28.274+0000] {logging_mixin.py:188} INFO - [2025-10-02T22:59:28.274+0000] {dag.py:3954} INFO - Setting next_dagrun for example_branch_datetime_operator_3 to 2025-10-01 00:00:00+00:00, run_after=2025-10-02 00:00:00+00:00
[2025-10-02T22:59:28.294+0000] {processor.py:183} INFO - Processing /home/airflow/.local/lib/python3.12/site-packages/airflow/example_dags/example_branch_datetime_operator.py took 0.125 seconds
[2025-10-02T22:59:58.571+0000] {processor.py:161} INFO - Started process (PID=892) to work on /home/airflow/.local/lib/python3.12/site-packages/airflow/example_dags/example_branch_datetime_operator.py
[2025-10-02T22:59:58.572+0000] {processor.py:830} INFO - Processing file /home/airflow/.local/lib/python3.12/site-packages/airflow/example_dags/example_branch_datetime_operator.py for tasks to queue
[2025-10-02T22:59:58.575+0000] {logging_mixin.py:188} INFO - [2025-10-02T22:59:58.575+0000] {dagbag.py:545} INFO - Filling up the DagBag from /home/airflow/.local/lib/python3.12/site-packages/airflow/example_dags/example_branch_datetime_operator.py
[2025-10-02T22:59:58.587+0000] {processor.py:840} INFO - DAG(s) 'example_branch_datetime_operator', 'example_branch_datetime_operator_2', 'example_branch_datetime_operator_3' retrieved from /home/airflow/.local/lib/python3.12/site-packages/airflow/example_dags/example_branch_datetime_operator.py
[2025-10-02T22:59:58.624+0000] {logging_mixin.py:188} INFO - [2025-10-02T22:59:58.624+0000] {dag.py:3096} INFO - Sync 3 DAGs
[2025-10-02T22:59:58.652+0000] {logging_mixin.py:188} INFO - [2025-10-02T22:59:58.652+0000] {dag.py:3954} INFO - Setting next_dagrun for example_branch_datetime_operator to 2025-10-01 00:00:00+00:00, run_after=2025-10-02 00:00:00+00:00
[2025-10-02T22:59:58.658+0000] {logging_mixin.py:188} INFO - [2025-10-02T22:59:58.658+0000] {dag.py:3954} INFO - Setting next_dagrun for example_branch_datetime_operator_2 to 2025-10-01 00:00:00+00:00, run_after=2025-10-02 00:00:00+00:00
[2025-10-02T22:59:58.661+0000] {logging_mixin.py:188} INFO - [2025-10-02T22:59:58.661+0000] {dag.py:3954} INFO - Setting next_dagrun for example_branch_datetime_operator_3 to 2025-10-01 00:00:00+00:00, run_after=2025-10-02 00:00:00+00:00
[2025-10-02T22:59:58.682+0000] {processor.py:183} INFO - Processing /home/airflow/.local/lib/python3.12/site-packages/airflow/example_dags/example_branch_datetime_operator.py took 0.119 seconds
[2025-10-02T23:00:28.838+0000] {processor.py:161} INFO - Started process (PID=945) to work on /home/airflow/.local/lib/python3.12/site-packages/airflow/example_dags/example_branch_datetime_operator.py
[2025-10-02T23:00:28.839+0000] {processor.py:830} INFO - Processing file /home/airflow/.local/lib/python3.12/site-packages/airflow/example_dags/example_branch_datetime_operator.py for tasks to queue
[2025-10-02T23:00:28.843+0000] {logging_mixin.py:188} INFO - [2025-10-02T23:00:28.842+0000] {dagbag.py:545} INFO - Filling up the DagBag from /home/airflow/.local/lib/python3.12/site-packages/airflow/example_dags/example_branch_datetime_operator.py
[2025-10-02T23:00:28.857+0000] {processor.py:840} INFO - DAG(s) 'example_branch_datetime_operator_2', 'example_branch_datetime_operator_3', 'example_branch_datetime_operator' retrieved from /home/airflow/.local/lib/python3.12/site-packages/airflow/example_dags/example_branch_datetime_operator.py
[2025-10-02T23:00:28.893+0000] {logging_mixin.py:188} INFO - [2025-10-02T23:00:28.893+0000] {dag.py:3096} INFO - Sync 3 DAGs
[2025-10-02T23:00:28.922+0000] {logging_mixin.py:188} INFO - [2025-10-02T23:00:28.922+0000] {dag.py:3954} INFO - Setting next_dagrun for example_branch_datetime_operator to 2025-10-01 00:00:00+00:00, run_after=2025-10-02 00:00:00+00:00
[2025-10-02T23:00:28.929+0000] {logging_mixin.py:188} INFO - [2025-10-02T23:00:28.929+0000] {dag.py:3954} INFO - Setting next_dagrun for example_branch_datetime_operator_2 to 2025-10-01 00:00:00+00:00, run_after=2025-10-02 00:00:00+00:00
[2025-10-02T23:00:28.932+0000] {logging_mixin.py:188} INFO - [2025-10-02T23:00:28.932+0000] {dag.py:3954} INFO - Setting next_dagrun for example_branch_datetime_operator_3 to 2025-10-01 00:00:00+00:00, run_after=2025-10-02 00:00:00+00:00
[2025-10-02T23:00:28.957+0000] {processor.py:183} INFO - Processing /home/airflow/.local/lib/python3.12/site-packages/airflow/example_dags/example_branch_datetime_operator.py took 0.128 seconds
[2025-10-02T23:00:59.297+0000] {processor.py:161} INFO - Started process (PID=998) to work on /home/airflow/.local/lib/python3.12/site-packages/airflow/example_dags/example_branch_datetime_operator.py
[2025-10-02T23:00:59.299+0000] {processor.py:830} INFO - Processing file /home/airflow/.local/lib/python3.12/site-packages/airflow/example_dags/example_branch_datetime_operator.py for tasks to queue
[2025-10-02T23:00:59.302+0000] {logging_mixin.py:188} INFO - [2025-10-02T23:00:59.301+0000] {dagbag.py:545} INFO - Filling up the DagBag from /home/airflow/.local/lib/python3.12/site-packages/airflow/example_dags/example_branch_datetime_operator.py
[2025-10-02T23:00:59.316+0000] {processor.py:840} INFO - DAG(s) 'example_branch_datetime_operator_2', 'example_branch_datetime_operator', 'example_branch_datetime_operator_3' retrieved from /home/airflow/.local/lib/python3.12/site-packages/airflow/example_dags/example_branch_datetime_operator.py
[2025-10-02T23:00:59.354+0000] {logging_mixin.py:188} INFO - [2025-10-02T23:00:59.353+0000] {dag.py:3096} INFO - Sync 3 DAGs
[2025-10-02T23:00:59.383+0000] {logging_mixin.py:188} INFO - [2025-10-02T23:00:59.383+0000] {dag.py:3954} INFO - Setting next_dagrun for example_branch_datetime_operator to 2025-10-01 00:00:00+00:00, run_after=2025-10-02 00:00:00+00:00
[2025-10-02T23:00:59.389+0000] {logging_mixin.py:188} INFO - [2025-10-02T23:00:59.389+0000] {dag.py:3954} INFO - Setting next_dagrun for example_branch_datetime_operator_2 to 2025-10-01 00:00:00+00:00, run_after=2025-10-02 00:00:00+00:00
[2025-10-02T23:00:59.393+0000] {logging_mixin.py:188} INFO - [2025-10-02T23:00:59.392+0000] {dag.py:3954} INFO - Setting next_dagrun for example_branch_datetime_operator_3 to 2025-10-01 00:00:00+00:00, run_after=2025-10-02 00:00:00+00:00
[2025-10-02T23:00:59.416+0000] {processor.py:183} INFO - Processing /home/airflow/.local/lib/python3.12/site-packages/airflow/example_dags/example_branch_datetime_operator.py took 0.128 seconds
[2025-10-02T23:01:29.899+0000] {processor.py:161} INFO - Started process (PID=1051) to work on /home/airflow/.local/lib/python3.12/site-packages/airflow/example_dags/example_branch_datetime_operator.py
[2025-10-02T23:01:29.900+0000] {processor.py:830} INFO - Processing file /home/airflow/.local/lib/python3.12/site-packages/airflow/example_dags/example_branch_datetime_operator.py for tasks to queue
[2025-10-02T23:01:29.903+0000] {logging_mixin.py:188} INFO - [2025-10-02T23:01:29.903+0000] {dagbag.py:545} INFO - Filling up the DagBag from /home/airflow/.local/lib/python3.12/site-packages/airflow/example_dags/example_branch_datetime_operator.py
[2025-10-02T23:01:29.916+0000] {processor.py:840} INFO - DAG(s) 'example_branch_datetime_operator_2', 'example_branch_datetime_operator', 'example_branch_datetime_operator_3' retrieved from /home/airflow/.local/lib/python3.12/site-packages/airflow/example_dags/example_branch_datetime_operator.py
[2025-10-02T23:01:29.951+0000] {logging_mixin.py:188} INFO - [2025-10-02T23:01:29.951+0000] {dag.py:3096} INFO - Sync 3 DAGs
[2025-10-02T23:01:29.981+0000] {logging_mixin.py:188} INFO - [2025-10-02T23:01:29.981+0000] {dag.py:3954} INFO - Setting next_dagrun for example_branch_datetime_operator to 2025-10-01 00:00:00+00:00, run_after=2025-10-02 00:00:00+00:00
[2025-10-02T23:01:29.987+0000] {logging_mixin.py:188} INFO - [2025-10-02T23:01:29.987+0000] {dag.py:3954} INFO - Setting next_dagrun for example_branch_datetime_operator_2 to 2025-10-01 00:00:00+00:00, run_after=2025-10-02 00:00:00+00:00
[2025-10-02T23:01:29.990+0000] {logging_mixin.py:188} INFO - [2025-10-02T23:01:29.990+0000] {dag.py:3954} INFO - Setting next_dagrun for example_branch_datetime_operator_3 to 2025-10-01 00:00:00+00:00, run_after=2025-10-02 00:00:00+00:00
[2025-10-02T23:01:30.013+0000] {processor.py:183} INFO - Processing /home/airflow/.local/lib/python3.12/site-packages/airflow/example_dags/example_branch_datetime_operator.py took 0.123 seconds
[2025-10-02T23:02:00.378+0000] {processor.py:161} INFO - Started process (PID=1104) to work on /home/airflow/.local/lib/python3.12/site-packages/airflow/example_dags/example_branch_datetime_operator.py
[2025-10-02T23:02:00.380+0000] {processor.py:830} INFO - Processing file /home/airflow/.local/lib/python3.12/site-packages/airflow/example_dags/example_branch_datetime_operator.py for tasks to queue
[2025-10-02T23:02:00.383+0000] {logging_mixin.py:188} INFO - [2025-10-02T23:02:00.383+0000] {dagbag.py:545} INFO - Filling up the DagBag from /home/airflow/.local/lib/python3.12/site-packages/airflow/example_dags/example_branch_datetime_operator.py
[2025-10-02T23:02:00.398+0000] {processor.py:840} INFO - DAG(s) 'example_branch_datetime_operator_3', 'example_branch_datetime_operator', 'example_branch_datetime_operator_2' retrieved from /home/airflow/.local/lib/python3.12/site-packages/airflow/example_dags/example_branch_datetime_operator.py
[2025-10-02T23:02:00.433+0000] {logging_mixin.py:188} INFO - [2025-10-02T23:02:00.433+0000] {dag.py:3096} INFO - Sync 3 DAGs
[2025-10-02T23:02:00.461+0000] {logging_mixin.py:188} INFO - [2025-10-02T23:02:00.460+0000] {dag.py:3954} INFO - Setting next_dagrun for example_branch_datetime_operator to 2025-10-01 00:00:00+00:00, run_after=2025-10-02 00:00:00+00:00
[2025-10-02T23:02:00.467+0000] {logging_mixin.py:188} INFO - [2025-10-02T23:02:00.467+0000] {dag.py:3954} INFO - Setting next_dagrun for example_branch_datetime_operator_2 to 2025-10-01 00:00:00+00:00, run_after=2025-10-02 00:00:00+00:00
[2025-10-02T23:02:00.470+0000] {logging_mixin.py:188} INFO - [2025-10-02T23:02:00.470+0000] {dag.py:3954} INFO - Setting next_dagrun for example_branch_datetime_operator_3 to 2025-10-01 00:00:00+00:00, run_after=2025-10-02 00:00:00+00:00
[2025-10-02T23:02:00.492+0000] {processor.py:183} INFO - Processing /home/airflow/.local/lib/python3.12/site-packages/airflow/example_dags/example_branch_datetime_operator.py took 0.123 seconds
[2025-10-02T23:02:30.864+0000] {processor.py:161} INFO - Started process (PID=1157) to work on /home/airflow/.local/lib/python3.12/site-packages/airflow/example_dags/example_branch_datetime_operator.py
[2025-10-02T23:02:30.866+0000] {processor.py:830} INFO - Processing file /home/airflow/.local/lib/python3.12/site-packages/airflow/example_dags/example_branch_datetime_operator.py for tasks to queue
[2025-10-02T23:02:30.868+0000] {logging_mixin.py:188} INFO - [2025-10-02T23:02:30.868+0000] {dagbag.py:545} INFO - Filling up the DagBag from /home/airflow/.local/lib/python3.12/site-packages/airflow/example_dags/example_branch_datetime_operator.py
[2025-10-02T23:02:30.882+0000] {processor.py:840} INFO - DAG(s) 'example_branch_datetime_operator', 'example_branch_datetime_operator_2', 'example_branch_datetime_operator_3' retrieved from /home/airflow/.local/lib/python3.12/site-packages/airflow/example_dags/example_branch_datetime_operator.py
[2025-10-02T23:02:30.918+0000] {logging_mixin.py:188} INFO - [2025-10-02T23:02:30.918+0000] {dag.py:3096} INFO - Sync 3 DAGs
[2025-10-02T23:02:30.948+0000] {logging_mixin.py:188} INFO - [2025-10-02T23:02:30.947+0000] {dag.py:3954} INFO - Setting next_dagrun for example_branch_datetime_operator to 2025-10-01 00:00:00+00:00, run_after=2025-10-02 00:00:00+00:00
[2025-10-02T23:02:30.954+0000] {logging_mixin.py:188} INFO - [2025-10-02T23:02:30.954+0000] {dag.py:3954} INFO - Setting next_dagrun for example_branch_datetime_operator_2 to 2025-10-01 00:00:00+00:00, run_after=2025-10-02 00:00:00+00:00
[2025-10-02T23:02:30.957+0000] {logging_mixin.py:188} INFO - [2025-10-02T23:02:30.957+0000] {dag.py:3954} INFO - Setting next_dagrun for example_branch_datetime_operator_3 to 2025-10-01 00:00:00+00:00, run_after=2025-10-02 00:00:00+00:00
[2025-10-02T23:02:30.978+0000] {processor.py:183} INFO - Processing /home/airflow/.local/lib/python3.12/site-packages/airflow/example_dags/example_branch_datetime_operator.py took 0.122 seconds
[2025-10-02T23:03:01.469+0000] {processor.py:161} INFO - Started process (PID=1210) to work on /home/airflow/.local/lib/python3.12/site-packages/airflow/example_dags/example_branch_datetime_operator.py
[2025-10-02T23:03:01.471+0000] {processor.py:830} INFO - Processing file /home/airflow/.local/lib/python3.12/site-packages/airflow/example_dags/example_branch_datetime_operator.py for tasks to queue
[2025-10-02T23:03:01.474+0000] {logging_mixin.py:188} INFO - [2025-10-02T23:03:01.474+0000] {dagbag.py:545} INFO - Filling up the DagBag from /home/airflow/.local/lib/python3.12/site-packages/airflow/example_dags/example_branch_datetime_operator.py
[2025-10-02T23:03:01.489+0000] {processor.py:840} INFO - DAG(s) 'example_branch_datetime_operator_3', 'example_branch_datetime_operator', 'example_branch_datetime_operator_2' retrieved from /home/airflow/.local/lib/python3.12/site-packages/airflow/example_dags/example_branch_datetime_operator.py
[2025-10-02T23:03:01.527+0000] {logging_mixin.py:188} INFO - [2025-10-02T23:03:01.527+0000] {dag.py:3096} INFO - Sync 3 DAGs
[2025-10-02T23:03:01.563+0000] {logging_mixin.py:188} INFO - [2025-10-02T23:03:01.563+0000] {dag.py:3954} INFO - Setting next_dagrun for example_branch_datetime_operator to 2025-10-01 00:00:00+00:00, run_after=2025-10-02 00:00:00+00:00
[2025-10-02T23:03:01.569+0000] {logging_mixin.py:188} INFO - [2025-10-02T23:03:01.569+0000] {dag.py:3954} INFO - Setting next_dagrun for example_branch_datetime_operator_2 to 2025-10-01 00:00:00+00:00, run_after=2025-10-02 00:00:00+00:00
[2025-10-02T23:03:01.573+0000] {logging_mixin.py:188} INFO - [2025-10-02T23:03:01.573+0000] {dag.py:3954} INFO - Setting next_dagrun for example_branch_datetime_operator_3 to 2025-10-01 00:00:00+00:00, run_after=2025-10-02 00:00:00+00:00
[2025-10-02T23:03:01.598+0000] {processor.py:183} INFO - Processing /home/airflow/.local/lib/python3.12/site-packages/airflow/example_dags/example_branch_datetime_operator.py took 0.138 seconds
[2025-10-02T23:03:31.866+0000] {processor.py:161} INFO - Started process (PID=1263) to work on /home/airflow/.local/lib/python3.12/site-packages/airflow/example_dags/example_branch_datetime_operator.py
[2025-10-02T23:03:31.867+0000] {processor.py:830} INFO - Processing file /home/airflow/.local/lib/python3.12/site-packages/airflow/example_dags/example_branch_datetime_operator.py for tasks to queue
[2025-10-02T23:03:31.870+0000] {logging_mixin.py:188} INFO - [2025-10-02T23:03:31.869+0000] {dagbag.py:545} INFO - Filling up the DagBag from /home/airflow/.local/lib/python3.12/site-packages/airflow/example_dags/example_branch_datetime_operator.py
[2025-10-02T23:03:31.883+0000] {processor.py:840} INFO - DAG(s) 'example_branch_datetime_operator_3', 'example_branch_datetime_operator', 'example_branch_datetime_operator_2' retrieved from /home/airflow/.local/lib/python3.12/site-packages/airflow/example_dags/example_branch_datetime_operator.py
[2025-10-02T23:03:31.923+0000] {logging_mixin.py:188} INFO - [2025-10-02T23:03:31.923+0000] {dag.py:3096} INFO - Sync 3 DAGs
[2025-10-02T23:03:31.954+0000] {logging_mixin.py:188} INFO - [2025-10-02T23:03:31.954+0000] {dag.py:3954} INFO - Setting next_dagrun for example_branch_datetime_operator to 2025-10-01 00:00:00+00:00, run_after=2025-10-02 00:00:00+00:00
[2025-10-02T23:03:31.961+0000] {logging_mixin.py:188} INFO - [2025-10-02T23:03:31.961+0000] {dag.py:3954} INFO - Setting next_dagrun for example_branch_datetime_operator_2 to 2025-10-01 00:00:00+00:00, run_after=2025-10-02 00:00:00+00:00
[2025-10-02T23:03:31.964+0000] {logging_mixin.py:188} INFO - [2025-10-02T23:03:31.963+0000] {dag.py:3954} INFO - Setting next_dagrun for example_branch_datetime_operator_3 to 2025-10-01 00:00:00+00:00, run_after=2025-10-02 00:00:00+00:00
[2025-10-02T23:03:31.984+0000] {processor.py:183} INFO - Processing /home/airflow/.local/lib/python3.12/site-packages/airflow/example_dags/example_branch_datetime_operator.py took 0.126 seconds
[2025-10-02T23:04:02.098+0000] {processor.py:161} INFO - Started process (PID=1316) to work on /home/airflow/.local/lib/python3.12/site-packages/airflow/example_dags/example_branch_datetime_operator.py
[2025-10-02T23:04:02.100+0000] {processor.py:830} INFO - Processing file /home/airflow/.local/lib/python3.12/site-packages/airflow/example_dags/example_branch_datetime_operator.py for tasks to queue
[2025-10-02T23:04:02.103+0000] {logging_mixin.py:188} INFO - [2025-10-02T23:04:02.103+0000] {dagbag.py:545} INFO - Filling up the DagBag from /home/airflow/.local/lib/python3.12/site-packages/airflow/example_dags/example_branch_datetime_operator.py
[2025-10-02T23:04:02.119+0000] {processor.py:840} INFO - DAG(s) 'example_branch_datetime_operator', 'example_branch_datetime_operator_2', 'example_branch_datetime_operator_3' retrieved from /home/airflow/.local/lib/python3.12/site-packages/airflow/example_dags/example_branch_datetime_operator.py
[2025-10-02T23:04:02.162+0000] {logging_mixin.py:188} INFO - [2025-10-02T23:04:02.162+0000] {dag.py:3096} INFO - Sync 3 DAGs
[2025-10-02T23:04:02.198+0000] {logging_mixin.py:188} INFO - [2025-10-02T23:04:02.198+0000] {dag.py:3954} INFO - Setting next_dagrun for example_branch_datetime_operator to 2025-10-01 00:00:00+00:00, run_after=2025-10-02 00:00:00+00:00
[2025-10-02T23:04:02.208+0000] {logging_mixin.py:188} INFO - [2025-10-02T23:04:02.208+0000] {dag.py:3954} INFO - Setting next_dagrun for example_branch_datetime_operator_2 to 2025-10-01 00:00:00+00:00, run_after=2025-10-02 00:00:00+00:00
[2025-10-02T23:04:02.212+0000] {logging_mixin.py:188} INFO - [2025-10-02T23:04:02.212+0000] {dag.py:3954} INFO - Setting next_dagrun for example_branch_datetime_operator_3 to 2025-10-01 00:00:00+00:00, run_after=2025-10-02 00:00:00+00:00
[2025-10-02T23:04:02.240+0000] {processor.py:183} INFO - Processing /home/airflow/.local/lib/python3.12/site-packages/airflow/example_dags/example_branch_datetime_operator.py took 0.151 seconds
[2025-10-02T23:04:32.393+0000] {processor.py:161} INFO - Started process (PID=1369) to work on /home/airflow/.local/lib/python3.12/site-packages/airflow/example_dags/example_branch_datetime_operator.py
[2025-10-02T23:04:32.395+0000] {processor.py:830} INFO - Processing file /home/airflow/.local/lib/python3.12/site-packages/airflow/example_dags/example_branch_datetime_operator.py for tasks to queue
[2025-10-02T23:04:32.398+0000] {logging_mixin.py:188} INFO - [2025-10-02T23:04:32.397+0000] {dagbag.py:545} INFO - Filling up the DagBag from /home/airflow/.local/lib/python3.12/site-packages/airflow/example_dags/example_branch_datetime_operator.py
[2025-10-02T23:04:32.410+0000] {processor.py:840} INFO - DAG(s) 'example_branch_datetime_operator', 'example_branch_datetime_operator_3', 'example_branch_datetime_operator_2' retrieved from /home/airflow/.local/lib/python3.12/site-packages/airflow/example_dags/example_branch_datetime_operator.py
[2025-10-02T23:04:32.446+0000] {logging_mixin.py:188} INFO - [2025-10-02T23:04:32.446+0000] {dag.py:3096} INFO - Sync 3 DAGs
[2025-10-02T23:04:32.474+0000] {logging_mixin.py:188} INFO - [2025-10-02T23:04:32.474+0000] {dag.py:3954} INFO - Setting next_dagrun for example_branch_datetime_operator to 2025-10-01 00:00:00+00:00, run_after=2025-10-02 00:00:00+00:00
[2025-10-02T23:04:32.483+0000] {logging_mixin.py:188} INFO - [2025-10-02T23:04:32.483+0000] {dag.py:3954} INFO - Setting next_dagrun for example_branch_datetime_operator_2 to 2025-10-01 00:00:00+00:00, run_after=2025-10-02 00:00:00+00:00
[2025-10-02T23:04:32.487+0000] {logging_mixin.py:188} INFO - [2025-10-02T23:04:32.487+0000] {dag.py:3954} INFO - Setting next_dagrun for example_branch_datetime_operator_3 to 2025-10-01 00:00:00+00:00, run_after=2025-10-02 00:00:00+00:00
[2025-10-02T23:04:32.517+0000] {processor.py:183} INFO - Processing /home/airflow/.local/lib/python3.12/site-packages/airflow/example_dags/example_branch_datetime_operator.py took 0.134 seconds
[2025-10-02T23:05:02.966+0000] {processor.py:161} INFO - Started process (PID=1422) to work on /home/airflow/.local/lib/python3.12/site-packages/airflow/example_dags/example_branch_datetime_operator.py
[2025-10-02T23:05:02.968+0000] {processor.py:830} INFO - Processing file /home/airflow/.local/lib/python3.12/site-packages/airflow/example_dags/example_branch_datetime_operator.py for tasks to queue
[2025-10-02T23:05:02.972+0000] {logging_mixin.py:188} INFO - [2025-10-02T23:05:02.971+0000] {dagbag.py:545} INFO - Filling up the DagBag from /home/airflow/.local/lib/python3.12/site-packages/airflow/example_dags/example_branch_datetime_operator.py
[2025-10-02T23:05:02.992+0000] {processor.py:840} INFO - DAG(s) 'example_branch_datetime_operator_3', 'example_branch_datetime_operator', 'example_branch_datetime_operator_2' retrieved from /home/airflow/.local/lib/python3.12/site-packages/airflow/example_dags/example_branch_datetime_operator.py
[2025-10-02T23:05:03.044+0000] {logging_mixin.py:188} INFO - [2025-10-02T23:05:03.043+0000] {dag.py:3096} INFO - Sync 3 DAGs
[2025-10-02T23:05:03.086+0000] {logging_mixin.py:188} INFO - [2025-10-02T23:05:03.086+0000] {dag.py:3954} INFO - Setting next_dagrun for example_branch_datetime_operator to 2025-10-01 00:00:00+00:00, run_after=2025-10-02 00:00:00+00:00
[2025-10-02T23:05:03.093+0000] {logging_mixin.py:188} INFO - [2025-10-02T23:05:03.093+0000] {dag.py:3954} INFO - Setting next_dagrun for example_branch_datetime_operator_2 to 2025-10-01 00:00:00+00:00, run_after=2025-10-02 00:00:00+00:00
[2025-10-02T23:05:03.096+0000] {logging_mixin.py:188} INFO - [2025-10-02T23:05:03.096+0000] {dag.py:3954} INFO - Setting next_dagrun for example_branch_datetime_operator_3 to 2025-10-01 00:00:00+00:00, run_after=2025-10-02 00:00:00+00:00
[2025-10-02T23:05:03.116+0000] {processor.py:183} INFO - Processing /home/airflow/.local/lib/python3.12/site-packages/airflow/example_dags/example_branch_datetime_operator.py took 0.162 seconds
[2025-10-02T23:05:33.431+0000] {processor.py:161} INFO - Started process (PID=1475) to work on /home/airflow/.local/lib/python3.12/site-packages/airflow/example_dags/example_branch_datetime_operator.py
[2025-10-02T23:05:33.433+0000] {processor.py:830} INFO - Processing file /home/airflow/.local/lib/python3.12/site-packages/airflow/example_dags/example_branch_datetime_operator.py for tasks to queue
[2025-10-02T23:05:33.437+0000] {logging_mixin.py:188} INFO - [2025-10-02T23:05:33.436+0000] {dagbag.py:545} INFO - Filling up the DagBag from /home/airflow/.local/lib/python3.12/site-packages/airflow/example_dags/example_branch_datetime_operator.py
[2025-10-02T23:05:33.461+0000] {processor.py:840} INFO - DAG(s) 'example_branch_datetime_operator_2', 'example_branch_datetime_operator_3', 'example_branch_datetime_operator' retrieved from /home/airflow/.local/lib/python3.12/site-packages/airflow/example_dags/example_branch_datetime_operator.py
[2025-10-02T23:05:33.501+0000] {logging_mixin.py:188} INFO - [2025-10-02T23:05:33.501+0000] {dag.py:3096} INFO - Sync 3 DAGs
[2025-10-02T23:05:33.534+0000] {logging_mixin.py:188} INFO - [2025-10-02T23:05:33.534+0000] {dag.py:3954} INFO - Setting next_dagrun for example_branch_datetime_operator to 2025-10-01 00:00:00+00:00, run_after=2025-10-02 00:00:00+00:00
[2025-10-02T23:05:33.541+0000] {logging_mixin.py:188} INFO - [2025-10-02T23:05:33.541+0000] {dag.py:3954} INFO - Setting next_dagrun for example_branch_datetime_operator_2 to 2025-10-01 00:00:00+00:00, run_after=2025-10-02 00:00:00+00:00
[2025-10-02T23:05:33.545+0000] {logging_mixin.py:188} INFO - [2025-10-02T23:05:33.545+0000] {dag.py:3954} INFO - Setting next_dagrun for example_branch_datetime_operator_3 to 2025-10-01 00:00:00+00:00, run_after=2025-10-02 00:00:00+00:00
[2025-10-02T23:05:33.570+0000] {processor.py:183} INFO - Processing /home/airflow/.local/lib/python3.12/site-packages/airflow/example_dags/example_branch_datetime_operator.py took 0.148 seconds
[2025-10-02T23:06:04.362+0000] {processor.py:161} INFO - Started process (PID=1528) to work on /home/airflow/.local/lib/python3.12/site-packages/airflow/example_dags/example_branch_datetime_operator.py
[2025-10-02T23:06:04.364+0000] {processor.py:830} INFO - Processing file /home/airflow/.local/lib/python3.12/site-packages/airflow/example_dags/example_branch_datetime_operator.py for tasks to queue
[2025-10-02T23:06:04.367+0000] {logging_mixin.py:188} INFO - [2025-10-02T23:06:04.367+0000] {dagbag.py:545} INFO - Filling up the DagBag from /home/airflow/.local/lib/python3.12/site-packages/airflow/example_dags/example_branch_datetime_operator.py
[2025-10-02T23:06:04.383+0000] {processor.py:840} INFO - DAG(s) 'example_branch_datetime_operator_2', 'example_branch_datetime_operator', 'example_branch_datetime_operator_3' retrieved from /home/airflow/.local/lib/python3.12/site-packages/airflow/example_dags/example_branch_datetime_operator.py
[2025-10-02T23:06:04.417+0000] {logging_mixin.py:188} INFO - [2025-10-02T23:06:04.417+0000] {dag.py:3096} INFO - Sync 3 DAGs
[2025-10-02T23:06:04.446+0000] {logging_mixin.py:188} INFO - [2025-10-02T23:06:04.446+0000] {dag.py:3954} INFO - Setting next_dagrun for example_branch_datetime_operator to 2025-10-01 00:00:00+00:00, run_after=2025-10-02 00:00:00+00:00
[2025-10-02T23:06:04.453+0000] {logging_mixin.py:188} INFO - [2025-10-02T23:06:04.452+0000] {dag.py:3954} INFO - Setting next_dagrun for example_branch_datetime_operator_2 to 2025-10-01 00:00:00+00:00, run_after=2025-10-02 00:00:00+00:00
[2025-10-02T23:06:04.456+0000] {logging_mixin.py:188} INFO - [2025-10-02T23:06:04.455+0000] {dag.py:3954} INFO - Setting next_dagrun for example_branch_datetime_operator_3 to 2025-10-01 00:00:00+00:00, run_after=2025-10-02 00:00:00+00:00
[2025-10-02T23:06:04.481+0000] {processor.py:183} INFO - Processing /home/airflow/.local/lib/python3.12/site-packages/airflow/example_dags/example_branch_datetime_operator.py took 0.133 seconds
[2025-10-02T23:06:35.425+0000] {processor.py:161} INFO - Started process (PID=1581) to work on /home/airflow/.local/lib/python3.12/site-packages/airflow/example_dags/example_branch_datetime_operator.py
[2025-10-02T23:06:35.426+0000] {processor.py:830} INFO - Processing file /home/airflow/.local/lib/python3.12/site-packages/airflow/example_dags/example_branch_datetime_operator.py for tasks to queue
[2025-10-02T23:06:35.429+0000] {logging_mixin.py:188} INFO - [2025-10-02T23:06:35.429+0000] {dagbag.py:545} INFO - Filling up the DagBag from /home/airflow/.local/lib/python3.12/site-packages/airflow/example_dags/example_branch_datetime_operator.py
[2025-10-02T23:06:35.442+0000] {processor.py:840} INFO - DAG(s) 'example_branch_datetime_operator', 'example_branch_datetime_operator_3', 'example_branch_datetime_operator_2' retrieved from /home/airflow/.local/lib/python3.12/site-packages/airflow/example_dags/example_branch_datetime_operator.py
[2025-10-02T23:06:35.478+0000] {logging_mixin.py:188} INFO - [2025-10-02T23:06:35.478+0000] {dag.py:3096} INFO - Sync 3 DAGs
[2025-10-02T23:06:35.507+0000] {logging_mixin.py:188} INFO - [2025-10-02T23:06:35.506+0000] {dag.py:3954} INFO - Setting next_dagrun for example_branch_datetime_operator to 2025-10-01 00:00:00+00:00, run_after=2025-10-02 00:00:00+00:00
[2025-10-02T23:06:35.513+0000] {logging_mixin.py:188} INFO - [2025-10-02T23:06:35.512+0000] {dag.py:3954} INFO - Setting next_dagrun for example_branch_datetime_operator_2 to 2025-10-01 00:00:00+00:00, run_after=2025-10-02 00:00:00+00:00
[2025-10-02T23:06:35.516+0000] {logging_mixin.py:188} INFO - [2025-10-02T23:06:35.515+0000] {dag.py:3954} INFO - Setting next_dagrun for example_branch_datetime_operator_3 to 2025-10-01 00:00:00+00:00, run_after=2025-10-02 00:00:00+00:00
[2025-10-02T23:06:35.539+0000] {processor.py:183} INFO - Processing /home/airflow/.local/lib/python3.12/site-packages/airflow/example_dags/example_branch_datetime_operator.py took 0.122 seconds
[2025-10-02T23:07:05.886+0000] {processor.py:161} INFO - Started process (PID=1635) to work on /home/airflow/.local/lib/python3.12/site-packages/airflow/example_dags/example_branch_datetime_operator.py
[2025-10-02T23:07:05.887+0000] {processor.py:830} INFO - Processing file /home/airflow/.local/lib/python3.12/site-packages/airflow/example_dags/example_branch_datetime_operator.py for tasks to queue
[2025-10-02T23:07:05.890+0000] {logging_mixin.py:188} INFO - [2025-10-02T23:07:05.890+0000] {dagbag.py:545} INFO - Filling up the DagBag from /home/airflow/.local/lib/python3.12/site-packages/airflow/example_dags/example_branch_datetime_operator.py
[2025-10-02T23:07:05.903+0000] {processor.py:840} INFO - DAG(s) 'example_branch_datetime_operator_2', 'example_branch_datetime_operator_3', 'example_branch_datetime_operator' retrieved from /home/airflow/.local/lib/python3.12/site-packages/airflow/example_dags/example_branch_datetime_operator.py
[2025-10-02T23:07:05.937+0000] {logging_mixin.py:188} INFO - [2025-10-02T23:07:05.937+0000] {dag.py:3096} INFO - Sync 3 DAGs
[2025-10-02T23:07:05.972+0000] {logging_mixin.py:188} INFO - [2025-10-02T23:07:05.972+0000] {dag.py:3954} INFO - Setting next_dagrun for example_branch_datetime_operator to 2025-10-01 00:00:00+00:00, run_after=2025-10-02 00:00:00+00:00
[2025-10-02T23:07:05.979+0000] {logging_mixin.py:188} INFO - [2025-10-02T23:07:05.979+0000] {dag.py:3954} INFO - Setting next_dagrun for example_branch_datetime_operator_2 to 2025-10-01 00:00:00+00:00, run_after=2025-10-02 00:00:00+00:00
[2025-10-02T23:07:05.982+0000] {logging_mixin.py:188} INFO - [2025-10-02T23:07:05.982+0000] {dag.py:3954} INFO - Setting next_dagrun for example_branch_datetime_operator_3 to 2025-10-01 00:00:00+00:00, run_after=2025-10-02 00:00:00+00:00
[2025-10-02T23:07:06.006+0000] {processor.py:183} INFO - Processing /home/airflow/.local/lib/python3.12/site-packages/airflow/example_dags/example_branch_datetime_operator.py took 0.127 seconds
[2025-10-02T23:07:36.095+0000] {processor.py:161} INFO - Started process (PID=1688) to work on /home/airflow/.local/lib/python3.12/site-packages/airflow/example_dags/example_branch_datetime_operator.py
[2025-10-02T23:07:36.096+0000] {processor.py:830} INFO - Processing file /home/airflow/.local/lib/python3.12/site-packages/airflow/example_dags/example_branch_datetime_operator.py for tasks to queue
[2025-10-02T23:07:36.099+0000] {logging_mixin.py:188} INFO - [2025-10-02T23:07:36.099+0000] {dagbag.py:545} INFO - Filling up the DagBag from /home/airflow/.local/lib/python3.12/site-packages/airflow/example_dags/example_branch_datetime_operator.py
[2025-10-02T23:07:36.112+0000] {processor.py:840} INFO - DAG(s) 'example_branch_datetime_operator', 'example_branch_datetime_operator_3', 'example_branch_datetime_operator_2' retrieved from /home/airflow/.local/lib/python3.12/site-packages/airflow/example_dags/example_branch_datetime_operator.py
[2025-10-02T23:07:36.150+0000] {logging_mixin.py:188} INFO - [2025-10-02T23:07:36.150+0000] {dag.py:3096} INFO - Sync 3 DAGs
[2025-10-02T23:07:36.184+0000] {logging_mixin.py:188} INFO - [2025-10-02T23:07:36.184+0000] {dag.py:3954} INFO - Setting next_dagrun for example_branch_datetime_operator to 2025-10-01 00:00:00+00:00, run_after=2025-10-02 00:00:00+00:00
[2025-10-02T23:07:36.191+0000] {logging_mixin.py:188} INFO - [2025-10-02T23:07:36.191+0000] {dag.py:3954} INFO - Setting next_dagrun for example_branch_datetime_operator_2 to 2025-10-01 00:00:00+00:00, run_after=2025-10-02 00:00:00+00:00
[2025-10-02T23:07:36.194+0000] {logging_mixin.py:188} INFO - [2025-10-02T23:07:36.194+0000] {dag.py:3954} INFO - Setting next_dagrun for example_branch_datetime_operator_3 to 2025-10-01 00:00:00+00:00, run_after=2025-10-02 00:00:00+00:00
[2025-10-02T23:07:36.217+0000] {processor.py:183} INFO - Processing /home/airflow/.local/lib/python3.12/site-packages/airflow/example_dags/example_branch_datetime_operator.py took 0.130 seconds
[2025-10-02T23:08:07.261+0000] {processor.py:161} INFO - Started process (PID=1741) to work on /home/airflow/.local/lib/python3.12/site-packages/airflow/example_dags/example_branch_datetime_operator.py
[2025-10-02T23:08:07.263+0000] {processor.py:830} INFO - Processing file /home/airflow/.local/lib/python3.12/site-packages/airflow/example_dags/example_branch_datetime_operator.py for tasks to queue
[2025-10-02T23:08:07.266+0000] {logging_mixin.py:188} INFO - [2025-10-02T23:08:07.265+0000] {dagbag.py:545} INFO - Filling up the DagBag from /home/airflow/.local/lib/python3.12/site-packages/airflow/example_dags/example_branch_datetime_operator.py
[2025-10-02T23:08:07.281+0000] {processor.py:840} INFO - DAG(s) 'example_branch_datetime_operator', 'example_branch_datetime_operator_2', 'example_branch_datetime_operator_3' retrieved from /home/airflow/.local/lib/python3.12/site-packages/airflow/example_dags/example_branch_datetime_operator.py
[2025-10-02T23:08:07.320+0000] {logging_mixin.py:188} INFO - [2025-10-02T23:08:07.320+0000] {dag.py:3096} INFO - Sync 3 DAGs
[2025-10-02T23:08:07.514+0000] {logging_mixin.py:188} INFO - [2025-10-02T23:08:07.514+0000] {dag.py:3954} INFO - Setting next_dagrun for example_branch_datetime_operator to 2025-10-01 00:00:00+00:00, run_after=2025-10-02 00:00:00+00:00
[2025-10-02T23:08:07.521+0000] {logging_mixin.py:188} INFO - [2025-10-02T23:08:07.521+0000] {dag.py:3954} INFO - Setting next_dagrun for example_branch_datetime_operator_2 to 2025-10-01 00:00:00+00:00, run_after=2025-10-02 00:00:00+00:00
[2025-10-02T23:08:07.524+0000] {logging_mixin.py:188} INFO - [2025-10-02T23:08:07.524+0000] {dag.py:3954} INFO - Setting next_dagrun for example_branch_datetime_operator_3 to 2025-10-01 00:00:00+00:00, run_after=2025-10-02 00:00:00+00:00
[2025-10-02T23:08:07.546+0000] {processor.py:183} INFO - Processing /home/airflow/.local/lib/python3.12/site-packages/airflow/example_dags/example_branch_datetime_operator.py took 0.295 seconds
[2025-10-02T23:08:38.335+0000] {processor.py:161} INFO - Started process (PID=1794) to work on /home/airflow/.local/lib/python3.12/site-packages/airflow/example_dags/example_branch_datetime_operator.py
[2025-10-02T23:08:38.337+0000] {processor.py:830} INFO - Processing file /home/airflow/.local/lib/python3.12/site-packages/airflow/example_dags/example_branch_datetime_operator.py for tasks to queue
[2025-10-02T23:08:38.340+0000] {logging_mixin.py:188} INFO - [2025-10-02T23:08:38.340+0000] {dagbag.py:545} INFO - Filling up the DagBag from /home/airflow/.local/lib/python3.12/site-packages/airflow/example_dags/example_branch_datetime_operator.py
[2025-10-02T23:08:38.356+0000] {processor.py:840} INFO - DAG(s) 'example_branch_datetime_operator_3', 'example_branch_datetime_operator', 'example_branch_datetime_operator_2' retrieved from /home/airflow/.local/lib/python3.12/site-packages/airflow/example_dags/example_branch_datetime_operator.py
[2025-10-02T23:08:38.394+0000] {logging_mixin.py:188} INFO - [2025-10-02T23:08:38.393+0000] {dag.py:3096} INFO - Sync 3 DAGs
[2025-10-02T23:08:38.426+0000] {logging_mixin.py:188} INFO - [2025-10-02T23:08:38.426+0000] {dag.py:3954} INFO - Setting next_dagrun for example_branch_datetime_operator to 2025-10-01 00:00:00+00:00, run_after=2025-10-02 00:00:00+00:00
[2025-10-02T23:08:38.432+0000] {logging_mixin.py:188} INFO - [2025-10-02T23:08:38.432+0000] {dag.py:3954} INFO - Setting next_dagrun for example_branch_datetime_operator_2 to 2025-10-01 00:00:00+00:00, run_after=2025-10-02 00:00:00+00:00
[2025-10-02T23:08:38.436+0000] {logging_mixin.py:188} INFO - [2025-10-02T23:08:38.436+0000] {dag.py:3954} INFO - Setting next_dagrun for example_branch_datetime_operator_3 to 2025-10-01 00:00:00+00:00, run_after=2025-10-02 00:00:00+00:00
[2025-10-02T23:08:38.459+0000] {processor.py:183} INFO - Processing /home/airflow/.local/lib/python3.12/site-packages/airflow/example_dags/example_branch_datetime_operator.py took 0.133 seconds
[2025-10-02T23:09:09.146+0000] {processor.py:161} INFO - Started process (PID=1847) to work on /home/airflow/.local/lib/python3.12/site-packages/airflow/example_dags/example_branch_datetime_operator.py
[2025-10-02T23:09:09.147+0000] {processor.py:830} INFO - Processing file /home/airflow/.local/lib/python3.12/site-packages/airflow/example_dags/example_branch_datetime_operator.py for tasks to queue
[2025-10-02T23:09:09.150+0000] {logging_mixin.py:188} INFO - [2025-10-02T23:09:09.150+0000] {dagbag.py:545} INFO - Filling up the DagBag from /home/airflow/.local/lib/python3.12/site-packages/airflow/example_dags/example_branch_datetime_operator.py
[2025-10-02T23:09:09.169+0000] {processor.py:840} INFO - DAG(s) 'example_branch_datetime_operator_2', 'example_branch_datetime_operator', 'example_branch_datetime_operator_3' retrieved from /home/airflow/.local/lib/python3.12/site-packages/airflow/example_dags/example_branch_datetime_operator.py
[2025-10-02T23:09:09.208+0000] {logging_mixin.py:188} INFO - [2025-10-02T23:09:09.208+0000] {dag.py:3096} INFO - Sync 3 DAGs
[2025-10-02T23:09:09.239+0000] {logging_mixin.py:188} INFO - [2025-10-02T23:09:09.238+0000] {dag.py:3954} INFO - Setting next_dagrun for example_branch_datetime_operator to 2025-10-01 00:00:00+00:00, run_after=2025-10-02 00:00:00+00:00
[2025-10-02T23:09:09.245+0000] {logging_mixin.py:188} INFO - [2025-10-02T23:09:09.245+0000] {dag.py:3954} INFO - Setting next_dagrun for example_branch_datetime_operator_2 to 2025-10-01 00:00:00+00:00, run_after=2025-10-02 00:00:00+00:00
[2025-10-02T23:09:09.249+0000] {logging_mixin.py:188} INFO - [2025-10-02T23:09:09.248+0000] {dag.py:3954} INFO - Setting next_dagrun for example_branch_datetime_operator_3 to 2025-10-01 00:00:00+00:00, run_after=2025-10-02 00:00:00+00:00
[2025-10-02T23:09:09.272+0000] {processor.py:183} INFO - Processing /home/airflow/.local/lib/python3.12/site-packages/airflow/example_dags/example_branch_datetime_operator.py took 0.135 seconds
[2025-10-02T23:09:39.967+0000] {processor.py:161} INFO - Started process (PID=1900) to work on /home/airflow/.local/lib/python3.12/site-packages/airflow/example_dags/example_branch_datetime_operator.py
[2025-10-02T23:09:39.968+0000] {processor.py:830} INFO - Processing file /home/airflow/.local/lib/python3.12/site-packages/airflow/example_dags/example_branch_datetime_operator.py for tasks to queue
[2025-10-02T23:09:39.971+0000] {logging_mixin.py:188} INFO - [2025-10-02T23:09:39.971+0000] {dagbag.py:545} INFO - Filling up the DagBag from /home/airflow/.local/lib/python3.12/site-packages/airflow/example_dags/example_branch_datetime_operator.py
[2025-10-02T23:09:39.984+0000] {processor.py:840} INFO - DAG(s) 'example_branch_datetime_operator_3', 'example_branch_datetime_operator_2', 'example_branch_datetime_operator' retrieved from /home/airflow/.local/lib/python3.12/site-packages/airflow/example_dags/example_branch_datetime_operator.py
[2025-10-02T23:09:40.020+0000] {logging_mixin.py:188} INFO - [2025-10-02T23:09:40.020+0000] {dag.py:3096} INFO - Sync 3 DAGs
[2025-10-02T23:09:40.049+0000] {logging_mixin.py:188} INFO - [2025-10-02T23:09:40.048+0000] {dag.py:3954} INFO - Setting next_dagrun for example_branch_datetime_operator to 2025-10-01 00:00:00+00:00, run_after=2025-10-02 00:00:00+00:00
[2025-10-02T23:09:40.057+0000] {logging_mixin.py:188} INFO - [2025-10-02T23:09:40.057+0000] {dag.py:3954} INFO - Setting next_dagrun for example_branch_datetime_operator_2 to 2025-10-01 00:00:00+00:00, run_after=2025-10-02 00:00:00+00:00
[2025-10-02T23:09:40.060+0000] {logging_mixin.py:188} INFO - [2025-10-02T23:09:40.060+0000] {dag.py:3954} INFO - Setting next_dagrun for example_branch_datetime_operator_3 to 2025-10-01 00:00:00+00:00, run_after=2025-10-02 00:00:00+00:00
[2025-10-02T23:09:40.087+0000] {processor.py:183} INFO - Processing /home/airflow/.local/lib/python3.12/site-packages/airflow/example_dags/example_branch_datetime_operator.py took 0.128 seconds
[2025-10-02T23:10:10.347+0000] {processor.py:161} INFO - Started process (PID=1953) to work on /home/airflow/.local/lib/python3.12/site-packages/airflow/example_dags/example_branch_datetime_operator.py
[2025-10-02T23:10:10.375+0000] {processor.py:830} INFO - Processing file /home/airflow/.local/lib/python3.12/site-packages/airflow/example_dags/example_branch_datetime_operator.py for tasks to queue
[2025-10-02T23:10:10.380+0000] {logging_mixin.py:188} INFO - [2025-10-02T23:10:10.379+0000] {dagbag.py:545} INFO - Filling up the DagBag from /home/airflow/.local/lib/python3.12/site-packages/airflow/example_dags/example_branch_datetime_operator.py
[2025-10-02T23:10:10.404+0000] {processor.py:840} INFO - DAG(s) 'example_branch_datetime_operator', 'example_branch_datetime_operator_2', 'example_branch_datetime_operator_3' retrieved from /home/airflow/.local/lib/python3.12/site-packages/airflow/example_dags/example_branch_datetime_operator.py
[2025-10-02T23:10:10.452+0000] {logging_mixin.py:188} INFO - [2025-10-02T23:10:10.452+0000] {dag.py:3096} INFO - Sync 3 DAGs
[2025-10-02T23:10:10.490+0000] {logging_mixin.py:188} INFO - [2025-10-02T23:10:10.490+0000] {dag.py:3954} INFO - Setting next_dagrun for example_branch_datetime_operator to 2025-10-01 00:00:00+00:00, run_after=2025-10-02 00:00:00+00:00
[2025-10-02T23:10:10.498+0000] {logging_mixin.py:188} INFO - [2025-10-02T23:10:10.498+0000] {dag.py:3954} INFO - Setting next_dagrun for example_branch_datetime_operator_2 to 2025-10-01 00:00:00+00:00, run_after=2025-10-02 00:00:00+00:00
[2025-10-02T23:10:10.502+0000] {logging_mixin.py:188} INFO - [2025-10-02T23:10:10.502+0000] {dag.py:3954} INFO - Setting next_dagrun for example_branch_datetime_operator_3 to 2025-10-01 00:00:00+00:00, run_after=2025-10-02 00:00:00+00:00
[2025-10-02T23:10:10.527+0000] {processor.py:183} INFO - Processing /home/airflow/.local/lib/python3.12/site-packages/airflow/example_dags/example_branch_datetime_operator.py took 0.193 seconds
