[2025-10-02T22:50:35.949+0000] {processor.py:161} INFO - Started process (PID=40) to work on /home/airflow/.local/lib/python3.12/site-packages/airflow/example_dags/example_branch_operator.py
[2025-10-02T22:50:35.951+0000] {processor.py:830} INFO - Processing file /home/airflow/.local/lib/python3.12/site-packages/airflow/example_dags/example_branch_operator.py for tasks to queue
[2025-10-02T22:50:35.955+0000] {logging_mixin.py:188} INFO - [2025-10-02T22:50:35.954+0000] {dagbag.py:545} INFO - Filling up the DagBag from /home/airflow/.local/lib/python3.12/site-packages/airflow/example_dags/example_branch_operator.py
[2025-10-02T22:50:35.988+0000] {processor.py:840} INFO - DAG(s) 'example_branch_operator' retrieved from /home/airflow/.local/lib/python3.12/site-packages/airflow/example_dags/example_branch_operator.py
[2025-10-02T22:50:36.264+0000] {logging_mixin.py:188} INFO - [2025-10-02T22:50:36.263+0000] {override.py:1829} INFO - Created Permission View: can delete on DAG:example_branch_operator
[2025-10-02T22:50:36.283+0000] {logging_mixin.py:188} INFO - [2025-10-02T22:50:36.283+0000] {override.py:1829} INFO - Created Permission View: can edit on DAG:example_branch_operator
[2025-10-02T22:50:36.313+0000] {logging_mixin.py:188} INFO - [2025-10-02T22:50:36.312+0000] {override.py:1829} INFO - Created Permission View: can read on DAG:example_branch_operator
[2025-10-02T22:50:36.314+0000] {logging_mixin.py:188} INFO - [2025-10-02T22:50:36.314+0000] {dag.py:3096} INFO - Sync 1 DAGs
[2025-10-02T22:50:36.350+0000] {logging_mixin.py:188} INFO - [2025-10-02T22:50:36.349+0000] {dag.py:3118} INFO - Creating ORM DAG for example_branch_operator
[2025-10-02T22:50:36.380+0000] {logging_mixin.py:188} INFO - [2025-10-02T22:50:36.380+0000] {dag.py:3954} INFO - Setting next_dagrun for example_branch_operator to 2025-10-01 00:00:00+00:00, run_after=2025-10-02 00:00:00+00:00
[2025-10-02T22:50:36.434+0000] {processor.py:183} INFO - Processing /home/airflow/.local/lib/python3.12/site-packages/airflow/example_dags/example_branch_operator.py took 0.496 seconds
[2025-10-02T22:51:49.412+0000] {processor.py:161} INFO - Started process (PID=40) to work on /home/airflow/.local/lib/python3.12/site-packages/airflow/example_dags/example_branch_operator.py
[2025-10-02T22:51:49.413+0000] {processor.py:830} INFO - Processing file /home/airflow/.local/lib/python3.12/site-packages/airflow/example_dags/example_branch_operator.py for tasks to queue
[2025-10-02T22:51:49.416+0000] {logging_mixin.py:188} INFO - [2025-10-02T22:51:49.416+0000] {dagbag.py:545} INFO - Filling up the DagBag from /home/airflow/.local/lib/python3.12/site-packages/airflow/example_dags/example_branch_operator.py
[2025-10-02T22:51:49.454+0000] {processor.py:840} INFO - DAG(s) 'example_branch_operator' retrieved from /home/airflow/.local/lib/python3.12/site-packages/airflow/example_dags/example_branch_operator.py
[2025-10-02T22:51:49.479+0000] {logging_mixin.py:188} INFO - [2025-10-02T22:51:49.478+0000] {dag.py:3096} INFO - Sync 1 DAGs
[2025-10-02T22:51:49.530+0000] {logging_mixin.py:188} INFO - [2025-10-02T22:51:49.529+0000] {dag.py:3954} INFO - Setting next_dagrun for example_branch_operator to 2025-10-01 00:00:00+00:00, run_after=2025-10-02 00:00:00+00:00
[2025-10-02T22:51:49.560+0000] {processor.py:183} INFO - Processing /home/airflow/.local/lib/python3.12/site-packages/airflow/example_dags/example_branch_operator.py took 0.158 seconds
[2025-10-02T22:52:20.293+0000] {processor.py:161} INFO - Started process (PID=93) to work on /home/airflow/.local/lib/python3.12/site-packages/airflow/example_dags/example_branch_operator.py
[2025-10-02T22:52:20.295+0000] {processor.py:830} INFO - Processing file /home/airflow/.local/lib/python3.12/site-packages/airflow/example_dags/example_branch_operator.py for tasks to queue
[2025-10-02T22:52:20.298+0000] {logging_mixin.py:188} INFO - [2025-10-02T22:52:20.298+0000] {dagbag.py:545} INFO - Filling up the DagBag from /home/airflow/.local/lib/python3.12/site-packages/airflow/example_dags/example_branch_operator.py
[2025-10-02T22:52:20.341+0000] {processor.py:840} INFO - DAG(s) 'example_branch_operator' retrieved from /home/airflow/.local/lib/python3.12/site-packages/airflow/example_dags/example_branch_operator.py
[2025-10-02T22:52:20.367+0000] {logging_mixin.py:188} INFO - [2025-10-02T22:52:20.366+0000] {dag.py:3096} INFO - Sync 1 DAGs
[2025-10-02T22:52:20.417+0000] {logging_mixin.py:188} INFO - [2025-10-02T22:52:20.416+0000] {dag.py:3954} INFO - Setting next_dagrun for example_branch_operator to 2025-10-01 00:00:00+00:00, run_after=2025-10-02 00:00:00+00:00
[2025-10-02T22:52:20.456+0000] {processor.py:183} INFO - Processing /home/airflow/.local/lib/python3.12/site-packages/airflow/example_dags/example_branch_operator.py took 0.173 seconds
[2025-10-02T22:52:50.657+0000] {processor.py:161} INFO - Started process (PID=146) to work on /home/airflow/.local/lib/python3.12/site-packages/airflow/example_dags/example_branch_operator.py
[2025-10-02T22:52:50.659+0000] {processor.py:830} INFO - Processing file /home/airflow/.local/lib/python3.12/site-packages/airflow/example_dags/example_branch_operator.py for tasks to queue
[2025-10-02T22:52:50.661+0000] {logging_mixin.py:188} INFO - [2025-10-02T22:52:50.661+0000] {dagbag.py:545} INFO - Filling up the DagBag from /home/airflow/.local/lib/python3.12/site-packages/airflow/example_dags/example_branch_operator.py
[2025-10-02T22:52:50.684+0000] {processor.py:840} INFO - DAG(s) 'example_branch_operator' retrieved from /home/airflow/.local/lib/python3.12/site-packages/airflow/example_dags/example_branch_operator.py
[2025-10-02T22:52:50.876+0000] {logging_mixin.py:188} INFO - [2025-10-02T22:52:50.876+0000] {dag.py:3096} INFO - Sync 1 DAGs
[2025-10-02T22:52:50.914+0000] {logging_mixin.py:188} INFO - [2025-10-02T22:52:50.914+0000] {dag.py:3954} INFO - Setting next_dagrun for example_branch_operator to 2025-10-01 00:00:00+00:00, run_after=2025-10-02 00:00:00+00:00
[2025-10-02T22:52:50.946+0000] {processor.py:183} INFO - Processing /home/airflow/.local/lib/python3.12/site-packages/airflow/example_dags/example_branch_operator.py took 0.298 seconds
[2025-10-02T22:53:21.540+0000] {processor.py:161} INFO - Started process (PID=199) to work on /home/airflow/.local/lib/python3.12/site-packages/airflow/example_dags/example_branch_operator.py
[2025-10-02T22:53:21.542+0000] {processor.py:830} INFO - Processing file /home/airflow/.local/lib/python3.12/site-packages/airflow/example_dags/example_branch_operator.py for tasks to queue
[2025-10-02T22:53:21.545+0000] {logging_mixin.py:188} INFO - [2025-10-02T22:53:21.544+0000] {dagbag.py:545} INFO - Filling up the DagBag from /home/airflow/.local/lib/python3.12/site-packages/airflow/example_dags/example_branch_operator.py
[2025-10-02T22:53:21.573+0000] {processor.py:840} INFO - DAG(s) 'example_branch_operator' retrieved from /home/airflow/.local/lib/python3.12/site-packages/airflow/example_dags/example_branch_operator.py
[2025-10-02T22:53:21.620+0000] {logging_mixin.py:188} INFO - [2025-10-02T22:53:21.620+0000] {dag.py:3096} INFO - Sync 1 DAGs
[2025-10-02T22:53:21.658+0000] {logging_mixin.py:188} INFO - [2025-10-02T22:53:21.657+0000] {dag.py:3954} INFO - Setting next_dagrun for example_branch_operator to 2025-10-01 00:00:00+00:00, run_after=2025-10-02 00:00:00+00:00
[2025-10-02T22:53:21.692+0000] {processor.py:183} INFO - Processing /home/airflow/.local/lib/python3.12/site-packages/airflow/example_dags/example_branch_operator.py took 0.162 seconds
[2025-10-02T22:53:53.173+0000] {processor.py:161} INFO - Started process (PID=253) to work on /home/airflow/.local/lib/python3.12/site-packages/airflow/example_dags/example_branch_operator.py
[2025-10-02T22:53:53.176+0000] {processor.py:830} INFO - Processing file /home/airflow/.local/lib/python3.12/site-packages/airflow/example_dags/example_branch_operator.py for tasks to queue
[2025-10-02T22:53:53.182+0000] {logging_mixin.py:188} INFO - [2025-10-02T22:53:53.181+0000] {dagbag.py:545} INFO - Filling up the DagBag from /home/airflow/.local/lib/python3.12/site-packages/airflow/example_dags/example_branch_operator.py
[2025-10-02T22:53:53.212+0000] {processor.py:840} INFO - DAG(s) 'example_branch_operator' retrieved from /home/airflow/.local/lib/python3.12/site-packages/airflow/example_dags/example_branch_operator.py
[2025-10-02T22:53:53.231+0000] {logging_mixin.py:188} INFO - [2025-10-02T22:53:53.231+0000] {dag.py:3096} INFO - Sync 1 DAGs
[2025-10-02T22:53:53.271+0000] {logging_mixin.py:188} INFO - [2025-10-02T22:53:53.270+0000] {dag.py:3954} INFO - Setting next_dagrun for example_branch_operator to 2025-10-01 00:00:00+00:00, run_after=2025-10-02 00:00:00+00:00
[2025-10-02T22:53:53.306+0000] {processor.py:183} INFO - Processing /home/airflow/.local/lib/python3.12/site-packages/airflow/example_dags/example_branch_operator.py took 0.148 seconds
[2025-10-02T22:54:23.656+0000] {processor.py:161} INFO - Started process (PID=306) to work on /home/airflow/.local/lib/python3.12/site-packages/airflow/example_dags/example_branch_operator.py
[2025-10-02T22:54:23.658+0000] {processor.py:830} INFO - Processing file /home/airflow/.local/lib/python3.12/site-packages/airflow/example_dags/example_branch_operator.py for tasks to queue
[2025-10-02T22:54:23.662+0000] {logging_mixin.py:188} INFO - [2025-10-02T22:54:23.661+0000] {dagbag.py:545} INFO - Filling up the DagBag from /home/airflow/.local/lib/python3.12/site-packages/airflow/example_dags/example_branch_operator.py
[2025-10-02T22:54:23.692+0000] {processor.py:840} INFO - DAG(s) 'example_branch_operator' retrieved from /home/airflow/.local/lib/python3.12/site-packages/airflow/example_dags/example_branch_operator.py
[2025-10-02T22:54:23.913+0000] {logging_mixin.py:188} INFO - [2025-10-02T22:54:23.912+0000] {dag.py:3096} INFO - Sync 1 DAGs
[2025-10-02T22:54:23.947+0000] {logging_mixin.py:188} INFO - [2025-10-02T22:54:23.946+0000] {dag.py:3954} INFO - Setting next_dagrun for example_branch_operator to 2025-10-01 00:00:00+00:00, run_after=2025-10-02 00:00:00+00:00
[2025-10-02T22:54:23.975+0000] {processor.py:183} INFO - Processing /home/airflow/.local/lib/python3.12/site-packages/airflow/example_dags/example_branch_operator.py took 0.329 seconds
[2025-10-02T22:54:54.603+0000] {processor.py:161} INFO - Started process (PID=359) to work on /home/airflow/.local/lib/python3.12/site-packages/airflow/example_dags/example_branch_operator.py
[2025-10-02T22:54:54.604+0000] {processor.py:830} INFO - Processing file /home/airflow/.local/lib/python3.12/site-packages/airflow/example_dags/example_branch_operator.py for tasks to queue
[2025-10-02T22:54:54.607+0000] {logging_mixin.py:188} INFO - [2025-10-02T22:54:54.607+0000] {dagbag.py:545} INFO - Filling up the DagBag from /home/airflow/.local/lib/python3.12/site-packages/airflow/example_dags/example_branch_operator.py
[2025-10-02T22:54:54.635+0000] {processor.py:840} INFO - DAG(s) 'example_branch_operator' retrieved from /home/airflow/.local/lib/python3.12/site-packages/airflow/example_dags/example_branch_operator.py
[2025-10-02T22:54:54.677+0000] {logging_mixin.py:188} INFO - [2025-10-02T22:54:54.677+0000] {dag.py:3096} INFO - Sync 1 DAGs
[2025-10-02T22:54:54.709+0000] {logging_mixin.py:188} INFO - [2025-10-02T22:54:54.709+0000] {dag.py:3954} INFO - Setting next_dagrun for example_branch_operator to 2025-10-01 00:00:00+00:00, run_after=2025-10-02 00:00:00+00:00
[2025-10-02T22:54:54.735+0000] {processor.py:183} INFO - Processing /home/airflow/.local/lib/python3.12/site-packages/airflow/example_dags/example_branch_operator.py took 0.140 seconds
[2025-10-02T22:55:25.210+0000] {processor.py:161} INFO - Started process (PID=412) to work on /home/airflow/.local/lib/python3.12/site-packages/airflow/example_dags/example_branch_operator.py
[2025-10-02T22:55:25.212+0000] {processor.py:830} INFO - Processing file /home/airflow/.local/lib/python3.12/site-packages/airflow/example_dags/example_branch_operator.py for tasks to queue
[2025-10-02T22:55:25.216+0000] {logging_mixin.py:188} INFO - [2025-10-02T22:55:25.216+0000] {dagbag.py:545} INFO - Filling up the DagBag from /home/airflow/.local/lib/python3.12/site-packages/airflow/example_dags/example_branch_operator.py
[2025-10-02T22:55:25.254+0000] {processor.py:840} INFO - DAG(s) 'example_branch_operator' retrieved from /home/airflow/.local/lib/python3.12/site-packages/airflow/example_dags/example_branch_operator.py
[2025-10-02T22:55:25.335+0000] {logging_mixin.py:188} INFO - [2025-10-02T22:55:25.335+0000] {dag.py:3096} INFO - Sync 1 DAGs
[2025-10-02T22:55:25.386+0000] {logging_mixin.py:188} INFO - [2025-10-02T22:55:25.385+0000] {dag.py:3954} INFO - Setting next_dagrun for example_branch_operator to 2025-10-01 00:00:00+00:00, run_after=2025-10-02 00:00:00+00:00
[2025-10-02T22:55:25.429+0000] {processor.py:183} INFO - Processing /home/airflow/.local/lib/python3.12/site-packages/airflow/example_dags/example_branch_operator.py took 0.231 seconds
[2025-10-02T22:55:56.127+0000] {processor.py:161} INFO - Started process (PID=470) to work on /home/airflow/.local/lib/python3.12/site-packages/airflow/example_dags/example_branch_operator.py
[2025-10-02T22:55:56.129+0000] {processor.py:830} INFO - Processing file /home/airflow/.local/lib/python3.12/site-packages/airflow/example_dags/example_branch_operator.py for tasks to queue
[2025-10-02T22:55:56.132+0000] {logging_mixin.py:188} INFO - [2025-10-02T22:55:56.131+0000] {dagbag.py:545} INFO - Filling up the DagBag from /home/airflow/.local/lib/python3.12/site-packages/airflow/example_dags/example_branch_operator.py
[2025-10-02T22:55:56.157+0000] {processor.py:840} INFO - DAG(s) 'example_branch_operator' retrieved from /home/airflow/.local/lib/python3.12/site-packages/airflow/example_dags/example_branch_operator.py
[2025-10-02T22:55:56.205+0000] {logging_mixin.py:188} INFO - [2025-10-02T22:55:56.205+0000] {dag.py:3096} INFO - Sync 1 DAGs
[2025-10-02T22:55:56.241+0000] {logging_mixin.py:188} INFO - [2025-10-02T22:55:56.241+0000] {dag.py:3954} INFO - Setting next_dagrun for example_branch_operator to 2025-10-01 00:00:00+00:00, run_after=2025-10-02 00:00:00+00:00
[2025-10-02T22:55:56.282+0000] {processor.py:183} INFO - Processing /home/airflow/.local/lib/python3.12/site-packages/airflow/example_dags/example_branch_operator.py took 0.164 seconds
[2025-10-02T22:56:26.621+0000] {processor.py:161} INFO - Started process (PID=523) to work on /home/airflow/.local/lib/python3.12/site-packages/airflow/example_dags/example_branch_operator.py
[2025-10-02T22:56:26.623+0000] {processor.py:830} INFO - Processing file /home/airflow/.local/lib/python3.12/site-packages/airflow/example_dags/example_branch_operator.py for tasks to queue
[2025-10-02T22:56:26.626+0000] {logging_mixin.py:188} INFO - [2025-10-02T22:56:26.625+0000] {dagbag.py:545} INFO - Filling up the DagBag from /home/airflow/.local/lib/python3.12/site-packages/airflow/example_dags/example_branch_operator.py
[2025-10-02T22:56:26.654+0000] {processor.py:840} INFO - DAG(s) 'example_branch_operator' retrieved from /home/airflow/.local/lib/python3.12/site-packages/airflow/example_dags/example_branch_operator.py
[2025-10-02T22:56:26.700+0000] {logging_mixin.py:188} INFO - [2025-10-02T22:56:26.699+0000] {dag.py:3096} INFO - Sync 1 DAGs
[2025-10-02T22:56:26.735+0000] {logging_mixin.py:188} INFO - [2025-10-02T22:56:26.734+0000] {dag.py:3954} INFO - Setting next_dagrun for example_branch_operator to 2025-10-01 00:00:00+00:00, run_after=2025-10-02 00:00:00+00:00
[2025-10-02T22:56:26.759+0000] {processor.py:183} INFO - Processing /home/airflow/.local/lib/python3.12/site-packages/airflow/example_dags/example_branch_operator.py took 0.148 seconds
[2025-10-02T22:56:56.862+0000] {processor.py:161} INFO - Started process (PID=576) to work on /home/airflow/.local/lib/python3.12/site-packages/airflow/example_dags/example_branch_operator.py
[2025-10-02T22:56:56.864+0000] {processor.py:830} INFO - Processing file /home/airflow/.local/lib/python3.12/site-packages/airflow/example_dags/example_branch_operator.py for tasks to queue
[2025-10-02T22:56:56.867+0000] {logging_mixin.py:188} INFO - [2025-10-02T22:56:56.867+0000] {dagbag.py:545} INFO - Filling up the DagBag from /home/airflow/.local/lib/python3.12/site-packages/airflow/example_dags/example_branch_operator.py
[2025-10-02T22:56:56.905+0000] {processor.py:840} INFO - DAG(s) 'example_branch_operator' retrieved from /home/airflow/.local/lib/python3.12/site-packages/airflow/example_dags/example_branch_operator.py
[2025-10-02T22:56:56.945+0000] {logging_mixin.py:188} INFO - [2025-10-02T22:56:56.945+0000] {dag.py:3096} INFO - Sync 1 DAGs
[2025-10-02T22:56:56.975+0000] {logging_mixin.py:188} INFO - [2025-10-02T22:56:56.975+0000] {dag.py:3954} INFO - Setting next_dagrun for example_branch_operator to 2025-10-01 00:00:00+00:00, run_after=2025-10-02 00:00:00+00:00
[2025-10-02T22:56:56.999+0000] {processor.py:183} INFO - Processing /home/airflow/.local/lib/python3.12/site-packages/airflow/example_dags/example_branch_operator.py took 0.146 seconds
[2025-10-02T22:57:27.232+0000] {processor.py:161} INFO - Started process (PID=629) to work on /home/airflow/.local/lib/python3.12/site-packages/airflow/example_dags/example_branch_operator.py
[2025-10-02T22:57:27.244+0000] {processor.py:830} INFO - Processing file /home/airflow/.local/lib/python3.12/site-packages/airflow/example_dags/example_branch_operator.py for tasks to queue
[2025-10-02T22:57:27.247+0000] {logging_mixin.py:188} INFO - [2025-10-02T22:57:27.246+0000] {dagbag.py:545} INFO - Filling up the DagBag from /home/airflow/.local/lib/python3.12/site-packages/airflow/example_dags/example_branch_operator.py
[2025-10-02T22:57:27.276+0000] {processor.py:840} INFO - DAG(s) 'example_branch_operator' retrieved from /home/airflow/.local/lib/python3.12/site-packages/airflow/example_dags/example_branch_operator.py
[2025-10-02T22:57:27.316+0000] {logging_mixin.py:188} INFO - [2025-10-02T22:57:27.315+0000] {dag.py:3096} INFO - Sync 1 DAGs
[2025-10-02T22:57:27.351+0000] {logging_mixin.py:188} INFO - [2025-10-02T22:57:27.350+0000] {dag.py:3954} INFO - Setting next_dagrun for example_branch_operator to 2025-10-01 00:00:00+00:00, run_after=2025-10-02 00:00:00+00:00
[2025-10-02T22:57:27.380+0000] {processor.py:183} INFO - Processing /home/airflow/.local/lib/python3.12/site-packages/airflow/example_dags/example_branch_operator.py took 0.158 seconds
[2025-10-02T22:57:58.419+0000] {processor.py:161} INFO - Started process (PID=683) to work on /home/airflow/.local/lib/python3.12/site-packages/airflow/example_dags/example_branch_operator.py
[2025-10-02T22:57:58.421+0000] {processor.py:830} INFO - Processing file /home/airflow/.local/lib/python3.12/site-packages/airflow/example_dags/example_branch_operator.py for tasks to queue
[2025-10-02T22:57:58.424+0000] {logging_mixin.py:188} INFO - [2025-10-02T22:57:58.423+0000] {dagbag.py:545} INFO - Filling up the DagBag from /home/airflow/.local/lib/python3.12/site-packages/airflow/example_dags/example_branch_operator.py
[2025-10-02T22:57:58.444+0000] {processor.py:840} INFO - DAG(s) 'example_branch_operator' retrieved from /home/airflow/.local/lib/python3.12/site-packages/airflow/example_dags/example_branch_operator.py
[2025-10-02T22:57:58.460+0000] {logging_mixin.py:188} INFO - [2025-10-02T22:57:58.460+0000] {dag.py:3096} INFO - Sync 1 DAGs
[2025-10-02T22:57:58.492+0000] {logging_mixin.py:188} INFO - [2025-10-02T22:57:58.492+0000] {dag.py:3954} INFO - Setting next_dagrun for example_branch_operator to 2025-10-01 00:00:00+00:00, run_after=2025-10-02 00:00:00+00:00
[2025-10-02T22:57:58.520+0000] {processor.py:183} INFO - Processing /home/airflow/.local/lib/python3.12/site-packages/airflow/example_dags/example_branch_operator.py took 0.109 seconds
[2025-10-02T22:58:28.946+0000] {processor.py:161} INFO - Started process (PID=736) to work on /home/airflow/.local/lib/python3.12/site-packages/airflow/example_dags/example_branch_operator.py
[2025-10-02T22:58:28.948+0000] {processor.py:830} INFO - Processing file /home/airflow/.local/lib/python3.12/site-packages/airflow/example_dags/example_branch_operator.py for tasks to queue
[2025-10-02T22:58:28.950+0000] {logging_mixin.py:188} INFO - [2025-10-02T22:58:28.950+0000] {dagbag.py:545} INFO - Filling up the DagBag from /home/airflow/.local/lib/python3.12/site-packages/airflow/example_dags/example_branch_operator.py
[2025-10-02T22:58:28.971+0000] {processor.py:840} INFO - DAG(s) 'example_branch_operator' retrieved from /home/airflow/.local/lib/python3.12/site-packages/airflow/example_dags/example_branch_operator.py
[2025-10-02T22:58:29.119+0000] {logging_mixin.py:188} INFO - [2025-10-02T22:58:29.119+0000] {dag.py:3096} INFO - Sync 1 DAGs
[2025-10-02T22:58:29.149+0000] {logging_mixin.py:188} INFO - [2025-10-02T22:58:29.149+0000] {dag.py:3954} INFO - Setting next_dagrun for example_branch_operator to 2025-10-01 00:00:00+00:00, run_after=2025-10-02 00:00:00+00:00
[2025-10-02T22:58:29.181+0000] {processor.py:183} INFO - Processing /home/airflow/.local/lib/python3.12/site-packages/airflow/example_dags/example_branch_operator.py took 0.244 seconds
[2025-10-02T22:58:59.358+0000] {processor.py:161} INFO - Started process (PID=789) to work on /home/airflow/.local/lib/python3.12/site-packages/airflow/example_dags/example_branch_operator.py
[2025-10-02T22:58:59.360+0000] {processor.py:830} INFO - Processing file /home/airflow/.local/lib/python3.12/site-packages/airflow/example_dags/example_branch_operator.py for tasks to queue
[2025-10-02T22:58:59.365+0000] {logging_mixin.py:188} INFO - [2025-10-02T22:58:59.364+0000] {dagbag.py:545} INFO - Filling up the DagBag from /home/airflow/.local/lib/python3.12/site-packages/airflow/example_dags/example_branch_operator.py
[2025-10-02T22:58:59.403+0000] {processor.py:840} INFO - DAG(s) 'example_branch_operator' retrieved from /home/airflow/.local/lib/python3.12/site-packages/airflow/example_dags/example_branch_operator.py
[2025-10-02T22:58:59.449+0000] {logging_mixin.py:188} INFO - [2025-10-02T22:58:59.449+0000] {dag.py:3096} INFO - Sync 1 DAGs
[2025-10-02T22:58:59.490+0000] {logging_mixin.py:188} INFO - [2025-10-02T22:58:59.490+0000] {dag.py:3954} INFO - Setting next_dagrun for example_branch_operator to 2025-10-01 00:00:00+00:00, run_after=2025-10-02 00:00:00+00:00
[2025-10-02T22:58:59.521+0000] {processor.py:183} INFO - Processing /home/airflow/.local/lib/python3.12/site-packages/airflow/example_dags/example_branch_operator.py took 0.178 seconds
[2025-10-02T22:59:30.420+0000] {processor.py:161} INFO - Started process (PID=842) to work on /home/airflow/.local/lib/python3.12/site-packages/airflow/example_dags/example_branch_operator.py
[2025-10-02T22:59:30.422+0000] {processor.py:830} INFO - Processing file /home/airflow/.local/lib/python3.12/site-packages/airflow/example_dags/example_branch_operator.py for tasks to queue
[2025-10-02T22:59:30.425+0000] {logging_mixin.py:188} INFO - [2025-10-02T22:59:30.425+0000] {dagbag.py:545} INFO - Filling up the DagBag from /home/airflow/.local/lib/python3.12/site-packages/airflow/example_dags/example_branch_operator.py
[2025-10-02T22:59:30.449+0000] {processor.py:840} INFO - DAG(s) 'example_branch_operator' retrieved from /home/airflow/.local/lib/python3.12/site-packages/airflow/example_dags/example_branch_operator.py
[2025-10-02T22:59:30.489+0000] {logging_mixin.py:188} INFO - [2025-10-02T22:59:30.489+0000] {dag.py:3096} INFO - Sync 1 DAGs
[2025-10-02T22:59:30.517+0000] {logging_mixin.py:188} INFO - [2025-10-02T22:59:30.517+0000] {dag.py:3954} INFO - Setting next_dagrun for example_branch_operator to 2025-10-01 00:00:00+00:00, run_after=2025-10-02 00:00:00+00:00
[2025-10-02T22:59:30.543+0000] {processor.py:183} INFO - Processing /home/airflow/.local/lib/python3.12/site-packages/airflow/example_dags/example_branch_operator.py took 0.132 seconds
[2025-10-02T23:00:00.757+0000] {processor.py:161} INFO - Started process (PID=894) to work on /home/airflow/.local/lib/python3.12/site-packages/airflow/example_dags/example_branch_operator.py
[2025-10-02T23:00:00.759+0000] {processor.py:830} INFO - Processing file /home/airflow/.local/lib/python3.12/site-packages/airflow/example_dags/example_branch_operator.py for tasks to queue
[2025-10-02T23:00:00.762+0000] {logging_mixin.py:188} INFO - [2025-10-02T23:00:00.761+0000] {dagbag.py:545} INFO - Filling up the DagBag from /home/airflow/.local/lib/python3.12/site-packages/airflow/example_dags/example_branch_operator.py
[2025-10-02T23:00:00.784+0000] {processor.py:840} INFO - DAG(s) 'example_branch_operator' retrieved from /home/airflow/.local/lib/python3.12/site-packages/airflow/example_dags/example_branch_operator.py
[2025-10-02T23:00:00.833+0000] {logging_mixin.py:188} INFO - [2025-10-02T23:00:00.833+0000] {dag.py:3096} INFO - Sync 1 DAGs
[2025-10-02T23:00:00.868+0000] {logging_mixin.py:188} INFO - [2025-10-02T23:00:00.868+0000] {dag.py:3954} INFO - Setting next_dagrun for example_branch_operator to 2025-10-01 00:00:00+00:00, run_after=2025-10-02 00:00:00+00:00
[2025-10-02T23:00:00.895+0000] {processor.py:183} INFO - Processing /home/airflow/.local/lib/python3.12/site-packages/airflow/example_dags/example_branch_operator.py took 0.150 seconds
[2025-10-02T23:00:31.025+0000] {processor.py:161} INFO - Started process (PID=947) to work on /home/airflow/.local/lib/python3.12/site-packages/airflow/example_dags/example_branch_operator.py
[2025-10-02T23:00:31.027+0000] {processor.py:830} INFO - Processing file /home/airflow/.local/lib/python3.12/site-packages/airflow/example_dags/example_branch_operator.py for tasks to queue
[2025-10-02T23:00:31.030+0000] {logging_mixin.py:188} INFO - [2025-10-02T23:00:31.029+0000] {dagbag.py:545} INFO - Filling up the DagBag from /home/airflow/.local/lib/python3.12/site-packages/airflow/example_dags/example_branch_operator.py
[2025-10-02T23:00:31.051+0000] {processor.py:840} INFO - DAG(s) 'example_branch_operator' retrieved from /home/airflow/.local/lib/python3.12/site-packages/airflow/example_dags/example_branch_operator.py
[2025-10-02T23:00:31.100+0000] {logging_mixin.py:188} INFO - [2025-10-02T23:00:31.099+0000] {dag.py:3096} INFO - Sync 1 DAGs
[2025-10-02T23:00:31.137+0000] {logging_mixin.py:188} INFO - [2025-10-02T23:00:31.136+0000] {dag.py:3954} INFO - Setting next_dagrun for example_branch_operator to 2025-10-01 00:00:00+00:00, run_after=2025-10-02 00:00:00+00:00
[2025-10-02T23:00:31.166+0000] {processor.py:183} INFO - Processing /home/airflow/.local/lib/python3.12/site-packages/airflow/example_dags/example_branch_operator.py took 0.149 seconds
[2025-10-02T23:01:01.487+0000] {processor.py:161} INFO - Started process (PID=1000) to work on /home/airflow/.local/lib/python3.12/site-packages/airflow/example_dags/example_branch_operator.py
[2025-10-02T23:01:01.488+0000] {processor.py:830} INFO - Processing file /home/airflow/.local/lib/python3.12/site-packages/airflow/example_dags/example_branch_operator.py for tasks to queue
[2025-10-02T23:01:01.491+0000] {logging_mixin.py:188} INFO - [2025-10-02T23:01:01.491+0000] {dagbag.py:545} INFO - Filling up the DagBag from /home/airflow/.local/lib/python3.12/site-packages/airflow/example_dags/example_branch_operator.py
[2025-10-02T23:01:01.514+0000] {processor.py:840} INFO - DAG(s) 'example_branch_operator' retrieved from /home/airflow/.local/lib/python3.12/site-packages/airflow/example_dags/example_branch_operator.py
[2025-10-02T23:01:01.554+0000] {logging_mixin.py:188} INFO - [2025-10-02T23:01:01.554+0000] {dag.py:3096} INFO - Sync 1 DAGs
[2025-10-02T23:01:01.586+0000] {logging_mixin.py:188} INFO - [2025-10-02T23:01:01.585+0000] {dag.py:3954} INFO - Setting next_dagrun for example_branch_operator to 2025-10-01 00:00:00+00:00, run_after=2025-10-02 00:00:00+00:00
[2025-10-02T23:01:01.615+0000] {processor.py:183} INFO - Processing /home/airflow/.local/lib/python3.12/site-packages/airflow/example_dags/example_branch_operator.py took 0.137 seconds
[2025-10-02T23:01:31.940+0000] {processor.py:161} INFO - Started process (PID=1053) to work on /home/airflow/.local/lib/python3.12/site-packages/airflow/example_dags/example_branch_operator.py
[2025-10-02T23:01:31.941+0000] {processor.py:830} INFO - Processing file /home/airflow/.local/lib/python3.12/site-packages/airflow/example_dags/example_branch_operator.py for tasks to queue
[2025-10-02T23:01:31.944+0000] {logging_mixin.py:188} INFO - [2025-10-02T23:01:31.944+0000] {dagbag.py:545} INFO - Filling up the DagBag from /home/airflow/.local/lib/python3.12/site-packages/airflow/example_dags/example_branch_operator.py
[2025-10-02T23:01:31.972+0000] {processor.py:840} INFO - DAG(s) 'example_branch_operator' retrieved from /home/airflow/.local/lib/python3.12/site-packages/airflow/example_dags/example_branch_operator.py
[2025-10-02T23:01:32.017+0000] {logging_mixin.py:188} INFO - [2025-10-02T23:01:32.016+0000] {dag.py:3096} INFO - Sync 1 DAGs
[2025-10-02T23:01:32.046+0000] {logging_mixin.py:188} INFO - [2025-10-02T23:01:32.046+0000] {dag.py:3954} INFO - Setting next_dagrun for example_branch_operator to 2025-10-01 00:00:00+00:00, run_after=2025-10-02 00:00:00+00:00
[2025-10-02T23:01:32.069+0000] {processor.py:183} INFO - Processing /home/airflow/.local/lib/python3.12/site-packages/airflow/example_dags/example_branch_operator.py took 0.140 seconds
[2025-10-02T23:02:02.413+0000] {processor.py:161} INFO - Started process (PID=1106) to work on /home/airflow/.local/lib/python3.12/site-packages/airflow/example_dags/example_branch_operator.py
[2025-10-02T23:02:02.415+0000] {processor.py:830} INFO - Processing file /home/airflow/.local/lib/python3.12/site-packages/airflow/example_dags/example_branch_operator.py for tasks to queue
[2025-10-02T23:02:02.417+0000] {logging_mixin.py:188} INFO - [2025-10-02T23:02:02.417+0000] {dagbag.py:545} INFO - Filling up the DagBag from /home/airflow/.local/lib/python3.12/site-packages/airflow/example_dags/example_branch_operator.py
[2025-10-02T23:02:02.440+0000] {processor.py:840} INFO - DAG(s) 'example_branch_operator' retrieved from /home/airflow/.local/lib/python3.12/site-packages/airflow/example_dags/example_branch_operator.py
[2025-10-02T23:02:02.526+0000] {logging_mixin.py:188} INFO - [2025-10-02T23:02:02.526+0000] {dag.py:3096} INFO - Sync 1 DAGs
[2025-10-02T23:02:02.592+0000] {logging_mixin.py:188} INFO - [2025-10-02T23:02:02.591+0000] {dag.py:3954} INFO - Setting next_dagrun for example_branch_operator to 2025-10-01 00:00:00+00:00, run_after=2025-10-02 00:00:00+00:00
[2025-10-02T23:02:02.622+0000] {processor.py:183} INFO - Processing /home/airflow/.local/lib/python3.12/site-packages/airflow/example_dags/example_branch_operator.py took 0.218 seconds
[2025-10-02T23:02:32.946+0000] {processor.py:161} INFO - Started process (PID=1159) to work on /home/airflow/.local/lib/python3.12/site-packages/airflow/example_dags/example_branch_operator.py
[2025-10-02T23:02:32.948+0000] {processor.py:830} INFO - Processing file /home/airflow/.local/lib/python3.12/site-packages/airflow/example_dags/example_branch_operator.py for tasks to queue
[2025-10-02T23:02:32.951+0000] {logging_mixin.py:188} INFO - [2025-10-02T23:02:32.950+0000] {dagbag.py:545} INFO - Filling up the DagBag from /home/airflow/.local/lib/python3.12/site-packages/airflow/example_dags/example_branch_operator.py
[2025-10-02T23:02:32.979+0000] {processor.py:840} INFO - DAG(s) 'example_branch_operator' retrieved from /home/airflow/.local/lib/python3.12/site-packages/airflow/example_dags/example_branch_operator.py
[2025-10-02T23:02:33.023+0000] {logging_mixin.py:188} INFO - [2025-10-02T23:02:33.022+0000] {dag.py:3096} INFO - Sync 1 DAGs
[2025-10-02T23:02:33.055+0000] {logging_mixin.py:188} INFO - [2025-10-02T23:02:33.054+0000] {dag.py:3954} INFO - Setting next_dagrun for example_branch_operator to 2025-10-01 00:00:00+00:00, run_after=2025-10-02 00:00:00+00:00
[2025-10-02T23:02:33.078+0000] {processor.py:183} INFO - Processing /home/airflow/.local/lib/python3.12/site-packages/airflow/example_dags/example_branch_operator.py took 0.141 seconds
[2025-10-02T23:03:03.516+0000] {processor.py:161} INFO - Started process (PID=1212) to work on /home/airflow/.local/lib/python3.12/site-packages/airflow/example_dags/example_branch_operator.py
[2025-10-02T23:03:03.517+0000] {processor.py:830} INFO - Processing file /home/airflow/.local/lib/python3.12/site-packages/airflow/example_dags/example_branch_operator.py for tasks to queue
[2025-10-02T23:03:03.520+0000] {logging_mixin.py:188} INFO - [2025-10-02T23:03:03.520+0000] {dagbag.py:545} INFO - Filling up the DagBag from /home/airflow/.local/lib/python3.12/site-packages/airflow/example_dags/example_branch_operator.py
[2025-10-02T23:03:03.543+0000] {processor.py:840} INFO - DAG(s) 'example_branch_operator' retrieved from /home/airflow/.local/lib/python3.12/site-packages/airflow/example_dags/example_branch_operator.py
[2025-10-02T23:03:03.585+0000] {logging_mixin.py:188} INFO - [2025-10-02T23:03:03.585+0000] {dag.py:3096} INFO - Sync 1 DAGs
[2025-10-02T23:03:03.615+0000] {logging_mixin.py:188} INFO - [2025-10-02T23:03:03.615+0000] {dag.py:3954} INFO - Setting next_dagrun for example_branch_operator to 2025-10-01 00:00:00+00:00, run_after=2025-10-02 00:00:00+00:00
[2025-10-02T23:03:03.643+0000] {processor.py:183} INFO - Processing /home/airflow/.local/lib/python3.12/site-packages/airflow/example_dags/example_branch_operator.py took 0.136 seconds
[2025-10-02T23:03:34.233+0000] {processor.py:161} INFO - Started process (PID=1265) to work on /home/airflow/.local/lib/python3.12/site-packages/airflow/example_dags/example_branch_operator.py
[2025-10-02T23:03:34.236+0000] {processor.py:830} INFO - Processing file /home/airflow/.local/lib/python3.12/site-packages/airflow/example_dags/example_branch_operator.py for tasks to queue
[2025-10-02T23:03:34.241+0000] {logging_mixin.py:188} INFO - [2025-10-02T23:03:34.240+0000] {dagbag.py:545} INFO - Filling up the DagBag from /home/airflow/.local/lib/python3.12/site-packages/airflow/example_dags/example_branch_operator.py
[2025-10-02T23:03:34.276+0000] {processor.py:840} INFO - DAG(s) 'example_branch_operator' retrieved from /home/airflow/.local/lib/python3.12/site-packages/airflow/example_dags/example_branch_operator.py
[2025-10-02T23:03:34.315+0000] {logging_mixin.py:188} INFO - [2025-10-02T23:03:34.315+0000] {dag.py:3096} INFO - Sync 1 DAGs
[2025-10-02T23:03:34.344+0000] {logging_mixin.py:188} INFO - [2025-10-02T23:03:34.344+0000] {dag.py:3954} INFO - Setting next_dagrun for example_branch_operator to 2025-10-01 00:00:00+00:00, run_after=2025-10-02 00:00:00+00:00
[2025-10-02T23:03:34.372+0000] {processor.py:183} INFO - Processing /home/airflow/.local/lib/python3.12/site-packages/airflow/example_dags/example_branch_operator.py took 0.158 seconds
[2025-10-02T23:04:05.324+0000] {processor.py:161} INFO - Started process (PID=1318) to work on /home/airflow/.local/lib/python3.12/site-packages/airflow/example_dags/example_branch_operator.py
[2025-10-02T23:04:05.326+0000] {processor.py:830} INFO - Processing file /home/airflow/.local/lib/python3.12/site-packages/airflow/example_dags/example_branch_operator.py for tasks to queue
[2025-10-02T23:04:05.330+0000] {logging_mixin.py:188} INFO - [2025-10-02T23:04:05.330+0000] {dagbag.py:545} INFO - Filling up the DagBag from /home/airflow/.local/lib/python3.12/site-packages/airflow/example_dags/example_branch_operator.py
[2025-10-02T23:04:05.369+0000] {processor.py:840} INFO - DAG(s) 'example_branch_operator' retrieved from /home/airflow/.local/lib/python3.12/site-packages/airflow/example_dags/example_branch_operator.py
[2025-10-02T23:04:05.423+0000] {logging_mixin.py:188} INFO - [2025-10-02T23:04:05.422+0000] {dag.py:3096} INFO - Sync 1 DAGs
[2025-10-02T23:04:05.464+0000] {logging_mixin.py:188} INFO - [2025-10-02T23:04:05.464+0000] {dag.py:3954} INFO - Setting next_dagrun for example_branch_operator to 2025-10-01 00:00:00+00:00, run_after=2025-10-02 00:00:00+00:00
[2025-10-02T23:04:05.486+0000] {processor.py:183} INFO - Processing /home/airflow/.local/lib/python3.12/site-packages/airflow/example_dags/example_branch_operator.py took 0.174 seconds
[2025-10-02T23:04:35.588+0000] {processor.py:161} INFO - Started process (PID=1371) to work on /home/airflow/.local/lib/python3.12/site-packages/airflow/example_dags/example_branch_operator.py
[2025-10-02T23:04:35.590+0000] {processor.py:830} INFO - Processing file /home/airflow/.local/lib/python3.12/site-packages/airflow/example_dags/example_branch_operator.py for tasks to queue
[2025-10-02T23:04:35.593+0000] {logging_mixin.py:188} INFO - [2025-10-02T23:04:35.593+0000] {dagbag.py:545} INFO - Filling up the DagBag from /home/airflow/.local/lib/python3.12/site-packages/airflow/example_dags/example_branch_operator.py
[2025-10-02T23:04:35.620+0000] {processor.py:840} INFO - DAG(s) 'example_branch_operator' retrieved from /home/airflow/.local/lib/python3.12/site-packages/airflow/example_dags/example_branch_operator.py
[2025-10-02T23:04:35.672+0000] {logging_mixin.py:188} INFO - [2025-10-02T23:04:35.672+0000] {dag.py:3096} INFO - Sync 1 DAGs
[2025-10-02T23:04:35.705+0000] {logging_mixin.py:188} INFO - [2025-10-02T23:04:35.705+0000] {dag.py:3954} INFO - Setting next_dagrun for example_branch_operator to 2025-10-01 00:00:00+00:00, run_after=2025-10-02 00:00:00+00:00
[2025-10-02T23:04:35.732+0000] {processor.py:183} INFO - Processing /home/airflow/.local/lib/python3.12/site-packages/airflow/example_dags/example_branch_operator.py took 0.155 seconds
[2025-10-02T23:05:06.201+0000] {processor.py:161} INFO - Started process (PID=1424) to work on /home/airflow/.local/lib/python3.12/site-packages/airflow/example_dags/example_branch_operator.py
[2025-10-02T23:05:06.203+0000] {processor.py:830} INFO - Processing file /home/airflow/.local/lib/python3.12/site-packages/airflow/example_dags/example_branch_operator.py for tasks to queue
[2025-10-02T23:05:06.206+0000] {logging_mixin.py:188} INFO - [2025-10-02T23:05:06.205+0000] {dagbag.py:545} INFO - Filling up the DagBag from /home/airflow/.local/lib/python3.12/site-packages/airflow/example_dags/example_branch_operator.py
[2025-10-02T23:05:06.235+0000] {processor.py:840} INFO - DAG(s) 'example_branch_operator' retrieved from /home/airflow/.local/lib/python3.12/site-packages/airflow/example_dags/example_branch_operator.py
[2025-10-02T23:05:06.273+0000] {logging_mixin.py:188} INFO - [2025-10-02T23:05:06.273+0000] {dag.py:3096} INFO - Sync 1 DAGs
[2025-10-02T23:05:06.318+0000] {logging_mixin.py:188} INFO - [2025-10-02T23:05:06.318+0000] {dag.py:3954} INFO - Setting next_dagrun for example_branch_operator to 2025-10-01 00:00:00+00:00, run_after=2025-10-02 00:00:00+00:00
[2025-10-02T23:05:06.343+0000] {processor.py:183} INFO - Processing /home/airflow/.local/lib/python3.12/site-packages/airflow/example_dags/example_branch_operator.py took 0.151 seconds
[2025-10-02T23:05:36.485+0000] {processor.py:161} INFO - Started process (PID=1477) to work on /home/airflow/.local/lib/python3.12/site-packages/airflow/example_dags/example_branch_operator.py
[2025-10-02T23:05:36.487+0000] {processor.py:830} INFO - Processing file /home/airflow/.local/lib/python3.12/site-packages/airflow/example_dags/example_branch_operator.py for tasks to queue
[2025-10-02T23:05:36.490+0000] {logging_mixin.py:188} INFO - [2025-10-02T23:05:36.490+0000] {dagbag.py:545} INFO - Filling up the DagBag from /home/airflow/.local/lib/python3.12/site-packages/airflow/example_dags/example_branch_operator.py
[2025-10-02T23:05:36.518+0000] {processor.py:840} INFO - DAG(s) 'example_branch_operator' retrieved from /home/airflow/.local/lib/python3.12/site-packages/airflow/example_dags/example_branch_operator.py
[2025-10-02T23:05:36.558+0000] {logging_mixin.py:188} INFO - [2025-10-02T23:05:36.558+0000] {dag.py:3096} INFO - Sync 1 DAGs
[2025-10-02T23:05:36.593+0000] {logging_mixin.py:188} INFO - [2025-10-02T23:05:36.593+0000] {dag.py:3954} INFO - Setting next_dagrun for example_branch_operator to 2025-10-01 00:00:00+00:00, run_after=2025-10-02 00:00:00+00:00
[2025-10-02T23:05:36.624+0000] {processor.py:183} INFO - Processing /home/airflow/.local/lib/python3.12/site-packages/airflow/example_dags/example_branch_operator.py took 0.150 seconds
[2025-10-02T23:06:07.561+0000] {processor.py:161} INFO - Started process (PID=1530) to work on /home/airflow/.local/lib/python3.12/site-packages/airflow/example_dags/example_branch_operator.py
[2025-10-02T23:06:07.563+0000] {processor.py:830} INFO - Processing file /home/airflow/.local/lib/python3.12/site-packages/airflow/example_dags/example_branch_operator.py for tasks to queue
[2025-10-02T23:06:07.568+0000] {logging_mixin.py:188} INFO - [2025-10-02T23:06:07.568+0000] {dagbag.py:545} INFO - Filling up the DagBag from /home/airflow/.local/lib/python3.12/site-packages/airflow/example_dags/example_branch_operator.py
[2025-10-02T23:06:07.596+0000] {processor.py:840} INFO - DAG(s) 'example_branch_operator' retrieved from /home/airflow/.local/lib/python3.12/site-packages/airflow/example_dags/example_branch_operator.py
[2025-10-02T23:06:07.654+0000] {logging_mixin.py:188} INFO - [2025-10-02T23:06:07.654+0000] {dag.py:3096} INFO - Sync 1 DAGs
[2025-10-02T23:06:07.690+0000] {logging_mixin.py:188} INFO - [2025-10-02T23:06:07.689+0000] {dag.py:3954} INFO - Setting next_dagrun for example_branch_operator to 2025-10-01 00:00:00+00:00, run_after=2025-10-02 00:00:00+00:00
[2025-10-02T23:06:07.717+0000] {processor.py:183} INFO - Processing /home/airflow/.local/lib/python3.12/site-packages/airflow/example_dags/example_branch_operator.py took 0.167 seconds
[2025-10-02T23:06:37.821+0000] {processor.py:161} INFO - Started process (PID=1583) to work on /home/airflow/.local/lib/python3.12/site-packages/airflow/example_dags/example_branch_operator.py
[2025-10-02T23:06:37.823+0000] {processor.py:830} INFO - Processing file /home/airflow/.local/lib/python3.12/site-packages/airflow/example_dags/example_branch_operator.py for tasks to queue
[2025-10-02T23:06:37.826+0000] {logging_mixin.py:188} INFO - [2025-10-02T23:06:37.826+0000] {dagbag.py:545} INFO - Filling up the DagBag from /home/airflow/.local/lib/python3.12/site-packages/airflow/example_dags/example_branch_operator.py
[2025-10-02T23:06:37.851+0000] {processor.py:840} INFO - DAG(s) 'example_branch_operator' retrieved from /home/airflow/.local/lib/python3.12/site-packages/airflow/example_dags/example_branch_operator.py
[2025-10-02T23:06:37.891+0000] {logging_mixin.py:188} INFO - [2025-10-02T23:06:37.890+0000] {dag.py:3096} INFO - Sync 1 DAGs
[2025-10-02T23:06:37.920+0000] {logging_mixin.py:188} INFO - [2025-10-02T23:06:37.920+0000] {dag.py:3954} INFO - Setting next_dagrun for example_branch_operator to 2025-10-01 00:00:00+00:00, run_after=2025-10-02 00:00:00+00:00
[2025-10-02T23:06:38.178+0000] {processor.py:183} INFO - Processing /home/airflow/.local/lib/python3.12/site-packages/airflow/example_dags/example_branch_operator.py took 0.367 seconds
[2025-10-02T23:07:08.931+0000] {processor.py:161} INFO - Started process (PID=1636) to work on /home/airflow/.local/lib/python3.12/site-packages/airflow/example_dags/example_branch_operator.py
[2025-10-02T23:07:08.933+0000] {processor.py:830} INFO - Processing file /home/airflow/.local/lib/python3.12/site-packages/airflow/example_dags/example_branch_operator.py for tasks to queue
[2025-10-02T23:07:08.938+0000] {logging_mixin.py:188} INFO - [2025-10-02T23:07:08.938+0000] {dagbag.py:545} INFO - Filling up the DagBag from /home/airflow/.local/lib/python3.12/site-packages/airflow/example_dags/example_branch_operator.py
[2025-10-02T23:07:08.981+0000] {processor.py:840} INFO - DAG(s) 'example_branch_operator' retrieved from /home/airflow/.local/lib/python3.12/site-packages/airflow/example_dags/example_branch_operator.py
[2025-10-02T23:07:09.031+0000] {logging_mixin.py:188} INFO - [2025-10-02T23:07:09.031+0000] {dag.py:3096} INFO - Sync 1 DAGs
[2025-10-02T23:07:09.067+0000] {logging_mixin.py:188} INFO - [2025-10-02T23:07:09.067+0000] {dag.py:3954} INFO - Setting next_dagrun for example_branch_operator to 2025-10-01 00:00:00+00:00, run_after=2025-10-02 00:00:00+00:00
[2025-10-02T23:07:09.094+0000] {processor.py:183} INFO - Processing /home/airflow/.local/lib/python3.12/site-packages/airflow/example_dags/example_branch_operator.py took 0.178 seconds
[2025-10-02T23:07:39.295+0000] {processor.py:161} INFO - Started process (PID=1689) to work on /home/airflow/.local/lib/python3.12/site-packages/airflow/example_dags/example_branch_operator.py
[2025-10-02T23:07:39.297+0000] {processor.py:830} INFO - Processing file /home/airflow/.local/lib/python3.12/site-packages/airflow/example_dags/example_branch_operator.py for tasks to queue
[2025-10-02T23:07:39.300+0000] {logging_mixin.py:188} INFO - [2025-10-02T23:07:39.300+0000] {dagbag.py:545} INFO - Filling up the DagBag from /home/airflow/.local/lib/python3.12/site-packages/airflow/example_dags/example_branch_operator.py
[2025-10-02T23:07:39.321+0000] {processor.py:840} INFO - DAG(s) 'example_branch_operator' retrieved from /home/airflow/.local/lib/python3.12/site-packages/airflow/example_dags/example_branch_operator.py
[2025-10-02T23:07:39.366+0000] {logging_mixin.py:188} INFO - [2025-10-02T23:07:39.365+0000] {dag.py:3096} INFO - Sync 1 DAGs
[2025-10-02T23:07:39.400+0000] {logging_mixin.py:188} INFO - [2025-10-02T23:07:39.399+0000] {dag.py:3954} INFO - Setting next_dagrun for example_branch_operator to 2025-10-01 00:00:00+00:00, run_after=2025-10-02 00:00:00+00:00
[2025-10-02T23:07:39.425+0000] {processor.py:183} INFO - Processing /home/airflow/.local/lib/python3.12/site-packages/airflow/example_dags/example_branch_operator.py took 0.139 seconds
[2025-10-02T23:08:09.642+0000] {processor.py:161} INFO - Started process (PID=1742) to work on /home/airflow/.local/lib/python3.12/site-packages/airflow/example_dags/example_branch_operator.py
[2025-10-02T23:08:09.644+0000] {processor.py:830} INFO - Processing file /home/airflow/.local/lib/python3.12/site-packages/airflow/example_dags/example_branch_operator.py for tasks to queue
[2025-10-02T23:08:09.648+0000] {logging_mixin.py:188} INFO - [2025-10-02T23:08:09.647+0000] {dagbag.py:545} INFO - Filling up the DagBag from /home/airflow/.local/lib/python3.12/site-packages/airflow/example_dags/example_branch_operator.py
[2025-10-02T23:08:09.682+0000] {processor.py:840} INFO - DAG(s) 'example_branch_operator' retrieved from /home/airflow/.local/lib/python3.12/site-packages/airflow/example_dags/example_branch_operator.py
[2025-10-02T23:08:09.928+0000] {logging_mixin.py:188} INFO - [2025-10-02T23:08:09.928+0000] {dag.py:3096} INFO - Sync 1 DAGs
[2025-10-02T23:08:09.960+0000] {logging_mixin.py:188} INFO - [2025-10-02T23:08:09.960+0000] {dag.py:3954} INFO - Setting next_dagrun for example_branch_operator to 2025-10-01 00:00:00+00:00, run_after=2025-10-02 00:00:00+00:00
[2025-10-02T23:08:09.984+0000] {processor.py:183} INFO - Processing /home/airflow/.local/lib/python3.12/site-packages/airflow/example_dags/example_branch_operator.py took 0.351 seconds
[2025-10-02T23:08:40.360+0000] {processor.py:161} INFO - Started process (PID=1795) to work on /home/airflow/.local/lib/python3.12/site-packages/airflow/example_dags/example_branch_operator.py
[2025-10-02T23:08:40.362+0000] {processor.py:830} INFO - Processing file /home/airflow/.local/lib/python3.12/site-packages/airflow/example_dags/example_branch_operator.py for tasks to queue
[2025-10-02T23:08:40.365+0000] {logging_mixin.py:188} INFO - [2025-10-02T23:08:40.365+0000] {dagbag.py:545} INFO - Filling up the DagBag from /home/airflow/.local/lib/python3.12/site-packages/airflow/example_dags/example_branch_operator.py
[2025-10-02T23:08:40.389+0000] {processor.py:840} INFO - DAG(s) 'example_branch_operator' retrieved from /home/airflow/.local/lib/python3.12/site-packages/airflow/example_dags/example_branch_operator.py
[2025-10-02T23:08:40.428+0000] {logging_mixin.py:188} INFO - [2025-10-02T23:08:40.428+0000] {dag.py:3096} INFO - Sync 1 DAGs
[2025-10-02T23:08:40.469+0000] {logging_mixin.py:188} INFO - [2025-10-02T23:08:40.468+0000] {dag.py:3954} INFO - Setting next_dagrun for example_branch_operator to 2025-10-01 00:00:00+00:00, run_after=2025-10-02 00:00:00+00:00
[2025-10-02T23:08:40.495+0000] {processor.py:183} INFO - Processing /home/airflow/.local/lib/python3.12/site-packages/airflow/example_dags/example_branch_operator.py took 0.144 seconds
[2025-10-02T23:09:11.189+0000] {processor.py:161} INFO - Started process (PID=1848) to work on /home/airflow/.local/lib/python3.12/site-packages/airflow/example_dags/example_branch_operator.py
[2025-10-02T23:09:11.191+0000] {processor.py:830} INFO - Processing file /home/airflow/.local/lib/python3.12/site-packages/airflow/example_dags/example_branch_operator.py for tasks to queue
[2025-10-02T23:09:11.194+0000] {logging_mixin.py:188} INFO - [2025-10-02T23:09:11.194+0000] {dagbag.py:545} INFO - Filling up the DagBag from /home/airflow/.local/lib/python3.12/site-packages/airflow/example_dags/example_branch_operator.py
[2025-10-02T23:09:11.219+0000] {processor.py:840} INFO - DAG(s) 'example_branch_operator' retrieved from /home/airflow/.local/lib/python3.12/site-packages/airflow/example_dags/example_branch_operator.py
[2025-10-02T23:09:11.260+0000] {logging_mixin.py:188} INFO - [2025-10-02T23:09:11.260+0000] {dag.py:3096} INFO - Sync 1 DAGs
[2025-10-02T23:09:11.289+0000] {logging_mixin.py:188} INFO - [2025-10-02T23:09:11.288+0000] {dag.py:3954} INFO - Setting next_dagrun for example_branch_operator to 2025-10-01 00:00:00+00:00, run_after=2025-10-02 00:00:00+00:00
[2025-10-02T23:09:11.312+0000] {processor.py:183} INFO - Processing /home/airflow/.local/lib/python3.12/site-packages/airflow/example_dags/example_branch_operator.py took 0.139 seconds
[2025-10-02T23:09:41.996+0000] {processor.py:161} INFO - Started process (PID=1901) to work on /home/airflow/.local/lib/python3.12/site-packages/airflow/example_dags/example_branch_operator.py
[2025-10-02T23:09:41.998+0000] {processor.py:830} INFO - Processing file /home/airflow/.local/lib/python3.12/site-packages/airflow/example_dags/example_branch_operator.py for tasks to queue
[2025-10-02T23:09:42.001+0000] {logging_mixin.py:188} INFO - [2025-10-02T23:09:42.000+0000] {dagbag.py:545} INFO - Filling up the DagBag from /home/airflow/.local/lib/python3.12/site-packages/airflow/example_dags/example_branch_operator.py
[2025-10-02T23:09:42.025+0000] {processor.py:840} INFO - DAG(s) 'example_branch_operator' retrieved from /home/airflow/.local/lib/python3.12/site-packages/airflow/example_dags/example_branch_operator.py
[2025-10-02T23:09:42.062+0000] {logging_mixin.py:188} INFO - [2025-10-02T23:09:42.062+0000] {dag.py:3096} INFO - Sync 1 DAGs
[2025-10-02T23:09:42.096+0000] {logging_mixin.py:188} INFO - [2025-10-02T23:09:42.095+0000] {dag.py:3954} INFO - Setting next_dagrun for example_branch_operator to 2025-10-01 00:00:00+00:00, run_after=2025-10-02 00:00:00+00:00
[2025-10-02T23:09:42.123+0000] {processor.py:183} INFO - Processing /home/airflow/.local/lib/python3.12/site-packages/airflow/example_dags/example_branch_operator.py took 0.137 seconds
[2025-10-02T23:10:12.375+0000] {processor.py:161} INFO - Started process (PID=1954) to work on /home/airflow/.local/lib/python3.12/site-packages/airflow/example_dags/example_branch_operator.py
[2025-10-02T23:10:12.377+0000] {processor.py:830} INFO - Processing file /home/airflow/.local/lib/python3.12/site-packages/airflow/example_dags/example_branch_operator.py for tasks to queue
[2025-10-02T23:10:12.381+0000] {logging_mixin.py:188} INFO - [2025-10-02T23:10:12.381+0000] {dagbag.py:545} INFO - Filling up the DagBag from /home/airflow/.local/lib/python3.12/site-packages/airflow/example_dags/example_branch_operator.py
[2025-10-02T23:10:12.414+0000] {processor.py:840} INFO - DAG(s) 'example_branch_operator' retrieved from /home/airflow/.local/lib/python3.12/site-packages/airflow/example_dags/example_branch_operator.py
[2025-10-02T23:10:12.462+0000] {logging_mixin.py:188} INFO - [2025-10-02T23:10:12.462+0000] {dag.py:3096} INFO - Sync 1 DAGs
[2025-10-02T23:10:12.496+0000] {logging_mixin.py:188} INFO - [2025-10-02T23:10:12.496+0000] {dag.py:3954} INFO - Setting next_dagrun for example_branch_operator to 2025-10-01 00:00:00+00:00, run_after=2025-10-02 00:00:00+00:00
[2025-10-02T23:10:12.525+0000] {processor.py:183} INFO - Processing /home/airflow/.local/lib/python3.12/site-packages/airflow/example_dags/example_branch_operator.py took 0.158 seconds
