[2025-10-02T22:50:39.301+0000] {processor.py:161} INFO - Started process (PID=53) to work on /home/airflow/.local/lib/python3.12/site-packages/airflow/example_dags/example_sla_dag.py
[2025-10-02T22:50:39.303+0000] {processor.py:830} INFO - Processing file /home/airflow/.local/lib/python3.12/site-packages/airflow/example_dags/example_sla_dag.py for tasks to queue
[2025-10-02T22:50:39.306+0000] {logging_mixin.py:188} INFO - [2025-10-02T22:50:39.306+0000] {dagbag.py:545} INFO - Filling up the DagBag from /home/airflow/.local/lib/python3.12/site-packages/airflow/example_dags/example_sla_dag.py
[2025-10-02T22:50:39.330+0000] {processor.py:840} INFO - DAG(s) 'example_sla_dag' retrieved from /home/airflow/.local/lib/python3.12/site-packages/airflow/example_dags/example_sla_dag.py
[2025-10-02T22:50:39.509+0000] {logging_mixin.py:188} INFO - [2025-10-02T22:50:39.509+0000] {override.py:1829} INFO - Created Permission View: can delete on DAG:example_sla_dag
[2025-10-02T22:50:39.524+0000] {logging_mixin.py:188} INFO - [2025-10-02T22:50:39.524+0000] {override.py:1829} INFO - Created Permission View: can edit on DAG:example_sla_dag
[2025-10-02T22:50:39.533+0000] {logging_mixin.py:188} INFO - [2025-10-02T22:50:39.533+0000] {override.py:1829} INFO - Created Permission View: can read on DAG:example_sla_dag
[2025-10-02T22:50:39.534+0000] {logging_mixin.py:188} INFO - [2025-10-02T22:50:39.534+0000] {dag.py:3096} INFO - Sync 1 DAGs
[2025-10-02T22:50:39.552+0000] {logging_mixin.py:188} INFO - [2025-10-02T22:50:39.552+0000] {dag.py:3118} INFO - Creating ORM DAG for example_sla_dag
[2025-10-02T22:50:39.570+0000] {logging_mixin.py:188} INFO - [2025-10-02T22:50:39.570+0000] {dag.py:3954} INFO - Setting next_dagrun for example_sla_dag to 2025-10-02 22:48:00+00:00, run_after=2025-10-02 22:50:00+00:00
[2025-10-02T22:50:39.592+0000] {processor.py:183} INFO - Processing /home/airflow/.local/lib/python3.12/site-packages/airflow/example_dags/example_sla_dag.py took 0.306 seconds
[2025-10-02T22:51:50.889+0000] {processor.py:161} INFO - Started process (PID=53) to work on /home/airflow/.local/lib/python3.12/site-packages/airflow/example_dags/example_sla_dag.py
[2025-10-02T22:51:50.891+0000] {processor.py:830} INFO - Processing file /home/airflow/.local/lib/python3.12/site-packages/airflow/example_dags/example_sla_dag.py for tasks to queue
[2025-10-02T22:51:50.895+0000] {logging_mixin.py:188} INFO - [2025-10-02T22:51:50.895+0000] {dagbag.py:545} INFO - Filling up the DagBag from /home/airflow/.local/lib/python3.12/site-packages/airflow/example_dags/example_sla_dag.py
[2025-10-02T22:51:50.915+0000] {processor.py:840} INFO - DAG(s) 'example_sla_dag' retrieved from /home/airflow/.local/lib/python3.12/site-packages/airflow/example_dags/example_sla_dag.py
[2025-10-02T22:51:50.934+0000] {logging_mixin.py:188} INFO - [2025-10-02T22:51:50.933+0000] {dag.py:3096} INFO - Sync 1 DAGs
[2025-10-02T22:51:50.973+0000] {logging_mixin.py:188} INFO - [2025-10-02T22:51:50.973+0000] {dag.py:3954} INFO - Setting next_dagrun for example_sla_dag to 2025-10-02 22:48:00+00:00, run_after=2025-10-02 22:50:00+00:00
[2025-10-02T22:51:51.003+0000] {processor.py:183} INFO - Processing /home/airflow/.local/lib/python3.12/site-packages/airflow/example_dags/example_sla_dag.py took 0.125 seconds
[2025-10-02T22:52:21.651+0000] {processor.py:161} INFO - Started process (PID=106) to work on /home/airflow/.local/lib/python3.12/site-packages/airflow/example_dags/example_sla_dag.py
[2025-10-02T22:52:21.653+0000] {processor.py:830} INFO - Processing file /home/airflow/.local/lib/python3.12/site-packages/airflow/example_dags/example_sla_dag.py for tasks to queue
[2025-10-02T22:52:21.657+0000] {logging_mixin.py:188} INFO - [2025-10-02T22:52:21.656+0000] {dagbag.py:545} INFO - Filling up the DagBag from /home/airflow/.local/lib/python3.12/site-packages/airflow/example_dags/example_sla_dag.py
[2025-10-02T22:52:21.671+0000] {processor.py:840} INFO - DAG(s) 'example_sla_dag' retrieved from /home/airflow/.local/lib/python3.12/site-packages/airflow/example_dags/example_sla_dag.py
[2025-10-02T22:52:21.693+0000] {logging_mixin.py:188} INFO - [2025-10-02T22:52:21.693+0000] {dag.py:3096} INFO - Sync 1 DAGs
[2025-10-02T22:52:21.740+0000] {logging_mixin.py:188} INFO - [2025-10-02T22:52:21.739+0000] {dag.py:3954} INFO - Setting next_dagrun for example_sla_dag to 2025-10-02 22:50:00+00:00, run_after=2025-10-02 22:52:00+00:00
[2025-10-02T22:52:21.771+0000] {processor.py:183} INFO - Processing /home/airflow/.local/lib/python3.12/site-packages/airflow/example_dags/example_sla_dag.py took 0.132 seconds
[2025-10-02T22:52:52.420+0000] {processor.py:161} INFO - Started process (PID=159) to work on /home/airflow/.local/lib/python3.12/site-packages/airflow/example_dags/example_sla_dag.py
[2025-10-02T22:52:52.422+0000] {processor.py:830} INFO - Processing file /home/airflow/.local/lib/python3.12/site-packages/airflow/example_dags/example_sla_dag.py for tasks to queue
[2025-10-02T22:52:52.424+0000] {logging_mixin.py:188} INFO - [2025-10-02T22:52:52.424+0000] {dagbag.py:545} INFO - Filling up the DagBag from /home/airflow/.local/lib/python3.12/site-packages/airflow/example_dags/example_sla_dag.py
[2025-10-02T22:52:52.435+0000] {processor.py:840} INFO - DAG(s) 'example_sla_dag' retrieved from /home/airflow/.local/lib/python3.12/site-packages/airflow/example_dags/example_sla_dag.py
[2025-10-02T22:52:52.565+0000] {logging_mixin.py:188} INFO - [2025-10-02T22:52:52.565+0000] {dag.py:3096} INFO - Sync 1 DAGs
[2025-10-02T22:52:52.592+0000] {logging_mixin.py:188} INFO - [2025-10-02T22:52:52.592+0000] {dag.py:3954} INFO - Setting next_dagrun for example_sla_dag to 2025-10-02 22:50:00+00:00, run_after=2025-10-02 22:52:00+00:00
[2025-10-02T22:52:52.614+0000] {processor.py:183} INFO - Processing /home/airflow/.local/lib/python3.12/site-packages/airflow/example_dags/example_sla_dag.py took 0.203 seconds
[2025-10-02T22:53:23.165+0000] {processor.py:161} INFO - Started process (PID=213) to work on /home/airflow/.local/lib/python3.12/site-packages/airflow/example_dags/example_sla_dag.py
[2025-10-02T22:53:23.167+0000] {processor.py:830} INFO - Processing file /home/airflow/.local/lib/python3.12/site-packages/airflow/example_dags/example_sla_dag.py for tasks to queue
[2025-10-02T22:53:23.177+0000] {logging_mixin.py:188} INFO - [2025-10-02T22:53:23.176+0000] {dagbag.py:545} INFO - Filling up the DagBag from /home/airflow/.local/lib/python3.12/site-packages/airflow/example_dags/example_sla_dag.py
[2025-10-02T22:53:23.195+0000] {processor.py:840} INFO - DAG(s) 'example_sla_dag' retrieved from /home/airflow/.local/lib/python3.12/site-packages/airflow/example_dags/example_sla_dag.py
[2025-10-02T22:53:23.231+0000] {logging_mixin.py:188} INFO - [2025-10-02T22:53:23.231+0000] {dag.py:3096} INFO - Sync 1 DAGs
[2025-10-02T22:53:23.274+0000] {logging_mixin.py:188} INFO - [2025-10-02T22:53:23.273+0000] {dag.py:3954} INFO - Setting next_dagrun for example_sla_dag to 2025-10-02 22:50:00+00:00, run_after=2025-10-02 22:52:00+00:00
[2025-10-02T22:53:23.319+0000] {processor.py:183} INFO - Processing /home/airflow/.local/lib/python3.12/site-packages/airflow/example_dags/example_sla_dag.py took 0.169 seconds
[2025-10-02T22:53:54.498+0000] {processor.py:161} INFO - Started process (PID=266) to work on /home/airflow/.local/lib/python3.12/site-packages/airflow/example_dags/example_sla_dag.py
[2025-10-02T22:53:54.500+0000] {processor.py:830} INFO - Processing file /home/airflow/.local/lib/python3.12/site-packages/airflow/example_dags/example_sla_dag.py for tasks to queue
[2025-10-02T22:53:54.503+0000] {logging_mixin.py:188} INFO - [2025-10-02T22:53:54.502+0000] {dagbag.py:545} INFO - Filling up the DagBag from /home/airflow/.local/lib/python3.12/site-packages/airflow/example_dags/example_sla_dag.py
[2025-10-02T22:53:54.516+0000] {processor.py:840} INFO - DAG(s) 'example_sla_dag' retrieved from /home/airflow/.local/lib/python3.12/site-packages/airflow/example_dags/example_sla_dag.py
[2025-10-02T22:53:54.530+0000] {logging_mixin.py:188} INFO - [2025-10-02T22:53:54.530+0000] {dag.py:3096} INFO - Sync 1 DAGs
[2025-10-02T22:53:54.560+0000] {logging_mixin.py:188} INFO - [2025-10-02T22:53:54.560+0000] {dag.py:3954} INFO - Setting next_dagrun for example_sla_dag to 2025-10-02 22:50:00+00:00, run_after=2025-10-02 22:52:00+00:00
[2025-10-02T22:53:54.581+0000] {processor.py:183} INFO - Processing /home/airflow/.local/lib/python3.12/site-packages/airflow/example_dags/example_sla_dag.py took 0.094 seconds
[2025-10-02T22:54:25.916+0000] {processor.py:161} INFO - Started process (PID=319) to work on /home/airflow/.local/lib/python3.12/site-packages/airflow/example_dags/example_sla_dag.py
[2025-10-02T22:54:25.918+0000] {processor.py:830} INFO - Processing file /home/airflow/.local/lib/python3.12/site-packages/airflow/example_dags/example_sla_dag.py for tasks to queue
[2025-10-02T22:54:25.925+0000] {logging_mixin.py:188} INFO - [2025-10-02T22:54:25.924+0000] {dagbag.py:545} INFO - Filling up the DagBag from /home/airflow/.local/lib/python3.12/site-packages/airflow/example_dags/example_sla_dag.py
[2025-10-02T22:54:25.942+0000] {processor.py:840} INFO - DAG(s) 'example_sla_dag' retrieved from /home/airflow/.local/lib/python3.12/site-packages/airflow/example_dags/example_sla_dag.py
[2025-10-02T22:54:26.120+0000] {logging_mixin.py:188} INFO - [2025-10-02T22:54:26.119+0000] {dag.py:3096} INFO - Sync 1 DAGs
[2025-10-02T22:54:26.170+0000] {logging_mixin.py:188} INFO - [2025-10-02T22:54:26.170+0000] {dag.py:3954} INFO - Setting next_dagrun for example_sla_dag to 2025-10-02 22:52:00+00:00, run_after=2025-10-02 22:54:00+00:00
[2025-10-02T22:54:26.203+0000] {processor.py:183} INFO - Processing /home/airflow/.local/lib/python3.12/site-packages/airflow/example_dags/example_sla_dag.py took 0.297 seconds
[2025-10-02T22:54:56.932+0000] {processor.py:161} INFO - Started process (PID=372) to work on /home/airflow/.local/lib/python3.12/site-packages/airflow/example_dags/example_sla_dag.py
[2025-10-02T22:54:56.934+0000] {processor.py:830} INFO - Processing file /home/airflow/.local/lib/python3.12/site-packages/airflow/example_dags/example_sla_dag.py for tasks to queue
[2025-10-02T22:54:56.937+0000] {logging_mixin.py:188} INFO - [2025-10-02T22:54:56.936+0000] {dagbag.py:545} INFO - Filling up the DagBag from /home/airflow/.local/lib/python3.12/site-packages/airflow/example_dags/example_sla_dag.py
[2025-10-02T22:54:56.950+0000] {processor.py:840} INFO - DAG(s) 'example_sla_dag' retrieved from /home/airflow/.local/lib/python3.12/site-packages/airflow/example_dags/example_sla_dag.py
[2025-10-02T22:54:56.977+0000] {logging_mixin.py:188} INFO - [2025-10-02T22:54:56.977+0000] {dag.py:3096} INFO - Sync 1 DAGs
[2025-10-02T22:54:57.009+0000] {logging_mixin.py:188} INFO - [2025-10-02T22:54:57.008+0000] {dag.py:3954} INFO - Setting next_dagrun for example_sla_dag to 2025-10-02 22:52:00+00:00, run_after=2025-10-02 22:54:00+00:00
[2025-10-02T22:54:57.032+0000] {processor.py:183} INFO - Processing /home/airflow/.local/lib/python3.12/site-packages/airflow/example_dags/example_sla_dag.py took 0.110 seconds
[2025-10-02T22:55:27.907+0000] {processor.py:161} INFO - Started process (PID=429) to work on /home/airflow/.local/lib/python3.12/site-packages/airflow/example_dags/example_sla_dag.py
[2025-10-02T22:55:27.911+0000] {processor.py:830} INFO - Processing file /home/airflow/.local/lib/python3.12/site-packages/airflow/example_dags/example_sla_dag.py for tasks to queue
[2025-10-02T22:55:27.916+0000] {logging_mixin.py:188} INFO - [2025-10-02T22:55:27.915+0000] {dagbag.py:545} INFO - Filling up the DagBag from /home/airflow/.local/lib/python3.12/site-packages/airflow/example_dags/example_sla_dag.py
[2025-10-02T22:55:27.938+0000] {processor.py:840} INFO - DAG(s) 'example_sla_dag' retrieved from /home/airflow/.local/lib/python3.12/site-packages/airflow/example_dags/example_sla_dag.py
[2025-10-02T22:55:27.983+0000] {logging_mixin.py:188} INFO - [2025-10-02T22:55:27.983+0000] {dag.py:3096} INFO - Sync 1 DAGs
[2025-10-02T22:55:28.040+0000] {logging_mixin.py:188} INFO - [2025-10-02T22:55:28.039+0000] {dag.py:3954} INFO - Setting next_dagrun for example_sla_dag to 2025-10-02 22:52:00+00:00, run_after=2025-10-02 22:54:00+00:00
[2025-10-02T22:55:28.079+0000] {processor.py:183} INFO - Processing /home/airflow/.local/lib/python3.12/site-packages/airflow/example_dags/example_sla_dag.py took 0.185 seconds
[2025-10-02T22:55:58.457+0000] {processor.py:161} INFO - Started process (PID=483) to work on /home/airflow/.local/lib/python3.12/site-packages/airflow/example_dags/example_sla_dag.py
[2025-10-02T22:55:58.458+0000] {processor.py:830} INFO - Processing file /home/airflow/.local/lib/python3.12/site-packages/airflow/example_dags/example_sla_dag.py for tasks to queue
[2025-10-02T22:55:58.461+0000] {logging_mixin.py:188} INFO - [2025-10-02T22:55:58.461+0000] {dagbag.py:545} INFO - Filling up the DagBag from /home/airflow/.local/lib/python3.12/site-packages/airflow/example_dags/example_sla_dag.py
[2025-10-02T22:55:58.477+0000] {processor.py:840} INFO - DAG(s) 'example_sla_dag' retrieved from /home/airflow/.local/lib/python3.12/site-packages/airflow/example_dags/example_sla_dag.py
[2025-10-02T22:55:58.515+0000] {logging_mixin.py:188} INFO - [2025-10-02T22:55:58.515+0000] {dag.py:3096} INFO - Sync 1 DAGs
[2025-10-02T22:55:58.551+0000] {logging_mixin.py:188} INFO - [2025-10-02T22:55:58.550+0000] {dag.py:3954} INFO - Setting next_dagrun for example_sla_dag to 2025-10-02 22:52:00+00:00, run_after=2025-10-02 22:54:00+00:00
[2025-10-02T22:55:58.574+0000] {processor.py:183} INFO - Processing /home/airflow/.local/lib/python3.12/site-packages/airflow/example_dags/example_sla_dag.py took 0.125 seconds
[2025-10-02T22:56:28.818+0000] {processor.py:161} INFO - Started process (PID=536) to work on /home/airflow/.local/lib/python3.12/site-packages/airflow/example_dags/example_sla_dag.py
[2025-10-02T22:56:28.820+0000] {processor.py:830} INFO - Processing file /home/airflow/.local/lib/python3.12/site-packages/airflow/example_dags/example_sla_dag.py for tasks to queue
[2025-10-02T22:56:28.825+0000] {logging_mixin.py:188} INFO - [2025-10-02T22:56:28.825+0000] {dagbag.py:545} INFO - Filling up the DagBag from /home/airflow/.local/lib/python3.12/site-packages/airflow/example_dags/example_sla_dag.py
[2025-10-02T22:56:28.838+0000] {processor.py:840} INFO - DAG(s) 'example_sla_dag' retrieved from /home/airflow/.local/lib/python3.12/site-packages/airflow/example_dags/example_sla_dag.py
[2025-10-02T22:56:28.862+0000] {logging_mixin.py:188} INFO - [2025-10-02T22:56:28.861+0000] {dag.py:3096} INFO - Sync 1 DAGs
[2025-10-02T22:56:28.894+0000] {logging_mixin.py:188} INFO - [2025-10-02T22:56:28.894+0000] {dag.py:3954} INFO - Setting next_dagrun for example_sla_dag to 2025-10-02 22:54:00+00:00, run_after=2025-10-02 22:56:00+00:00
[2025-10-02T22:56:28.919+0000] {processor.py:183} INFO - Processing /home/airflow/.local/lib/python3.12/site-packages/airflow/example_dags/example_sla_dag.py took 0.112 seconds
[2025-10-02T22:56:59.014+0000] {processor.py:161} INFO - Started process (PID=589) to work on /home/airflow/.local/lib/python3.12/site-packages/airflow/example_dags/example_sla_dag.py
[2025-10-02T22:56:59.016+0000] {processor.py:830} INFO - Processing file /home/airflow/.local/lib/python3.12/site-packages/airflow/example_dags/example_sla_dag.py for tasks to queue
[2025-10-02T22:56:59.020+0000] {logging_mixin.py:188} INFO - [2025-10-02T22:56:59.020+0000] {dagbag.py:545} INFO - Filling up the DagBag from /home/airflow/.local/lib/python3.12/site-packages/airflow/example_dags/example_sla_dag.py
[2025-10-02T22:56:59.035+0000] {processor.py:840} INFO - DAG(s) 'example_sla_dag' retrieved from /home/airflow/.local/lib/python3.12/site-packages/airflow/example_dags/example_sla_dag.py
[2025-10-02T22:56:59.063+0000] {logging_mixin.py:188} INFO - [2025-10-02T22:56:59.062+0000] {dag.py:3096} INFO - Sync 1 DAGs
[2025-10-02T22:56:59.094+0000] {logging_mixin.py:188} INFO - [2025-10-02T22:56:59.094+0000] {dag.py:3954} INFO - Setting next_dagrun for example_sla_dag to 2025-10-02 22:54:00+00:00, run_after=2025-10-02 22:56:00+00:00
[2025-10-02T22:56:59.116+0000] {processor.py:183} INFO - Processing /home/airflow/.local/lib/python3.12/site-packages/airflow/example_dags/example_sla_dag.py took 0.111 seconds
[2025-10-02T22:57:29.663+0000] {processor.py:161} INFO - Started process (PID=643) to work on /home/airflow/.local/lib/python3.12/site-packages/airflow/example_dags/example_sla_dag.py
[2025-10-02T22:57:29.665+0000] {processor.py:830} INFO - Processing file /home/airflow/.local/lib/python3.12/site-packages/airflow/example_dags/example_sla_dag.py for tasks to queue
[2025-10-02T22:57:29.668+0000] {logging_mixin.py:188} INFO - [2025-10-02T22:57:29.668+0000] {dagbag.py:545} INFO - Filling up the DagBag from /home/airflow/.local/lib/python3.12/site-packages/airflow/example_dags/example_sla_dag.py
[2025-10-02T22:57:29.686+0000] {processor.py:840} INFO - DAG(s) 'example_sla_dag' retrieved from /home/airflow/.local/lib/python3.12/site-packages/airflow/example_dags/example_sla_dag.py
[2025-10-02T22:57:29.716+0000] {logging_mixin.py:188} INFO - [2025-10-02T22:57:29.716+0000] {dag.py:3096} INFO - Sync 1 DAGs
[2025-10-02T22:57:29.759+0000] {logging_mixin.py:188} INFO - [2025-10-02T22:57:29.759+0000] {dag.py:3954} INFO - Setting next_dagrun for example_sla_dag to 2025-10-02 22:54:00+00:00, run_after=2025-10-02 22:56:00+00:00
[2025-10-02T22:57:29.783+0000] {processor.py:183} INFO - Processing /home/airflow/.local/lib/python3.12/site-packages/airflow/example_dags/example_sla_dag.py took 0.131 seconds
[2025-10-02T22:58:00.568+0000] {processor.py:161} INFO - Started process (PID=696) to work on /home/airflow/.local/lib/python3.12/site-packages/airflow/example_dags/example_sla_dag.py
[2025-10-02T22:58:00.570+0000] {processor.py:830} INFO - Processing file /home/airflow/.local/lib/python3.12/site-packages/airflow/example_dags/example_sla_dag.py for tasks to queue
[2025-10-02T22:58:00.573+0000] {logging_mixin.py:188} INFO - [2025-10-02T22:58:00.572+0000] {dagbag.py:545} INFO - Filling up the DagBag from /home/airflow/.local/lib/python3.12/site-packages/airflow/example_dags/example_sla_dag.py
[2025-10-02T22:58:00.586+0000] {processor.py:840} INFO - DAG(s) 'example_sla_dag' retrieved from /home/airflow/.local/lib/python3.12/site-packages/airflow/example_dags/example_sla_dag.py
[2025-10-02T22:58:00.605+0000] {logging_mixin.py:188} INFO - [2025-10-02T22:58:00.605+0000] {dag.py:3096} INFO - Sync 1 DAGs
[2025-10-02T22:58:00.638+0000] {logging_mixin.py:188} INFO - [2025-10-02T22:58:00.638+0000] {dag.py:3954} INFO - Setting next_dagrun for example_sla_dag to 2025-10-02 22:56:00+00:00, run_after=2025-10-02 22:58:00+00:00
[2025-10-02T22:58:00.665+0000] {processor.py:183} INFO - Processing /home/airflow/.local/lib/python3.12/site-packages/airflow/example_dags/example_sla_dag.py took 0.106 seconds
[2025-10-02T22:58:30.872+0000] {processor.py:161} INFO - Started process (PID=749) to work on /home/airflow/.local/lib/python3.12/site-packages/airflow/example_dags/example_sla_dag.py
[2025-10-02T22:58:30.874+0000] {processor.py:830} INFO - Processing file /home/airflow/.local/lib/python3.12/site-packages/airflow/example_dags/example_sla_dag.py for tasks to queue
[2025-10-02T22:58:30.878+0000] {logging_mixin.py:188} INFO - [2025-10-02T22:58:30.877+0000] {dagbag.py:545} INFO - Filling up the DagBag from /home/airflow/.local/lib/python3.12/site-packages/airflow/example_dags/example_sla_dag.py
[2025-10-02T22:58:30.894+0000] {processor.py:840} INFO - DAG(s) 'example_sla_dag' retrieved from /home/airflow/.local/lib/python3.12/site-packages/airflow/example_dags/example_sla_dag.py
[2025-10-02T22:58:31.055+0000] {logging_mixin.py:188} INFO - [2025-10-02T22:58:31.055+0000] {dag.py:3096} INFO - Sync 1 DAGs
[2025-10-02T22:58:31.085+0000] {logging_mixin.py:188} INFO - [2025-10-02T22:58:31.085+0000] {dag.py:3954} INFO - Setting next_dagrun for example_sla_dag to 2025-10-02 22:56:00+00:00, run_after=2025-10-02 22:58:00+00:00
[2025-10-02T22:58:31.109+0000] {processor.py:183} INFO - Processing /home/airflow/.local/lib/python3.12/site-packages/airflow/example_dags/example_sla_dag.py took 0.247 seconds
[2025-10-02T22:59:01.319+0000] {processor.py:161} INFO - Started process (PID=802) to work on /home/airflow/.local/lib/python3.12/site-packages/airflow/example_dags/example_sla_dag.py
[2025-10-02T22:59:01.321+0000] {processor.py:830} INFO - Processing file /home/airflow/.local/lib/python3.12/site-packages/airflow/example_dags/example_sla_dag.py for tasks to queue
[2025-10-02T22:59:01.324+0000] {logging_mixin.py:188} INFO - [2025-10-02T22:59:01.323+0000] {dagbag.py:545} INFO - Filling up the DagBag from /home/airflow/.local/lib/python3.12/site-packages/airflow/example_dags/example_sla_dag.py
[2025-10-02T22:59:01.336+0000] {processor.py:840} INFO - DAG(s) 'example_sla_dag' retrieved from /home/airflow/.local/lib/python3.12/site-packages/airflow/example_dags/example_sla_dag.py
[2025-10-02T22:59:01.364+0000] {logging_mixin.py:188} INFO - [2025-10-02T22:59:01.364+0000] {dag.py:3096} INFO - Sync 1 DAGs
[2025-10-02T22:59:01.395+0000] {logging_mixin.py:188} INFO - [2025-10-02T22:59:01.395+0000] {dag.py:3954} INFO - Setting next_dagrun for example_sla_dag to 2025-10-02 22:56:00+00:00, run_after=2025-10-02 22:58:00+00:00
[2025-10-02T22:59:01.419+0000] {processor.py:183} INFO - Processing /home/airflow/.local/lib/python3.12/site-packages/airflow/example_dags/example_sla_dag.py took 0.109 seconds
[2025-10-02T22:59:31.612+0000] {processor.py:161} INFO - Started process (PID=855) to work on /home/airflow/.local/lib/python3.12/site-packages/airflow/example_dags/example_sla_dag.py
[2025-10-02T22:59:31.614+0000] {processor.py:830} INFO - Processing file /home/airflow/.local/lib/python3.12/site-packages/airflow/example_dags/example_sla_dag.py for tasks to queue
[2025-10-02T22:59:31.617+0000] {logging_mixin.py:188} INFO - [2025-10-02T22:59:31.616+0000] {dagbag.py:545} INFO - Filling up the DagBag from /home/airflow/.local/lib/python3.12/site-packages/airflow/example_dags/example_sla_dag.py
[2025-10-02T22:59:31.629+0000] {processor.py:840} INFO - DAG(s) 'example_sla_dag' retrieved from /home/airflow/.local/lib/python3.12/site-packages/airflow/example_dags/example_sla_dag.py
[2025-10-02T22:59:31.655+0000] {logging_mixin.py:188} INFO - [2025-10-02T22:59:31.655+0000] {dag.py:3096} INFO - Sync 1 DAGs
[2025-10-02T22:59:31.686+0000] {logging_mixin.py:188} INFO - [2025-10-02T22:59:31.686+0000] {dag.py:3954} INFO - Setting next_dagrun for example_sla_dag to 2025-10-02 22:56:00+00:00, run_after=2025-10-02 22:58:00+00:00
[2025-10-02T22:59:31.720+0000] {processor.py:183} INFO - Processing /home/airflow/.local/lib/python3.12/site-packages/airflow/example_dags/example_sla_dag.py took 0.117 seconds
[2025-10-02T23:00:02.193+0000] {processor.py:161} INFO - Started process (PID=908) to work on /home/airflow/.local/lib/python3.12/site-packages/airflow/example_dags/example_sla_dag.py
[2025-10-02T23:00:02.194+0000] {processor.py:830} INFO - Processing file /home/airflow/.local/lib/python3.12/site-packages/airflow/example_dags/example_sla_dag.py for tasks to queue
[2025-10-02T23:00:02.197+0000] {logging_mixin.py:188} INFO - [2025-10-02T23:00:02.197+0000] {dagbag.py:545} INFO - Filling up the DagBag from /home/airflow/.local/lib/python3.12/site-packages/airflow/example_dags/example_sla_dag.py
[2025-10-02T23:00:02.208+0000] {processor.py:840} INFO - DAG(s) 'example_sla_dag' retrieved from /home/airflow/.local/lib/python3.12/site-packages/airflow/example_dags/example_sla_dag.py
[2025-10-02T23:00:02.234+0000] {logging_mixin.py:188} INFO - [2025-10-02T23:00:02.234+0000] {dag.py:3096} INFO - Sync 1 DAGs
[2025-10-02T23:00:02.267+0000] {logging_mixin.py:188} INFO - [2025-10-02T23:00:02.266+0000] {dag.py:3954} INFO - Setting next_dagrun for example_sla_dag to 2025-10-02 22:58:00+00:00, run_after=2025-10-02 23:00:00+00:00
[2025-10-02T23:00:02.291+0000] {processor.py:183} INFO - Processing /home/airflow/.local/lib/python3.12/site-packages/airflow/example_dags/example_sla_dag.py took 0.106 seconds
[2025-10-02T23:00:32.563+0000] {processor.py:161} INFO - Started process (PID=961) to work on /home/airflow/.local/lib/python3.12/site-packages/airflow/example_dags/example_sla_dag.py
[2025-10-02T23:00:32.564+0000] {processor.py:830} INFO - Processing file /home/airflow/.local/lib/python3.12/site-packages/airflow/example_dags/example_sla_dag.py for tasks to queue
[2025-10-02T23:00:32.567+0000] {logging_mixin.py:188} INFO - [2025-10-02T23:00:32.567+0000] {dagbag.py:545} INFO - Filling up the DagBag from /home/airflow/.local/lib/python3.12/site-packages/airflow/example_dags/example_sla_dag.py
[2025-10-02T23:00:32.580+0000] {processor.py:840} INFO - DAG(s) 'example_sla_dag' retrieved from /home/airflow/.local/lib/python3.12/site-packages/airflow/example_dags/example_sla_dag.py
[2025-10-02T23:00:32.609+0000] {logging_mixin.py:188} INFO - [2025-10-02T23:00:32.609+0000] {dag.py:3096} INFO - Sync 1 DAGs
[2025-10-02T23:00:32.642+0000] {logging_mixin.py:188} INFO - [2025-10-02T23:00:32.642+0000] {dag.py:3954} INFO - Setting next_dagrun for example_sla_dag to 2025-10-02 22:58:00+00:00, run_after=2025-10-02 23:00:00+00:00
[2025-10-02T23:00:32.667+0000] {processor.py:183} INFO - Processing /home/airflow/.local/lib/python3.12/site-packages/airflow/example_dags/example_sla_dag.py took 0.114 seconds
[2025-10-02T23:01:02.965+0000] {processor.py:161} INFO - Started process (PID=1014) to work on /home/airflow/.local/lib/python3.12/site-packages/airflow/example_dags/example_sla_dag.py
[2025-10-02T23:01:02.966+0000] {processor.py:830} INFO - Processing file /home/airflow/.local/lib/python3.12/site-packages/airflow/example_dags/example_sla_dag.py for tasks to queue
[2025-10-02T23:01:02.969+0000] {logging_mixin.py:188} INFO - [2025-10-02T23:01:02.969+0000] {dagbag.py:545} INFO - Filling up the DagBag from /home/airflow/.local/lib/python3.12/site-packages/airflow/example_dags/example_sla_dag.py
[2025-10-02T23:01:02.981+0000] {processor.py:840} INFO - DAG(s) 'example_sla_dag' retrieved from /home/airflow/.local/lib/python3.12/site-packages/airflow/example_dags/example_sla_dag.py
[2025-10-02T23:01:03.007+0000] {logging_mixin.py:188} INFO - [2025-10-02T23:01:03.006+0000] {dag.py:3096} INFO - Sync 1 DAGs
[2025-10-02T23:01:03.039+0000] {logging_mixin.py:188} INFO - [2025-10-02T23:01:03.039+0000] {dag.py:3954} INFO - Setting next_dagrun for example_sla_dag to 2025-10-02 22:58:00+00:00, run_after=2025-10-02 23:00:00+00:00
[2025-10-02T23:01:03.064+0000] {processor.py:183} INFO - Processing /home/airflow/.local/lib/python3.12/site-packages/airflow/example_dags/example_sla_dag.py took 0.108 seconds
[2025-10-02T23:01:33.377+0000] {processor.py:161} INFO - Started process (PID=1067) to work on /home/airflow/.local/lib/python3.12/site-packages/airflow/example_dags/example_sla_dag.py
[2025-10-02T23:01:33.378+0000] {processor.py:830} INFO - Processing file /home/airflow/.local/lib/python3.12/site-packages/airflow/example_dags/example_sla_dag.py for tasks to queue
[2025-10-02T23:01:33.381+0000] {logging_mixin.py:188} INFO - [2025-10-02T23:01:33.381+0000] {dagbag.py:545} INFO - Filling up the DagBag from /home/airflow/.local/lib/python3.12/site-packages/airflow/example_dags/example_sla_dag.py
[2025-10-02T23:01:33.393+0000] {processor.py:840} INFO - DAG(s) 'example_sla_dag' retrieved from /home/airflow/.local/lib/python3.12/site-packages/airflow/example_dags/example_sla_dag.py
[2025-10-02T23:01:33.422+0000] {logging_mixin.py:188} INFO - [2025-10-02T23:01:33.422+0000] {dag.py:3096} INFO - Sync 1 DAGs
[2025-10-02T23:01:33.455+0000] {logging_mixin.py:188} INFO - [2025-10-02T23:01:33.455+0000] {dag.py:3954} INFO - Setting next_dagrun for example_sla_dag to 2025-10-02 22:58:00+00:00, run_after=2025-10-02 23:00:00+00:00
[2025-10-02T23:01:33.484+0000] {processor.py:183} INFO - Processing /home/airflow/.local/lib/python3.12/site-packages/airflow/example_dags/example_sla_dag.py took 0.116 seconds
[2025-10-02T23:02:03.740+0000] {processor.py:161} INFO - Started process (PID=1120) to work on /home/airflow/.local/lib/python3.12/site-packages/airflow/example_dags/example_sla_dag.py
[2025-10-02T23:02:03.742+0000] {processor.py:830} INFO - Processing file /home/airflow/.local/lib/python3.12/site-packages/airflow/example_dags/example_sla_dag.py for tasks to queue
[2025-10-02T23:02:03.745+0000] {logging_mixin.py:188} INFO - [2025-10-02T23:02:03.744+0000] {dagbag.py:545} INFO - Filling up the DagBag from /home/airflow/.local/lib/python3.12/site-packages/airflow/example_dags/example_sla_dag.py
[2025-10-02T23:02:03.758+0000] {processor.py:840} INFO - DAG(s) 'example_sla_dag' retrieved from /home/airflow/.local/lib/python3.12/site-packages/airflow/example_dags/example_sla_dag.py
[2025-10-02T23:02:03.794+0000] {logging_mixin.py:188} INFO - [2025-10-02T23:02:03.793+0000] {dag.py:3096} INFO - Sync 1 DAGs
[2025-10-02T23:02:03.847+0000] {logging_mixin.py:188} INFO - [2025-10-02T23:02:03.846+0000] {dag.py:3954} INFO - Setting next_dagrun for example_sla_dag to 2025-10-02 23:00:00+00:00, run_after=2025-10-02 23:02:00+00:00
[2025-10-02T23:02:03.903+0000] {processor.py:183} INFO - Processing /home/airflow/.local/lib/python3.12/site-packages/airflow/example_dags/example_sla_dag.py took 0.172 seconds
[2025-10-02T23:02:34.349+0000] {processor.py:161} INFO - Started process (PID=1172) to work on /home/airflow/.local/lib/python3.12/site-packages/airflow/example_dags/example_sla_dag.py
[2025-10-02T23:02:34.350+0000] {processor.py:830} INFO - Processing file /home/airflow/.local/lib/python3.12/site-packages/airflow/example_dags/example_sla_dag.py for tasks to queue
[2025-10-02T23:02:34.353+0000] {logging_mixin.py:188} INFO - [2025-10-02T23:02:34.353+0000] {dagbag.py:545} INFO - Filling up the DagBag from /home/airflow/.local/lib/python3.12/site-packages/airflow/example_dags/example_sla_dag.py
[2025-10-02T23:02:34.366+0000] {processor.py:840} INFO - DAG(s) 'example_sla_dag' retrieved from /home/airflow/.local/lib/python3.12/site-packages/airflow/example_dags/example_sla_dag.py
[2025-10-02T23:02:34.399+0000] {logging_mixin.py:188} INFO - [2025-10-02T23:02:34.399+0000] {dag.py:3096} INFO - Sync 1 DAGs
[2025-10-02T23:02:34.435+0000] {logging_mixin.py:188} INFO - [2025-10-02T23:02:34.435+0000] {dag.py:3954} INFO - Setting next_dagrun for example_sla_dag to 2025-10-02 23:00:00+00:00, run_after=2025-10-02 23:02:00+00:00
[2025-10-02T23:02:34.460+0000] {processor.py:183} INFO - Processing /home/airflow/.local/lib/python3.12/site-packages/airflow/example_dags/example_sla_dag.py took 0.121 seconds
[2025-10-02T23:03:04.745+0000] {processor.py:161} INFO - Started process (PID=1225) to work on /home/airflow/.local/lib/python3.12/site-packages/airflow/example_dags/example_sla_dag.py
[2025-10-02T23:03:04.746+0000] {processor.py:830} INFO - Processing file /home/airflow/.local/lib/python3.12/site-packages/airflow/example_dags/example_sla_dag.py for tasks to queue
[2025-10-02T23:03:04.749+0000] {logging_mixin.py:188} INFO - [2025-10-02T23:03:04.749+0000] {dagbag.py:545} INFO - Filling up the DagBag from /home/airflow/.local/lib/python3.12/site-packages/airflow/example_dags/example_sla_dag.py
[2025-10-02T23:03:04.761+0000] {processor.py:840} INFO - DAG(s) 'example_sla_dag' retrieved from /home/airflow/.local/lib/python3.12/site-packages/airflow/example_dags/example_sla_dag.py
[2025-10-02T23:03:04.788+0000] {logging_mixin.py:188} INFO - [2025-10-02T23:03:04.788+0000] {dag.py:3096} INFO - Sync 1 DAGs
[2025-10-02T23:03:04.819+0000] {logging_mixin.py:188} INFO - [2025-10-02T23:03:04.818+0000] {dag.py:3954} INFO - Setting next_dagrun for example_sla_dag to 2025-10-02 23:00:00+00:00, run_after=2025-10-02 23:02:00+00:00
[2025-10-02T23:03:04.843+0000] {processor.py:183} INFO - Processing /home/airflow/.local/lib/python3.12/site-packages/airflow/example_dags/example_sla_dag.py took 0.108 seconds
[2025-10-02T23:03:35.329+0000] {processor.py:161} INFO - Started process (PID=1278) to work on /home/airflow/.local/lib/python3.12/site-packages/airflow/example_dags/example_sla_dag.py
[2025-10-02T23:03:35.330+0000] {processor.py:830} INFO - Processing file /home/airflow/.local/lib/python3.12/site-packages/airflow/example_dags/example_sla_dag.py for tasks to queue
[2025-10-02T23:03:35.334+0000] {logging_mixin.py:188} INFO - [2025-10-02T23:03:35.334+0000] {dagbag.py:545} INFO - Filling up the DagBag from /home/airflow/.local/lib/python3.12/site-packages/airflow/example_dags/example_sla_dag.py
[2025-10-02T23:03:35.350+0000] {processor.py:840} INFO - DAG(s) 'example_sla_dag' retrieved from /home/airflow/.local/lib/python3.12/site-packages/airflow/example_dags/example_sla_dag.py
[2025-10-02T23:03:35.376+0000] {logging_mixin.py:188} INFO - [2025-10-02T23:03:35.376+0000] {dag.py:3096} INFO - Sync 1 DAGs
[2025-10-02T23:03:35.409+0000] {logging_mixin.py:188} INFO - [2025-10-02T23:03:35.408+0000] {dag.py:3954} INFO - Setting next_dagrun for example_sla_dag to 2025-10-02 23:00:00+00:00, run_after=2025-10-02 23:02:00+00:00
[2025-10-02T23:03:35.434+0000] {processor.py:183} INFO - Processing /home/airflow/.local/lib/python3.12/site-packages/airflow/example_dags/example_sla_dag.py took 0.116 seconds
[2025-10-02T23:04:06.751+0000] {processor.py:161} INFO - Started process (PID=1331) to work on /home/airflow/.local/lib/python3.12/site-packages/airflow/example_dags/example_sla_dag.py
[2025-10-02T23:04:06.753+0000] {processor.py:830} INFO - Processing file /home/airflow/.local/lib/python3.12/site-packages/airflow/example_dags/example_sla_dag.py for tasks to queue
[2025-10-02T23:04:06.756+0000] {logging_mixin.py:188} INFO - [2025-10-02T23:04:06.755+0000] {dagbag.py:545} INFO - Filling up the DagBag from /home/airflow/.local/lib/python3.12/site-packages/airflow/example_dags/example_sla_dag.py
[2025-10-02T23:04:06.773+0000] {processor.py:840} INFO - DAG(s) 'example_sla_dag' retrieved from /home/airflow/.local/lib/python3.12/site-packages/airflow/example_dags/example_sla_dag.py
[2025-10-02T23:04:06.810+0000] {logging_mixin.py:188} INFO - [2025-10-02T23:04:06.809+0000] {dag.py:3096} INFO - Sync 1 DAGs
[2025-10-02T23:04:06.857+0000] {logging_mixin.py:188} INFO - [2025-10-02T23:04:06.857+0000] {dag.py:3954} INFO - Setting next_dagrun for example_sla_dag to 2025-10-02 23:02:00+00:00, run_after=2025-10-02 23:04:00+00:00
[2025-10-02T23:04:06.887+0000] {processor.py:183} INFO - Processing /home/airflow/.local/lib/python3.12/site-packages/airflow/example_dags/example_sla_dag.py took 0.150 seconds
[2025-10-02T23:04:37.186+0000] {processor.py:161} INFO - Started process (PID=1384) to work on /home/airflow/.local/lib/python3.12/site-packages/airflow/example_dags/example_sla_dag.py
[2025-10-02T23:04:37.190+0000] {processor.py:830} INFO - Processing file /home/airflow/.local/lib/python3.12/site-packages/airflow/example_dags/example_sla_dag.py for tasks to queue
[2025-10-02T23:04:37.196+0000] {logging_mixin.py:188} INFO - [2025-10-02T23:04:37.194+0000] {dagbag.py:545} INFO - Filling up the DagBag from /home/airflow/.local/lib/python3.12/site-packages/airflow/example_dags/example_sla_dag.py
[2025-10-02T23:04:37.222+0000] {processor.py:840} INFO - DAG(s) 'example_sla_dag' retrieved from /home/airflow/.local/lib/python3.12/site-packages/airflow/example_dags/example_sla_dag.py
[2025-10-02T23:04:37.284+0000] {logging_mixin.py:188} INFO - [2025-10-02T23:04:37.284+0000] {dag.py:3096} INFO - Sync 1 DAGs
[2025-10-02T23:04:37.344+0000] {logging_mixin.py:188} INFO - [2025-10-02T23:04:37.343+0000] {dag.py:3954} INFO - Setting next_dagrun for example_sla_dag to 2025-10-02 23:02:00+00:00, run_after=2025-10-02 23:04:00+00:00
[2025-10-02T23:04:37.386+0000] {processor.py:183} INFO - Processing /home/airflow/.local/lib/python3.12/site-packages/airflow/example_dags/example_sla_dag.py took 0.220 seconds
[2025-10-02T23:05:08.390+0000] {processor.py:161} INFO - Started process (PID=1437) to work on /home/airflow/.local/lib/python3.12/site-packages/airflow/example_dags/example_sla_dag.py
[2025-10-02T23:05:08.392+0000] {processor.py:830} INFO - Processing file /home/airflow/.local/lib/python3.12/site-packages/airflow/example_dags/example_sla_dag.py for tasks to queue
[2025-10-02T23:05:08.397+0000] {logging_mixin.py:188} INFO - [2025-10-02T23:05:08.396+0000] {dagbag.py:545} INFO - Filling up the DagBag from /home/airflow/.local/lib/python3.12/site-packages/airflow/example_dags/example_sla_dag.py
[2025-10-02T23:05:08.415+0000] {processor.py:840} INFO - DAG(s) 'example_sla_dag' retrieved from /home/airflow/.local/lib/python3.12/site-packages/airflow/example_dags/example_sla_dag.py
[2025-10-02T23:05:08.456+0000] {logging_mixin.py:188} INFO - [2025-10-02T23:05:08.456+0000] {dag.py:3096} INFO - Sync 1 DAGs
[2025-10-02T23:05:08.501+0000] {logging_mixin.py:188} INFO - [2025-10-02T23:05:08.501+0000] {dag.py:3954} INFO - Setting next_dagrun for example_sla_dag to 2025-10-02 23:02:00+00:00, run_after=2025-10-02 23:04:00+00:00
[2025-10-02T23:05:08.533+0000] {processor.py:183} INFO - Processing /home/airflow/.local/lib/python3.12/site-packages/airflow/example_dags/example_sla_dag.py took 0.155 seconds
[2025-10-02T23:05:38.977+0000] {processor.py:161} INFO - Started process (PID=1490) to work on /home/airflow/.local/lib/python3.12/site-packages/airflow/example_dags/example_sla_dag.py
[2025-10-02T23:05:38.979+0000] {processor.py:830} INFO - Processing file /home/airflow/.local/lib/python3.12/site-packages/airflow/example_dags/example_sla_dag.py for tasks to queue
[2025-10-02T23:05:38.983+0000] {logging_mixin.py:188} INFO - [2025-10-02T23:05:38.982+0000] {dagbag.py:545} INFO - Filling up the DagBag from /home/airflow/.local/lib/python3.12/site-packages/airflow/example_dags/example_sla_dag.py
[2025-10-02T23:05:38.998+0000] {processor.py:840} INFO - DAG(s) 'example_sla_dag' retrieved from /home/airflow/.local/lib/python3.12/site-packages/airflow/example_dags/example_sla_dag.py
[2025-10-02T23:05:39.037+0000] {logging_mixin.py:188} INFO - [2025-10-02T23:05:39.037+0000] {dag.py:3096} INFO - Sync 1 DAGs
[2025-10-02T23:05:39.076+0000] {logging_mixin.py:188} INFO - [2025-10-02T23:05:39.076+0000] {dag.py:3954} INFO - Setting next_dagrun for example_sla_dag to 2025-10-02 23:02:00+00:00, run_after=2025-10-02 23:04:00+00:00
[2025-10-02T23:05:39.106+0000] {processor.py:183} INFO - Processing /home/airflow/.local/lib/python3.12/site-packages/airflow/example_dags/example_sla_dag.py took 0.140 seconds
[2025-10-02T23:06:09.765+0000] {processor.py:161} INFO - Started process (PID=1543) to work on /home/airflow/.local/lib/python3.12/site-packages/airflow/example_dags/example_sla_dag.py
[2025-10-02T23:06:09.767+0000] {processor.py:830} INFO - Processing file /home/airflow/.local/lib/python3.12/site-packages/airflow/example_dags/example_sla_dag.py for tasks to queue
[2025-10-02T23:06:09.770+0000] {logging_mixin.py:188} INFO - [2025-10-02T23:06:09.770+0000] {dagbag.py:545} INFO - Filling up the DagBag from /home/airflow/.local/lib/python3.12/site-packages/airflow/example_dags/example_sla_dag.py
[2025-10-02T23:06:09.782+0000] {processor.py:840} INFO - DAG(s) 'example_sla_dag' retrieved from /home/airflow/.local/lib/python3.12/site-packages/airflow/example_dags/example_sla_dag.py
[2025-10-02T23:06:09.811+0000] {logging_mixin.py:188} INFO - [2025-10-02T23:06:09.810+0000] {dag.py:3096} INFO - Sync 1 DAGs
[2025-10-02T23:06:09.853+0000] {logging_mixin.py:188} INFO - [2025-10-02T23:06:09.853+0000] {dag.py:3954} INFO - Setting next_dagrun for example_sla_dag to 2025-10-02 23:04:00+00:00, run_after=2025-10-02 23:06:00+00:00
[2025-10-02T23:06:09.878+0000] {processor.py:183} INFO - Processing /home/airflow/.local/lib/python3.12/site-packages/airflow/example_dags/example_sla_dag.py took 0.122 seconds
[2025-10-02T23:06:40.183+0000] {processor.py:161} INFO - Started process (PID=1596) to work on /home/airflow/.local/lib/python3.12/site-packages/airflow/example_dags/example_sla_dag.py
[2025-10-02T23:06:40.184+0000] {processor.py:830} INFO - Processing file /home/airflow/.local/lib/python3.12/site-packages/airflow/example_dags/example_sla_dag.py for tasks to queue
[2025-10-02T23:06:40.188+0000] {logging_mixin.py:188} INFO - [2025-10-02T23:06:40.188+0000] {dagbag.py:545} INFO - Filling up the DagBag from /home/airflow/.local/lib/python3.12/site-packages/airflow/example_dags/example_sla_dag.py
[2025-10-02T23:06:40.202+0000] {processor.py:840} INFO - DAG(s) 'example_sla_dag' retrieved from /home/airflow/.local/lib/python3.12/site-packages/airflow/example_dags/example_sla_dag.py
[2025-10-02T23:06:40.239+0000] {logging_mixin.py:188} INFO - [2025-10-02T23:06:40.238+0000] {dag.py:3096} INFO - Sync 1 DAGs
[2025-10-02T23:06:40.516+0000] {logging_mixin.py:188} INFO - [2025-10-02T23:06:40.515+0000] {dag.py:3954} INFO - Setting next_dagrun for example_sla_dag to 2025-10-02 23:04:00+00:00, run_after=2025-10-02 23:06:00+00:00
[2025-10-02T23:06:40.546+0000] {processor.py:183} INFO - Processing /home/airflow/.local/lib/python3.12/site-packages/airflow/example_dags/example_sla_dag.py took 0.373 seconds
[2025-10-02T23:07:11.228+0000] {processor.py:161} INFO - Started process (PID=1649) to work on /home/airflow/.local/lib/python3.12/site-packages/airflow/example_dags/example_sla_dag.py
[2025-10-02T23:07:11.230+0000] {processor.py:830} INFO - Processing file /home/airflow/.local/lib/python3.12/site-packages/airflow/example_dags/example_sla_dag.py for tasks to queue
[2025-10-02T23:07:11.234+0000] {logging_mixin.py:188} INFO - [2025-10-02T23:07:11.233+0000] {dagbag.py:545} INFO - Filling up the DagBag from /home/airflow/.local/lib/python3.12/site-packages/airflow/example_dags/example_sla_dag.py
[2025-10-02T23:07:11.250+0000] {processor.py:840} INFO - DAG(s) 'example_sla_dag' retrieved from /home/airflow/.local/lib/python3.12/site-packages/airflow/example_dags/example_sla_dag.py
[2025-10-02T23:07:11.286+0000] {logging_mixin.py:188} INFO - [2025-10-02T23:07:11.285+0000] {dag.py:3096} INFO - Sync 1 DAGs
[2025-10-02T23:07:11.336+0000] {logging_mixin.py:188} INFO - [2025-10-02T23:07:11.335+0000] {dag.py:3954} INFO - Setting next_dagrun for example_sla_dag to 2025-10-02 23:04:00+00:00, run_after=2025-10-02 23:06:00+00:00
[2025-10-02T23:07:11.608+0000] {processor.py:183} INFO - Processing /home/airflow/.local/lib/python3.12/site-packages/airflow/example_dags/example_sla_dag.py took 0.394 seconds
[2025-10-02T23:07:41.776+0000] {processor.py:161} INFO - Started process (PID=1703) to work on /home/airflow/.local/lib/python3.12/site-packages/airflow/example_dags/example_sla_dag.py
[2025-10-02T23:07:41.777+0000] {processor.py:830} INFO - Processing file /home/airflow/.local/lib/python3.12/site-packages/airflow/example_dags/example_sla_dag.py for tasks to queue
[2025-10-02T23:07:41.780+0000] {logging_mixin.py:188} INFO - [2025-10-02T23:07:41.780+0000] {dagbag.py:545} INFO - Filling up the DagBag from /home/airflow/.local/lib/python3.12/site-packages/airflow/example_dags/example_sla_dag.py
[2025-10-02T23:07:41.791+0000] {processor.py:840} INFO - DAG(s) 'example_sla_dag' retrieved from /home/airflow/.local/lib/python3.12/site-packages/airflow/example_dags/example_sla_dag.py
[2025-10-02T23:07:41.817+0000] {logging_mixin.py:188} INFO - [2025-10-02T23:07:41.817+0000] {dag.py:3096} INFO - Sync 1 DAGs
[2025-10-02T23:07:41.854+0000] {logging_mixin.py:188} INFO - [2025-10-02T23:07:41.854+0000] {dag.py:3954} INFO - Setting next_dagrun for example_sla_dag to 2025-10-02 23:04:00+00:00, run_after=2025-10-02 23:06:00+00:00
[2025-10-02T23:07:41.879+0000] {processor.py:183} INFO - Processing /home/airflow/.local/lib/python3.12/site-packages/airflow/example_dags/example_sla_dag.py took 0.112 seconds
[2025-10-02T23:08:12.652+0000] {processor.py:161} INFO - Started process (PID=1755) to work on /home/airflow/.local/lib/python3.12/site-packages/airflow/example_dags/example_sla_dag.py
[2025-10-02T23:08:12.654+0000] {processor.py:830} INFO - Processing file /home/airflow/.local/lib/python3.12/site-packages/airflow/example_dags/example_sla_dag.py for tasks to queue
[2025-10-02T23:08:12.657+0000] {logging_mixin.py:188} INFO - [2025-10-02T23:08:12.656+0000] {dagbag.py:545} INFO - Filling up the DagBag from /home/airflow/.local/lib/python3.12/site-packages/airflow/example_dags/example_sla_dag.py
[2025-10-02T23:08:12.899+0000] {processor.py:840} INFO - DAG(s) 'example_sla_dag' retrieved from /home/airflow/.local/lib/python3.12/site-packages/airflow/example_dags/example_sla_dag.py
[2025-10-02T23:08:12.921+0000] {logging_mixin.py:188} INFO - [2025-10-02T23:08:12.921+0000] {dag.py:3096} INFO - Sync 1 DAGs
[2025-10-02T23:08:12.950+0000] {logging_mixin.py:188} INFO - [2025-10-02T23:08:12.950+0000] {dag.py:3954} INFO - Setting next_dagrun for example_sla_dag to 2025-10-02 23:06:00+00:00, run_after=2025-10-02 23:08:00+00:00
[2025-10-02T23:08:12.974+0000] {processor.py:183} INFO - Processing /home/airflow/.local/lib/python3.12/site-packages/airflow/example_dags/example_sla_dag.py took 0.333 seconds
[2025-10-02T23:08:43.466+0000] {processor.py:161} INFO - Started process (PID=1808) to work on /home/airflow/.local/lib/python3.12/site-packages/airflow/example_dags/example_sla_dag.py
[2025-10-02T23:08:43.468+0000] {processor.py:830} INFO - Processing file /home/airflow/.local/lib/python3.12/site-packages/airflow/example_dags/example_sla_dag.py for tasks to queue
[2025-10-02T23:08:43.471+0000] {logging_mixin.py:188} INFO - [2025-10-02T23:08:43.470+0000] {dagbag.py:545} INFO - Filling up the DagBag from /home/airflow/.local/lib/python3.12/site-packages/airflow/example_dags/example_sla_dag.py
[2025-10-02T23:08:43.482+0000] {processor.py:840} INFO - DAG(s) 'example_sla_dag' retrieved from /home/airflow/.local/lib/python3.12/site-packages/airflow/example_dags/example_sla_dag.py
[2025-10-02T23:08:43.508+0000] {logging_mixin.py:188} INFO - [2025-10-02T23:08:43.508+0000] {dag.py:3096} INFO - Sync 1 DAGs
[2025-10-02T23:08:43.539+0000] {logging_mixin.py:188} INFO - [2025-10-02T23:08:43.539+0000] {dag.py:3954} INFO - Setting next_dagrun for example_sla_dag to 2025-10-02 23:06:00+00:00, run_after=2025-10-02 23:08:00+00:00
[2025-10-02T23:08:43.568+0000] {processor.py:183} INFO - Processing /home/airflow/.local/lib/python3.12/site-packages/airflow/example_dags/example_sla_dag.py took 0.111 seconds
[2025-10-02T23:09:14.080+0000] {processor.py:161} INFO - Started process (PID=1861) to work on /home/airflow/.local/lib/python3.12/site-packages/airflow/example_dags/example_sla_dag.py
[2025-10-02T23:09:14.081+0000] {processor.py:830} INFO - Processing file /home/airflow/.local/lib/python3.12/site-packages/airflow/example_dags/example_sla_dag.py for tasks to queue
[2025-10-02T23:09:14.085+0000] {logging_mixin.py:188} INFO - [2025-10-02T23:09:14.084+0000] {dagbag.py:545} INFO - Filling up the DagBag from /home/airflow/.local/lib/python3.12/site-packages/airflow/example_dags/example_sla_dag.py
[2025-10-02T23:09:14.101+0000] {processor.py:840} INFO - DAG(s) 'example_sla_dag' retrieved from /home/airflow/.local/lib/python3.12/site-packages/airflow/example_dags/example_sla_dag.py
[2025-10-02T23:09:14.134+0000] {logging_mixin.py:188} INFO - [2025-10-02T23:09:14.133+0000] {dag.py:3096} INFO - Sync 1 DAGs
[2025-10-02T23:09:14.175+0000] {logging_mixin.py:188} INFO - [2025-10-02T23:09:14.175+0000] {dag.py:3954} INFO - Setting next_dagrun for example_sla_dag to 2025-10-02 23:06:00+00:00, run_after=2025-10-02 23:08:00+00:00
[2025-10-02T23:09:14.200+0000] {processor.py:183} INFO - Processing /home/airflow/.local/lib/python3.12/site-packages/airflow/example_dags/example_sla_dag.py took 0.134 seconds
[2025-10-02T23:09:44.956+0000] {processor.py:161} INFO - Started process (PID=1914) to work on /home/airflow/.local/lib/python3.12/site-packages/airflow/example_dags/example_sla_dag.py
[2025-10-02T23:09:44.958+0000] {processor.py:830} INFO - Processing file /home/airflow/.local/lib/python3.12/site-packages/airflow/example_dags/example_sla_dag.py for tasks to queue
[2025-10-02T23:09:44.962+0000] {logging_mixin.py:188} INFO - [2025-10-02T23:09:44.961+0000] {dagbag.py:545} INFO - Filling up the DagBag from /home/airflow/.local/lib/python3.12/site-packages/airflow/example_dags/example_sla_dag.py
[2025-10-02T23:09:44.975+0000] {processor.py:840} INFO - DAG(s) 'example_sla_dag' retrieved from /home/airflow/.local/lib/python3.12/site-packages/airflow/example_dags/example_sla_dag.py
[2025-10-02T23:09:45.003+0000] {logging_mixin.py:188} INFO - [2025-10-02T23:09:45.003+0000] {dag.py:3096} INFO - Sync 1 DAGs
[2025-10-02T23:09:45.035+0000] {logging_mixin.py:188} INFO - [2025-10-02T23:09:45.034+0000] {dag.py:3954} INFO - Setting next_dagrun for example_sla_dag to 2025-10-02 23:06:00+00:00, run_after=2025-10-02 23:08:00+00:00
[2025-10-02T23:09:45.060+0000] {processor.py:183} INFO - Processing /home/airflow/.local/lib/python3.12/site-packages/airflow/example_dags/example_sla_dag.py took 0.113 seconds
[2025-10-02T23:10:15.538+0000] {processor.py:161} INFO - Started process (PID=1967) to work on /home/airflow/.local/lib/python3.12/site-packages/airflow/example_dags/example_sla_dag.py
[2025-10-02T23:10:15.540+0000] {processor.py:830} INFO - Processing file /home/airflow/.local/lib/python3.12/site-packages/airflow/example_dags/example_sla_dag.py for tasks to queue
[2025-10-02T23:10:15.545+0000] {logging_mixin.py:188} INFO - [2025-10-02T23:10:15.544+0000] {dagbag.py:545} INFO - Filling up the DagBag from /home/airflow/.local/lib/python3.12/site-packages/airflow/example_dags/example_sla_dag.py
[2025-10-02T23:10:15.565+0000] {processor.py:840} INFO - DAG(s) 'example_sla_dag' retrieved from /home/airflow/.local/lib/python3.12/site-packages/airflow/example_dags/example_sla_dag.py
[2025-10-02T23:10:15.596+0000] {logging_mixin.py:188} INFO - [2025-10-02T23:10:15.596+0000] {dag.py:3096} INFO - Sync 1 DAGs
[2025-10-02T23:10:15.645+0000] {logging_mixin.py:188} INFO - [2025-10-02T23:10:15.645+0000] {dag.py:3954} INFO - Setting next_dagrun for example_sla_dag to 2025-10-02 23:08:00+00:00, run_after=2025-10-02 23:10:00+00:00
[2025-10-02T23:10:15.688+0000] {processor.py:183} INFO - Processing /home/airflow/.local/lib/python3.12/site-packages/airflow/example_dags/example_sla_dag.py took 0.163 seconds
