[2025-10-02T22:50:41.051+0000] {processor.py:161} INFO - Started process (PID=61) to work on /home/airflow/.local/lib/python3.12/site-packages/airflow/example_dags/tutorial_objectstorage.py
[2025-10-02T22:50:41.052+0000] {processor.py:830} INFO - Processing file /home/airflow/.local/lib/python3.12/site-packages/airflow/example_dags/tutorial_objectstorage.py for tasks to queue
[2025-10-02T22:50:41.055+0000] {logging_mixin.py:188} INFO - [2025-10-02T22:50:41.055+0000] {dagbag.py:545} INFO - Filling up the DagBag from /home/airflow/.local/lib/python3.12/site-packages/airflow/example_dags/tutorial_objectstorage.py
[2025-10-02T22:50:41.071+0000] {processor.py:840} INFO - DAG(s) 'tutorial_objectstorage' retrieved from /home/airflow/.local/lib/python3.12/site-packages/airflow/example_dags/tutorial_objectstorage.py
[2025-10-02T22:50:41.255+0000] {logging_mixin.py:188} INFO - [2025-10-02T22:50:41.254+0000] {override.py:1829} INFO - Created Permission View: can delete on DAG:tutorial_objectstorage
[2025-10-02T22:50:41.270+0000] {logging_mixin.py:188} INFO - [2025-10-02T22:50:41.270+0000] {override.py:1829} INFO - Created Permission View: can edit on DAG:tutorial_objectstorage
[2025-10-02T22:50:41.282+0000] {logging_mixin.py:188} INFO - [2025-10-02T22:50:41.281+0000] {override.py:1829} INFO - Created Permission View: can read on DAG:tutorial_objectstorage
[2025-10-02T22:50:41.283+0000] {logging_mixin.py:188} INFO - [2025-10-02T22:50:41.283+0000] {dag.py:3096} INFO - Sync 1 DAGs
[2025-10-02T22:50:41.302+0000] {logging_mixin.py:188} INFO - [2025-10-02T22:50:41.302+0000] {dag.py:3118} INFO - Creating ORM DAG for tutorial_objectstorage
[2025-10-02T22:50:41.303+0000] {logging_mixin.py:188} INFO - [2025-10-02T22:50:41.303+0000] {dag.py:3954} INFO - Setting next_dagrun for tutorial_objectstorage to None, run_after=None
[2025-10-02T22:50:41.347+0000] {processor.py:183} INFO - Processing /home/airflow/.local/lib/python3.12/site-packages/airflow/example_dags/tutorial_objectstorage.py took 0.308 seconds
[2025-10-02T22:51:51.814+0000] {processor.py:161} INFO - Started process (PID=61) to work on /home/airflow/.local/lib/python3.12/site-packages/airflow/example_dags/tutorial_objectstorage.py
[2025-10-02T22:51:51.816+0000] {processor.py:830} INFO - Processing file /home/airflow/.local/lib/python3.12/site-packages/airflow/example_dags/tutorial_objectstorage.py for tasks to queue
[2025-10-02T22:51:51.818+0000] {logging_mixin.py:188} INFO - [2025-10-02T22:51:51.818+0000] {dagbag.py:545} INFO - Filling up the DagBag from /home/airflow/.local/lib/python3.12/site-packages/airflow/example_dags/tutorial_objectstorage.py
[2025-10-02T22:51:51.830+0000] {processor.py:840} INFO - DAG(s) 'tutorial_objectstorage' retrieved from /home/airflow/.local/lib/python3.12/site-packages/airflow/example_dags/tutorial_objectstorage.py
[2025-10-02T22:51:51.849+0000] {logging_mixin.py:188} INFO - [2025-10-02T22:51:51.849+0000] {dag.py:3096} INFO - Sync 1 DAGs
[2025-10-02T22:51:51.868+0000] {logging_mixin.py:188} INFO - [2025-10-02T22:51:51.868+0000] {dag.py:3954} INFO - Setting next_dagrun for tutorial_objectstorage to None, run_after=None
[2025-10-02T22:51:51.899+0000] {processor.py:183} INFO - Processing /home/airflow/.local/lib/python3.12/site-packages/airflow/example_dags/tutorial_objectstorage.py took 0.094 seconds
[2025-10-02T22:52:22.257+0000] {processor.py:161} INFO - Started process (PID=114) to work on /home/airflow/.local/lib/python3.12/site-packages/airflow/example_dags/tutorial_objectstorage.py
[2025-10-02T22:52:22.258+0000] {processor.py:830} INFO - Processing file /home/airflow/.local/lib/python3.12/site-packages/airflow/example_dags/tutorial_objectstorage.py for tasks to queue
[2025-10-02T22:52:22.262+0000] {logging_mixin.py:188} INFO - [2025-10-02T22:52:22.261+0000] {dagbag.py:545} INFO - Filling up the DagBag from /home/airflow/.local/lib/python3.12/site-packages/airflow/example_dags/tutorial_objectstorage.py
[2025-10-02T22:52:22.272+0000] {processor.py:840} INFO - DAG(s) 'tutorial_objectstorage' retrieved from /home/airflow/.local/lib/python3.12/site-packages/airflow/example_dags/tutorial_objectstorage.py
[2025-10-02T22:52:22.289+0000] {logging_mixin.py:188} INFO - [2025-10-02T22:52:22.288+0000] {dag.py:3096} INFO - Sync 1 DAGs
[2025-10-02T22:52:22.307+0000] {logging_mixin.py:188} INFO - [2025-10-02T22:52:22.306+0000] {dag.py:3954} INFO - Setting next_dagrun for tutorial_objectstorage to None, run_after=None
[2025-10-02T22:52:22.337+0000] {processor.py:183} INFO - Processing /home/airflow/.local/lib/python3.12/site-packages/airflow/example_dags/tutorial_objectstorage.py took 0.089 seconds
[2025-10-02T22:52:53.536+0000] {processor.py:161} INFO - Started process (PID=167) to work on /home/airflow/.local/lib/python3.12/site-packages/airflow/example_dags/tutorial_objectstorage.py
[2025-10-02T22:52:53.542+0000] {processor.py:830} INFO - Processing file /home/airflow/.local/lib/python3.12/site-packages/airflow/example_dags/tutorial_objectstorage.py for tasks to queue
[2025-10-02T22:52:53.545+0000] {logging_mixin.py:188} INFO - [2025-10-02T22:52:53.545+0000] {dagbag.py:545} INFO - Filling up the DagBag from /home/airflow/.local/lib/python3.12/site-packages/airflow/example_dags/tutorial_objectstorage.py
[2025-10-02T22:52:53.564+0000] {processor.py:840} INFO - DAG(s) 'tutorial_objectstorage' retrieved from /home/airflow/.local/lib/python3.12/site-packages/airflow/example_dags/tutorial_objectstorage.py
[2025-10-02T22:52:53.722+0000] {logging_mixin.py:188} INFO - [2025-10-02T22:52:53.722+0000] {dag.py:3096} INFO - Sync 1 DAGs
[2025-10-02T22:52:53.735+0000] {logging_mixin.py:188} INFO - [2025-10-02T22:52:53.735+0000] {dag.py:3954} INFO - Setting next_dagrun for tutorial_objectstorage to None, run_after=None
[2025-10-02T22:52:53.758+0000] {processor.py:183} INFO - Processing /home/airflow/.local/lib/python3.12/site-packages/airflow/example_dags/tutorial_objectstorage.py took 0.236 seconds
[2025-10-02T22:53:24.306+0000] {processor.py:161} INFO - Started process (PID=221) to work on /home/airflow/.local/lib/python3.12/site-packages/airflow/example_dags/tutorial_objectstorage.py
[2025-10-02T22:53:24.308+0000] {processor.py:830} INFO - Processing file /home/airflow/.local/lib/python3.12/site-packages/airflow/example_dags/tutorial_objectstorage.py for tasks to queue
[2025-10-02T22:53:24.311+0000] {logging_mixin.py:188} INFO - [2025-10-02T22:53:24.311+0000] {dagbag.py:545} INFO - Filling up the DagBag from /home/airflow/.local/lib/python3.12/site-packages/airflow/example_dags/tutorial_objectstorage.py
[2025-10-02T22:53:24.327+0000] {processor.py:840} INFO - DAG(s) 'tutorial_objectstorage' retrieved from /home/airflow/.local/lib/python3.12/site-packages/airflow/example_dags/tutorial_objectstorage.py
[2025-10-02T22:53:24.359+0000] {logging_mixin.py:188} INFO - [2025-10-02T22:53:24.359+0000] {dag.py:3096} INFO - Sync 1 DAGs
[2025-10-02T22:53:24.376+0000] {logging_mixin.py:188} INFO - [2025-10-02T22:53:24.376+0000] {dag.py:3954} INFO - Setting next_dagrun for tutorial_objectstorage to None, run_after=None
[2025-10-02T22:53:24.400+0000] {processor.py:183} INFO - Processing /home/airflow/.local/lib/python3.12/site-packages/airflow/example_dags/tutorial_objectstorage.py took 0.106 seconds
[2025-10-02T22:53:55.097+0000] {processor.py:161} INFO - Started process (PID=274) to work on /home/airflow/.local/lib/python3.12/site-packages/airflow/example_dags/tutorial_objectstorage.py
[2025-10-02T22:53:55.099+0000] {processor.py:830} INFO - Processing file /home/airflow/.local/lib/python3.12/site-packages/airflow/example_dags/tutorial_objectstorage.py for tasks to queue
[2025-10-02T22:53:55.103+0000] {logging_mixin.py:188} INFO - [2025-10-02T22:53:55.102+0000] {dagbag.py:545} INFO - Filling up the DagBag from /home/airflow/.local/lib/python3.12/site-packages/airflow/example_dags/tutorial_objectstorage.py
[2025-10-02T22:53:55.116+0000] {processor.py:840} INFO - DAG(s) 'tutorial_objectstorage' retrieved from /home/airflow/.local/lib/python3.12/site-packages/airflow/example_dags/tutorial_objectstorage.py
[2025-10-02T22:53:55.137+0000] {logging_mixin.py:188} INFO - [2025-10-02T22:53:55.137+0000] {dag.py:3096} INFO - Sync 1 DAGs
[2025-10-02T22:53:55.157+0000] {logging_mixin.py:188} INFO - [2025-10-02T22:53:55.156+0000] {dag.py:3954} INFO - Setting next_dagrun for tutorial_objectstorage to None, run_after=None
[2025-10-02T22:53:55.186+0000] {processor.py:183} INFO - Processing /home/airflow/.local/lib/python3.12/site-packages/airflow/example_dags/tutorial_objectstorage.py took 0.099 seconds
[2025-10-02T22:54:27.707+0000] {processor.py:161} INFO - Started process (PID=328) to work on /home/airflow/.local/lib/python3.12/site-packages/airflow/example_dags/tutorial_objectstorage.py
[2025-10-02T22:54:27.710+0000] {processor.py:830} INFO - Processing file /home/airflow/.local/lib/python3.12/site-packages/airflow/example_dags/tutorial_objectstorage.py for tasks to queue
[2025-10-02T22:54:27.715+0000] {logging_mixin.py:188} INFO - [2025-10-02T22:54:27.715+0000] {dagbag.py:545} INFO - Filling up the DagBag from /home/airflow/.local/lib/python3.12/site-packages/airflow/example_dags/tutorial_objectstorage.py
[2025-10-02T22:54:27.726+0000] {processor.py:840} INFO - DAG(s) 'tutorial_objectstorage' retrieved from /home/airflow/.local/lib/python3.12/site-packages/airflow/example_dags/tutorial_objectstorage.py
[2025-10-02T22:54:27.890+0000] {logging_mixin.py:188} INFO - [2025-10-02T22:54:27.890+0000] {dag.py:3096} INFO - Sync 1 DAGs
[2025-10-02T22:54:27.910+0000] {logging_mixin.py:188} INFO - [2025-10-02T22:54:27.909+0000] {dag.py:3954} INFO - Setting next_dagrun for tutorial_objectstorage to None, run_after=None
[2025-10-02T22:54:27.937+0000] {processor.py:183} INFO - Processing /home/airflow/.local/lib/python3.12/site-packages/airflow/example_dags/tutorial_objectstorage.py took 0.243 seconds
[2025-10-02T22:54:58.622+0000] {processor.py:161} INFO - Started process (PID=381) to work on /home/airflow/.local/lib/python3.12/site-packages/airflow/example_dags/tutorial_objectstorage.py
[2025-10-02T22:54:58.624+0000] {processor.py:830} INFO - Processing file /home/airflow/.local/lib/python3.12/site-packages/airflow/example_dags/tutorial_objectstorage.py for tasks to queue
[2025-10-02T22:54:58.627+0000] {logging_mixin.py:188} INFO - [2025-10-02T22:54:58.626+0000] {dagbag.py:545} INFO - Filling up the DagBag from /home/airflow/.local/lib/python3.12/site-packages/airflow/example_dags/tutorial_objectstorage.py
[2025-10-02T22:54:58.637+0000] {processor.py:840} INFO - DAG(s) 'tutorial_objectstorage' retrieved from /home/airflow/.local/lib/python3.12/site-packages/airflow/example_dags/tutorial_objectstorage.py
[2025-10-02T22:54:58.665+0000] {logging_mixin.py:188} INFO - [2025-10-02T22:54:58.665+0000] {dag.py:3096} INFO - Sync 1 DAGs
[2025-10-02T22:54:58.682+0000] {logging_mixin.py:188} INFO - [2025-10-02T22:54:58.681+0000] {dag.py:3954} INFO - Setting next_dagrun for tutorial_objectstorage to None, run_after=None
[2025-10-02T22:54:58.708+0000] {processor.py:183} INFO - Processing /home/airflow/.local/lib/python3.12/site-packages/airflow/example_dags/tutorial_objectstorage.py took 0.096 seconds
[2025-10-02T22:55:30.112+0000] {processor.py:161} INFO - Started process (PID=438) to work on /home/airflow/.local/lib/python3.12/site-packages/airflow/example_dags/tutorial_objectstorage.py
[2025-10-02T22:55:30.118+0000] {processor.py:830} INFO - Processing file /home/airflow/.local/lib/python3.12/site-packages/airflow/example_dags/tutorial_objectstorage.py for tasks to queue
[2025-10-02T22:55:30.124+0000] {logging_mixin.py:188} INFO - [2025-10-02T22:55:30.123+0000] {dagbag.py:545} INFO - Filling up the DagBag from /home/airflow/.local/lib/python3.12/site-packages/airflow/example_dags/tutorial_objectstorage.py
[2025-10-02T22:55:30.149+0000] {processor.py:840} INFO - DAG(s) 'tutorial_objectstorage' retrieved from /home/airflow/.local/lib/python3.12/site-packages/airflow/example_dags/tutorial_objectstorage.py
[2025-10-02T22:55:30.218+0000] {logging_mixin.py:188} INFO - [2025-10-02T22:55:30.217+0000] {dag.py:3096} INFO - Sync 1 DAGs
[2025-10-02T22:55:30.254+0000] {logging_mixin.py:188} INFO - [2025-10-02T22:55:30.253+0000] {dag.py:3954} INFO - Setting next_dagrun for tutorial_objectstorage to None, run_after=None
[2025-10-02T22:55:30.300+0000] {processor.py:183} INFO - Processing /home/airflow/.local/lib/python3.12/site-packages/airflow/example_dags/tutorial_objectstorage.py took 0.208 seconds
[2025-10-02T22:56:00.442+0000] {processor.py:161} INFO - Started process (PID=490) to work on /home/airflow/.local/lib/python3.12/site-packages/airflow/example_dags/tutorial_objectstorage.py
[2025-10-02T22:56:00.444+0000] {processor.py:830} INFO - Processing file /home/airflow/.local/lib/python3.12/site-packages/airflow/example_dags/tutorial_objectstorage.py for tasks to queue
[2025-10-02T22:56:00.448+0000] {logging_mixin.py:188} INFO - [2025-10-02T22:56:00.447+0000] {dagbag.py:545} INFO - Filling up the DagBag from /home/airflow/.local/lib/python3.12/site-packages/airflow/example_dags/tutorial_objectstorage.py
[2025-10-02T22:56:00.459+0000] {processor.py:840} INFO - DAG(s) 'tutorial_objectstorage' retrieved from /home/airflow/.local/lib/python3.12/site-packages/airflow/example_dags/tutorial_objectstorage.py
[2025-10-02T22:56:00.488+0000] {logging_mixin.py:188} INFO - [2025-10-02T22:56:00.488+0000] {dag.py:3096} INFO - Sync 1 DAGs
[2025-10-02T22:56:00.514+0000] {logging_mixin.py:188} INFO - [2025-10-02T22:56:00.513+0000] {dag.py:3954} INFO - Setting next_dagrun for tutorial_objectstorage to None, run_after=None
[2025-10-02T22:56:00.545+0000] {processor.py:183} INFO - Processing /home/airflow/.local/lib/python3.12/site-packages/airflow/example_dags/tutorial_objectstorage.py took 0.113 seconds
[2025-10-02T22:56:30.712+0000] {processor.py:161} INFO - Started process (PID=543) to work on /home/airflow/.local/lib/python3.12/site-packages/airflow/example_dags/tutorial_objectstorage.py
[2025-10-02T22:56:30.714+0000] {processor.py:830} INFO - Processing file /home/airflow/.local/lib/python3.12/site-packages/airflow/example_dags/tutorial_objectstorage.py for tasks to queue
[2025-10-02T22:56:30.717+0000] {logging_mixin.py:188} INFO - [2025-10-02T22:56:30.717+0000] {dagbag.py:545} INFO - Filling up the DagBag from /home/airflow/.local/lib/python3.12/site-packages/airflow/example_dags/tutorial_objectstorage.py
[2025-10-02T22:56:30.729+0000] {processor.py:840} INFO - DAG(s) 'tutorial_objectstorage' retrieved from /home/airflow/.local/lib/python3.12/site-packages/airflow/example_dags/tutorial_objectstorage.py
[2025-10-02T22:56:30.761+0000] {logging_mixin.py:188} INFO - [2025-10-02T22:56:30.760+0000] {dag.py:3096} INFO - Sync 1 DAGs
[2025-10-02T22:56:30.780+0000] {logging_mixin.py:188} INFO - [2025-10-02T22:56:30.779+0000] {dag.py:3954} INFO - Setting next_dagrun for tutorial_objectstorage to None, run_after=None
[2025-10-02T22:56:30.808+0000] {processor.py:183} INFO - Processing /home/airflow/.local/lib/python3.12/site-packages/airflow/example_dags/tutorial_objectstorage.py took 0.106 seconds
[2025-10-02T22:57:00.921+0000] {processor.py:161} INFO - Started process (PID=596) to work on /home/airflow/.local/lib/python3.12/site-packages/airflow/example_dags/tutorial_objectstorage.py
[2025-10-02T22:57:00.923+0000] {processor.py:830} INFO - Processing file /home/airflow/.local/lib/python3.12/site-packages/airflow/example_dags/tutorial_objectstorage.py for tasks to queue
[2025-10-02T22:57:00.929+0000] {logging_mixin.py:188} INFO - [2025-10-02T22:57:00.928+0000] {dagbag.py:545} INFO - Filling up the DagBag from /home/airflow/.local/lib/python3.12/site-packages/airflow/example_dags/tutorial_objectstorage.py
[2025-10-02T22:57:00.942+0000] {processor.py:840} INFO - DAG(s) 'tutorial_objectstorage' retrieved from /home/airflow/.local/lib/python3.12/site-packages/airflow/example_dags/tutorial_objectstorage.py
[2025-10-02T22:57:00.978+0000] {logging_mixin.py:188} INFO - [2025-10-02T22:57:00.977+0000] {dag.py:3096} INFO - Sync 1 DAGs
[2025-10-02T22:57:00.998+0000] {logging_mixin.py:188} INFO - [2025-10-02T22:57:00.998+0000] {dag.py:3954} INFO - Setting next_dagrun for tutorial_objectstorage to None, run_after=None
[2025-10-02T22:57:01.023+0000] {processor.py:183} INFO - Processing /home/airflow/.local/lib/python3.12/site-packages/airflow/example_dags/tutorial_objectstorage.py took 0.115 seconds
[2025-10-02T22:57:31.381+0000] {processor.py:161} INFO - Started process (PID=650) to work on /home/airflow/.local/lib/python3.12/site-packages/airflow/example_dags/tutorial_objectstorage.py
[2025-10-02T22:57:31.382+0000] {processor.py:830} INFO - Processing file /home/airflow/.local/lib/python3.12/site-packages/airflow/example_dags/tutorial_objectstorage.py for tasks to queue
[2025-10-02T22:57:31.386+0000] {logging_mixin.py:188} INFO - [2025-10-02T22:57:31.385+0000] {dagbag.py:545} INFO - Filling up the DagBag from /home/airflow/.local/lib/python3.12/site-packages/airflow/example_dags/tutorial_objectstorage.py
[2025-10-02T22:57:31.405+0000] {processor.py:840} INFO - DAG(s) 'tutorial_objectstorage' retrieved from /home/airflow/.local/lib/python3.12/site-packages/airflow/example_dags/tutorial_objectstorage.py
[2025-10-02T22:57:31.445+0000] {logging_mixin.py:188} INFO - [2025-10-02T22:57:31.444+0000] {dag.py:3096} INFO - Sync 1 DAGs
[2025-10-02T22:57:31.466+0000] {logging_mixin.py:188} INFO - [2025-10-02T22:57:31.466+0000] {dag.py:3954} INFO - Setting next_dagrun for tutorial_objectstorage to None, run_after=None
[2025-10-02T22:57:31.497+0000] {processor.py:183} INFO - Processing /home/airflow/.local/lib/python3.12/site-packages/airflow/example_dags/tutorial_objectstorage.py took 0.126 seconds
[2025-10-02T22:58:02.090+0000] {processor.py:161} INFO - Started process (PID=703) to work on /home/airflow/.local/lib/python3.12/site-packages/airflow/example_dags/tutorial_objectstorage.py
[2025-10-02T22:58:02.091+0000] {processor.py:830} INFO - Processing file /home/airflow/.local/lib/python3.12/site-packages/airflow/example_dags/tutorial_objectstorage.py for tasks to queue
[2025-10-02T22:58:02.094+0000] {logging_mixin.py:188} INFO - [2025-10-02T22:58:02.094+0000] {dagbag.py:545} INFO - Filling up the DagBag from /home/airflow/.local/lib/python3.12/site-packages/airflow/example_dags/tutorial_objectstorage.py
[2025-10-02T22:58:02.105+0000] {processor.py:840} INFO - DAG(s) 'tutorial_objectstorage' retrieved from /home/airflow/.local/lib/python3.12/site-packages/airflow/example_dags/tutorial_objectstorage.py
[2025-10-02T22:58:02.124+0000] {logging_mixin.py:188} INFO - [2025-10-02T22:58:02.124+0000] {dag.py:3096} INFO - Sync 1 DAGs
[2025-10-02T22:58:02.143+0000] {logging_mixin.py:188} INFO - [2025-10-02T22:58:02.143+0000] {dag.py:3954} INFO - Setting next_dagrun for tutorial_objectstorage to None, run_after=None
[2025-10-02T22:58:02.168+0000] {processor.py:183} INFO - Processing /home/airflow/.local/lib/python3.12/site-packages/airflow/example_dags/tutorial_objectstorage.py took 0.088 seconds
[2025-10-02T22:58:32.953+0000] {processor.py:161} INFO - Started process (PID=756) to work on /home/airflow/.local/lib/python3.12/site-packages/airflow/example_dags/tutorial_objectstorage.py
[2025-10-02T22:58:32.955+0000] {processor.py:830} INFO - Processing file /home/airflow/.local/lib/python3.12/site-packages/airflow/example_dags/tutorial_objectstorage.py for tasks to queue
[2025-10-02T22:58:32.960+0000] {logging_mixin.py:188} INFO - [2025-10-02T22:58:32.959+0000] {dagbag.py:545} INFO - Filling up the DagBag from /home/airflow/.local/lib/python3.12/site-packages/airflow/example_dags/tutorial_objectstorage.py
[2025-10-02T22:58:32.971+0000] {processor.py:840} INFO - DAG(s) 'tutorial_objectstorage' retrieved from /home/airflow/.local/lib/python3.12/site-packages/airflow/example_dags/tutorial_objectstorage.py
[2025-10-02T22:58:33.172+0000] {logging_mixin.py:188} INFO - [2025-10-02T22:58:33.172+0000] {dag.py:3096} INFO - Sync 1 DAGs
[2025-10-02T22:58:33.186+0000] {logging_mixin.py:188} INFO - [2025-10-02T22:58:33.185+0000] {dag.py:3954} INFO - Setting next_dagrun for tutorial_objectstorage to None, run_after=None
[2025-10-02T22:58:33.219+0000] {processor.py:183} INFO - Processing /home/airflow/.local/lib/python3.12/site-packages/airflow/example_dags/tutorial_objectstorage.py took 0.278 seconds
[2025-10-02T22:59:04.071+0000] {processor.py:161} INFO - Started process (PID=809) to work on /home/airflow/.local/lib/python3.12/site-packages/airflow/example_dags/tutorial_objectstorage.py
[2025-10-02T22:59:04.074+0000] {processor.py:830} INFO - Processing file /home/airflow/.local/lib/python3.12/site-packages/airflow/example_dags/tutorial_objectstorage.py for tasks to queue
[2025-10-02T22:59:04.077+0000] {logging_mixin.py:188} INFO - [2025-10-02T22:59:04.076+0000] {dagbag.py:545} INFO - Filling up the DagBag from /home/airflow/.local/lib/python3.12/site-packages/airflow/example_dags/tutorial_objectstorage.py
[2025-10-02T22:59:04.090+0000] {processor.py:840} INFO - DAG(s) 'tutorial_objectstorage' retrieved from /home/airflow/.local/lib/python3.12/site-packages/airflow/example_dags/tutorial_objectstorage.py
[2025-10-02T22:59:04.116+0000] {logging_mixin.py:188} INFO - [2025-10-02T22:59:04.116+0000] {dag.py:3096} INFO - Sync 1 DAGs
[2025-10-02T22:59:04.134+0000] {logging_mixin.py:188} INFO - [2025-10-02T22:59:04.134+0000] {dag.py:3954} INFO - Setting next_dagrun for tutorial_objectstorage to None, run_after=None
[2025-10-02T22:59:04.159+0000] {processor.py:183} INFO - Processing /home/airflow/.local/lib/python3.12/site-packages/airflow/example_dags/tutorial_objectstorage.py took 0.098 seconds
[2025-10-02T22:59:34.277+0000] {processor.py:161} INFO - Started process (PID=862) to work on /home/airflow/.local/lib/python3.12/site-packages/airflow/example_dags/tutorial_objectstorage.py
[2025-10-02T22:59:34.279+0000] {processor.py:830} INFO - Processing file /home/airflow/.local/lib/python3.12/site-packages/airflow/example_dags/tutorial_objectstorage.py for tasks to queue
[2025-10-02T22:59:34.282+0000] {logging_mixin.py:188} INFO - [2025-10-02T22:59:34.282+0000] {dagbag.py:545} INFO - Filling up the DagBag from /home/airflow/.local/lib/python3.12/site-packages/airflow/example_dags/tutorial_objectstorage.py
[2025-10-02T22:59:34.293+0000] {processor.py:840} INFO - DAG(s) 'tutorial_objectstorage' retrieved from /home/airflow/.local/lib/python3.12/site-packages/airflow/example_dags/tutorial_objectstorage.py
[2025-10-02T22:59:34.321+0000] {logging_mixin.py:188} INFO - [2025-10-02T22:59:34.320+0000] {dag.py:3096} INFO - Sync 1 DAGs
[2025-10-02T22:59:34.336+0000] {logging_mixin.py:188} INFO - [2025-10-02T22:59:34.335+0000] {dag.py:3954} INFO - Setting next_dagrun for tutorial_objectstorage to None, run_after=None
[2025-10-02T22:59:34.363+0000] {processor.py:183} INFO - Processing /home/airflow/.local/lib/python3.12/site-packages/airflow/example_dags/tutorial_objectstorage.py took 0.095 seconds
[2025-10-02T23:00:04.962+0000] {processor.py:161} INFO - Started process (PID=915) to work on /home/airflow/.local/lib/python3.12/site-packages/airflow/example_dags/tutorial_objectstorage.py
[2025-10-02T23:00:04.964+0000] {processor.py:830} INFO - Processing file /home/airflow/.local/lib/python3.12/site-packages/airflow/example_dags/tutorial_objectstorage.py for tasks to queue
[2025-10-02T23:00:04.967+0000] {logging_mixin.py:188} INFO - [2025-10-02T23:00:04.967+0000] {dagbag.py:545} INFO - Filling up the DagBag from /home/airflow/.local/lib/python3.12/site-packages/airflow/example_dags/tutorial_objectstorage.py
[2025-10-02T23:00:04.977+0000] {processor.py:840} INFO - DAG(s) 'tutorial_objectstorage' retrieved from /home/airflow/.local/lib/python3.12/site-packages/airflow/example_dags/tutorial_objectstorage.py
[2025-10-02T23:00:05.003+0000] {logging_mixin.py:188} INFO - [2025-10-02T23:00:05.003+0000] {dag.py:3096} INFO - Sync 1 DAGs
[2025-10-02T23:00:05.017+0000] {logging_mixin.py:188} INFO - [2025-10-02T23:00:05.017+0000] {dag.py:3954} INFO - Setting next_dagrun for tutorial_objectstorage to None, run_after=None
[2025-10-02T23:00:05.042+0000] {processor.py:183} INFO - Processing /home/airflow/.local/lib/python3.12/site-packages/airflow/example_dags/tutorial_objectstorage.py took 0.088 seconds
[2025-10-02T23:00:35.230+0000] {processor.py:161} INFO - Started process (PID=968) to work on /home/airflow/.local/lib/python3.12/site-packages/airflow/example_dags/tutorial_objectstorage.py
[2025-10-02T23:00:35.231+0000] {processor.py:830} INFO - Processing file /home/airflow/.local/lib/python3.12/site-packages/airflow/example_dags/tutorial_objectstorage.py for tasks to queue
[2025-10-02T23:00:35.234+0000] {logging_mixin.py:188} INFO - [2025-10-02T23:00:35.234+0000] {dagbag.py:545} INFO - Filling up the DagBag from /home/airflow/.local/lib/python3.12/site-packages/airflow/example_dags/tutorial_objectstorage.py
[2025-10-02T23:00:35.245+0000] {processor.py:840} INFO - DAG(s) 'tutorial_objectstorage' retrieved from /home/airflow/.local/lib/python3.12/site-packages/airflow/example_dags/tutorial_objectstorage.py
[2025-10-02T23:00:35.274+0000] {logging_mixin.py:188} INFO - [2025-10-02T23:00:35.273+0000] {dag.py:3096} INFO - Sync 1 DAGs
[2025-10-02T23:00:35.299+0000] {logging_mixin.py:188} INFO - [2025-10-02T23:00:35.298+0000] {dag.py:3954} INFO - Setting next_dagrun for tutorial_objectstorage to None, run_after=None
[2025-10-02T23:00:35.332+0000] {processor.py:183} INFO - Processing /home/airflow/.local/lib/python3.12/site-packages/airflow/example_dags/tutorial_objectstorage.py took 0.110 seconds
[2025-10-02T23:01:05.630+0000] {processor.py:161} INFO - Started process (PID=1021) to work on /home/airflow/.local/lib/python3.12/site-packages/airflow/example_dags/tutorial_objectstorage.py
[2025-10-02T23:01:05.631+0000] {processor.py:830} INFO - Processing file /home/airflow/.local/lib/python3.12/site-packages/airflow/example_dags/tutorial_objectstorage.py for tasks to queue
[2025-10-02T23:01:05.634+0000] {logging_mixin.py:188} INFO - [2025-10-02T23:01:05.634+0000] {dagbag.py:545} INFO - Filling up the DagBag from /home/airflow/.local/lib/python3.12/site-packages/airflow/example_dags/tutorial_objectstorage.py
[2025-10-02T23:01:05.644+0000] {processor.py:840} INFO - DAG(s) 'tutorial_objectstorage' retrieved from /home/airflow/.local/lib/python3.12/site-packages/airflow/example_dags/tutorial_objectstorage.py
[2025-10-02T23:01:05.671+0000] {logging_mixin.py:188} INFO - [2025-10-02T23:01:05.671+0000] {dag.py:3096} INFO - Sync 1 DAGs
[2025-10-02T23:01:05.688+0000] {logging_mixin.py:188} INFO - [2025-10-02T23:01:05.687+0000] {dag.py:3954} INFO - Setting next_dagrun for tutorial_objectstorage to None, run_after=None
[2025-10-02T23:01:05.709+0000] {processor.py:183} INFO - Processing /home/airflow/.local/lib/python3.12/site-packages/airflow/example_dags/tutorial_objectstorage.py took 0.088 seconds
[2025-10-02T23:01:36.067+0000] {processor.py:161} INFO - Started process (PID=1074) to work on /home/airflow/.local/lib/python3.12/site-packages/airflow/example_dags/tutorial_objectstorage.py
[2025-10-02T23:01:36.068+0000] {processor.py:830} INFO - Processing file /home/airflow/.local/lib/python3.12/site-packages/airflow/example_dags/tutorial_objectstorage.py for tasks to queue
[2025-10-02T23:01:36.071+0000] {logging_mixin.py:188} INFO - [2025-10-02T23:01:36.070+0000] {dagbag.py:545} INFO - Filling up the DagBag from /home/airflow/.local/lib/python3.12/site-packages/airflow/example_dags/tutorial_objectstorage.py
[2025-10-02T23:01:36.081+0000] {processor.py:840} INFO - DAG(s) 'tutorial_objectstorage' retrieved from /home/airflow/.local/lib/python3.12/site-packages/airflow/example_dags/tutorial_objectstorage.py
[2025-10-02T23:01:36.106+0000] {logging_mixin.py:188} INFO - [2025-10-02T23:01:36.106+0000] {dag.py:3096} INFO - Sync 1 DAGs
[2025-10-02T23:01:36.122+0000] {logging_mixin.py:188} INFO - [2025-10-02T23:01:36.121+0000] {dag.py:3954} INFO - Setting next_dagrun for tutorial_objectstorage to None, run_after=None
[2025-10-02T23:01:36.145+0000] {processor.py:183} INFO - Processing /home/airflow/.local/lib/python3.12/site-packages/airflow/example_dags/tutorial_objectstorage.py took 0.085 seconds
[2025-10-02T23:02:06.985+0000] {processor.py:161} INFO - Started process (PID=1127) to work on /home/airflow/.local/lib/python3.12/site-packages/airflow/example_dags/tutorial_objectstorage.py
[2025-10-02T23:02:06.987+0000] {processor.py:830} INFO - Processing file /home/airflow/.local/lib/python3.12/site-packages/airflow/example_dags/tutorial_objectstorage.py for tasks to queue
[2025-10-02T23:02:06.990+0000] {logging_mixin.py:188} INFO - [2025-10-02T23:02:06.990+0000] {dagbag.py:545} INFO - Filling up the DagBag from /home/airflow/.local/lib/python3.12/site-packages/airflow/example_dags/tutorial_objectstorage.py
[2025-10-02T23:02:07.002+0000] {processor.py:840} INFO - DAG(s) 'tutorial_objectstorage' retrieved from /home/airflow/.local/lib/python3.12/site-packages/airflow/example_dags/tutorial_objectstorage.py
[2025-10-02T23:02:07.033+0000] {logging_mixin.py:188} INFO - [2025-10-02T23:02:07.033+0000] {dag.py:3096} INFO - Sync 1 DAGs
[2025-10-02T23:02:07.051+0000] {logging_mixin.py:188} INFO - [2025-10-02T23:02:07.051+0000] {dag.py:3954} INFO - Setting next_dagrun for tutorial_objectstorage to None, run_after=None
[2025-10-02T23:02:07.078+0000] {processor.py:183} INFO - Processing /home/airflow/.local/lib/python3.12/site-packages/airflow/example_dags/tutorial_objectstorage.py took 0.103 seconds
[2025-10-02T23:02:37.339+0000] {processor.py:161} INFO - Started process (PID=1180) to work on /home/airflow/.local/lib/python3.12/site-packages/airflow/example_dags/tutorial_objectstorage.py
[2025-10-02T23:02:37.341+0000] {processor.py:830} INFO - Processing file /home/airflow/.local/lib/python3.12/site-packages/airflow/example_dags/tutorial_objectstorage.py for tasks to queue
[2025-10-02T23:02:37.344+0000] {logging_mixin.py:188} INFO - [2025-10-02T23:02:37.343+0000] {dagbag.py:545} INFO - Filling up the DagBag from /home/airflow/.local/lib/python3.12/site-packages/airflow/example_dags/tutorial_objectstorage.py
[2025-10-02T23:02:37.354+0000] {processor.py:840} INFO - DAG(s) 'tutorial_objectstorage' retrieved from /home/airflow/.local/lib/python3.12/site-packages/airflow/example_dags/tutorial_objectstorage.py
[2025-10-02T23:02:37.382+0000] {logging_mixin.py:188} INFO - [2025-10-02T23:02:37.382+0000] {dag.py:3096} INFO - Sync 1 DAGs
[2025-10-02T23:02:37.399+0000] {logging_mixin.py:188} INFO - [2025-10-02T23:02:37.399+0000] {dag.py:3954} INFO - Setting next_dagrun for tutorial_objectstorage to None, run_after=None
[2025-10-02T23:02:37.424+0000] {processor.py:183} INFO - Processing /home/airflow/.local/lib/python3.12/site-packages/airflow/example_dags/tutorial_objectstorage.py took 0.093 seconds
[2025-10-02T23:03:08.354+0000] {processor.py:161} INFO - Started process (PID=1233) to work on /home/airflow/.local/lib/python3.12/site-packages/airflow/example_dags/tutorial_objectstorage.py
[2025-10-02T23:03:08.356+0000] {processor.py:830} INFO - Processing file /home/airflow/.local/lib/python3.12/site-packages/airflow/example_dags/tutorial_objectstorage.py for tasks to queue
[2025-10-02T23:03:08.360+0000] {logging_mixin.py:188} INFO - [2025-10-02T23:03:08.359+0000] {dagbag.py:545} INFO - Filling up the DagBag from /home/airflow/.local/lib/python3.12/site-packages/airflow/example_dags/tutorial_objectstorage.py
[2025-10-02T23:03:08.374+0000] {processor.py:840} INFO - DAG(s) 'tutorial_objectstorage' retrieved from /home/airflow/.local/lib/python3.12/site-packages/airflow/example_dags/tutorial_objectstorage.py
[2025-10-02T23:03:08.404+0000] {logging_mixin.py:188} INFO - [2025-10-02T23:03:08.404+0000] {dag.py:3096} INFO - Sync 1 DAGs
[2025-10-02T23:03:08.421+0000] {logging_mixin.py:188} INFO - [2025-10-02T23:03:08.421+0000] {dag.py:3954} INFO - Setting next_dagrun for tutorial_objectstorage to None, run_after=None
[2025-10-02T23:03:08.449+0000] {processor.py:183} INFO - Processing /home/airflow/.local/lib/python3.12/site-packages/airflow/example_dags/tutorial_objectstorage.py took 0.106 seconds
[2025-10-02T23:03:38.594+0000] {processor.py:161} INFO - Started process (PID=1286) to work on /home/airflow/.local/lib/python3.12/site-packages/airflow/example_dags/tutorial_objectstorage.py
[2025-10-02T23:03:38.597+0000] {processor.py:830} INFO - Processing file /home/airflow/.local/lib/python3.12/site-packages/airflow/example_dags/tutorial_objectstorage.py for tasks to queue
[2025-10-02T23:03:38.600+0000] {logging_mixin.py:188} INFO - [2025-10-02T23:03:38.600+0000] {dagbag.py:545} INFO - Filling up the DagBag from /home/airflow/.local/lib/python3.12/site-packages/airflow/example_dags/tutorial_objectstorage.py
[2025-10-02T23:03:38.612+0000] {processor.py:840} INFO - DAG(s) 'tutorial_objectstorage' retrieved from /home/airflow/.local/lib/python3.12/site-packages/airflow/example_dags/tutorial_objectstorage.py
[2025-10-02T23:03:38.641+0000] {logging_mixin.py:188} INFO - [2025-10-02T23:03:38.641+0000] {dag.py:3096} INFO - Sync 1 DAGs
[2025-10-02T23:03:38.659+0000] {logging_mixin.py:188} INFO - [2025-10-02T23:03:38.659+0000] {dag.py:3954} INFO - Setting next_dagrun for tutorial_objectstorage to None, run_after=None
[2025-10-02T23:03:38.684+0000] {processor.py:183} INFO - Processing /home/airflow/.local/lib/python3.12/site-packages/airflow/example_dags/tutorial_objectstorage.py took 0.105 seconds
[2025-10-02T23:04:09.523+0000] {processor.py:161} INFO - Started process (PID=1339) to work on /home/airflow/.local/lib/python3.12/site-packages/airflow/example_dags/tutorial_objectstorage.py
[2025-10-02T23:04:09.525+0000] {processor.py:830} INFO - Processing file /home/airflow/.local/lib/python3.12/site-packages/airflow/example_dags/tutorial_objectstorage.py for tasks to queue
[2025-10-02T23:04:09.528+0000] {logging_mixin.py:188} INFO - [2025-10-02T23:04:09.528+0000] {dagbag.py:545} INFO - Filling up the DagBag from /home/airflow/.local/lib/python3.12/site-packages/airflow/example_dags/tutorial_objectstorage.py
[2025-10-02T23:04:09.539+0000] {processor.py:840} INFO - DAG(s) 'tutorial_objectstorage' retrieved from /home/airflow/.local/lib/python3.12/site-packages/airflow/example_dags/tutorial_objectstorage.py
[2025-10-02T23:04:09.569+0000] {logging_mixin.py:188} INFO - [2025-10-02T23:04:09.568+0000] {dag.py:3096} INFO - Sync 1 DAGs
[2025-10-02T23:04:09.586+0000] {logging_mixin.py:188} INFO - [2025-10-02T23:04:09.586+0000] {dag.py:3954} INFO - Setting next_dagrun for tutorial_objectstorage to None, run_after=None
[2025-10-02T23:04:09.616+0000] {processor.py:183} INFO - Processing /home/airflow/.local/lib/python3.12/site-packages/airflow/example_dags/tutorial_objectstorage.py took 0.101 seconds
[2025-10-02T23:04:39.857+0000] {processor.py:161} INFO - Started process (PID=1392) to work on /home/airflow/.local/lib/python3.12/site-packages/airflow/example_dags/tutorial_objectstorage.py
[2025-10-02T23:04:39.859+0000] {processor.py:830} INFO - Processing file /home/airflow/.local/lib/python3.12/site-packages/airflow/example_dags/tutorial_objectstorage.py for tasks to queue
[2025-10-02T23:04:39.861+0000] {logging_mixin.py:188} INFO - [2025-10-02T23:04:39.861+0000] {dagbag.py:545} INFO - Filling up the DagBag from /home/airflow/.local/lib/python3.12/site-packages/airflow/example_dags/tutorial_objectstorage.py
[2025-10-02T23:04:39.875+0000] {processor.py:840} INFO - DAG(s) 'tutorial_objectstorage' retrieved from /home/airflow/.local/lib/python3.12/site-packages/airflow/example_dags/tutorial_objectstorage.py
[2025-10-02T23:04:39.905+0000] {logging_mixin.py:188} INFO - [2025-10-02T23:04:39.905+0000] {dag.py:3096} INFO - Sync 1 DAGs
[2025-10-02T23:04:39.923+0000] {logging_mixin.py:188} INFO - [2025-10-02T23:04:39.923+0000] {dag.py:3954} INFO - Setting next_dagrun for tutorial_objectstorage to None, run_after=None
[2025-10-02T23:04:39.949+0000] {processor.py:183} INFO - Processing /home/airflow/.local/lib/python3.12/site-packages/airflow/example_dags/tutorial_objectstorage.py took 0.100 seconds
[2025-10-02T23:05:10.252+0000] {processor.py:161} INFO - Started process (PID=1445) to work on /home/airflow/.local/lib/python3.12/site-packages/airflow/example_dags/tutorial_objectstorage.py
[2025-10-02T23:05:10.254+0000] {processor.py:830} INFO - Processing file /home/airflow/.local/lib/python3.12/site-packages/airflow/example_dags/tutorial_objectstorage.py for tasks to queue
[2025-10-02T23:05:10.258+0000] {logging_mixin.py:188} INFO - [2025-10-02T23:05:10.257+0000] {dagbag.py:545} INFO - Filling up the DagBag from /home/airflow/.local/lib/python3.12/site-packages/airflow/example_dags/tutorial_objectstorage.py
[2025-10-02T23:05:10.270+0000] {processor.py:840} INFO - DAG(s) 'tutorial_objectstorage' retrieved from /home/airflow/.local/lib/python3.12/site-packages/airflow/example_dags/tutorial_objectstorage.py
[2025-10-02T23:05:10.305+0000] {logging_mixin.py:188} INFO - [2025-10-02T23:05:10.305+0000] {dag.py:3096} INFO - Sync 1 DAGs
[2025-10-02T23:05:10.324+0000] {logging_mixin.py:188} INFO - [2025-10-02T23:05:10.324+0000] {dag.py:3954} INFO - Setting next_dagrun for tutorial_objectstorage to None, run_after=None
[2025-10-02T23:05:10.350+0000] {processor.py:183} INFO - Processing /home/airflow/.local/lib/python3.12/site-packages/airflow/example_dags/tutorial_objectstorage.py took 0.112 seconds
[2025-10-02T23:05:40.735+0000] {processor.py:161} INFO - Started process (PID=1498) to work on /home/airflow/.local/lib/python3.12/site-packages/airflow/example_dags/tutorial_objectstorage.py
[2025-10-02T23:05:40.737+0000] {processor.py:830} INFO - Processing file /home/airflow/.local/lib/python3.12/site-packages/airflow/example_dags/tutorial_objectstorage.py for tasks to queue
[2025-10-02T23:05:40.741+0000] {logging_mixin.py:188} INFO - [2025-10-02T23:05:40.740+0000] {dagbag.py:545} INFO - Filling up the DagBag from /home/airflow/.local/lib/python3.12/site-packages/airflow/example_dags/tutorial_objectstorage.py
[2025-10-02T23:05:40.756+0000] {processor.py:840} INFO - DAG(s) 'tutorial_objectstorage' retrieved from /home/airflow/.local/lib/python3.12/site-packages/airflow/example_dags/tutorial_objectstorage.py
[2025-10-02T23:05:40.792+0000] {logging_mixin.py:188} INFO - [2025-10-02T23:05:40.791+0000] {dag.py:3096} INFO - Sync 1 DAGs
[2025-10-02T23:05:40.817+0000] {logging_mixin.py:188} INFO - [2025-10-02T23:05:40.817+0000] {dag.py:3954} INFO - Setting next_dagrun for tutorial_objectstorage to None, run_after=None
[2025-10-02T23:05:40.852+0000] {processor.py:183} INFO - Processing /home/airflow/.local/lib/python3.12/site-packages/airflow/example_dags/tutorial_objectstorage.py took 0.130 seconds
[2025-10-02T23:06:11.461+0000] {processor.py:161} INFO - Started process (PID=1550) to work on /home/airflow/.local/lib/python3.12/site-packages/airflow/example_dags/tutorial_objectstorage.py
[2025-10-02T23:06:11.463+0000] {processor.py:830} INFO - Processing file /home/airflow/.local/lib/python3.12/site-packages/airflow/example_dags/tutorial_objectstorage.py for tasks to queue
[2025-10-02T23:06:11.466+0000] {logging_mixin.py:188} INFO - [2025-10-02T23:06:11.466+0000] {dagbag.py:545} INFO - Filling up the DagBag from /home/airflow/.local/lib/python3.12/site-packages/airflow/example_dags/tutorial_objectstorage.py
[2025-10-02T23:06:11.480+0000] {processor.py:840} INFO - DAG(s) 'tutorial_objectstorage' retrieved from /home/airflow/.local/lib/python3.12/site-packages/airflow/example_dags/tutorial_objectstorage.py
[2025-10-02T23:06:11.511+0000] {logging_mixin.py:188} INFO - [2025-10-02T23:06:11.511+0000] {dag.py:3096} INFO - Sync 1 DAGs
[2025-10-02T23:06:11.529+0000] {logging_mixin.py:188} INFO - [2025-10-02T23:06:11.529+0000] {dag.py:3954} INFO - Setting next_dagrun for tutorial_objectstorage to None, run_after=None
[2025-10-02T23:06:11.556+0000] {processor.py:183} INFO - Processing /home/airflow/.local/lib/python3.12/site-packages/airflow/example_dags/tutorial_objectstorage.py took 0.105 seconds
[2025-10-02T23:06:42.314+0000] {processor.py:161} INFO - Started process (PID=1603) to work on /home/airflow/.local/lib/python3.12/site-packages/airflow/example_dags/tutorial_objectstorage.py
[2025-10-02T23:06:42.316+0000] {processor.py:830} INFO - Processing file /home/airflow/.local/lib/python3.12/site-packages/airflow/example_dags/tutorial_objectstorage.py for tasks to queue
[2025-10-02T23:06:42.319+0000] {logging_mixin.py:188} INFO - [2025-10-02T23:06:42.318+0000] {dagbag.py:545} INFO - Filling up the DagBag from /home/airflow/.local/lib/python3.12/site-packages/airflow/example_dags/tutorial_objectstorage.py
[2025-10-02T23:06:42.332+0000] {processor.py:840} INFO - DAG(s) 'tutorial_objectstorage' retrieved from /home/airflow/.local/lib/python3.12/site-packages/airflow/example_dags/tutorial_objectstorage.py
[2025-10-02T23:06:42.372+0000] {logging_mixin.py:188} INFO - [2025-10-02T23:06:42.372+0000] {dag.py:3096} INFO - Sync 1 DAGs
[2025-10-02T23:06:42.392+0000] {logging_mixin.py:188} INFO - [2025-10-02T23:06:42.392+0000] {dag.py:3954} INFO - Setting next_dagrun for tutorial_objectstorage to None, run_after=None
[2025-10-02T23:06:42.435+0000] {processor.py:183} INFO - Processing /home/airflow/.local/lib/python3.12/site-packages/airflow/example_dags/tutorial_objectstorage.py took 0.133 seconds
[2025-10-02T23:07:13.614+0000] {processor.py:161} INFO - Started process (PID=1656) to work on /home/airflow/.local/lib/python3.12/site-packages/airflow/example_dags/tutorial_objectstorage.py
[2025-10-02T23:07:13.615+0000] {processor.py:830} INFO - Processing file /home/airflow/.local/lib/python3.12/site-packages/airflow/example_dags/tutorial_objectstorage.py for tasks to queue
[2025-10-02T23:07:13.618+0000] {logging_mixin.py:188} INFO - [2025-10-02T23:07:13.618+0000] {dagbag.py:545} INFO - Filling up the DagBag from /home/airflow/.local/lib/python3.12/site-packages/airflow/example_dags/tutorial_objectstorage.py
[2025-10-02T23:07:13.631+0000] {processor.py:840} INFO - DAG(s) 'tutorial_objectstorage' retrieved from /home/airflow/.local/lib/python3.12/site-packages/airflow/example_dags/tutorial_objectstorage.py
[2025-10-02T23:07:13.662+0000] {logging_mixin.py:188} INFO - [2025-10-02T23:07:13.661+0000] {dag.py:3096} INFO - Sync 1 DAGs
[2025-10-02T23:07:13.681+0000] {logging_mixin.py:188} INFO - [2025-10-02T23:07:13.681+0000] {dag.py:3954} INFO - Setting next_dagrun for tutorial_objectstorage to None, run_after=None
[2025-10-02T23:07:13.905+0000] {processor.py:183} INFO - Processing /home/airflow/.local/lib/python3.12/site-packages/airflow/example_dags/tutorial_objectstorage.py took 0.301 seconds
[2025-10-02T23:07:44.554+0000] {processor.py:161} INFO - Started process (PID=1709) to work on /home/airflow/.local/lib/python3.12/site-packages/airflow/example_dags/tutorial_objectstorage.py
[2025-10-02T23:07:44.555+0000] {processor.py:830} INFO - Processing file /home/airflow/.local/lib/python3.12/site-packages/airflow/example_dags/tutorial_objectstorage.py for tasks to queue
[2025-10-02T23:07:44.558+0000] {logging_mixin.py:188} INFO - [2025-10-02T23:07:44.558+0000] {dagbag.py:545} INFO - Filling up the DagBag from /home/airflow/.local/lib/python3.12/site-packages/airflow/example_dags/tutorial_objectstorage.py
[2025-10-02T23:07:44.568+0000] {processor.py:840} INFO - DAG(s) 'tutorial_objectstorage' retrieved from /home/airflow/.local/lib/python3.12/site-packages/airflow/example_dags/tutorial_objectstorage.py
[2025-10-02T23:07:44.594+0000] {logging_mixin.py:188} INFO - [2025-10-02T23:07:44.594+0000] {dag.py:3096} INFO - Sync 1 DAGs
[2025-10-02T23:07:44.610+0000] {logging_mixin.py:188} INFO - [2025-10-02T23:07:44.610+0000] {dag.py:3954} INFO - Setting next_dagrun for tutorial_objectstorage to None, run_after=None
[2025-10-02T23:07:44.633+0000] {processor.py:183} INFO - Processing /home/airflow/.local/lib/python3.12/site-packages/airflow/example_dags/tutorial_objectstorage.py took 0.088 seconds
[2025-10-02T23:08:15.062+0000] {processor.py:161} INFO - Started process (PID=1762) to work on /home/airflow/.local/lib/python3.12/site-packages/airflow/example_dags/tutorial_objectstorage.py
[2025-10-02T23:08:15.064+0000] {processor.py:830} INFO - Processing file /home/airflow/.local/lib/python3.12/site-packages/airflow/example_dags/tutorial_objectstorage.py for tasks to queue
[2025-10-02T23:08:15.068+0000] {logging_mixin.py:188} INFO - [2025-10-02T23:08:15.068+0000] {dagbag.py:545} INFO - Filling up the DagBag from /home/airflow/.local/lib/python3.12/site-packages/airflow/example_dags/tutorial_objectstorage.py
[2025-10-02T23:08:15.080+0000] {processor.py:840} INFO - DAG(s) 'tutorial_objectstorage' retrieved from /home/airflow/.local/lib/python3.12/site-packages/airflow/example_dags/tutorial_objectstorage.py
[2025-10-02T23:08:15.107+0000] {logging_mixin.py:188} INFO - [2025-10-02T23:08:15.107+0000] {dag.py:3096} INFO - Sync 1 DAGs
[2025-10-02T23:08:15.123+0000] {logging_mixin.py:188} INFO - [2025-10-02T23:08:15.123+0000] {dag.py:3954} INFO - Setting next_dagrun for tutorial_objectstorage to None, run_after=None
[2025-10-02T23:08:15.146+0000] {processor.py:183} INFO - Processing /home/airflow/.local/lib/python3.12/site-packages/airflow/example_dags/tutorial_objectstorage.py took 0.092 seconds
[2025-10-02T23:08:45.453+0000] {processor.py:161} INFO - Started process (PID=1815) to work on /home/airflow/.local/lib/python3.12/site-packages/airflow/example_dags/tutorial_objectstorage.py
[2025-10-02T23:08:45.454+0000] {processor.py:830} INFO - Processing file /home/airflow/.local/lib/python3.12/site-packages/airflow/example_dags/tutorial_objectstorage.py for tasks to queue
[2025-10-02T23:08:45.458+0000] {logging_mixin.py:188} INFO - [2025-10-02T23:08:45.457+0000] {dagbag.py:545} INFO - Filling up the DagBag from /home/airflow/.local/lib/python3.12/site-packages/airflow/example_dags/tutorial_objectstorage.py
[2025-10-02T23:08:45.470+0000] {processor.py:840} INFO - DAG(s) 'tutorial_objectstorage' retrieved from /home/airflow/.local/lib/python3.12/site-packages/airflow/example_dags/tutorial_objectstorage.py
[2025-10-02T23:08:45.500+0000] {logging_mixin.py:188} INFO - [2025-10-02T23:08:45.500+0000] {dag.py:3096} INFO - Sync 1 DAGs
[2025-10-02T23:08:45.518+0000] {logging_mixin.py:188} INFO - [2025-10-02T23:08:45.517+0000] {dag.py:3954} INFO - Setting next_dagrun for tutorial_objectstorage to None, run_after=None
[2025-10-02T23:08:45.549+0000] {processor.py:183} INFO - Processing /home/airflow/.local/lib/python3.12/site-packages/airflow/example_dags/tutorial_objectstorage.py took 0.106 seconds
[2025-10-02T23:09:15.964+0000] {processor.py:161} INFO - Started process (PID=1868) to work on /home/airflow/.local/lib/python3.12/site-packages/airflow/example_dags/tutorial_objectstorage.py
[2025-10-02T23:09:15.966+0000] {processor.py:830} INFO - Processing file /home/airflow/.local/lib/python3.12/site-packages/airflow/example_dags/tutorial_objectstorage.py for tasks to queue
[2025-10-02T23:09:15.970+0000] {logging_mixin.py:188} INFO - [2025-10-02T23:09:15.969+0000] {dagbag.py:545} INFO - Filling up the DagBag from /home/airflow/.local/lib/python3.12/site-packages/airflow/example_dags/tutorial_objectstorage.py
[2025-10-02T23:09:15.980+0000] {processor.py:840} INFO - DAG(s) 'tutorial_objectstorage' retrieved from /home/airflow/.local/lib/python3.12/site-packages/airflow/example_dags/tutorial_objectstorage.py
[2025-10-02T23:09:16.008+0000] {logging_mixin.py:188} INFO - [2025-10-02T23:09:16.007+0000] {dag.py:3096} INFO - Sync 1 DAGs
[2025-10-02T23:09:16.024+0000] {logging_mixin.py:188} INFO - [2025-10-02T23:09:16.023+0000] {dag.py:3954} INFO - Setting next_dagrun for tutorial_objectstorage to None, run_after=None
[2025-10-02T23:09:16.047+0000] {processor.py:183} INFO - Processing /home/airflow/.local/lib/python3.12/site-packages/airflow/example_dags/tutorial_objectstorage.py took 0.092 seconds
[2025-10-02T23:09:46.680+0000] {processor.py:161} INFO - Started process (PID=1921) to work on /home/airflow/.local/lib/python3.12/site-packages/airflow/example_dags/tutorial_objectstorage.py
[2025-10-02T23:09:46.682+0000] {processor.py:830} INFO - Processing file /home/airflow/.local/lib/python3.12/site-packages/airflow/example_dags/tutorial_objectstorage.py for tasks to queue
[2025-10-02T23:09:46.685+0000] {logging_mixin.py:188} INFO - [2025-10-02T23:09:46.684+0000] {dagbag.py:545} INFO - Filling up the DagBag from /home/airflow/.local/lib/python3.12/site-packages/airflow/example_dags/tutorial_objectstorage.py
[2025-10-02T23:09:46.695+0000] {processor.py:840} INFO - DAG(s) 'tutorial_objectstorage' retrieved from /home/airflow/.local/lib/python3.12/site-packages/airflow/example_dags/tutorial_objectstorage.py
[2025-10-02T23:09:46.721+0000] {logging_mixin.py:188} INFO - [2025-10-02T23:09:46.721+0000] {dag.py:3096} INFO - Sync 1 DAGs
[2025-10-02T23:09:46.737+0000] {logging_mixin.py:188} INFO - [2025-10-02T23:09:46.737+0000] {dag.py:3954} INFO - Setting next_dagrun for tutorial_objectstorage to None, run_after=None
[2025-10-02T23:09:46.768+0000] {processor.py:183} INFO - Processing /home/airflow/.local/lib/python3.12/site-packages/airflow/example_dags/tutorial_objectstorage.py took 0.096 seconds
