[2025-10-02T22:50:41.408+0000] {processor.py:161} INFO - Started process (PID=62) to work on /home/airflow/.local/lib/python3.12/site-packages/airflow/example_dags/tutorial.py
[2025-10-02T22:50:41.411+0000] {processor.py:830} INFO - Processing file /home/airflow/.local/lib/python3.12/site-packages/airflow/example_dags/tutorial.py for tasks to queue
[2025-10-02T22:50:41.414+0000] {logging_mixin.py:188} INFO - [2025-10-02T22:50:41.414+0000] {dagbag.py:545} INFO - Filling up the DagBag from /home/airflow/.local/lib/python3.12/site-packages/airflow/example_dags/tutorial.py
[2025-10-02T22:50:41.430+0000] {processor.py:840} INFO - DAG(s) 'tutorial' retrieved from /home/airflow/.local/lib/python3.12/site-packages/airflow/example_dags/tutorial.py
[2025-10-02T22:50:41.663+0000] {logging_mixin.py:188} INFO - [2025-10-02T22:50:41.662+0000] {override.py:1829} INFO - Created Permission View: can delete on DAG:tutorial
[2025-10-02T22:50:41.677+0000] {logging_mixin.py:188} INFO - [2025-10-02T22:50:41.677+0000] {override.py:1829} INFO - Created Permission View: can edit on DAG:tutorial
[2025-10-02T22:50:41.686+0000] {logging_mixin.py:188} INFO - [2025-10-02T22:50:41.686+0000] {override.py:1829} INFO - Created Permission View: can read on DAG:tutorial
[2025-10-02T22:50:41.687+0000] {logging_mixin.py:188} INFO - [2025-10-02T22:50:41.687+0000] {dag.py:3096} INFO - Sync 1 DAGs
[2025-10-02T22:50:41.709+0000] {logging_mixin.py:188} INFO - [2025-10-02T22:50:41.709+0000] {dag.py:3118} INFO - Creating ORM DAG for tutorial
[2025-10-02T22:50:41.730+0000] {logging_mixin.py:188} INFO - [2025-10-02T22:50:41.729+0000] {dag.py:3954} INFO - Setting next_dagrun for tutorial to 2025-10-01 00:00:00+00:00, run_after=2025-10-02 00:00:00+00:00
[2025-10-02T22:50:41.770+0000] {processor.py:183} INFO - Processing /home/airflow/.local/lib/python3.12/site-packages/airflow/example_dags/tutorial.py took 0.379 seconds
[2025-10-02T22:51:51.961+0000] {processor.py:161} INFO - Started process (PID=62) to work on /home/airflow/.local/lib/python3.12/site-packages/airflow/example_dags/tutorial.py
[2025-10-02T22:51:51.963+0000] {processor.py:830} INFO - Processing file /home/airflow/.local/lib/python3.12/site-packages/airflow/example_dags/tutorial.py for tasks to queue
[2025-10-02T22:51:51.967+0000] {logging_mixin.py:188} INFO - [2025-10-02T22:51:51.966+0000] {dagbag.py:545} INFO - Filling up the DagBag from /home/airflow/.local/lib/python3.12/site-packages/airflow/example_dags/tutorial.py
[2025-10-02T22:51:51.978+0000] {processor.py:840} INFO - DAG(s) 'tutorial' retrieved from /home/airflow/.local/lib/python3.12/site-packages/airflow/example_dags/tutorial.py
[2025-10-02T22:51:51.998+0000] {logging_mixin.py:188} INFO - [2025-10-02T22:51:51.998+0000] {dag.py:3096} INFO - Sync 1 DAGs
[2025-10-02T22:51:52.035+0000] {logging_mixin.py:188} INFO - [2025-10-02T22:51:52.035+0000] {dag.py:3954} INFO - Setting next_dagrun for tutorial to 2025-10-01 00:00:00+00:00, run_after=2025-10-02 00:00:00+00:00
[2025-10-02T22:51:52.066+0000] {processor.py:183} INFO - Processing /home/airflow/.local/lib/python3.12/site-packages/airflow/example_dags/tutorial.py took 0.116 seconds
[2025-10-02T22:52:22.346+0000] {processor.py:161} INFO - Started process (PID=115) to work on /home/airflow/.local/lib/python3.12/site-packages/airflow/example_dags/tutorial.py
[2025-10-02T22:52:22.347+0000] {processor.py:830} INFO - Processing file /home/airflow/.local/lib/python3.12/site-packages/airflow/example_dags/tutorial.py for tasks to queue
[2025-10-02T22:52:22.351+0000] {logging_mixin.py:188} INFO - [2025-10-02T22:52:22.350+0000] {dagbag.py:545} INFO - Filling up the DagBag from /home/airflow/.local/lib/python3.12/site-packages/airflow/example_dags/tutorial.py
[2025-10-02T22:52:22.362+0000] {processor.py:840} INFO - DAG(s) 'tutorial' retrieved from /home/airflow/.local/lib/python3.12/site-packages/airflow/example_dags/tutorial.py
[2025-10-02T22:52:22.380+0000] {logging_mixin.py:188} INFO - [2025-10-02T22:52:22.379+0000] {dag.py:3096} INFO - Sync 1 DAGs
[2025-10-02T22:52:22.417+0000] {logging_mixin.py:188} INFO - [2025-10-02T22:52:22.416+0000] {dag.py:3954} INFO - Setting next_dagrun for tutorial to 2025-10-01 00:00:00+00:00, run_after=2025-10-02 00:00:00+00:00
[2025-10-02T22:52:22.440+0000] {processor.py:183} INFO - Processing /home/airflow/.local/lib/python3.12/site-packages/airflow/example_dags/tutorial.py took 0.104 seconds
[2025-10-02T22:52:53.797+0000] {processor.py:161} INFO - Started process (PID=168) to work on /home/airflow/.local/lib/python3.12/site-packages/airflow/example_dags/tutorial.py
[2025-10-02T22:52:53.798+0000] {processor.py:830} INFO - Processing file /home/airflow/.local/lib/python3.12/site-packages/airflow/example_dags/tutorial.py for tasks to queue
[2025-10-02T22:52:53.801+0000] {logging_mixin.py:188} INFO - [2025-10-02T22:52:53.801+0000] {dagbag.py:545} INFO - Filling up the DagBag from /home/airflow/.local/lib/python3.12/site-packages/airflow/example_dags/tutorial.py
[2025-10-02T22:52:53.810+0000] {processor.py:840} INFO - DAG(s) 'tutorial' retrieved from /home/airflow/.local/lib/python3.12/site-packages/airflow/example_dags/tutorial.py
[2025-10-02T22:52:53.953+0000] {logging_mixin.py:188} INFO - [2025-10-02T22:52:53.953+0000] {dag.py:3096} INFO - Sync 1 DAGs
[2025-10-02T22:52:53.979+0000] {logging_mixin.py:188} INFO - [2025-10-02T22:52:53.979+0000] {dag.py:3954} INFO - Setting next_dagrun for tutorial to 2025-10-01 00:00:00+00:00, run_after=2025-10-02 00:00:00+00:00
[2025-10-02T22:52:54.002+0000] {processor.py:183} INFO - Processing /home/airflow/.local/lib/python3.12/site-packages/airflow/example_dags/tutorial.py took 0.214 seconds
[2025-10-02T22:53:24.442+0000] {processor.py:161} INFO - Started process (PID=222) to work on /home/airflow/.local/lib/python3.12/site-packages/airflow/example_dags/tutorial.py
[2025-10-02T22:53:24.443+0000] {processor.py:830} INFO - Processing file /home/airflow/.local/lib/python3.12/site-packages/airflow/example_dags/tutorial.py for tasks to queue
[2025-10-02T22:53:24.446+0000] {logging_mixin.py:188} INFO - [2025-10-02T22:53:24.445+0000] {dagbag.py:545} INFO - Filling up the DagBag from /home/airflow/.local/lib/python3.12/site-packages/airflow/example_dags/tutorial.py
[2025-10-02T22:53:24.454+0000] {processor.py:840} INFO - DAG(s) 'tutorial' retrieved from /home/airflow/.local/lib/python3.12/site-packages/airflow/example_dags/tutorial.py
[2025-10-02T22:53:24.481+0000] {logging_mixin.py:188} INFO - [2025-10-02T22:53:24.481+0000] {dag.py:3096} INFO - Sync 1 DAGs
[2025-10-02T22:53:24.508+0000] {logging_mixin.py:188} INFO - [2025-10-02T22:53:24.508+0000] {dag.py:3954} INFO - Setting next_dagrun for tutorial to 2025-10-01 00:00:00+00:00, run_after=2025-10-02 00:00:00+00:00
[2025-10-02T22:53:24.532+0000] {processor.py:183} INFO - Processing /home/airflow/.local/lib/python3.12/site-packages/airflow/example_dags/tutorial.py took 0.098 seconds
[2025-10-02T22:53:55.233+0000] {processor.py:161} INFO - Started process (PID=275) to work on /home/airflow/.local/lib/python3.12/site-packages/airflow/example_dags/tutorial.py
[2025-10-02T22:53:55.235+0000] {processor.py:830} INFO - Processing file /home/airflow/.local/lib/python3.12/site-packages/airflow/example_dags/tutorial.py for tasks to queue
[2025-10-02T22:53:55.237+0000] {logging_mixin.py:188} INFO - [2025-10-02T22:53:55.237+0000] {dagbag.py:545} INFO - Filling up the DagBag from /home/airflow/.local/lib/python3.12/site-packages/airflow/example_dags/tutorial.py
[2025-10-02T22:53:55.245+0000] {processor.py:840} INFO - DAG(s) 'tutorial' retrieved from /home/airflow/.local/lib/python3.12/site-packages/airflow/example_dags/tutorial.py
[2025-10-02T22:53:55.263+0000] {logging_mixin.py:188} INFO - [2025-10-02T22:53:55.263+0000] {dag.py:3096} INFO - Sync 1 DAGs
[2025-10-02T22:53:55.301+0000] {logging_mixin.py:188} INFO - [2025-10-02T22:53:55.300+0000] {dag.py:3954} INFO - Setting next_dagrun for tutorial to 2025-10-01 00:00:00+00:00, run_after=2025-10-02 00:00:00+00:00
[2025-10-02T22:53:55.324+0000] {processor.py:183} INFO - Processing /home/airflow/.local/lib/python3.12/site-packages/airflow/example_dags/tutorial.py took 0.100 seconds
[2025-10-02T22:54:27.989+0000] {processor.py:161} INFO - Started process (PID=329) to work on /home/airflow/.local/lib/python3.12/site-packages/airflow/example_dags/tutorial.py
[2025-10-02T22:54:27.991+0000] {processor.py:830} INFO - Processing file /home/airflow/.local/lib/python3.12/site-packages/airflow/example_dags/tutorial.py for tasks to queue
[2025-10-02T22:54:27.994+0000] {logging_mixin.py:188} INFO - [2025-10-02T22:54:27.994+0000] {dagbag.py:545} INFO - Filling up the DagBag from /home/airflow/.local/lib/python3.12/site-packages/airflow/example_dags/tutorial.py
[2025-10-02T22:54:28.006+0000] {processor.py:840} INFO - DAG(s) 'tutorial' retrieved from /home/airflow/.local/lib/python3.12/site-packages/airflow/example_dags/tutorial.py
[2025-10-02T22:54:28.185+0000] {logging_mixin.py:188} INFO - [2025-10-02T22:54:28.185+0000] {dag.py:3096} INFO - Sync 1 DAGs
[2025-10-02T22:54:28.220+0000] {logging_mixin.py:188} INFO - [2025-10-02T22:54:28.220+0000] {dag.py:3954} INFO - Setting next_dagrun for tutorial to 2025-10-01 00:00:00+00:00, run_after=2025-10-02 00:00:00+00:00
[2025-10-02T22:54:28.245+0000] {processor.py:183} INFO - Processing /home/airflow/.local/lib/python3.12/site-packages/airflow/example_dags/tutorial.py took 0.268 seconds
[2025-10-02T22:54:58.756+0000] {processor.py:161} INFO - Started process (PID=382) to work on /home/airflow/.local/lib/python3.12/site-packages/airflow/example_dags/tutorial.py
[2025-10-02T22:54:58.758+0000] {processor.py:830} INFO - Processing file /home/airflow/.local/lib/python3.12/site-packages/airflow/example_dags/tutorial.py for tasks to queue
[2025-10-02T22:54:58.761+0000] {logging_mixin.py:188} INFO - [2025-10-02T22:54:58.760+0000] {dagbag.py:545} INFO - Filling up the DagBag from /home/airflow/.local/lib/python3.12/site-packages/airflow/example_dags/tutorial.py
[2025-10-02T22:54:58.772+0000] {processor.py:840} INFO - DAG(s) 'tutorial' retrieved from /home/airflow/.local/lib/python3.12/site-packages/airflow/example_dags/tutorial.py
[2025-10-02T22:54:58.809+0000] {logging_mixin.py:188} INFO - [2025-10-02T22:54:58.808+0000] {dag.py:3096} INFO - Sync 1 DAGs
[2025-10-02T22:54:58.842+0000] {logging_mixin.py:188} INFO - [2025-10-02T22:54:58.841+0000] {dag.py:3954} INFO - Setting next_dagrun for tutorial to 2025-10-01 00:00:00+00:00, run_after=2025-10-02 00:00:00+00:00
[2025-10-02T22:54:58.868+0000] {processor.py:183} INFO - Processing /home/airflow/.local/lib/python3.12/site-packages/airflow/example_dags/tutorial.py took 0.123 seconds
[2025-10-02T22:55:30.364+0000] {processor.py:161} INFO - Started process (PID=439) to work on /home/airflow/.local/lib/python3.12/site-packages/airflow/example_dags/tutorial.py
[2025-10-02T22:55:30.367+0000] {processor.py:830} INFO - Processing file /home/airflow/.local/lib/python3.12/site-packages/airflow/example_dags/tutorial.py for tasks to queue
[2025-10-02T22:55:30.372+0000] {logging_mixin.py:188} INFO - [2025-10-02T22:55:30.371+0000] {dagbag.py:545} INFO - Filling up the DagBag from /home/airflow/.local/lib/python3.12/site-packages/airflow/example_dags/tutorial.py
[2025-10-02T22:55:30.385+0000] {processor.py:840} INFO - DAG(s) 'tutorial' retrieved from /home/airflow/.local/lib/python3.12/site-packages/airflow/example_dags/tutorial.py
[2025-10-02T22:55:30.438+0000] {logging_mixin.py:188} INFO - [2025-10-02T22:55:30.437+0000] {dag.py:3096} INFO - Sync 1 DAGs
[2025-10-02T22:55:30.513+0000] {logging_mixin.py:188} INFO - [2025-10-02T22:55:30.512+0000] {dag.py:3954} INFO - Setting next_dagrun for tutorial to 2025-10-01 00:00:00+00:00, run_after=2025-10-02 00:00:00+00:00
[2025-10-02T22:55:30.568+0000] {processor.py:183} INFO - Processing /home/airflow/.local/lib/python3.12/site-packages/airflow/example_dags/tutorial.py took 0.223 seconds
[2025-10-02T22:56:00.895+0000] {processor.py:161} INFO - Started process (PID=492) to work on /home/airflow/.local/lib/python3.12/site-packages/airflow/example_dags/tutorial.py
[2025-10-02T22:56:00.900+0000] {processor.py:830} INFO - Processing file /home/airflow/.local/lib/python3.12/site-packages/airflow/example_dags/tutorial.py for tasks to queue
[2025-10-02T22:56:00.909+0000] {logging_mixin.py:188} INFO - [2025-10-02T22:56:00.908+0000] {dagbag.py:545} INFO - Filling up the DagBag from /home/airflow/.local/lib/python3.12/site-packages/airflow/example_dags/tutorial.py
[2025-10-02T22:56:00.930+0000] {processor.py:840} INFO - DAG(s) 'tutorial' retrieved from /home/airflow/.local/lib/python3.12/site-packages/airflow/example_dags/tutorial.py
[2025-10-02T22:56:00.972+0000] {logging_mixin.py:188} INFO - [2025-10-02T22:56:00.972+0000] {dag.py:3096} INFO - Sync 1 DAGs
[2025-10-02T22:56:01.020+0000] {logging_mixin.py:188} INFO - [2025-10-02T22:56:01.019+0000] {dag.py:3954} INFO - Setting next_dagrun for tutorial to 2025-10-01 00:00:00+00:00, run_after=2025-10-02 00:00:00+00:00
[2025-10-02T22:56:01.130+0000] {processor.py:183} INFO - Processing /home/airflow/.local/lib/python3.12/site-packages/airflow/example_dags/tutorial.py took 0.249 seconds
[2025-10-02T22:56:31.736+0000] {processor.py:161} INFO - Started process (PID=545) to work on /home/airflow/.local/lib/python3.12/site-packages/airflow/example_dags/tutorial.py
[2025-10-02T22:56:31.737+0000] {processor.py:830} INFO - Processing file /home/airflow/.local/lib/python3.12/site-packages/airflow/example_dags/tutorial.py for tasks to queue
[2025-10-02T22:56:31.742+0000] {logging_mixin.py:188} INFO - [2025-10-02T22:56:31.741+0000] {dagbag.py:545} INFO - Filling up the DagBag from /home/airflow/.local/lib/python3.12/site-packages/airflow/example_dags/tutorial.py
[2025-10-02T22:56:31.754+0000] {processor.py:840} INFO - DAG(s) 'tutorial' retrieved from /home/airflow/.local/lib/python3.12/site-packages/airflow/example_dags/tutorial.py
[2025-10-02T22:56:31.791+0000] {logging_mixin.py:188} INFO - [2025-10-02T22:56:31.791+0000] {dag.py:3096} INFO - Sync 1 DAGs
[2025-10-02T22:56:31.826+0000] {logging_mixin.py:188} INFO - [2025-10-02T22:56:31.826+0000] {dag.py:3954} INFO - Setting next_dagrun for tutorial to 2025-10-01 00:00:00+00:00, run_after=2025-10-02 00:00:00+00:00
[2025-10-02T22:56:31.857+0000] {processor.py:183} INFO - Processing /home/airflow/.local/lib/python3.12/site-packages/airflow/example_dags/tutorial.py took 0.136 seconds
[2025-10-02T22:57:01.981+0000] {processor.py:161} INFO - Started process (PID=597) to work on /home/airflow/.local/lib/python3.12/site-packages/airflow/example_dags/tutorial.py
[2025-10-02T22:57:01.982+0000] {processor.py:830} INFO - Processing file /home/airflow/.local/lib/python3.12/site-packages/airflow/example_dags/tutorial.py for tasks to queue
[2025-10-02T22:57:01.986+0000] {logging_mixin.py:188} INFO - [2025-10-02T22:57:01.985+0000] {dagbag.py:545} INFO - Filling up the DagBag from /home/airflow/.local/lib/python3.12/site-packages/airflow/example_dags/tutorial.py
[2025-10-02T22:57:01.996+0000] {processor.py:840} INFO - DAG(s) 'tutorial' retrieved from /home/airflow/.local/lib/python3.12/site-packages/airflow/example_dags/tutorial.py
[2025-10-02T22:57:02.030+0000] {logging_mixin.py:188} INFO - [2025-10-02T22:57:02.029+0000] {dag.py:3096} INFO - Sync 1 DAGs
[2025-10-02T22:57:02.063+0000] {logging_mixin.py:188} INFO - [2025-10-02T22:57:02.063+0000] {dag.py:3954} INFO - Setting next_dagrun for tutorial to 2025-10-01 00:00:00+00:00, run_after=2025-10-02 00:00:00+00:00
[2025-10-02T22:57:02.098+0000] {processor.py:183} INFO - Processing /home/airflow/.local/lib/python3.12/site-packages/airflow/example_dags/tutorial.py took 0.128 seconds
[2025-10-02T22:57:32.415+0000] {processor.py:161} INFO - Started process (PID=652) to work on /home/airflow/.local/lib/python3.12/site-packages/airflow/example_dags/tutorial.py
[2025-10-02T22:57:32.417+0000] {processor.py:830} INFO - Processing file /home/airflow/.local/lib/python3.12/site-packages/airflow/example_dags/tutorial.py for tasks to queue
[2025-10-02T22:57:32.421+0000] {logging_mixin.py:188} INFO - [2025-10-02T22:57:32.420+0000] {dagbag.py:545} INFO - Filling up the DagBag from /home/airflow/.local/lib/python3.12/site-packages/airflow/example_dags/tutorial.py
[2025-10-02T22:57:32.429+0000] {processor.py:840} INFO - DAG(s) 'tutorial' retrieved from /home/airflow/.local/lib/python3.12/site-packages/airflow/example_dags/tutorial.py
[2025-10-02T22:57:32.457+0000] {logging_mixin.py:188} INFO - [2025-10-02T22:57:32.457+0000] {dag.py:3096} INFO - Sync 1 DAGs
[2025-10-02T22:57:32.484+0000] {logging_mixin.py:188} INFO - [2025-10-02T22:57:32.483+0000] {dag.py:3954} INFO - Setting next_dagrun for tutorial to 2025-10-01 00:00:00+00:00, run_after=2025-10-02 00:00:00+00:00
[2025-10-02T22:57:32.508+0000] {processor.py:183} INFO - Processing /home/airflow/.local/lib/python3.12/site-packages/airflow/example_dags/tutorial.py took 0.102 seconds
[2025-10-02T22:58:03.128+0000] {processor.py:161} INFO - Started process (PID=705) to work on /home/airflow/.local/lib/python3.12/site-packages/airflow/example_dags/tutorial.py
[2025-10-02T22:58:03.130+0000] {processor.py:830} INFO - Processing file /home/airflow/.local/lib/python3.12/site-packages/airflow/example_dags/tutorial.py for tasks to queue
[2025-10-02T22:58:03.133+0000] {logging_mixin.py:188} INFO - [2025-10-02T22:58:03.132+0000] {dagbag.py:545} INFO - Filling up the DagBag from /home/airflow/.local/lib/python3.12/site-packages/airflow/example_dags/tutorial.py
[2025-10-02T22:58:03.146+0000] {processor.py:840} INFO - DAG(s) 'tutorial' retrieved from /home/airflow/.local/lib/python3.12/site-packages/airflow/example_dags/tutorial.py
[2025-10-02T22:58:03.178+0000] {logging_mixin.py:188} INFO - [2025-10-02T22:58:03.177+0000] {dag.py:3096} INFO - Sync 1 DAGs
[2025-10-02T22:58:03.237+0000] {logging_mixin.py:188} INFO - [2025-10-02T22:58:03.236+0000] {dag.py:3954} INFO - Setting next_dagrun for tutorial to 2025-10-01 00:00:00+00:00, run_after=2025-10-02 00:00:00+00:00
[2025-10-02T22:58:03.268+0000] {processor.py:183} INFO - Processing /home/airflow/.local/lib/python3.12/site-packages/airflow/example_dags/tutorial.py took 0.153 seconds
[2025-10-02T22:58:33.969+0000] {processor.py:161} INFO - Started process (PID=758) to work on /home/airflow/.local/lib/python3.12/site-packages/airflow/example_dags/tutorial.py
[2025-10-02T22:58:33.971+0000] {processor.py:830} INFO - Processing file /home/airflow/.local/lib/python3.12/site-packages/airflow/example_dags/tutorial.py for tasks to queue
[2025-10-02T22:58:33.976+0000] {logging_mixin.py:188} INFO - [2025-10-02T22:58:33.975+0000] {dagbag.py:545} INFO - Filling up the DagBag from /home/airflow/.local/lib/python3.12/site-packages/airflow/example_dags/tutorial.py
[2025-10-02T22:58:33.986+0000] {processor.py:840} INFO - DAG(s) 'tutorial' retrieved from /home/airflow/.local/lib/python3.12/site-packages/airflow/example_dags/tutorial.py
[2025-10-02T22:58:34.179+0000] {logging_mixin.py:188} INFO - [2025-10-02T22:58:34.178+0000] {dag.py:3096} INFO - Sync 1 DAGs
[2025-10-02T22:58:34.206+0000] {logging_mixin.py:188} INFO - [2025-10-02T22:58:34.206+0000] {dag.py:3954} INFO - Setting next_dagrun for tutorial to 2025-10-01 00:00:00+00:00, run_after=2025-10-02 00:00:00+00:00
[2025-10-02T22:58:34.233+0000] {processor.py:183} INFO - Processing /home/airflow/.local/lib/python3.12/site-packages/airflow/example_dags/tutorial.py took 0.273 seconds
[2025-10-02T22:59:05.081+0000] {processor.py:161} INFO - Started process (PID=811) to work on /home/airflow/.local/lib/python3.12/site-packages/airflow/example_dags/tutorial.py
[2025-10-02T22:59:05.082+0000] {processor.py:830} INFO - Processing file /home/airflow/.local/lib/python3.12/site-packages/airflow/example_dags/tutorial.py for tasks to queue
[2025-10-02T22:59:05.085+0000] {logging_mixin.py:188} INFO - [2025-10-02T22:59:05.085+0000] {dagbag.py:545} INFO - Filling up the DagBag from /home/airflow/.local/lib/python3.12/site-packages/airflow/example_dags/tutorial.py
[2025-10-02T22:59:05.093+0000] {processor.py:840} INFO - DAG(s) 'tutorial' retrieved from /home/airflow/.local/lib/python3.12/site-packages/airflow/example_dags/tutorial.py
[2025-10-02T22:59:05.122+0000] {logging_mixin.py:188} INFO - [2025-10-02T22:59:05.122+0000] {dag.py:3096} INFO - Sync 1 DAGs
[2025-10-02T22:59:05.155+0000] {logging_mixin.py:188} INFO - [2025-10-02T22:59:05.155+0000] {dag.py:3954} INFO - Setting next_dagrun for tutorial to 2025-10-01 00:00:00+00:00, run_after=2025-10-02 00:00:00+00:00
[2025-10-02T22:59:05.191+0000] {processor.py:183} INFO - Processing /home/airflow/.local/lib/python3.12/site-packages/airflow/example_dags/tutorial.py took 0.118 seconds
[2025-10-02T22:59:35.291+0000] {processor.py:161} INFO - Started process (PID=863) to work on /home/airflow/.local/lib/python3.12/site-packages/airflow/example_dags/tutorial.py
[2025-10-02T22:59:35.293+0000] {processor.py:830} INFO - Processing file /home/airflow/.local/lib/python3.12/site-packages/airflow/example_dags/tutorial.py for tasks to queue
[2025-10-02T22:59:35.296+0000] {logging_mixin.py:188} INFO - [2025-10-02T22:59:35.296+0000] {dagbag.py:545} INFO - Filling up the DagBag from /home/airflow/.local/lib/python3.12/site-packages/airflow/example_dags/tutorial.py
[2025-10-02T22:59:35.306+0000] {processor.py:840} INFO - DAG(s) 'tutorial' retrieved from /home/airflow/.local/lib/python3.12/site-packages/airflow/example_dags/tutorial.py
[2025-10-02T22:59:35.339+0000] {logging_mixin.py:188} INFO - [2025-10-02T22:59:35.339+0000] {dag.py:3096} INFO - Sync 1 DAGs
[2025-10-02T22:59:35.366+0000] {logging_mixin.py:188} INFO - [2025-10-02T22:59:35.365+0000] {dag.py:3954} INFO - Setting next_dagrun for tutorial to 2025-10-01 00:00:00+00:00, run_after=2025-10-02 00:00:00+00:00
[2025-10-02T22:59:35.391+0000] {processor.py:183} INFO - Processing /home/airflow/.local/lib/python3.12/site-packages/airflow/example_dags/tutorial.py took 0.110 seconds
[2025-10-02T23:00:05.972+0000] {processor.py:161} INFO - Started process (PID=917) to work on /home/airflow/.local/lib/python3.12/site-packages/airflow/example_dags/tutorial.py
[2025-10-02T23:00:05.974+0000] {processor.py:830} INFO - Processing file /home/airflow/.local/lib/python3.12/site-packages/airflow/example_dags/tutorial.py for tasks to queue
[2025-10-02T23:00:05.976+0000] {logging_mixin.py:188} INFO - [2025-10-02T23:00:05.976+0000] {dagbag.py:545} INFO - Filling up the DagBag from /home/airflow/.local/lib/python3.12/site-packages/airflow/example_dags/tutorial.py
[2025-10-02T23:00:05.984+0000] {processor.py:840} INFO - DAG(s) 'tutorial' retrieved from /home/airflow/.local/lib/python3.12/site-packages/airflow/example_dags/tutorial.py
[2025-10-02T23:00:06.014+0000] {logging_mixin.py:188} INFO - [2025-10-02T23:00:06.014+0000] {dag.py:3096} INFO - Sync 1 DAGs
[2025-10-02T23:00:06.041+0000] {logging_mixin.py:188} INFO - [2025-10-02T23:00:06.040+0000] {dag.py:3954} INFO - Setting next_dagrun for tutorial to 2025-10-01 00:00:00+00:00, run_after=2025-10-02 00:00:00+00:00
[2025-10-02T23:00:06.066+0000] {processor.py:183} INFO - Processing /home/airflow/.local/lib/python3.12/site-packages/airflow/example_dags/tutorial.py took 0.101 seconds
[2025-10-02T23:00:36.255+0000] {processor.py:161} INFO - Started process (PID=970) to work on /home/airflow/.local/lib/python3.12/site-packages/airflow/example_dags/tutorial.py
[2025-10-02T23:00:36.257+0000] {processor.py:830} INFO - Processing file /home/airflow/.local/lib/python3.12/site-packages/airflow/example_dags/tutorial.py for tasks to queue
[2025-10-02T23:00:36.260+0000] {logging_mixin.py:188} INFO - [2025-10-02T23:00:36.259+0000] {dagbag.py:545} INFO - Filling up the DagBag from /home/airflow/.local/lib/python3.12/site-packages/airflow/example_dags/tutorial.py
[2025-10-02T23:00:36.268+0000] {processor.py:840} INFO - DAG(s) 'tutorial' retrieved from /home/airflow/.local/lib/python3.12/site-packages/airflow/example_dags/tutorial.py
[2025-10-02T23:00:36.299+0000] {logging_mixin.py:188} INFO - [2025-10-02T23:00:36.299+0000] {dag.py:3096} INFO - Sync 1 DAGs
[2025-10-02T23:00:36.328+0000] {logging_mixin.py:188} INFO - [2025-10-02T23:00:36.328+0000] {dag.py:3954} INFO - Setting next_dagrun for tutorial to 2025-10-01 00:00:00+00:00, run_after=2025-10-02 00:00:00+00:00
[2025-10-02T23:00:36.356+0000] {processor.py:183} INFO - Processing /home/airflow/.local/lib/python3.12/site-packages/airflow/example_dags/tutorial.py took 0.111 seconds
[2025-10-02T23:01:06.646+0000] {processor.py:161} INFO - Started process (PID=1023) to work on /home/airflow/.local/lib/python3.12/site-packages/airflow/example_dags/tutorial.py
[2025-10-02T23:01:06.648+0000] {processor.py:830} INFO - Processing file /home/airflow/.local/lib/python3.12/site-packages/airflow/example_dags/tutorial.py for tasks to queue
[2025-10-02T23:01:06.651+0000] {logging_mixin.py:188} INFO - [2025-10-02T23:01:06.650+0000] {dagbag.py:545} INFO - Filling up the DagBag from /home/airflow/.local/lib/python3.12/site-packages/airflow/example_dags/tutorial.py
[2025-10-02T23:01:06.660+0000] {processor.py:840} INFO - DAG(s) 'tutorial' retrieved from /home/airflow/.local/lib/python3.12/site-packages/airflow/example_dags/tutorial.py
[2025-10-02T23:01:06.693+0000] {logging_mixin.py:188} INFO - [2025-10-02T23:01:06.693+0000] {dag.py:3096} INFO - Sync 1 DAGs
[2025-10-02T23:01:06.733+0000] {logging_mixin.py:188} INFO - [2025-10-02T23:01:06.733+0000] {dag.py:3954} INFO - Setting next_dagrun for tutorial to 2025-10-01 00:00:00+00:00, run_after=2025-10-02 00:00:00+00:00
[2025-10-02T23:01:06.762+0000] {processor.py:183} INFO - Processing /home/airflow/.local/lib/python3.12/site-packages/airflow/example_dags/tutorial.py took 0.125 seconds
[2025-10-02T23:01:37.254+0000] {processor.py:161} INFO - Started process (PID=1076) to work on /home/airflow/.local/lib/python3.12/site-packages/airflow/example_dags/tutorial.py
[2025-10-02T23:01:37.255+0000] {processor.py:830} INFO - Processing file /home/airflow/.local/lib/python3.12/site-packages/airflow/example_dags/tutorial.py for tasks to queue
[2025-10-02T23:01:37.259+0000] {logging_mixin.py:188} INFO - [2025-10-02T23:01:37.259+0000] {dagbag.py:545} INFO - Filling up the DagBag from /home/airflow/.local/lib/python3.12/site-packages/airflow/example_dags/tutorial.py
[2025-10-02T23:01:37.272+0000] {processor.py:840} INFO - DAG(s) 'tutorial' retrieved from /home/airflow/.local/lib/python3.12/site-packages/airflow/example_dags/tutorial.py
[2025-10-02T23:01:37.314+0000] {logging_mixin.py:188} INFO - [2025-10-02T23:01:37.314+0000] {dag.py:3096} INFO - Sync 1 DAGs
[2025-10-02T23:01:37.352+0000] {logging_mixin.py:188} INFO - [2025-10-02T23:01:37.352+0000] {dag.py:3954} INFO - Setting next_dagrun for tutorial to 2025-10-01 00:00:00+00:00, run_after=2025-10-02 00:00:00+00:00
[2025-10-02T23:01:37.385+0000] {processor.py:183} INFO - Processing /home/airflow/.local/lib/python3.12/site-packages/airflow/example_dags/tutorial.py took 0.151 seconds
[2025-10-02T23:02:08.004+0000] {processor.py:161} INFO - Started process (PID=1129) to work on /home/airflow/.local/lib/python3.12/site-packages/airflow/example_dags/tutorial.py
[2025-10-02T23:02:08.006+0000] {processor.py:830} INFO - Processing file /home/airflow/.local/lib/python3.12/site-packages/airflow/example_dags/tutorial.py for tasks to queue
[2025-10-02T23:02:08.008+0000] {logging_mixin.py:188} INFO - [2025-10-02T23:02:08.008+0000] {dagbag.py:545} INFO - Filling up the DagBag from /home/airflow/.local/lib/python3.12/site-packages/airflow/example_dags/tutorial.py
[2025-10-02T23:02:08.018+0000] {processor.py:840} INFO - DAG(s) 'tutorial' retrieved from /home/airflow/.local/lib/python3.12/site-packages/airflow/example_dags/tutorial.py
[2025-10-02T23:02:08.052+0000] {logging_mixin.py:188} INFO - [2025-10-02T23:02:08.052+0000] {dag.py:3096} INFO - Sync 1 DAGs
[2025-10-02T23:02:08.081+0000] {logging_mixin.py:188} INFO - [2025-10-02T23:02:08.081+0000] {dag.py:3954} INFO - Setting next_dagrun for tutorial to 2025-10-01 00:00:00+00:00, run_after=2025-10-02 00:00:00+00:00
[2025-10-02T23:02:08.104+0000] {processor.py:183} INFO - Processing /home/airflow/.local/lib/python3.12/site-packages/airflow/example_dags/tutorial.py took 0.109 seconds
[2025-10-02T23:02:38.367+0000] {processor.py:161} INFO - Started process (PID=1182) to work on /home/airflow/.local/lib/python3.12/site-packages/airflow/example_dags/tutorial.py
[2025-10-02T23:02:38.369+0000] {processor.py:830} INFO - Processing file /home/airflow/.local/lib/python3.12/site-packages/airflow/example_dags/tutorial.py for tasks to queue
[2025-10-02T23:02:38.372+0000] {logging_mixin.py:188} INFO - [2025-10-02T23:02:38.371+0000] {dagbag.py:545} INFO - Filling up the DagBag from /home/airflow/.local/lib/python3.12/site-packages/airflow/example_dags/tutorial.py
[2025-10-02T23:02:38.380+0000] {processor.py:840} INFO - DAG(s) 'tutorial' retrieved from /home/airflow/.local/lib/python3.12/site-packages/airflow/example_dags/tutorial.py
[2025-10-02T23:02:38.415+0000] {logging_mixin.py:188} INFO - [2025-10-02T23:02:38.414+0000] {dag.py:3096} INFO - Sync 1 DAGs
[2025-10-02T23:02:38.451+0000] {logging_mixin.py:188} INFO - [2025-10-02T23:02:38.451+0000] {dag.py:3954} INFO - Setting next_dagrun for tutorial to 2025-10-01 00:00:00+00:00, run_after=2025-10-02 00:00:00+00:00
[2025-10-02T23:02:38.480+0000] {processor.py:183} INFO - Processing /home/airflow/.local/lib/python3.12/site-packages/airflow/example_dags/tutorial.py took 0.123 seconds
[2025-10-02T23:03:09.506+0000] {processor.py:161} INFO - Started process (PID=1235) to work on /home/airflow/.local/lib/python3.12/site-packages/airflow/example_dags/tutorial.py
[2025-10-02T23:03:09.507+0000] {processor.py:830} INFO - Processing file /home/airflow/.local/lib/python3.12/site-packages/airflow/example_dags/tutorial.py for tasks to queue
[2025-10-02T23:03:09.510+0000] {logging_mixin.py:188} INFO - [2025-10-02T23:03:09.510+0000] {dagbag.py:545} INFO - Filling up the DagBag from /home/airflow/.local/lib/python3.12/site-packages/airflow/example_dags/tutorial.py
[2025-10-02T23:03:09.518+0000] {processor.py:840} INFO - DAG(s) 'tutorial' retrieved from /home/airflow/.local/lib/python3.12/site-packages/airflow/example_dags/tutorial.py
[2025-10-02T23:03:09.547+0000] {logging_mixin.py:188} INFO - [2025-10-02T23:03:09.547+0000] {dag.py:3096} INFO - Sync 1 DAGs
[2025-10-02T23:03:09.575+0000] {logging_mixin.py:188} INFO - [2025-10-02T23:03:09.574+0000] {dag.py:3954} INFO - Setting next_dagrun for tutorial to 2025-10-01 00:00:00+00:00, run_after=2025-10-02 00:00:00+00:00
[2025-10-02T23:03:09.598+0000] {processor.py:183} INFO - Processing /home/airflow/.local/lib/python3.12/site-packages/airflow/example_dags/tutorial.py took 0.101 seconds
[2025-10-02T23:03:39.743+0000] {processor.py:161} INFO - Started process (PID=1287) to work on /home/airflow/.local/lib/python3.12/site-packages/airflow/example_dags/tutorial.py
[2025-10-02T23:03:39.744+0000] {processor.py:830} INFO - Processing file /home/airflow/.local/lib/python3.12/site-packages/airflow/example_dags/tutorial.py for tasks to queue
[2025-10-02T23:03:39.747+0000] {logging_mixin.py:188} INFO - [2025-10-02T23:03:39.747+0000] {dagbag.py:545} INFO - Filling up the DagBag from /home/airflow/.local/lib/python3.12/site-packages/airflow/example_dags/tutorial.py
[2025-10-02T23:03:39.757+0000] {processor.py:840} INFO - DAG(s) 'tutorial' retrieved from /home/airflow/.local/lib/python3.12/site-packages/airflow/example_dags/tutorial.py
[2025-10-02T23:03:39.786+0000] {logging_mixin.py:188} INFO - [2025-10-02T23:03:39.786+0000] {dag.py:3096} INFO - Sync 1 DAGs
[2025-10-02T23:03:39.816+0000] {logging_mixin.py:188} INFO - [2025-10-02T23:03:39.816+0000] {dag.py:3954} INFO - Setting next_dagrun for tutorial to 2025-10-01 00:00:00+00:00, run_after=2025-10-02 00:00:00+00:00
[2025-10-02T23:03:39.842+0000] {processor.py:183} INFO - Processing /home/airflow/.local/lib/python3.12/site-packages/airflow/example_dags/tutorial.py took 0.107 seconds
[2025-10-02T23:04:10.679+0000] {processor.py:161} INFO - Started process (PID=1341) to work on /home/airflow/.local/lib/python3.12/site-packages/airflow/example_dags/tutorial.py
[2025-10-02T23:04:10.681+0000] {processor.py:830} INFO - Processing file /home/airflow/.local/lib/python3.12/site-packages/airflow/example_dags/tutorial.py for tasks to queue
[2025-10-02T23:04:10.684+0000] {logging_mixin.py:188} INFO - [2025-10-02T23:04:10.683+0000] {dagbag.py:545} INFO - Filling up the DagBag from /home/airflow/.local/lib/python3.12/site-packages/airflow/example_dags/tutorial.py
[2025-10-02T23:04:10.692+0000] {processor.py:840} INFO - DAG(s) 'tutorial' retrieved from /home/airflow/.local/lib/python3.12/site-packages/airflow/example_dags/tutorial.py
[2025-10-02T23:04:10.719+0000] {logging_mixin.py:188} INFO - [2025-10-02T23:04:10.719+0000] {dag.py:3096} INFO - Sync 1 DAGs
[2025-10-02T23:04:10.746+0000] {logging_mixin.py:188} INFO - [2025-10-02T23:04:10.746+0000] {dag.py:3954} INFO - Setting next_dagrun for tutorial to 2025-10-01 00:00:00+00:00, run_after=2025-10-02 00:00:00+00:00
[2025-10-02T23:04:10.772+0000] {processor.py:183} INFO - Processing /home/airflow/.local/lib/python3.12/site-packages/airflow/example_dags/tutorial.py took 0.102 seconds
[2025-10-02T23:04:41.018+0000] {processor.py:161} INFO - Started process (PID=1394) to work on /home/airflow/.local/lib/python3.12/site-packages/airflow/example_dags/tutorial.py
[2025-10-02T23:04:41.020+0000] {processor.py:830} INFO - Processing file /home/airflow/.local/lib/python3.12/site-packages/airflow/example_dags/tutorial.py for tasks to queue
[2025-10-02T23:04:41.023+0000] {logging_mixin.py:188} INFO - [2025-10-02T23:04:41.023+0000] {dagbag.py:545} INFO - Filling up the DagBag from /home/airflow/.local/lib/python3.12/site-packages/airflow/example_dags/tutorial.py
[2025-10-02T23:04:41.032+0000] {processor.py:840} INFO - DAG(s) 'tutorial' retrieved from /home/airflow/.local/lib/python3.12/site-packages/airflow/example_dags/tutorial.py
[2025-10-02T23:04:41.061+0000] {logging_mixin.py:188} INFO - [2025-10-02T23:04:41.060+0000] {dag.py:3096} INFO - Sync 1 DAGs
[2025-10-02T23:04:41.089+0000] {logging_mixin.py:188} INFO - [2025-10-02T23:04:41.089+0000] {dag.py:3954} INFO - Setting next_dagrun for tutorial to 2025-10-01 00:00:00+00:00, run_after=2025-10-02 00:00:00+00:00
[2025-10-02T23:04:41.115+0000] {processor.py:183} INFO - Processing /home/airflow/.local/lib/python3.12/site-packages/airflow/example_dags/tutorial.py took 0.106 seconds
[2025-10-02T23:05:11.346+0000] {processor.py:161} INFO - Started process (PID=1447) to work on /home/airflow/.local/lib/python3.12/site-packages/airflow/example_dags/tutorial.py
[2025-10-02T23:05:11.347+0000] {processor.py:830} INFO - Processing file /home/airflow/.local/lib/python3.12/site-packages/airflow/example_dags/tutorial.py for tasks to queue
[2025-10-02T23:05:11.350+0000] {logging_mixin.py:188} INFO - [2025-10-02T23:05:11.350+0000] {dagbag.py:545} INFO - Filling up the DagBag from /home/airflow/.local/lib/python3.12/site-packages/airflow/example_dags/tutorial.py
[2025-10-02T23:05:11.358+0000] {processor.py:840} INFO - DAG(s) 'tutorial' retrieved from /home/airflow/.local/lib/python3.12/site-packages/airflow/example_dags/tutorial.py
[2025-10-02T23:05:11.387+0000] {logging_mixin.py:188} INFO - [2025-10-02T23:05:11.387+0000] {dag.py:3096} INFO - Sync 1 DAGs
[2025-10-02T23:05:11.415+0000] {logging_mixin.py:188} INFO - [2025-10-02T23:05:11.414+0000] {dag.py:3954} INFO - Setting next_dagrun for tutorial to 2025-10-01 00:00:00+00:00, run_after=2025-10-02 00:00:00+00:00
[2025-10-02T23:05:11.439+0000] {processor.py:183} INFO - Processing /home/airflow/.local/lib/python3.12/site-packages/airflow/example_dags/tutorial.py took 0.101 seconds
[2025-10-02T23:05:41.942+0000] {processor.py:161} INFO - Started process (PID=1500) to work on /home/airflow/.local/lib/python3.12/site-packages/airflow/example_dags/tutorial.py
[2025-10-02T23:05:41.944+0000] {processor.py:830} INFO - Processing file /home/airflow/.local/lib/python3.12/site-packages/airflow/example_dags/tutorial.py for tasks to queue
[2025-10-02T23:05:41.949+0000] {logging_mixin.py:188} INFO - [2025-10-02T23:05:41.948+0000] {dagbag.py:545} INFO - Filling up the DagBag from /home/airflow/.local/lib/python3.12/site-packages/airflow/example_dags/tutorial.py
[2025-10-02T23:05:41.960+0000] {processor.py:840} INFO - DAG(s) 'tutorial' retrieved from /home/airflow/.local/lib/python3.12/site-packages/airflow/example_dags/tutorial.py
[2025-10-02T23:05:41.992+0000] {logging_mixin.py:188} INFO - [2025-10-02T23:05:41.992+0000] {dag.py:3096} INFO - Sync 1 DAGs
[2025-10-02T23:05:42.032+0000] {logging_mixin.py:188} INFO - [2025-10-02T23:05:42.032+0000] {dag.py:3954} INFO - Setting next_dagrun for tutorial to 2025-10-01 00:00:00+00:00, run_after=2025-10-02 00:00:00+00:00
[2025-10-02T23:05:42.061+0000] {processor.py:183} INFO - Processing /home/airflow/.local/lib/python3.12/site-packages/airflow/example_dags/tutorial.py took 0.131 seconds
[2025-10-02T23:06:12.175+0000] {processor.py:161} INFO - Started process (PID=1552) to work on /home/airflow/.local/lib/python3.12/site-packages/airflow/example_dags/tutorial.py
[2025-10-02T23:06:12.177+0000] {processor.py:830} INFO - Processing file /home/airflow/.local/lib/python3.12/site-packages/airflow/example_dags/tutorial.py for tasks to queue
[2025-10-02T23:06:12.181+0000] {logging_mixin.py:188} INFO - [2025-10-02T23:06:12.181+0000] {dagbag.py:545} INFO - Filling up the DagBag from /home/airflow/.local/lib/python3.12/site-packages/airflow/example_dags/tutorial.py
[2025-10-02T23:06:12.191+0000] {processor.py:840} INFO - DAG(s) 'tutorial' retrieved from /home/airflow/.local/lib/python3.12/site-packages/airflow/example_dags/tutorial.py
[2025-10-02T23:06:12.224+0000] {logging_mixin.py:188} INFO - [2025-10-02T23:06:12.224+0000] {dag.py:3096} INFO - Sync 1 DAGs
[2025-10-02T23:06:12.255+0000] {logging_mixin.py:188} INFO - [2025-10-02T23:06:12.255+0000] {dag.py:3954} INFO - Setting next_dagrun for tutorial to 2025-10-01 00:00:00+00:00, run_after=2025-10-02 00:00:00+00:00
[2025-10-02T23:06:12.282+0000] {processor.py:183} INFO - Processing /home/airflow/.local/lib/python3.12/site-packages/airflow/example_dags/tutorial.py took 0.120 seconds
[2025-10-02T23:06:42.504+0000] {processor.py:161} INFO - Started process (PID=1605) to work on /home/airflow/.local/lib/python3.12/site-packages/airflow/example_dags/tutorial.py
[2025-10-02T23:06:42.505+0000] {processor.py:830} INFO - Processing file /home/airflow/.local/lib/python3.12/site-packages/airflow/example_dags/tutorial.py for tasks to queue
[2025-10-02T23:06:42.509+0000] {logging_mixin.py:188} INFO - [2025-10-02T23:06:42.508+0000] {dagbag.py:545} INFO - Filling up the DagBag from /home/airflow/.local/lib/python3.12/site-packages/airflow/example_dags/tutorial.py
[2025-10-02T23:06:42.518+0000] {processor.py:840} INFO - DAG(s) 'tutorial' retrieved from /home/airflow/.local/lib/python3.12/site-packages/airflow/example_dags/tutorial.py
[2025-10-02T23:06:42.552+0000] {logging_mixin.py:188} INFO - [2025-10-02T23:06:42.551+0000] {dag.py:3096} INFO - Sync 1 DAGs
[2025-10-02T23:06:42.581+0000] {logging_mixin.py:188} INFO - [2025-10-02T23:06:42.581+0000] {dag.py:3954} INFO - Setting next_dagrun for tutorial to 2025-10-01 00:00:00+00:00, run_after=2025-10-02 00:00:00+00:00
[2025-10-02T23:06:42.611+0000] {processor.py:183} INFO - Processing /home/airflow/.local/lib/python3.12/site-packages/airflow/example_dags/tutorial.py took 0.118 seconds
[2025-10-02T23:07:13.614+0000] {processor.py:161} INFO - Started process (PID=1657) to work on /home/airflow/.local/lib/python3.12/site-packages/airflow/example_dags/tutorial.py
[2025-10-02T23:07:13.615+0000] {processor.py:830} INFO - Processing file /home/airflow/.local/lib/python3.12/site-packages/airflow/example_dags/tutorial.py for tasks to queue
[2025-10-02T23:07:13.618+0000] {logging_mixin.py:188} INFO - [2025-10-02T23:07:13.618+0000] {dagbag.py:545} INFO - Filling up the DagBag from /home/airflow/.local/lib/python3.12/site-packages/airflow/example_dags/tutorial.py
[2025-10-02T23:07:13.629+0000] {processor.py:840} INFO - DAG(s) 'tutorial' retrieved from /home/airflow/.local/lib/python3.12/site-packages/airflow/example_dags/tutorial.py
[2025-10-02T23:07:13.665+0000] {logging_mixin.py:188} INFO - [2025-10-02T23:07:13.665+0000] {dag.py:3096} INFO - Sync 1 DAGs
[2025-10-02T23:07:13.697+0000] {logging_mixin.py:188} INFO - [2025-10-02T23:07:13.696+0000] {dag.py:3954} INFO - Setting next_dagrun for tutorial to 2025-10-01 00:00:00+00:00, run_after=2025-10-02 00:00:00+00:00
[2025-10-02T23:07:13.923+0000] {processor.py:183} INFO - Processing /home/airflow/.local/lib/python3.12/site-packages/airflow/example_dags/tutorial.py took 0.319 seconds
[2025-10-02T23:07:44.555+0000] {processor.py:161} INFO - Started process (PID=1710) to work on /home/airflow/.local/lib/python3.12/site-packages/airflow/example_dags/tutorial.py
[2025-10-02T23:07:44.556+0000] {processor.py:830} INFO - Processing file /home/airflow/.local/lib/python3.12/site-packages/airflow/example_dags/tutorial.py for tasks to queue
[2025-10-02T23:07:44.559+0000] {logging_mixin.py:188} INFO - [2025-10-02T23:07:44.558+0000] {dagbag.py:545} INFO - Filling up the DagBag from /home/airflow/.local/lib/python3.12/site-packages/airflow/example_dags/tutorial.py
[2025-10-02T23:07:44.567+0000] {processor.py:840} INFO - DAG(s) 'tutorial' retrieved from /home/airflow/.local/lib/python3.12/site-packages/airflow/example_dags/tutorial.py
[2025-10-02T23:07:44.594+0000] {logging_mixin.py:188} INFO - [2025-10-02T23:07:44.594+0000] {dag.py:3096} INFO - Sync 1 DAGs
[2025-10-02T23:07:44.622+0000] {logging_mixin.py:188} INFO - [2025-10-02T23:07:44.621+0000] {dag.py:3954} INFO - Setting next_dagrun for tutorial to 2025-10-01 00:00:00+00:00, run_after=2025-10-02 00:00:00+00:00
[2025-10-02T23:07:44.645+0000] {processor.py:183} INFO - Processing /home/airflow/.local/lib/python3.12/site-packages/airflow/example_dags/tutorial.py took 0.099 seconds
[2025-10-02T23:08:15.194+0000] {processor.py:161} INFO - Started process (PID=1763) to work on /home/airflow/.local/lib/python3.12/site-packages/airflow/example_dags/tutorial.py
[2025-10-02T23:08:15.196+0000] {processor.py:830} INFO - Processing file /home/airflow/.local/lib/python3.12/site-packages/airflow/example_dags/tutorial.py for tasks to queue
[2025-10-02T23:08:15.198+0000] {logging_mixin.py:188} INFO - [2025-10-02T23:08:15.198+0000] {dagbag.py:545} INFO - Filling up the DagBag from /home/airflow/.local/lib/python3.12/site-packages/airflow/example_dags/tutorial.py
[2025-10-02T23:08:15.206+0000] {processor.py:840} INFO - DAG(s) 'tutorial' retrieved from /home/airflow/.local/lib/python3.12/site-packages/airflow/example_dags/tutorial.py
[2025-10-02T23:08:15.232+0000] {logging_mixin.py:188} INFO - [2025-10-02T23:08:15.232+0000] {dag.py:3096} INFO - Sync 1 DAGs
[2025-10-02T23:08:15.260+0000] {logging_mixin.py:188} INFO - [2025-10-02T23:08:15.260+0000] {dag.py:3954} INFO - Setting next_dagrun for tutorial to 2025-10-01 00:00:00+00:00, run_after=2025-10-02 00:00:00+00:00
[2025-10-02T23:08:15.289+0000] {processor.py:183} INFO - Processing /home/airflow/.local/lib/python3.12/site-packages/airflow/example_dags/tutorial.py took 0.103 seconds
[2025-10-02T23:08:45.612+0000] {processor.py:161} INFO - Started process (PID=1816) to work on /home/airflow/.local/lib/python3.12/site-packages/airflow/example_dags/tutorial.py
[2025-10-02T23:08:45.614+0000] {processor.py:830} INFO - Processing file /home/airflow/.local/lib/python3.12/site-packages/airflow/example_dags/tutorial.py for tasks to queue
[2025-10-02T23:08:45.618+0000] {logging_mixin.py:188} INFO - [2025-10-02T23:08:45.617+0000] {dagbag.py:545} INFO - Filling up the DagBag from /home/airflow/.local/lib/python3.12/site-packages/airflow/example_dags/tutorial.py
[2025-10-02T23:08:45.628+0000] {processor.py:840} INFO - DAG(s) 'tutorial' retrieved from /home/airflow/.local/lib/python3.12/site-packages/airflow/example_dags/tutorial.py
[2025-10-02T23:08:45.664+0000] {logging_mixin.py:188} INFO - [2025-10-02T23:08:45.664+0000] {dag.py:3096} INFO - Sync 1 DAGs
[2025-10-02T23:08:45.719+0000] {logging_mixin.py:188} INFO - [2025-10-02T23:08:45.718+0000] {dag.py:3954} INFO - Setting next_dagrun for tutorial to 2025-10-01 00:00:00+00:00, run_after=2025-10-02 00:00:00+00:00
[2025-10-02T23:08:45.742+0000] {processor.py:183} INFO - Processing /home/airflow/.local/lib/python3.12/site-packages/airflow/example_dags/tutorial.py took 0.144 seconds
[2025-10-02T23:09:16.099+0000] {processor.py:161} INFO - Started process (PID=1869) to work on /home/airflow/.local/lib/python3.12/site-packages/airflow/example_dags/tutorial.py
[2025-10-02T23:09:16.100+0000] {processor.py:830} INFO - Processing file /home/airflow/.local/lib/python3.12/site-packages/airflow/example_dags/tutorial.py for tasks to queue
[2025-10-02T23:09:16.103+0000] {logging_mixin.py:188} INFO - [2025-10-02T23:09:16.102+0000] {dagbag.py:545} INFO - Filling up the DagBag from /home/airflow/.local/lib/python3.12/site-packages/airflow/example_dags/tutorial.py
[2025-10-02T23:09:16.111+0000] {processor.py:840} INFO - DAG(s) 'tutorial' retrieved from /home/airflow/.local/lib/python3.12/site-packages/airflow/example_dags/tutorial.py
[2025-10-02T23:09:16.142+0000] {logging_mixin.py:188} INFO - [2025-10-02T23:09:16.142+0000] {dag.py:3096} INFO - Sync 1 DAGs
[2025-10-02T23:09:16.172+0000] {logging_mixin.py:188} INFO - [2025-10-02T23:09:16.171+0000] {dag.py:3954} INFO - Setting next_dagrun for tutorial to 2025-10-01 00:00:00+00:00, run_after=2025-10-02 00:00:00+00:00
[2025-10-02T23:09:16.198+0000] {processor.py:183} INFO - Processing /home/airflow/.local/lib/python3.12/site-packages/airflow/example_dags/tutorial.py took 0.108 seconds
[2025-10-02T23:09:46.680+0000] {processor.py:161} INFO - Started process (PID=1922) to work on /home/airflow/.local/lib/python3.12/site-packages/airflow/example_dags/tutorial.py
[2025-10-02T23:09:46.682+0000] {processor.py:830} INFO - Processing file /home/airflow/.local/lib/python3.12/site-packages/airflow/example_dags/tutorial.py for tasks to queue
[2025-10-02T23:09:46.685+0000] {logging_mixin.py:188} INFO - [2025-10-02T23:09:46.684+0000] {dagbag.py:545} INFO - Filling up the DagBag from /home/airflow/.local/lib/python3.12/site-packages/airflow/example_dags/tutorial.py
[2025-10-02T23:09:46.695+0000] {processor.py:840} INFO - DAG(s) 'tutorial' retrieved from /home/airflow/.local/lib/python3.12/site-packages/airflow/example_dags/tutorial.py
[2025-10-02T23:09:46.722+0000] {logging_mixin.py:188} INFO - [2025-10-02T23:09:46.722+0000] {dag.py:3096} INFO - Sync 1 DAGs
[2025-10-02T23:09:46.752+0000] {logging_mixin.py:188} INFO - [2025-10-02T23:09:46.752+0000] {dag.py:3954} INFO - Setting next_dagrun for tutorial to 2025-10-01 00:00:00+00:00, run_after=2025-10-02 00:00:00+00:00
[2025-10-02T23:09:46.784+0000] {processor.py:183} INFO - Processing /home/airflow/.local/lib/python3.12/site-packages/airflow/example_dags/tutorial.py took 0.112 seconds
