[2025-10-02T22:50:43.118+0000] {processor.py:161} INFO - Started process (PID=70) to work on /home/airflow/.local/lib/python3.12/site-packages/airflow/example_dags/tutorial_taskflow_api.py
[2025-10-02T22:50:43.120+0000] {processor.py:830} INFO - Processing file /home/airflow/.local/lib/python3.12/site-packages/airflow/example_dags/tutorial_taskflow_api.py for tasks to queue
[2025-10-02T22:50:43.125+0000] {logging_mixin.py:188} INFO - [2025-10-02T22:50:43.124+0000] {dagbag.py:545} INFO - Filling up the DagBag from /home/airflow/.local/lib/python3.12/site-packages/airflow/example_dags/tutorial_taskflow_api.py
[2025-10-02T22:50:43.140+0000] {processor.py:840} INFO - DAG(s) 'tutorial_taskflow_api' retrieved from /home/airflow/.local/lib/python3.12/site-packages/airflow/example_dags/tutorial_taskflow_api.py
[2025-10-02T22:50:43.394+0000] {logging_mixin.py:188} INFO - [2025-10-02T22:50:43.393+0000] {override.py:1829} INFO - Created Permission View: can delete on DAG:tutorial_taskflow_api
[2025-10-02T22:50:43.419+0000] {logging_mixin.py:188} INFO - [2025-10-02T22:50:43.419+0000] {override.py:1829} INFO - Created Permission View: can edit on DAG:tutorial_taskflow_api
[2025-10-02T22:50:43.437+0000] {logging_mixin.py:188} INFO - [2025-10-02T22:50:43.437+0000] {override.py:1829} INFO - Created Permission View: can read on DAG:tutorial_taskflow_api
[2025-10-02T22:50:43.438+0000] {logging_mixin.py:188} INFO - [2025-10-02T22:50:43.438+0000] {dag.py:3096} INFO - Sync 1 DAGs
[2025-10-02T22:50:43.460+0000] {logging_mixin.py:188} INFO - [2025-10-02T22:50:43.460+0000] {dag.py:3118} INFO - Creating ORM DAG for tutorial_taskflow_api
[2025-10-02T22:50:43.461+0000] {logging_mixin.py:188} INFO - [2025-10-02T22:50:43.461+0000] {dag.py:3954} INFO - Setting next_dagrun for tutorial_taskflow_api to None, run_after=None
[2025-10-02T22:50:43.493+0000] {processor.py:183} INFO - Processing /home/airflow/.local/lib/python3.12/site-packages/airflow/example_dags/tutorial_taskflow_api.py took 0.387 seconds
[2025-10-02T22:51:52.711+0000] {processor.py:161} INFO - Started process (PID=70) to work on /home/airflow/.local/lib/python3.12/site-packages/airflow/example_dags/tutorial_taskflow_api.py
[2025-10-02T22:51:52.713+0000] {processor.py:830} INFO - Processing file /home/airflow/.local/lib/python3.12/site-packages/airflow/example_dags/tutorial_taskflow_api.py for tasks to queue
[2025-10-02T22:51:52.716+0000] {logging_mixin.py:188} INFO - [2025-10-02T22:51:52.716+0000] {dagbag.py:545} INFO - Filling up the DagBag from /home/airflow/.local/lib/python3.12/site-packages/airflow/example_dags/tutorial_taskflow_api.py
[2025-10-02T22:51:52.726+0000] {processor.py:840} INFO - DAG(s) 'tutorial_taskflow_api' retrieved from /home/airflow/.local/lib/python3.12/site-packages/airflow/example_dags/tutorial_taskflow_api.py
[2025-10-02T22:51:52.747+0000] {logging_mixin.py:188} INFO - [2025-10-02T22:51:52.747+0000] {dag.py:3096} INFO - Sync 1 DAGs
[2025-10-02T22:51:52.769+0000] {logging_mixin.py:188} INFO - [2025-10-02T22:51:52.769+0000] {dag.py:3954} INFO - Setting next_dagrun for tutorial_taskflow_api to None, run_after=None
[2025-10-02T22:51:52.800+0000] {processor.py:183} INFO - Processing /home/airflow/.local/lib/python3.12/site-packages/airflow/example_dags/tutorial_taskflow_api.py took 0.101 seconds
[2025-10-02T22:52:22.890+0000] {processor.py:161} INFO - Started process (PID=123) to work on /home/airflow/.local/lib/python3.12/site-packages/airflow/example_dags/tutorial_taskflow_api.py
[2025-10-02T22:52:22.891+0000] {processor.py:830} INFO - Processing file /home/airflow/.local/lib/python3.12/site-packages/airflow/example_dags/tutorial_taskflow_api.py for tasks to queue
[2025-10-02T22:52:22.894+0000] {logging_mixin.py:188} INFO - [2025-10-02T22:52:22.894+0000] {dagbag.py:545} INFO - Filling up the DagBag from /home/airflow/.local/lib/python3.12/site-packages/airflow/example_dags/tutorial_taskflow_api.py
[2025-10-02T22:52:22.908+0000] {processor.py:840} INFO - DAG(s) 'tutorial_taskflow_api' retrieved from /home/airflow/.local/lib/python3.12/site-packages/airflow/example_dags/tutorial_taskflow_api.py
[2025-10-02T22:52:22.927+0000] {logging_mixin.py:188} INFO - [2025-10-02T22:52:22.927+0000] {dag.py:3096} INFO - Sync 1 DAGs
[2025-10-02T22:52:22.946+0000] {logging_mixin.py:188} INFO - [2025-10-02T22:52:22.946+0000] {dag.py:3954} INFO - Setting next_dagrun for tutorial_taskflow_api to None, run_after=None
[2025-10-02T22:52:22.972+0000] {processor.py:183} INFO - Processing /home/airflow/.local/lib/python3.12/site-packages/airflow/example_dags/tutorial_taskflow_api.py took 0.094 seconds
[2025-10-02T22:52:54.752+0000] {processor.py:161} INFO - Started process (PID=176) to work on /home/airflow/.local/lib/python3.12/site-packages/airflow/example_dags/tutorial_taskflow_api.py
[2025-10-02T22:52:54.754+0000] {processor.py:830} INFO - Processing file /home/airflow/.local/lib/python3.12/site-packages/airflow/example_dags/tutorial_taskflow_api.py for tasks to queue
[2025-10-02T22:52:54.757+0000] {logging_mixin.py:188} INFO - [2025-10-02T22:52:54.757+0000] {dagbag.py:545} INFO - Filling up the DagBag from /home/airflow/.local/lib/python3.12/site-packages/airflow/example_dags/tutorial_taskflow_api.py
[2025-10-02T22:52:54.767+0000] {processor.py:840} INFO - DAG(s) 'tutorial_taskflow_api' retrieved from /home/airflow/.local/lib/python3.12/site-packages/airflow/example_dags/tutorial_taskflow_api.py
[2025-10-02T22:52:54.912+0000] {logging_mixin.py:188} INFO - [2025-10-02T22:52:54.912+0000] {dag.py:3096} INFO - Sync 1 DAGs
[2025-10-02T22:52:54.930+0000] {logging_mixin.py:188} INFO - [2025-10-02T22:52:54.929+0000] {dag.py:3954} INFO - Setting next_dagrun for tutorial_taskflow_api to None, run_after=None
[2025-10-02T22:52:54.962+0000] {processor.py:183} INFO - Processing /home/airflow/.local/lib/python3.12/site-packages/airflow/example_dags/tutorial_taskflow_api.py took 0.217 seconds
[2025-10-02T22:53:25.113+0000] {processor.py:161} INFO - Started process (PID=231) to work on /home/airflow/.local/lib/python3.12/site-packages/airflow/example_dags/tutorial_taskflow_api.py
[2025-10-02T22:53:25.114+0000] {processor.py:830} INFO - Processing file /home/airflow/.local/lib/python3.12/site-packages/airflow/example_dags/tutorial_taskflow_api.py for tasks to queue
[2025-10-02T22:53:25.119+0000] {logging_mixin.py:188} INFO - [2025-10-02T22:53:25.118+0000] {dagbag.py:545} INFO - Filling up the DagBag from /home/airflow/.local/lib/python3.12/site-packages/airflow/example_dags/tutorial_taskflow_api.py
[2025-10-02T22:53:25.129+0000] {processor.py:840} INFO - DAG(s) 'tutorial_taskflow_api' retrieved from /home/airflow/.local/lib/python3.12/site-packages/airflow/example_dags/tutorial_taskflow_api.py
[2025-10-02T22:53:25.159+0000] {logging_mixin.py:188} INFO - [2025-10-02T22:53:25.159+0000] {dag.py:3096} INFO - Sync 1 DAGs
[2025-10-02T22:53:25.178+0000] {logging_mixin.py:188} INFO - [2025-10-02T22:53:25.178+0000] {dag.py:3954} INFO - Setting next_dagrun for tutorial_taskflow_api to None, run_after=None
[2025-10-02T22:53:25.212+0000] {processor.py:183} INFO - Processing /home/airflow/.local/lib/python3.12/site-packages/airflow/example_dags/tutorial_taskflow_api.py took 0.109 seconds
[2025-10-02T22:53:55.826+0000] {processor.py:161} INFO - Started process (PID=284) to work on /home/airflow/.local/lib/python3.12/site-packages/airflow/example_dags/tutorial_taskflow_api.py
[2025-10-02T22:53:55.827+0000] {processor.py:830} INFO - Processing file /home/airflow/.local/lib/python3.12/site-packages/airflow/example_dags/tutorial_taskflow_api.py for tasks to queue
[2025-10-02T22:53:55.831+0000] {logging_mixin.py:188} INFO - [2025-10-02T22:53:55.830+0000] {dagbag.py:545} INFO - Filling up the DagBag from /home/airflow/.local/lib/python3.12/site-packages/airflow/example_dags/tutorial_taskflow_api.py
[2025-10-02T22:53:55.847+0000] {processor.py:840} INFO - DAG(s) 'tutorial_taskflow_api' retrieved from /home/airflow/.local/lib/python3.12/site-packages/airflow/example_dags/tutorial_taskflow_api.py
[2025-10-02T22:53:55.872+0000] {logging_mixin.py:188} INFO - [2025-10-02T22:53:55.871+0000] {dag.py:3096} INFO - Sync 1 DAGs
[2025-10-02T22:53:55.923+0000] {logging_mixin.py:188} INFO - [2025-10-02T22:53:55.917+0000] {dag.py:3954} INFO - Setting next_dagrun for tutorial_taskflow_api to None, run_after=None
[2025-10-02T22:53:55.974+0000] {processor.py:183} INFO - Processing /home/airflow/.local/lib/python3.12/site-packages/airflow/example_dags/tutorial_taskflow_api.py took 0.161 seconds
[2025-10-02T22:54:29.191+0000] {processor.py:161} INFO - Started process (PID=337) to work on /home/airflow/.local/lib/python3.12/site-packages/airflow/example_dags/tutorial_taskflow_api.py
[2025-10-02T22:54:29.192+0000] {processor.py:830} INFO - Processing file /home/airflow/.local/lib/python3.12/site-packages/airflow/example_dags/tutorial_taskflow_api.py for tasks to queue
[2025-10-02T22:54:29.195+0000] {logging_mixin.py:188} INFO - [2025-10-02T22:54:29.194+0000] {dagbag.py:545} INFO - Filling up the DagBag from /home/airflow/.local/lib/python3.12/site-packages/airflow/example_dags/tutorial_taskflow_api.py
[2025-10-02T22:54:29.209+0000] {processor.py:840} INFO - DAG(s) 'tutorial_taskflow_api' retrieved from /home/airflow/.local/lib/python3.12/site-packages/airflow/example_dags/tutorial_taskflow_api.py
[2025-10-02T22:54:29.389+0000] {logging_mixin.py:188} INFO - [2025-10-02T22:54:29.388+0000] {dag.py:3096} INFO - Sync 1 DAGs
[2025-10-02T22:54:29.402+0000] {logging_mixin.py:188} INFO - [2025-10-02T22:54:29.402+0000] {dag.py:3954} INFO - Setting next_dagrun for tutorial_taskflow_api to None, run_after=None
[2025-10-02T22:54:29.426+0000] {processor.py:183} INFO - Processing /home/airflow/.local/lib/python3.12/site-packages/airflow/example_dags/tutorial_taskflow_api.py took 0.245 seconds
[2025-10-02T22:54:59.575+0000] {processor.py:161} INFO - Started process (PID=390) to work on /home/airflow/.local/lib/python3.12/site-packages/airflow/example_dags/tutorial_taskflow_api.py
[2025-10-02T22:54:59.576+0000] {processor.py:830} INFO - Processing file /home/airflow/.local/lib/python3.12/site-packages/airflow/example_dags/tutorial_taskflow_api.py for tasks to queue
[2025-10-02T22:54:59.579+0000] {logging_mixin.py:188} INFO - [2025-10-02T22:54:59.579+0000] {dagbag.py:545} INFO - Filling up the DagBag from /home/airflow/.local/lib/python3.12/site-packages/airflow/example_dags/tutorial_taskflow_api.py
[2025-10-02T22:54:59.587+0000] {processor.py:840} INFO - DAG(s) 'tutorial_taskflow_api' retrieved from /home/airflow/.local/lib/python3.12/site-packages/airflow/example_dags/tutorial_taskflow_api.py
[2025-10-02T22:54:59.615+0000] {logging_mixin.py:188} INFO - [2025-10-02T22:54:59.615+0000] {dag.py:3096} INFO - Sync 1 DAGs
[2025-10-02T22:54:59.631+0000] {logging_mixin.py:188} INFO - [2025-10-02T22:54:59.631+0000] {dag.py:3954} INFO - Setting next_dagrun for tutorial_taskflow_api to None, run_after=None
[2025-10-02T22:54:59.656+0000] {processor.py:183} INFO - Processing /home/airflow/.local/lib/python3.12/site-packages/airflow/example_dags/tutorial_taskflow_api.py took 0.089 seconds
[2025-10-02T22:55:31.155+0000] {processor.py:161} INFO - Started process (PID=447) to work on /home/airflow/.local/lib/python3.12/site-packages/airflow/example_dags/tutorial_taskflow_api.py
[2025-10-02T22:55:31.158+0000] {processor.py:830} INFO - Processing file /home/airflow/.local/lib/python3.12/site-packages/airflow/example_dags/tutorial_taskflow_api.py for tasks to queue
[2025-10-02T22:55:31.162+0000] {logging_mixin.py:188} INFO - [2025-10-02T22:55:31.162+0000] {dagbag.py:545} INFO - Filling up the DagBag from /home/airflow/.local/lib/python3.12/site-packages/airflow/example_dags/tutorial_taskflow_api.py
[2025-10-02T22:55:31.175+0000] {processor.py:840} INFO - DAG(s) 'tutorial_taskflow_api' retrieved from /home/airflow/.local/lib/python3.12/site-packages/airflow/example_dags/tutorial_taskflow_api.py
[2025-10-02T22:55:31.213+0000] {logging_mixin.py:188} INFO - [2025-10-02T22:55:31.213+0000] {dag.py:3096} INFO - Sync 1 DAGs
[2025-10-02T22:55:31.244+0000] {logging_mixin.py:188} INFO - [2025-10-02T22:55:31.244+0000] {dag.py:3954} INFO - Setting next_dagrun for tutorial_taskflow_api to None, run_after=None
[2025-10-02T22:55:31.284+0000] {processor.py:183} INFO - Processing /home/airflow/.local/lib/python3.12/site-packages/airflow/example_dags/tutorial_taskflow_api.py took 0.140 seconds
[2025-10-02T22:56:02.089+0000] {processor.py:161} INFO - Started process (PID=500) to work on /home/airflow/.local/lib/python3.12/site-packages/airflow/example_dags/tutorial_taskflow_api.py
[2025-10-02T22:56:02.091+0000] {processor.py:830} INFO - Processing file /home/airflow/.local/lib/python3.12/site-packages/airflow/example_dags/tutorial_taskflow_api.py for tasks to queue
[2025-10-02T22:56:02.094+0000] {logging_mixin.py:188} INFO - [2025-10-02T22:56:02.094+0000] {dagbag.py:545} INFO - Filling up the DagBag from /home/airflow/.local/lib/python3.12/site-packages/airflow/example_dags/tutorial_taskflow_api.py
[2025-10-02T22:56:02.105+0000] {processor.py:840} INFO - DAG(s) 'tutorial_taskflow_api' retrieved from /home/airflow/.local/lib/python3.12/site-packages/airflow/example_dags/tutorial_taskflow_api.py
[2025-10-02T22:56:02.133+0000] {logging_mixin.py:188} INFO - [2025-10-02T22:56:02.133+0000] {dag.py:3096} INFO - Sync 1 DAGs
[2025-10-02T22:56:02.150+0000] {logging_mixin.py:188} INFO - [2025-10-02T22:56:02.149+0000] {dag.py:3954} INFO - Setting next_dagrun for tutorial_taskflow_api to None, run_after=None
[2025-10-02T22:56:02.176+0000] {processor.py:183} INFO - Processing /home/airflow/.local/lib/python3.12/site-packages/airflow/example_dags/tutorial_taskflow_api.py took 0.096 seconds
[2025-10-02T22:56:32.606+0000] {processor.py:161} INFO - Started process (PID=553) to work on /home/airflow/.local/lib/python3.12/site-packages/airflow/example_dags/tutorial_taskflow_api.py
[2025-10-02T22:56:32.607+0000] {processor.py:830} INFO - Processing file /home/airflow/.local/lib/python3.12/site-packages/airflow/example_dags/tutorial_taskflow_api.py for tasks to queue
[2025-10-02T22:56:32.610+0000] {logging_mixin.py:188} INFO - [2025-10-02T22:56:32.610+0000] {dagbag.py:545} INFO - Filling up the DagBag from /home/airflow/.local/lib/python3.12/site-packages/airflow/example_dags/tutorial_taskflow_api.py
[2025-10-02T22:56:32.623+0000] {processor.py:840} INFO - DAG(s) 'tutorial_taskflow_api' retrieved from /home/airflow/.local/lib/python3.12/site-packages/airflow/example_dags/tutorial_taskflow_api.py
[2025-10-02T22:56:32.669+0000] {logging_mixin.py:188} INFO - [2025-10-02T22:56:32.668+0000] {dag.py:3096} INFO - Sync 1 DAGs
[2025-10-02T22:56:32.701+0000] {logging_mixin.py:188} INFO - [2025-10-02T22:56:32.701+0000] {dag.py:3954} INFO - Setting next_dagrun for tutorial_taskflow_api to None, run_after=None
[2025-10-02T22:56:32.739+0000] {processor.py:183} INFO - Processing /home/airflow/.local/lib/python3.12/site-packages/airflow/example_dags/tutorial_taskflow_api.py took 0.145 seconds
[2025-10-02T22:57:02.872+0000] {processor.py:161} INFO - Started process (PID=606) to work on /home/airflow/.local/lib/python3.12/site-packages/airflow/example_dags/tutorial_taskflow_api.py
[2025-10-02T22:57:02.873+0000] {processor.py:830} INFO - Processing file /home/airflow/.local/lib/python3.12/site-packages/airflow/example_dags/tutorial_taskflow_api.py for tasks to queue
[2025-10-02T22:57:02.876+0000] {logging_mixin.py:188} INFO - [2025-10-02T22:57:02.876+0000] {dagbag.py:545} INFO - Filling up the DagBag from /home/airflow/.local/lib/python3.12/site-packages/airflow/example_dags/tutorial_taskflow_api.py
[2025-10-02T22:57:02.886+0000] {processor.py:840} INFO - DAG(s) 'tutorial_taskflow_api' retrieved from /home/airflow/.local/lib/python3.12/site-packages/airflow/example_dags/tutorial_taskflow_api.py
[2025-10-02T22:57:02.917+0000] {logging_mixin.py:188} INFO - [2025-10-02T22:57:02.917+0000] {dag.py:3096} INFO - Sync 1 DAGs
[2025-10-02T22:57:02.933+0000] {logging_mixin.py:188} INFO - [2025-10-02T22:57:02.933+0000] {dag.py:3954} INFO - Setting next_dagrun for tutorial_taskflow_api to None, run_after=None
[2025-10-02T22:57:02.956+0000] {processor.py:183} INFO - Processing /home/airflow/.local/lib/python3.12/site-packages/airflow/example_dags/tutorial_taskflow_api.py took 0.094 seconds
[2025-10-02T22:57:33.487+0000] {processor.py:161} INFO - Started process (PID=660) to work on /home/airflow/.local/lib/python3.12/site-packages/airflow/example_dags/tutorial_taskflow_api.py
[2025-10-02T22:57:33.489+0000] {processor.py:830} INFO - Processing file /home/airflow/.local/lib/python3.12/site-packages/airflow/example_dags/tutorial_taskflow_api.py for tasks to queue
[2025-10-02T22:57:33.493+0000] {logging_mixin.py:188} INFO - [2025-10-02T22:57:33.492+0000] {dagbag.py:545} INFO - Filling up the DagBag from /home/airflow/.local/lib/python3.12/site-packages/airflow/example_dags/tutorial_taskflow_api.py
[2025-10-02T22:57:33.509+0000] {processor.py:840} INFO - DAG(s) 'tutorial_taskflow_api' retrieved from /home/airflow/.local/lib/python3.12/site-packages/airflow/example_dags/tutorial_taskflow_api.py
[2025-10-02T22:57:33.542+0000] {logging_mixin.py:188} INFO - [2025-10-02T22:57:33.542+0000] {dag.py:3096} INFO - Sync 1 DAGs
[2025-10-02T22:57:33.575+0000] {logging_mixin.py:188} INFO - [2025-10-02T22:57:33.574+0000] {dag.py:3954} INFO - Setting next_dagrun for tutorial_taskflow_api to None, run_after=None
[2025-10-02T22:57:33.619+0000] {processor.py:183} INFO - Processing /home/airflow/.local/lib/python3.12/site-packages/airflow/example_dags/tutorial_taskflow_api.py took 0.143 seconds
[2025-10-02T22:58:04.015+0000] {processor.py:161} INFO - Started process (PID=713) to work on /home/airflow/.local/lib/python3.12/site-packages/airflow/example_dags/tutorial_taskflow_api.py
[2025-10-02T22:58:04.016+0000] {processor.py:830} INFO - Processing file /home/airflow/.local/lib/python3.12/site-packages/airflow/example_dags/tutorial_taskflow_api.py for tasks to queue
[2025-10-02T22:58:04.019+0000] {logging_mixin.py:188} INFO - [2025-10-02T22:58:04.019+0000] {dagbag.py:545} INFO - Filling up the DagBag from /home/airflow/.local/lib/python3.12/site-packages/airflow/example_dags/tutorial_taskflow_api.py
[2025-10-02T22:58:04.035+0000] {processor.py:840} INFO - DAG(s) 'tutorial_taskflow_api' retrieved from /home/airflow/.local/lib/python3.12/site-packages/airflow/example_dags/tutorial_taskflow_api.py
[2025-10-02T22:58:04.059+0000] {logging_mixin.py:188} INFO - [2025-10-02T22:58:04.059+0000] {dag.py:3096} INFO - Sync 1 DAGs
[2025-10-02T22:58:04.080+0000] {logging_mixin.py:188} INFO - [2025-10-02T22:58:04.080+0000] {dag.py:3954} INFO - Setting next_dagrun for tutorial_taskflow_api to None, run_after=None
[2025-10-02T22:58:04.108+0000] {processor.py:183} INFO - Processing /home/airflow/.local/lib/python3.12/site-packages/airflow/example_dags/tutorial_taskflow_api.py took 0.104 seconds
[2025-10-02T22:58:35.422+0000] {processor.py:161} INFO - Started process (PID=766) to work on /home/airflow/.local/lib/python3.12/site-packages/airflow/example_dags/tutorial_taskflow_api.py
[2025-10-02T22:58:35.424+0000] {processor.py:830} INFO - Processing file /home/airflow/.local/lib/python3.12/site-packages/airflow/example_dags/tutorial_taskflow_api.py for tasks to queue
[2025-10-02T22:58:35.428+0000] {logging_mixin.py:188} INFO - [2025-10-02T22:58:35.428+0000] {dagbag.py:545} INFO - Filling up the DagBag from /home/airflow/.local/lib/python3.12/site-packages/airflow/example_dags/tutorial_taskflow_api.py
[2025-10-02T22:58:35.441+0000] {processor.py:840} INFO - DAG(s) 'tutorial_taskflow_api' retrieved from /home/airflow/.local/lib/python3.12/site-packages/airflow/example_dags/tutorial_taskflow_api.py
[2025-10-02T22:58:35.667+0000] {logging_mixin.py:188} INFO - [2025-10-02T22:58:35.666+0000] {dag.py:3096} INFO - Sync 1 DAGs
[2025-10-02T22:58:35.685+0000] {logging_mixin.py:188} INFO - [2025-10-02T22:58:35.685+0000] {dag.py:3954} INFO - Setting next_dagrun for tutorial_taskflow_api to None, run_after=None
[2025-10-02T22:58:35.727+0000] {processor.py:183} INFO - Processing /home/airflow/.local/lib/python3.12/site-packages/airflow/example_dags/tutorial_taskflow_api.py took 0.316 seconds
[2025-10-02T22:59:05.783+0000] {processor.py:161} INFO - Started process (PID=819) to work on /home/airflow/.local/lib/python3.12/site-packages/airflow/example_dags/tutorial_taskflow_api.py
[2025-10-02T22:59:05.784+0000] {processor.py:830} INFO - Processing file /home/airflow/.local/lib/python3.12/site-packages/airflow/example_dags/tutorial_taskflow_api.py for tasks to queue
[2025-10-02T22:59:05.787+0000] {logging_mixin.py:188} INFO - [2025-10-02T22:59:05.786+0000] {dagbag.py:545} INFO - Filling up the DagBag from /home/airflow/.local/lib/python3.12/site-packages/airflow/example_dags/tutorial_taskflow_api.py
[2025-10-02T22:59:05.800+0000] {processor.py:840} INFO - DAG(s) 'tutorial_taskflow_api' retrieved from /home/airflow/.local/lib/python3.12/site-packages/airflow/example_dags/tutorial_taskflow_api.py
[2025-10-02T22:59:05.836+0000] {logging_mixin.py:188} INFO - [2025-10-02T22:59:05.836+0000] {dag.py:3096} INFO - Sync 1 DAGs
[2025-10-02T22:59:05.873+0000] {logging_mixin.py:188} INFO - [2025-10-02T22:59:05.872+0000] {dag.py:3954} INFO - Setting next_dagrun for tutorial_taskflow_api to None, run_after=None
[2025-10-02T22:59:05.909+0000] {processor.py:183} INFO - Processing /home/airflow/.local/lib/python3.12/site-packages/airflow/example_dags/tutorial_taskflow_api.py took 0.137 seconds
[2025-10-02T22:59:36.012+0000] {processor.py:161} INFO - Started process (PID=872) to work on /home/airflow/.local/lib/python3.12/site-packages/airflow/example_dags/tutorial_taskflow_api.py
[2025-10-02T22:59:36.013+0000] {processor.py:830} INFO - Processing file /home/airflow/.local/lib/python3.12/site-packages/airflow/example_dags/tutorial_taskflow_api.py for tasks to queue
[2025-10-02T22:59:36.016+0000] {logging_mixin.py:188} INFO - [2025-10-02T22:59:36.016+0000] {dagbag.py:545} INFO - Filling up the DagBag from /home/airflow/.local/lib/python3.12/site-packages/airflow/example_dags/tutorial_taskflow_api.py
[2025-10-02T22:59:36.026+0000] {processor.py:840} INFO - DAG(s) 'tutorial_taskflow_api' retrieved from /home/airflow/.local/lib/python3.12/site-packages/airflow/example_dags/tutorial_taskflow_api.py
[2025-10-02T22:59:36.058+0000] {logging_mixin.py:188} INFO - [2025-10-02T22:59:36.057+0000] {dag.py:3096} INFO - Sync 1 DAGs
[2025-10-02T22:59:36.076+0000] {logging_mixin.py:188} INFO - [2025-10-02T22:59:36.076+0000] {dag.py:3954} INFO - Setting next_dagrun for tutorial_taskflow_api to None, run_after=None
[2025-10-02T22:59:36.103+0000] {processor.py:183} INFO - Processing /home/airflow/.local/lib/python3.12/site-packages/airflow/example_dags/tutorial_taskflow_api.py took 0.100 seconds
[2025-10-02T23:00:06.671+0000] {processor.py:161} INFO - Started process (PID=925) to work on /home/airflow/.local/lib/python3.12/site-packages/airflow/example_dags/tutorial_taskflow_api.py
[2025-10-02T23:00:06.673+0000] {processor.py:830} INFO - Processing file /home/airflow/.local/lib/python3.12/site-packages/airflow/example_dags/tutorial_taskflow_api.py for tasks to queue
[2025-10-02T23:00:06.676+0000] {logging_mixin.py:188} INFO - [2025-10-02T23:00:06.676+0000] {dagbag.py:545} INFO - Filling up the DagBag from /home/airflow/.local/lib/python3.12/site-packages/airflow/example_dags/tutorial_taskflow_api.py
[2025-10-02T23:00:06.686+0000] {processor.py:840} INFO - DAG(s) 'tutorial_taskflow_api' retrieved from /home/airflow/.local/lib/python3.12/site-packages/airflow/example_dags/tutorial_taskflow_api.py
[2025-10-02T23:00:06.717+0000] {logging_mixin.py:188} INFO - [2025-10-02T23:00:06.717+0000] {dag.py:3096} INFO - Sync 1 DAGs
[2025-10-02T23:00:06.740+0000] {logging_mixin.py:188} INFO - [2025-10-02T23:00:06.740+0000] {dag.py:3954} INFO - Setting next_dagrun for tutorial_taskflow_api to None, run_after=None
[2025-10-02T23:00:06.770+0000] {processor.py:183} INFO - Processing /home/airflow/.local/lib/python3.12/site-packages/airflow/example_dags/tutorial_taskflow_api.py took 0.111 seconds
[2025-10-02T23:00:37.010+0000] {processor.py:161} INFO - Started process (PID=978) to work on /home/airflow/.local/lib/python3.12/site-packages/airflow/example_dags/tutorial_taskflow_api.py
[2025-10-02T23:00:37.012+0000] {processor.py:830} INFO - Processing file /home/airflow/.local/lib/python3.12/site-packages/airflow/example_dags/tutorial_taskflow_api.py for tasks to queue
[2025-10-02T23:00:37.016+0000] {logging_mixin.py:188} INFO - [2025-10-02T23:00:37.015+0000] {dagbag.py:545} INFO - Filling up the DagBag from /home/airflow/.local/lib/python3.12/site-packages/airflow/example_dags/tutorial_taskflow_api.py
[2025-10-02T23:00:37.034+0000] {processor.py:840} INFO - DAG(s) 'tutorial_taskflow_api' retrieved from /home/airflow/.local/lib/python3.12/site-packages/airflow/example_dags/tutorial_taskflow_api.py
[2025-10-02T23:00:37.076+0000] {logging_mixin.py:188} INFO - [2025-10-02T23:00:37.075+0000] {dag.py:3096} INFO - Sync 1 DAGs
[2025-10-02T23:00:37.102+0000] {logging_mixin.py:188} INFO - [2025-10-02T23:00:37.102+0000] {dag.py:3954} INFO - Setting next_dagrun for tutorial_taskflow_api to None, run_after=None
[2025-10-02T23:00:37.137+0000] {processor.py:183} INFO - Processing /home/airflow/.local/lib/python3.12/site-packages/airflow/example_dags/tutorial_taskflow_api.py took 0.138 seconds
[2025-10-02T23:01:07.341+0000] {processor.py:161} INFO - Started process (PID=1031) to work on /home/airflow/.local/lib/python3.12/site-packages/airflow/example_dags/tutorial_taskflow_api.py
[2025-10-02T23:01:07.342+0000] {processor.py:830} INFO - Processing file /home/airflow/.local/lib/python3.12/site-packages/airflow/example_dags/tutorial_taskflow_api.py for tasks to queue
[2025-10-02T23:01:07.345+0000] {logging_mixin.py:188} INFO - [2025-10-02T23:01:07.345+0000] {dagbag.py:545} INFO - Filling up the DagBag from /home/airflow/.local/lib/python3.12/site-packages/airflow/example_dags/tutorial_taskflow_api.py
[2025-10-02T23:01:07.355+0000] {processor.py:840} INFO - DAG(s) 'tutorial_taskflow_api' retrieved from /home/airflow/.local/lib/python3.12/site-packages/airflow/example_dags/tutorial_taskflow_api.py
[2025-10-02T23:01:07.389+0000] {logging_mixin.py:188} INFO - [2025-10-02T23:01:07.388+0000] {dag.py:3096} INFO - Sync 1 DAGs
[2025-10-02T23:01:07.407+0000] {logging_mixin.py:188} INFO - [2025-10-02T23:01:07.407+0000] {dag.py:3954} INFO - Setting next_dagrun for tutorial_taskflow_api to None, run_after=None
[2025-10-02T23:01:07.436+0000] {processor.py:183} INFO - Processing /home/airflow/.local/lib/python3.12/site-packages/airflow/example_dags/tutorial_taskflow_api.py took 0.105 seconds
[2025-10-02T23:01:38.010+0000] {processor.py:161} INFO - Started process (PID=1084) to work on /home/airflow/.local/lib/python3.12/site-packages/airflow/example_dags/tutorial_taskflow_api.py
[2025-10-02T23:01:38.012+0000] {processor.py:830} INFO - Processing file /home/airflow/.local/lib/python3.12/site-packages/airflow/example_dags/tutorial_taskflow_api.py for tasks to queue
[2025-10-02T23:01:38.015+0000] {logging_mixin.py:188} INFO - [2025-10-02T23:01:38.015+0000] {dagbag.py:545} INFO - Filling up the DagBag from /home/airflow/.local/lib/python3.12/site-packages/airflow/example_dags/tutorial_taskflow_api.py
[2025-10-02T23:01:38.026+0000] {processor.py:840} INFO - DAG(s) 'tutorial_taskflow_api' retrieved from /home/airflow/.local/lib/python3.12/site-packages/airflow/example_dags/tutorial_taskflow_api.py
[2025-10-02T23:01:38.059+0000] {logging_mixin.py:188} INFO - [2025-10-02T23:01:38.058+0000] {dag.py:3096} INFO - Sync 1 DAGs
[2025-10-02T23:01:38.080+0000] {logging_mixin.py:188} INFO - [2025-10-02T23:01:38.080+0000] {dag.py:3954} INFO - Setting next_dagrun for tutorial_taskflow_api to None, run_after=None
[2025-10-02T23:01:38.104+0000] {processor.py:183} INFO - Processing /home/airflow/.local/lib/python3.12/site-packages/airflow/example_dags/tutorial_taskflow_api.py took 0.106 seconds
[2025-10-02T23:02:08.687+0000] {processor.py:161} INFO - Started process (PID=1137) to work on /home/airflow/.local/lib/python3.12/site-packages/airflow/example_dags/tutorial_taskflow_api.py
[2025-10-02T23:02:08.689+0000] {processor.py:830} INFO - Processing file /home/airflow/.local/lib/python3.12/site-packages/airflow/example_dags/tutorial_taskflow_api.py for tasks to queue
[2025-10-02T23:02:08.691+0000] {logging_mixin.py:188} INFO - [2025-10-02T23:02:08.691+0000] {dagbag.py:545} INFO - Filling up the DagBag from /home/airflow/.local/lib/python3.12/site-packages/airflow/example_dags/tutorial_taskflow_api.py
[2025-10-02T23:02:08.701+0000] {processor.py:840} INFO - DAG(s) 'tutorial_taskflow_api' retrieved from /home/airflow/.local/lib/python3.12/site-packages/airflow/example_dags/tutorial_taskflow_api.py
[2025-10-02T23:02:08.728+0000] {logging_mixin.py:188} INFO - [2025-10-02T23:02:08.728+0000] {dag.py:3096} INFO - Sync 1 DAGs
[2025-10-02T23:02:08.745+0000] {logging_mixin.py:188} INFO - [2025-10-02T23:02:08.745+0000] {dag.py:3954} INFO - Setting next_dagrun for tutorial_taskflow_api to None, run_after=None
[2025-10-02T23:02:08.770+0000] {processor.py:183} INFO - Processing /home/airflow/.local/lib/python3.12/site-packages/airflow/example_dags/tutorial_taskflow_api.py took 0.092 seconds
[2025-10-02T23:02:39.203+0000] {processor.py:161} INFO - Started process (PID=1190) to work on /home/airflow/.local/lib/python3.12/site-packages/airflow/example_dags/tutorial_taskflow_api.py
[2025-10-02T23:02:39.204+0000] {processor.py:830} INFO - Processing file /home/airflow/.local/lib/python3.12/site-packages/airflow/example_dags/tutorial_taskflow_api.py for tasks to queue
[2025-10-02T23:02:39.207+0000] {logging_mixin.py:188} INFO - [2025-10-02T23:02:39.207+0000] {dagbag.py:545} INFO - Filling up the DagBag from /home/airflow/.local/lib/python3.12/site-packages/airflow/example_dags/tutorial_taskflow_api.py
[2025-10-02T23:02:39.220+0000] {processor.py:840} INFO - DAG(s) 'tutorial_taskflow_api' retrieved from /home/airflow/.local/lib/python3.12/site-packages/airflow/example_dags/tutorial_taskflow_api.py
[2025-10-02T23:02:39.250+0000] {logging_mixin.py:188} INFO - [2025-10-02T23:02:39.250+0000] {dag.py:3096} INFO - Sync 1 DAGs
[2025-10-02T23:02:39.268+0000] {logging_mixin.py:188} INFO - [2025-10-02T23:02:39.268+0000] {dag.py:3954} INFO - Setting next_dagrun for tutorial_taskflow_api to None, run_after=None
[2025-10-02T23:02:39.296+0000] {processor.py:183} INFO - Processing /home/airflow/.local/lib/python3.12/site-packages/airflow/example_dags/tutorial_taskflow_api.py took 0.104 seconds
[2025-10-02T23:03:10.201+0000] {processor.py:161} INFO - Started process (PID=1243) to work on /home/airflow/.local/lib/python3.12/site-packages/airflow/example_dags/tutorial_taskflow_api.py
[2025-10-02T23:03:10.202+0000] {processor.py:830} INFO - Processing file /home/airflow/.local/lib/python3.12/site-packages/airflow/example_dags/tutorial_taskflow_api.py for tasks to queue
[2025-10-02T23:03:10.205+0000] {logging_mixin.py:188} INFO - [2025-10-02T23:03:10.205+0000] {dagbag.py:545} INFO - Filling up the DagBag from /home/airflow/.local/lib/python3.12/site-packages/airflow/example_dags/tutorial_taskflow_api.py
[2025-10-02T23:03:10.216+0000] {processor.py:840} INFO - DAG(s) 'tutorial_taskflow_api' retrieved from /home/airflow/.local/lib/python3.12/site-packages/airflow/example_dags/tutorial_taskflow_api.py
[2025-10-02T23:03:10.248+0000] {logging_mixin.py:188} INFO - [2025-10-02T23:03:10.248+0000] {dag.py:3096} INFO - Sync 1 DAGs
[2025-10-02T23:03:10.268+0000] {logging_mixin.py:188} INFO - [2025-10-02T23:03:10.267+0000] {dag.py:3954} INFO - Setting next_dagrun for tutorial_taskflow_api to None, run_after=None
[2025-10-02T23:03:10.294+0000] {processor.py:183} INFO - Processing /home/airflow/.local/lib/python3.12/site-packages/airflow/example_dags/tutorial_taskflow_api.py took 0.103 seconds
[2025-10-02T23:03:40.460+0000] {processor.py:161} INFO - Started process (PID=1296) to work on /home/airflow/.local/lib/python3.12/site-packages/airflow/example_dags/tutorial_taskflow_api.py
[2025-10-02T23:03:40.462+0000] {processor.py:830} INFO - Processing file /home/airflow/.local/lib/python3.12/site-packages/airflow/example_dags/tutorial_taskflow_api.py for tasks to queue
[2025-10-02T23:03:40.465+0000] {logging_mixin.py:188} INFO - [2025-10-02T23:03:40.465+0000] {dagbag.py:545} INFO - Filling up the DagBag from /home/airflow/.local/lib/python3.12/site-packages/airflow/example_dags/tutorial_taskflow_api.py
[2025-10-02T23:03:40.476+0000] {processor.py:840} INFO - DAG(s) 'tutorial_taskflow_api' retrieved from /home/airflow/.local/lib/python3.12/site-packages/airflow/example_dags/tutorial_taskflow_api.py
[2025-10-02T23:03:40.506+0000] {logging_mixin.py:188} INFO - [2025-10-02T23:03:40.506+0000] {dag.py:3096} INFO - Sync 1 DAGs
[2025-10-02T23:03:40.525+0000] {logging_mixin.py:188} INFO - [2025-10-02T23:03:40.525+0000] {dag.py:3954} INFO - Setting next_dagrun for tutorial_taskflow_api to None, run_after=None
[2025-10-02T23:03:40.552+0000] {processor.py:183} INFO - Processing /home/airflow/.local/lib/python3.12/site-packages/airflow/example_dags/tutorial_taskflow_api.py took 0.101 seconds
[2025-10-02T23:04:11.329+0000] {processor.py:161} INFO - Started process (PID=1349) to work on /home/airflow/.local/lib/python3.12/site-packages/airflow/example_dags/tutorial_taskflow_api.py
[2025-10-02T23:04:11.331+0000] {processor.py:830} INFO - Processing file /home/airflow/.local/lib/python3.12/site-packages/airflow/example_dags/tutorial_taskflow_api.py for tasks to queue
[2025-10-02T23:04:11.334+0000] {logging_mixin.py:188} INFO - [2025-10-02T23:04:11.334+0000] {dagbag.py:545} INFO - Filling up the DagBag from /home/airflow/.local/lib/python3.12/site-packages/airflow/example_dags/tutorial_taskflow_api.py
[2025-10-02T23:04:11.346+0000] {processor.py:840} INFO - DAG(s) 'tutorial_taskflow_api' retrieved from /home/airflow/.local/lib/python3.12/site-packages/airflow/example_dags/tutorial_taskflow_api.py
[2025-10-02T23:04:11.380+0000] {logging_mixin.py:188} INFO - [2025-10-02T23:04:11.380+0000] {dag.py:3096} INFO - Sync 1 DAGs
[2025-10-02T23:04:11.403+0000] {logging_mixin.py:188} INFO - [2025-10-02T23:04:11.402+0000] {dag.py:3954} INFO - Setting next_dagrun for tutorial_taskflow_api to None, run_after=None
[2025-10-02T23:04:11.434+0000] {processor.py:183} INFO - Processing /home/airflow/.local/lib/python3.12/site-packages/airflow/example_dags/tutorial_taskflow_api.py took 0.114 seconds
[2025-10-02T23:04:41.737+0000] {processor.py:161} INFO - Started process (PID=1402) to work on /home/airflow/.local/lib/python3.12/site-packages/airflow/example_dags/tutorial_taskflow_api.py
[2025-10-02T23:04:41.739+0000] {processor.py:830} INFO - Processing file /home/airflow/.local/lib/python3.12/site-packages/airflow/example_dags/tutorial_taskflow_api.py for tasks to queue
[2025-10-02T23:04:41.742+0000] {logging_mixin.py:188} INFO - [2025-10-02T23:04:41.742+0000] {dagbag.py:545} INFO - Filling up the DagBag from /home/airflow/.local/lib/python3.12/site-packages/airflow/example_dags/tutorial_taskflow_api.py
[2025-10-02T23:04:41.753+0000] {processor.py:840} INFO - DAG(s) 'tutorial_taskflow_api' retrieved from /home/airflow/.local/lib/python3.12/site-packages/airflow/example_dags/tutorial_taskflow_api.py
[2025-10-02T23:04:41.791+0000] {logging_mixin.py:188} INFO - [2025-10-02T23:04:41.791+0000] {dag.py:3096} INFO - Sync 1 DAGs
[2025-10-02T23:04:41.812+0000] {logging_mixin.py:188} INFO - [2025-10-02T23:04:41.812+0000] {dag.py:3954} INFO - Setting next_dagrun for tutorial_taskflow_api to None, run_after=None
[2025-10-02T23:04:41.848+0000] {processor.py:183} INFO - Processing /home/airflow/.local/lib/python3.12/site-packages/airflow/example_dags/tutorial_taskflow_api.py took 0.123 seconds
[2025-10-02T23:05:12.058+0000] {processor.py:161} INFO - Started process (PID=1455) to work on /home/airflow/.local/lib/python3.12/site-packages/airflow/example_dags/tutorial_taskflow_api.py
[2025-10-02T23:05:12.059+0000] {processor.py:830} INFO - Processing file /home/airflow/.local/lib/python3.12/site-packages/airflow/example_dags/tutorial_taskflow_api.py for tasks to queue
[2025-10-02T23:05:12.062+0000] {logging_mixin.py:188} INFO - [2025-10-02T23:05:12.061+0000] {dagbag.py:545} INFO - Filling up the DagBag from /home/airflow/.local/lib/python3.12/site-packages/airflow/example_dags/tutorial_taskflow_api.py
[2025-10-02T23:05:12.071+0000] {processor.py:840} INFO - DAG(s) 'tutorial_taskflow_api' retrieved from /home/airflow/.local/lib/python3.12/site-packages/airflow/example_dags/tutorial_taskflow_api.py
[2025-10-02T23:05:12.100+0000] {logging_mixin.py:188} INFO - [2025-10-02T23:05:12.100+0000] {dag.py:3096} INFO - Sync 1 DAGs
[2025-10-02T23:05:12.122+0000] {logging_mixin.py:188} INFO - [2025-10-02T23:05:12.122+0000] {dag.py:3954} INFO - Setting next_dagrun for tutorial_taskflow_api to None, run_after=None
[2025-10-02T23:05:12.152+0000] {processor.py:183} INFO - Processing /home/airflow/.local/lib/python3.12/site-packages/airflow/example_dags/tutorial_taskflow_api.py took 0.103 seconds
[2025-10-02T23:05:43.027+0000] {processor.py:161} INFO - Started process (PID=1508) to work on /home/airflow/.local/lib/python3.12/site-packages/airflow/example_dags/tutorial_taskflow_api.py
[2025-10-02T23:05:43.028+0000] {processor.py:830} INFO - Processing file /home/airflow/.local/lib/python3.12/site-packages/airflow/example_dags/tutorial_taskflow_api.py for tasks to queue
[2025-10-02T23:05:43.031+0000] {logging_mixin.py:188} INFO - [2025-10-02T23:05:43.031+0000] {dagbag.py:545} INFO - Filling up the DagBag from /home/airflow/.local/lib/python3.12/site-packages/airflow/example_dags/tutorial_taskflow_api.py
[2025-10-02T23:05:43.040+0000] {processor.py:840} INFO - DAG(s) 'tutorial_taskflow_api' retrieved from /home/airflow/.local/lib/python3.12/site-packages/airflow/example_dags/tutorial_taskflow_api.py
[2025-10-02T23:05:43.068+0000] {logging_mixin.py:188} INFO - [2025-10-02T23:05:43.068+0000] {dag.py:3096} INFO - Sync 1 DAGs
[2025-10-02T23:05:43.085+0000] {logging_mixin.py:188} INFO - [2025-10-02T23:05:43.085+0000] {dag.py:3954} INFO - Setting next_dagrun for tutorial_taskflow_api to None, run_after=None
[2025-10-02T23:05:43.110+0000] {processor.py:183} INFO - Processing /home/airflow/.local/lib/python3.12/site-packages/airflow/example_dags/tutorial_taskflow_api.py took 0.092 seconds
[2025-10-02T23:06:13.407+0000] {processor.py:161} INFO - Started process (PID=1561) to work on /home/airflow/.local/lib/python3.12/site-packages/airflow/example_dags/tutorial_taskflow_api.py
[2025-10-02T23:06:13.409+0000] {processor.py:830} INFO - Processing file /home/airflow/.local/lib/python3.12/site-packages/airflow/example_dags/tutorial_taskflow_api.py for tasks to queue
[2025-10-02T23:06:13.412+0000] {logging_mixin.py:188} INFO - [2025-10-02T23:06:13.411+0000] {dagbag.py:545} INFO - Filling up the DagBag from /home/airflow/.local/lib/python3.12/site-packages/airflow/example_dags/tutorial_taskflow_api.py
[2025-10-02T23:06:13.423+0000] {processor.py:840} INFO - DAG(s) 'tutorial_taskflow_api' retrieved from /home/airflow/.local/lib/python3.12/site-packages/airflow/example_dags/tutorial_taskflow_api.py
[2025-10-02T23:06:13.453+0000] {logging_mixin.py:188} INFO - [2025-10-02T23:06:13.452+0000] {dag.py:3096} INFO - Sync 1 DAGs
[2025-10-02T23:06:13.472+0000] {logging_mixin.py:188} INFO - [2025-10-02T23:06:13.471+0000] {dag.py:3954} INFO - Setting next_dagrun for tutorial_taskflow_api to None, run_after=None
[2025-10-02T23:06:13.496+0000] {processor.py:183} INFO - Processing /home/airflow/.local/lib/python3.12/site-packages/airflow/example_dags/tutorial_taskflow_api.py took 0.098 seconds
[2025-10-02T23:06:43.566+0000] {processor.py:161} INFO - Started process (PID=1614) to work on /home/airflow/.local/lib/python3.12/site-packages/airflow/example_dags/tutorial_taskflow_api.py
[2025-10-02T23:06:43.568+0000] {processor.py:830} INFO - Processing file /home/airflow/.local/lib/python3.12/site-packages/airflow/example_dags/tutorial_taskflow_api.py for tasks to queue
[2025-10-02T23:06:43.571+0000] {logging_mixin.py:188} INFO - [2025-10-02T23:06:43.570+0000] {dagbag.py:545} INFO - Filling up the DagBag from /home/airflow/.local/lib/python3.12/site-packages/airflow/example_dags/tutorial_taskflow_api.py
[2025-10-02T23:06:43.581+0000] {processor.py:840} INFO - DAG(s) 'tutorial_taskflow_api' retrieved from /home/airflow/.local/lib/python3.12/site-packages/airflow/example_dags/tutorial_taskflow_api.py
[2025-10-02T23:06:43.612+0000] {logging_mixin.py:188} INFO - [2025-10-02T23:06:43.612+0000] {dag.py:3096} INFO - Sync 1 DAGs
[2025-10-02T23:06:43.630+0000] {logging_mixin.py:188} INFO - [2025-10-02T23:06:43.630+0000] {dag.py:3954} INFO - Setting next_dagrun for tutorial_taskflow_api to None, run_after=None
[2025-10-02T23:06:43.657+0000] {processor.py:183} INFO - Processing /home/airflow/.local/lib/python3.12/site-packages/airflow/example_dags/tutorial_taskflow_api.py took 0.101 seconds
[2025-10-02T23:07:15.825+0000] {processor.py:161} INFO - Started process (PID=1667) to work on /home/airflow/.local/lib/python3.12/site-packages/airflow/example_dags/tutorial_taskflow_api.py
[2025-10-02T23:07:15.827+0000] {processor.py:830} INFO - Processing file /home/airflow/.local/lib/python3.12/site-packages/airflow/example_dags/tutorial_taskflow_api.py for tasks to queue
[2025-10-02T23:07:15.830+0000] {logging_mixin.py:188} INFO - [2025-10-02T23:07:15.829+0000] {dagbag.py:545} INFO - Filling up the DagBag from /home/airflow/.local/lib/python3.12/site-packages/airflow/example_dags/tutorial_taskflow_api.py
[2025-10-02T23:07:15.840+0000] {processor.py:840} INFO - DAG(s) 'tutorial_taskflow_api' retrieved from /home/airflow/.local/lib/python3.12/site-packages/airflow/example_dags/tutorial_taskflow_api.py
[2025-10-02T23:07:15.874+0000] {logging_mixin.py:188} INFO - [2025-10-02T23:07:15.874+0000] {dag.py:3096} INFO - Sync 1 DAGs
[2025-10-02T23:07:15.894+0000] {logging_mixin.py:188} INFO - [2025-10-02T23:07:15.894+0000] {dag.py:3954} INFO - Setting next_dagrun for tutorial_taskflow_api to None, run_after=None
[2025-10-02T23:07:16.123+0000] {processor.py:183} INFO - Processing /home/airflow/.local/lib/python3.12/site-packages/airflow/example_dags/tutorial_taskflow_api.py took 0.308 seconds
[2025-10-02T23:07:46.236+0000] {processor.py:161} INFO - Started process (PID=1720) to work on /home/airflow/.local/lib/python3.12/site-packages/airflow/example_dags/tutorial_taskflow_api.py
[2025-10-02T23:07:46.238+0000] {processor.py:830} INFO - Processing file /home/airflow/.local/lib/python3.12/site-packages/airflow/example_dags/tutorial_taskflow_api.py for tasks to queue
[2025-10-02T23:07:46.241+0000] {logging_mixin.py:188} INFO - [2025-10-02T23:07:46.240+0000] {dagbag.py:545} INFO - Filling up the DagBag from /home/airflow/.local/lib/python3.12/site-packages/airflow/example_dags/tutorial_taskflow_api.py
[2025-10-02T23:07:46.250+0000] {processor.py:840} INFO - DAG(s) 'tutorial_taskflow_api' retrieved from /home/airflow/.local/lib/python3.12/site-packages/airflow/example_dags/tutorial_taskflow_api.py
[2025-10-02T23:07:46.276+0000] {logging_mixin.py:188} INFO - [2025-10-02T23:07:46.276+0000] {dag.py:3096} INFO - Sync 1 DAGs
[2025-10-02T23:07:46.294+0000] {logging_mixin.py:188} INFO - [2025-10-02T23:07:46.294+0000] {dag.py:3954} INFO - Setting next_dagrun for tutorial_taskflow_api to None, run_after=None
[2025-10-02T23:07:46.332+0000] {processor.py:183} INFO - Processing /home/airflow/.local/lib/python3.12/site-packages/airflow/example_dags/tutorial_taskflow_api.py took 0.104 seconds
[2025-10-02T23:08:16.443+0000] {processor.py:161} INFO - Started process (PID=1773) to work on /home/airflow/.local/lib/python3.12/site-packages/airflow/example_dags/tutorial_taskflow_api.py
[2025-10-02T23:08:16.445+0000] {processor.py:830} INFO - Processing file /home/airflow/.local/lib/python3.12/site-packages/airflow/example_dags/tutorial_taskflow_api.py for tasks to queue
[2025-10-02T23:08:16.449+0000] {logging_mixin.py:188} INFO - [2025-10-02T23:08:16.449+0000] {dagbag.py:545} INFO - Filling up the DagBag from /home/airflow/.local/lib/python3.12/site-packages/airflow/example_dags/tutorial_taskflow_api.py
[2025-10-02T23:08:16.461+0000] {processor.py:840} INFO - DAG(s) 'tutorial_taskflow_api' retrieved from /home/airflow/.local/lib/python3.12/site-packages/airflow/example_dags/tutorial_taskflow_api.py
[2025-10-02T23:08:16.492+0000] {logging_mixin.py:188} INFO - [2025-10-02T23:08:16.492+0000] {dag.py:3096} INFO - Sync 1 DAGs
[2025-10-02T23:08:16.510+0000] {logging_mixin.py:188} INFO - [2025-10-02T23:08:16.510+0000] {dag.py:3954} INFO - Setting next_dagrun for tutorial_taskflow_api to None, run_after=None
[2025-10-02T23:08:16.537+0000] {processor.py:183} INFO - Processing /home/airflow/.local/lib/python3.12/site-packages/airflow/example_dags/tutorial_taskflow_api.py took 0.105 seconds
[2025-10-02T23:08:47.483+0000] {processor.py:161} INFO - Started process (PID=1826) to work on /home/airflow/.local/lib/python3.12/site-packages/airflow/example_dags/tutorial_taskflow_api.py
[2025-10-02T23:08:47.485+0000] {processor.py:830} INFO - Processing file /home/airflow/.local/lib/python3.12/site-packages/airflow/example_dags/tutorial_taskflow_api.py for tasks to queue
[2025-10-02T23:08:47.488+0000] {logging_mixin.py:188} INFO - [2025-10-02T23:08:47.487+0000] {dagbag.py:545} INFO - Filling up the DagBag from /home/airflow/.local/lib/python3.12/site-packages/airflow/example_dags/tutorial_taskflow_api.py
[2025-10-02T23:08:47.502+0000] {processor.py:840} INFO - DAG(s) 'tutorial_taskflow_api' retrieved from /home/airflow/.local/lib/python3.12/site-packages/airflow/example_dags/tutorial_taskflow_api.py
[2025-10-02T23:08:47.533+0000] {logging_mixin.py:188} INFO - [2025-10-02T23:08:47.533+0000] {dag.py:3096} INFO - Sync 1 DAGs
[2025-10-02T23:08:47.552+0000] {logging_mixin.py:188} INFO - [2025-10-02T23:08:47.552+0000] {dag.py:3954} INFO - Setting next_dagrun for tutorial_taskflow_api to None, run_after=None
[2025-10-02T23:08:47.582+0000] {processor.py:183} INFO - Processing /home/airflow/.local/lib/python3.12/site-packages/airflow/example_dags/tutorial_taskflow_api.py took 0.109 seconds
[2025-10-02T23:09:18.120+0000] {processor.py:161} INFO - Started process (PID=1879) to work on /home/airflow/.local/lib/python3.12/site-packages/airflow/example_dags/tutorial_taskflow_api.py
[2025-10-02T23:09:18.121+0000] {processor.py:830} INFO - Processing file /home/airflow/.local/lib/python3.12/site-packages/airflow/example_dags/tutorial_taskflow_api.py for tasks to queue
[2025-10-02T23:09:18.123+0000] {logging_mixin.py:188} INFO - [2025-10-02T23:09:18.123+0000] {dagbag.py:545} INFO - Filling up the DagBag from /home/airflow/.local/lib/python3.12/site-packages/airflow/example_dags/tutorial_taskflow_api.py
[2025-10-02T23:09:18.133+0000] {processor.py:840} INFO - DAG(s) 'tutorial_taskflow_api' retrieved from /home/airflow/.local/lib/python3.12/site-packages/airflow/example_dags/tutorial_taskflow_api.py
[2025-10-02T23:09:18.164+0000] {logging_mixin.py:188} INFO - [2025-10-02T23:09:18.164+0000] {dag.py:3096} INFO - Sync 1 DAGs
[2025-10-02T23:09:18.182+0000] {logging_mixin.py:188} INFO - [2025-10-02T23:09:18.182+0000] {dag.py:3954} INFO - Setting next_dagrun for tutorial_taskflow_api to None, run_after=None
[2025-10-02T23:09:18.208+0000] {processor.py:183} INFO - Processing /home/airflow/.local/lib/python3.12/site-packages/airflow/example_dags/tutorial_taskflow_api.py took 0.096 seconds
[2025-10-02T23:09:48.642+0000] {processor.py:161} INFO - Started process (PID=1932) to work on /home/airflow/.local/lib/python3.12/site-packages/airflow/example_dags/tutorial_taskflow_api.py
[2025-10-02T23:09:48.643+0000] {processor.py:830} INFO - Processing file /home/airflow/.local/lib/python3.12/site-packages/airflow/example_dags/tutorial_taskflow_api.py for tasks to queue
[2025-10-02T23:09:48.647+0000] {logging_mixin.py:188} INFO - [2025-10-02T23:09:48.647+0000] {dagbag.py:545} INFO - Filling up the DagBag from /home/airflow/.local/lib/python3.12/site-packages/airflow/example_dags/tutorial_taskflow_api.py
[2025-10-02T23:09:48.659+0000] {processor.py:840} INFO - DAG(s) 'tutorial_taskflow_api' retrieved from /home/airflow/.local/lib/python3.12/site-packages/airflow/example_dags/tutorial_taskflow_api.py
[2025-10-02T23:09:48.689+0000] {logging_mixin.py:188} INFO - [2025-10-02T23:09:48.688+0000] {dag.py:3096} INFO - Sync 1 DAGs
[2025-10-02T23:09:48.708+0000] {logging_mixin.py:188} INFO - [2025-10-02T23:09:48.708+0000] {dag.py:3954} INFO - Setting next_dagrun for tutorial_taskflow_api to None, run_after=None
[2025-10-02T23:09:48.733+0000] {processor.py:183} INFO - Processing /home/airflow/.local/lib/python3.12/site-packages/airflow/example_dags/tutorial_taskflow_api.py took 0.101 seconds
