[2025-10-03T08:42:16.009+0000] {local_task_job_runner.py:120} INFO - ::group::Pre task execution logs
[2025-10-03T08:42:16.113+0000] {taskinstance.py:2076} INFO - Dependencies all met for dep_context=non-requeueable deps ti=<TaskInstance: Airflow_Depi.generate_random manual__2025-10-03T08:41:53.992704+00:00 [queued]>
[2025-10-03T08:42:16.140+0000] {taskinstance.py:2076} INFO - Dependencies all met for dep_context=requeueable deps ti=<TaskInstance: Airflow_Depi.generate_random manual__2025-10-03T08:41:53.992704+00:00 [queued]>
[2025-10-03T08:42:16.143+0000] {taskinstance.py:2306} INFO - Starting attempt 1 of 1
[2025-10-03T08:42:16.241+0000] {taskinstance.py:2330} INFO - Executing <Task(PythonOperator): generate_random> on 2025-10-03 08:41:53.992704+00:00
[2025-10-03T08:42:16.274+0000] {warnings.py:112} WARNING - /home/***/.local/lib/python3.12/site-packages/***/task/task_runner/standard_task_runner.py:61: DeprecationWarning: This process (pid=137) is multi-threaded, use of fork() may lead to deadlocks in the child.
  pid = os.fork()

[2025-10-03T08:42:16.278+0000] {standard_task_runner.py:63} INFO - Started process 168 to run task
[2025-10-03T08:42:16.280+0000] {standard_task_runner.py:90} INFO - Running: ['***', 'tasks', 'run', 'Airflow_Depi', 'generate_random', 'manual__2025-10-03T08:41:53.992704+00:00', '--job-id', '67', '--raw', '--subdir', 'DAGS_FOLDER/Airflow_Depi.py', '--cfg-path', '/tmp/tmpg6kpia4z']
[2025-10-03T08:42:16.304+0000] {standard_task_runner.py:91} INFO - Job 67: Subtask generate_random
[2025-10-03T08:42:16.433+0000] {warnings.py:112} WARNING - /home/***/.local/lib/python3.12/site-packages/***/settings.py:195: DeprecationWarning: The sql_alchemy_conn option in [core] has been moved to the sql_alchemy_conn option in [database] - the old setting has been used, but please update your config.
  SQL_ALCHEMY_CONN = conf.get("database", "SQL_ALCHEMY_CONN")

[2025-10-03T08:42:16.558+0000] {task_command.py:426} INFO - Running <TaskInstance: Airflow_Depi.generate_random manual__2025-10-03T08:41:53.992704+00:00 [running]> on host 75d72fd7eefe
[2025-10-03T08:42:16.877+0000] {taskinstance.py:2648} INFO - Exporting env vars: AIRFLOW_CTX_DAG_OWNER='***' AIRFLOW_CTX_DAG_ID='Airflow_Depi' AIRFLOW_CTX_TASK_ID='generate_random' AIRFLOW_CTX_EXECUTION_DATE='2025-10-03T08:41:53.992704+00:00' AIRFLOW_CTX_TRY_NUMBER='1' AIRFLOW_CTX_DAG_RUN_ID='manual__2025-10-03T08:41:53.992704+00:00'
[2025-10-03T08:42:16.884+0000] {taskinstance.py:430} INFO - ::endgroup::
[2025-10-03T08:42:16.886+0000] {logging_mixin.py:188} INFO - Random number 61 saved to /opt/***/random.txt
[2025-10-03T08:42:16.889+0000] {python.py:237} INFO - Done. Returned value was: None
[2025-10-03T08:42:16.893+0000] {taskinstance.py:441} INFO - ::group::Post task execution logs
[2025-10-03T08:42:16.920+0000] {taskinstance.py:1206} INFO - Marking task as SUCCESS. dag_id=Airflow_Depi, task_id=generate_random, run_id=manual__2025-10-03T08:41:53.992704+00:00, execution_date=20251003T084153, start_date=20251003T084216, end_date=20251003T084216
[2025-10-03T08:42:17.000+0000] {local_task_job_runner.py:240} INFO - Task exited with return code 0
[2025-10-03T08:42:17.038+0000] {taskinstance.py:3503} INFO - 0 downstream tasks scheduled from follow-on schedule check
[2025-10-03T08:42:17.053+0000] {local_task_job_runner.py:222} INFO - ::endgroup::
